# compute-mfcc-feats --write-utt2dur=ark,t:exp_FG/make_mfcc/train/utt2dur.4 --verbose=2 --config=conf/mfcc.conf scp,p:exp_FG/make_mfcc/train/wav_train.4.scp ark:- | copy-feats --write-num-frames=ark,t:exp_FG/make_mfcc/train/utt2num_frames.4 --compress=true ark:- ark,scp:/media/speech/hdd-1tb/2024_B1/Tamil_ASR_normal/mfcc/raw_mfcc_train.4.ark,/media/speech/hdd-1tb/2024_B1/Tamil_ASR_normal/mfcc/raw_mfcc_train.4.scp 
# Started at Thu Aug  3 11:07:52 IST 2023
#
compute-mfcc-feats --write-utt2dur=ark,t:exp_FG/make_mfcc/train/utt2dur.4 --verbose=2 --config=conf/mfcc.conf scp,p:exp_FG/make_mfcc/train/wav_train.4.scp ark:- 
copy-feats --write-num-frames=ark,t:exp_FG/make_mfcc/train/utt2num_frames.4 --compress=true ark:- ark,scp:/media/speech/hdd-1tb/2024_B1/Tamil_ASR_normal/mfcc/raw_mfcc_train.4.ark,/media/speech/hdd-1tb/2024_B1/Tamil_ASR_normal/mfcc/raw_mfcc_train.4.scp 
VLOG[2] (compute-mfcc-feats[5.5.1074~1-71f3]:main():compute-mfcc-feats.cc:182) Processed features for key FC04_104
VLOG[2] (compute-mfcc-feats[5.5.1074~1-71f3]:main():compute-mfcc-feats.cc:182) Processed features for key FC04_105
VLOG[2] (compute-mfcc-feats[5.5.1074~1-71f3]:main():compute-mfcc-feats.cc:182) Processed features for key FC04_106
VLOG[2] (compute-mfcc-feats[5.5.1074~1-71f3]:main():compute-mfcc-feats.cc:182) Processed features for key FC04_107
VLOG[2] (compute-mfcc-feats[5.5.1074~1-71f3]:main():compute-mfcc-feats.cc:182) Processed features for key FC04_108
VLOG[2] (compute-mfcc-feats[5.5.1074~1-71f3]:main():compute-mfcc-feats.cc:182) Processed features for key FC04_109
VLOG[2] (compute-mfcc-feats[5.5.1074~1-71f3]:main():compute-mfcc-feats.cc:182) Processed features for key FC04_11
VLOG[2] (compute-mfcc-feats[5.5.1074~1-71f3]:main():compute-mfcc-feats.cc:182) Processed features for key FC04_111
VLOG[2] (compute-mfcc-feats[5.5.1074~1-71f3]:main():compute-mfcc-feats.cc:182) Processed features for key FC04_112
LOG (compute-mfcc-feats[5.5.1074~1-71f3]:main():compute-mfcc-feats.cc:181) Processed 10 utterances
VLOG[2] (compute-mfcc-feats[5.5.1074~1-71f3]:main():compute-mfcc-feats.cc:182) Processed features for key FC04_115
VLOG[2] (compute-mfcc-feats[5.5.1074~1-71f3]:main():compute-mfcc-feats.cc:182) Processed features for key FC04_116
VLOG[2] (compute-mfcc-feats[5.5.1074~1-71f3]:main():compute-mfcc-feats.cc:182) Processed features for key FC04_117
VLOG[2] (compute-mfcc-feats[5.5.1074~1-71f3]:main():compute-mfcc-feats.cc:182) Processed features for key FC04_118
VLOG[2] (compute-mfcc-feats[5.5.1074~1-71f3]:main():compute-mfcc-feats.cc:182) Processed features for key FC04_12
VLOG[2] (compute-mfcc-feats[5.5.1074~1-71f3]:main():compute-mfcc-feats.cc:182) Processed features for key FC04_120
VLOG[2] (compute-mfcc-feats[5.5.1074~1-71f3]:main():compute-mfcc-feats.cc:182) Processed features for key FC04_122
VLOG[2] (compute-mfcc-feats[5.5.1074~1-71f3]:main():compute-mfcc-feats.cc:182) Processed features for key FC04_123
VLOG[2] (compute-mfcc-feats[5.5.1074~1-71f3]:main():compute-mfcc-feats.cc:182) Processed features for key FC04_124
VLOG[2] (compute-mfcc-feats[5.5.1074~1-71f3]:main():compute-mfcc-feats.cc:182) Processed features for key FC04_125
LOG (compute-mfcc-feats[5.5.1074~1-71f3]:main():compute-mfcc-feats.cc:181) Processed 20 utterances
VLOG[2] (compute-mfcc-feats[5.5.1074~1-71f3]:main():compute-mfcc-feats.cc:182) Processed features for key FC04_126
VLOG[2] (compute-mfcc-feats[5.5.1074~1-71f3]:main():compute-mfcc-feats.cc:182) Processed features for key FC04_127
VLOG[2] (compute-mfcc-feats[5.5.1074~1-71f3]:main():compute-mfcc-feats.cc:182) Processed features for key FC04_128
VLOG[2] (compute-mfcc-feats[5.5.1074~1-71f3]:main():compute-mfcc-feats.cc:182) Processed features for key FC04_129
VLOG[2] (compute-mfcc-feats[5.5.1074~1-71f3]:main():compute-mfcc-feats.cc:182) Processed features for key FC04_13
VLOG[2] (compute-mfcc-feats[5.5.1074~1-71f3]:main():compute-mfcc-feats.cc:182) Processed features for key FC04_130
VLOG[2] (compute-mfcc-feats[5.5.1074~1-71f3]:main():compute-mfcc-feats.cc:182) Processed features for key FC04_131
VLOG[2] (compute-mfcc-feats[5.5.1074~1-71f3]:main():compute-mfcc-feats.cc:182) Processed features for key FC04_132
VLOG[2] (compute-mfcc-feats[5.5.1074~1-71f3]:main():compute-mfcc-feats.cc:182) Processed features for key FC04_133
VLOG[2] (compute-mfcc-feats[5.5.1074~1-71f3]:main():compute-mfcc-feats.cc:182) Processed features for key FC04_135
LOG (compute-mfcc-feats[5.5.1074~1-71f3]:main():compute-mfcc-feats.cc:181) Processed 30 utterances
VLOG[2] (compute-mfcc-feats[5.5.1074~1-71f3]:main():compute-mfcc-feats.cc:182) Processed features for key FC04_136
VLOG[2] (compute-mfcc-feats[5.5.1074~1-71f3]:main():compute-mfcc-feats.cc:182) Processed features for key FC04_137
VLOG[2] (compute-mfcc-feats[5.5.1074~1-71f3]:main():compute-mfcc-feats.cc:182) Processed features for key FC04_138
VLOG[2] (compute-mfcc-feats[5.5.1074~1-71f3]:main():compute-mfcc-feats.cc:182) Processed features for key FC04_139
VLOG[2] (compute-mfcc-feats[5.5.1074~1-71f3]:main():compute-mfcc-feats.cc:182) Processed features for key FC04_14
VLOG[2] (compute-mfcc-feats[5.5.1074~1-71f3]:main():compute-mfcc-feats.cc:182) Processed features for key FC04_140
VLOG[2] (compute-mfcc-feats[5.5.1074~1-71f3]:main():compute-mfcc-feats.cc:182) Processed features for key FC04_141
VLOG[2] (compute-mfcc-feats[5.5.1074~1-71f3]:main():compute-mfcc-feats.cc:182) Processed features for key FC04_143
VLOG[2] (compute-mfcc-feats[5.5.1074~1-71f3]:main():compute-mfcc-feats.cc:182) Processed features for key FC04_144
VLOG[2] (compute-mfcc-feats[5.5.1074~1-71f3]:main():compute-mfcc-feats.cc:182) Processed features for key FC04_145
LOG (compute-mfcc-feats[5.5.1074~1-71f3]:main():compute-mfcc-feats.cc:181) Processed 40 utterances
VLOG[2] (compute-mfcc-feats[5.5.1074~1-71f3]:main():compute-mfcc-feats.cc:182) Processed features for key FC04_146
VLOG[2] (compute-mfcc-feats[5.5.1074~1-71f3]:main():compute-mfcc-feats.cc:182) Processed features for key FC04_147
VLOG[2] (compute-mfcc-feats[5.5.1074~1-71f3]:main():compute-mfcc-feats.cc:182) Processed features for key FC04_148
VLOG[2] (compute-mfcc-feats[5.5.1074~1-71f3]:main():compute-mfcc-feats.cc:182) Processed features for key FC04_149
VLOG[2] (compute-mfcc-feats[5.5.1074~1-71f3]:main():compute-mfcc-feats.cc:182) Processed features for key FC04_15
VLOG[2] (compute-mfcc-feats[5.5.1074~1-71f3]:main():compute-mfcc-feats.cc:182) Processed features for key FC04_150
VLOG[2] (compute-mfcc-feats[5.5.1074~1-71f3]:main():compute-mfcc-feats.cc:182) Processed features for key FC04_151
VLOG[2] (compute-mfcc-feats[5.5.1074~1-71f3]:main():compute-mfcc-feats.cc:182) Processed features for key FC04_152
VLOG[2] (compute-mfcc-feats[5.5.1074~1-71f3]:main():compute-mfcc-feats.cc:182) Processed features for key FC04_153
VLOG[2] (compute-mfcc-feats[5.5.1074~1-71f3]:main():compute-mfcc-feats.cc:182) Processed features for key FC04_154
LOG (compute-mfcc-feats[5.5.1074~1-71f3]:main():compute-mfcc-feats.cc:181) Processed 50 utterances
VLOG[2] (compute-mfcc-feats[5.5.1074~1-71f3]:main():compute-mfcc-feats.cc:182) Processed features for key FC04_155
VLOG[2] (compute-mfcc-feats[5.5.1074~1-71f3]:main():compute-mfcc-feats.cc:182) Processed features for key FC04_156
VLOG[2] (compute-mfcc-feats[5.5.1074~1-71f3]:main():compute-mfcc-feats.cc:182) Processed features for key FC04_157
VLOG[2] (compute-mfcc-feats[5.5.1074~1-71f3]:main():compute-mfcc-feats.cc:182) Processed features for key FC04_159
VLOG[2] (compute-mfcc-feats[5.5.1074~1-71f3]:main():compute-mfcc-feats.cc:182) Processed features for key FC04_16
VLOG[2] (compute-mfcc-feats[5.5.1074~1-71f3]:main():compute-mfcc-feats.cc:182) Processed features for key FC04_160
VLOG[2] (compute-mfcc-feats[5.5.1074~1-71f3]:main():compute-mfcc-feats.cc:182) Processed features for key FC04_161
VLOG[2] (compute-mfcc-feats[5.5.1074~1-71f3]:main():compute-mfcc-feats.cc:182) Processed features for key FC04_162
VLOG[2] (compute-mfcc-feats[5.5.1074~1-71f3]:main():compute-mfcc-feats.cc:182) Processed features for key FC04_163
VLOG[2] (compute-mfcc-feats[5.5.1074~1-71f3]:main():compute-mfcc-feats.cc:182) Processed features for key FC04_164
LOG (compute-mfcc-feats[5.5.1074~1-71f3]:main():compute-mfcc-feats.cc:181) Processed 60 utterances
VLOG[2] (compute-mfcc-feats[5.5.1074~1-71f3]:main():compute-mfcc-feats.cc:182) Processed features for key FC04_166
VLOG[2] (compute-mfcc-feats[5.5.1074~1-71f3]:main():compute-mfcc-feats.cc:182) Processed features for key FC04_167
VLOG[2] (compute-mfcc-feats[5.5.1074~1-71f3]:main():compute-mfcc-feats.cc:182) Processed features for key FC04_168
VLOG[2] (compute-mfcc-feats[5.5.1074~1-71f3]:main():compute-mfcc-feats.cc:182) Processed features for key FC04_169
VLOG[2] (compute-mfcc-feats[5.5.1074~1-71f3]:main():compute-mfcc-feats.cc:182) Processed features for key FC04_170
VLOG[2] (compute-mfcc-feats[5.5.1074~1-71f3]:main():compute-mfcc-feats.cc:182) Processed features for key FC04_171
VLOG[2] (compute-mfcc-feats[5.5.1074~1-71f3]:main():compute-mfcc-feats.cc:182) Processed features for key FC04_172
VLOG[2] (compute-mfcc-feats[5.5.1074~1-71f3]:main():compute-mfcc-feats.cc:182) Processed features for key FC04_173
VLOG[2] (compute-mfcc-feats[5.5.1074~1-71f3]:main():compute-mfcc-feats.cc:182) Processed features for key FC04_175
VLOG[2] (compute-mfcc-feats[5.5.1074~1-71f3]:main():compute-mfcc-feats.cc:182) Processed features for key FC04_177
LOG (compute-mfcc-feats[5.5.1074~1-71f3]:main():compute-mfcc-feats.cc:181) Processed 70 utterances
VLOG[2] (compute-mfcc-feats[5.5.1074~1-71f3]:main():compute-mfcc-feats.cc:182) Processed features for key FC04_178
VLOG[2] (compute-mfcc-feats[5.5.1074~1-71f3]:main():compute-mfcc-feats.cc:182) Processed features for key FC04_179
VLOG[2] (compute-mfcc-feats[5.5.1074~1-71f3]:main():compute-mfcc-feats.cc:182) Processed features for key FC04_18
VLOG[2] (compute-mfcc-feats[5.5.1074~1-71f3]:main():compute-mfcc-feats.cc:182) Processed features for key FC04_180
VLOG[2] (compute-mfcc-feats[5.5.1074~1-71f3]:main():compute-mfcc-feats.cc:182) Processed features for key FC04_181
VLOG[2] (compute-mfcc-feats[5.5.1074~1-71f3]:main():compute-mfcc-feats.cc:182) Processed features for key FC04_184
VLOG[2] (compute-mfcc-feats[5.5.1074~1-71f3]:main():compute-mfcc-feats.cc:182) Processed features for key FC04_187
VLOG[2] (compute-mfcc-feats[5.5.1074~1-71f3]:main():compute-mfcc-feats.cc:182) Processed features for key FC04_188
VLOG[2] (compute-mfcc-feats[5.5.1074~1-71f3]:main():compute-mfcc-feats.cc:182) Processed features for key FC04_189
VLOG[2] (compute-mfcc-feats[5.5.1074~1-71f3]:main():compute-mfcc-feats.cc:182) Processed features for key FC04_19
LOG (compute-mfcc-feats[5.5.1074~1-71f3]:main():compute-mfcc-feats.cc:181) Processed 80 utterances
VLOG[2] (compute-mfcc-feats[5.5.1074~1-71f3]:main():compute-mfcc-feats.cc:182) Processed features for key FC04_191
VLOG[2] (compute-mfcc-feats[5.5.1074~1-71f3]:main():compute-mfcc-feats.cc:182) Processed features for key FC04_193
VLOG[2] (compute-mfcc-feats[5.5.1074~1-71f3]:main():compute-mfcc-feats.cc:182) Processed features for key FC04_194
VLOG[2] (compute-mfcc-feats[5.5.1074~1-71f3]:main():compute-mfcc-feats.cc:182) Processed features for key FC04_196
VLOG[2] (compute-mfcc-feats[5.5.1074~1-71f3]:main():compute-mfcc-feats.cc:182) Processed features for key FC04_198
VLOG[2] (compute-mfcc-feats[5.5.1074~1-71f3]:main():compute-mfcc-feats.cc:182) Processed features for key FC04_199
VLOG[2] (compute-mfcc-feats[5.5.1074~1-71f3]:main():compute-mfcc-feats.cc:182) Processed features for key FC04_2
VLOG[2] (compute-mfcc-feats[5.5.1074~1-71f3]:main():compute-mfcc-feats.cc:182) Processed features for key FC04_20
VLOG[2] (compute-mfcc-feats[5.5.1074~1-71f3]:main():compute-mfcc-feats.cc:182) Processed features for key FC04_201
VLOG[2] (compute-mfcc-feats[5.5.1074~1-71f3]:main():compute-mfcc-feats.cc:182) Processed features for key FC04_202
LOG (compute-mfcc-feats[5.5.1074~1-71f3]:main():compute-mfcc-feats.cc:181) Processed 90 utterances
VLOG[2] (compute-mfcc-feats[5.5.1074~1-71f3]:main():compute-mfcc-feats.cc:182) Processed features for key FC04_203
VLOG[2] (compute-mfcc-feats[5.5.1074~1-71f3]:main():compute-mfcc-feats.cc:182) Processed features for key FC04_204
VLOG[2] (compute-mfcc-feats[5.5.1074~1-71f3]:main():compute-mfcc-feats.cc:182) Processed features for key FC04_206
VLOG[2] (compute-mfcc-feats[5.5.1074~1-71f3]:main():compute-mfcc-feats.cc:182) Processed features for key FC04_207
VLOG[2] (compute-mfcc-feats[5.5.1074~1-71f3]:main():compute-mfcc-feats.cc:182) Processed features for key FC04_209
VLOG[2] (compute-mfcc-feats[5.5.1074~1-71f3]:main():compute-mfcc-feats.cc:182) Processed features for key FC04_21
VLOG[2] (compute-mfcc-feats[5.5.1074~1-71f3]:main():compute-mfcc-feats.cc:182) Processed features for key FC04_210
VLOG[2] (compute-mfcc-feats[5.5.1074~1-71f3]:main():compute-mfcc-feats.cc:182) Processed features for key FC04_211
VLOG[2] (compute-mfcc-feats[5.5.1074~1-71f3]:main():compute-mfcc-feats.cc:182) Processed features for key FC04_212
VLOG[2] (compute-mfcc-feats[5.5.1074~1-71f3]:main():compute-mfcc-feats.cc:182) Processed features for key FC04_213
LOG (compute-mfcc-feats[5.5.1074~1-71f3]:main():compute-mfcc-feats.cc:181) Processed 100 utterances
VLOG[2] (compute-mfcc-feats[5.5.1074~1-71f3]:main():compute-mfcc-feats.cc:182) Processed features for key FC04_214
VLOG[2] (compute-mfcc-feats[5.5.1074~1-71f3]:main():compute-mfcc-feats.cc:182) Processed features for key FC04_216
VLOG[2] (compute-mfcc-feats[5.5.1074~1-71f3]:main():compute-mfcc-feats.cc:182) Processed features for key FC04_218
VLOG[2] (compute-mfcc-feats[5.5.1074~1-71f3]:main():compute-mfcc-feats.cc:182) Processed features for key FC04_22
VLOG[2] (compute-mfcc-feats[5.5.1074~1-71f3]:main():compute-mfcc-feats.cc:182) Processed features for key FC04_220
VLOG[2] (compute-mfcc-feats[5.5.1074~1-71f3]:main():compute-mfcc-feats.cc:182) Processed features for key FC04_221
VLOG[2] (compute-mfcc-feats[5.5.1074~1-71f3]:main():compute-mfcc-feats.cc:182) Processed features for key FC04_223
VLOG[2] (compute-mfcc-feats[5.5.1074~1-71f3]:main():compute-mfcc-feats.cc:182) Processed features for key FC04_224
VLOG[2] (compute-mfcc-feats[5.5.1074~1-71f3]:main():compute-mfcc-feats.cc:182) Processed features for key FC04_225
VLOG[2] (compute-mfcc-feats[5.5.1074~1-71f3]:main():compute-mfcc-feats.cc:182) Processed features for key FC04_226
LOG (compute-mfcc-feats[5.5.1074~1-71f3]:main():compute-mfcc-feats.cc:181) Processed 110 utterances
VLOG[2] (compute-mfcc-feats[5.5.1074~1-71f3]:main():compute-mfcc-feats.cc:182) Processed features for key FC04_227
VLOG[2] (compute-mfcc-feats[5.5.1074~1-71f3]:main():compute-mfcc-feats.cc:182) Processed features for key FC04_228
VLOG[2] (compute-mfcc-feats[5.5.1074~1-71f3]:main():compute-mfcc-feats.cc:182) Processed features for key FC04_229
VLOG[2] (compute-mfcc-feats[5.5.1074~1-71f3]:main():compute-mfcc-feats.cc:182) Processed features for key FC04_23
VLOG[2] (compute-mfcc-feats[5.5.1074~1-71f3]:main():compute-mfcc-feats.cc:182) Processed features for key FC04_230
VLOG[2] (compute-mfcc-feats[5.5.1074~1-71f3]:main():compute-mfcc-feats.cc:182) Processed features for key FC04_231
VLOG[2] (compute-mfcc-feats[5.5.1074~1-71f3]:main():compute-mfcc-feats.cc:182) Processed features for key FC04_232
VLOG[2] (compute-mfcc-feats[5.5.1074~1-71f3]:main():compute-mfcc-feats.cc:182) Processed features for key FC04_233
VLOG[2] (compute-mfcc-feats[5.5.1074~1-71f3]:main():compute-mfcc-feats.cc:182) Processed features for key FC04_235
VLOG[2] (compute-mfcc-feats[5.5.1074~1-71f3]:main():compute-mfcc-feats.cc:182) Processed features for key FC04_236
LOG (compute-mfcc-feats[5.5.1074~1-71f3]:main():compute-mfcc-feats.cc:181) Processed 120 utterances
VLOG[2] (compute-mfcc-feats[5.5.1074~1-71f3]:main():compute-mfcc-feats.cc:182) Processed features for key FC04_237
VLOG[2] (compute-mfcc-feats[5.5.1074~1-71f3]:main():compute-mfcc-feats.cc:182) Processed features for key FC04_239
VLOG[2] (compute-mfcc-feats[5.5.1074~1-71f3]:main():compute-mfcc-feats.cc:182) Processed features for key FC04_24
VLOG[2] (compute-mfcc-feats[5.5.1074~1-71f3]:main():compute-mfcc-feats.cc:182) Processed features for key FC04_241
VLOG[2] (compute-mfcc-feats[5.5.1074~1-71f3]:main():compute-mfcc-feats.cc:182) Processed features for key FC04_242
VLOG[2] (compute-mfcc-feats[5.5.1074~1-71f3]:main():compute-mfcc-feats.cc:182) Processed features for key FC04_243
VLOG[2] (compute-mfcc-feats[5.5.1074~1-71f3]:main():compute-mfcc-feats.cc:182) Processed features for key FC04_244
VLOG[2] (compute-mfcc-feats[5.5.1074~1-71f3]:main():compute-mfcc-feats.cc:182) Processed features for key FC04_245
VLOG[2] (compute-mfcc-feats[5.5.1074~1-71f3]:main():compute-mfcc-feats.cc:182) Processed features for key FC04_246
VLOG[2] (compute-mfcc-feats[5.5.1074~1-71f3]:main():compute-mfcc-feats.cc:182) Processed features for key FC04_247
LOG (compute-mfcc-feats[5.5.1074~1-71f3]:main():compute-mfcc-feats.cc:181) Processed 130 utterances
VLOG[2] (compute-mfcc-feats[5.5.1074~1-71f3]:main():compute-mfcc-feats.cc:182) Processed features for key FC04_248
VLOG[2] (compute-mfcc-feats[5.5.1074~1-71f3]:main():compute-mfcc-feats.cc:182) Processed features for key FC04_25
VLOG[2] (compute-mfcc-feats[5.5.1074~1-71f3]:main():compute-mfcc-feats.cc:182) Processed features for key FC04_250
VLOG[2] (compute-mfcc-feats[5.5.1074~1-71f3]:main():compute-mfcc-feats.cc:182) Processed features for key FC04_251
VLOG[2] (compute-mfcc-feats[5.5.1074~1-71f3]:main():compute-mfcc-feats.cc:182) Processed features for key FC04_252
VLOG[2] (compute-mfcc-feats[5.5.1074~1-71f3]:main():compute-mfcc-feats.cc:182) Processed features for key FC04_253
VLOG[2] (compute-mfcc-feats[5.5.1074~1-71f3]:main():compute-mfcc-feats.cc:182) Processed features for key FC04_254
VLOG[2] (compute-mfcc-feats[5.5.1074~1-71f3]:main():compute-mfcc-feats.cc:182) Processed features for key FC04_255
VLOG[2] (compute-mfcc-feats[5.5.1074~1-71f3]:main():compute-mfcc-feats.cc:182) Processed features for key FC04_256
VLOG[2] (compute-mfcc-feats[5.5.1074~1-71f3]:main():compute-mfcc-feats.cc:182) Processed features for key FC04_257
LOG (compute-mfcc-feats[5.5.1074~1-71f3]:main():compute-mfcc-feats.cc:181) Processed 140 utterances
VLOG[2] (compute-mfcc-feats[5.5.1074~1-71f3]:main():compute-mfcc-feats.cc:182) Processed features for key FC04_258
VLOG[2] (compute-mfcc-feats[5.5.1074~1-71f3]:main():compute-mfcc-feats.cc:182) Processed features for key FC04_259
VLOG[2] (compute-mfcc-feats[5.5.1074~1-71f3]:main():compute-mfcc-feats.cc:182) Processed features for key FC04_260
VLOG[2] (compute-mfcc-feats[5.5.1074~1-71f3]:main():compute-mfcc-feats.cc:182) Processed features for key FC04_261
VLOG[2] (compute-mfcc-feats[5.5.1074~1-71f3]:main():compute-mfcc-feats.cc:182) Processed features for key FC04_263
VLOG[2] (compute-mfcc-feats[5.5.1074~1-71f3]:main():compute-mfcc-feats.cc:182) Processed features for key FC04_264
VLOG[2] (compute-mfcc-feats[5.5.1074~1-71f3]:main():compute-mfcc-feats.cc:182) Processed features for key FC04_266
VLOG[2] (compute-mfcc-feats[5.5.1074~1-71f3]:main():compute-mfcc-feats.cc:182) Processed features for key FC04_267
VLOG[2] (compute-mfcc-feats[5.5.1074~1-71f3]:main():compute-mfcc-feats.cc:182) Processed features for key FC04_269
VLOG[2] (compute-mfcc-feats[5.5.1074~1-71f3]:main():compute-mfcc-feats.cc:182) Processed features for key FC04_27
LOG (compute-mfcc-feats[5.5.1074~1-71f3]:main():compute-mfcc-feats.cc:181) Processed 150 utterances
VLOG[2] (compute-mfcc-feats[5.5.1074~1-71f3]:main():compute-mfcc-feats.cc:182) Processed features for key FC04_270
VLOG[2] (compute-mfcc-feats[5.5.1074~1-71f3]:main():compute-mfcc-feats.cc:182) Processed features for key FC04_271
VLOG[2] (compute-mfcc-feats[5.5.1074~1-71f3]:main():compute-mfcc-feats.cc:182) Processed features for key FC04_272
VLOG[2] (compute-mfcc-feats[5.5.1074~1-71f3]:main():compute-mfcc-feats.cc:182) Processed features for key FC04_273
VLOG[2] (compute-mfcc-feats[5.5.1074~1-71f3]:main():compute-mfcc-feats.cc:182) Processed features for key FC04_274
VLOG[2] (compute-mfcc-feats[5.5.1074~1-71f3]:main():compute-mfcc-feats.cc:182) Processed features for key FC04_275
VLOG[2] (compute-mfcc-feats[5.5.1074~1-71f3]:main():compute-mfcc-feats.cc:182) Processed features for key FC04_276
VLOG[2] (compute-mfcc-feats[5.5.1074~1-71f3]:main():compute-mfcc-feats.cc:182) Processed features for key FC04_277
VLOG[2] (compute-mfcc-feats[5.5.1074~1-71f3]:main():compute-mfcc-feats.cc:182) Processed features for key FC04_278
VLOG[2] (compute-mfcc-feats[5.5.1074~1-71f3]:main():compute-mfcc-feats.cc:182) Processed features for key FC04_279
LOG (compute-mfcc-feats[5.5.1074~1-71f3]:main():compute-mfcc-feats.cc:181) Processed 160 utterances
VLOG[2] (compute-mfcc-feats[5.5.1074~1-71f3]:main():compute-mfcc-feats.cc:182) Processed features for key FC04_28
VLOG[2] (compute-mfcc-feats[5.5.1074~1-71f3]:main():compute-mfcc-feats.cc:182) Processed features for key FC04_281
VLOG[2] (compute-mfcc-feats[5.5.1074~1-71f3]:main():compute-mfcc-feats.cc:182) Processed features for key FC04_282
VLOG[2] (compute-mfcc-feats[5.5.1074~1-71f3]:main():compute-mfcc-feats.cc:182) Processed features for key FC04_283
VLOG[2] (compute-mfcc-feats[5.5.1074~1-71f3]:main():compute-mfcc-feats.cc:182) Processed features for key FC04_284
VLOG[2] (compute-mfcc-feats[5.5.1074~1-71f3]:main():compute-mfcc-feats.cc:182) Processed features for key FC04_285
VLOG[2] (compute-mfcc-feats[5.5.1074~1-71f3]:main():compute-mfcc-feats.cc:182) Processed features for key FC04_286
VLOG[2] (compute-mfcc-feats[5.5.1074~1-71f3]:main():compute-mfcc-feats.cc:182) Processed features for key FC04_287
VLOG[2] (compute-mfcc-feats[5.5.1074~1-71f3]:main():compute-mfcc-feats.cc:182) Processed features for key FC04_289
VLOG[2] (compute-mfcc-feats[5.5.1074~1-71f3]:main():compute-mfcc-feats.cc:182) Processed features for key FC04_29
LOG (compute-mfcc-feats[5.5.1074~1-71f3]:main():compute-mfcc-feats.cc:181) Processed 170 utterances
VLOG[2] (compute-mfcc-feats[5.5.1074~1-71f3]:main():compute-mfcc-feats.cc:182) Processed features for key FC04_290
VLOG[2] (compute-mfcc-feats[5.5.1074~1-71f3]:main():compute-mfcc-feats.cc:182) Processed features for key FC04_291
VLOG[2] (compute-mfcc-feats[5.5.1074~1-71f3]:main():compute-mfcc-feats.cc:182) Processed features for key FC04_292
VLOG[2] (compute-mfcc-feats[5.5.1074~1-71f3]:main():compute-mfcc-feats.cc:182) Processed features for key FC04_293
VLOG[2] (compute-mfcc-feats[5.5.1074~1-71f3]:main():compute-mfcc-feats.cc:182) Processed features for key FC04_295
VLOG[2] (compute-mfcc-feats[5.5.1074~1-71f3]:main():compute-mfcc-feats.cc:182) Processed features for key FC04_298
VLOG[2] (compute-mfcc-feats[5.5.1074~1-71f3]:main():compute-mfcc-feats.cc:182) Processed features for key FC04_3
VLOG[2] (compute-mfcc-feats[5.5.1074~1-71f3]:main():compute-mfcc-feats.cc:182) Processed features for key FC04_30
VLOG[2] (compute-mfcc-feats[5.5.1074~1-71f3]:main():compute-mfcc-feats.cc:182) Processed features for key FC04_300
VLOG[2] (compute-mfcc-feats[5.5.1074~1-71f3]:main():compute-mfcc-feats.cc:182) Processed features for key FC04_301
LOG (compute-mfcc-feats[5.5.1074~1-71f3]:main():compute-mfcc-feats.cc:181) Processed 180 utterances
VLOG[2] (compute-mfcc-feats[5.5.1074~1-71f3]:main():compute-mfcc-feats.cc:182) Processed features for key FC04_303
VLOG[2] (compute-mfcc-feats[5.5.1074~1-71f3]:main():compute-mfcc-feats.cc:182) Processed features for key FC04_304
VLOG[2] (compute-mfcc-feats[5.5.1074~1-71f3]:main():compute-mfcc-feats.cc:182) Processed features for key FC04_305
VLOG[2] (compute-mfcc-feats[5.5.1074~1-71f3]:main():compute-mfcc-feats.cc:182) Processed features for key FC04_306
VLOG[2] (compute-mfcc-feats[5.5.1074~1-71f3]:main():compute-mfcc-feats.cc:182) Processed features for key FC04_309
VLOG[2] (compute-mfcc-feats[5.5.1074~1-71f3]:main():compute-mfcc-feats.cc:182) Processed features for key FC04_31
VLOG[2] (compute-mfcc-feats[5.5.1074~1-71f3]:main():compute-mfcc-feats.cc:182) Processed features for key FC04_310
VLOG[2] (compute-mfcc-feats[5.5.1074~1-71f3]:main():compute-mfcc-feats.cc:182) Processed features for key FC04_311
VLOG[2] (compute-mfcc-feats[5.5.1074~1-71f3]:main():compute-mfcc-feats.cc:182) Processed features for key FC04_312
VLOG[2] (compute-mfcc-feats[5.5.1074~1-71f3]:main():compute-mfcc-feats.cc:182) Processed features for key FC04_313
LOG (compute-mfcc-feats[5.5.1074~1-71f3]:main():compute-mfcc-feats.cc:181) Processed 190 utterances
VLOG[2] (compute-mfcc-feats[5.5.1074~1-71f3]:main():compute-mfcc-feats.cc:182) Processed features for key FC04_314
VLOG[2] (compute-mfcc-feats[5.5.1074~1-71f3]:main():compute-mfcc-feats.cc:182) Processed features for key FC04_315
VLOG[2] (compute-mfcc-feats[5.5.1074~1-71f3]:main():compute-mfcc-feats.cc:182) Processed features for key FC04_316
VLOG[2] (compute-mfcc-feats[5.5.1074~1-71f3]:main():compute-mfcc-feats.cc:182) Processed features for key FC04_317
VLOG[2] (compute-mfcc-feats[5.5.1074~1-71f3]:main():compute-mfcc-feats.cc:182) Processed features for key FC04_318
VLOG[2] (compute-mfcc-feats[5.5.1074~1-71f3]:main():compute-mfcc-feats.cc:182) Processed features for key FC04_319
VLOG[2] (compute-mfcc-feats[5.5.1074~1-71f3]:main():compute-mfcc-feats.cc:182) Processed features for key FC04_32
VLOG[2] (compute-mfcc-feats[5.5.1074~1-71f3]:main():compute-mfcc-feats.cc:182) Processed features for key FC04_321
VLOG[2] (compute-mfcc-feats[5.5.1074~1-71f3]:main():compute-mfcc-feats.cc:182) Processed features for key FC04_322
VLOG[2] (compute-mfcc-feats[5.5.1074~1-71f3]:main():compute-mfcc-feats.cc:182) Processed features for key FC04_323
LOG (compute-mfcc-feats[5.5.1074~1-71f3]:main():compute-mfcc-feats.cc:181) Processed 200 utterances
VLOG[2] (compute-mfcc-feats[5.5.1074~1-71f3]:main():compute-mfcc-feats.cc:182) Processed features for key FC04_324
VLOG[2] (compute-mfcc-feats[5.5.1074~1-71f3]:main():compute-mfcc-feats.cc:182) Processed features for key FC04_325
VLOG[2] (compute-mfcc-feats[5.5.1074~1-71f3]:main():compute-mfcc-feats.cc:182) Processed features for key FC04_326
VLOG[2] (compute-mfcc-feats[5.5.1074~1-71f3]:main():compute-mfcc-feats.cc:182) Processed features for key FC04_327
VLOG[2] (compute-mfcc-feats[5.5.1074~1-71f3]:main():compute-mfcc-feats.cc:182) Processed features for key FC04_329
VLOG[2] (compute-mfcc-feats[5.5.1074~1-71f3]:main():compute-mfcc-feats.cc:182) Processed features for key FC04_33
VLOG[2] (compute-mfcc-feats[5.5.1074~1-71f3]:main():compute-mfcc-feats.cc:182) Processed features for key FC04_331
VLOG[2] (compute-mfcc-feats[5.5.1074~1-71f3]:main():compute-mfcc-feats.cc:182) Processed features for key FC04_333
VLOG[2] (compute-mfcc-feats[5.5.1074~1-71f3]:main():compute-mfcc-feats.cc:182) Processed features for key FC04_334
VLOG[2] (compute-mfcc-feats[5.5.1074~1-71f3]:main():compute-mfcc-feats.cc:182) Processed features for key FC04_335
LOG (compute-mfcc-feats[5.5.1074~1-71f3]:main():compute-mfcc-feats.cc:181) Processed 210 utterances
VLOG[2] (compute-mfcc-feats[5.5.1074~1-71f3]:main():compute-mfcc-feats.cc:182) Processed features for key FC04_338
VLOG[2] (compute-mfcc-feats[5.5.1074~1-71f3]:main():compute-mfcc-feats.cc:182) Processed features for key FC04_339
VLOG[2] (compute-mfcc-feats[5.5.1074~1-71f3]:main():compute-mfcc-feats.cc:182) Processed features for key FC04_340
VLOG[2] (compute-mfcc-feats[5.5.1074~1-71f3]:main():compute-mfcc-feats.cc:182) Processed features for key FC04_342
VLOG[2] (compute-mfcc-feats[5.5.1074~1-71f3]:main():compute-mfcc-feats.cc:182) Processed features for key FC04_343
VLOG[2] (compute-mfcc-feats[5.5.1074~1-71f3]:main():compute-mfcc-feats.cc:182) Processed features for key FC04_344
VLOG[2] (compute-mfcc-feats[5.5.1074~1-71f3]:main():compute-mfcc-feats.cc:182) Processed features for key FC04_346
VLOG[2] (compute-mfcc-feats[5.5.1074~1-71f3]:main():compute-mfcc-feats.cc:182) Processed features for key FC04_349
VLOG[2] (compute-mfcc-feats[5.5.1074~1-71f3]:main():compute-mfcc-feats.cc:182) Processed features for key FC04_35
VLOG[2] (compute-mfcc-feats[5.5.1074~1-71f3]:main():compute-mfcc-feats.cc:182) Processed features for key FC04_350
LOG (compute-mfcc-feats[5.5.1074~1-71f3]:main():compute-mfcc-feats.cc:181) Processed 220 utterances
VLOG[2] (compute-mfcc-feats[5.5.1074~1-71f3]:main():compute-mfcc-feats.cc:182) Processed features for key FC04_351
VLOG[2] (compute-mfcc-feats[5.5.1074~1-71f3]:main():compute-mfcc-feats.cc:182) Processed features for key FC04_352
VLOG[2] (compute-mfcc-feats[5.5.1074~1-71f3]:main():compute-mfcc-feats.cc:182) Processed features for key FC04_353
VLOG[2] (compute-mfcc-feats[5.5.1074~1-71f3]:main():compute-mfcc-feats.cc:182) Processed features for key FC04_354
VLOG[2] (compute-mfcc-feats[5.5.1074~1-71f3]:main():compute-mfcc-feats.cc:182) Processed features for key FC04_355
VLOG[2] (compute-mfcc-feats[5.5.1074~1-71f3]:main():compute-mfcc-feats.cc:182) Processed features for key FC04_356
VLOG[2] (compute-mfcc-feats[5.5.1074~1-71f3]:main():compute-mfcc-feats.cc:182) Processed features for key FC04_357
VLOG[2] (compute-mfcc-feats[5.5.1074~1-71f3]:main():compute-mfcc-feats.cc:182) Processed features for key FC04_358
VLOG[2] (compute-mfcc-feats[5.5.1074~1-71f3]:main():compute-mfcc-feats.cc:182) Processed features for key FC04_359
VLOG[2] (compute-mfcc-feats[5.5.1074~1-71f3]:main():compute-mfcc-feats.cc:182) Processed features for key FC04_36
LOG (compute-mfcc-feats[5.5.1074~1-71f3]:main():compute-mfcc-feats.cc:181) Processed 230 utterances
VLOG[2] (compute-mfcc-feats[5.5.1074~1-71f3]:main():compute-mfcc-feats.cc:182) Processed features for key FC04_360
VLOG[2] (compute-mfcc-feats[5.5.1074~1-71f3]:main():compute-mfcc-feats.cc:182) Processed features for key FC04_361
VLOG[2] (compute-mfcc-feats[5.5.1074~1-71f3]:main():compute-mfcc-feats.cc:182) Processed features for key FC04_362
VLOG[2] (compute-mfcc-feats[5.5.1074~1-71f3]:main():compute-mfcc-feats.cc:182) Processed features for key FC04_363
VLOG[2] (compute-mfcc-feats[5.5.1074~1-71f3]:main():compute-mfcc-feats.cc:182) Processed features for key FC04_364
VLOG[2] (compute-mfcc-feats[5.5.1074~1-71f3]:main():compute-mfcc-feats.cc:182) Processed features for key FC04_37
VLOG[2] (compute-mfcc-feats[5.5.1074~1-71f3]:main():compute-mfcc-feats.cc:182) Processed features for key FC04_38
VLOG[2] (compute-mfcc-feats[5.5.1074~1-71f3]:main():compute-mfcc-feats.cc:182) Processed features for key FC04_40
VLOG[2] (compute-mfcc-feats[5.5.1074~1-71f3]:main():compute-mfcc-feats.cc:182) Processed features for key FC04_41
VLOG[2] (compute-mfcc-feats[5.5.1074~1-71f3]:main():compute-mfcc-feats.cc:182) Processed features for key FC04_42
LOG (compute-mfcc-feats[5.5.1074~1-71f3]:main():compute-mfcc-feats.cc:181) Processed 240 utterances
VLOG[2] (compute-mfcc-feats[5.5.1074~1-71f3]:main():compute-mfcc-feats.cc:182) Processed features for key FC04_43
VLOG[2] (compute-mfcc-feats[5.5.1074~1-71f3]:main():compute-mfcc-feats.cc:182) Processed features for key FC04_45
VLOG[2] (compute-mfcc-feats[5.5.1074~1-71f3]:main():compute-mfcc-feats.cc:182) Processed features for key FC04_47
VLOG[2] (compute-mfcc-feats[5.5.1074~1-71f3]:main():compute-mfcc-feats.cc:182) Processed features for key FC04_48
VLOG[2] (compute-mfcc-feats[5.5.1074~1-71f3]:main():compute-mfcc-feats.cc:182) Processed features for key FC04_49
VLOG[2] (compute-mfcc-feats[5.5.1074~1-71f3]:main():compute-mfcc-feats.cc:182) Processed features for key FC04_5
VLOG[2] (compute-mfcc-feats[5.5.1074~1-71f3]:main():compute-mfcc-feats.cc:182) Processed features for key FC04_50
VLOG[2] (compute-mfcc-feats[5.5.1074~1-71f3]:main():compute-mfcc-feats.cc:182) Processed features for key FC04_51
VLOG[2] (compute-mfcc-feats[5.5.1074~1-71f3]:main():compute-mfcc-feats.cc:182) Processed features for key FC04_52
VLOG[2] (compute-mfcc-feats[5.5.1074~1-71f3]:main():compute-mfcc-feats.cc:182) Processed features for key FC04_54
LOG (compute-mfcc-feats[5.5.1074~1-71f3]:main():compute-mfcc-feats.cc:181) Processed 250 utterances
VLOG[2] (compute-mfcc-feats[5.5.1074~1-71f3]:main():compute-mfcc-feats.cc:182) Processed features for key FC04_55
VLOG[2] (compute-mfcc-feats[5.5.1074~1-71f3]:main():compute-mfcc-feats.cc:182) Processed features for key FC04_56
VLOG[2] (compute-mfcc-feats[5.5.1074~1-71f3]:main():compute-mfcc-feats.cc:182) Processed features for key FC04_57
VLOG[2] (compute-mfcc-feats[5.5.1074~1-71f3]:main():compute-mfcc-feats.cc:182) Processed features for key FC04_58
VLOG[2] (compute-mfcc-feats[5.5.1074~1-71f3]:main():compute-mfcc-feats.cc:182) Processed features for key FC04_59
VLOG[2] (compute-mfcc-feats[5.5.1074~1-71f3]:main():compute-mfcc-feats.cc:182) Processed features for key FC04_6
VLOG[2] (compute-mfcc-feats[5.5.1074~1-71f3]:main():compute-mfcc-feats.cc:182) Processed features for key FC04_60
VLOG[2] (compute-mfcc-feats[5.5.1074~1-71f3]:main():compute-mfcc-feats.cc:182) Processed features for key FC04_61
VLOG[2] (compute-mfcc-feats[5.5.1074~1-71f3]:main():compute-mfcc-feats.cc:182) Processed features for key FC04_62
VLOG[2] (compute-mfcc-feats[5.5.1074~1-71f3]:main():compute-mfcc-feats.cc:182) Processed features for key FC04_63
LOG (compute-mfcc-feats[5.5.1074~1-71f3]:main():compute-mfcc-feats.cc:181) Processed 260 utterances
VLOG[2] (compute-mfcc-feats[5.5.1074~1-71f3]:main():compute-mfcc-feats.cc:182) Processed features for key FC04_64
VLOG[2] (compute-mfcc-feats[5.5.1074~1-71f3]:main():compute-mfcc-feats.cc:182) Processed features for key FC04_65
VLOG[2] (compute-mfcc-feats[5.5.1074~1-71f3]:main():compute-mfcc-feats.cc:182) Processed features for key FC04_66
VLOG[2] (compute-mfcc-feats[5.5.1074~1-71f3]:main():compute-mfcc-feats.cc:182) Processed features for key FC04_68
VLOG[2] (compute-mfcc-feats[5.5.1074~1-71f3]:main():compute-mfcc-feats.cc:182) Processed features for key FC04_69
VLOG[2] (compute-mfcc-feats[5.5.1074~1-71f3]:main():compute-mfcc-feats.cc:182) Processed features for key FC04_7
VLOG[2] (compute-mfcc-feats[5.5.1074~1-71f3]:main():compute-mfcc-feats.cc:182) Processed features for key FC04_70
VLOG[2] (compute-mfcc-feats[5.5.1074~1-71f3]:main():compute-mfcc-feats.cc:182) Processed features for key FC04_71
VLOG[2] (compute-mfcc-feats[5.5.1074~1-71f3]:main():compute-mfcc-feats.cc:182) Processed features for key FC04_73
VLOG[2] (compute-mfcc-feats[5.5.1074~1-71f3]:main():compute-mfcc-feats.cc:182) Processed features for key FC04_74
LOG (compute-mfcc-feats[5.5.1074~1-71f3]:main():compute-mfcc-feats.cc:181) Processed 270 utterances
VLOG[2] (compute-mfcc-feats[5.5.1074~1-71f3]:main():compute-mfcc-feats.cc:182) Processed features for key FC04_76
VLOG[2] (compute-mfcc-feats[5.5.1074~1-71f3]:main():compute-mfcc-feats.cc:182) Processed features for key FC04_77
VLOG[2] (compute-mfcc-feats[5.5.1074~1-71f3]:main():compute-mfcc-feats.cc:182) Processed features for key FC04_78
VLOG[2] (compute-mfcc-feats[5.5.1074~1-71f3]:main():compute-mfcc-feats.cc:182) Processed features for key FC04_79
VLOG[2] (compute-mfcc-feats[5.5.1074~1-71f3]:main():compute-mfcc-feats.cc:182) Processed features for key FC04_8
VLOG[2] (compute-mfcc-feats[5.5.1074~1-71f3]:main():compute-mfcc-feats.cc:182) Processed features for key FC04_80
VLOG[2] (compute-mfcc-feats[5.5.1074~1-71f3]:main():compute-mfcc-feats.cc:182) Processed features for key FC04_81
VLOG[2] (compute-mfcc-feats[5.5.1074~1-71f3]:main():compute-mfcc-feats.cc:182) Processed features for key FC04_82
VLOG[2] (compute-mfcc-feats[5.5.1074~1-71f3]:main():compute-mfcc-feats.cc:182) Processed features for key FC04_83
VLOG[2] (compute-mfcc-feats[5.5.1074~1-71f3]:main():compute-mfcc-feats.cc:182) Processed features for key FC04_84
LOG (compute-mfcc-feats[5.5.1074~1-71f3]:main():compute-mfcc-feats.cc:181) Processed 280 utterances
VLOG[2] (compute-mfcc-feats[5.5.1074~1-71f3]:main():compute-mfcc-feats.cc:182) Processed features for key FC04_85
VLOG[2] (compute-mfcc-feats[5.5.1074~1-71f3]:main():compute-mfcc-feats.cc:182) Processed features for key FC04_87
VLOG[2] (compute-mfcc-feats[5.5.1074~1-71f3]:main():compute-mfcc-feats.cc:182) Processed features for key FC04_9
VLOG[2] (compute-mfcc-feats[5.5.1074~1-71f3]:main():compute-mfcc-feats.cc:182) Processed features for key FC04_91
VLOG[2] (compute-mfcc-feats[5.5.1074~1-71f3]:main():compute-mfcc-feats.cc:182) Processed features for key FC04_92
VLOG[2] (compute-mfcc-feats[5.5.1074~1-71f3]:main():compute-mfcc-feats.cc:182) Processed features for key FC04_93
VLOG[2] (compute-mfcc-feats[5.5.1074~1-71f3]:main():compute-mfcc-feats.cc:182) Processed features for key FC04_95
VLOG[2] (compute-mfcc-feats[5.5.1074~1-71f3]:main():compute-mfcc-feats.cc:182) Processed features for key FC04_97
VLOG[2] (compute-mfcc-feats[5.5.1074~1-71f3]:main():compute-mfcc-feats.cc:182) Processed features for key FC04_98
VLOG[2] (compute-mfcc-feats[5.5.1074~1-71f3]:main():compute-mfcc-feats.cc:182) Processed features for key FC04_99
LOG (compute-mfcc-feats[5.5.1074~1-71f3]:main():compute-mfcc-feats.cc:181) Processed 290 utterances
VLOG[2] (compute-mfcc-feats[5.5.1074~1-71f3]:main():compute-mfcc-feats.cc:182) Processed features for key FC05_10
VLOG[2] (compute-mfcc-feats[5.5.1074~1-71f3]:main():compute-mfcc-feats.cc:182) Processed features for key FC05_102
VLOG[2] (compute-mfcc-feats[5.5.1074~1-71f3]:main():compute-mfcc-feats.cc:182) Processed features for key FC05_103
LOG (compute-mfcc-feats[5.5.1074~1-71f3]:main():compute-mfcc-feats.cc:185)  Done 292 out of 292 utterances.
LOG (copy-feats[5.5.1074~1-71f3]:main():copy-feats.cc:143) Copied 292 feature matrices.
# Accounting: time=1 threads=1
# Ended (code 0) at Thu Aug  3 11:07:53 IST 2023, elapsed time 1 seconds
