# compute-mfcc-feats --write-utt2dur=ark,t:exp_FG/make_mfcc/train/utt2dur.2 --verbose=2 --config=conf/mfcc.conf scp,p:exp_FG/make_mfcc/train/wav_train.2.scp ark:- | copy-feats --write-num-frames=ark,t:exp_FG/make_mfcc/train/utt2num_frames.2 --compress=true ark:- ark,scp:/media/speech/hdd-1tb/2024_B1/Tamil_ASR_normal/mfcc/raw_mfcc_train.2.ark,/media/speech/hdd-1tb/2024_B1/Tamil_ASR_normal/mfcc/raw_mfcc_train.2.scp 
# Started at Thu Aug  3 11:07:52 IST 2023
#
copy-feats --write-num-frames=ark,t:exp_FG/make_mfcc/train/utt2num_frames.2 --compress=true ark:- ark,scp:/media/speech/hdd-1tb/2024_B1/Tamil_ASR_normal/mfcc/raw_mfcc_train.2.ark,/media/speech/hdd-1tb/2024_B1/Tamil_ASR_normal/mfcc/raw_mfcc_train.2.scp 
compute-mfcc-feats --write-utt2dur=ark,t:exp_FG/make_mfcc/train/utt2dur.2 --verbose=2 --config=conf/mfcc.conf scp,p:exp_FG/make_mfcc/train/wav_train.2.scp ark:- 
VLOG[2] (compute-mfcc-feats[5.5.1074~1-71f3]:main():compute-mfcc-feats.cc:182) Processed features for key FC02_105
VLOG[2] (compute-mfcc-feats[5.5.1074~1-71f3]:main():compute-mfcc-feats.cc:182) Processed features for key FC02_108
VLOG[2] (compute-mfcc-feats[5.5.1074~1-71f3]:main():compute-mfcc-feats.cc:182) Processed features for key FC02_109
VLOG[2] (compute-mfcc-feats[5.5.1074~1-71f3]:main():compute-mfcc-feats.cc:182) Processed features for key FC02_110
VLOG[2] (compute-mfcc-feats[5.5.1074~1-71f3]:main():compute-mfcc-feats.cc:182) Processed features for key FC02_111
VLOG[2] (compute-mfcc-feats[5.5.1074~1-71f3]:main():compute-mfcc-feats.cc:182) Processed features for key FC02_112
VLOG[2] (compute-mfcc-feats[5.5.1074~1-71f3]:main():compute-mfcc-feats.cc:182) Processed features for key FC02_113
VLOG[2] (compute-mfcc-feats[5.5.1074~1-71f3]:main():compute-mfcc-feats.cc:182) Processed features for key FC02_114
VLOG[2] (compute-mfcc-feats[5.5.1074~1-71f3]:main():compute-mfcc-feats.cc:182) Processed features for key FC02_115
LOG (compute-mfcc-feats[5.5.1074~1-71f3]:main():compute-mfcc-feats.cc:181) Processed 10 utterances
VLOG[2] (compute-mfcc-feats[5.5.1074~1-71f3]:main():compute-mfcc-feats.cc:182) Processed features for key FC02_116
VLOG[2] (compute-mfcc-feats[5.5.1074~1-71f3]:main():compute-mfcc-feats.cc:182) Processed features for key FC02_117
VLOG[2] (compute-mfcc-feats[5.5.1074~1-71f3]:main():compute-mfcc-feats.cc:182) Processed features for key FC02_118
VLOG[2] (compute-mfcc-feats[5.5.1074~1-71f3]:main():compute-mfcc-feats.cc:182) Processed features for key FC02_12
VLOG[2] (compute-mfcc-feats[5.5.1074~1-71f3]:main():compute-mfcc-feats.cc:182) Processed features for key FC02_120
VLOG[2] (compute-mfcc-feats[5.5.1074~1-71f3]:main():compute-mfcc-feats.cc:182) Processed features for key FC02_121
VLOG[2] (compute-mfcc-feats[5.5.1074~1-71f3]:main():compute-mfcc-feats.cc:182) Processed features for key FC02_122
VLOG[2] (compute-mfcc-feats[5.5.1074~1-71f3]:main():compute-mfcc-feats.cc:182) Processed features for key FC02_123
VLOG[2] (compute-mfcc-feats[5.5.1074~1-71f3]:main():compute-mfcc-feats.cc:182) Processed features for key FC02_125
VLOG[2] (compute-mfcc-feats[5.5.1074~1-71f3]:main():compute-mfcc-feats.cc:182) Processed features for key FC02_126
LOG (compute-mfcc-feats[5.5.1074~1-71f3]:main():compute-mfcc-feats.cc:181) Processed 20 utterances
VLOG[2] (compute-mfcc-feats[5.5.1074~1-71f3]:main():compute-mfcc-feats.cc:182) Processed features for key FC02_127
VLOG[2] (compute-mfcc-feats[5.5.1074~1-71f3]:main():compute-mfcc-feats.cc:182) Processed features for key FC02_129
VLOG[2] (compute-mfcc-feats[5.5.1074~1-71f3]:main():compute-mfcc-feats.cc:182) Processed features for key FC02_13
VLOG[2] (compute-mfcc-feats[5.5.1074~1-71f3]:main():compute-mfcc-feats.cc:182) Processed features for key FC02_130
VLOG[2] (compute-mfcc-feats[5.5.1074~1-71f3]:main():compute-mfcc-feats.cc:182) Processed features for key FC02_131
VLOG[2] (compute-mfcc-feats[5.5.1074~1-71f3]:main():compute-mfcc-feats.cc:182) Processed features for key FC02_132
VLOG[2] (compute-mfcc-feats[5.5.1074~1-71f3]:main():compute-mfcc-feats.cc:182) Processed features for key FC02_133
VLOG[2] (compute-mfcc-feats[5.5.1074~1-71f3]:main():compute-mfcc-feats.cc:182) Processed features for key FC02_134
VLOG[2] (compute-mfcc-feats[5.5.1074~1-71f3]:main():compute-mfcc-feats.cc:182) Processed features for key FC02_135
VLOG[2] (compute-mfcc-feats[5.5.1074~1-71f3]:main():compute-mfcc-feats.cc:182) Processed features for key FC02_137
LOG (compute-mfcc-feats[5.5.1074~1-71f3]:main():compute-mfcc-feats.cc:181) Processed 30 utterances
VLOG[2] (compute-mfcc-feats[5.5.1074~1-71f3]:main():compute-mfcc-feats.cc:182) Processed features for key FC02_138
VLOG[2] (compute-mfcc-feats[5.5.1074~1-71f3]:main():compute-mfcc-feats.cc:182) Processed features for key FC02_139
VLOG[2] (compute-mfcc-feats[5.5.1074~1-71f3]:main():compute-mfcc-feats.cc:182) Processed features for key FC02_14
VLOG[2] (compute-mfcc-feats[5.5.1074~1-71f3]:main():compute-mfcc-feats.cc:182) Processed features for key FC02_140
VLOG[2] (compute-mfcc-feats[5.5.1074~1-71f3]:main():compute-mfcc-feats.cc:182) Processed features for key FC02_141
VLOG[2] (compute-mfcc-feats[5.5.1074~1-71f3]:main():compute-mfcc-feats.cc:182) Processed features for key FC02_144
VLOG[2] (compute-mfcc-feats[5.5.1074~1-71f3]:main():compute-mfcc-feats.cc:182) Processed features for key FC02_146
VLOG[2] (compute-mfcc-feats[5.5.1074~1-71f3]:main():compute-mfcc-feats.cc:182) Processed features for key FC02_147
VLOG[2] (compute-mfcc-feats[5.5.1074~1-71f3]:main():compute-mfcc-feats.cc:182) Processed features for key FC02_148
VLOG[2] (compute-mfcc-feats[5.5.1074~1-71f3]:main():compute-mfcc-feats.cc:182) Processed features for key FC02_149
LOG (compute-mfcc-feats[5.5.1074~1-71f3]:main():compute-mfcc-feats.cc:181) Processed 40 utterances
VLOG[2] (compute-mfcc-feats[5.5.1074~1-71f3]:main():compute-mfcc-feats.cc:182) Processed features for key FC02_15
VLOG[2] (compute-mfcc-feats[5.5.1074~1-71f3]:main():compute-mfcc-feats.cc:182) Processed features for key FC02_150
VLOG[2] (compute-mfcc-feats[5.5.1074~1-71f3]:main():compute-mfcc-feats.cc:182) Processed features for key FC02_151
VLOG[2] (compute-mfcc-feats[5.5.1074~1-71f3]:main():compute-mfcc-feats.cc:182) Processed features for key FC02_152
VLOG[2] (compute-mfcc-feats[5.5.1074~1-71f3]:main():compute-mfcc-feats.cc:182) Processed features for key FC02_153
VLOG[2] (compute-mfcc-feats[5.5.1074~1-71f3]:main():compute-mfcc-feats.cc:182) Processed features for key FC02_154
VLOG[2] (compute-mfcc-feats[5.5.1074~1-71f3]:main():compute-mfcc-feats.cc:182) Processed features for key FC02_155
VLOG[2] (compute-mfcc-feats[5.5.1074~1-71f3]:main():compute-mfcc-feats.cc:182) Processed features for key FC02_156
VLOG[2] (compute-mfcc-feats[5.5.1074~1-71f3]:main():compute-mfcc-feats.cc:182) Processed features for key FC02_157
VLOG[2] (compute-mfcc-feats[5.5.1074~1-71f3]:main():compute-mfcc-feats.cc:182) Processed features for key FC02_158
LOG (compute-mfcc-feats[5.5.1074~1-71f3]:main():compute-mfcc-feats.cc:181) Processed 50 utterances
VLOG[2] (compute-mfcc-feats[5.5.1074~1-71f3]:main():compute-mfcc-feats.cc:182) Processed features for key FC02_159
VLOG[2] (compute-mfcc-feats[5.5.1074~1-71f3]:main():compute-mfcc-feats.cc:182) Processed features for key FC02_16
VLOG[2] (compute-mfcc-feats[5.5.1074~1-71f3]:main():compute-mfcc-feats.cc:182) Processed features for key FC02_160
VLOG[2] (compute-mfcc-feats[5.5.1074~1-71f3]:main():compute-mfcc-feats.cc:182) Processed features for key FC02_161
VLOG[2] (compute-mfcc-feats[5.5.1074~1-71f3]:main():compute-mfcc-feats.cc:182) Processed features for key FC02_162
VLOG[2] (compute-mfcc-feats[5.5.1074~1-71f3]:main():compute-mfcc-feats.cc:182) Processed features for key FC02_163
VLOG[2] (compute-mfcc-feats[5.5.1074~1-71f3]:main():compute-mfcc-feats.cc:182) Processed features for key FC02_164
VLOG[2] (compute-mfcc-feats[5.5.1074~1-71f3]:main():compute-mfcc-feats.cc:182) Processed features for key FC02_165
VLOG[2] (compute-mfcc-feats[5.5.1074~1-71f3]:main():compute-mfcc-feats.cc:182) Processed features for key FC02_166
VLOG[2] (compute-mfcc-feats[5.5.1074~1-71f3]:main():compute-mfcc-feats.cc:182) Processed features for key FC02_167
LOG (compute-mfcc-feats[5.5.1074~1-71f3]:main():compute-mfcc-feats.cc:181) Processed 60 utterances
VLOG[2] (compute-mfcc-feats[5.5.1074~1-71f3]:main():compute-mfcc-feats.cc:182) Processed features for key FC02_168
VLOG[2] (compute-mfcc-feats[5.5.1074~1-71f3]:main():compute-mfcc-feats.cc:182) Processed features for key FC02_17
VLOG[2] (compute-mfcc-feats[5.5.1074~1-71f3]:main():compute-mfcc-feats.cc:182) Processed features for key FC02_170
VLOG[2] (compute-mfcc-feats[5.5.1074~1-71f3]:main():compute-mfcc-feats.cc:182) Processed features for key FC02_171
VLOG[2] (compute-mfcc-feats[5.5.1074~1-71f3]:main():compute-mfcc-feats.cc:182) Processed features for key FC02_172
VLOG[2] (compute-mfcc-feats[5.5.1074~1-71f3]:main():compute-mfcc-feats.cc:182) Processed features for key FC02_173
VLOG[2] (compute-mfcc-feats[5.5.1074~1-71f3]:main():compute-mfcc-feats.cc:182) Processed features for key FC02_174
VLOG[2] (compute-mfcc-feats[5.5.1074~1-71f3]:main():compute-mfcc-feats.cc:182) Processed features for key FC02_176
VLOG[2] (compute-mfcc-feats[5.5.1074~1-71f3]:main():compute-mfcc-feats.cc:182) Processed features for key FC02_177
VLOG[2] (compute-mfcc-feats[5.5.1074~1-71f3]:main():compute-mfcc-feats.cc:182) Processed features for key FC02_178
LOG (compute-mfcc-feats[5.5.1074~1-71f3]:main():compute-mfcc-feats.cc:181) Processed 70 utterances
VLOG[2] (compute-mfcc-feats[5.5.1074~1-71f3]:main():compute-mfcc-feats.cc:182) Processed features for key FC02_18
VLOG[2] (compute-mfcc-feats[5.5.1074~1-71f3]:main():compute-mfcc-feats.cc:182) Processed features for key FC02_181
VLOG[2] (compute-mfcc-feats[5.5.1074~1-71f3]:main():compute-mfcc-feats.cc:182) Processed features for key FC02_182
VLOG[2] (compute-mfcc-feats[5.5.1074~1-71f3]:main():compute-mfcc-feats.cc:182) Processed features for key FC02_183
VLOG[2] (compute-mfcc-feats[5.5.1074~1-71f3]:main():compute-mfcc-feats.cc:182) Processed features for key FC02_184
VLOG[2] (compute-mfcc-feats[5.5.1074~1-71f3]:main():compute-mfcc-feats.cc:182) Processed features for key FC02_185
VLOG[2] (compute-mfcc-feats[5.5.1074~1-71f3]:main():compute-mfcc-feats.cc:182) Processed features for key FC02_187
VLOG[2] (compute-mfcc-feats[5.5.1074~1-71f3]:main():compute-mfcc-feats.cc:182) Processed features for key FC02_189
VLOG[2] (compute-mfcc-feats[5.5.1074~1-71f3]:main():compute-mfcc-feats.cc:182) Processed features for key FC02_19
VLOG[2] (compute-mfcc-feats[5.5.1074~1-71f3]:main():compute-mfcc-feats.cc:182) Processed features for key FC02_190
LOG (compute-mfcc-feats[5.5.1074~1-71f3]:main():compute-mfcc-feats.cc:181) Processed 80 utterances
VLOG[2] (compute-mfcc-feats[5.5.1074~1-71f3]:main():compute-mfcc-feats.cc:182) Processed features for key FC02_192
VLOG[2] (compute-mfcc-feats[5.5.1074~1-71f3]:main():compute-mfcc-feats.cc:182) Processed features for key FC02_193
VLOG[2] (compute-mfcc-feats[5.5.1074~1-71f3]:main():compute-mfcc-feats.cc:182) Processed features for key FC02_194
VLOG[2] (compute-mfcc-feats[5.5.1074~1-71f3]:main():compute-mfcc-feats.cc:182) Processed features for key FC02_195
VLOG[2] (compute-mfcc-feats[5.5.1074~1-71f3]:main():compute-mfcc-feats.cc:182) Processed features for key FC02_196
VLOG[2] (compute-mfcc-feats[5.5.1074~1-71f3]:main():compute-mfcc-feats.cc:182) Processed features for key FC02_197
VLOG[2] (compute-mfcc-feats[5.5.1074~1-71f3]:main():compute-mfcc-feats.cc:182) Processed features for key FC02_198
VLOG[2] (compute-mfcc-feats[5.5.1074~1-71f3]:main():compute-mfcc-feats.cc:182) Processed features for key FC02_199
VLOG[2] (compute-mfcc-feats[5.5.1074~1-71f3]:main():compute-mfcc-feats.cc:182) Processed features for key FC02_2
VLOG[2] (compute-mfcc-feats[5.5.1074~1-71f3]:main():compute-mfcc-feats.cc:182) Processed features for key FC02_20
LOG (compute-mfcc-feats[5.5.1074~1-71f3]:main():compute-mfcc-feats.cc:181) Processed 90 utterances
VLOG[2] (compute-mfcc-feats[5.5.1074~1-71f3]:main():compute-mfcc-feats.cc:182) Processed features for key FC02_200
VLOG[2] (compute-mfcc-feats[5.5.1074~1-71f3]:main():compute-mfcc-feats.cc:182) Processed features for key FC02_201
VLOG[2] (compute-mfcc-feats[5.5.1074~1-71f3]:main():compute-mfcc-feats.cc:182) Processed features for key FC02_202
VLOG[2] (compute-mfcc-feats[5.5.1074~1-71f3]:main():compute-mfcc-feats.cc:182) Processed features for key FC02_203
VLOG[2] (compute-mfcc-feats[5.5.1074~1-71f3]:main():compute-mfcc-feats.cc:182) Processed features for key FC02_206
VLOG[2] (compute-mfcc-feats[5.5.1074~1-71f3]:main():compute-mfcc-feats.cc:182) Processed features for key FC02_207
VLOG[2] (compute-mfcc-feats[5.5.1074~1-71f3]:main():compute-mfcc-feats.cc:182) Processed features for key FC02_208
VLOG[2] (compute-mfcc-feats[5.5.1074~1-71f3]:main():compute-mfcc-feats.cc:182) Processed features for key FC02_209
VLOG[2] (compute-mfcc-feats[5.5.1074~1-71f3]:main():compute-mfcc-feats.cc:182) Processed features for key FC02_21
VLOG[2] (compute-mfcc-feats[5.5.1074~1-71f3]:main():compute-mfcc-feats.cc:182) Processed features for key FC02_210
LOG (compute-mfcc-feats[5.5.1074~1-71f3]:main():compute-mfcc-feats.cc:181) Processed 100 utterances
VLOG[2] (compute-mfcc-feats[5.5.1074~1-71f3]:main():compute-mfcc-feats.cc:182) Processed features for key FC02_211
VLOG[2] (compute-mfcc-feats[5.5.1074~1-71f3]:main():compute-mfcc-feats.cc:182) Processed features for key FC02_212
VLOG[2] (compute-mfcc-feats[5.5.1074~1-71f3]:main():compute-mfcc-feats.cc:182) Processed features for key FC02_213
VLOG[2] (compute-mfcc-feats[5.5.1074~1-71f3]:main():compute-mfcc-feats.cc:182) Processed features for key FC02_215
VLOG[2] (compute-mfcc-feats[5.5.1074~1-71f3]:main():compute-mfcc-feats.cc:182) Processed features for key FC02_216
VLOG[2] (compute-mfcc-feats[5.5.1074~1-71f3]:main():compute-mfcc-feats.cc:182) Processed features for key FC02_217
VLOG[2] (compute-mfcc-feats[5.5.1074~1-71f3]:main():compute-mfcc-feats.cc:182) Processed features for key FC02_218
VLOG[2] (compute-mfcc-feats[5.5.1074~1-71f3]:main():compute-mfcc-feats.cc:182) Processed features for key FC02_219
VLOG[2] (compute-mfcc-feats[5.5.1074~1-71f3]:main():compute-mfcc-feats.cc:182) Processed features for key FC02_22
VLOG[2] (compute-mfcc-feats[5.5.1074~1-71f3]:main():compute-mfcc-feats.cc:182) Processed features for key FC02_220
LOG (compute-mfcc-feats[5.5.1074~1-71f3]:main():compute-mfcc-feats.cc:181) Processed 110 utterances
VLOG[2] (compute-mfcc-feats[5.5.1074~1-71f3]:main():compute-mfcc-feats.cc:182) Processed features for key FC02_221
VLOG[2] (compute-mfcc-feats[5.5.1074~1-71f3]:main():compute-mfcc-feats.cc:182) Processed features for key FC02_222
VLOG[2] (compute-mfcc-feats[5.5.1074~1-71f3]:main():compute-mfcc-feats.cc:182) Processed features for key FC02_223
VLOG[2] (compute-mfcc-feats[5.5.1074~1-71f3]:main():compute-mfcc-feats.cc:182) Processed features for key FC02_224
VLOG[2] (compute-mfcc-feats[5.5.1074~1-71f3]:main():compute-mfcc-feats.cc:182) Processed features for key FC02_225
VLOG[2] (compute-mfcc-feats[5.5.1074~1-71f3]:main():compute-mfcc-feats.cc:182) Processed features for key FC02_226
VLOG[2] (compute-mfcc-feats[5.5.1074~1-71f3]:main():compute-mfcc-feats.cc:182) Processed features for key FC02_227
VLOG[2] (compute-mfcc-feats[5.5.1074~1-71f3]:main():compute-mfcc-feats.cc:182) Processed features for key FC02_228
VLOG[2] (compute-mfcc-feats[5.5.1074~1-71f3]:main():compute-mfcc-feats.cc:182) Processed features for key FC02_229
VLOG[2] (compute-mfcc-feats[5.5.1074~1-71f3]:main():compute-mfcc-feats.cc:182) Processed features for key FC02_23
LOG (compute-mfcc-feats[5.5.1074~1-71f3]:main():compute-mfcc-feats.cc:181) Processed 120 utterances
VLOG[2] (compute-mfcc-feats[5.5.1074~1-71f3]:main():compute-mfcc-feats.cc:182) Processed features for key FC02_230
VLOG[2] (compute-mfcc-feats[5.5.1074~1-71f3]:main():compute-mfcc-feats.cc:182) Processed features for key FC02_231
VLOG[2] (compute-mfcc-feats[5.5.1074~1-71f3]:main():compute-mfcc-feats.cc:182) Processed features for key FC02_235
VLOG[2] (compute-mfcc-feats[5.5.1074~1-71f3]:main():compute-mfcc-feats.cc:182) Processed features for key FC02_237
VLOG[2] (compute-mfcc-feats[5.5.1074~1-71f3]:main():compute-mfcc-feats.cc:182) Processed features for key FC02_238
VLOG[2] (compute-mfcc-feats[5.5.1074~1-71f3]:main():compute-mfcc-feats.cc:182) Processed features for key FC02_24
VLOG[2] (compute-mfcc-feats[5.5.1074~1-71f3]:main():compute-mfcc-feats.cc:182) Processed features for key FC02_240
VLOG[2] (compute-mfcc-feats[5.5.1074~1-71f3]:main():compute-mfcc-feats.cc:182) Processed features for key FC02_241
VLOG[2] (compute-mfcc-feats[5.5.1074~1-71f3]:main():compute-mfcc-feats.cc:182) Processed features for key FC02_242
VLOG[2] (compute-mfcc-feats[5.5.1074~1-71f3]:main():compute-mfcc-feats.cc:182) Processed features for key FC02_245
LOG (compute-mfcc-feats[5.5.1074~1-71f3]:main():compute-mfcc-feats.cc:181) Processed 130 utterances
VLOG[2] (compute-mfcc-feats[5.5.1074~1-71f3]:main():compute-mfcc-feats.cc:182) Processed features for key FC02_246
VLOG[2] (compute-mfcc-feats[5.5.1074~1-71f3]:main():compute-mfcc-feats.cc:182) Processed features for key FC02_248
VLOG[2] (compute-mfcc-feats[5.5.1074~1-71f3]:main():compute-mfcc-feats.cc:182) Processed features for key FC02_25
VLOG[2] (compute-mfcc-feats[5.5.1074~1-71f3]:main():compute-mfcc-feats.cc:182) Processed features for key FC02_253
VLOG[2] (compute-mfcc-feats[5.5.1074~1-71f3]:main():compute-mfcc-feats.cc:182) Processed features for key FC02_254
VLOG[2] (compute-mfcc-feats[5.5.1074~1-71f3]:main():compute-mfcc-feats.cc:182) Processed features for key FC02_255
VLOG[2] (compute-mfcc-feats[5.5.1074~1-71f3]:main():compute-mfcc-feats.cc:182) Processed features for key FC02_258
VLOG[2] (compute-mfcc-feats[5.5.1074~1-71f3]:main():compute-mfcc-feats.cc:182) Processed features for key FC02_259
VLOG[2] (compute-mfcc-feats[5.5.1074~1-71f3]:main():compute-mfcc-feats.cc:182) Processed features for key FC02_260
VLOG[2] (compute-mfcc-feats[5.5.1074~1-71f3]:main():compute-mfcc-feats.cc:182) Processed features for key FC02_261
LOG (compute-mfcc-feats[5.5.1074~1-71f3]:main():compute-mfcc-feats.cc:181) Processed 140 utterances
VLOG[2] (compute-mfcc-feats[5.5.1074~1-71f3]:main():compute-mfcc-feats.cc:182) Processed features for key FC02_262
VLOG[2] (compute-mfcc-feats[5.5.1074~1-71f3]:main():compute-mfcc-feats.cc:182) Processed features for key FC02_265
VLOG[2] (compute-mfcc-feats[5.5.1074~1-71f3]:main():compute-mfcc-feats.cc:182) Processed features for key FC02_268
VLOG[2] (compute-mfcc-feats[5.5.1074~1-71f3]:main():compute-mfcc-feats.cc:182) Processed features for key FC02_270
VLOG[2] (compute-mfcc-feats[5.5.1074~1-71f3]:main():compute-mfcc-feats.cc:182) Processed features for key FC02_271
VLOG[2] (compute-mfcc-feats[5.5.1074~1-71f3]:main():compute-mfcc-feats.cc:182) Processed features for key FC02_272
VLOG[2] (compute-mfcc-feats[5.5.1074~1-71f3]:main():compute-mfcc-feats.cc:182) Processed features for key FC02_274
VLOG[2] (compute-mfcc-feats[5.5.1074~1-71f3]:main():compute-mfcc-feats.cc:182) Processed features for key FC02_275
VLOG[2] (compute-mfcc-feats[5.5.1074~1-71f3]:main():compute-mfcc-feats.cc:182) Processed features for key FC02_278
VLOG[2] (compute-mfcc-feats[5.5.1074~1-71f3]:main():compute-mfcc-feats.cc:182) Processed features for key FC02_279
LOG (compute-mfcc-feats[5.5.1074~1-71f3]:main():compute-mfcc-feats.cc:181) Processed 150 utterances
VLOG[2] (compute-mfcc-feats[5.5.1074~1-71f3]:main():compute-mfcc-feats.cc:182) Processed features for key FC02_28
VLOG[2] (compute-mfcc-feats[5.5.1074~1-71f3]:main():compute-mfcc-feats.cc:182) Processed features for key FC02_280
VLOG[2] (compute-mfcc-feats[5.5.1074~1-71f3]:main():compute-mfcc-feats.cc:182) Processed features for key FC02_281
VLOG[2] (compute-mfcc-feats[5.5.1074~1-71f3]:main():compute-mfcc-feats.cc:182) Processed features for key FC02_282
VLOG[2] (compute-mfcc-feats[5.5.1074~1-71f3]:main():compute-mfcc-feats.cc:182) Processed features for key FC02_283
VLOG[2] (compute-mfcc-feats[5.5.1074~1-71f3]:main():compute-mfcc-feats.cc:182) Processed features for key FC02_284
VLOG[2] (compute-mfcc-feats[5.5.1074~1-71f3]:main():compute-mfcc-feats.cc:182) Processed features for key FC02_285
VLOG[2] (compute-mfcc-feats[5.5.1074~1-71f3]:main():compute-mfcc-feats.cc:182) Processed features for key FC02_287
VLOG[2] (compute-mfcc-feats[5.5.1074~1-71f3]:main():compute-mfcc-feats.cc:182) Processed features for key FC02_288
VLOG[2] (compute-mfcc-feats[5.5.1074~1-71f3]:main():compute-mfcc-feats.cc:182) Processed features for key FC02_29
LOG (compute-mfcc-feats[5.5.1074~1-71f3]:main():compute-mfcc-feats.cc:181) Processed 160 utterances
VLOG[2] (compute-mfcc-feats[5.5.1074~1-71f3]:main():compute-mfcc-feats.cc:182) Processed features for key FC02_290
VLOG[2] (compute-mfcc-feats[5.5.1074~1-71f3]:main():compute-mfcc-feats.cc:182) Processed features for key FC02_291
VLOG[2] (compute-mfcc-feats[5.5.1074~1-71f3]:main():compute-mfcc-feats.cc:182) Processed features for key FC02_292
VLOG[2] (compute-mfcc-feats[5.5.1074~1-71f3]:main():compute-mfcc-feats.cc:182) Processed features for key FC02_293
VLOG[2] (compute-mfcc-feats[5.5.1074~1-71f3]:main():compute-mfcc-feats.cc:182) Processed features for key FC02_294
VLOG[2] (compute-mfcc-feats[5.5.1074~1-71f3]:main():compute-mfcc-feats.cc:182) Processed features for key FC02_295
VLOG[2] (compute-mfcc-feats[5.5.1074~1-71f3]:main():compute-mfcc-feats.cc:182) Processed features for key FC02_296
VLOG[2] (compute-mfcc-feats[5.5.1074~1-71f3]:main():compute-mfcc-feats.cc:182) Processed features for key FC02_297
VLOG[2] (compute-mfcc-feats[5.5.1074~1-71f3]:main():compute-mfcc-feats.cc:182) Processed features for key FC02_299
VLOG[2] (compute-mfcc-feats[5.5.1074~1-71f3]:main():compute-mfcc-feats.cc:182) Processed features for key FC02_30
LOG (compute-mfcc-feats[5.5.1074~1-71f3]:main():compute-mfcc-feats.cc:181) Processed 170 utterances
VLOG[2] (compute-mfcc-feats[5.5.1074~1-71f3]:main():compute-mfcc-feats.cc:182) Processed features for key FC02_300
VLOG[2] (compute-mfcc-feats[5.5.1074~1-71f3]:main():compute-mfcc-feats.cc:182) Processed features for key FC02_301
VLOG[2] (compute-mfcc-feats[5.5.1074~1-71f3]:main():compute-mfcc-feats.cc:182) Processed features for key FC02_302
VLOG[2] (compute-mfcc-feats[5.5.1074~1-71f3]:main():compute-mfcc-feats.cc:182) Processed features for key FC02_303
VLOG[2] (compute-mfcc-feats[5.5.1074~1-71f3]:main():compute-mfcc-feats.cc:182) Processed features for key FC02_304
VLOG[2] (compute-mfcc-feats[5.5.1074~1-71f3]:main():compute-mfcc-feats.cc:182) Processed features for key FC02_305
VLOG[2] (compute-mfcc-feats[5.5.1074~1-71f3]:main():compute-mfcc-feats.cc:182) Processed features for key FC02_306
VLOG[2] (compute-mfcc-feats[5.5.1074~1-71f3]:main():compute-mfcc-feats.cc:182) Processed features for key FC02_307
VLOG[2] (compute-mfcc-feats[5.5.1074~1-71f3]:main():compute-mfcc-feats.cc:182) Processed features for key FC02_308
VLOG[2] (compute-mfcc-feats[5.5.1074~1-71f3]:main():compute-mfcc-feats.cc:182) Processed features for key FC02_309
LOG (compute-mfcc-feats[5.5.1074~1-71f3]:main():compute-mfcc-feats.cc:181) Processed 180 utterances
VLOG[2] (compute-mfcc-feats[5.5.1074~1-71f3]:main():compute-mfcc-feats.cc:182) Processed features for key FC02_31
VLOG[2] (compute-mfcc-feats[5.5.1074~1-71f3]:main():compute-mfcc-feats.cc:182) Processed features for key FC02_311
VLOG[2] (compute-mfcc-feats[5.5.1074~1-71f3]:main():compute-mfcc-feats.cc:182) Processed features for key FC02_312
VLOG[2] (compute-mfcc-feats[5.5.1074~1-71f3]:main():compute-mfcc-feats.cc:182) Processed features for key FC02_313
VLOG[2] (compute-mfcc-feats[5.5.1074~1-71f3]:main():compute-mfcc-feats.cc:182) Processed features for key FC02_315
VLOG[2] (compute-mfcc-feats[5.5.1074~1-71f3]:main():compute-mfcc-feats.cc:182) Processed features for key FC02_316
VLOG[2] (compute-mfcc-feats[5.5.1074~1-71f3]:main():compute-mfcc-feats.cc:182) Processed features for key FC02_318
VLOG[2] (compute-mfcc-feats[5.5.1074~1-71f3]:main():compute-mfcc-feats.cc:182) Processed features for key FC02_319
VLOG[2] (compute-mfcc-feats[5.5.1074~1-71f3]:main():compute-mfcc-feats.cc:182) Processed features for key FC02_32
VLOG[2] (compute-mfcc-feats[5.5.1074~1-71f3]:main():compute-mfcc-feats.cc:182) Processed features for key FC02_320
LOG (compute-mfcc-feats[5.5.1074~1-71f3]:main():compute-mfcc-feats.cc:181) Processed 190 utterances
VLOG[2] (compute-mfcc-feats[5.5.1074~1-71f3]:main():compute-mfcc-feats.cc:182) Processed features for key FC02_321
VLOG[2] (compute-mfcc-feats[5.5.1074~1-71f3]:main():compute-mfcc-feats.cc:182) Processed features for key FC02_322
VLOG[2] (compute-mfcc-feats[5.5.1074~1-71f3]:main():compute-mfcc-feats.cc:182) Processed features for key FC02_323
VLOG[2] (compute-mfcc-feats[5.5.1074~1-71f3]:main():compute-mfcc-feats.cc:182) Processed features for key FC02_324
VLOG[2] (compute-mfcc-feats[5.5.1074~1-71f3]:main():compute-mfcc-feats.cc:182) Processed features for key FC02_325
VLOG[2] (compute-mfcc-feats[5.5.1074~1-71f3]:main():compute-mfcc-feats.cc:182) Processed features for key FC02_326
VLOG[2] (compute-mfcc-feats[5.5.1074~1-71f3]:main():compute-mfcc-feats.cc:182) Processed features for key FC02_327
VLOG[2] (compute-mfcc-feats[5.5.1074~1-71f3]:main():compute-mfcc-feats.cc:182) Processed features for key FC02_329
VLOG[2] (compute-mfcc-feats[5.5.1074~1-71f3]:main():compute-mfcc-feats.cc:182) Processed features for key FC02_33
VLOG[2] (compute-mfcc-feats[5.5.1074~1-71f3]:main():compute-mfcc-feats.cc:182) Processed features for key FC02_330
LOG (compute-mfcc-feats[5.5.1074~1-71f3]:main():compute-mfcc-feats.cc:181) Processed 200 utterances
VLOG[2] (compute-mfcc-feats[5.5.1074~1-71f3]:main():compute-mfcc-feats.cc:182) Processed features for key FC02_331
VLOG[2] (compute-mfcc-feats[5.5.1074~1-71f3]:main():compute-mfcc-feats.cc:182) Processed features for key FC02_333
VLOG[2] (compute-mfcc-feats[5.5.1074~1-71f3]:main():compute-mfcc-feats.cc:182) Processed features for key FC02_334
VLOG[2] (compute-mfcc-feats[5.5.1074~1-71f3]:main():compute-mfcc-feats.cc:182) Processed features for key FC02_335
VLOG[2] (compute-mfcc-feats[5.5.1074~1-71f3]:main():compute-mfcc-feats.cc:182) Processed features for key FC02_336
VLOG[2] (compute-mfcc-feats[5.5.1074~1-71f3]:main():compute-mfcc-feats.cc:182) Processed features for key FC02_338
VLOG[2] (compute-mfcc-feats[5.5.1074~1-71f3]:main():compute-mfcc-feats.cc:182) Processed features for key FC02_339
VLOG[2] (compute-mfcc-feats[5.5.1074~1-71f3]:main():compute-mfcc-feats.cc:182) Processed features for key FC02_34
VLOG[2] (compute-mfcc-feats[5.5.1074~1-71f3]:main():compute-mfcc-feats.cc:182) Processed features for key FC02_340
VLOG[2] (compute-mfcc-feats[5.5.1074~1-71f3]:main():compute-mfcc-feats.cc:182) Processed features for key FC02_341
LOG (compute-mfcc-feats[5.5.1074~1-71f3]:main():compute-mfcc-feats.cc:181) Processed 210 utterances
VLOG[2] (compute-mfcc-feats[5.5.1074~1-71f3]:main():compute-mfcc-feats.cc:182) Processed features for key FC02_342
VLOG[2] (compute-mfcc-feats[5.5.1074~1-71f3]:main():compute-mfcc-feats.cc:182) Processed features for key FC02_344
VLOG[2] (compute-mfcc-feats[5.5.1074~1-71f3]:main():compute-mfcc-feats.cc:182) Processed features for key FC02_346
VLOG[2] (compute-mfcc-feats[5.5.1074~1-71f3]:main():compute-mfcc-feats.cc:182) Processed features for key FC02_347
VLOG[2] (compute-mfcc-feats[5.5.1074~1-71f3]:main():compute-mfcc-feats.cc:182) Processed features for key FC02_348
VLOG[2] (compute-mfcc-feats[5.5.1074~1-71f3]:main():compute-mfcc-feats.cc:182) Processed features for key FC02_349
VLOG[2] (compute-mfcc-feats[5.5.1074~1-71f3]:main():compute-mfcc-feats.cc:182) Processed features for key FC02_35
VLOG[2] (compute-mfcc-feats[5.5.1074~1-71f3]:main():compute-mfcc-feats.cc:182) Processed features for key FC02_351
VLOG[2] (compute-mfcc-feats[5.5.1074~1-71f3]:main():compute-mfcc-feats.cc:182) Processed features for key FC02_352
VLOG[2] (compute-mfcc-feats[5.5.1074~1-71f3]:main():compute-mfcc-feats.cc:182) Processed features for key FC02_353
LOG (compute-mfcc-feats[5.5.1074~1-71f3]:main():compute-mfcc-feats.cc:181) Processed 220 utterances
VLOG[2] (compute-mfcc-feats[5.5.1074~1-71f3]:main():compute-mfcc-feats.cc:182) Processed features for key FC02_354
VLOG[2] (compute-mfcc-feats[5.5.1074~1-71f3]:main():compute-mfcc-feats.cc:182) Processed features for key FC02_355
VLOG[2] (compute-mfcc-feats[5.5.1074~1-71f3]:main():compute-mfcc-feats.cc:182) Processed features for key FC02_356
VLOG[2] (compute-mfcc-feats[5.5.1074~1-71f3]:main():compute-mfcc-feats.cc:182) Processed features for key FC02_357
VLOG[2] (compute-mfcc-feats[5.5.1074~1-71f3]:main():compute-mfcc-feats.cc:182) Processed features for key FC02_358
VLOG[2] (compute-mfcc-feats[5.5.1074~1-71f3]:main():compute-mfcc-feats.cc:182) Processed features for key FC02_359
VLOG[2] (compute-mfcc-feats[5.5.1074~1-71f3]:main():compute-mfcc-feats.cc:182) Processed features for key FC02_36
VLOG[2] (compute-mfcc-feats[5.5.1074~1-71f3]:main():compute-mfcc-feats.cc:182) Processed features for key FC02_360
VLOG[2] (compute-mfcc-feats[5.5.1074~1-71f3]:main():compute-mfcc-feats.cc:182) Processed features for key FC02_361
VLOG[2] (compute-mfcc-feats[5.5.1074~1-71f3]:main():compute-mfcc-feats.cc:182) Processed features for key FC02_362
LOG (compute-mfcc-feats[5.5.1074~1-71f3]:main():compute-mfcc-feats.cc:181) Processed 230 utterances
VLOG[2] (compute-mfcc-feats[5.5.1074~1-71f3]:main():compute-mfcc-feats.cc:182) Processed features for key FC02_363
VLOG[2] (compute-mfcc-feats[5.5.1074~1-71f3]:main():compute-mfcc-feats.cc:182) Processed features for key FC02_364
VLOG[2] (compute-mfcc-feats[5.5.1074~1-71f3]:main():compute-mfcc-feats.cc:182) Processed features for key FC02_365
VLOG[2] (compute-mfcc-feats[5.5.1074~1-71f3]:main():compute-mfcc-feats.cc:182) Processed features for key FC02_37
VLOG[2] (compute-mfcc-feats[5.5.1074~1-71f3]:main():compute-mfcc-feats.cc:182) Processed features for key FC02_38
VLOG[2] (compute-mfcc-feats[5.5.1074~1-71f3]:main():compute-mfcc-feats.cc:182) Processed features for key FC02_39
VLOG[2] (compute-mfcc-feats[5.5.1074~1-71f3]:main():compute-mfcc-feats.cc:182) Processed features for key FC02_4
VLOG[2] (compute-mfcc-feats[5.5.1074~1-71f3]:main():compute-mfcc-feats.cc:182) Processed features for key FC02_40
VLOG[2] (compute-mfcc-feats[5.5.1074~1-71f3]:main():compute-mfcc-feats.cc:182) Processed features for key FC02_41
VLOG[2] (compute-mfcc-feats[5.5.1074~1-71f3]:main():compute-mfcc-feats.cc:182) Processed features for key FC02_42
LOG (compute-mfcc-feats[5.5.1074~1-71f3]:main():compute-mfcc-feats.cc:181) Processed 240 utterances
VLOG[2] (compute-mfcc-feats[5.5.1074~1-71f3]:main():compute-mfcc-feats.cc:182) Processed features for key FC02_43
VLOG[2] (compute-mfcc-feats[5.5.1074~1-71f3]:main():compute-mfcc-feats.cc:182) Processed features for key FC02_44
VLOG[2] (compute-mfcc-feats[5.5.1074~1-71f3]:main():compute-mfcc-feats.cc:182) Processed features for key FC02_46
VLOG[2] (compute-mfcc-feats[5.5.1074~1-71f3]:main():compute-mfcc-feats.cc:182) Processed features for key FC02_47
VLOG[2] (compute-mfcc-feats[5.5.1074~1-71f3]:main():compute-mfcc-feats.cc:182) Processed features for key FC02_49
VLOG[2] (compute-mfcc-feats[5.5.1074~1-71f3]:main():compute-mfcc-feats.cc:182) Processed features for key FC02_5
VLOG[2] (compute-mfcc-feats[5.5.1074~1-71f3]:main():compute-mfcc-feats.cc:182) Processed features for key FC02_50
VLOG[2] (compute-mfcc-feats[5.5.1074~1-71f3]:main():compute-mfcc-feats.cc:182) Processed features for key FC02_52
VLOG[2] (compute-mfcc-feats[5.5.1074~1-71f3]:main():compute-mfcc-feats.cc:182) Processed features for key FC02_53
VLOG[2] (compute-mfcc-feats[5.5.1074~1-71f3]:main():compute-mfcc-feats.cc:182) Processed features for key FC02_54
LOG (compute-mfcc-feats[5.5.1074~1-71f3]:main():compute-mfcc-feats.cc:181) Processed 250 utterances
VLOG[2] (compute-mfcc-feats[5.5.1074~1-71f3]:main():compute-mfcc-feats.cc:182) Processed features for key FC02_56
VLOG[2] (compute-mfcc-feats[5.5.1074~1-71f3]:main():compute-mfcc-feats.cc:182) Processed features for key FC02_57
VLOG[2] (compute-mfcc-feats[5.5.1074~1-71f3]:main():compute-mfcc-feats.cc:182) Processed features for key FC02_59
VLOG[2] (compute-mfcc-feats[5.5.1074~1-71f3]:main():compute-mfcc-feats.cc:182) Processed features for key FC02_6
VLOG[2] (compute-mfcc-feats[5.5.1074~1-71f3]:main():compute-mfcc-feats.cc:182) Processed features for key FC02_60
VLOG[2] (compute-mfcc-feats[5.5.1074~1-71f3]:main():compute-mfcc-feats.cc:182) Processed features for key FC02_61
VLOG[2] (compute-mfcc-feats[5.5.1074~1-71f3]:main():compute-mfcc-feats.cc:182) Processed features for key FC02_62
VLOG[2] (compute-mfcc-feats[5.5.1074~1-71f3]:main():compute-mfcc-feats.cc:182) Processed features for key FC02_63
VLOG[2] (compute-mfcc-feats[5.5.1074~1-71f3]:main():compute-mfcc-feats.cc:182) Processed features for key FC02_65
VLOG[2] (compute-mfcc-feats[5.5.1074~1-71f3]:main():compute-mfcc-feats.cc:182) Processed features for key FC02_66
LOG (compute-mfcc-feats[5.5.1074~1-71f3]:main():compute-mfcc-feats.cc:181) Processed 260 utterances
VLOG[2] (compute-mfcc-feats[5.5.1074~1-71f3]:main():compute-mfcc-feats.cc:182) Processed features for key FC02_67
VLOG[2] (compute-mfcc-feats[5.5.1074~1-71f3]:main():compute-mfcc-feats.cc:182) Processed features for key FC02_68
VLOG[2] (compute-mfcc-feats[5.5.1074~1-71f3]:main():compute-mfcc-feats.cc:182) Processed features for key FC02_69
VLOG[2] (compute-mfcc-feats[5.5.1074~1-71f3]:main():compute-mfcc-feats.cc:182) Processed features for key FC02_7
VLOG[2] (compute-mfcc-feats[5.5.1074~1-71f3]:main():compute-mfcc-feats.cc:182) Processed features for key FC02_70
VLOG[2] (compute-mfcc-feats[5.5.1074~1-71f3]:main():compute-mfcc-feats.cc:182) Processed features for key FC02_71
VLOG[2] (compute-mfcc-feats[5.5.1074~1-71f3]:main():compute-mfcc-feats.cc:182) Processed features for key FC02_72
VLOG[2] (compute-mfcc-feats[5.5.1074~1-71f3]:main():compute-mfcc-feats.cc:182) Processed features for key FC02_73
VLOG[2] (compute-mfcc-feats[5.5.1074~1-71f3]:main():compute-mfcc-feats.cc:182) Processed features for key FC02_74
VLOG[2] (compute-mfcc-feats[5.5.1074~1-71f3]:main():compute-mfcc-feats.cc:182) Processed features for key FC02_75
LOG (compute-mfcc-feats[5.5.1074~1-71f3]:main():compute-mfcc-feats.cc:181) Processed 270 utterances
VLOG[2] (compute-mfcc-feats[5.5.1074~1-71f3]:main():compute-mfcc-feats.cc:182) Processed features for key FC02_76
VLOG[2] (compute-mfcc-feats[5.5.1074~1-71f3]:main():compute-mfcc-feats.cc:182) Processed features for key FC02_77
VLOG[2] (compute-mfcc-feats[5.5.1074~1-71f3]:main():compute-mfcc-feats.cc:182) Processed features for key FC02_8
VLOG[2] (compute-mfcc-feats[5.5.1074~1-71f3]:main():compute-mfcc-feats.cc:182) Processed features for key FC02_80
VLOG[2] (compute-mfcc-feats[5.5.1074~1-71f3]:main():compute-mfcc-feats.cc:182) Processed features for key FC02_81
VLOG[2] (compute-mfcc-feats[5.5.1074~1-71f3]:main():compute-mfcc-feats.cc:182) Processed features for key FC02_82
VLOG[2] (compute-mfcc-feats[5.5.1074~1-71f3]:main():compute-mfcc-feats.cc:182) Processed features for key FC02_83
VLOG[2] (compute-mfcc-feats[5.5.1074~1-71f3]:main():compute-mfcc-feats.cc:182) Processed features for key FC02_84
VLOG[2] (compute-mfcc-feats[5.5.1074~1-71f3]:main():compute-mfcc-feats.cc:182) Processed features for key FC02_86
VLOG[2] (compute-mfcc-feats[5.5.1074~1-71f3]:main():compute-mfcc-feats.cc:182) Processed features for key FC02_87
LOG (compute-mfcc-feats[5.5.1074~1-71f3]:main():compute-mfcc-feats.cc:181) Processed 280 utterances
VLOG[2] (compute-mfcc-feats[5.5.1074~1-71f3]:main():compute-mfcc-feats.cc:182) Processed features for key FC02_88
VLOG[2] (compute-mfcc-feats[5.5.1074~1-71f3]:main():compute-mfcc-feats.cc:182) Processed features for key FC02_89
VLOG[2] (compute-mfcc-feats[5.5.1074~1-71f3]:main():compute-mfcc-feats.cc:182) Processed features for key FC02_9
VLOG[2] (compute-mfcc-feats[5.5.1074~1-71f3]:main():compute-mfcc-feats.cc:182) Processed features for key FC02_90
VLOG[2] (compute-mfcc-feats[5.5.1074~1-71f3]:main():compute-mfcc-feats.cc:182) Processed features for key FC02_92
VLOG[2] (compute-mfcc-feats[5.5.1074~1-71f3]:main():compute-mfcc-feats.cc:182) Processed features for key FC02_93
VLOG[2] (compute-mfcc-feats[5.5.1074~1-71f3]:main():compute-mfcc-feats.cc:182) Processed features for key FC02_94
VLOG[2] (compute-mfcc-feats[5.5.1074~1-71f3]:main():compute-mfcc-feats.cc:182) Processed features for key FC02_95
VLOG[2] (compute-mfcc-feats[5.5.1074~1-71f3]:main():compute-mfcc-feats.cc:182) Processed features for key FC02_96
VLOG[2] (compute-mfcc-feats[5.5.1074~1-71f3]:main():compute-mfcc-feats.cc:182) Processed features for key FC02_98
LOG (compute-mfcc-feats[5.5.1074~1-71f3]:main():compute-mfcc-feats.cc:181) Processed 290 utterances
VLOG[2] (compute-mfcc-feats[5.5.1074~1-71f3]:main():compute-mfcc-feats.cc:182) Processed features for key FC03_10
VLOG[2] (compute-mfcc-feats[5.5.1074~1-71f3]:main():compute-mfcc-feats.cc:182) Processed features for key FC03_100
VLOG[2] (compute-mfcc-feats[5.5.1074~1-71f3]:main():compute-mfcc-feats.cc:182) Processed features for key FC03_101
LOG (compute-mfcc-feats[5.5.1074~1-71f3]:main():compute-mfcc-feats.cc:185)  Done 292 out of 292 utterances.
LOG (copy-feats[5.5.1074~1-71f3]:main():copy-feats.cc:143) Copied 292 feature matrices.
# Accounting: time=1 threads=1
# Ended (code 0) at Thu Aug  3 11:07:53 IST 2023, elapsed time 1 seconds
