# compute-mfcc-feats --write-utt2dur=ark,t:exp_FG/make_mfcc/train/utt2dur.5 --verbose=2 --config=conf/mfcc.conf scp,p:exp_FG/make_mfcc/train/wav_train.5.scp ark:- | copy-feats --write-num-frames=ark,t:exp_FG/make_mfcc/train/utt2num_frames.5 --compress=true ark:- ark,scp:/media/speech/hdd-1tb/2024_B1/Tamil_ASR_normal/mfcc/raw_mfcc_train.5.ark,/media/speech/hdd-1tb/2024_B1/Tamil_ASR_normal/mfcc/raw_mfcc_train.5.scp 
# Started at Thu Aug  3 11:07:52 IST 2023
#
copy-feats --write-num-frames=ark,t:exp_FG/make_mfcc/train/utt2num_frames.5 --compress=true ark:- ark,scp:/media/speech/hdd-1tb/2024_B1/Tamil_ASR_normal/mfcc/raw_mfcc_train.5.ark,/media/speech/hdd-1tb/2024_B1/Tamil_ASR_normal/mfcc/raw_mfcc_train.5.scp 
compute-mfcc-feats --write-utt2dur=ark,t:exp_FG/make_mfcc/train/utt2dur.5 --verbose=2 --config=conf/mfcc.conf scp,p:exp_FG/make_mfcc/train/wav_train.5.scp ark:- 
VLOG[2] (compute-mfcc-feats[5.5.1074~1-71f3]:main():compute-mfcc-feats.cc:182) Processed features for key FC05_104
VLOG[2] (compute-mfcc-feats[5.5.1074~1-71f3]:main():compute-mfcc-feats.cc:182) Processed features for key FC05_106
VLOG[2] (compute-mfcc-feats[5.5.1074~1-71f3]:main():compute-mfcc-feats.cc:182) Processed features for key FC05_107
VLOG[2] (compute-mfcc-feats[5.5.1074~1-71f3]:main():compute-mfcc-feats.cc:182) Processed features for key FC05_108
VLOG[2] (compute-mfcc-feats[5.5.1074~1-71f3]:main():compute-mfcc-feats.cc:182) Processed features for key FC05_11
VLOG[2] (compute-mfcc-feats[5.5.1074~1-71f3]:main():compute-mfcc-feats.cc:182) Processed features for key FC05_110
VLOG[2] (compute-mfcc-feats[5.5.1074~1-71f3]:main():compute-mfcc-feats.cc:182) Processed features for key FC05_112
VLOG[2] (compute-mfcc-feats[5.5.1074~1-71f3]:main():compute-mfcc-feats.cc:182) Processed features for key FC05_113
VLOG[2] (compute-mfcc-feats[5.5.1074~1-71f3]:main():compute-mfcc-feats.cc:182) Processed features for key FC05_114
LOG (compute-mfcc-feats[5.5.1074~1-71f3]:main():compute-mfcc-feats.cc:181) Processed 10 utterances
VLOG[2] (compute-mfcc-feats[5.5.1074~1-71f3]:main():compute-mfcc-feats.cc:182) Processed features for key FC05_115
VLOG[2] (compute-mfcc-feats[5.5.1074~1-71f3]:main():compute-mfcc-feats.cc:182) Processed features for key FC05_117
VLOG[2] (compute-mfcc-feats[5.5.1074~1-71f3]:main():compute-mfcc-feats.cc:182) Processed features for key FC05_118
VLOG[2] (compute-mfcc-feats[5.5.1074~1-71f3]:main():compute-mfcc-feats.cc:182) Processed features for key FC05_119
VLOG[2] (compute-mfcc-feats[5.5.1074~1-71f3]:main():compute-mfcc-feats.cc:182) Processed features for key FC05_12
VLOG[2] (compute-mfcc-feats[5.5.1074~1-71f3]:main():compute-mfcc-feats.cc:182) Processed features for key FC05_121
VLOG[2] (compute-mfcc-feats[5.5.1074~1-71f3]:main():compute-mfcc-feats.cc:182) Processed features for key FC05_123
VLOG[2] (compute-mfcc-feats[5.5.1074~1-71f3]:main():compute-mfcc-feats.cc:182) Processed features for key FC05_124
VLOG[2] (compute-mfcc-feats[5.5.1074~1-71f3]:main():compute-mfcc-feats.cc:182) Processed features for key FC05_125
VLOG[2] (compute-mfcc-feats[5.5.1074~1-71f3]:main():compute-mfcc-feats.cc:182) Processed features for key FC05_126
LOG (compute-mfcc-feats[5.5.1074~1-71f3]:main():compute-mfcc-feats.cc:181) Processed 20 utterances
VLOG[2] (compute-mfcc-feats[5.5.1074~1-71f3]:main():compute-mfcc-feats.cc:182) Processed features for key FC05_127
VLOG[2] (compute-mfcc-feats[5.5.1074~1-71f3]:main():compute-mfcc-feats.cc:182) Processed features for key FC05_128
VLOG[2] (compute-mfcc-feats[5.5.1074~1-71f3]:main():compute-mfcc-feats.cc:182) Processed features for key FC05_129
VLOG[2] (compute-mfcc-feats[5.5.1074~1-71f3]:main():compute-mfcc-feats.cc:182) Processed features for key FC05_13
VLOG[2] (compute-mfcc-feats[5.5.1074~1-71f3]:main():compute-mfcc-feats.cc:182) Processed features for key FC05_131
VLOG[2] (compute-mfcc-feats[5.5.1074~1-71f3]:main():compute-mfcc-feats.cc:182) Processed features for key FC05_132
VLOG[2] (compute-mfcc-feats[5.5.1074~1-71f3]:main():compute-mfcc-feats.cc:182) Processed features for key FC05_133
VLOG[2] (compute-mfcc-feats[5.5.1074~1-71f3]:main():compute-mfcc-feats.cc:182) Processed features for key FC05_134
VLOG[2] (compute-mfcc-feats[5.5.1074~1-71f3]:main():compute-mfcc-feats.cc:182) Processed features for key FC05_137
VLOG[2] (compute-mfcc-feats[5.5.1074~1-71f3]:main():compute-mfcc-feats.cc:182) Processed features for key FC05_138
LOG (compute-mfcc-feats[5.5.1074~1-71f3]:main():compute-mfcc-feats.cc:181) Processed 30 utterances
VLOG[2] (compute-mfcc-feats[5.5.1074~1-71f3]:main():compute-mfcc-feats.cc:182) Processed features for key FC05_139
VLOG[2] (compute-mfcc-feats[5.5.1074~1-71f3]:main():compute-mfcc-feats.cc:182) Processed features for key FC05_14
VLOG[2] (compute-mfcc-feats[5.5.1074~1-71f3]:main():compute-mfcc-feats.cc:182) Processed features for key FC05_140
VLOG[2] (compute-mfcc-feats[5.5.1074~1-71f3]:main():compute-mfcc-feats.cc:182) Processed features for key FC05_141
VLOG[2] (compute-mfcc-feats[5.5.1074~1-71f3]:main():compute-mfcc-feats.cc:182) Processed features for key FC05_142
VLOG[2] (compute-mfcc-feats[5.5.1074~1-71f3]:main():compute-mfcc-feats.cc:182) Processed features for key FC05_143
VLOG[2] (compute-mfcc-feats[5.5.1074~1-71f3]:main():compute-mfcc-feats.cc:182) Processed features for key FC05_144
VLOG[2] (compute-mfcc-feats[5.5.1074~1-71f3]:main():compute-mfcc-feats.cc:182) Processed features for key FC05_145
VLOG[2] (compute-mfcc-feats[5.5.1074~1-71f3]:main():compute-mfcc-feats.cc:182) Processed features for key FC05_146
VLOG[2] (compute-mfcc-feats[5.5.1074~1-71f3]:main():compute-mfcc-feats.cc:182) Processed features for key FC05_147
LOG (compute-mfcc-feats[5.5.1074~1-71f3]:main():compute-mfcc-feats.cc:181) Processed 40 utterances
VLOG[2] (compute-mfcc-feats[5.5.1074~1-71f3]:main():compute-mfcc-feats.cc:182) Processed features for key FC05_148
VLOG[2] (compute-mfcc-feats[5.5.1074~1-71f3]:main():compute-mfcc-feats.cc:182) Processed features for key FC05_149
VLOG[2] (compute-mfcc-feats[5.5.1074~1-71f3]:main():compute-mfcc-feats.cc:182) Processed features for key FC05_15
VLOG[2] (compute-mfcc-feats[5.5.1074~1-71f3]:main():compute-mfcc-feats.cc:182) Processed features for key FC05_150
VLOG[2] (compute-mfcc-feats[5.5.1074~1-71f3]:main():compute-mfcc-feats.cc:182) Processed features for key FC05_151
VLOG[2] (compute-mfcc-feats[5.5.1074~1-71f3]:main():compute-mfcc-feats.cc:182) Processed features for key FC05_152
VLOG[2] (compute-mfcc-feats[5.5.1074~1-71f3]:main():compute-mfcc-feats.cc:182) Processed features for key FC05_153
VLOG[2] (compute-mfcc-feats[5.5.1074~1-71f3]:main():compute-mfcc-feats.cc:182) Processed features for key FC05_154
VLOG[2] (compute-mfcc-feats[5.5.1074~1-71f3]:main():compute-mfcc-feats.cc:182) Processed features for key FC05_155
VLOG[2] (compute-mfcc-feats[5.5.1074~1-71f3]:main():compute-mfcc-feats.cc:182) Processed features for key FC05_156
LOG (compute-mfcc-feats[5.5.1074~1-71f3]:main():compute-mfcc-feats.cc:181) Processed 50 utterances
VLOG[2] (compute-mfcc-feats[5.5.1074~1-71f3]:main():compute-mfcc-feats.cc:182) Processed features for key FC05_157
VLOG[2] (compute-mfcc-feats[5.5.1074~1-71f3]:main():compute-mfcc-feats.cc:182) Processed features for key FC05_159
VLOG[2] (compute-mfcc-feats[5.5.1074~1-71f3]:main():compute-mfcc-feats.cc:182) Processed features for key FC05_16
VLOG[2] (compute-mfcc-feats[5.5.1074~1-71f3]:main():compute-mfcc-feats.cc:182) Processed features for key FC05_160
VLOG[2] (compute-mfcc-feats[5.5.1074~1-71f3]:main():compute-mfcc-feats.cc:182) Processed features for key FC05_161
VLOG[2] (compute-mfcc-feats[5.5.1074~1-71f3]:main():compute-mfcc-feats.cc:182) Processed features for key FC05_162
VLOG[2] (compute-mfcc-feats[5.5.1074~1-71f3]:main():compute-mfcc-feats.cc:182) Processed features for key FC05_163
VLOG[2] (compute-mfcc-feats[5.5.1074~1-71f3]:main():compute-mfcc-feats.cc:182) Processed features for key FC05_164
VLOG[2] (compute-mfcc-feats[5.5.1074~1-71f3]:main():compute-mfcc-feats.cc:182) Processed features for key FC05_165
VLOG[2] (compute-mfcc-feats[5.5.1074~1-71f3]:main():compute-mfcc-feats.cc:182) Processed features for key FC05_166
LOG (compute-mfcc-feats[5.5.1074~1-71f3]:main():compute-mfcc-feats.cc:181) Processed 60 utterances
VLOG[2] (compute-mfcc-feats[5.5.1074~1-71f3]:main():compute-mfcc-feats.cc:182) Processed features for key FC05_168
VLOG[2] (compute-mfcc-feats[5.5.1074~1-71f3]:main():compute-mfcc-feats.cc:182) Processed features for key FC05_169
VLOG[2] (compute-mfcc-feats[5.5.1074~1-71f3]:main():compute-mfcc-feats.cc:182) Processed features for key FC05_17
VLOG[2] (compute-mfcc-feats[5.5.1074~1-71f3]:main():compute-mfcc-feats.cc:182) Processed features for key FC05_170
VLOG[2] (compute-mfcc-feats[5.5.1074~1-71f3]:main():compute-mfcc-feats.cc:182) Processed features for key FC05_171
VLOG[2] (compute-mfcc-feats[5.5.1074~1-71f3]:main():compute-mfcc-feats.cc:182) Processed features for key FC05_172
VLOG[2] (compute-mfcc-feats[5.5.1074~1-71f3]:main():compute-mfcc-feats.cc:182) Processed features for key FC05_174
VLOG[2] (compute-mfcc-feats[5.5.1074~1-71f3]:main():compute-mfcc-feats.cc:182) Processed features for key FC05_175
VLOG[2] (compute-mfcc-feats[5.5.1074~1-71f3]:main():compute-mfcc-feats.cc:182) Processed features for key FC05_176
VLOG[2] (compute-mfcc-feats[5.5.1074~1-71f3]:main():compute-mfcc-feats.cc:182) Processed features for key FC05_177
LOG (compute-mfcc-feats[5.5.1074~1-71f3]:main():compute-mfcc-feats.cc:181) Processed 70 utterances
VLOG[2] (compute-mfcc-feats[5.5.1074~1-71f3]:main():compute-mfcc-feats.cc:182) Processed features for key FC05_178
VLOG[2] (compute-mfcc-feats[5.5.1074~1-71f3]:main():compute-mfcc-feats.cc:182) Processed features for key FC05_179
VLOG[2] (compute-mfcc-feats[5.5.1074~1-71f3]:main():compute-mfcc-feats.cc:182) Processed features for key FC05_18
VLOG[2] (compute-mfcc-feats[5.5.1074~1-71f3]:main():compute-mfcc-feats.cc:182) Processed features for key FC05_180
VLOG[2] (compute-mfcc-feats[5.5.1074~1-71f3]:main():compute-mfcc-feats.cc:182) Processed features for key FC05_181
VLOG[2] (compute-mfcc-feats[5.5.1074~1-71f3]:main():compute-mfcc-feats.cc:182) Processed features for key FC05_182
VLOG[2] (compute-mfcc-feats[5.5.1074~1-71f3]:main():compute-mfcc-feats.cc:182) Processed features for key FC05_183
VLOG[2] (compute-mfcc-feats[5.5.1074~1-71f3]:main():compute-mfcc-feats.cc:182) Processed features for key FC05_185
VLOG[2] (compute-mfcc-feats[5.5.1074~1-71f3]:main():compute-mfcc-feats.cc:182) Processed features for key FC05_186
VLOG[2] (compute-mfcc-feats[5.5.1074~1-71f3]:main():compute-mfcc-feats.cc:182) Processed features for key FC05_187
LOG (compute-mfcc-feats[5.5.1074~1-71f3]:main():compute-mfcc-feats.cc:181) Processed 80 utterances
VLOG[2] (compute-mfcc-feats[5.5.1074~1-71f3]:main():compute-mfcc-feats.cc:182) Processed features for key FC05_188
VLOG[2] (compute-mfcc-feats[5.5.1074~1-71f3]:main():compute-mfcc-feats.cc:182) Processed features for key FC05_189
VLOG[2] (compute-mfcc-feats[5.5.1074~1-71f3]:main():compute-mfcc-feats.cc:182) Processed features for key FC05_19
VLOG[2] (compute-mfcc-feats[5.5.1074~1-71f3]:main():compute-mfcc-feats.cc:182) Processed features for key FC05_190
VLOG[2] (compute-mfcc-feats[5.5.1074~1-71f3]:main():compute-mfcc-feats.cc:182) Processed features for key FC05_191
VLOG[2] (compute-mfcc-feats[5.5.1074~1-71f3]:main():compute-mfcc-feats.cc:182) Processed features for key FC05_192
VLOG[2] (compute-mfcc-feats[5.5.1074~1-71f3]:main():compute-mfcc-feats.cc:182) Processed features for key FC05_193
VLOG[2] (compute-mfcc-feats[5.5.1074~1-71f3]:main():compute-mfcc-feats.cc:182) Processed features for key FC05_195
VLOG[2] (compute-mfcc-feats[5.5.1074~1-71f3]:main():compute-mfcc-feats.cc:182) Processed features for key FC05_196
VLOG[2] (compute-mfcc-feats[5.5.1074~1-71f3]:main():compute-mfcc-feats.cc:182) Processed features for key FC05_197
LOG (compute-mfcc-feats[5.5.1074~1-71f3]:main():compute-mfcc-feats.cc:181) Processed 90 utterances
VLOG[2] (compute-mfcc-feats[5.5.1074~1-71f3]:main():compute-mfcc-feats.cc:182) Processed features for key FC05_198
VLOG[2] (compute-mfcc-feats[5.5.1074~1-71f3]:main():compute-mfcc-feats.cc:182) Processed features for key FC05_20
VLOG[2] (compute-mfcc-feats[5.5.1074~1-71f3]:main():compute-mfcc-feats.cc:182) Processed features for key FC05_200
VLOG[2] (compute-mfcc-feats[5.5.1074~1-71f3]:main():compute-mfcc-feats.cc:182) Processed features for key FC05_201
VLOG[2] (compute-mfcc-feats[5.5.1074~1-71f3]:main():compute-mfcc-feats.cc:182) Processed features for key FC05_203
VLOG[2] (compute-mfcc-feats[5.5.1074~1-71f3]:main():compute-mfcc-feats.cc:182) Processed features for key FC05_204
VLOG[2] (compute-mfcc-feats[5.5.1074~1-71f3]:main():compute-mfcc-feats.cc:182) Processed features for key FC05_205
VLOG[2] (compute-mfcc-feats[5.5.1074~1-71f3]:main():compute-mfcc-feats.cc:182) Processed features for key FC05_206
VLOG[2] (compute-mfcc-feats[5.5.1074~1-71f3]:main():compute-mfcc-feats.cc:182) Processed features for key FC05_207
VLOG[2] (compute-mfcc-feats[5.5.1074~1-71f3]:main():compute-mfcc-feats.cc:182) Processed features for key FC05_208
LOG (compute-mfcc-feats[5.5.1074~1-71f3]:main():compute-mfcc-feats.cc:181) Processed 100 utterances
VLOG[2] (compute-mfcc-feats[5.5.1074~1-71f3]:main():compute-mfcc-feats.cc:182) Processed features for key FC05_209
VLOG[2] (compute-mfcc-feats[5.5.1074~1-71f3]:main():compute-mfcc-feats.cc:182) Processed features for key FC05_21
VLOG[2] (compute-mfcc-feats[5.5.1074~1-71f3]:main():compute-mfcc-feats.cc:182) Processed features for key FC05_210
VLOG[2] (compute-mfcc-feats[5.5.1074~1-71f3]:main():compute-mfcc-feats.cc:182) Processed features for key FC05_211
VLOG[2] (compute-mfcc-feats[5.5.1074~1-71f3]:main():compute-mfcc-feats.cc:182) Processed features for key FC05_212
VLOG[2] (compute-mfcc-feats[5.5.1074~1-71f3]:main():compute-mfcc-feats.cc:182) Processed features for key FC05_213
VLOG[2] (compute-mfcc-feats[5.5.1074~1-71f3]:main():compute-mfcc-feats.cc:182) Processed features for key FC05_214
VLOG[2] (compute-mfcc-feats[5.5.1074~1-71f3]:main():compute-mfcc-feats.cc:182) Processed features for key FC05_216
VLOG[2] (compute-mfcc-feats[5.5.1074~1-71f3]:main():compute-mfcc-feats.cc:182) Processed features for key FC05_217
VLOG[2] (compute-mfcc-feats[5.5.1074~1-71f3]:main():compute-mfcc-feats.cc:182) Processed features for key FC05_218
LOG (compute-mfcc-feats[5.5.1074~1-71f3]:main():compute-mfcc-feats.cc:181) Processed 110 utterances
VLOG[2] (compute-mfcc-feats[5.5.1074~1-71f3]:main():compute-mfcc-feats.cc:182) Processed features for key FC05_219
VLOG[2] (compute-mfcc-feats[5.5.1074~1-71f3]:main():compute-mfcc-feats.cc:182) Processed features for key FC05_22
VLOG[2] (compute-mfcc-feats[5.5.1074~1-71f3]:main():compute-mfcc-feats.cc:182) Processed features for key FC05_220
VLOG[2] (compute-mfcc-feats[5.5.1074~1-71f3]:main():compute-mfcc-feats.cc:182) Processed features for key FC05_223
VLOG[2] (compute-mfcc-feats[5.5.1074~1-71f3]:main():compute-mfcc-feats.cc:182) Processed features for key FC05_224
VLOG[2] (compute-mfcc-feats[5.5.1074~1-71f3]:main():compute-mfcc-feats.cc:182) Processed features for key FC05_225
VLOG[2] (compute-mfcc-feats[5.5.1074~1-71f3]:main():compute-mfcc-feats.cc:182) Processed features for key FC05_226
VLOG[2] (compute-mfcc-feats[5.5.1074~1-71f3]:main():compute-mfcc-feats.cc:182) Processed features for key FC05_227
VLOG[2] (compute-mfcc-feats[5.5.1074~1-71f3]:main():compute-mfcc-feats.cc:182) Processed features for key FC05_23
VLOG[2] (compute-mfcc-feats[5.5.1074~1-71f3]:main():compute-mfcc-feats.cc:182) Processed features for key FC05_231
LOG (compute-mfcc-feats[5.5.1074~1-71f3]:main():compute-mfcc-feats.cc:181) Processed 120 utterances
VLOG[2] (compute-mfcc-feats[5.5.1074~1-71f3]:main():compute-mfcc-feats.cc:182) Processed features for key FC05_233
VLOG[2] (compute-mfcc-feats[5.5.1074~1-71f3]:main():compute-mfcc-feats.cc:182) Processed features for key FC05_234
VLOG[2] (compute-mfcc-feats[5.5.1074~1-71f3]:main():compute-mfcc-feats.cc:182) Processed features for key FC05_235
VLOG[2] (compute-mfcc-feats[5.5.1074~1-71f3]:main():compute-mfcc-feats.cc:182) Processed features for key FC05_237
VLOG[2] (compute-mfcc-feats[5.5.1074~1-71f3]:main():compute-mfcc-feats.cc:182) Processed features for key FC05_238
VLOG[2] (compute-mfcc-feats[5.5.1074~1-71f3]:main():compute-mfcc-feats.cc:182) Processed features for key FC05_239
VLOG[2] (compute-mfcc-feats[5.5.1074~1-71f3]:main():compute-mfcc-feats.cc:182) Processed features for key FC05_24
VLOG[2] (compute-mfcc-feats[5.5.1074~1-71f3]:main():compute-mfcc-feats.cc:182) Processed features for key FC05_240
VLOG[2] (compute-mfcc-feats[5.5.1074~1-71f3]:main():compute-mfcc-feats.cc:182) Processed features for key FC05_242
VLOG[2] (compute-mfcc-feats[5.5.1074~1-71f3]:main():compute-mfcc-feats.cc:182) Processed features for key FC05_244
LOG (compute-mfcc-feats[5.5.1074~1-71f3]:main():compute-mfcc-feats.cc:181) Processed 130 utterances
VLOG[2] (compute-mfcc-feats[5.5.1074~1-71f3]:main():compute-mfcc-feats.cc:182) Processed features for key FC05_245
VLOG[2] (compute-mfcc-feats[5.5.1074~1-71f3]:main():compute-mfcc-feats.cc:182) Processed features for key FC05_246
VLOG[2] (compute-mfcc-feats[5.5.1074~1-71f3]:main():compute-mfcc-feats.cc:182) Processed features for key FC05_247
VLOG[2] (compute-mfcc-feats[5.5.1074~1-71f3]:main():compute-mfcc-feats.cc:182) Processed features for key FC05_248
VLOG[2] (compute-mfcc-feats[5.5.1074~1-71f3]:main():compute-mfcc-feats.cc:182) Processed features for key FC05_249
VLOG[2] (compute-mfcc-feats[5.5.1074~1-71f3]:main():compute-mfcc-feats.cc:182) Processed features for key FC05_250
VLOG[2] (compute-mfcc-feats[5.5.1074~1-71f3]:main():compute-mfcc-feats.cc:182) Processed features for key FC05_252
VLOG[2] (compute-mfcc-feats[5.5.1074~1-71f3]:main():compute-mfcc-feats.cc:182) Processed features for key FC05_254
VLOG[2] (compute-mfcc-feats[5.5.1074~1-71f3]:main():compute-mfcc-feats.cc:182) Processed features for key FC05_255
VLOG[2] (compute-mfcc-feats[5.5.1074~1-71f3]:main():compute-mfcc-feats.cc:182) Processed features for key FC05_256
LOG (compute-mfcc-feats[5.5.1074~1-71f3]:main():compute-mfcc-feats.cc:181) Processed 140 utterances
VLOG[2] (compute-mfcc-feats[5.5.1074~1-71f3]:main():compute-mfcc-feats.cc:182) Processed features for key FC05_257
VLOG[2] (compute-mfcc-feats[5.5.1074~1-71f3]:main():compute-mfcc-feats.cc:182) Processed features for key FC05_258
VLOG[2] (compute-mfcc-feats[5.5.1074~1-71f3]:main():compute-mfcc-feats.cc:182) Processed features for key FC05_259
VLOG[2] (compute-mfcc-feats[5.5.1074~1-71f3]:main():compute-mfcc-feats.cc:182) Processed features for key FC05_26
VLOG[2] (compute-mfcc-feats[5.5.1074~1-71f3]:main():compute-mfcc-feats.cc:182) Processed features for key FC05_261
VLOG[2] (compute-mfcc-feats[5.5.1074~1-71f3]:main():compute-mfcc-feats.cc:182) Processed features for key FC05_262
VLOG[2] (compute-mfcc-feats[5.5.1074~1-71f3]:main():compute-mfcc-feats.cc:182) Processed features for key FC05_263
VLOG[2] (compute-mfcc-feats[5.5.1074~1-71f3]:main():compute-mfcc-feats.cc:182) Processed features for key FC05_264
VLOG[2] (compute-mfcc-feats[5.5.1074~1-71f3]:main():compute-mfcc-feats.cc:182) Processed features for key FC05_265
VLOG[2] (compute-mfcc-feats[5.5.1074~1-71f3]:main():compute-mfcc-feats.cc:182) Processed features for key FC05_266
LOG (compute-mfcc-feats[5.5.1074~1-71f3]:main():compute-mfcc-feats.cc:181) Processed 150 utterances
VLOG[2] (compute-mfcc-feats[5.5.1074~1-71f3]:main():compute-mfcc-feats.cc:182) Processed features for key FC05_268
VLOG[2] (compute-mfcc-feats[5.5.1074~1-71f3]:main():compute-mfcc-feats.cc:182) Processed features for key FC05_269
VLOG[2] (compute-mfcc-feats[5.5.1074~1-71f3]:main():compute-mfcc-feats.cc:182) Processed features for key FC05_270
VLOG[2] (compute-mfcc-feats[5.5.1074~1-71f3]:main():compute-mfcc-feats.cc:182) Processed features for key FC05_271
VLOG[2] (compute-mfcc-feats[5.5.1074~1-71f3]:main():compute-mfcc-feats.cc:182) Processed features for key FC05_272
VLOG[2] (compute-mfcc-feats[5.5.1074~1-71f3]:main():compute-mfcc-feats.cc:182) Processed features for key FC05_274
VLOG[2] (compute-mfcc-feats[5.5.1074~1-71f3]:main():compute-mfcc-feats.cc:182) Processed features for key FC05_275
VLOG[2] (compute-mfcc-feats[5.5.1074~1-71f3]:main():compute-mfcc-feats.cc:182) Processed features for key FC05_276
VLOG[2] (compute-mfcc-feats[5.5.1074~1-71f3]:main():compute-mfcc-feats.cc:182) Processed features for key FC05_277
VLOG[2] (compute-mfcc-feats[5.5.1074~1-71f3]:main():compute-mfcc-feats.cc:182) Processed features for key FC05_278
LOG (compute-mfcc-feats[5.5.1074~1-71f3]:main():compute-mfcc-feats.cc:181) Processed 160 utterances
VLOG[2] (compute-mfcc-feats[5.5.1074~1-71f3]:main():compute-mfcc-feats.cc:182) Processed features for key FC05_279
VLOG[2] (compute-mfcc-feats[5.5.1074~1-71f3]:main():compute-mfcc-feats.cc:182) Processed features for key FC05_28
VLOG[2] (compute-mfcc-feats[5.5.1074~1-71f3]:main():compute-mfcc-feats.cc:182) Processed features for key FC05_280
VLOG[2] (compute-mfcc-feats[5.5.1074~1-71f3]:main():compute-mfcc-feats.cc:182) Processed features for key FC05_281
VLOG[2] (compute-mfcc-feats[5.5.1074~1-71f3]:main():compute-mfcc-feats.cc:182) Processed features for key FC05_283
VLOG[2] (compute-mfcc-feats[5.5.1074~1-71f3]:main():compute-mfcc-feats.cc:182) Processed features for key FC05_284
VLOG[2] (compute-mfcc-feats[5.5.1074~1-71f3]:main():compute-mfcc-feats.cc:182) Processed features for key FC05_285
VLOG[2] (compute-mfcc-feats[5.5.1074~1-71f3]:main():compute-mfcc-feats.cc:182) Processed features for key FC05_286
VLOG[2] (compute-mfcc-feats[5.5.1074~1-71f3]:main():compute-mfcc-feats.cc:182) Processed features for key FC05_288
VLOG[2] (compute-mfcc-feats[5.5.1074~1-71f3]:main():compute-mfcc-feats.cc:182) Processed features for key FC05_289
LOG (compute-mfcc-feats[5.5.1074~1-71f3]:main():compute-mfcc-feats.cc:181) Processed 170 utterances
VLOG[2] (compute-mfcc-feats[5.5.1074~1-71f3]:main():compute-mfcc-feats.cc:182) Processed features for key FC05_29
VLOG[2] (compute-mfcc-feats[5.5.1074~1-71f3]:main():compute-mfcc-feats.cc:182) Processed features for key FC05_291
VLOG[2] (compute-mfcc-feats[5.5.1074~1-71f3]:main():compute-mfcc-feats.cc:182) Processed features for key FC05_292
VLOG[2] (compute-mfcc-feats[5.5.1074~1-71f3]:main():compute-mfcc-feats.cc:182) Processed features for key FC05_294
VLOG[2] (compute-mfcc-feats[5.5.1074~1-71f3]:main():compute-mfcc-feats.cc:182) Processed features for key FC05_295
VLOG[2] (compute-mfcc-feats[5.5.1074~1-71f3]:main():compute-mfcc-feats.cc:182) Processed features for key FC05_296
VLOG[2] (compute-mfcc-feats[5.5.1074~1-71f3]:main():compute-mfcc-feats.cc:182) Processed features for key FC05_297
VLOG[2] (compute-mfcc-feats[5.5.1074~1-71f3]:main():compute-mfcc-feats.cc:182) Processed features for key FC05_298
VLOG[2] (compute-mfcc-feats[5.5.1074~1-71f3]:main():compute-mfcc-feats.cc:182) Processed features for key FC05_299
VLOG[2] (compute-mfcc-feats[5.5.1074~1-71f3]:main():compute-mfcc-feats.cc:182) Processed features for key FC05_3
LOG (compute-mfcc-feats[5.5.1074~1-71f3]:main():compute-mfcc-feats.cc:181) Processed 180 utterances
VLOG[2] (compute-mfcc-feats[5.5.1074~1-71f3]:main():compute-mfcc-feats.cc:182) Processed features for key FC05_30
VLOG[2] (compute-mfcc-feats[5.5.1074~1-71f3]:main():compute-mfcc-feats.cc:182) Processed features for key FC05_300
VLOG[2] (compute-mfcc-feats[5.5.1074~1-71f3]:main():compute-mfcc-feats.cc:182) Processed features for key FC05_302
VLOG[2] (compute-mfcc-feats[5.5.1074~1-71f3]:main():compute-mfcc-feats.cc:182) Processed features for key FC05_304
VLOG[2] (compute-mfcc-feats[5.5.1074~1-71f3]:main():compute-mfcc-feats.cc:182) Processed features for key FC05_305
VLOG[2] (compute-mfcc-feats[5.5.1074~1-71f3]:main():compute-mfcc-feats.cc:182) Processed features for key FC05_307
VLOG[2] (compute-mfcc-feats[5.5.1074~1-71f3]:main():compute-mfcc-feats.cc:182) Processed features for key FC05_308
VLOG[2] (compute-mfcc-feats[5.5.1074~1-71f3]:main():compute-mfcc-feats.cc:182) Processed features for key FC05_309
VLOG[2] (compute-mfcc-feats[5.5.1074~1-71f3]:main():compute-mfcc-feats.cc:182) Processed features for key FC05_31
VLOG[2] (compute-mfcc-feats[5.5.1074~1-71f3]:main():compute-mfcc-feats.cc:182) Processed features for key FC05_310
LOG (compute-mfcc-feats[5.5.1074~1-71f3]:main():compute-mfcc-feats.cc:181) Processed 190 utterances
VLOG[2] (compute-mfcc-feats[5.5.1074~1-71f3]:main():compute-mfcc-feats.cc:182) Processed features for key FC05_311
VLOG[2] (compute-mfcc-feats[5.5.1074~1-71f3]:main():compute-mfcc-feats.cc:182) Processed features for key FC05_312
VLOG[2] (compute-mfcc-feats[5.5.1074~1-71f3]:main():compute-mfcc-feats.cc:182) Processed features for key FC05_313
VLOG[2] (compute-mfcc-feats[5.5.1074~1-71f3]:main():compute-mfcc-feats.cc:182) Processed features for key FC05_314
VLOG[2] (compute-mfcc-feats[5.5.1074~1-71f3]:main():compute-mfcc-feats.cc:182) Processed features for key FC05_315
VLOG[2] (compute-mfcc-feats[5.5.1074~1-71f3]:main():compute-mfcc-feats.cc:182) Processed features for key FC05_317
VLOG[2] (compute-mfcc-feats[5.5.1074~1-71f3]:main():compute-mfcc-feats.cc:182) Processed features for key FC05_318
VLOG[2] (compute-mfcc-feats[5.5.1074~1-71f3]:main():compute-mfcc-feats.cc:182) Processed features for key FC05_319
VLOG[2] (compute-mfcc-feats[5.5.1074~1-71f3]:main():compute-mfcc-feats.cc:182) Processed features for key FC05_32
VLOG[2] (compute-mfcc-feats[5.5.1074~1-71f3]:main():compute-mfcc-feats.cc:182) Processed features for key FC05_320
LOG (compute-mfcc-feats[5.5.1074~1-71f3]:main():compute-mfcc-feats.cc:181) Processed 200 utterances
VLOG[2] (compute-mfcc-feats[5.5.1074~1-71f3]:main():compute-mfcc-feats.cc:182) Processed features for key FC05_321
VLOG[2] (compute-mfcc-feats[5.5.1074~1-71f3]:main():compute-mfcc-feats.cc:182) Processed features for key FC05_322
VLOG[2] (compute-mfcc-feats[5.5.1074~1-71f3]:main():compute-mfcc-feats.cc:182) Processed features for key FC05_323
VLOG[2] (compute-mfcc-feats[5.5.1074~1-71f3]:main():compute-mfcc-feats.cc:182) Processed features for key FC05_325
VLOG[2] (compute-mfcc-feats[5.5.1074~1-71f3]:main():compute-mfcc-feats.cc:182) Processed features for key FC05_326
VLOG[2] (compute-mfcc-feats[5.5.1074~1-71f3]:main():compute-mfcc-feats.cc:182) Processed features for key FC05_329
VLOG[2] (compute-mfcc-feats[5.5.1074~1-71f3]:main():compute-mfcc-feats.cc:182) Processed features for key FC05_33
VLOG[2] (compute-mfcc-feats[5.5.1074~1-71f3]:main():compute-mfcc-feats.cc:182) Processed features for key FC05_330
VLOG[2] (compute-mfcc-feats[5.5.1074~1-71f3]:main():compute-mfcc-feats.cc:182) Processed features for key FC05_331
VLOG[2] (compute-mfcc-feats[5.5.1074~1-71f3]:main():compute-mfcc-feats.cc:182) Processed features for key FC05_332
LOG (compute-mfcc-feats[5.5.1074~1-71f3]:main():compute-mfcc-feats.cc:181) Processed 210 utterances
VLOG[2] (compute-mfcc-feats[5.5.1074~1-71f3]:main():compute-mfcc-feats.cc:182) Processed features for key FC05_334
VLOG[2] (compute-mfcc-feats[5.5.1074~1-71f3]:main():compute-mfcc-feats.cc:182) Processed features for key FC05_335
VLOG[2] (compute-mfcc-feats[5.5.1074~1-71f3]:main():compute-mfcc-feats.cc:182) Processed features for key FC05_336
VLOG[2] (compute-mfcc-feats[5.5.1074~1-71f3]:main():compute-mfcc-feats.cc:182) Processed features for key FC05_337
VLOG[2] (compute-mfcc-feats[5.5.1074~1-71f3]:main():compute-mfcc-feats.cc:182) Processed features for key FC05_338
VLOG[2] (compute-mfcc-feats[5.5.1074~1-71f3]:main():compute-mfcc-feats.cc:182) Processed features for key FC05_339
VLOG[2] (compute-mfcc-feats[5.5.1074~1-71f3]:main():compute-mfcc-feats.cc:182) Processed features for key FC05_34
VLOG[2] (compute-mfcc-feats[5.5.1074~1-71f3]:main():compute-mfcc-feats.cc:182) Processed features for key FC05_342
VLOG[2] (compute-mfcc-feats[5.5.1074~1-71f3]:main():compute-mfcc-feats.cc:182) Processed features for key FC05_343
VLOG[2] (compute-mfcc-feats[5.5.1074~1-71f3]:main():compute-mfcc-feats.cc:182) Processed features for key FC05_344
LOG (compute-mfcc-feats[5.5.1074~1-71f3]:main():compute-mfcc-feats.cc:181) Processed 220 utterances
VLOG[2] (compute-mfcc-feats[5.5.1074~1-71f3]:main():compute-mfcc-feats.cc:182) Processed features for key FC05_345
VLOG[2] (compute-mfcc-feats[5.5.1074~1-71f3]:main():compute-mfcc-feats.cc:182) Processed features for key FC05_347
VLOG[2] (compute-mfcc-feats[5.5.1074~1-71f3]:main():compute-mfcc-feats.cc:182) Processed features for key FC05_348
VLOG[2] (compute-mfcc-feats[5.5.1074~1-71f3]:main():compute-mfcc-feats.cc:182) Processed features for key FC05_349
VLOG[2] (compute-mfcc-feats[5.5.1074~1-71f3]:main():compute-mfcc-feats.cc:182) Processed features for key FC05_35
VLOG[2] (compute-mfcc-feats[5.5.1074~1-71f3]:main():compute-mfcc-feats.cc:182) Processed features for key FC05_350
VLOG[2] (compute-mfcc-feats[5.5.1074~1-71f3]:main():compute-mfcc-feats.cc:182) Processed features for key FC05_351
VLOG[2] (compute-mfcc-feats[5.5.1074~1-71f3]:main():compute-mfcc-feats.cc:182) Processed features for key FC05_353
VLOG[2] (compute-mfcc-feats[5.5.1074~1-71f3]:main():compute-mfcc-feats.cc:182) Processed features for key FC05_354
VLOG[2] (compute-mfcc-feats[5.5.1074~1-71f3]:main():compute-mfcc-feats.cc:182) Processed features for key FC05_355
LOG (compute-mfcc-feats[5.5.1074~1-71f3]:main():compute-mfcc-feats.cc:181) Processed 230 utterances
VLOG[2] (compute-mfcc-feats[5.5.1074~1-71f3]:main():compute-mfcc-feats.cc:182) Processed features for key FC05_356
VLOG[2] (compute-mfcc-feats[5.5.1074~1-71f3]:main():compute-mfcc-feats.cc:182) Processed features for key FC05_357
VLOG[2] (compute-mfcc-feats[5.5.1074~1-71f3]:main():compute-mfcc-feats.cc:182) Processed features for key FC05_358
VLOG[2] (compute-mfcc-feats[5.5.1074~1-71f3]:main():compute-mfcc-feats.cc:182) Processed features for key FC05_359
VLOG[2] (compute-mfcc-feats[5.5.1074~1-71f3]:main():compute-mfcc-feats.cc:182) Processed features for key FC05_36
VLOG[2] (compute-mfcc-feats[5.5.1074~1-71f3]:main():compute-mfcc-feats.cc:182) Processed features for key FC05_360
VLOG[2] (compute-mfcc-feats[5.5.1074~1-71f3]:main():compute-mfcc-feats.cc:182) Processed features for key FC05_361
VLOG[2] (compute-mfcc-feats[5.5.1074~1-71f3]:main():compute-mfcc-feats.cc:182) Processed features for key FC05_362
VLOG[2] (compute-mfcc-feats[5.5.1074~1-71f3]:main():compute-mfcc-feats.cc:182) Processed features for key FC05_363
VLOG[2] (compute-mfcc-feats[5.5.1074~1-71f3]:main():compute-mfcc-feats.cc:182) Processed features for key FC05_365
LOG (compute-mfcc-feats[5.5.1074~1-71f3]:main():compute-mfcc-feats.cc:181) Processed 240 utterances
VLOG[2] (compute-mfcc-feats[5.5.1074~1-71f3]:main():compute-mfcc-feats.cc:182) Processed features for key FC05_37
VLOG[2] (compute-mfcc-feats[5.5.1074~1-71f3]:main():compute-mfcc-feats.cc:182) Processed features for key FC05_38
VLOG[2] (compute-mfcc-feats[5.5.1074~1-71f3]:main():compute-mfcc-feats.cc:182) Processed features for key FC05_39
VLOG[2] (compute-mfcc-feats[5.5.1074~1-71f3]:main():compute-mfcc-feats.cc:182) Processed features for key FC05_4
VLOG[2] (compute-mfcc-feats[5.5.1074~1-71f3]:main():compute-mfcc-feats.cc:182) Processed features for key FC05_41
VLOG[2] (compute-mfcc-feats[5.5.1074~1-71f3]:main():compute-mfcc-feats.cc:182) Processed features for key FC05_42
VLOG[2] (compute-mfcc-feats[5.5.1074~1-71f3]:main():compute-mfcc-feats.cc:182) Processed features for key FC05_43
VLOG[2] (compute-mfcc-feats[5.5.1074~1-71f3]:main():compute-mfcc-feats.cc:182) Processed features for key FC05_46
VLOG[2] (compute-mfcc-feats[5.5.1074~1-71f3]:main():compute-mfcc-feats.cc:182) Processed features for key FC05_47
VLOG[2] (compute-mfcc-feats[5.5.1074~1-71f3]:main():compute-mfcc-feats.cc:182) Processed features for key FC05_48
LOG (compute-mfcc-feats[5.5.1074~1-71f3]:main():compute-mfcc-feats.cc:181) Processed 250 utterances
VLOG[2] (compute-mfcc-feats[5.5.1074~1-71f3]:main():compute-mfcc-feats.cc:182) Processed features for key FC05_49
VLOG[2] (compute-mfcc-feats[5.5.1074~1-71f3]:main():compute-mfcc-feats.cc:182) Processed features for key FC05_5
VLOG[2] (compute-mfcc-feats[5.5.1074~1-71f3]:main():compute-mfcc-feats.cc:182) Processed features for key FC05_50
VLOG[2] (compute-mfcc-feats[5.5.1074~1-71f3]:main():compute-mfcc-feats.cc:182) Processed features for key FC05_51
VLOG[2] (compute-mfcc-feats[5.5.1074~1-71f3]:main():compute-mfcc-feats.cc:182) Processed features for key FC05_52
VLOG[2] (compute-mfcc-feats[5.5.1074~1-71f3]:main():compute-mfcc-feats.cc:182) Processed features for key FC05_53
VLOG[2] (compute-mfcc-feats[5.5.1074~1-71f3]:main():compute-mfcc-feats.cc:182) Processed features for key FC05_54
VLOG[2] (compute-mfcc-feats[5.5.1074~1-71f3]:main():compute-mfcc-feats.cc:182) Processed features for key FC05_55
VLOG[2] (compute-mfcc-feats[5.5.1074~1-71f3]:main():compute-mfcc-feats.cc:182) Processed features for key FC05_56
VLOG[2] (compute-mfcc-feats[5.5.1074~1-71f3]:main():compute-mfcc-feats.cc:182) Processed features for key FC05_57
LOG (compute-mfcc-feats[5.5.1074~1-71f3]:main():compute-mfcc-feats.cc:181) Processed 260 utterances
VLOG[2] (compute-mfcc-feats[5.5.1074~1-71f3]:main():compute-mfcc-feats.cc:182) Processed features for key FC05_58
VLOG[2] (compute-mfcc-feats[5.5.1074~1-71f3]:main():compute-mfcc-feats.cc:182) Processed features for key FC05_59
VLOG[2] (compute-mfcc-feats[5.5.1074~1-71f3]:main():compute-mfcc-feats.cc:182) Processed features for key FC05_6
VLOG[2] (compute-mfcc-feats[5.5.1074~1-71f3]:main():compute-mfcc-feats.cc:182) Processed features for key FC05_60
VLOG[2] (compute-mfcc-feats[5.5.1074~1-71f3]:main():compute-mfcc-feats.cc:182) Processed features for key FC05_61
VLOG[2] (compute-mfcc-feats[5.5.1074~1-71f3]:main():compute-mfcc-feats.cc:182) Processed features for key FC05_62
VLOG[2] (compute-mfcc-feats[5.5.1074~1-71f3]:main():compute-mfcc-feats.cc:182) Processed features for key FC05_63
VLOG[2] (compute-mfcc-feats[5.5.1074~1-71f3]:main():compute-mfcc-feats.cc:182) Processed features for key FC05_64
VLOG[2] (compute-mfcc-feats[5.5.1074~1-71f3]:main():compute-mfcc-feats.cc:182) Processed features for key FC05_66
VLOG[2] (compute-mfcc-feats[5.5.1074~1-71f3]:main():compute-mfcc-feats.cc:182) Processed features for key FC05_67
LOG (compute-mfcc-feats[5.5.1074~1-71f3]:main():compute-mfcc-feats.cc:181) Processed 270 utterances
VLOG[2] (compute-mfcc-feats[5.5.1074~1-71f3]:main():compute-mfcc-feats.cc:182) Processed features for key FC05_68
VLOG[2] (compute-mfcc-feats[5.5.1074~1-71f3]:main():compute-mfcc-feats.cc:182) Processed features for key FC05_69
VLOG[2] (compute-mfcc-feats[5.5.1074~1-71f3]:main():compute-mfcc-feats.cc:182) Processed features for key FC05_7
VLOG[2] (compute-mfcc-feats[5.5.1074~1-71f3]:main():compute-mfcc-feats.cc:182) Processed features for key FC05_72
VLOG[2] (compute-mfcc-feats[5.5.1074~1-71f3]:main():compute-mfcc-feats.cc:182) Processed features for key FC05_73
VLOG[2] (compute-mfcc-feats[5.5.1074~1-71f3]:main():compute-mfcc-feats.cc:182) Processed features for key FC05_75
VLOG[2] (compute-mfcc-feats[5.5.1074~1-71f3]:main():compute-mfcc-feats.cc:182) Processed features for key FC05_76
VLOG[2] (compute-mfcc-feats[5.5.1074~1-71f3]:main():compute-mfcc-feats.cc:182) Processed features for key FC05_78
VLOG[2] (compute-mfcc-feats[5.5.1074~1-71f3]:main():compute-mfcc-feats.cc:182) Processed features for key FC05_79
VLOG[2] (compute-mfcc-feats[5.5.1074~1-71f3]:main():compute-mfcc-feats.cc:182) Processed features for key FC05_8
LOG (compute-mfcc-feats[5.5.1074~1-71f3]:main():compute-mfcc-feats.cc:181) Processed 280 utterances
VLOG[2] (compute-mfcc-feats[5.5.1074~1-71f3]:main():compute-mfcc-feats.cc:182) Processed features for key FC05_82
VLOG[2] (compute-mfcc-feats[5.5.1074~1-71f3]:main():compute-mfcc-feats.cc:182) Processed features for key FC05_83
VLOG[2] (compute-mfcc-feats[5.5.1074~1-71f3]:main():compute-mfcc-feats.cc:182) Processed features for key FC05_84
VLOG[2] (compute-mfcc-feats[5.5.1074~1-71f3]:main():compute-mfcc-feats.cc:182) Processed features for key FC05_85
VLOG[2] (compute-mfcc-feats[5.5.1074~1-71f3]:main():compute-mfcc-feats.cc:182) Processed features for key FC05_86
VLOG[2] (compute-mfcc-feats[5.5.1074~1-71f3]:main():compute-mfcc-feats.cc:182) Processed features for key FC05_87
VLOG[2] (compute-mfcc-feats[5.5.1074~1-71f3]:main():compute-mfcc-feats.cc:182) Processed features for key FC05_9
VLOG[2] (compute-mfcc-feats[5.5.1074~1-71f3]:main():compute-mfcc-feats.cc:182) Processed features for key FC05_90
VLOG[2] (compute-mfcc-feats[5.5.1074~1-71f3]:main():compute-mfcc-feats.cc:182) Processed features for key FC05_92
VLOG[2] (compute-mfcc-feats[5.5.1074~1-71f3]:main():compute-mfcc-feats.cc:182) Processed features for key FC05_94
LOG (compute-mfcc-feats[5.5.1074~1-71f3]:main():compute-mfcc-feats.cc:181) Processed 290 utterances
VLOG[2] (compute-mfcc-feats[5.5.1074~1-71f3]:main():compute-mfcc-feats.cc:182) Processed features for key FC05_95
VLOG[2] (compute-mfcc-feats[5.5.1074~1-71f3]:main():compute-mfcc-feats.cc:182) Processed features for key FC05_96
VLOG[2] (compute-mfcc-feats[5.5.1074~1-71f3]:main():compute-mfcc-feats.cc:182) Processed features for key FC05_99
LOG (compute-mfcc-feats[5.5.1074~1-71f3]:main():compute-mfcc-feats.cc:185)  Done 292 out of 292 utterances.
LOG (copy-feats[5.5.1074~1-71f3]:main():copy-feats.cc:143) Copied 292 feature matrices.
# Accounting: time=1 threads=1
# Ended (code 0) at Thu Aug  3 11:07:53 IST 2023, elapsed time 1 seconds
