# nnet-forward --no-softmax=true --prior-scale=1.0 --feature-transform=exp_FG/blstm4i/final.feature_transform --class-frame-counts=exp_FG/blstm4i/ali_train_pdf.counts --use-gpu=no exp_FG/blstm4i/final.nnet "ark,s,cs:copy-feats scp:data-fbank/test/split10/7/feats.scp ark:- | apply-cmvn --norm-means=true --norm-vars=true --utt2spk=ark:data-fbank/test/split10/7/utt2spk scp:data-fbank/test/split10/7/cmvn.scp ark:- ark:- | add-deltas --delta-order=2 ark:- ark:- |" ark:- | latgen-faster-mapped --min-active=200 --max-active=7000 --max-mem=50000000 --beam=18.0 --lattice-beam=10.0 --acoustic-scale=0.1 --allow-partial=true --word-symbol-table=exp_FG/blstm4i/words.txt exp_FG/blstm4i/final.mdl exp_FG/blstm4i/HCLG.fst ark:- "ark:|gzip -c > exp_FG/blstm4i/decode/lat.7.gz" 
# Started at Thu Aug  3 11:46:48 IST 2023
#
latgen-faster-mapped --min-active=200 --max-active=7000 --max-mem=50000000 --beam=18.0 --lattice-beam=10.0 --acoustic-scale=0.1 --allow-partial=true --word-symbol-table=exp_FG/blstm4i/words.txt exp_FG/blstm4i/final.mdl exp_FG/blstm4i/HCLG.fst ark:- 'ark:|gzip -c > exp_FG/blstm4i/decode/lat.7.gz' 
nnet-forward --no-softmax=true --prior-scale=1.0 --feature-transform=exp_FG/blstm4i/final.feature_transform --class-frame-counts=exp_FG/blstm4i/ali_train_pdf.counts --use-gpu=no exp_FG/blstm4i/final.nnet 'ark,s,cs:copy-feats scp:data-fbank/test/split10/7/feats.scp ark:- | apply-cmvn --norm-means=true --norm-vars=true --utt2spk=ark:data-fbank/test/split10/7/utt2spk scp:data-fbank/test/split10/7/cmvn.scp ark:- ark:- | add-deltas --delta-order=2 ark:- ark:- |' ark:- 
LOG (nnet-forward[5.5.1074~1-71f3]:SelectGpuId():cu-device.cc:168) Manually selected to compute on CPU.
LOG (nnet-forward[5.5.1074~1-71f3]:main():nnet-forward.cc:93) Removing <Softmax> from the nnet exp_FG/blstm4i/final.nnet
LOG (nnet-forward[5.5.1074~1-71f3]:PdfPrior():nnet-pdf-prior.cc:34) Computing pdf-priors from : exp_FG/blstm4i/ali_train_pdf.counts
LOG (nnet-forward[5.5.1074~1-71f3]:PdfPrior():nnet-pdf-prior.cc:64) Floored 0 pdf-priors (hard-set to 1.84467e+19, which disables DNN output when decoding)
copy-feats scp:data-fbank/test/split10/7/feats.scp ark:- 
apply-cmvn --norm-means=true --norm-vars=true --utt2spk=ark:data-fbank/test/split10/7/utt2spk scp:data-fbank/test/split10/7/cmvn.scp ark:- ark:- 
add-deltas --delta-order=2 ark:- ark:- 
MC02_110 panjjaanggam 
LOG (latgen-faster-mapped[5.5.1074~1-71f3]:DecodeUtteranceLatticeFaster():decoder-wrappers.cc:375) Log-like per frame for utterance MC02_110 is 1.88229 over 210 frames.
MC02_114 danusxkoodxi 
LOG (latgen-faster-mapped[5.5.1074~1-71f3]:DecodeUtteranceLatticeFaster():decoder-wrappers.cc:375) Log-like per frame for utterance MC02_114 is 1.76231 over 206 frames.
MC02_116 kanxidam 
LOG (latgen-faster-mapped[5.5.1074~1-71f3]:DecodeUtteranceLatticeFaster():decoder-wrappers.cc:375) Log-like per frame for utterance MC02_116 is 1.87935 over 185 frames.
MC02_118 paagam 
LOG (latgen-faster-mapped[5.5.1074~1-71f3]:DecodeUtteranceLatticeFaster():decoder-wrappers.cc:375) Log-like per frame for utterance MC02_118 is 1.81219 over 178 frames.
MC02_121 pambaram 
LOG (latgen-faster-mapped[5.5.1074~1-71f3]:DecodeUtteranceLatticeFaster():decoder-wrappers.cc:375) Log-like per frame for utterance MC02_121 is 1.86425 over 188 frames.
MC02_123 pappadxam 
LOG (latgen-faster-mapped[5.5.1074~1-71f3]:DecodeUtteranceLatticeFaster():decoder-wrappers.cc:375) Log-like per frame for utterance MC02_123 is 1.76586 over 188 frames.
MC02_128 kariim 
LOG (latgen-faster-mapped[5.5.1074~1-71f3]:DecodeUtteranceLatticeFaster():decoder-wrappers.cc:375) Log-like per frame for utterance MC02_128 is 1.77151 over 181 frames.
MC02_129 karam 
LOG (latgen-faster-mapped[5.5.1074~1-71f3]:DecodeUtteranceLatticeFaster():decoder-wrappers.cc:375) Log-like per frame for utterance MC02_129 is 1.81888 over 156 frames.
MC02_13 kuranggeu panddai erxinddadeu 
LOG (latgen-faster-mapped[5.5.1074~1-71f3]:DecodeUtteranceLatticeFaster():decoder-wrappers.cc:375) Log-like per frame for utterance MC02_13 is 1.8171 over 417 frames.
MC02_131 sarppam 
LOG (latgen-faster-mapped[5.5.1074~1-71f3]:DecodeUtteranceLatticeFaster():decoder-wrappers.cc:375) Log-like per frame for utterance MC02_131 is 1.86249 over 174 frames.
MC02_138 tazhii 
LOG (latgen-faster-mapped[5.5.1074~1-71f3]:DecodeUtteranceLatticeFaster():decoder-wrappers.cc:375) Log-like per frame for utterance MC02_138 is 1.75285 over 174 frames.
MC02_144 tanggam 
LOG (latgen-faster-mapped[5.5.1074~1-71f3]:DecodeUtteranceLatticeFaster():decoder-wrappers.cc:375) Log-like per frame for utterance MC02_144 is 1.88463 over 170 frames.
MC02_148 ganxeesx 
LOG (latgen-faster-mapped[5.5.1074~1-71f3]:DecodeUtteranceLatticeFaster():decoder-wrappers.cc:375) Log-like per frame for utterance MC02_148 is 1.75901 over 192 frames.
MC02_151 karumbeu 
LOG (latgen-faster-mapped[5.5.1074~1-71f3]:DecodeUtteranceLatticeFaster():decoder-wrappers.cc:375) Log-like per frame for utterance MC02_151 is 1.78753 over 181 frames.
MC02_152 senggadir 
LOG (latgen-faster-mapped[5.5.1074~1-71f3]:DecodeUtteranceLatticeFaster():decoder-wrappers.cc:375) Log-like per frame for utterance MC02_152 is 1.87356 over 199 frames.
MC02_160 paambeu 
LOG (latgen-faster-mapped[5.5.1074~1-71f3]:DecodeUtteranceLatticeFaster():decoder-wrappers.cc:375) Log-like per frame for utterance MC02_160 is 1.73305 over 149 frames.
MC02_171 senggai 
LOG (latgen-faster-mapped[5.5.1074~1-71f3]:DecodeUtteranceLatticeFaster():decoder-wrappers.cc:375) Log-like per frame for utterance MC02_171 is 1.86547 over 163 frames.
MC02_175 puttagam 
LOG (latgen-faster-mapped[5.5.1074~1-71f3]:DecodeUtteranceLatticeFaster():decoder-wrappers.cc:375) Log-like per frame for utterance MC02_175 is 1.8134 over 156 frames.
MC02_178 taniyaa 
LOG (latgen-faster-mapped[5.5.1074~1-71f3]:DecodeUtteranceLatticeFaster():decoder-wrappers.cc:375) Log-like per frame for utterance MC02_178 is 1.78425 over 185 frames.
MC02_18 maatxtxeukkeu iruppadeu waal 
LOG (latgen-faster-mapped[5.5.1074~1-71f3]:DecodeUtteranceLatticeFaster():decoder-wrappers.cc:375) Log-like per frame for utterance MC02_18 is 1.91316 over 304 frames.
MC02_184 kanx 
LOG (latgen-faster-mapped[5.5.1074~1-71f3]:DecodeUtteranceLatticeFaster():decoder-wrappers.cc:375) Log-like per frame for utterance MC02_184 is 1.71741 over 174 frames.
MC02_185 magudxi 
LOG (latgen-faster-mapped[5.5.1074~1-71f3]:DecodeUtteranceLatticeFaster():decoder-wrappers.cc:375) Log-like per frame for utterance MC02_185 is 1.78687 over 132 frames.
MC02_187 enggalx 
LOG (latgen-faster-mapped[5.5.1074~1-71f3]:DecodeUtteranceLatticeFaster():decoder-wrappers.cc:375) Log-like per frame for utterance MC02_187 is 1.84697 over 177 frames.
MC02_190 kuranggeu 
LOG (latgen-faster-mapped[5.5.1074~1-71f3]:DecodeUtteranceLatticeFaster():decoder-wrappers.cc:375) Log-like per frame for utterance MC02_190 is 1.97224 over 159 frames.
MC02_193 ndaan 
LOG (latgen-faster-mapped[5.5.1074~1-71f3]:DecodeUtteranceLatticeFaster():decoder-wrappers.cc:375) Log-like per frame for utterance MC02_193 is 1.80169 over 149 frames.
MC02_195 saami 
LOG (latgen-faster-mapped[5.5.1074~1-71f3]:DecodeUtteranceLatticeFaster():decoder-wrappers.cc:375) Log-like per frame for utterance MC02_195 is 1.88182 over 174 frames.
MC02_2 anbee kadxawulx 
LOG (latgen-faster-mapped[5.5.1074~1-71f3]:DecodeUtteranceLatticeFaster():decoder-wrappers.cc:375) Log-like per frame for utterance MC02_2 is 1.6506 over 301 frames.
MC02_202 haasanam 
LOG (latgen-faster-mapped[5.5.1074~1-71f3]:DecodeUtteranceLatticeFaster():decoder-wrappers.cc:375) Log-like per frame for utterance MC02_202 is 1.77051 over 185 frames.
MC02_207 njaalam 
LOG (latgen-faster-mapped[5.5.1074~1-71f3]:DecodeUtteranceLatticeFaster():decoder-wrappers.cc:375) Log-like per frame for utterance MC02_207 is 1.9374 over 138 frames.
MC02_209 ndaanjjil 
LOG (latgen-faster-mapped[5.5.1074~1-71f3]:DecodeUtteranceLatticeFaster():decoder-wrappers.cc:375) Log-like per frame for utterance MC02_209 is 1.73013 over 170 frames.
MC02_212 anjjal ndilaiyam 
LOG (latgen-faster-mapped[5.5.1074~1-71f3]:DecodeUtteranceLatticeFaster():decoder-wrappers.cc:375) Log-like per frame for utterance MC02_212 is 1.95361 over 217 frames.
MC02_233 isxtxam pool waazhalaam 
LOG (latgen-faster-mapped[5.5.1074~1-71f3]:DecodeUtteranceLatticeFaster():decoder-wrappers.cc:375) Log-like per frame for utterance MC02_233 is 1.688 over 269 frames.
MC02_241 inrxeu usxnxam adigam 
LOG (latgen-faster-mapped[5.5.1074~1-71f3]:DecodeUtteranceLatticeFaster():decoder-wrappers.cc:375) Log-like per frame for utterance MC02_241 is 1.83047 over 314 frames.
MC02_245 wibattil uunam wanddadeu 
LOG (latgen-faster-mapped[5.5.1074~1-71f3]:DecodeUtteranceLatticeFaster():decoder-wrappers.cc:375) Log-like per frame for utterance MC02_245 is 1.92351 over 288 frames.
MC02_249 pirxareukkeu suuniyam seyyaadee 
LOG (latgen-faster-mapped[5.5.1074~1-71f3]:DecodeUtteranceLatticeFaster():decoder-wrappers.cc:375) Log-like per frame for utterance MC02_249 is 2.00734 over 288 frames.
MC02_25 tanggattin wilai uyarnddadeu 
LOG (latgen-faster-mapped[5.5.1074~1-71f3]:DecodeUtteranceLatticeFaster():decoder-wrappers.cc:375) Log-like per frame for utterance MC02_25 is 1.92389 over 320 frames.
MC02_250 inrxeu palxlxiyil ezhutteup pootxtxi 
LOG (latgen-faster-mapped[5.5.1074~1-71f3]:DecodeUtteranceLatticeFaster():decoder-wrappers.cc:375) Log-like per frame for utterance MC02_250 is 1.96015 over 330 frames.
MC02_258 eetxrxam kaanxeu 
LOG (latgen-faster-mapped[5.5.1074~1-71f3]:DecodeUtteranceLatticeFaster():decoder-wrappers.cc:375) Log-like per frame for utterance MC02_258 is 1.93107 over 217 frames.
MC02_277 kaasxmiir wadxakkeu pagudiyil ulxlxadeu 
LOG (latgen-faster-mapped[5.5.1074~1-71f3]:DecodeUtteranceLatticeFaster():decoder-wrappers.cc:375) Log-like per frame for utterance MC02_277 is 1.93429 over 311 frames.
MC02_28 padxam paartteu kadai sol 
LOG (latgen-faster-mapped[5.5.1074~1-71f3]:DecodeUtteranceLatticeFaster():decoder-wrappers.cc:375) Log-like per frame for utterance MC02_28 is 1.7762 over 298 frames.
MC02_285 en miideu koobam kolxlxaadee 
LOG (latgen-faster-mapped[5.5.1074~1-71f3]:DecodeUtteranceLatticeFaster():decoder-wrappers.cc:375) Log-like per frame for utterance MC02_285 is 1.87498 over 298 frames.
MC02_289 samacciir kalwi murxaiyaanadeu 
LOG (latgen-faster-mapped[5.5.1074~1-71f3]:DecodeUtteranceLatticeFaster():decoder-wrappers.cc:375) Log-like per frame for utterance MC02_289 is 1.97189 over 307 frames.
MC02_296 iratxtxai suzhi sirxuwan seetxtxai seywaan 
LOG (latgen-faster-mapped[5.5.1074~1-71f3]:DecodeUtteranceLatticeFaster():decoder-wrappers.cc:375) Log-like per frame for utterance MC02_296 is 1.88948 over 368 frames.
MC02_300 sutxrxeu suuzhal sugaadaaram pinpatxrxeu 
LOG (latgen-faster-mapped[5.5.1074~1-71f3]:DecodeUtteranceLatticeFaster():decoder-wrappers.cc:375) Log-like per frame for utterance MC02_300 is 1.85843 over 338 frames.
MC02_303 njaayirxeu widxumurxai kadxai adxaippeu 
LOG (latgen-faster-mapped[5.5.1074~1-71f3]:DecodeUtteranceLatticeFaster():decoder-wrappers.cc:375) Log-like per frame for utterance MC02_303 is 1.87502 over 300 frames.
MC02_308 malar tuuwi waazhtteu 
LOG (latgen-faster-mapped[5.5.1074~1-71f3]:DecodeUtteranceLatticeFaster():decoder-wrappers.cc:375) Log-like per frame for utterance MC02_308 is 1.8728 over 311 frames.
MC02_312 manjjalx tuulx maruttuwa gunxam ndirxainddadeu 
LOG (latgen-faster-mapped[5.5.1074~1-71f3]:DecodeUtteranceLatticeFaster():decoder-wrappers.cc:375) Log-like per frame for utterance MC02_312 is 1.92225 over 373 frames.
MC02_314 toonrxiya pugazhin toonrxuga 
LOG (latgen-faster-mapped[5.5.1074~1-71f3]:DecodeUtteranceLatticeFaster():decoder-wrappers.cc:375) Log-like per frame for utterance MC02_314 is 1.89949 over 289 frames.
MC02_318 inrxeu mazhai ndiidxikkum 
LOG (latgen-faster-mapped[5.5.1074~1-71f3]:DecodeUtteranceLatticeFaster():decoder-wrappers.cc:375) Log-like per frame for utterance MC02_318 is 1.96994 over 291 frames.
MC02_320 banggalxaadeesx oreu ndaadxeu 
LOG (latgen-faster-mapped[5.5.1074~1-71f3]:DecodeUtteranceLatticeFaster():decoder-wrappers.cc:375) Log-like per frame for utterance MC02_320 is 1.84906 over 270 frames.
MC02_330 buwaneesxwar uuril puugambam 
LOG (latgen-faster-mapped[5.5.1074~1-71f3]:DecodeUtteranceLatticeFaster():decoder-wrappers.cc:375) Log-like per frame for utterance MC02_330 is 1.73731 over 392 frames.
MC02_333 pon porulx paartteu pazhagaadee 
LOG (latgen-faster-mapped[5.5.1074~1-71f3]:DecodeUtteranceLatticeFaster():decoder-wrappers.cc:375) Log-like per frame for utterance MC02_333 is 1.8126 over 356 frames.
MC02_334 un mugam poliwaaga ulxlxadeu 
LOG (latgen-faster-mapped[5.5.1074~1-71f3]:DecodeUtteranceLatticeFaster():decoder-wrappers.cc:375) Log-like per frame for utterance MC02_334 is 1.92732 over 319 frames.
MC02_335 petxtxiyai kiizhee poodxeu 
LOG (latgen-faster-mapped[5.5.1074~1-71f3]:DecodeUtteranceLatticeFaster():decoder-wrappers.cc:375) Log-like per frame for utterance MC02_335 is 1.90443 over 302 frames.
MC02_337 raagi poosxaakkaana unxaweu 
LOG (latgen-faster-mapped[5.5.1074~1-71f3]:DecodeUtteranceLatticeFaster():decoder-wrappers.cc:375) Log-like per frame for utterance MC02_337 is 1.90385 over 305 frames.
MC02_343 tozhilil muuladanam poodxa weenxdxum 
LOG (latgen-faster-mapped[5.5.1074~1-71f3]:DecodeUtteranceLatticeFaster():decoder-wrappers.cc:375) Log-like per frame for utterance MC02_343 is 1.89967 over 346 frames.
MC02_345 indda maiyanggalx enggeu ulxlxadeu 
LOG (latgen-faster-mapped[5.5.1074~1-71f3]:DecodeUtteranceLatticeFaster():decoder-wrappers.cc:375) Log-like per frame for utterance MC02_345 is 1.9523 over 344 frames.
MC02_348 lajjai enrxaal wekkam 
LOG (latgen-faster-mapped[5.5.1074~1-71f3]:DecodeUtteranceLatticeFaster():decoder-wrappers.cc:375) Log-like per frame for utterance MC02_348 is 1.83033 over 305 frames.
MC02_352 wiitxtxil wiseesxam unxdxeu 
LOG (latgen-faster-mapped[5.5.1074~1-71f3]:DecodeUtteranceLatticeFaster():decoder-wrappers.cc:375) Log-like per frame for utterance MC02_352 is 1.86073 over 400 frames.
MC02_357 janamee ndam balam 
LOG (latgen-faster-mapped[5.5.1074~1-71f3]:DecodeUtteranceLatticeFaster():decoder-wrappers.cc:375) Log-like per frame for utterance MC02_357 is 1.89494 over 267 frames.
MC02_359 waay jaalam kaatxtxum manidan 
LOG (latgen-faster-mapped[5.5.1074~1-71f3]:DecodeUtteranceLatticeFaster():decoder-wrappers.cc:375) Log-like per frame for utterance MC02_359 is 1.95639 over 321 frames.
MC02_36 paanam arunddeu 
LOG (latgen-faster-mapped[5.5.1074~1-71f3]:DecodeUtteranceLatticeFaster():decoder-wrappers.cc:375) Log-like per frame for utterance MC02_36 is 1.91376 over 216 frames.
MC02_361 ajiiranxak koolxaarxeu 
LOG (latgen-faster-mapped[5.5.1074~1-71f3]:DecodeUtteranceLatticeFaster():decoder-wrappers.cc:375) Log-like per frame for utterance MC02_361 is 1.99436 over 236 frames.
MC02_37 bayam ndiikkeu 
LOG (latgen-faster-mapped[5.5.1074~1-71f3]:DecodeUtteranceLatticeFaster():decoder-wrappers.cc:375) Log-like per frame for utterance MC02_37 is 1.89442 over 228 frames.
MC02_39 parambarai sotteu 
LOG (latgen-faster-mapped[5.5.1074~1-71f3]:DecodeUtteranceLatticeFaster():decoder-wrappers.cc:375) Log-like per frame for utterance MC02_39 is 1.85663 over 297 frames.
MC02_42 iwalx peyar usxaa 
LOG (latgen-faster-mapped[5.5.1074~1-71f3]:DecodeUtteranceLatticeFaster():decoder-wrappers.cc:375) Log-like per frame for utterance MC02_42 is 1.78291 over 251 frames.
MC02_47 mazhai meegam 
LOG (latgen-faster-mapped[5.5.1074~1-71f3]:DecodeUtteranceLatticeFaster():decoder-wrappers.cc:375) Log-like per frame for utterance MC02_47 is 1.80949 over 230 frames.
MC02_50 ndunggeu inikkum 
LOG (latgen-faster-mapped[5.5.1074~1-71f3]:DecodeUtteranceLatticeFaster():decoder-wrappers.cc:375) Log-like per frame for utterance MC02_50 is 1.83861 over 257 frames.
MC02_53 inggeu tangguwadarxkeu ilawasam 
LOG (latgen-faster-mapped[5.5.1074~1-71f3]:DecodeUtteranceLatticeFaster():decoder-wrappers.cc:375) Log-like per frame for utterance MC02_53 is 1.84992 over 373 frames.
MC02_55 makkalx mannarai waazhttinaargalx 
LOG (latgen-faster-mapped[5.5.1074~1-71f3]:DecodeUtteranceLatticeFaster():decoder-wrappers.cc:375) Log-like per frame for utterance MC02_55 is 1.92668 over 363 frames.
LOG (copy-feats[5.5.1074~1-71f3]:main():copy-feats.cc:143) Copied 76 feature matrices.
MC02_65 ilxamaiyil kal 
LOG (latgen-faster-mapped[5.5.1074~1-71f3]:DecodeUtteranceLatticeFaster():decoder-wrappers.cc:375) Log-like per frame for utterance MC02_65 is 1.7834 over 301 frames.
MC02_73 poodum enrxa manamee pon seyyum marunddeu 
LOG (latgen-faster-mapped[5.5.1074~1-71f3]:DecodeUtteranceLatticeFaster():decoder-wrappers.cc:375) Log-like per frame for utterance MC02_73 is 1.90827 over 438 frames.
LOG (apply-cmvn[5.5.1074~1-71f3]:main():apply-cmvn.cc:159) Applied cepstral mean and variance normalization to 76 utterances, errors on 0
MC02_76 ikkaraikkeu akkaraip paccai 
LOG (latgen-faster-mapped[5.5.1074~1-71f3]:DecodeUtteranceLatticeFaster():decoder-wrappers.cc:375) Log-like per frame for utterance MC02_76 is 1.89166 over 372 frames.
MC02_79 tiiraakkoobam pooraay mudxiyum 
LOG (latgen-faster-mapped[5.5.1074~1-71f3]:DecodeUtteranceLatticeFaster():decoder-wrappers.cc:375) Log-like per frame for utterance MC02_79 is 1.80715 over 356 frames.
MC02_87 marattai arxuppadeu waalx 
LOG (latgen-faster-mapped[5.5.1074~1-71f3]:DecodeUtteranceLatticeFaster():decoder-wrappers.cc:375) Log-like per frame for utterance MC02_87 is 1.88275 over 360 frames.
LOG (nnet-forward[5.5.1074~1-71f3]:main():nnet-forward.cc:192) Done 76 files in 0.361485min, (fps 921.938)
MC02_98 accamillaadawan ambalam eerxuwaan 
LOG (latgen-faster-mapped[5.5.1074~1-71f3]:DecodeUtteranceLatticeFaster():decoder-wrappers.cc:375) Log-like per frame for utterance MC02_98 is 1.90658 over 349 frames.
LOG (latgen-faster-mapped[5.5.1074~1-71f3]:main():latgen-faster-mapped.cc:164) Time taken 21.8232s: real-time factor assuming 100 frames/sec is 0.109138
LOG (latgen-faster-mapped[5.5.1074~1-71f3]:main():latgen-faster-mapped.cc:167) Done 76 utterances, failed for 0
LOG (latgen-faster-mapped[5.5.1074~1-71f3]:main():latgen-faster-mapped.cc:169) Overall log-likelihood per frame is 1.86322 over 19996 frames.
# Accounting: time=22 threads=1
# Ended (code 0) at Thu Aug  3 11:47:10 IST 2023, elapsed time 22 seconds
