# nnet-forward --no-softmax=true --prior-scale=1.0 --feature-transform=/media/speech/hdd-1tb/2024_B1/Tamil_ASR_normal/exp_FG/blstm4i/final.feature_transform --class-frame-counts=/media/speech/hdd-1tb/2024_B1/Tamil_ASR_normal/exp_FG/blstm4i/ali_train_pdf.counts --use-gpu=no /media/speech/hdd-1tb/2024_B1/Tamil_ASR_normal/exp_FG/blstm4i/final.nnet "ark,s,cs:copy-feats scp:dat/data-fbank/test/split1/1/feats.scp ark:- | apply-cmvn --norm-means=true --norm-vars=true --utt2spk=ark:dat/data-fbank/test/split1/1/utt2spk scp:dat/data-fbank/test/split1/1/cmvn.scp ark:- ark:- | add-deltas --delta-order=2 ark:- ark:- |" ark:- | latgen-faster-mapped --min-active=200 --max-active=7000 --max-mem=50000000 --beam=18.0 --lattice-beam=10.0 --acoustic-scale=0.1 --allow-partial=true --word-symbol-table=/media/speech/hdd-1tb/2024_B1/Tamil_ASR_normal/exp_FG/blstm4i/words.txt /media/speech/hdd-1tb/2024_B1/Tamil_ASR_normal/exp_FG/blstm4i/final.mdl /media/speech/hdd-1tb/2024_B1/Tamil_ASR_normal/exp_FG/blstm4i/HCLG.fst ark:- "ark:|gzip -c > /media/speech/hdd-1tb/2024_B1/Tamil_ASR_normal/exp_FG/blstm4i/decode/lat.1.gz" 
# Started at Mon Aug 14 12:12:43 IST 2023
#
latgen-faster-mapped --min-active=200 --max-active=7000 --max-mem=50000000 --beam=18.0 --lattice-beam=10.0 --acoustic-scale=0.1 --allow-partial=true --word-symbol-table=/media/speech/hdd-1tb/2024_B1/Tamil_ASR_normal/exp_FG/blstm4i/words.txt /media/speech/hdd-1tb/2024_B1/Tamil_ASR_normal/exp_FG/blstm4i/final.mdl /media/speech/hdd-1tb/2024_B1/Tamil_ASR_normal/exp_FG/blstm4i/HCLG.fst ark:- 'ark:|gzip -c > /media/speech/hdd-1tb/2024_B1/Tamil_ASR_normal/exp_FG/blstm4i/decode/lat.1.gz' 
nnet-forward --no-softmax=true --prior-scale=1.0 --feature-transform=/media/speech/hdd-1tb/2024_B1/Tamil_ASR_normal/exp_FG/blstm4i/final.feature_transform --class-frame-counts=/media/speech/hdd-1tb/2024_B1/Tamil_ASR_normal/exp_FG/blstm4i/ali_train_pdf.counts --use-gpu=no /media/speech/hdd-1tb/2024_B1/Tamil_ASR_normal/exp_FG/blstm4i/final.nnet 'ark,s,cs:copy-feats scp:dat/data-fbank/test/split1/1/feats.scp ark:- | apply-cmvn --norm-means=true --norm-vars=true --utt2spk=ark:dat/data-fbank/test/split1/1/utt2spk scp:dat/data-fbank/test/split1/1/cmvn.scp ark:- ark:- | add-deltas --delta-order=2 ark:- ark:- |' ark:- 
LOG (nnet-forward[5.5.1074~1-71f3]:SelectGpuId():cu-device.cc:168) Manually selected to compute on CPU.
LOG (nnet-forward[5.5.1074~1-71f3]:main():nnet-forward.cc:93) Removing <Softmax> from the nnet /media/speech/hdd-1tb/2024_B1/Tamil_ASR_normal/exp_FG/blstm4i/final.nnet
LOG (nnet-forward[5.5.1074~1-71f3]:PdfPrior():nnet-pdf-prior.cc:34) Computing pdf-priors from : /media/speech/hdd-1tb/2024_B1/Tamil_ASR_normal/exp_FG/blstm4i/ali_train_pdf.counts
LOG (nnet-forward[5.5.1074~1-71f3]:PdfPrior():nnet-pdf-prior.cc:64) Floored 0 pdf-priors (hard-set to 1.84467e+19, which disables DNN output when decoding)
copy-feats scp:dat/data-fbank/test/split1/1/feats.scp ark:- 
apply-cmvn --norm-means=true --norm-vars=true --utt2spk=ark:dat/data-fbank/test/split1/1/utt2spk scp:dat/data-fbank/test/split1/1/cmvn.scp ark:- ark:- 
add-deltas --delta-order=2 ark:- ark:- 
LOG (copy-feats[5.5.1074~1-71f3]:main():copy-feats.cc:143) Copied 1 feature matrices.
LOG (apply-cmvn[5.5.1074~1-71f3]:main():apply-cmvn.cc:159) Applied cepstral mean and variance normalization to 1 utterances, errors on 0
LOG (nnet-forward[5.5.1074~1-71f3]:main():nnet-forward.cc:192) Done 1 files in 0.00102278min, (fps 11373.1)
recorded_audio risxikkeu roosxam ozheukkamaaga otxtxeuk keetxpadeu tawarxeu 
LOG (latgen-faster-mapped[5.5.1074~1-71f3]:DecodeUtteranceLatticeFaster():decoder-wrappers.cc:375) Log-like per frame for utterance recorded_audio is 1.44572 over 698 frames.
LOG (latgen-faster-mapped[5.5.1074~1-71f3]:main():latgen-faster-mapped.cc:164) Time taken 1.1269s: real-time factor assuming 100 frames/sec is 0.161447
LOG (latgen-faster-mapped[5.5.1074~1-71f3]:main():latgen-faster-mapped.cc:167) Done 1 utterances, failed for 0
LOG (latgen-faster-mapped[5.5.1074~1-71f3]:main():latgen-faster-mapped.cc:169) Overall log-likelihood per frame is 1.44572 over 698 frames.
# Accounting: time=1 threads=1
# Ended (code 0) at Mon Aug 14 12:12:44 IST 2023, elapsed time 1 seconds
