# nnet-forward --no-softmax=true --prior-scale=1.0 --feature-transform=exp_FG/blstm4i/final.feature_transform --class-frame-counts=exp_FG/blstm4i/ali_train_pdf.counts --use-gpu=no exp_FG/blstm4i/final.nnet "ark,s,cs:copy-feats scp:data-fbank/test/split10/8/feats.scp ark:- | apply-cmvn --norm-means=true --norm-vars=true --utt2spk=ark:data-fbank/test/split10/8/utt2spk scp:data-fbank/test/split10/8/cmvn.scp ark:- ark:- | add-deltas --delta-order=2 ark:- ark:- |" ark:- | latgen-faster-mapped --min-active=200 --max-active=7000 --max-mem=50000000 --beam=18.0 --lattice-beam=10.0 --acoustic-scale=0.1 --allow-partial=true --word-symbol-table=exp_FG/blstm4i/words.txt exp_FG/blstm4i/final.mdl exp_FG/blstm4i/HCLG.fst ark:- "ark:|gzip -c > exp_FG/blstm4i/decode/lat.8.gz" 
# Started at Thu Aug  3 11:46:48 IST 2023
#
latgen-faster-mapped --min-active=200 --max-active=7000 --max-mem=50000000 --beam=18.0 --lattice-beam=10.0 --acoustic-scale=0.1 --allow-partial=true --word-symbol-table=exp_FG/blstm4i/words.txt exp_FG/blstm4i/final.mdl exp_FG/blstm4i/HCLG.fst ark:- 'ark:|gzip -c > exp_FG/blstm4i/decode/lat.8.gz' 
nnet-forward --no-softmax=true --prior-scale=1.0 --feature-transform=exp_FG/blstm4i/final.feature_transform --class-frame-counts=exp_FG/blstm4i/ali_train_pdf.counts --use-gpu=no exp_FG/blstm4i/final.nnet 'ark,s,cs:copy-feats scp:data-fbank/test/split10/8/feats.scp ark:- | apply-cmvn --norm-means=true --norm-vars=true --utt2spk=ark:data-fbank/test/split10/8/utt2spk scp:data-fbank/test/split10/8/cmvn.scp ark:- ark:- | add-deltas --delta-order=2 ark:- ark:- |' ark:- 
LOG (nnet-forward[5.5.1074~1-71f3]:SelectGpuId():cu-device.cc:168) Manually selected to compute on CPU.
LOG (nnet-forward[5.5.1074~1-71f3]:main():nnet-forward.cc:93) Removing <Softmax> from the nnet exp_FG/blstm4i/final.nnet
LOG (nnet-forward[5.5.1074~1-71f3]:PdfPrior():nnet-pdf-prior.cc:34) Computing pdf-priors from : exp_FG/blstm4i/ali_train_pdf.counts
LOG (nnet-forward[5.5.1074~1-71f3]:PdfPrior():nnet-pdf-prior.cc:64) Floored 0 pdf-priors (hard-set to 1.84467e+19, which disables DNN output when decoding)
copy-feats scp:data-fbank/test/split10/8/feats.scp ark:- 
apply-cmvn --norm-means=true --norm-vars=true --utt2spk=ark:data-fbank/test/split10/8/utt2spk scp:data-fbank/test/split10/8/cmvn.scp ark:- ark:- 
add-deltas --delta-order=2 ark:- ark:- 
MC03_100 mazhai mugam kaanxaada payirxeu uruppadxaadeu 
LOG (latgen-faster-mapped[5.5.1074~1-71f3]:DecodeUtteranceLatticeFaster():decoder-wrappers.cc:375) Log-like per frame for utterance MC03_100 is 1.88062 over 331 frames.
MC03_103 kattiyait tiitxtxaamee puttiyait tiitxtxeu 
LOG (latgen-faster-mapped[5.5.1074~1-71f3]:DecodeUtteranceLatticeFaster():decoder-wrappers.cc:375) Log-like per frame for utterance MC03_103 is 1.87064 over 328 frames.
MC03_105 manam tirxanddeu peeseu 
LOG (latgen-faster-mapped[5.5.1074~1-71f3]:DecodeUtteranceLatticeFaster():decoder-wrappers.cc:375) Log-like per frame for utterance MC03_105 is 1.91193 over 237 frames.
MC03_106 manxal kayirxeu 
LOG (latgen-faster-mapped[5.5.1074~1-71f3]:DecodeUtteranceLatticeFaster():decoder-wrappers.cc:375) Log-like per frame for utterance MC03_106 is 1.87691 over 146 frames.
MC03_119 paanam 
LOG (latgen-faster-mapped[5.5.1074~1-71f3]:DecodeUtteranceLatticeFaster():decoder-wrappers.cc:375) Log-like per frame for utterance MC03_119 is 1.89206 over 127 frames.
MC03_129 karam 
LOG (latgen-faster-mapped[5.5.1074~1-71f3]:DecodeUtteranceLatticeFaster():decoder-wrappers.cc:375) Log-like per frame for utterance MC03_129 is 1.8943 over 93 frames.
MC03_132 pakkam 
LOG (latgen-faster-mapped[5.5.1074~1-71f3]:DecodeUtteranceLatticeFaster():decoder-wrappers.cc:375) Log-like per frame for utterance MC03_132 is 1.91926 over 135 frames.
MC03_136 padakkam 
LOG (latgen-faster-mapped[5.5.1074~1-71f3]:DecodeUtteranceLatticeFaster():decoder-wrappers.cc:375) Log-like per frame for utterance MC03_136 is 1.89773 over 126 frames.
MC03_137 ndaagam 
LOG (latgen-faster-mapped[5.5.1074~1-71f3]:DecodeUtteranceLatticeFaster():decoder-wrappers.cc:375) Log-like per frame for utterance MC03_137 is 1.97903 over 102 frames.
MC03_138 tazhii 
LOG (latgen-faster-mapped[5.5.1074~1-71f3]:DecodeUtteranceLatticeFaster():decoder-wrappers.cc:375) Log-like per frame for utterance MC03_138 is 1.80057 over 115 frames.
MC03_143 sidambaram 
LOG (latgen-faster-mapped[5.5.1074~1-71f3]:DecodeUtteranceLatticeFaster():decoder-wrappers.cc:375) Log-like per frame for utterance MC03_143 is 1.95311 over 146 frames.
MC03_144 tanggam 
LOG (latgen-faster-mapped[5.5.1074~1-71f3]:DecodeUtteranceLatticeFaster():decoder-wrappers.cc:375) Log-like per frame for utterance MC03_144 is 2.01747 over 142 frames.
MC03_145 maadam 
LOG (latgen-faster-mapped[5.5.1074~1-71f3]:DecodeUtteranceLatticeFaster():decoder-wrappers.cc:375) Log-like per frame for utterance MC03_145 is 1.97506 over 91 frames.
MC03_147 kattirikkaay 
LOG (latgen-faster-mapped[5.5.1074~1-71f3]:DecodeUtteranceLatticeFaster():decoder-wrappers.cc:375) Log-like per frame for utterance MC03_147 is 1.89014 over 193 frames.
MC03_149 kambeu 
LOG (latgen-faster-mapped[5.5.1074~1-71f3]:DecodeUtteranceLatticeFaster():decoder-wrappers.cc:375) Log-like per frame for utterance MC03_149 is 2.04974 over 104 frames.
MC03_151 karumbeu 
LOG (latgen-faster-mapped[5.5.1074~1-71f3]:DecodeUtteranceLatticeFaster():decoder-wrappers.cc:375) Log-like per frame for utterance MC03_151 is 1.96544 over 93 frames.
MC03_153 kalwi 
LOG (latgen-faster-mapped[5.5.1074~1-71f3]:DecodeUtteranceLatticeFaster():decoder-wrappers.cc:375) Log-like per frame for utterance MC03_153 is 1.88966 over 102 frames.
MC03_154 kadxidam 
LOG (latgen-faster-mapped[5.5.1074~1-71f3]:DecodeUtteranceLatticeFaster():decoder-wrappers.cc:375) Log-like per frame for utterance MC03_154 is 1.94523 over 93 frames.
MC03_156 senggamalam 
LOG (latgen-faster-mapped[5.5.1074~1-71f3]:DecodeUtteranceLatticeFaster():decoder-wrappers.cc:375) Log-like per frame for utterance MC03_156 is 1.96217 over 144 frames.
MC03_160 paambeu 
LOG (latgen-faster-mapped[5.5.1074~1-71f3]:DecodeUtteranceLatticeFaster():decoder-wrappers.cc:375) Log-like per frame for utterance MC03_160 is 1.95909 over 102 frames.
MC03_162 bakti 
LOG (latgen-faster-mapped[5.5.1074~1-71f3]:DecodeUtteranceLatticeFaster():decoder-wrappers.cc:375) Log-like per frame for utterance MC03_162 is 1.93384 over 124 frames.
MC03_165 panxiweu 
LOG (latgen-faster-mapped[5.5.1074~1-71f3]:DecodeUtteranceLatticeFaster():decoder-wrappers.cc:375) Log-like per frame for utterance MC03_165 is 1.87331 over 135 frames.
MC03_170 sanddiran 
LOG (latgen-faster-mapped[5.5.1074~1-71f3]:DecodeUtteranceLatticeFaster():decoder-wrappers.cc:375) Log-like per frame for utterance MC03_170 is 1.99795 over 122 frames.
MC03_172 sendndiir 
LOG (latgen-faster-mapped[5.5.1074~1-71f3]:DecodeUtteranceLatticeFaster():decoder-wrappers.cc:375) Log-like per frame for utterance MC03_172 is 1.94685 over 115 frames.
MC03_175 puttagam 
LOG (latgen-faster-mapped[5.5.1074~1-71f3]:DecodeUtteranceLatticeFaster():decoder-wrappers.cc:375) Log-like per frame for utterance MC03_175 is 1.872 over 120 frames.
MC03_178 taniyaa 
LOG (latgen-faster-mapped[5.5.1074~1-71f3]:DecodeUtteranceLatticeFaster():decoder-wrappers.cc:375) Log-like per frame for utterance MC03_178 is 1.90308 over 160 frames.
MC03_182 punidam 
LOG (latgen-faster-mapped[5.5.1074~1-71f3]:DecodeUtteranceLatticeFaster():decoder-wrappers.cc:375) Log-like per frame for utterance MC03_182 is 1.86164 over 142 frames.
MC03_185 magudxi 
LOG (latgen-faster-mapped[5.5.1074~1-71f3]:DecodeUtteranceLatticeFaster():decoder-wrappers.cc:375) Log-like per frame for utterance MC03_185 is 1.83037 over 142 frames.
MC03_193 ndaan 
LOG (latgen-faster-mapped[5.5.1074~1-71f3]:DecodeUtteranceLatticeFaster():decoder-wrappers.cc:375) Log-like per frame for utterance MC03_193 is 1.80049 over 107 frames.
MC03_2 anbee kadxawulx 
LOG (latgen-faster-mapped[5.5.1074~1-71f3]:DecodeUtteranceLatticeFaster():decoder-wrappers.cc:375) Log-like per frame for utterance MC03_2 is 1.71502 over 164 frames.
MC03_200 hanuman 
LOG (latgen-faster-mapped[5.5.1074~1-71f3]:DecodeUtteranceLatticeFaster():decoder-wrappers.cc:375) Log-like per frame for utterance MC03_200 is 1.78814 over 118 frames.
MC03_204 aarjidam 
LOG (latgen-faster-mapped[5.5.1074~1-71f3]:DecodeUtteranceLatticeFaster():decoder-wrappers.cc:375) Log-like per frame for utterance MC03_204 is 1.93651 over 135 frames.
MC03_209 ndaanjjil 
LOG (latgen-faster-mapped[5.5.1074~1-71f3]:DecodeUtteranceLatticeFaster():decoder-wrappers.cc:375) Log-like per frame for utterance MC03_209 is 1.73844 over 151 frames.
MC03_22 tambi tamizh puttagam taa 
LOG (latgen-faster-mapped[5.5.1074~1-71f3]:DecodeUtteranceLatticeFaster():decoder-wrappers.cc:375) Log-like per frame for utterance MC03_22 is 1.87871 over 247 frames.
MC03_221 kalwi amaiccar palxlxi wanddaar 
LOG (latgen-faster-mapped[5.5.1074~1-71f3]:DecodeUtteranceLatticeFaster():decoder-wrappers.cc:375) Log-like per frame for utterance MC03_221 is 1.87754 over 238 frames.
MC03_233 isxtxam pool waazhalaam 
LOG (latgen-faster-mapped[5.5.1074~1-71f3]:DecodeUtteranceLatticeFaster():decoder-wrappers.cc:375) Log-like per frame for utterance MC03_233 is 1.94219 over 225 frames.
MC03_239 unxmai kai kodxeukkum 
LOG (latgen-faster-mapped[5.5.1074~1-71f3]:DecodeUtteranceLatticeFaster():decoder-wrappers.cc:375) Log-like per frame for utterance MC03_239 is 1.88554 over 143 frames.
MC03_24 karumbeu inikkum 
LOG (latgen-faster-mapped[5.5.1074~1-71f3]:DecodeUtteranceLatticeFaster():decoder-wrappers.cc:375) Log-like per frame for utterance MC03_24 is 1.87763 over 180 frames.
MC03_245 wibattil uunam wanddadeu 
LOG (latgen-faster-mapped[5.5.1074~1-71f3]:DecodeUtteranceLatticeFaster():decoder-wrappers.cc:375) Log-like per frame for utterance MC03_245 is 1.93356 over 232 frames.
MC03_246 uuham seyyaadee 
LOG (latgen-faster-mapped[5.5.1074~1-71f3]:DecodeUtteranceLatticeFaster():decoder-wrappers.cc:375) Log-like per frame for utterance MC03_246 is 1.97879 over 186 frames.
MC03_247 adeu endda uur 
LOG (latgen-faster-mapped[5.5.1074~1-71f3]:DecodeUtteranceLatticeFaster():decoder-wrappers.cc:375) Log-like per frame for utterance MC03_247 is 1.73486 over 163 frames.
MC03_25 tanggattin wilai uyarnddadeu 
LOG (latgen-faster-mapped[5.5.1074~1-71f3]:DecodeUtteranceLatticeFaster():decoder-wrappers.cc:375) Log-like per frame for utterance MC03_25 is 1.91137 over 230 frames.
MC03_264 madippenx oppiidxeu tawarxeu 
LOG (latgen-faster-mapped[5.5.1074~1-71f3]:DecodeUtteranceLatticeFaster():decoder-wrappers.cc:375) Log-like per frame for utterance MC03_264 is 1.9734 over 247 frames.
MC03_269 ndadxai ozhunggeu sey 
LOG (latgen-faster-mapped[5.5.1074~1-71f3]:DecodeUtteranceLatticeFaster():decoder-wrappers.cc:375) Log-like per frame for utterance MC03_269 is 1.94521 over 172 frames.
MC03_273 oolaiccuwadxi padxi 
LOG (latgen-faster-mapped[5.5.1074~1-71f3]:DecodeUtteranceLatticeFaster():decoder-wrappers.cc:375) Log-like per frame for utterance MC03_273 is 1.90431 over 177 frames.
MC03_275 kasxaayam udxaleukkeu ndalladeu 
LOG (latgen-faster-mapped[5.5.1074~1-71f3]:DecodeUtteranceLatticeFaster():decoder-wrappers.cc:375) Log-like per frame for utterance MC03_275 is 2.07697 over 218 frames.
MC03_278 mannan kiriidxam eenddinaan 
LOG (latgen-faster-mapped[5.5.1074~1-71f3]:DecodeUtteranceLatticeFaster():decoder-wrappers.cc:375) Log-like per frame for utterance MC03_278 is 1.91862 over 254 frames.
MC03_279 kiizhee kuurnddeu paar 
LOG (latgen-faster-mapped[5.5.1074~1-71f3]:DecodeUtteranceLatticeFaster():decoder-wrappers.cc:375) Log-like per frame for utterance MC03_279 is 1.84166 over 231 frames.
MC03_28 padxam paartteu kadai sol 
LOG (latgen-faster-mapped[5.5.1074~1-71f3]:DecodeUtteranceLatticeFaster():decoder-wrappers.cc:375) Log-like per frame for utterance MC03_28 is 1.86049 over 242 frames.
MC03_29 kitxtxawanddaal mutxtxap pagai 
LOG (latgen-faster-mapped[5.5.1074~1-71f3]:DecodeUtteranceLatticeFaster():decoder-wrappers.cc:375) Log-like per frame for utterance MC03_29 is 1.84422 over 266 frames.
MC03_291 saambal kari pal tulakka udawum 
LOG (latgen-faster-mapped[5.5.1074~1-71f3]:DecodeUtteranceLatticeFaster():decoder-wrappers.cc:375) Log-like per frame for utterance MC03_291 is 1.92177 over 281 frames.
MC03_301 seewalin kuuwalil pozhudeu widxiyum 
LOG (latgen-faster-mapped[5.5.1074~1-71f3]:DecodeUtteranceLatticeFaster():decoder-wrappers.cc:375) Log-like per frame for utterance MC03_301 is 1.90033 over 236 frames.
MC03_31 adxaadeu seydawan padxaadeu padxuwaan 
LOG (latgen-faster-mapped[5.5.1074~1-71f3]:DecodeUtteranceLatticeFaster():decoder-wrappers.cc:375) Log-like per frame for utterance MC03_31 is 1.80524 over 303 frames.
MC03_327 kaalai bajanai migawum pirabalam 
LOG (latgen-faster-mapped[5.5.1074~1-71f3]:DecodeUtteranceLatticeFaster():decoder-wrappers.cc:375) Log-like per frame for utterance MC03_327 is 1.87595 over 336 frames.
MC03_328 indda raajaa endda baasxai peesinaar 
LOG (latgen-faster-mapped[5.5.1074~1-71f3]:DecodeUtteranceLatticeFaster():decoder-wrappers.cc:375) Log-like per frame for utterance MC03_328 is 1.88085 over 336 frames.
MC03_329 en purusxan balasaali 
LOG (latgen-faster-mapped[5.5.1074~1-71f3]:DecodeUtteranceLatticeFaster():decoder-wrappers.cc:375) Log-like per frame for utterance MC03_329 is 1.85009 over 259 frames.
MC03_331 puurwa jenma banddam 
LOG (latgen-faster-mapped[5.5.1074~1-71f3]:DecodeUtteranceLatticeFaster():decoder-wrappers.cc:375) Log-like per frame for utterance MC03_331 is 1.79652 over 242 frames.
MC03_34 otxrxumaiyee balam 
LOG (latgen-faster-mapped[5.5.1074~1-71f3]:DecodeUtteranceLatticeFaster():decoder-wrappers.cc:375) Log-like per frame for utterance MC03_34 is 1.81183 over 167 frames.
MC03_342 muulxai illaadawan mutxtxaalx 
LOG (latgen-faster-mapped[5.5.1074~1-71f3]:DecodeUtteranceLatticeFaster():decoder-wrappers.cc:375) Log-like per frame for utterance MC03_342 is 1.73594 over 232 frames.
MC03_349 tuukkam udxaleukkeu ndalladeu 
LOG (latgen-faster-mapped[5.5.1074~1-71f3]:DecodeUtteranceLatticeFaster():decoder-wrappers.cc:375) Log-like per frame for utterance MC03_349 is 1.9722 over 259 frames.
MC03_354 en wiidi wazhiyaaga sellum peerunddeu 
LOG (latgen-faster-mapped[5.5.1074~1-71f3]:DecodeUtteranceLatticeFaster():decoder-wrappers.cc:375) Log-like per frame for utterance MC03_354 is 1.89862 over 336 frames.
MC03_356 janawari mudal maadam 
LOG (latgen-faster-mapped[5.5.1074~1-71f3]:DecodeUtteranceLatticeFaster():decoder-wrappers.cc:375) Log-like per frame for utterance MC03_356 is 2.02521 over 204 frames.
MC03_361 ajiiranxak koolxaarxeu 
LOG (latgen-faster-mapped[5.5.1074~1-71f3]:DecodeUtteranceLatticeFaster():decoder-wrappers.cc:375) Log-like per frame for utterance MC03_361 is 1.85322 over 253 frames.
MC03_363 ndiinggalx sxeemamaaga irunggalx 
LOG (latgen-faster-mapped[5.5.1074~1-71f3]:DecodeUtteranceLatticeFaster():decoder-wrappers.cc:375) Log-like per frame for utterance MC03_363 is 1.89153 over 279 frames.
MC03_365 winjnjaana walxarcci ndaatxtxeu walxarcci 
LOG (latgen-faster-mapped[5.5.1074~1-71f3]:DecodeUtteranceLatticeFaster():decoder-wrappers.cc:375) Log-like per frame for utterance MC03_365 is 1.82651 over 328 frames.
MC03_39 parambarai sotteu 
LOG (latgen-faster-mapped[5.5.1074~1-71f3]:DecodeUtteranceLatticeFaster():decoder-wrappers.cc:375) Log-like per frame for utterance MC03_39 is 1.78497 over 224 frames.
MC03_40 paagam kurxi 
LOG (latgen-faster-mapped[5.5.1074~1-71f3]:DecodeUtteranceLatticeFaster():decoder-wrappers.cc:375) Log-like per frame for utterance MC03_40 is 1.86079 over 147 frames.
MC03_41 taajmahaalai katxtxiyawar sxaajagaan 
LOG (latgen-faster-mapped[5.5.1074~1-71f3]:DecodeUtteranceLatticeFaster():decoder-wrappers.cc:375) Log-like per frame for utterance MC03_41 is 1.75872 over 257 frames.
MC03_47 mazhai meegam 
LOG (latgen-faster-mapped[5.5.1074~1-71f3]:DecodeUtteranceLatticeFaster():decoder-wrappers.cc:375) Log-like per frame for utterance MC03_47 is 1.87071 over 157 frames.
MC03_48 sanggee muzhanggeu 
LOG (latgen-faster-mapped[5.5.1074~1-71f3]:DecodeUtteranceLatticeFaster():decoder-wrappers.cc:375) Log-like per frame for utterance MC03_48 is 1.92748 over 183 frames.
MC03_49 waarattin mudal ndaalx tinggalx 
LOG (latgen-faster-mapped[5.5.1074~1-71f3]:DecodeUtteranceLatticeFaster():decoder-wrappers.cc:375) Log-like per frame for utterance MC03_49 is 1.86534 over 286 frames.
MC03_5 eerxpadeu igazhcci 
LOG (latgen-faster-mapped[5.5.1074~1-71f3]:DecodeUtteranceLatticeFaster():decoder-wrappers.cc:375) Log-like per frame for utterance MC03_5 is 1.87824 over 172 frames.
LOG (copy-feats[5.5.1074~1-71f3]:main():copy-feats.cc:143) Copied 82 feature matrices.
MC03_53 inggeu tangguwadarxkeu ilawasam 
LOG (latgen-faster-mapped[5.5.1074~1-71f3]:DecodeUtteranceLatticeFaster():decoder-wrappers.cc:375) Log-like per frame for utterance MC03_53 is 1.88091 over 278 frames.
MC03_56 kaalaiyil ezheu 
LOG (latgen-faster-mapped[5.5.1074~1-71f3]:DecodeUtteranceLatticeFaster():decoder-wrappers.cc:375) Log-like per frame for utterance MC03_56 is 1.79797 over 247 frames.
MC03_57 insol iyambeu 
LOG (latgen-faster-mapped[5.5.1074~1-71f3]:DecodeUtteranceLatticeFaster():decoder-wrappers.cc:375) Log-like per frame for utterance MC03_57 is 1.79446 over 199 frames.
MC03_61 aimpulan adxakkeu 
LOG (latgen-faster-mapped[5.5.1074~1-71f3]:DecodeUtteranceLatticeFaster():decoder-wrappers.cc:375) Log-like per frame for utterance MC03_61 is 1.87963 over 237 frames.
MC03_69 kuyil kuuwum 
LOG (latgen-faster-mapped[5.5.1074~1-71f3]:DecodeUtteranceLatticeFaster():decoder-wrappers.cc:375) Log-like per frame for utterance MC03_69 is 1.82859 over 144 frames.
LOG (apply-cmvn[5.5.1074~1-71f3]:main():apply-cmvn.cc:159) Applied cepstral mean and variance normalization to 82 utterances, errors on 0
MC03_7 muyarxci ndanmai tarum 
LOG (latgen-faster-mapped[5.5.1074~1-71f3]:DecodeUtteranceLatticeFaster():decoder-wrappers.cc:375) Log-like per frame for utterance MC03_7 is 1.74199 over 183 frames.
MC03_77 kuudxi waazhnddaal koodxi ndanmai 
LOG (latgen-faster-mapped[5.5.1074~1-71f3]:DecodeUtteranceLatticeFaster():decoder-wrappers.cc:375) Log-like per frame for utterance MC03_77 is 1.82883 over 262 frames.
MC03_88 yaadum uuree yaawarum keelxir 
LOG (latgen-faster-mapped[5.5.1074~1-71f3]:DecodeUtteranceLatticeFaster():decoder-wrappers.cc:375) Log-like per frame for utterance MC03_88 is 1.80314 over 323 frames.
MC03_89 tiidum ndanrxum pirxar tara waaraa 
LOG (latgen-faster-mapped[5.5.1074~1-71f3]:DecodeUtteranceLatticeFaster():decoder-wrappers.cc:375) Log-like per frame for utterance MC03_89 is 1.865 over 299 frames.
LOG (nnet-forward[5.5.1074~1-71f3]:main():nnet-forward.cc:192) Done 82 files in 0.273427min, (fps 987.282)
MC03_9 inddiyaawin talaindagaram txelli 
LOG (latgen-faster-mapped[5.5.1074~1-71f3]:DecodeUtteranceLatticeFaster():decoder-wrappers.cc:375) Log-like per frame for utterance MC03_9 is 1.6936 over 212 frames.
LOG (latgen-faster-mapped[5.5.1074~1-71f3]:main():latgen-faster-mapped.cc:164) Time taken 16.5029s: real-time factor assuming 100 frames/sec is 0.101889
LOG (latgen-faster-mapped[5.5.1074~1-71f3]:main():latgen-faster-mapped.cc:167) Done 82 utterances, failed for 0
LOG (latgen-faster-mapped[5.5.1074~1-71f3]:main():latgen-faster-mapped.cc:169) Overall log-likelihood per frame is 1.87506 over 16197 frames.
# Accounting: time=16 threads=1
# Ended (code 0) at Thu Aug  3 11:47:04 IST 2023, elapsed time 16 seconds
