# nnet-forward --no-softmax=true --prior-scale=1.0 --feature-transform=exp_FG/blstm4i/final.feature_transform --class-frame-counts=exp_FG/blstm4i/ali_train_pdf.counts --use-gpu=no exp_FG/blstm4i/final.nnet "ark,s,cs:copy-feats scp:data-fbank/test/split10/6/feats.scp ark:- | apply-cmvn --norm-means=true --norm-vars=true --utt2spk=ark:data-fbank/test/split10/6/utt2spk scp:data-fbank/test/split10/6/cmvn.scp ark:- ark:- | add-deltas --delta-order=2 ark:- ark:- |" ark:- | latgen-faster-mapped --min-active=200 --max-active=7000 --max-mem=50000000 --beam=18.0 --lattice-beam=10.0 --acoustic-scale=0.1 --allow-partial=true --word-symbol-table=exp_FG/blstm4i/words.txt exp_FG/blstm4i/final.mdl exp_FG/blstm4i/HCLG.fst ark:- "ark:|gzip -c > exp_FG/blstm4i/decode/lat.6.gz" 
# Started at Thu Aug  3 11:46:48 IST 2023
#
latgen-faster-mapped --min-active=200 --max-active=7000 --max-mem=50000000 --beam=18.0 --lattice-beam=10.0 --acoustic-scale=0.1 --allow-partial=true --word-symbol-table=exp_FG/blstm4i/words.txt exp_FG/blstm4i/final.mdl exp_FG/blstm4i/HCLG.fst ark:- 'ark:|gzip -c > exp_FG/blstm4i/decode/lat.6.gz' 
nnet-forward --no-softmax=true --prior-scale=1.0 --feature-transform=exp_FG/blstm4i/final.feature_transform --class-frame-counts=exp_FG/blstm4i/ali_train_pdf.counts --use-gpu=no exp_FG/blstm4i/final.nnet 'ark,s,cs:copy-feats scp:data-fbank/test/split10/6/feats.scp ark:- | apply-cmvn --norm-means=true --norm-vars=true --utt2spk=ark:data-fbank/test/split10/6/utt2spk scp:data-fbank/test/split10/6/cmvn.scp ark:- ark:- | add-deltas --delta-order=2 ark:- ark:- |' ark:- 
LOG (nnet-forward[5.5.1074~1-71f3]:SelectGpuId():cu-device.cc:168) Manually selected to compute on CPU.
LOG (nnet-forward[5.5.1074~1-71f3]:main():nnet-forward.cc:93) Removing <Softmax> from the nnet exp_FG/blstm4i/final.nnet
LOG (nnet-forward[5.5.1074~1-71f3]:PdfPrior():nnet-pdf-prior.cc:34) Computing pdf-priors from : exp_FG/blstm4i/ali_train_pdf.counts
LOG (nnet-forward[5.5.1074~1-71f3]:PdfPrior():nnet-pdf-prior.cc:64) Floored 0 pdf-priors (hard-set to 1.84467e+19, which disables DNN output when decoding)
apply-cmvn --norm-means=true --norm-vars=true --utt2spk=ark:data-fbank/test/split10/6/utt2spk scp:data-fbank/test/split10/6/cmvn.scp ark:- ark:- 
copy-feats scp:data-fbank/test/split10/6/feats.scp ark:- 
add-deltas --delta-order=2 ark:- ark:- 
MC01_104 tootxtxattai gawani 
LOG (latgen-faster-mapped[5.5.1074~1-71f3]:DecodeUtteranceLatticeFaster():decoder-wrappers.cc:375) Log-like per frame for utterance MC01_104 is 1.97396 over 300 frames.
MC01_106 manxal kayirxeu 
LOG (latgen-faster-mapped[5.5.1074~1-71f3]:DecodeUtteranceLatticeFaster():decoder-wrappers.cc:375) Log-like per frame for utterance MC01_106 is 2.00202 over 294 frames.
MC01_107 padxa padxa 
LOG (latgen-faster-mapped[5.5.1074~1-71f3]:DecodeUtteranceLatticeFaster():decoder-wrappers.cc:375) Log-like per frame for utterance MC01_107 is 1.85193 over 226 frames.
MC01_113 isxtxam 
LOG (latgen-faster-mapped[5.5.1074~1-71f3]:DecodeUtteranceLatticeFaster():decoder-wrappers.cc:375) Log-like per frame for utterance MC01_113 is 1.9095 over 162 frames.
MC01_119 paanam 
LOG (latgen-faster-mapped[5.5.1074~1-71f3]:DecodeUtteranceLatticeFaster():decoder-wrappers.cc:375) Log-like per frame for utterance MC01_119 is 1.90314 over 106 frames.
MC01_123 pappadxam 
LOG (latgen-faster-mapped[5.5.1074~1-71f3]:DecodeUtteranceLatticeFaster():decoder-wrappers.cc:375) Log-like per frame for utterance MC01_123 is 1.85736 over 123 frames.
MC01_126 iiram 
LOG (latgen-faster-mapped[5.5.1074~1-71f3]:DecodeUtteranceLatticeFaster():decoder-wrappers.cc:375) Log-like per frame for utterance MC01_126 is 1.87674 over 162 frames.
MC01_127 rambam 
LOG (latgen-faster-mapped[5.5.1074~1-71f3]:DecodeUtteranceLatticeFaster():decoder-wrappers.cc:375) Log-like per frame for utterance MC01_127 is 1.92226 over 219 frames.
MC01_130 saram 
LOG (latgen-faster-mapped[5.5.1074~1-71f3]:DecodeUtteranceLatticeFaster():decoder-wrappers.cc:375) Log-like per frame for utterance MC01_130 is 1.97775 over 147 frames.
MC01_140 taraadaram 
LOG (latgen-faster-mapped[5.5.1074~1-71f3]:DecodeUtteranceLatticeFaster():decoder-wrappers.cc:375) Log-like per frame for utterance MC01_140 is 1.9154 over 198 frames.
MC01_157 karuttaranggam 
LOG (latgen-faster-mapped[5.5.1074~1-71f3]:DecodeUtteranceLatticeFaster():decoder-wrappers.cc:375) Log-like per frame for utterance MC01_157 is 1.94156 over 258 frames.
MC01_158 padxam 
LOG (latgen-faster-mapped[5.5.1074~1-71f3]:DecodeUtteranceLatticeFaster():decoder-wrappers.cc:375) Log-like per frame for utterance MC01_158 is 1.94228 over 155 frames.
MC01_176 tanxnxiir 
LOG (latgen-faster-mapped[5.5.1074~1-71f3]:DecodeUtteranceLatticeFaster():decoder-wrappers.cc:375) Log-like per frame for utterance MC01_176 is 1.90183 over 162 frames.
MC01_180 tanddai 
LOG (latgen-faster-mapped[5.5.1074~1-71f3]:DecodeUtteranceLatticeFaster():decoder-wrappers.cc:375) Log-like per frame for utterance MC01_180 is 1.9556 over 210 frames.
MC01_181 moodiram 
LOG (latgen-faster-mapped[5.5.1074~1-71f3]:DecodeUtteranceLatticeFaster():decoder-wrappers.cc:375) Log-like per frame for utterance MC01_181 is 1.8934 over 159 frames.
MC01_199 harisxtxam 
LOG (latgen-faster-mapped[5.5.1074~1-71f3]:DecodeUtteranceLatticeFaster():decoder-wrappers.cc:375) Log-like per frame for utterance MC01_199 is 1.90808 over 193 frames.
MC01_203 amsanggalx 
LOG (latgen-faster-mapped[5.5.1074~1-71f3]:DecodeUtteranceLatticeFaster():decoder-wrappers.cc:375) Log-like per frame for utterance MC01_203 is 1.91548 over 229 frames.
MC01_205 kaanjjipuram 
LOG (latgen-faster-mapped[5.5.1074~1-71f3]:DecodeUtteranceLatticeFaster():decoder-wrappers.cc:375) Log-like per frame for utterance MC01_205 is 1.86417 over 202 frames.
MC01_21 paappaa padxam paar 
LOG (latgen-faster-mapped[5.5.1074~1-71f3]:DecodeUtteranceLatticeFaster():decoder-wrappers.cc:375) Log-like per frame for utterance MC01_21 is 1.9059 over 299 frames.
MC01_217 selwam adirsxtxam tarum 
LOG (latgen-faster-mapped[5.5.1074~1-71f3]:DecodeUtteranceLatticeFaster():decoder-wrappers.cc:375) Log-like per frame for utterance MC01_217 is 2.00127 over 349 frames.
MC01_218 widiyai miirxinaal abaraadam 
LOG (latgen-faster-mapped[5.5.1074~1-71f3]:DecodeUtteranceLatticeFaster():decoder-wrappers.cc:375) Log-like per frame for utterance MC01_218 is 1.98027 over 440 frames.
MC01_223 asxtxalaksxmi puujai ndalamalxikkum 
LOG (latgen-faster-mapped[5.5.1074~1-71f3]:DecodeUtteranceLatticeFaster():decoder-wrappers.cc:375) Log-like per frame for utterance MC01_223 is 1.90619 over 358 frames.
MC01_224 ahimsai wazhiyaip pinpatxrxeu 
LOG (latgen-faster-mapped[5.5.1074~1-71f3]:DecodeUtteranceLatticeFaster():decoder-wrappers.cc:375) Log-like per frame for utterance MC01_224 is 1.99694 over 338 frames.
MC01_225 jeyhindd enrxeu kuurxeu 
LOG (latgen-faster-mapped[5.5.1074~1-71f3]:DecodeUtteranceLatticeFaster():decoder-wrappers.cc:375) Log-like per frame for utterance MC01_225 is 1.98158 over 283 frames.
MC01_226 aanggilam oreu mozhi 
LOG (latgen-faster-mapped[5.5.1074~1-71f3]:DecodeUtteranceLatticeFaster():decoder-wrappers.cc:375) Log-like per frame for utterance MC01_226 is 1.90829 over 239 frames.
MC01_228 raamar aajar aanaar 
LOG (latgen-faster-mapped[5.5.1074~1-71f3]:DecodeUtteranceLatticeFaster():decoder-wrappers.cc:375) Log-like per frame for utterance MC01_228 is 1.88948 over 288 frames.
MC01_230 anggee inggee paarkkaadee 
LOG (latgen-faster-mapped[5.5.1074~1-71f3]:DecodeUtteranceLatticeFaster():decoder-wrappers.cc:375) Log-like per frame for utterance MC01_230 is 2.00468 over 346 frames.
MC01_231 injji maruttuwa gunxam waaynddadeu 
LOG (latgen-faster-mapped[5.5.1074~1-71f3]:DecodeUtteranceLatticeFaster():decoder-wrappers.cc:375) Log-like per frame for utterance MC01_231 is 1.9883 over 548 frames.
MC01_239 unxmai kai kodxeukkum 
LOG (latgen-faster-mapped[5.5.1074~1-71f3]:DecodeUtteranceLatticeFaster():decoder-wrappers.cc:375) Log-like per frame for utterance MC01_239 is 1.90603 over 314 frames.
MC01_251 kanrxeu unxaweukkeu eenggum 
LOG (latgen-faster-mapped[5.5.1074~1-71f3]:DecodeUtteranceLatticeFaster():decoder-wrappers.cc:375) Log-like per frame for utterance MC01_251 is 1.936 over 393 frames.
MC01_256 eewuganxai eenddeu 
LOG (latgen-faster-mapped[5.5.1074~1-71f3]:DecodeUtteranceLatticeFaster():decoder-wrappers.cc:375) Log-like per frame for utterance MC01_256 is 1.93203 over 370 frames.
MC01_257 awan eezhai illai 
LOG (latgen-faster-mapped[5.5.1074~1-71f3]:DecodeUtteranceLatticeFaster():decoder-wrappers.cc:375) Log-like per frame for utterance MC01_257 is 1.86149 over 255 frames.
MC01_261 onbadeu koolxgalx ulxlxadeu 
LOG (latgen-faster-mapped[5.5.1074~1-71f3]:DecodeUtteranceLatticeFaster():decoder-wrappers.cc:375) Log-like per frame for utterance MC01_261 is 2.0261 over 314 frames.
MC01_263 idxa odeukkiidxeu sey 
LOG (latgen-faster-mapped[5.5.1074~1-71f3]:DecodeUtteranceLatticeFaster():decoder-wrappers.cc:375) Log-like per frame for utterance MC01_263 is 1.86223 over 263 frames.
MC01_265 tozhil oppudal sey 
LOG (latgen-faster-mapped[5.5.1074~1-71f3]:DecodeUtteranceLatticeFaster():decoder-wrappers.cc:375) Log-like per frame for utterance MC01_265 is 1.92178 over 381 frames.
MC01_266 biins oruwagai kaay 
LOG (latgen-faster-mapped[5.5.1074~1-71f3]:DecodeUtteranceLatticeFaster():decoder-wrappers.cc:375) Log-like per frame for utterance MC01_266 is 1.90517 over 457 frames.
MC01_269 ndadxai ozhunggeu sey 
LOG (latgen-faster-mapped[5.5.1074~1-71f3]:DecodeUtteranceLatticeFaster():decoder-wrappers.cc:375) Log-like per frame for utterance MC01_269 is 1.88733 over 298 frames.
MC01_271 onrxaam paagam ndanrxaaga irunddadeu 
LOG (latgen-faster-mapped[5.5.1074~1-71f3]:DecodeUtteranceLatticeFaster():decoder-wrappers.cc:375) Log-like per frame for utterance MC01_271 is 2.01866 over 401 frames.
MC01_288 ndaan eppozhudum sanddoosxamaaga iruppeen 
LOG (latgen-faster-mapped[5.5.1074~1-71f3]:DecodeUtteranceLatticeFaster():decoder-wrappers.cc:375) Log-like per frame for utterance MC01_288 is 1.86541 over 423 frames.
MC01_293 guruwai sisxyan wanxangginaan 
LOG (latgen-faster-mapped[5.5.1074~1-71f3]:DecodeUtteranceLatticeFaster():decoder-wrappers.cc:375) Log-like per frame for utterance MC01_293 is 1.85719 over 343 frames.
MC01_311 purxaa tuudeu anuppa tolai duuram parxanddadeu 
LOG (latgen-faster-mapped[5.5.1074~1-71f3]:DecodeUtteranceLatticeFaster():decoder-wrappers.cc:375) Log-like per frame for utterance MC01_311 is 1.95617 over 491 frames.
MC01_313 kutxtxaiyil tanxnxiir teenggiyadeu 
LOG (latgen-faster-mapped[5.5.1074~1-71f3]:DecodeUtteranceLatticeFaster():decoder-wrappers.cc:375) Log-like per frame for utterance MC01_313 is 1.95355 over 372 frames.
MC01_315 toosxattirxkeu parigaaram sey 
LOG (latgen-faster-mapped[5.5.1074~1-71f3]:DecodeUtteranceLatticeFaster():decoder-wrappers.cc:375) Log-like per frame for utterance MC01_315 is 1.91781 over 433 frames.
MC01_325 panjjeu nderuppil karugiyadeu 
LOG (latgen-faster-mapped[5.5.1074~1-71f3]:DecodeUtteranceLatticeFaster():decoder-wrappers.cc:375) Log-like per frame for utterance MC01_325 is 1.95892 over 365 frames.
MC01_327 kaalai bajanai migawum pirabalam 
LOG (latgen-faster-mapped[5.5.1074~1-71f3]:DecodeUtteranceLatticeFaster():decoder-wrappers.cc:375) Log-like per frame for utterance MC01_327 is 1.77508 over 520 frames.
MC01_33 paarttaal puunai paaynddaal puli 
LOG (latgen-faster-mapped[5.5.1074~1-71f3]:DecodeUtteranceLatticeFaster():decoder-wrappers.cc:375) Log-like per frame for utterance MC01_33 is 1.92685 over 447 frames.
MC01_330 buwaneesxwar uuril puugambam 
LOG (latgen-faster-mapped[5.5.1074~1-71f3]:DecodeUtteranceLatticeFaster():decoder-wrappers.cc:375) Log-like per frame for utterance MC01_330 is 1.89242 over 443 frames.
MC01_331 puurwa jenma banddam 
LOG (latgen-faster-mapped[5.5.1074~1-71f3]:DecodeUtteranceLatticeFaster():decoder-wrappers.cc:375) Log-like per frame for utterance MC01_331 is 1.89217 over 333 frames.
MC01_337 raagi poosxaakkaana unxaweu 
LOG (latgen-faster-mapped[5.5.1074~1-71f3]:DecodeUtteranceLatticeFaster():decoder-wrappers.cc:375) Log-like per frame for utterance MC01_337 is 1.90764 over 352 frames.
MC01_342 muulxai illaadawan mutxtxaalx 
LOG (latgen-faster-mapped[5.5.1074~1-71f3]:DecodeUtteranceLatticeFaster():decoder-wrappers.cc:375) Log-like per frame for utterance MC01_342 is 1.89293 over 477 frames.
MC01_355 jadxai pinni weesxam poodxeu 
LOG (latgen-faster-mapped[5.5.1074~1-71f3]:DecodeUtteranceLatticeFaster():decoder-wrappers.cc:375) Log-like per frame for utterance MC01_355 is 1.98238 over 375 frames.
MC01_357 janamee ndam balam 
LOG (latgen-faster-mapped[5.5.1074~1-71f3]:DecodeUtteranceLatticeFaster():decoder-wrappers.cc:375) Log-like per frame for utterance MC01_357 is 1.89136 over 315 frames.
MC01_363 ndiinggalx sxeemamaaga irunggalx 
LOG (latgen-faster-mapped[5.5.1074~1-71f3]:DecodeUtteranceLatticeFaster():decoder-wrappers.cc:375) Log-like per frame for utterance MC01_363 is 1.94101 over 515 frames.
MC01_38 pambaram suzhatxrxeu 
LOG (latgen-faster-mapped[5.5.1074~1-71f3]:DecodeUtteranceLatticeFaster():decoder-wrappers.cc:375) Log-like per frame for utterance MC01_38 is 2.0116 over 225 frames.
MC01_44 onrxee kulam onrxee jaadi 
LOG (latgen-faster-mapped[5.5.1074~1-71f3]:DecodeUtteranceLatticeFaster():decoder-wrappers.cc:375) Log-like per frame for utterance MC01_44 is 1.99711 over 403 frames.
MC01_53 inggeu tangguwadarxkeu ilawasam 
LOG (latgen-faster-mapped[5.5.1074~1-71f3]:DecodeUtteranceLatticeFaster():decoder-wrappers.cc:375) Log-like per frame for utterance MC01_53 is 1.97838 over 376 frames.
MC01_55 makkalx mannarai waazhttinaargalx 
LOG (latgen-faster-mapped[5.5.1074~1-71f3]:DecodeUtteranceLatticeFaster():decoder-wrappers.cc:375) Log-like per frame for utterance MC01_55 is 2.0028 over 360 frames.
MC01_62 ooywinrxi uzhai 
LOG (latgen-faster-mapped[5.5.1074~1-71f3]:DecodeUtteranceLatticeFaster():decoder-wrappers.cc:375) Log-like per frame for utterance MC01_62 is 1.86741 over 252 frames.
MC01_68 kanddaiyaanaalum kasakkik katxtxeu 
LOG (latgen-faster-mapped[5.5.1074~1-71f3]:DecodeUtteranceLatticeFaster():decoder-wrappers.cc:375) Log-like per frame for utterance MC01_68 is 2.06136 over 406 frames.
MC01_69 kuyil kuuwum 
LOG (latgen-faster-mapped[5.5.1074~1-71f3]:DecodeUtteranceLatticeFaster():decoder-wrappers.cc:375) Log-like per frame for utterance MC01_69 is 1.89577 over 214 frames.
LOG (copy-feats[5.5.1074~1-71f3]:main():copy-feats.cc:143) Copied 66 feature matrices.
MC01_70 ndari uulxaiyidxum 
LOG (latgen-faster-mapped[5.5.1074~1-71f3]:DecodeUtteranceLatticeFaster():decoder-wrappers.cc:375) Log-like per frame for utterance MC01_70 is 1.93106 over 208 frames.
MC01_75 alxaweukkeu minjjinaal amudamum wisxam 
LOG (latgen-faster-mapped[5.5.1074~1-71f3]:DecodeUtteranceLatticeFaster():decoder-wrappers.cc:375) Log-like per frame for utterance MC01_75 is 1.93384 over 344 frames.
LOG (apply-cmvn[5.5.1074~1-71f3]:main():apply-cmvn.cc:159) Applied cepstral mean and variance normalization to 66 utterances, errors on 0
MC01_76 ikkaraikkeu akkaraip paccai 
LOG (latgen-faster-mapped[5.5.1074~1-71f3]:DecodeUtteranceLatticeFaster():decoder-wrappers.cc:375) Log-like per frame for utterance MC01_76 is 1.97734 over 289 frames.
MC01_79 tiiraakkoobam pooraay mudxiyum 
LOG (latgen-faster-mapped[5.5.1074~1-71f3]:DecodeUtteranceLatticeFaster():decoder-wrappers.cc:375) Log-like per frame for utterance MC01_79 is 1.95385 over 426 frames.
MC01_83 aadxaiyil padxiwadeu karxai 
LOG (latgen-faster-mapped[5.5.1074~1-71f3]:DecodeUtteranceLatticeFaster():decoder-wrappers.cc:375) Log-like per frame for utterance MC01_83 is 2.06078 over 343 frames.
LOG (nnet-forward[5.5.1074~1-71f3]:main():nnet-forward.cc:192) Done 66 files in 0.295584min, (fps 1177.1)
MC01_98 accamillaadawan ambalam eerxuwaan 
LOG (latgen-faster-mapped[5.5.1074~1-71f3]:DecodeUtteranceLatticeFaster():decoder-wrappers.cc:375) Log-like per frame for utterance MC01_98 is 1.96982 over 387 frames.
LOG (latgen-faster-mapped[5.5.1074~1-71f3]:main():latgen-faster-mapped.cc:164) Time taken 17.8584s: real-time factor assuming 100 frames/sec is 0.0855451
LOG (latgen-faster-mapped[5.5.1074~1-71f3]:main():latgen-faster-mapped.cc:167) Done 66 utterances, failed for 0
LOG (latgen-faster-mapped[5.5.1074~1-71f3]:main():latgen-faster-mapped.cc:169) Overall log-likelihood per frame is 1.93667 over 20876 frames.
# Accounting: time=18 threads=1
# Ended (code 0) at Thu Aug  3 11:47:06 IST 2023, elapsed time 18 seconds
