# nnet-forward --no-softmax=true --prior-scale=1.0 --feature-transform=exp_FG/blstm4i/final.feature_transform --class-frame-counts=exp_FG/blstm4i/ali_train_pdf.counts --use-gpu=no exp_FG/blstm4i/final.nnet "ark,s,cs:copy-feats scp:data-fbank/test/split10/4/feats.scp ark:- | apply-cmvn --norm-means=true --norm-vars=true --utt2spk=ark:data-fbank/test/split10/4/utt2spk scp:data-fbank/test/split10/4/cmvn.scp ark:- ark:- | add-deltas --delta-order=2 ark:- ark:- |" ark:- | latgen-faster-mapped --min-active=200 --max-active=7000 --max-mem=50000000 --beam=18.0 --lattice-beam=10.0 --acoustic-scale=0.1 --allow-partial=true --word-symbol-table=exp_FG/blstm4i/words.txt exp_FG/blstm4i/final.mdl exp_FG/blstm4i/HCLG.fst ark:- "ark:|gzip -c > exp_FG/blstm4i/decode/lat.4.gz" 
# Started at Thu Aug  3 11:46:48 IST 2023
#
latgen-faster-mapped --min-active=200 --max-active=7000 --max-mem=50000000 --beam=18.0 --lattice-beam=10.0 --acoustic-scale=0.1 --allow-partial=true --word-symbol-table=exp_FG/blstm4i/words.txt exp_FG/blstm4i/final.mdl exp_FG/blstm4i/HCLG.fst ark:- 'ark:|gzip -c > exp_FG/blstm4i/decode/lat.4.gz' 
nnet-forward --no-softmax=true --prior-scale=1.0 --feature-transform=exp_FG/blstm4i/final.feature_transform --class-frame-counts=exp_FG/blstm4i/ali_train_pdf.counts --use-gpu=no exp_FG/blstm4i/final.nnet 'ark,s,cs:copy-feats scp:data-fbank/test/split10/4/feats.scp ark:- | apply-cmvn --norm-means=true --norm-vars=true --utt2spk=ark:data-fbank/test/split10/4/utt2spk scp:data-fbank/test/split10/4/cmvn.scp ark:- ark:- | add-deltas --delta-order=2 ark:- ark:- |' ark:- 
LOG (nnet-forward[5.5.1074~1-71f3]:SelectGpuId():cu-device.cc:168) Manually selected to compute on CPU.
LOG (nnet-forward[5.5.1074~1-71f3]:main():nnet-forward.cc:93) Removing <Softmax> from the nnet exp_FG/blstm4i/final.nnet
LOG (nnet-forward[5.5.1074~1-71f3]:PdfPrior():nnet-pdf-prior.cc:34) Computing pdf-priors from : exp_FG/blstm4i/ali_train_pdf.counts
LOG (nnet-forward[5.5.1074~1-71f3]:PdfPrior():nnet-pdf-prior.cc:64) Floored 0 pdf-priors (hard-set to 1.84467e+19, which disables DNN output when decoding)
copy-feats scp:data-fbank/test/split10/4/feats.scp ark:- 
apply-cmvn --norm-means=true --norm-vars=true --utt2spk=ark:data-fbank/test/split10/4/utt2spk scp:data-fbank/test/split10/4/cmvn.scp ark:- ark:- 
add-deltas --delta-order=2 ark:- ark:- 
FC04_110 panjjaanggam 
LOG (latgen-faster-mapped[5.5.1074~1-71f3]:DecodeUtteranceLatticeFaster():decoder-wrappers.cc:375) Log-like per frame for utterance FC04_110 is 2.00185 over 380 frames.
FC04_113 isxtxam 
LOG (latgen-faster-mapped[5.5.1074~1-71f3]:DecodeUtteranceLatticeFaster():decoder-wrappers.cc:375) Log-like per frame for utterance FC04_113 is 1.95232 over 264 frames.
FC04_114 danusxkoodxi 
LOG (latgen-faster-mapped[5.5.1074~1-71f3]:DecodeUtteranceLatticeFaster():decoder-wrappers.cc:375) Log-like per frame for utterance FC04_114 is 1.9484 over 313 frames.
FC04_119 paanam 
LOG (latgen-faster-mapped[5.5.1074~1-71f3]:DecodeUtteranceLatticeFaster():decoder-wrappers.cc:375) Log-like per frame for utterance FC04_119 is 1.95809 over 230 frames.
FC04_121 pambaram 
LOG (latgen-faster-mapped[5.5.1074~1-71f3]:DecodeUtteranceLatticeFaster():decoder-wrappers.cc:375) Log-like per frame for utterance FC04_121 is 2.01706 over 264 frames.
FC04_134 kadxam 
LOG (latgen-faster-mapped[5.5.1074~1-71f3]:DecodeUtteranceLatticeFaster():decoder-wrappers.cc:375) Log-like per frame for utterance FC04_134 is 1.92889 over 197 frames.
FC04_142 raagam 
LOG (latgen-faster-mapped[5.5.1074~1-71f3]:DecodeUtteranceLatticeFaster():decoder-wrappers.cc:375) Log-like per frame for utterance FC04_142 is 2.00345 over 197 frames.
FC04_158 padxam 
LOG (latgen-faster-mapped[5.5.1074~1-71f3]:DecodeUtteranceLatticeFaster():decoder-wrappers.cc:375) Log-like per frame for utterance FC04_158 is 1.90791 over 197 frames.
FC04_165 panxiweu 
LOG (latgen-faster-mapped[5.5.1074~1-71f3]:DecodeUtteranceLatticeFaster():decoder-wrappers.cc:375) Log-like per frame for utterance FC04_165 is 1.93542 over 197 frames.
FC04_17 muyarxci udxaiyaar igazhcci adxaiyaar 
LOG (latgen-faster-mapped[5.5.1074~1-71f3]:DecodeUtteranceLatticeFaster():decoder-wrappers.cc:375) Log-like per frame for utterance FC04_17 is 1.98341 over 487 frames.
FC04_174 paccai 
LOG (latgen-faster-mapped[5.5.1074~1-71f3]:DecodeUtteranceLatticeFaster():decoder-wrappers.cc:375) Log-like per frame for utterance FC04_174 is 1.86756 over 197 frames.
FC04_176 tanxnxiir 
LOG (latgen-faster-mapped[5.5.1074~1-71f3]:DecodeUtteranceLatticeFaster():decoder-wrappers.cc:375) Log-like per frame for utterance FC04_176 is 1.93794 over 272 frames.
FC04_182 punidam 
LOG (latgen-faster-mapped[5.5.1074~1-71f3]:DecodeUtteranceLatticeFaster():decoder-wrappers.cc:375) Log-like per frame for utterance FC04_182 is 1.93436 over 189 frames.
FC04_183 maambazham 
LOG (latgen-faster-mapped[5.5.1074~1-71f3]:DecodeUtteranceLatticeFaster():decoder-wrappers.cc:375) Log-like per frame for utterance FC04_183 is 1.97923 over 280 frames.
FC04_185 magudxi 
LOG (latgen-faster-mapped[5.5.1074~1-71f3]:DecodeUtteranceLatticeFaster():decoder-wrappers.cc:375) Log-like per frame for utterance FC04_185 is 1.93625 over 222 frames.
FC04_186 kani 
LOG (latgen-faster-mapped[5.5.1074~1-71f3]:DecodeUtteranceLatticeFaster():decoder-wrappers.cc:375) Log-like per frame for utterance FC04_186 is 1.89323 over 205 frames.
FC04_190 kuranggeu 
LOG (latgen-faster-mapped[5.5.1074~1-71f3]:DecodeUtteranceLatticeFaster():decoder-wrappers.cc:375) Log-like per frame for utterance FC04_190 is 1.98075 over 214 frames.
FC04_192 ndaadam 
LOG (latgen-faster-mapped[5.5.1074~1-71f3]:DecodeUtteranceLatticeFaster():decoder-wrappers.cc:375) Log-like per frame for utterance FC04_192 is 1.97792 over 238 frames.
FC04_195 saami 
LOG (latgen-faster-mapped[5.5.1074~1-71f3]:DecodeUtteranceLatticeFaster():decoder-wrappers.cc:375) Log-like per frame for utterance FC04_195 is 1.92902 over 263 frames.
FC04_197 kunggumam 
LOG (latgen-faster-mapped[5.5.1074~1-71f3]:DecodeUtteranceLatticeFaster():decoder-wrappers.cc:375) Log-like per frame for utterance FC04_197 is 1.9444 over 288 frames.
FC04_200 hanuman 
LOG (latgen-faster-mapped[5.5.1074~1-71f3]:DecodeUtteranceLatticeFaster():decoder-wrappers.cc:375) Log-like per frame for utterance FC04_200 is 1.91715 over 313 frames.
FC04_205 kaanjjipuram 
LOG (latgen-faster-mapped[5.5.1074~1-71f3]:DecodeUtteranceLatticeFaster():decoder-wrappers.cc:375) Log-like per frame for utterance FC04_205 is 1.98797 over 413 frames.
FC04_208 teejas 
LOG (latgen-faster-mapped[5.5.1074~1-71f3]:DecodeUtteranceLatticeFaster():decoder-wrappers.cc:375) Log-like per frame for utterance FC04_208 is 1.94745 over 239 frames.
FC04_215 anaittum adxanggiya toguppeu 
LOG (latgen-faster-mapped[5.5.1074~1-71f3]:DecodeUtteranceLatticeFaster():decoder-wrappers.cc:375) Log-like per frame for utterance FC04_215 is 1.97827 over 471 frames.
FC04_217 selwam adirsxtxam tarum 
LOG (latgen-faster-mapped[5.5.1074~1-71f3]:DecodeUtteranceLatticeFaster():decoder-wrappers.cc:375) Log-like per frame for utterance FC04_217 is 1.97978 over 446 frames.
FC04_219 siwaneukkeu abisxeegam seydanar 
LOG (latgen-faster-mapped[5.5.1074~1-71f3]:DecodeUtteranceLatticeFaster():decoder-wrappers.cc:375) Log-like per frame for utterance FC04_219 is 2.052 over 537 frames.
FC04_222 kanxnxeukkeu mai azhageu 
LOG (latgen-faster-mapped[5.5.1074~1-71f3]:DecodeUtteranceLatticeFaster():decoder-wrappers.cc:375) Log-like per frame for utterance FC04_222 is 2.04105 over 381 frames.
FC04_234 iisaana muulaiyil amaraadee 
LOG (latgen-faster-mapped[5.5.1074~1-71f3]:DecodeUtteranceLatticeFaster():decoder-wrappers.cc:375) Log-like per frame for utterance FC04_234 is 2.01489 over 662 frames.
FC04_238 uccam todxeu 
LOG (latgen-faster-mapped[5.5.1074~1-71f3]:DecodeUtteranceLatticeFaster():decoder-wrappers.cc:375) Log-like per frame for utterance FC04_238 is 1.98912 over 436 frames.
FC04_240 saarxeu urxinjji arunddeu 
LOG (latgen-faster-mapped[5.5.1074~1-71f3]:DecodeUtteranceLatticeFaster():decoder-wrappers.cc:375) Log-like per frame for utterance FC04_240 is 2.0358 over 397 frames.
FC04_249 pirxareukkeu suuniyam seyyaadee 
LOG (latgen-faster-mapped[5.5.1074~1-71f3]:DecodeUtteranceLatticeFaster():decoder-wrappers.cc:375) Log-like per frame for utterance FC04_249 is 2.04047 over 456 frames.
FC04_26 ganxeesanait tudi 
LOG (latgen-faster-mapped[5.5.1074~1-71f3]:DecodeUtteranceLatticeFaster():decoder-wrappers.cc:375) Log-like per frame for utterance FC04_26 is 1.94018 over 363 frames.
FC04_262 otxtxeuk keetxpadeu tawarxeu 
LOG (latgen-faster-mapped[5.5.1074~1-71f3]:DecodeUtteranceLatticeFaster():decoder-wrappers.cc:375) Log-like per frame for utterance FC04_262 is 1.97084 over 449 frames.
FC04_265 tozhil oppudal sey 
LOG (latgen-faster-mapped[5.5.1074~1-71f3]:DecodeUtteranceLatticeFaster():decoder-wrappers.cc:375) Log-like per frame for utterance FC04_265 is 1.97348 over 459 frames.
FC04_268 lanjja ozhippeu satxtxam ndalla tiirweu 
LOG (latgen-faster-mapped[5.5.1074~1-71f3]:DecodeUtteranceLatticeFaster():decoder-wrappers.cc:375) Log-like per frame for utterance FC04_268 is 1.98712 over 539 frames.
FC04_280 kucci mitxtxaay inippeu suwai 
LOG (latgen-faster-mapped[5.5.1074~1-71f3]:DecodeUtteranceLatticeFaster():decoder-wrappers.cc:375) Log-like per frame for utterance FC04_280 is 1.98733 over 485 frames.
FC04_288 ndaan eppozhudum sanddoosxamaaga iruppeen 
LOG (latgen-faster-mapped[5.5.1074~1-71f3]:DecodeUtteranceLatticeFaster():decoder-wrappers.cc:375) Log-like per frame for utterance FC04_288 is 1.98386 over 613 frames.
FC04_294 siikkiram eerxpaadxeu sey 
LOG (latgen-faster-mapped[5.5.1074~1-71f3]:DecodeUtteranceLatticeFaster():decoder-wrappers.cc:375) Log-like per frame for utterance FC04_294 is 2.00472 over 362 frames.
FC04_296 iratxtxai suzhi sirxuwan seetxtxai seywaan 
LOG (latgen-faster-mapped[5.5.1074~1-71f3]:DecodeUtteranceLatticeFaster():decoder-wrappers.cc:375) Log-like per frame for utterance FC04_296 is 2.00065 over 497 frames.
FC04_297 suutxcamam arxinddeu seyalpadxeu 
LOG (latgen-faster-mapped[5.5.1074~1-71f3]:DecodeUtteranceLatticeFaster():decoder-wrappers.cc:375) Log-like per frame for utterance FC04_297 is 2.07694 over 391 frames.
FC04_299 kaalxi suulam eenddinaan 
LOG (latgen-faster-mapped[5.5.1074~1-71f3]:DecodeUtteranceLatticeFaster():decoder-wrappers.cc:375) Log-like per frame for utterance FC04_299 is 2.03907 over 381 frames.
FC04_302 enakkeu njaabaga marxadi unxdxeu 
LOG (latgen-faster-mapped[5.5.1074~1-71f3]:DecodeUtteranceLatticeFaster():decoder-wrappers.cc:375) Log-like per frame for utterance FC04_302 is 2.02906 over 423 frames.
FC04_307 un seyaleukkeut tiirweu kaanxeu 
LOG (latgen-faster-mapped[5.5.1074~1-71f3]:DecodeUtteranceLatticeFaster():decoder-wrappers.cc:375) Log-like per frame for utterance FC04_307 is 1.94274 over 443 frames.
FC04_308 malar tuuwi waazhtteu 
LOG (latgen-faster-mapped[5.5.1074~1-71f3]:DecodeUtteranceLatticeFaster():decoder-wrappers.cc:375) Log-like per frame for utterance FC04_308 is 2.02404 over 388 frames.
FC04_320 banggalxaadeesx oreu ndaadxeu 
LOG (latgen-faster-mapped[5.5.1074~1-71f3]:DecodeUtteranceLatticeFaster():decoder-wrappers.cc:375) Log-like per frame for utterance FC04_320 is 2.012 over 369 frames.
FC04_328 indda raajaa endda baasxai peesinaar 
LOG (latgen-faster-mapped[5.5.1074~1-71f3]:DecodeUtteranceLatticeFaster():decoder-wrappers.cc:375) Log-like per frame for utterance FC04_328 is 1.97575 over 578 frames.
FC04_330 buwaneesxwar uuril puugambam 
LOG (latgen-faster-mapped[5.5.1074~1-71f3]:DecodeUtteranceLatticeFaster():decoder-wrappers.cc:375) Log-like per frame for utterance FC04_330 is 1.94611 over 510 frames.
FC04_332 inrxeu puujaiyil kalanddeu kolx 
LOG (latgen-faster-mapped[5.5.1074~1-71f3]:DecodeUtteranceLatticeFaster():decoder-wrappers.cc:375) Log-like per frame for utterance FC04_332 is 2.04477 over 430 frames.
FC04_336 pooliyaana waazhkkai tawir 
LOG (latgen-faster-mapped[5.5.1074~1-71f3]:DecodeUtteranceLatticeFaster():decoder-wrappers.cc:375) Log-like per frame for utterance FC04_336 is 2.01881 over 439 frames.
FC04_337 raagi poosxaakkaana unxaweu 
LOG (latgen-faster-mapped[5.5.1074~1-71f3]:DecodeUtteranceLatticeFaster():decoder-wrappers.cc:375) Log-like per frame for utterance FC04_337 is 1.95734 over 478 frames.
FC04_34 otxrxumaiyee balam 
LOG (latgen-faster-mapped[5.5.1074~1-71f3]:DecodeUtteranceLatticeFaster():decoder-wrappers.cc:375) Log-like per frame for utterance FC04_34 is 1.97077 over 280 frames.
FC04_341 miin kanxnxeukkeu ndalladeu 
LOG (latgen-faster-mapped[5.5.1074~1-71f3]:DecodeUtteranceLatticeFaster():decoder-wrappers.cc:375) Log-like per frame for utterance FC04_341 is 1.92592 over 407 frames.
FC04_345 indda maiyanggalx enggeu ulxlxadeu 
LOG (latgen-faster-mapped[5.5.1074~1-71f3]:DecodeUtteranceLatticeFaster():decoder-wrappers.cc:375) Log-like per frame for utterance FC04_345 is 2.01334 over 468 frames.
FC04_347 risxikkeu roosxam adigam 
LOG (latgen-faster-mapped[5.5.1074~1-71f3]:DecodeUtteranceLatticeFaster():decoder-wrappers.cc:375) Log-like per frame for utterance FC04_347 is 2.01293 over 391 frames.
FC04_348 lajjai enrxaal wekkam 
LOG (latgen-faster-mapped[5.5.1074~1-71f3]:DecodeUtteranceLatticeFaster():decoder-wrappers.cc:375) Log-like per frame for utterance FC04_348 is 1.942 over 472 frames.
FC04_365 winjnjaana walxarcci ndaatxtxeu walxarcci 
LOG (latgen-faster-mapped[5.5.1074~1-71f3]:DecodeUtteranceLatticeFaster():decoder-wrappers.cc:375) Log-like per frame for utterance FC04_365 is 2.03077 over 620 frames.
FC04_39 parambarai sotteu 
LOG (latgen-faster-mapped[5.5.1074~1-71f3]:DecodeUtteranceLatticeFaster():decoder-wrappers.cc:375) Log-like per frame for utterance FC04_39 is 1.97581 over 421 frames.
FC04_4 unxmaiyee peeseu 
LOG (latgen-faster-mapped[5.5.1074~1-71f3]:DecodeUtteranceLatticeFaster():decoder-wrappers.cc:375) Log-like per frame for utterance FC04_4 is 2.08308 over 280 frames.
FC04_44 onrxee kulam onrxee jaadi 
LOG (latgen-faster-mapped[5.5.1074~1-71f3]:DecodeUtteranceLatticeFaster():decoder-wrappers.cc:375) Log-like per frame for utterance FC04_44 is 1.92604 over 512 frames.
FC04_46 manx waasanai 
LOG (latgen-faster-mapped[5.5.1074~1-71f3]:DecodeUtteranceLatticeFaster():decoder-wrappers.cc:375) Log-like per frame for utterance FC04_46 is 1.98422 over 264 frames.
FC04_53 inggeu tangguwadarxkeu ilawasam 
LOG (latgen-faster-mapped[5.5.1074~1-71f3]:DecodeUtteranceLatticeFaster():decoder-wrappers.cc:375) Log-like per frame for utterance FC04_53 is 1.99395 over 479 frames.
FC04_67 kiizhoor aayinum taazha urai 
LOG (latgen-faster-mapped[5.5.1074~1-71f3]:DecodeUtteranceLatticeFaster():decoder-wrappers.cc:375) Log-like per frame for utterance FC04_67 is 1.91366 over 612 frames.
FC04_72 senddamizhum ndaappazhakkam 
LOG (latgen-faster-mapped[5.5.1074~1-71f3]:DecodeUtteranceLatticeFaster():decoder-wrappers.cc:375) Log-like per frame for utterance FC04_72 is 1.9549 over 379 frames.
FC04_75 alxaweukkeu minjjinaal amudamum wisxam 
LOG (latgen-faster-mapped[5.5.1074~1-71f3]:DecodeUtteranceLatticeFaster():decoder-wrappers.cc:375) Log-like per frame for utterance FC04_75 is 1.98478 over 628 frames.
LOG (copy-feats[5.5.1074~1-71f3]:main():copy-feats.cc:143) Copied 70 feature matrices.
FC04_86 suwaril uurwadeu palli 
LOG (latgen-faster-mapped[5.5.1074~1-71f3]:DecodeUtteranceLatticeFaster():decoder-wrappers.cc:375) Log-like per frame for utterance FC04_86 is 2.00397 over 462 frames.
FC04_88 yaadum uuree yaawarum keelxir 
LOG (latgen-faster-mapped[5.5.1074~1-71f3]:DecodeUtteranceLatticeFaster():decoder-wrappers.cc:375) Log-like per frame for utterance FC04_88 is 1.94516 over 637 frames.
LOG (apply-cmvn[5.5.1074~1-71f3]:main():apply-cmvn.cc:159) Applied cepstral mean and variance normalization to 70 utterances, errors on 0
FC04_89 tiidum ndanrxum pirxar tara waaraa 
LOG (latgen-faster-mapped[5.5.1074~1-71f3]:DecodeUtteranceLatticeFaster():decoder-wrappers.cc:375) Log-like per frame for utterance FC04_89 is 1.93007 over 521 frames.
FC04_90 murxpagal seyyin pirxpagal wilxaiyum 
LOG (latgen-faster-mapped[5.5.1074~1-71f3]:DecodeUtteranceLatticeFaster():decoder-wrappers.cc:375) Log-like per frame for utterance FC04_90 is 2.00071 over 579 frames.
FC04_94 kedxuwaan keedxeu ndinaippaan 
LOG (latgen-faster-mapped[5.5.1074~1-71f3]:DecodeUtteranceLatticeFaster():decoder-wrappers.cc:375) Log-like per frame for utterance FC04_94 is 1.89604 over 595 frames.
LOG (nnet-forward[5.5.1074~1-71f3]:main():nnet-forward.cc:192) Done 70 files in 0.315817min, (fps 1466.83)
FC04_96 wanxdxi izhuppadeu kaalxai 
LOG (latgen-faster-mapped[5.5.1074~1-71f3]:DecodeUtteranceLatticeFaster():decoder-wrappers.cc:375) Log-like per frame for utterance FC04_96 is 1.98811 over 346 frames.
LOG (latgen-faster-mapped[5.5.1074~1-71f3]:main():latgen-faster-mapped.cc:164) Time taken 18.9729s: real-time factor assuming 100 frames/sec is 0.06826
LOG (latgen-faster-mapped[5.5.1074~1-71f3]:main():latgen-faster-mapped.cc:167) Done 70 utterances, failed for 0
LOG (latgen-faster-mapped[5.5.1074~1-71f3]:main():latgen-faster-mapped.cc:169) Overall log-likelihood per frame is 1.98034 over 27795 frames.
# Accounting: time=19 threads=1
# Ended (code 0) at Thu Aug  3 11:47:07 IST 2023, elapsed time 19 seconds
