# nnet-subset-egs --n=2000 --randomize-order=true --srand=0 ark:exp_FG/DNN_tri_8_2000_aligned_layer3_nodes256/egs/train_diagnostic.egs ark:- | nnet-combine-fast --use-gpu=no --num-threads=16 --verbose=3 --minibatch-size=125 exp_FG/DNN_tri_8_2000_aligned_layer3_nodes256/1.mdl ark:- exp_FG/DNN_tri_8_2000_aligned_layer3_nodes256/1.mdl 
# Started at Thu Aug  3 11:08:39 IST 2023
#
nnet-subset-egs --n=2000 --randomize-order=true --srand=0 ark:exp_FG/DNN_tri_8_2000_aligned_layer3_nodes256/egs/train_diagnostic.egs ark:- 
nnet-combine-fast --use-gpu=no --num-threads=16 --verbose=3 --minibatch-size=125 exp_FG/DNN_tri_8_2000_aligned_layer3_nodes256/1.mdl ark:- exp_FG/DNN_tri_8_2000_aligned_layer3_nodes256/1.mdl 
LOG (nnet-subset-egs[5.5.1074~1-71f3]:main():nnet-subset-egs.cc:93) Selected a subset of 2000 out of 4000 neural-network training examples 
LOG (nnet-combine-fast[5.5.1074~1-71f3]:main():nnet-combine-fast.cc:108) Read 2000 examples from the validation set.
VLOG[3] (nnet-combine-fast[5.5.1074~1-71f3]:Propagate():nnet-update.cc:114) Stddev of data for component 0 for this minibatch is 221.601
VLOG[3] (nnet-combine-fast[5.5.1074~1-71f3]:Propagate():nnet-update.cc:114) Stddev of data for component 0 for this minibatch is 203.644
VLOG[3] (nnet-combine-fast[5.5.1074~1-71f3]:Propagate():nnet-update.cc:114) Stddev of data for component 0 for this minibatch is 223.775
VLOG[3] (nnet-combine-fast[5.5.1074~1-71f3]:Propagate():nnet-update.cc:114) Stddev of data for component 0 for this minibatch is 218.957
VLOG[3] (nnet-combine-fast[5.5.1074~1-71f3]:Propagate():nnet-update.cc:114) Stddev of data for component 0 for this minibatch is 218.674
VLOG[3] (nnet-combine-fast[5.5.1074~1-71f3]:Propagate():nnet-update.cc:114) Stddev of data for component 0 for this minibatch is 217.687
VLOG[3] (nnet-combine-fast[5.5.1074~1-71f3]:Propagate():nnet-update.cc:114) Stddev of data for component 0 for this minibatch is 217.414
VLOG[3] (nnet-combine-fast[5.5.1074~1-71f3]:Propagate():nnet-update.cc:114) Stddev of data for component 0 for this minibatch is 216.265
VLOG[3] (nnet-combine-fast[5.5.1074~1-71f3]:Propagate():nnet-update.cc:114) Stddev of data for component 0 for this minibatch is 208.047
VLOG[3] (nnet-combine-fast[5.5.1074~1-71f3]:Propagate():nnet-update.cc:114) Stddev of data for component 0 for this minibatch is 223.602
VLOG[3] (nnet-combine-fast[5.5.1074~1-71f3]:Propagate():nnet-update.cc:114) Stddev of data for component 0 for this minibatch is 190.481
VLOG[3] (nnet-combine-fast[5.5.1074~1-71f3]:Propagate():nnet-update.cc:114) Stddev of data for component 0 for this minibatch is 202.997
VLOG[3] (nnet-combine-fast[5.5.1074~1-71f3]:Propagate():nnet-update.cc:114) Stddev of data for component 0 for this minibatch is 213.012
VLOG[3] (nnet-combine-fast[5.5.1074~1-71f3]:Propagate():nnet-update.cc:114) Stddev of data for component 0 for this minibatch is 238.135
VLOG[3] (nnet-combine-fast[5.5.1074~1-71f3]:Propagate():nnet-update.cc:114) Stddev of data for component 1 for this minibatch is 202.997
VLOG[3] (nnet-combine-fast[5.5.1074~1-71f3]:Propagate():nnet-update.cc:114) Stddev of data for component 0 for this minibatch is 213.75
VLOG[3] (nnet-combine-fast[5.5.1074~1-71f3]:Propagate():nnet-update.cc:114) Stddev of data for component 1 for this minibatch is 223.775
VLOG[3] (nnet-combine-fast[5.5.1074~1-71f3]:Propagate():nnet-update.cc:114) Stddev of data for component 1 for this minibatch is 218.674
VLOG[3] (nnet-combine-fast[5.5.1074~1-71f3]:Propagate():nnet-update.cc:114) Stddev of data for component 1 for this minibatch is 218.957
VLOG[3] (nnet-combine-fast[5.5.1074~1-71f3]:Propagate():nnet-update.cc:114) Stddev of data for component 1 for this minibatch is 221.601
VLOG[3] (nnet-combine-fast[5.5.1074~1-71f3]:Propagate():nnet-update.cc:114) Stddev of data for component 1 for this minibatch is 217.687
VLOG[3] (nnet-combine-fast[5.5.1074~1-71f3]:Propagate():nnet-update.cc:114) Stddev of data for component 1 for this minibatch is 203.644
VLOG[3] (nnet-combine-fast[5.5.1074~1-71f3]:Propagate():nnet-update.cc:114) Stddev of data for component 1 for this minibatch is 208.047
VLOG[3] (nnet-combine-fast[5.5.1074~1-71f3]:Propagate():nnet-update.cc:114) Stddev of data for component 1 for this minibatch is 216.265
VLOG[3] (nnet-combine-fast[5.5.1074~1-71f3]:Propagate():nnet-update.cc:114) Stddev of data for component 1 for this minibatch is 223.602
VLOG[3] (nnet-combine-fast[5.5.1074~1-71f3]:Propagate():nnet-update.cc:114) Stddev of data for component 0 for this minibatch is 230.039
VLOG[3] (nnet-combine-fast[5.5.1074~1-71f3]:Propagate():nnet-update.cc:114) Stddev of data for component 1 for this minibatch is 217.414
VLOG[3] (nnet-combine-fast[5.5.1074~1-71f3]:Propagate():nnet-update.cc:114) Stddev of data for component 1 for this minibatch is 213.012
VLOG[3] (nnet-combine-fast[5.5.1074~1-71f3]:Propagate():nnet-update.cc:114) Stddev of data for component 1 for this minibatch is 190.48
VLOG[3] (nnet-combine-fast[5.5.1074~1-71f3]:Propagate():nnet-update.cc:114) Stddev of data for component 1 for this minibatch is 238.135
VLOG[3] (nnet-combine-fast[5.5.1074~1-71f3]:Propagate():nnet-update.cc:114) Stddev of data for component 1 for this minibatch is 230.039
VLOG[3] (nnet-combine-fast[5.5.1074~1-71f3]:Propagate():nnet-update.cc:114) Stddev of data for component 1 for this minibatch is 213.75
VLOG[3] (nnet-combine-fast[5.5.1074~1-71f3]:Propagate():nnet-update.cc:114) Stddev of data for component 2 for this minibatch is 0.261471
VLOG[3] (nnet-combine-fast[5.5.1074~1-71f3]:Propagate():nnet-update.cc:114) Stddev of data for component 2 for this minibatch is 0.27149
VLOG[3] (nnet-combine-fast[5.5.1074~1-71f3]:Propagate():nnet-update.cc:114) Stddev of data for component 2 for this minibatch is 0.272456
VLOG[3] (nnet-combine-fast[5.5.1074~1-71f3]:Propagate():nnet-update.cc:114) Stddev of data for component 2 for this minibatch is 0.270549
VLOG[3] (nnet-combine-fast[5.5.1074~1-71f3]:Propagate():nnet-update.cc:114) Stddev of data for component 2 for this minibatch is 0.268806
VLOG[3] (nnet-combine-fast[5.5.1074~1-71f3]:Propagate():nnet-update.cc:114) Stddev of data for component 2 for this minibatch is 0.268752
VLOG[3] (nnet-combine-fast[5.5.1074~1-71f3]:Propagate():nnet-update.cc:114) Stddev of data for component 2 for this minibatch is 0.280289
VLOG[3] (nnet-combine-fast[5.5.1074~1-71f3]:Propagate():nnet-update.cc:114) Stddev of data for component 2 for this minibatch is 0.265372
VLOG[3] (nnet-combine-fast[5.5.1074~1-71f3]:Propagate():nnet-update.cc:114) Stddev of data for component 2 for this minibatch is 0.287081
VLOG[3] (nnet-combine-fast[5.5.1074~1-71f3]:Propagate():nnet-update.cc:114) Stddev of data for component 2 for this minibatch is 0.263663
VLOG[3] (nnet-combine-fast[5.5.1074~1-71f3]:Propagate():nnet-update.cc:114) Stddev of data for component 2 for this minibatch is 0.263435
VLOG[3] (nnet-combine-fast[5.5.1074~1-71f3]:Propagate():nnet-update.cc:114) Stddev of data for component 2 for this minibatch is 0.252583
VLOG[3] (nnet-combine-fast[5.5.1074~1-71f3]:Propagate():nnet-update.cc:114) Stddev of data for component 3 for this minibatch is 2.68614
VLOG[3] (nnet-combine-fast[5.5.1074~1-71f3]:Propagate():nnet-update.cc:114) Stddev of data for component 2 for this minibatch is 0.255512
VLOG[3] (nnet-combine-fast[5.5.1074~1-71f3]:Propagate():nnet-update.cc:114) Stddev of data for component 3 for this minibatch is 2.62521
VLOG[3] (nnet-combine-fast[5.5.1074~1-71f3]:Propagate():nnet-update.cc:114) Stddev of data for component 3 for this minibatch is 2.75314
VLOG[3] (nnet-combine-fast[5.5.1074~1-71f3]:Propagate():nnet-update.cc:114) Stddev of data for component 3 for this minibatch is 2.54401
VLOG[3] (nnet-combine-fast[5.5.1074~1-71f3]:Propagate():nnet-update.cc:114) Stddev of data for component 3 for this minibatch is 2.77672
VLOG[3] (nnet-combine-fast[5.5.1074~1-71f3]:Propagate():nnet-update.cc:114) Stddev of data for component 3 for this minibatch is 2.67195
VLOG[3] (nnet-combine-fast[5.5.1074~1-71f3]:Propagate():nnet-update.cc:114) Stddev of data for component 3 for this minibatch is 2.63318
VLOG[3] (nnet-combine-fast[5.5.1074~1-71f3]:Propagate():nnet-update.cc:114) Stddev of data for component 2 for this minibatch is 0.257718
VLOG[3] (nnet-combine-fast[5.5.1074~1-71f3]:Propagate():nnet-update.cc:114) Stddev of data for component 3 for this minibatch is 2.57512
VLOG[3] (nnet-combine-fast[5.5.1074~1-71f3]:Propagate():nnet-update.cc:114) Stddev of data for component 2 for this minibatch is 0.265522
VLOG[3] (nnet-combine-fast[5.5.1074~1-71f3]:Propagate():nnet-update.cc:114) Stddev of data for component 3 for this minibatch is 2.49581
VLOG[3] (nnet-combine-fast[5.5.1074~1-71f3]:Propagate():nnet-update.cc:114) Stddev of data for component 3 for this minibatch is 2.88011
VLOG[3] (nnet-combine-fast[5.5.1074~1-71f3]:Propagate():nnet-update.cc:114) Stddev of data for component 3 for this minibatch is 2.53232
VLOG[3] (nnet-combine-fast[5.5.1074~1-71f3]:Propagate():nnet-update.cc:114) Stddev of data for component 3 for this minibatch is 2.47603
VLOG[3] (nnet-combine-fast[5.5.1074~1-71f3]:Propagate():nnet-update.cc:114) Stddev of data for component 2 for this minibatch is 0.265039
VLOG[3] (nnet-combine-fast[5.5.1074~1-71f3]:Propagate():nnet-update.cc:114) Stddev of data for component 3 for this minibatch is 2.62538
VLOG[3] (nnet-combine-fast[5.5.1074~1-71f3]:Propagate():nnet-update.cc:114) Stddev of data for component 3 for this minibatch is 2.63468
VLOG[3] (nnet-combine-fast[5.5.1074~1-71f3]:Propagate():nnet-update.cc:114) Stddev of data for component 3 for this minibatch is 2.57134
VLOG[3] (nnet-combine-fast[5.5.1074~1-71f3]:Propagate():nnet-update.cc:114) Stddev of data for component 3 for this minibatch is 2.65713
VLOG[3] (nnet-combine-fast[5.5.1074~1-71f3]:Propagate():nnet-update.cc:114) Stddev of data for component 4 for this minibatch is 0.555884
VLOG[3] (nnet-combine-fast[5.5.1074~1-71f3]:Propagate():nnet-update.cc:114) Stddev of data for component 4 for this minibatch is 0.567414
VLOG[3] (nnet-combine-fast[5.5.1074~1-71f3]:Propagate():nnet-update.cc:114) Stddev of data for component 4 for this minibatch is 0.561452
VLOG[3] (nnet-combine-fast[5.5.1074~1-71f3]:Propagate():nnet-update.cc:114) Stddev of data for component 4 for this minibatch is 0.5633
VLOG[3] (nnet-combine-fast[5.5.1074~1-71f3]:Propagate():nnet-update.cc:114) Stddev of data for component 4 for this minibatch is 0.55354
VLOG[3] (nnet-combine-fast[5.5.1074~1-71f3]:Propagate():nnet-update.cc:114) Stddev of data for component 4 for this minibatch is 0.56258
VLOG[3] (nnet-combine-fast[5.5.1074~1-71f3]:Propagate():nnet-update.cc:114) Stddev of data for component 4 for this minibatch is 0.566875
VLOG[3] (nnet-combine-fast[5.5.1074~1-71f3]:Propagate():nnet-update.cc:114) Stddev of data for component 4 for this minibatch is 0.573704
VLOG[3] (nnet-combine-fast[5.5.1074~1-71f3]:Propagate():nnet-update.cc:114) Stddev of data for component 4 for this minibatch is 0.555169
VLOG[3] (nnet-combine-fast[5.5.1074~1-71f3]:Propagate():nnet-update.cc:114) Stddev of data for component 4 for this minibatch is 0.554159
VLOG[3] (nnet-combine-fast[5.5.1074~1-71f3]:Propagate():nnet-update.cc:114) Stddev of data for component 5 for this minibatch is 3.38114
VLOG[3] (nnet-combine-fast[5.5.1074~1-71f3]:Propagate():nnet-update.cc:114) Stddev of data for component 5 for this minibatch is 3.1273
VLOG[3] (nnet-combine-fast[5.5.1074~1-71f3]:Propagate():nnet-update.cc:114) Stddev of data for component 5 for this minibatch is 2.95568
VLOG[3] (nnet-combine-fast[5.5.1074~1-71f3]:Propagate():nnet-update.cc:114) Stddev of data for component 4 for this minibatch is 0.556336
VLOG[3] (nnet-combine-fast[5.5.1074~1-71f3]:Propagate():nnet-update.cc:114) Stddev of data for component 5 for this minibatch is 2.89759
VLOG[3] (nnet-combine-fast[5.5.1074~1-71f3]:Propagate():nnet-update.cc:114) Stddev of data for component 4 for this minibatch is 0.562162
VLOG[3] (nnet-combine-fast[5.5.1074~1-71f3]:Propagate():nnet-update.cc:114) Stddev of data for component 4 for this minibatch is 0.560647
VLOG[3] (nnet-combine-fast[5.5.1074~1-71f3]:Propagate():nnet-update.cc:114) Stddev of data for component 4 for this minibatch is 0.563532
VLOG[3] (nnet-combine-fast[5.5.1074~1-71f3]:Propagate():nnet-update.cc:114) Stddev of data for component 4 for this minibatch is 0.561078
VLOG[3] (nnet-combine-fast[5.5.1074~1-71f3]:Propagate():nnet-update.cc:114) Stddev of data for component 4 for this minibatch is 0.556525
VLOG[3] (nnet-combine-fast[5.5.1074~1-71f3]:Propagate():nnet-update.cc:114) Stddev of data for component 5 for this minibatch is 2.73158
VLOG[3] (nnet-combine-fast[5.5.1074~1-71f3]:Propagate():nnet-update.cc:114) Stddev of data for component 5 for this minibatch is 3.26115
VLOG[3] (nnet-combine-fast[5.5.1074~1-71f3]:Propagate():nnet-update.cc:114) Stddev of data for component 5 for this minibatch is 2.8353
VLOG[3] (nnet-combine-fast[5.5.1074~1-71f3]:Propagate():nnet-update.cc:114) Stddev of data for component 5 for this minibatch is 3.03137
VLOG[3] (nnet-combine-fast[5.5.1074~1-71f3]:Propagate():nnet-update.cc:114) Stddev of data for component 5 for this minibatch is 2.70578
VLOG[3] (nnet-combine-fast[5.5.1074~1-71f3]:Propagate():nnet-update.cc:114) Stddev of data for component 5 for this minibatch is 3.12811
VLOG[3] (nnet-combine-fast[5.5.1074~1-71f3]:Propagate():nnet-update.cc:114) Stddev of data for component 5 for this minibatch is 2.93709
VLOG[3] (nnet-combine-fast[5.5.1074~1-71f3]:Propagate():nnet-update.cc:114) Stddev of data for component 5 for this minibatch is 3.07093
VLOG[3] (nnet-combine-fast[5.5.1074~1-71f3]:Propagate():nnet-update.cc:114) Stddev of data for component 5 for this minibatch is 3.1924
VLOG[3] (nnet-combine-fast[5.5.1074~1-71f3]:Propagate():nnet-update.cc:114) Stddev of data for component 5 for this minibatch is 3.40628
VLOG[3] (nnet-combine-fast[5.5.1074~1-71f3]:Propagate():nnet-update.cc:114) Stddev of data for component 5 for this minibatch is 2.97341
VLOG[3] (nnet-combine-fast[5.5.1074~1-71f3]:Propagate():nnet-update.cc:114) Stddev of data for component 5 for this minibatch is 3.04004
VLOG[2] (nnet-combine-fast[5.5.1074~1-71f3]:DoBackpropParallel():nnet-update-parallel.cc:264) Did backprop on 2000 examples, average log-prob per frame is -1.85865
LOG (nnet-combine-fast[5.5.1074~1-71f3]:GetInitialModel():combine-nnet-fast.cc:403) Objective functions for the source neural nets are  [ -1.85865 ]

LOG (nnet-combine-fast[5.5.1074~1-71f3]:GetInitialParams():combine-nnet-fast.cc:282) Initializing with neural net with index 0
VLOG[3] (nnet-combine-fast[5.5.1074~1-71f3]:Propagate():nnet-update.cc:114) Stddev of data for component 0 for this minibatch is 182.502
VLOG[3] (nnet-combine-fast[5.5.1074~1-71f3]:Propagate():nnet-update.cc:114) Stddev of data for component 0 for this minibatch is 198.094
VLOG[3] (nnet-combine-fast[5.5.1074~1-71f3]:Propagate():nnet-update.cc:114) Stddev of data for component 0 for this minibatch is 243.29
VLOG[3] (nnet-combine-fast[5.5.1074~1-71f3]:Propagate():nnet-update.cc:114) Stddev of data for component 0 for this minibatch is 220.55
VLOG[3] (nnet-combine-fast[5.5.1074~1-71f3]:Propagate():nnet-update.cc:114) Stddev of data for component 0 for this minibatch is 215.325
VLOG[3] (nnet-combine-fast[5.5.1074~1-71f3]:Propagate():nnet-update.cc:114) Stddev of data for component 0 for this minibatch is 212.138
VLOG[3] (nnet-combine-fast[5.5.1074~1-71f3]:Propagate():nnet-update.cc:114) Stddev of data for component 1 for this minibatch is 198.094
VLOG[3] (nnet-combine-fast[5.5.1074~1-71f3]:Propagate():nnet-update.cc:114) Stddev of data for component 1 for this minibatch is 182.502
VLOG[3] (nnet-combine-fast[5.5.1074~1-71f3]:Propagate():nnet-update.cc:114) Stddev of data for component 0 for this minibatch is 218.947
VLOG[3] (nnet-combine-fast[5.5.1074~1-71f3]:Propagate():nnet-update.cc:114) Stddev of data for component 0 for this minibatch is 237.716
VLOG[2] (nnet-combine-fast[5.5.1074~1-71f3]:DoBackpropParallel():nnet-update-parallel.cc:264) Did backprop on 2000 examples, average log-prob per frame is -1.85865
VLOG[2] (nnet-combine-fast[5.5.1074~1-71f3]:ComputeObjfAndGradient():combine-nnet-fast.cc:347) Objf is -1.85865, raw gradient is  [ 0.260543 0.591279 ]

VLOG[2] (nnet-combine-fast[5.5.1074~1-71f3]:DoBackpropParallel():nnet-update-parallel.cc:264) Did backprop on 2000 examples, average log-prob per frame is -1.8491
VLOG[2] (nnet-combine-fast[5.5.1074~1-71f3]:ComputeObjfAndGradient():combine-nnet-fast.cc:347) Objf is -1.8491, raw gradient is  [ 0.237769 0.53849 ]

VLOG[3] (nnet-combine-fast[5.5.1074~1-71f3]:StepSizeIteration():optimization.cc:240) In step size iteration, function value changed -1.85865 to -1.8491
VLOG[3] (nnet-combine-fast[5.5.1074~1-71f3]:StepSizeIteration():optimization.cc:323) d = 2, iter = 0, action = increase
VLOG[2] (nnet-combine-fast[5.5.1074~1-71f3]:DoBackpropParallel():nnet-update-parallel.cc:264) Did backprop on 2000 examples, average log-prob per frame is -1.84041
VLOG[2] (nnet-combine-fast[5.5.1074~1-71f3]:ComputeObjfAndGradient():combine-nnet-fast.cc:347) Objf is -1.84041, raw gradient is  [ 0.216025 0.488334 ]

VLOG[3] (nnet-combine-fast[5.5.1074~1-71f3]:StepSizeIteration():optimization.cc:240) In step size iteration, function value changed -1.85865 to -1.84041
VLOG[3] (nnet-combine-fast[5.5.1074~1-71f3]:StepSizeIteration():optimization.cc:323) d = 2, iter = 0, action = accept
VLOG[3] (nnet-combine-fast[5.5.1074~1-71f3]:AcceptStep():optimization.cc:194) Accepted step; length was 0.0438543, prod was -0.00347158
VLOG[2] (nnet-combine-fast[5.5.1074~1-71f3]:DoBackpropParallel():nnet-update-parallel.cc:264) Did backprop on 2000 examples, average log-prob per frame is -1.80063
VLOG[2] (nnet-combine-fast[5.5.1074~1-71f3]:ComputeObjfAndGradient():combine-nnet-fast.cc:347) Objf is -1.80063, raw gradient is  [ 0.000649582 0.161145 ]

VLOG[3] (nnet-combine-fast[5.5.1074~1-71f3]:StepSizeIteration():optimization.cc:240) In step size iteration, function value changed -1.84041 to -1.80063
VLOG[3] (nnet-combine-fast[5.5.1074~1-71f3]:StepSizeIteration():optimization.cc:323) d = 2, iter = 1, action = accept
VLOG[3] (nnet-combine-fast[5.5.1074~1-71f3]:AcceptStep():optimization.cc:194) Accepted step; length was 0.211786, prod was -0.0699851
VLOG[2] (nnet-combine-fast[5.5.1074~1-71f3]:DoBackpropParallel():nnet-update-parallel.cc:264) Did backprop on 2000 examples, average log-prob per frame is -1.89545
VLOG[2] (nnet-combine-fast[5.5.1074~1-71f3]:ComputeObjfAndGradient():combine-nnet-fast.cc:347) Objf is -1.89545, raw gradient is  [ 0.612131 0.0343833 ]

VLOG[3] (nnet-combine-fast[5.5.1074~1-71f3]:StepSizeIteration():optimization.cc:240) In step size iteration, function value changed -1.80063 to -1.89545
VLOG[3] (nnet-combine-fast[5.5.1074~1-71f3]:StepSizeIteration():optimization.cc:323) d = 2, iter = 2, action = decrease
VLOG[2] (nnet-combine-fast[5.5.1074~1-71f3]:DoBackpropParallel():nnet-update-parallel.cc:264) Did backprop on 2000 examples, average log-prob per frame is -1.79794
VLOG[2] (nnet-combine-fast[5.5.1074~1-71f3]:ComputeObjfAndGradient():combine-nnet-fast.cc:347) Objf is -1.79794, raw gradient is  [ 0.079375 -0.0269231 ]

VLOG[3] (nnet-combine-fast[5.5.1074~1-71f3]:StepSizeIteration():optimization.cc:240) In step size iteration, function value changed -1.80063 to -1.79794
VLOG[3] (nnet-combine-fast[5.5.1074~1-71f3]:StepSizeIteration():optimization.cc:323) d = 2, iter = 2, action = accept
VLOG[3] (nnet-combine-fast[5.5.1074~1-71f3]:AcceptStep():optimization.cc:194) Accepted step; length was 0.121568, prod was -0.0702181
VLOG[2] (nnet-combine-fast[5.5.1074~1-71f3]:DoBackpropParallel():nnet-update-parallel.cc:264) Did backprop on 2000 examples, average log-prob per frame is -1.7908
VLOG[2] (nnet-combine-fast[5.5.1074~1-71f3]:ComputeObjfAndGradient():combine-nnet-fast.cc:347) Objf is -1.7908, raw gradient is  [ -0.017221 -0.0242367 ]

VLOG[3] (nnet-combine-fast[5.5.1074~1-71f3]:StepSizeIteration():optimization.cc:240) In step size iteration, function value changed -1.79794 to -1.7908
VLOG[3] (nnet-combine-fast[5.5.1074~1-71f3]:StepSizeIteration():optimization.cc:323) d = 2, iter = 3, action = accept
VLOG[3] (nnet-combine-fast[5.5.1074~1-71f3]:AcceptStep():optimization.cc:194) Accepted step; length was 0.0259017, prod was -0.0190336
VLOG[2] (nnet-combine-fast[5.5.1074~1-71f3]:DoBackpropParallel():nnet-update-parallel.cc:264) Did backprop on 2000 examples, average log-prob per frame is -1.79065
VLOG[2] (nnet-combine-fast[5.5.1074~1-71f3]:ComputeObjfAndGradient():combine-nnet-fast.cc:347) Objf is -1.79065, raw gradient is  [ -0.0113898 -0.0189055 ]

VLOG[3] (nnet-combine-fast[5.5.1074~1-71f3]:StepSizeIteration():optimization.cc:240) In step size iteration, function value changed -1.7908 to -1.79065
VLOG[3] (nnet-combine-fast[5.5.1074~1-71f3]:StepSizeIteration():optimization.cc:323) d = 2, iter = 4, action = accept
VLOG[3] (nnet-combine-fast[5.5.1074~1-71f3]:AcceptStep():optimization.cc:194) Accepted step; length was 0.00533103, prod was -6.09811e-05
VLOG[2] (nnet-combine-fast[5.5.1074~1-71f3]:DoBackpropParallel():nnet-update-parallel.cc:264) Did backprop on 2000 examples, average log-prob per frame is -1.79054
VLOG[2] (nnet-combine-fast[5.5.1074~1-71f3]:ComputeObjfAndGradient():combine-nnet-fast.cc:347) Objf is -1.79054, raw gradient is  [ 0.000209129 -0.00537288 ]

VLOG[3] (nnet-combine-fast[5.5.1074~1-71f3]:StepSizeIteration():optimization.cc:240) In step size iteration, function value changed -1.79065 to -1.79054
VLOG[3] (nnet-combine-fast[5.5.1074~1-71f3]:StepSizeIteration():optimization.cc:323) d = 2, iter = 5, action = accept
VLOG[3] (nnet-combine-fast[5.5.1074~1-71f3]:AcceptStep():optimization.cc:194) Accepted step; length was 0.0122429, prod was -0.000224702
VLOG[2] (nnet-combine-fast[5.5.1074~1-71f3]:DoBackpropParallel():nnet-update-parallel.cc:264) Did backprop on 2000 examples, average log-prob per frame is -1.79052
VLOG[2] (nnet-combine-fast[5.5.1074~1-71f3]:ComputeObjfAndGradient():combine-nnet-fast.cc:347) Objf is -1.79052, raw gradient is  [ -7.11975e-05 3.3761e-05 ]

VLOG[3] (nnet-combine-fast[5.5.1074~1-71f3]:StepSizeIteration():optimization.cc:240) In step size iteration, function value changed -1.79054 to -1.79052
VLOG[3] (nnet-combine-fast[5.5.1074~1-71f3]:StepSizeIteration():optimization.cc:323) d = 2, iter = 6, action = accept
VLOG[3] (nnet-combine-fast[5.5.1074~1-71f3]:AcceptStep():optimization.cc:194) Accepted step; length was 0.00406653, prod was -3.35161e-05
LOG (nnet-combine-fast[5.5.1074~1-71f3]:ComputeCurrentNnet():combine-nnet-fast.cc:373) Scale parameters are  [
  1.08761 1.22142 ]

LOG (nnet-combine-fast[5.5.1074~1-71f3]:FastNnetCombiner():combine-nnet-fast.cc:152) Combining nnets, objf per frame changed from -1.85865 to -1.79052
LOG (nnet-combine-fast[5.5.1074~1-71f3]:main():nnet-combine-fast.cc:124) Finished combining neural nets, wrote model to exp_FG/DNN_tri_8_2000_aligned_layer3_nodes256/1.mdl
# Accounting: time=0 threads=1
# Ended (code 0) at Thu Aug  3 11:08:39 IST 2023, elapsed time 0 seconds
