# nnet-shuffle-egs --buffer-size=5000 --srand=0 ark:exp_FG/DNN_tri_8_2000_aligned_layer3_nodes256/egs/egs.6.0.ark ark:- | nnet-train-parallel --num-threads=16 --minibatch-size=128 --srand=0 exp_FG/DNN_tri_8_2000_aligned_layer3_nodes256/0.mdl ark:- exp_FG/DNN_tri_8_2000_aligned_layer3_nodes256/1.6.mdl 
# Started at Thu Aug  3 11:08:34 IST 2023
#
nnet-train-parallel --num-threads=16 --minibatch-size=128 --srand=0 exp_FG/DNN_tri_8_2000_aligned_layer3_nodes256/0.mdl ark:- exp_FG/DNN_tri_8_2000_aligned_layer3_nodes256/1.6.mdl 
nnet-shuffle-egs --buffer-size=5000 --srand=0 ark:exp_FG/DNN_tri_8_2000_aligned_layer3_nodes256/egs/egs.6.0.ark ark:- 
LOG (nnet-train-parallel[5.5.1074~1-71f3]:GetScalingFactor():nnet-component.cc:1536) Limiting step size to 10 using scaling factor 0.741566, for component index 4
LOG (nnet-train-parallel[5.5.1074~1-71f3]:GetScalingFactor():nnet-component.cc:1536) Limiting step size to 10 using scaling factor 0.758561, for component index 4
LOG (nnet-train-parallel[5.5.1074~1-71f3]:GetScalingFactor():nnet-component.cc:1536) Limiting step size to 10 using scaling factor 0.801848, for component index 4
LOG (nnet-train-parallel[5.5.1074~1-71f3]:GetScalingFactor():nnet-component.cc:1536) Limiting step size to 10 using scaling factor 0.76804, for component index 4
LOG (nnet-train-parallel[5.5.1074~1-71f3]:GetScalingFactor():nnet-component.cc:1536) Limiting step size to 10 using scaling factor 0.752485, for component index 4
LOG (nnet-train-parallel[5.5.1074~1-71f3]:GetScalingFactor():nnet-component.cc:1536) Limiting step size to 10 using scaling factor 0.753722, for component index 4
LOG (nnet-train-parallel[5.5.1074~1-71f3]:GetScalingFactor():nnet-component.cc:1536) Limiting step size to 10 using scaling factor 0.764299, for component index 4
LOG (nnet-train-parallel[5.5.1074~1-71f3]:GetScalingFactor():nnet-component.cc:1536) Limiting step size to 10 using scaling factor 0.775693, for component index 4
LOG (nnet-train-parallel[5.5.1074~1-71f3]:GetScalingFactor():nnet-component.cc:1536) Limiting step size to 10 using scaling factor 0.748886, for component index 4
LOG (nnet-train-parallel[5.5.1074~1-71f3]:GetScalingFactor():nnet-component.cc:1536) Limiting step size to 10 using scaling factor 0.771696, for component index 4
LOG (nnet-shuffle-egs[5.5.1074~1-71f3]:main():nnet-shuffle-egs.cc:104) Shuffled order of 74508 neural-network training examples using a buffer (partial randomization)
LOG (nnet-train-parallel[5.5.1074~1-71f3]:DoBackpropParallel():nnet-update-parallel.cc:194) Did backprop on 74508 examples, average log-prob per frame is -2.96426
LOG (nnet-train-parallel[5.5.1074~1-71f3]:DoBackpropParallel():nnet-update-parallel.cc:196) [this line is to be parsed by a script:] log-prob-per-frame=-2.96426
LOG (nnet-train-parallel[5.5.1074~1-71f3]:main():nnet-train-parallel.cc:102) Finished training, processed 74508 training examples (weighted).  Wrote model to exp_FG/DNN_tri_8_2000_aligned_layer3_nodes256/1.6.mdl
# Accounting: time=5 threads=1
# Ended (code 0) at Thu Aug  3 11:08:39 IST 2023, elapsed time 5 seconds
