# nnet-shuffle-egs --buffer-size=5000 --srand=0 ark:exp_FG/DNN_tri_8_2000_aligned_layer3_nodes256/egs/egs.4.0.ark ark:- | nnet-train-parallel --num-threads=16 --minibatch-size=128 --srand=0 exp_FG/DNN_tri_8_2000_aligned_layer3_nodes256/0.mdl ark:- exp_FG/DNN_tri_8_2000_aligned_layer3_nodes256/1.4.mdl 
# Started at Thu Aug  3 11:08:34 IST 2023
#
nnet-shuffle-egs --buffer-size=5000 --srand=0 ark:exp_FG/DNN_tri_8_2000_aligned_layer3_nodes256/egs/egs.4.0.ark ark:- 
nnet-train-parallel --num-threads=16 --minibatch-size=128 --srand=0 exp_FG/DNN_tri_8_2000_aligned_layer3_nodes256/0.mdl ark:- exp_FG/DNN_tri_8_2000_aligned_layer3_nodes256/1.4.mdl 
LOG (nnet-train-parallel[5.5.1074~1-71f3]:GetScalingFactor():nnet-component.cc:1536) Limiting step size to 10 using scaling factor 0.774954, for component index 4
LOG (nnet-train-parallel[5.5.1074~1-71f3]:GetScalingFactor():nnet-component.cc:1536) Limiting step size to 10 using scaling factor 0.762023, for component index 4
LOG (nnet-train-parallel[5.5.1074~1-71f3]:GetScalingFactor():nnet-component.cc:1536) Limiting step size to 10 using scaling factor 0.769693, for component index 4
LOG (nnet-train-parallel[5.5.1074~1-71f3]:GetScalingFactor():nnet-component.cc:1536) Limiting step size to 10 using scaling factor 0.764537, for component index 4
LOG (nnet-train-parallel[5.5.1074~1-71f3]:GetScalingFactor():nnet-component.cc:1536) Limiting step size to 10 using scaling factor 0.770125, for component index 4
LOG (nnet-train-parallel[5.5.1074~1-71f3]:GetScalingFactor():nnet-component.cc:1536) Limiting step size to 10 using scaling factor 0.751752, for component index 4
LOG (nnet-train-parallel[5.5.1074~1-71f3]:GetScalingFactor():nnet-component.cc:1536) Limiting step size to 10 using scaling factor 0.763126, for component index 4
LOG (nnet-train-parallel[5.5.1074~1-71f3]:GetScalingFactor():nnet-component.cc:1536) Limiting step size to 10 using scaling factor 0.776328, for component index 4
LOG (nnet-train-parallel[5.5.1074~1-71f3]:GetScalingFactor():nnet-component.cc:1536) Limiting step size to 10 using scaling factor 0.756927, for component index 4
LOG (nnet-train-parallel[5.5.1074~1-71f3]:GetScalingFactor():nnet-component.cc:1536) Limiting step size to 10 using scaling factor 0.764968, for component index 4
LOG (nnet-shuffle-egs[5.5.1074~1-71f3]:main():nnet-shuffle-egs.cc:104) Shuffled order of 74510 neural-network training examples using a buffer (partial randomization)
LOG (nnet-train-parallel[5.5.1074~1-71f3]:DoBackpropParallel():nnet-update-parallel.cc:194) Did backprop on 74510 examples, average log-prob per frame is -2.9865
LOG (nnet-train-parallel[5.5.1074~1-71f3]:DoBackpropParallel():nnet-update-parallel.cc:196) [this line is to be parsed by a script:] log-prob-per-frame=-2.9865
LOG (nnet-train-parallel[5.5.1074~1-71f3]:main():nnet-train-parallel.cc:102) Finished training, processed 74510 training examples (weighted).  Wrote model to exp_FG/DNN_tri_8_2000_aligned_layer3_nodes256/1.4.mdl
# Accounting: time=5 threads=1
# Ended (code 0) at Thu Aug  3 11:08:39 IST 2023, elapsed time 5 seconds
