analyze-counts --verbose=1 --binary=false --counts-dim=1280 'ark:ali-to-pdf exp_FG/tri_8_2000_ali/final.mdl "ark:gunzip -c exp_FG/tri_8_2000_ali/ali.*.gz |" ark:- |' exp_FG/blstm4i/ali_train_pdf.counts 
ali-to-pdf exp_FG/tri_8_2000_ali/final.mdl 'ark:gunzip -c exp_FG/tri_8_2000_ali/ali.*.gz |' ark:- 
LOG (ali-to-pdf[5.5.1074~1-71f3]:main():ali-to-pdf.cc:68) Converted 2919 alignments to pdf sequences.
LOG (analyze-counts[5.5.1074~1-71f3]:main():analyze-counts.cc:191) Printing...
### The sorted count table,
count	(norm),	id	(symbol):
21	(2.51671e-05),	1226	
29	(3.47546e-05),	754	
36	(4.31436e-05),	913	
37	(4.43421e-05),	698	
46	(5.5128e-05),	224	
46	(5.5128e-05),	508	
47	(5.63264e-05),	891	
48	(5.75248e-05),	277	
48	(5.75248e-05),	922	
49	(5.87233e-05),	5	
49	(5.87233e-05),	858	
52	(6.23186e-05),	288	
52	(6.23186e-05),	763	
54	(6.47155e-05),	670	
55	(6.59139e-05),	14	
55	(6.59139e-05),	557	
56	(6.71123e-05),	128	
57	(6.83108e-05),	75	
57	(6.83108e-05),	544	
57	(6.83108e-05),	896	
59	(7.07076e-05),	306	
59	(7.07076e-05),	483	
59	(7.07076e-05),	607	
60	(7.19061e-05),	725	
61	(7.31045e-05),	747	
63	(7.55014e-05),	331	
63	(7.55014e-05),	512	
64	(7.66998e-05),	198	
65	(7.78982e-05),	320	
65	(7.78982e-05),	451	
65	(7.78982e-05),	758	
65	(7.78982e-05),	1056	
66	(7.90967e-05),	751	
68	(8.14935e-05),	686	
69	(8.2692e-05),	251	
69	(8.2692e-05),	658	
70	(8.38904e-05),	400	
70	(8.38904e-05),	817	
70	(8.38904e-05),	1112	
71	(8.50888e-05),	89	
71	(8.50888e-05),	115	
71	(8.50888e-05),	1155	
72	(8.62873e-05),	578	
74	(8.86841e-05),	1272	
75	(8.98826e-05),	203	
75	(8.98826e-05),	313	
75	(8.98826e-05),	679	
76	(9.1081e-05),	1087	
77	(9.22794e-05),	237	
77	(9.22794e-05),	275	
77	(9.22794e-05),	742	
78	(9.34779e-05),	554	
79	(9.46763e-05),	1139	
80	(9.58747e-05),	226	
80	(9.58747e-05),	245	
82	(9.82716e-05),	568	
83	(9.94701e-05),	177	
83	(9.94701e-05),	186	
83	(9.94701e-05),	906	
84	(0.000100668),	117	
84	(0.000100668),	614	
84	(0.000100668),	1263	
85	(0.000101867),	182	
85	(0.000101867),	589	
85	(0.000101867),	812	
85	(0.000101867),	874	
86	(0.000103065),	204	
86	(0.000103065),	757	
87	(0.000104264),	570	
88	(0.000105462),	50	
88	(0.000105462),	519	
88	(0.000105462),	582	
88	(0.000105462),	787	
88	(0.000105462),	1255	
89	(0.000106661),	80	
89	(0.000106661),	1050	
91	(0.000109058),	643	
92	(0.000110256),	340	
92	(0.000110256),	556	
92	(0.000110256),	650	
92	(0.000110256),	1036	
93	(0.000111454),	250	
93	(0.000111454),	606	
94	(0.000112653),	387	
94	(0.000112653),	446	
94	(0.000112653),	794	
95	(0.000113851),	235	
95	(0.000113851),	344	
96	(0.00011505),	322	
96	(0.00011505),	349	
96	(0.00011505),	510	
96	(0.00011505),	1246	
99	(0.000118645),	347	
99	(0.000118645),	755	
99	(0.000118645),	1253	
100	(0.000119843),	342	
100	(0.000119843),	618	
101	(0.000121042),	321	
102	(0.00012224),	1061	
103	(0.000123439),	301	
103	(0.000123439),	397	
103	(0.000123439),	521	
103	(0.000123439),	802	
103	(0.000123439),	1225	
104	(0.000124637),	282	
104	(0.000124637),	558	
104	(0.000124637),	718	
105	(0.000125836),	210	
105	(0.000125836),	327	
106	(0.000127034),	695	
106	(0.000127034),	791	
106	(0.000127034),	819	
106	(0.000127034),	1278	
107	(0.000128232),	659	
107	(0.000128232),	1070	
108	(0.000129431),	267	
108	(0.000129431),	965	
108	(0.000129431),	1088	
109	(0.000130629),	621	
109	(0.000130629),	666	
109	(0.000130629),	683	
109	(0.000130629),	840	
109	(0.000130629),	953	
109	(0.000130629),	1210	
110	(0.000131828),	37	
110	(0.000131828),	319	
110	(0.000131828),	389	
110	(0.000131828),	458	
110	(0.000131828),	1221	
111	(0.000133026),	485	
111	(0.000133026),	645	
111	(0.000133026),	1030	
112	(0.000134225),	102	
112	(0.000134225),	491	
113	(0.000135423),	398	
113	(0.000135423),	469	
113	(0.000135423),	541	
113	(0.000135423),	551	
114	(0.000136622),	64	
114	(0.000136622),	385	
114	(0.000136622),	1151	
114	(0.000136622),	1159	
115	(0.00013782),	529	
115	(0.00013782),	1147	
117	(0.000140217),	227	
117	(0.000140217),	684	
117	(0.000140217),	1121	
118	(0.000141415),	635	
118	(0.000141415),	652	
118	(0.000141415),	1014	
119	(0.000142614),	247	
119	(0.000142614),	542	
119	(0.000142614),	1205	
119	(0.000142614),	1251	
120	(0.000143812),	180	
120	(0.000143812),	531	
120	(0.000143812),	939	
121	(0.000145011),	86	
121	(0.000145011),	946	
121	(0.000145011),	1063	
122	(0.000146209),	734	
122	(0.000146209),	924	
123	(0.000147407),	728	
124	(0.000148606),	428	
124	(0.000148606),	613	
124	(0.000148606),	1035	
125	(0.000149804),	188	
125	(0.000149804),	324	
125	(0.000149804),	454	
126	(0.000151003),	175	
126	(0.000151003),	629	
126	(0.000151003),	957	
127	(0.000152201),	328	
127	(0.000152201),	416	
127	(0.000152201),	596	
127	(0.000152201),	710	
128	(0.0001534),	183	
128	(0.0001534),	522	
128	(0.0001534),	716	
128	(0.0001534),	902	
128	(0.0001534),	951	
129	(0.000154598),	506	
129	(0.000154598),	1028	
129	(0.000154598),	1194	
130	(0.000155796),	1064	
130	(0.000155796),	1075	
130	(0.000155796),	1188	
131	(0.000156995),	336	
132	(0.000158193),	502	
132	(0.000158193),	581	
132	(0.000158193),	1137	
133	(0.000159392),	278	
133	(0.000159392),	1026	
134	(0.00016059),	145	
134	(0.00016059),	479	
134	(0.00016059),	752	
135	(0.000161789),	2	
135	(0.000161789),	122	
135	(0.000161789),	310	
135	(0.000161789),	329	
135	(0.000161789),	348	
135	(0.000161789),	1013	
136	(0.000162987),	539	
136	(0.000162987),	550	
137	(0.000164186),	307	
137	(0.000164186),	315	
137	(0.000164186),	534	
138	(0.000165384),	127	
138	(0.000165384),	1079	
138	(0.000165384),	1172	
139	(0.000166582),	465	
139	(0.000166582),	515	
140	(0.000167781),	437	
140	(0.000167781),	894	
140	(0.000167781),	961	
141	(0.000168979),	223	
142	(0.000170178),	209	
142	(0.000170178),	213	
142	(0.000170178),	482	
142	(0.000170178),	784	
142	(0.000170178),	868	
143	(0.000171376),	490	
143	(0.000171376),	500	
143	(0.000171376),	948	
143	(0.000171376),	1029	
143	(0.000171376),	1136	
144	(0.000172575),	555	
144	(0.000172575),	1204	
145	(0.000173773),	1081	
146	(0.000174971),	1041	
147	(0.00017617),	38	
147	(0.00017617),	123	
147	(0.00017617),	499	
148	(0.000177368),	163	
148	(0.000177368),	238	
148	(0.000177368),	480	
148	(0.000177368),	492	
149	(0.000178567),	412	
149	(0.000178567),	622	
149	(0.000178567),	636	
149	(0.000178567),	1220	
150	(0.000179765),	455	
150	(0.000179765),	704	
150	(0.000179765),	762	
151	(0.000180964),	286	
151	(0.000180964),	1145	
152	(0.000182162),	33	
152	(0.000182162),	562	
152	(0.000182162),	1092	
153	(0.00018336),	834	
154	(0.000184559),	261	
154	(0.000184559),	498	
154	(0.000184559),	602	
154	(0.000184559),	617	
154	(0.000184559),	966	
154	(0.000184559),	1212	
155	(0.000185757),	1066	
155	(0.000185757),	1146	
156	(0.000186956),	263	
156	(0.000186956),	356	
156	(0.000186956),	486	
156	(0.000186956),	748	
157	(0.000188154),	109	
157	(0.000188154),	167	
157	(0.000188154),	655	
157	(0.000188154),	1274	
158	(0.000189353),	682	
158	(0.000189353),	934	
159	(0.000190551),	538	
160	(0.000191749),	10	
160	(0.000191749),	637	
160	(0.000191749),	916	
161	(0.000192948),	357	
161	(0.000192948),	493	
161	(0.000192948),	831	
161	(0.000192948),	1171	
162	(0.000194146),	620	
163	(0.000195345),	126	
163	(0.000195345),	268	
163	(0.000195345),	404	
164	(0.000196543),	584	
164	(0.000196543),	597	
164	(0.000196543),	694	
165	(0.000197742),	520	
165	(0.000197742),	1164	
166	(0.00019894),	285	
166	(0.00019894),	883	
166	(0.00019894),	1051	
167	(0.000200139),	66	
167	(0.000200139),	421	
167	(0.000200139),	822	
167	(0.000200139),	848	
167	(0.000200139),	933	
167	(0.000200139),	1217	
168	(0.000201337),	880	
168	(0.000201337),	943	
169	(0.000202535),	1125	
169	(0.000202535),	1243	
170	(0.000203734),	470	
170	(0.000203734),	709	
170	(0.000203734),	972	
170	(0.000203734),	973	
171	(0.000204932),	174	
171	(0.000204932),	459	
171	(0.000204932),	601	
171	(0.000204932),	690	
171	(0.000204932),	833	
171	(0.000204932),	1010	
172	(0.000206131),	240	
172	(0.000206131),	703	
173	(0.000207329),	19	
173	(0.000207329),	79	
173	(0.000207329),	464	
173	(0.000207329),	759	
173	(0.000207329),	945	
173	(0.000207329),	1126	
174	(0.000208528),	1	
174	(0.000208528),	334	
174	(0.000208528),	369	
174	(0.000208528),	789	
174	(0.000208528),	1058	
175	(0.000209726),	615	
175	(0.000209726),	628	
175	(0.000209726),	974	
175	(0.000209726),	1042	
176	(0.000210924),	41	
176	(0.000210924),	225	
176	(0.000210924),	447	
176	(0.000210924),	826	
176	(0.000210924),	1090	
176	(0.000210924),	1233	
176	(0.000210924),	1267	
177	(0.000212123),	591	
177	(0.000212123),	1223	
178	(0.000213321),	34	
178	(0.000213321),	1279	
179	(0.00021452),	484	
179	(0.00021452),	678	
179	(0.00021452),	992	
180	(0.000215718),	93	
180	(0.000215718),	199	
180	(0.000215718),	456	
181	(0.000216917),	121	
181	(0.000216917),	574	
181	(0.000216917),	583	
181	(0.000216917),	609	
181	(0.000216917),	841	
181	(0.000216917),	944	
182	(0.000218115),	29	
182	(0.000218115),	74	
183	(0.000219313),	365	
183	(0.000219313),	1005	
184	(0.000220512),	736	
185	(0.00022171),	111	
185	(0.00022171),	721	
185	(0.00022171),	888	
185	(0.00022171),	1025	
185	(0.00022171),	1161	
186	(0.000222909),	242	
186	(0.000222909),	333	
187	(0.000224107),	228	
188	(0.000225306),	114	
188	(0.000225306),	197	
189	(0.000226504),	414	
189	(0.000226504),	475	
189	(0.000226504),	700	
190	(0.000227703),	95	
190	(0.000227703),	131	
190	(0.000227703),	272	
191	(0.000228901),	61	
191	(0.000228901),	849	
191	(0.000228901),	864	
191	(0.000228901),	938	
192	(0.000230099),	468	
192	(0.000230099),	884	
192	(0.000230099),	1128	
193	(0.000231298),	142	
193	(0.000231298),	187	
193	(0.000231298),	612	
193	(0.000231298),	680	
193	(0.000231298),	743	
193	(0.000231298),	1096	
194	(0.000232496),	140	
194	(0.000232496),	255	
194	(0.000232496),	351	
194	(0.000232496),	405	
194	(0.000232496),	1040	
194	(0.000232496),	1211	
194	(0.000232496),	1213	
194	(0.000232496),	1235	
195	(0.000233695),	753	
195	(0.000233695),	1105	
196	(0.000234893),	1247	
197	(0.000236092),	6	
197	(0.000236092),	120	
197	(0.000236092),	311	
197	(0.000236092),	821	
198	(0.00023729),	83	
198	(0.00023729),	233	
198	(0.00023729),	287	
198	(0.00023729),	777	
199	(0.000238488),	296	
199	(0.000238488),	760	
199	(0.000238488),	800	
200	(0.000239687),	630	
200	(0.000239687),	697	
200	(0.000239687),	809	
200	(0.000239687),	869	
201	(0.000240885),	1250	
202	(0.000242084),	31	
202	(0.000242084),	284	
202	(0.000242084),	691	
202	(0.000242084),	818	
203	(0.000243282),	246	
203	(0.000243282),	406	
203	(0.000243282),	626	
203	(0.000243282),	1033	
203	(0.000243282),	1264	
204	(0.000244481),	332	
205	(0.000245679),	276	
205	(0.000245679),	563	
205	(0.000245679),	779	
206	(0.000246877),	590	
206	(0.000246877),	853	
207	(0.000248076),	7	
207	(0.000248076),	402	
207	(0.000248076),	1012	
208	(0.000249274),	536	
208	(0.000249274),	605	
209	(0.000250473),	298	
209	(0.000250473),	302	
209	(0.000250473),	396	
209	(0.000250473),	873	
210	(0.000251671),	699	
211	(0.00025287),	362	
211	(0.00025287),	524	
211	(0.00025287),	569	
211	(0.00025287),	646	
212	(0.000254068),	27	
212	(0.000254068),	32	
212	(0.000254068),	162	
213	(0.000255267),	418	
213	(0.000255267),	987	
213	(0.000255267),	1015	
213	(0.000255267),	1038	
214	(0.000256465),	69	
214	(0.000256465),	157	
214	(0.000256465),	726	
214	(0.000256465),	910	
215	(0.000257663),	904	
215	(0.000257663),	964	
216	(0.000258862),	477	
216	(0.000258862),	764	
216	(0.000258862),	1100	
217	(0.00026006),	153	
217	(0.00026006),	161	
217	(0.00026006),	567	
217	(0.00026006),	685	
217	(0.00026006),	845	
217	(0.00026006),	887	
218	(0.000261259),	1065	
219	(0.000262457),	518	
219	(0.000262457),	543	
219	(0.000262457),	798	
219	(0.000262457),	875	
220	(0.000263656),	181	
220	(0.000263656),	391	
220	(0.000263656),	660	
220	(0.000263656),	851	
220	(0.000263656),	947	
220	(0.000263656),	981	
220	(0.000263656),	1248	
221	(0.000264854),	314	
221	(0.000264854),	548	
221	(0.000264854),	746	
221	(0.000264854),	797	
222	(0.000266052),	202	
222	(0.000266052),	598	
223	(0.000267251),	1228	
224	(0.000268449),	274	
224	(0.000268449),	363	
224	(0.000268449),	837	
224	(0.000268449),	1094	
224	(0.000268449),	1124	
224	(0.000268449),	1208	
225	(0.000269648),	248	
227	(0.000272045),	253	
227	(0.000272045),	847	
228	(0.000273243),	1049	
228	(0.000273243),	1118	
229	(0.000274441),	537	
229	(0.000274441),	836	
229	(0.000274441),	1053	
230	(0.00027564),	915	
231	(0.000276838),	1252	
231	(0.000276838),	1276	
232	(0.000278037),	185	
232	(0.000278037),	258	
232	(0.000278037),	467	
233	(0.000279235),	173	
233	(0.000279235),	487	
233	(0.000279235),	738	
234	(0.000280434),	136	
234	(0.000280434),	139	
234	(0.000280434),	169	
234	(0.000280434),	429	
234	(0.000280434),	920	
234	(0.000280434),	1156	
235	(0.000281632),	134	
235	(0.000281632),	850	
235	(0.000281632),	1044	
235	(0.000281632),	1162	
236	(0.000282831),	194	
236	(0.000282831),	654	
236	(0.000282831),	740	
236	(0.000282831),	773	
236	(0.000282831),	1091	
236	(0.000282831),	1129	
237	(0.000284029),	212	
237	(0.000284029),	674	
237	(0.000284029),	1045	
238	(0.000285227),	337	
238	(0.000285227),	553	
238	(0.000285227),	768	
238	(0.000285227),	1021	
239	(0.000286426),	106	
239	(0.000286426),	496	
239	(0.000286426),	675	
239	(0.000286426),	999	
239	(0.000286426),	1052	
240	(0.000287624),	266	
240	(0.000287624),	693	
240	(0.000287624),	723	
240	(0.000287624),	899	
241	(0.000288823),	54	
241	(0.000288823),	289	
241	(0.000288823),	696	
242	(0.000290021),	138	
243	(0.00029122),	892	
244	(0.000292418),	427	
244	(0.000292418),	523	
244	(0.000292418),	677	
244	(0.000292418),	1127	
244	(0.000292418),	1132	
244	(0.000292418),	1262	
245	(0.000293616),	12	
245	(0.000293616),	1057	
246	(0.000294815),	160	
246	(0.000294815),	281	
246	(0.000294815),	338	
246	(0.000294815),	368	
246	(0.000294815),	832	
246	(0.000294815),	1177	
246	(0.000294815),	1257	
247	(0.000296013),	11	
247	(0.000296013),	579	
247	(0.000296013),	707	
248	(0.000297212),	632	
249	(0.00029841),	309	
249	(0.00029841),	346	
249	(0.00029841),	955	
250	(0.000299609),	339	
250	(0.000299609),	376	
250	(0.000299609),	859	
250	(0.000299609),	942	
251	(0.000300807),	828	
251	(0.000300807),	1032	
251	(0.000300807),	1116	
252	(0.000302005),	201	
254	(0.000304402),	269	
254	(0.000304402),	316	
255	(0.000305601),	425	
255	(0.000305601),	435	
256	(0.000306799),	528	
256	(0.000306799),	796	
256	(0.000306799),	1134	
257	(0.000307998),	476	
257	(0.000307998),	587	
257	(0.000307998),	771	
257	(0.000307998),	900	
257	(0.000307998),	959	
258	(0.000309196),	381	
258	(0.000309196),	415	
259	(0.000310395),	67	
259	(0.000310395),	595	
259	(0.000310395),	1001	
260	(0.000311593),	218	
260	(0.000311593),	603	
261	(0.000312791),	45	
261	(0.000312791),	1254	
262	(0.00031399),	432	
262	(0.00031399),	801	
262	(0.00031399),	885	
262	(0.00031399),	1195	
262	(0.00031399),	1224	
263	(0.000315188),	701	
263	(0.000315188),	781	
263	(0.000315188),	886	
264	(0.000316387),	53	
264	(0.000316387),	100	
264	(0.000316387),	681	
264	(0.000316387),	807	
264	(0.000316387),	1190	
264	(0.000316387),	1240	
265	(0.000317585),	234	
265	(0.000317585),	988	
265	(0.000317585),	989	
265	(0.000317585),	1186	
266	(0.000318784),	308	
266	(0.000318784),	1189	
267	(0.000319982),	65	
267	(0.000319982),	85	
267	(0.000319982),	366	
267	(0.000319982),	575	
267	(0.000319982),	689	
267	(0.000319982),	996	
267	(0.000319982),	1084	
268	(0.00032118),	433	
269	(0.000322379),	149	
269	(0.000322379),	178	
269	(0.000322379),	1111	
271	(0.000324776),	527	
271	(0.000324776),	823	
271	(0.000324776),	1229	
273	(0.000327173),	171	
273	(0.000327173),	665	
273	(0.000327173),	830	
274	(0.000328371),	350	
274	(0.000328371),	765	
274	(0.000328371),	1123	
275	(0.000329569),	165	
275	(0.000329569),	206	
276	(0.000330768),	481	
276	(0.000330768),	702	
276	(0.000330768),	790	
276	(0.000330768),	930	
276	(0.000330768),	1072	
276	(0.000330768),	1138	
276	(0.000330768),	1270	
277	(0.000331966),	895	
278	(0.000333165),	867	
278	(0.000333165),	978	
279	(0.000334363),	118	
279	(0.000334363),	749	
279	(0.000334363),	846	
279	(0.000334363),	1168	
280	(0.000335562),	176	
280	(0.000335562),	257	
280	(0.000335562),	295	
280	(0.000335562),	413	
280	(0.000335562),	619	
280	(0.000335562),	741	
280	(0.000335562),	756	
280	(0.000335562),	1176	
280	(0.000335562),	1222	
280	(0.000335562),	1271	
281	(0.00033676),	1154	
282	(0.000337958),	195	
282	(0.000337958),	401	
282	(0.000337958),	827	
283	(0.000339157),	345	
283	(0.000339157),	769	
283	(0.000339157),	863	
283	(0.000339157),	958	
284	(0.000340355),	497	
284	(0.000340355),	905	
285	(0.000341554),	290	
285	(0.000341554),	303	
285	(0.000341554),	820	
285	(0.000341554),	824	
285	(0.000341554),	876	
285	(0.000341554),	898	
285	(0.000341554),	1039	
285	(0.000341554),	1201	
287	(0.000343951),	419	
287	(0.000343951),	793	
287	(0.000343951),	1086	
289	(0.000346348),	30	
289	(0.000346348),	889	
289	(0.000346348),	1158	
290	(0.000347546),	600	
290	(0.000347546),	1202	
291	(0.000348744),	144	
291	(0.000348744),	1197	
292	(0.000349943),	903	
293	(0.000351141),	249	
293	(0.000351141),	1083	
293	(0.000351141),	1234	
294	(0.00035234),	108	
294	(0.00035234),	399	
294	(0.00035234),	411	
294	(0.00035234),	744	
294	(0.00035234),	1000	
295	(0.000353538),	164	
295	(0.000353538),	634	
295	(0.000353538),	1203	
296	(0.000354737),	172	
296	(0.000354737),	374	
296	(0.000354737),	394	
296	(0.000354737),	810	
297	(0.000355935),	239	
297	(0.000355935),	448	
297	(0.000355935),	474	
298	(0.000357133),	434	
299	(0.000358332),	540	
299	(0.000358332),	1273	
300	(0.00035953),	882	
300	(0.00035953),	1016	
301	(0.000360729),	373	
301	(0.000360729),	995	
302	(0.000361927),	101	
302	(0.000361927),	244	
302	(0.000361927),	422	
302	(0.000361927),	560	
302	(0.000361927),	1130	
304	(0.000364324),	393	
304	(0.000364324),	970	
305	(0.000365522),	60	
305	(0.000365522),	154	
305	(0.000365522),	912	
306	(0.000366721),	1037	
306	(0.000366721),	1071	
307	(0.000367919),	1198	
308	(0.000369118),	44	
308	(0.000369118),	326	
308	(0.000369118),	919	
309	(0.000370316),	305	
309	(0.000370316),	571	
309	(0.000370316),	706	
310	(0.000371515),	221	
310	(0.000371515),	443	
312	(0.000373912),	256	
312	(0.000373912),	559	
312	(0.000373912),	1230	
313	(0.00037511),	509	
313	(0.00037511),	1135	
314	(0.000376308),	16	
314	(0.000376308),	513	
315	(0.000377507),	561	
315	(0.000377507),	862	
316	(0.000378705),	166	
316	(0.000378705),	431	
316	(0.000378705),	708	
317	(0.000379904),	383	
317	(0.000379904),	1258	
318	(0.000381102),	1236	
320	(0.000383499),	633	
320	(0.000383499),	852	
320	(0.000383499),	1077	
320	(0.000383499),	1133	
322	(0.000385896),	724	
322	(0.000385896),	1269	
324	(0.000388293),	855	
324	(0.000388293),	1175	
325	(0.000389491),	222	
327	(0.000391888),	132	
327	(0.000391888),	778	
327	(0.000391888),	1060	
327	(0.000391888),	1259	
328	(0.000393086),	317	
328	(0.000393086),	364	
329	(0.000394285),	472	
330	(0.000395483),	1160	
331	(0.000396682),	270	
331	(0.000396682),	1047	
331	(0.000396682),	1110	
332	(0.00039788),	813	
332	(0.00039788),	1207	
333	(0.000399079),	829	
335	(0.000401476),	782	
335	(0.000401476),	1143	
336	(0.000402674),	423	
336	(0.000402674),	705	
337	(0.000403872),	116	
337	(0.000403872),	727	
337	(0.000403872),	1076	
338	(0.000405071),	395	
338	(0.000405071),	901	
339	(0.000406269),	196	
339	(0.000406269),	594	
339	(0.000406269),	890	
339	(0.000406269),	1003	
340	(0.000407468),	549	
342	(0.000409865),	15	
342	(0.000409865),	129	
342	(0.000409865),	662	
342	(0.000409865),	799	
343	(0.000411063),	1238	
344	(0.000412261),	1242	
345	(0.00041346),	22	
345	(0.00041346),	190	
345	(0.00041346),	360	
345	(0.00041346),	392	
345	(0.00041346),	638	
345	(0.00041346),	1080	
345	(0.00041346),	1241	
346	(0.000414658),	870	
346	(0.000414658),	991	
347	(0.000415857),	262	
347	(0.000415857),	921	
348	(0.000417055),	795	
349	(0.000418254),	623	
349	(0.000418254),	715	
349	(0.000418254),	909	
349	(0.000418254),	1115	
350	(0.000419452),	191	
350	(0.000419452),	466	
350	(0.000419452),	667	
350	(0.000419452),	1192	
351	(0.00042065),	788	
351	(0.00042065),	985	
352	(0.000421849),	625	
352	(0.000421849),	911	
352	(0.000421849),	1187	
353	(0.000423047),	733	
354	(0.000424246),	216	
354	(0.000424246),	252	
354	(0.000424246),	517	
354	(0.000424246),	1059	
355	(0.000425444),	770	
355	(0.000425444),	893	
355	(0.000425444),	1277	
356	(0.000426643),	151	
356	(0.000426643),	478	
356	(0.000426643),	925	
357	(0.000427841),	28	
357	(0.000427841),	604	
358	(0.00042904),	576	
358	(0.00042904),	879	
358	(0.00042904),	1239	
359	(0.000430238),	135	
359	(0.000430238),	962	
360	(0.000431436),	147	
360	(0.000431436),	461	
360	(0.000431436),	668	
361	(0.000432635),	219	
362	(0.000433833),	1078	
362	(0.000433833),	1152	
363	(0.000435032),	960	
364	(0.00043623),	776	
365	(0.000437429),	200	
368	(0.000441024),	692	
369	(0.000442222),	208	
369	(0.000442222),	792	
370	(0.000443421),	1007	
371	(0.000444619),	355	
371	(0.000444619),	980	
371	(0.000444619),	1004	
372	(0.000445818),	722	
372	(0.000445818),	1006	
373	(0.000447016),	119	
374	(0.000448214),	990	
374	(0.000448214),	1024	
375	(0.000449413),	1131	
376	(0.000450611),	805	
376	(0.000450611),	1170	
377	(0.00045181),	214	
377	(0.00045181),	279	
377	(0.00045181),	325	
377	(0.00045181),	673	
379	(0.000454207),	424	
380	(0.000455405),	230	
380	(0.000455405),	1114	
381	(0.000456603),	452	
381	(0.000456603),	616	
382	(0.000457802),	735	
382	(0.000457802),	811	
384	(0.000460199),	593	
384	(0.000460199),	775	
384	(0.000460199),	1268	
385	(0.000461397),	729	
386	(0.000462596),	1167	
387	(0.000463794),	1215	
388	(0.000464993),	503	
389	(0.000466191),	929	
389	(0.000466191),	1256	
389	(0.000466191),	1260	
390	(0.000467389),	96	
391	(0.000468588),	438	
392	(0.000469786),	525	
393	(0.000470985),	70	
394	(0.000472183),	18	
394	(0.000472183),	532	
394	(0.000472183),	935	
394	(0.000472183),	993	
394	(0.000472183),	1140	
395	(0.000473382),	358	
395	(0.000473382),	844	
396	(0.00047458),	243	
397	(0.000475778),	1184	
398	(0.000476977),	516	
398	(0.000476977),	1054	
399	(0.000478175),	361	
399	(0.000478175),	439	
400	(0.000479374),	1117	
400	(0.000479374),	1153	
401	(0.000480572),	1169	
402	(0.000481771),	20	
402	(0.000481771),	82	
402	(0.000481771),	460	
402	(0.000481771),	1009	
402	(0.000481771),	1011	
403	(0.000482969),	1101	
403	(0.000482969),	1178	
404	(0.000484167),	388	
404	(0.000484167),	501	
404	(0.000484167),	1027	
405	(0.000485366),	547	
406	(0.000486564),	1097	
407	(0.000487763),	403	
407	(0.000487763),	1261	
409	(0.00049016),	217	
410	(0.000491358),	370	
410	(0.000491358),	384	
410	(0.000491358),	1106	
411	(0.000492557),	997	
411	(0.000492557),	1183	
412	(0.000493755),	766	
413	(0.000494953),	371	
413	(0.000494953),	631	
413	(0.000494953),	1104	
418	(0.000500946),	585	
420	(0.000503342),	656	
421	(0.000504541),	292	
421	(0.000504541),	1093	
422	(0.000505739),	949	
423	(0.000506938),	297	
424	(0.000508136),	986	
425	(0.000509335),	35	
426	(0.000510533),	26	
427	(0.000511731),	871	
427	(0.000511731),	1034	
428	(0.00051293),	838	
428	(0.00051293),	926	
428	(0.00051293),	1163	
430	(0.000515327),	1265	
433	(0.000518922),	860	
433	(0.000518922),	1085	
433	(0.000518922),	1099	
435	(0.000521319),	897	
436	(0.000522517),	535	
438	(0.000524914),	341	
438	(0.000524914),	956	
439	(0.000526113),	653	
440	(0.000527311),	1067	
440	(0.000527311),	1266	
442	(0.000529708),	380	
442	(0.000529708),	382	
442	(0.000529708),	514	
443	(0.000530906),	737	
444	(0.000532105),	572	
444	(0.000532105),	719	
444	(0.000532105),	1108	
446	(0.000534502),	441	
446	(0.000534502),	816	
446	(0.000534502),	861	
446	(0.000534502),	1214	
447	(0.0005357),	354	
448	(0.000536899),	254	
449	(0.000538097),	330	
450	(0.000539295),	47	
450	(0.000539295),	99	
450	(0.000539295),	573	
451	(0.000540494),	78	
451	(0.000540494),	530	
451	(0.000540494),	780	
452	(0.000541692),	112	
453	(0.000542891),	750	
453	(0.000542891),	808	
454	(0.000544089),	170	
454	(0.000544089),	627	
455	(0.000545288),	1206	
456	(0.000546486),	954	
457	(0.000547685),	969	
459	(0.000550081),	927	
460	(0.00055128),	77	
461	(0.000552478),	51	
461	(0.000552478),	914	
465	(0.000557272),	640	
466	(0.00055847),	407	
467	(0.000559669),	1069	
468	(0.000560867),	59	
468	(0.000560867),	967	
469	(0.000562066),	205	
470	(0.000563264),	450	
470	(0.000563264),	731	
471	(0.000564463),	124	
473	(0.000566859),	657	
474	(0.000568058),	462	
475	(0.000569256),	76	
475	(0.000569256),	353	
476	(0.000570455),	390	
476	(0.000570455),	1144	
477	(0.000571653),	231	
477	(0.000571653),	457	
477	(0.000571653),	489	
478	(0.000572852),	323	
479	(0.00057405),	975	
480	(0.000575248),	294	
480	(0.000575248),	814	
481	(0.000576447),	271	
483	(0.000578844),	189	
483	(0.000578844),	661	
483	(0.000578844),	1149	
485	(0.000581241),	494	
485	(0.000581241),	711	
488	(0.000584836),	299	
489	(0.000586034),	23	
490	(0.000587233),	588	
490	(0.000587233),	644	
490	(0.000587233),	730	
490	(0.000587233),	772	
493	(0.000590828),	312	
493	(0.000590828),	552	
494	(0.000592027),	436	
494	(0.000592027),	639	
494	(0.000592027),	923	
494	(0.000592027),	1227	
496	(0.000594423),	1089	
497	(0.000595622),	87	
498	(0.00059682),	193	
500	(0.000599217),	1209	
501	(0.000600416),	504	
501	(0.000600416),	717	
502	(0.000601614),	49	
505	(0.000605209),	641	
505	(0.000605209),	1018	
507	(0.000607606),	168	
507	(0.000607606),	745	
507	(0.000607606),	1073	
509	(0.000610003),	866	
513	(0.000614797),	1166	
514	(0.000615995),	546	
515	(0.000617194),	148	
517	(0.000619591),	931	
518	(0.000620789),	566	
518	(0.000620789),	611	
519	(0.000621987),	907	
521	(0.000624384),	291	
523	(0.000626781),	977	
525	(0.000629178),	732	
526	(0.000630376),	42	
526	(0.000630376),	982	
527	(0.000631575),	669	
527	(0.000631575),	1019	
529	(0.000633972),	57	
530	(0.00063517),	586	
533	(0.000638766),	624	
533	(0.000638766),	1031	
534	(0.000639964),	81	
534	(0.000639964),	1113	
534	(0.000639964),	1148	
536	(0.000642361),	1245	
537	(0.000643559),	968	
538	(0.000644758),	577	
539	(0.000645956),	671	
540	(0.000647155),	783	
541	(0.000648353),	1157	
543	(0.00065075),	647	
543	(0.00065075),	1103	
544	(0.000651948),	663	
545	(0.000653147),	410	
547	(0.000655544),	52	
549	(0.00065794),	564	
552	(0.000661536),	1068	
553	(0.000662734),	156	
553	(0.000662734),	599	
554	(0.000663933),	24	
554	(0.000663933),	878	
555	(0.000665131),	215	
555	(0.000665131),	713	
556	(0.00066633),	917	
557	(0.000667528),	739	
557	(0.000667528),	1182	
558	(0.000668726),	815	
558	(0.000668726),	1107	
563	(0.000674719),	545	
563	(0.000674719),	608	
567	(0.000679512),	293	
567	(0.000679512),	445	
578	(0.000692695),	854	
580	(0.000695092),	105	
580	(0.000695092),	979	
581	(0.00069629),	4	
582	(0.000697489),	264	
584	(0.000699886),	379	
585	(0.000701084),	8	
585	(0.000701084),	610	
587	(0.000703481),	84	
589	(0.000705878),	48	
590	(0.000707076),	1191	
592	(0.000709473),	804	
598	(0.000716664),	420	
598	(0.000716664),	471	
598	(0.000716664),	687	
602	(0.000721457),	881	
602	(0.000721457),	1074	
604	(0.000723854),	386	
604	(0.000723854),	786	
606	(0.000726251),	236	
607	(0.00072745),	94	
607	(0.00072745),	872	
608	(0.000728648),	488	
609	(0.000729847),	184	
612	(0.000733442),	36	
612	(0.000733442),	928	
613	(0.00073464),	367	
615	(0.000737037),	984	
616	(0.000738236),	941	
617	(0.000739434),	133	
617	(0.000739434),	1218	
618	(0.000740632),	158	
619	(0.000741831),	259	
619	(0.000741831),	1180	
621	(0.000744228),	565	
621	(0.000744228),	1232	
622	(0.000745426),	146	
622	(0.000745426),	409	
624	(0.000747823),	1082	
628	(0.000752617),	983	
629	(0.000753815),	963	
633	(0.000758609),	843	
635	(0.000761006),	141	
635	(0.000761006),	300	
638	(0.000764601),	211	
639	(0.0007658),	98	
639	(0.0007658),	507	
644	(0.000771792),	580	
645	(0.00077299),	104	
647	(0.000775387),	13	
652	(0.000781379),	417	
653	(0.000782578),	343	
655	(0.000784975),	125	
658	(0.00078857),	937	
661	(0.000792165),	71	
664	(0.00079576),	408	
664	(0.00079576),	994	
668	(0.000800554),	143	
669	(0.000801753),	377	
674	(0.000807745),	463	
677	(0.00081134),	998	
677	(0.00081134),	1120	
683	(0.000818531),	1102	
685	(0.000820928),	3	
685	(0.000820928),	25	
685	(0.000820928),	511	
685	(0.000820928),	649	
687	(0.000823324),	220	
687	(0.000823324),	664	
692	(0.000829317),	17	
692	(0.000829317),	936	
692	(0.000829317),	1023	
693	(0.000830515),	107	
693	(0.000830515),	1109	
694	(0.000831713),	192	
695	(0.000832912),	442	
698	(0.000836507),	688	
710	(0.000850888),	359	
710	(0.000850888),	857	
714	(0.000855682),	55	
715	(0.000856881),	767	
719	(0.000861674),	1119	
725	(0.000868865),	835	
725	(0.000868865),	1008	
727	(0.000871262),	1022	
728	(0.00087246),	1179	
728	(0.00087246),	1231	
734	(0.000879651),	273	
734	(0.000879651),	1244	
737	(0.000883246),	971	
740	(0.000886841),	92	
748	(0.000896429),	318	
753	(0.000902421),	335	
753	(0.000902421),	651	
754	(0.00090362),	375	
764	(0.000915604),	877	
766	(0.000918001),	1275	
767	(0.000919199),	46	
770	(0.000922794),	73	
772	(0.000925191),	372	
772	(0.000925191),	473	
781	(0.000935977),	91	
781	(0.000935977),	444	
782	(0.000937176),	1002	
783	(0.000938374),	229	
795	(0.000952755),	260	
802	(0.000961144),	672	
806	(0.000965938),	241	
810	(0.000970732),	1095	
812	(0.000973129),	1055	
823	(0.000986311),	265	
828	(0.000992304),	1098	
836	(0.00100189),	110	
837	(0.00100309),	1048	
844	(0.00101148),	1249	
849	(0.00101747),	1043	
850	(0.00101867),	908	
850	(0.00101867),	1165	
861	(0.00103185),	865	
863	(0.00103425),	97	
867	(0.00103904),	179	
868	(0.00104024),	505	
870	(0.00104264),	207	
871	(0.00104384),	440	
872	(0.00104503),	152	
873	(0.00104623),	90	
873	(0.00104623),	856	
876	(0.00104983),	1216	
888	(0.00106421),	453	
890	(0.00106661),	1150	
893	(0.0010702),	150	
912	(0.00109297),	533	
919	(0.00110136),	785	
920	(0.00110256),	232	
921	(0.00110376),	1122	
923	(0.00110615),	9	
926	(0.00110975),	712	
929	(0.00111335),	280	
937	(0.00112293),	940	
943	(0.00113012),	714	
947	(0.00113492),	1200	
958	(0.0011481),	21	
960	(0.0011505),	592	
962	(0.00115289),	430	
970	(0.00116248),	952	
992	(0.00118885),	449	
997	(0.00119484),	842	
1012	(0.00121282),	648	
1020	(0.0012224),	1193	
1023	(0.001226),	1196	
1026	(0.00122959),	950	
1027	(0.00123079),	720	
1044	(0.00125117),	130	
1055	(0.00126435),	825	
1056	(0.00126555),	806	
1070	(0.00128232),	72	
1107	(0.00132667),	378	
1115	(0.00133625),	1199	
1118	(0.00133985),	918	
1144	(0.00137101),	56	
1146	(0.00137341),	761	
1146	(0.00137341),	774	
1180	(0.00141415),	839	
1195	(0.00143213),	976	
1219	(0.00146089),	1173	
1223	(0.00146569),	526	
1239	(0.00148486),	283	
1240	(0.00148606),	103	
1265	(0.00151602),	137	
1268	(0.00151961),	155	
1300	(0.00155796),	352	
1395	(0.00167182),	1062	
1403	(0.0016814),	676	
1431	(0.00171496),	1142	
1487	(0.00178207),	88	
1517	(0.00181802),	932	
1554	(0.00186237),	1141	
1618	(0.00193907),	1174	
1704	(0.00204213),	426	
1713	(0.00205292),	1017	
1799	(0.00215598),	1020	
1869	(0.00223987),	1046	
1912	(0.00229141),	43	
2011	(0.00241005),	304	
2132	(0.00255506),	63	
2151	(0.00257783),	113	
2495	(0.00299009),	58	
2783	(0.00333524),	1219	
3530	(0.00423047),	1185	
3661	(0.00438747),	1237	
4500	(0.00539295),	62	
4611	(0.00552598),	68	
4633	(0.00555235),	1181	
6124	(0.00733921),	159	
6196	(0.0074255),	642	
8029	(0.00962223),	495	
8779	(0.0105211),	803	
42770	(0.051257),	39	
110974	(0.132995),	40	
182894	(0.219186),	0	

#total 834422 (2.31784h)

LOG (analyze-counts[5.5.1074~1-71f3]:main():analyze-counts.cc:194) Summed 2919 int32 vectors to counts, skipped 0 vectors.
LOG (analyze-counts[5.5.1074~1-71f3]:main():analyze-counts.cc:196) Counts written to exp_FG/blstm4i/ali_train_pdf.counts
