# nnet3-latgen-faster --frames-per-chunk=50 --extra-left-context=0 --extra-right-context=0 --extra-left-context-initial=-1 --extra-right-context-final=-1 --minimize=false --max-active=7000 --min-active=200 --beam=15.0 --lattice-beam=8.0 --acoustic-scale=0.1 --allow-partial=true --word-symbol-table=exp_FG/LSTM/words.txt exp_FG/LSTM/final.mdl exp_FG/LSTM/HCLG.fst "ark,s,cs:apply-cmvn  --utt2spk=ark:data/test/split10/10/utt2spk scp:data/test/split10/10/cmvn.scp scp:data/test/split10/10/feats.scp ark:- |" "ark:|gzip -c >exp_FG/LSTM/decode/lat.10.gz" 
# Started at Thu Aug  3 11:46:13 IST 2023
#
nnet3-latgen-faster --frames-per-chunk=50 --extra-left-context=0 --extra-right-context=0 --extra-left-context-initial=-1 --extra-right-context-final=-1 --minimize=false --max-active=7000 --min-active=200 --beam=15.0 --lattice-beam=8.0 --acoustic-scale=0.1 --allow-partial=true --word-symbol-table=exp_FG/LSTM/words.txt exp_FG/LSTM/final.mdl exp_FG/LSTM/HCLG.fst 'ark,s,cs:apply-cmvn  --utt2spk=ark:data/test/split10/10/utt2spk scp:data/test/split10/10/cmvn.scp scp:data/test/split10/10/feats.scp ark:- |' 'ark:|gzip -c >exp_FG/LSTM/decode/lat.10.gz' 
LOG (nnet3-latgen-faster[5.5.1074~1-71f3]:RemoveOrphanNodes():nnet-nnet.cc:948) Removed 0 orphan nodes.
LOG (nnet3-latgen-faster[5.5.1074~1-71f3]:RemoveOrphanComponents():nnet-nnet.cc:847) Removing 0 orphan components.
apply-cmvn --utt2spk=ark:data/test/split10/10/utt2spk scp:data/test/split10/10/cmvn.scp scp:data/test/split10/10/feats.scp ark:- 
MC05_104 tootxtxattai gawani 
LOG (nnet3-latgen-faster[5.5.1074~1-71f3]:DecodeUtteranceLatticeFaster():decoder-wrappers.cc:375) Log-like per frame for utterance MC05_104 is 0.256324 over 287 frames.
MC05_109 jagam 
LOG (nnet3-latgen-faster[5.5.1074~1-71f3]:DecodeUtteranceLatticeFaster():decoder-wrappers.cc:375) Log-like per frame for utterance MC05_109 is 0.250765 over 81 frames.
MC05_112 sxasxtxi 
LOG (nnet3-latgen-faster[5.5.1074~1-71f3]:DecodeUtteranceLatticeFaster():decoder-wrappers.cc:375) Log-like per frame for utterance MC05_112 is 0.2641 over 161 frames.
MC05_113 isxtxam 
LOG (nnet3-latgen-faster[5.5.1074~1-71f3]:DecodeUtteranceLatticeFaster():decoder-wrappers.cc:375) Log-like per frame for utterance MC05_113 is 0.242653 over 144 frames.
MC05_116 kanxidam 
LOG (nnet3-latgen-faster[5.5.1074~1-71f3]:DecodeUtteranceLatticeFaster():decoder-wrappers.cc:375) Log-like per frame for utterance MC05_116 is 0.263941 over 136 frames.
MC05_117 kaagidam 
LOG (nnet3-latgen-faster[5.5.1074~1-71f3]:DecodeUtteranceLatticeFaster():decoder-wrappers.cc:375) Log-like per frame for utterance MC05_117 is 0.237684 over 143 frames.
MC05_118 paagam 
LOG (nnet3-latgen-faster[5.5.1074~1-71f3]:DecodeUtteranceLatticeFaster():decoder-wrappers.cc:375) Log-like per frame for utterance MC05_118 is 0.254879 over 124 frames.
MC05_119 paanam 
LOG (nnet3-latgen-faster[5.5.1074~1-71f3]:DecodeUtteranceLatticeFaster():decoder-wrappers.cc:375) Log-like per frame for utterance MC05_119 is 0.232305 over 127 frames.
MC05_12 seywana tirundda sey 
LOG (nnet3-latgen-faster[5.5.1074~1-71f3]:DecodeUtteranceLatticeFaster():decoder-wrappers.cc:375) Log-like per frame for utterance MC05_12 is 0.322502 over 339 frames.
MC05_121 pambaram 
LOG (nnet3-latgen-faster[5.5.1074~1-71f3]:DecodeUtteranceLatticeFaster():decoder-wrappers.cc:375) Log-like per frame for utterance MC05_121 is 0.223607 over 140 frames.
MC05_13 kuranggeu panddai erxinddadeu 
LOG (nnet3-latgen-faster[5.5.1074~1-71f3]:DecodeUtteranceLatticeFaster():decoder-wrappers.cc:375) Log-like per frame for utterance MC05_13 is 0.307331 over 381 frames.
MC05_130 saram 
LOG (nnet3-latgen-faster[5.5.1074~1-71f3]:DecodeUtteranceLatticeFaster():decoder-wrappers.cc:375) Log-like per frame for utterance MC05_130 is 0.229141 over 114 frames.
MC05_135 katxtxam 
LOG (nnet3-latgen-faster[5.5.1074~1-71f3]:DecodeUtteranceLatticeFaster():decoder-wrappers.cc:375) Log-like per frame for utterance MC05_135 is 0.203631 over 147 frames.
MC05_136 padakkam 
LOG (nnet3-latgen-faster[5.5.1074~1-71f3]:DecodeUtteranceLatticeFaster():decoder-wrappers.cc:375) Log-like per frame for utterance MC05_136 is 0.226321 over 131 frames.
MC05_14 kudxisai tiiyaal erinddadeu 
LOG (nnet3-latgen-faster[5.5.1074~1-71f3]:DecodeUtteranceLatticeFaster():decoder-wrappers.cc:375) Log-like per frame for utterance MC05_14 is 0.325763 over 341 frames.
MC05_140 taraadaram 
LOG (nnet3-latgen-faster[5.5.1074~1-71f3]:DecodeUtteranceLatticeFaster():decoder-wrappers.cc:375) Log-like per frame for utterance MC05_140 is 0.283945 over 153 frames.
MC05_145 maadam 
LOG (nnet3-latgen-faster[5.5.1074~1-71f3]:DecodeUtteranceLatticeFaster():decoder-wrappers.cc:375) Log-like per frame for utterance MC05_145 is 0.259001 over 110 frames.
MC05_147 kattirikkaay 
LOG (nnet3-latgen-faster[5.5.1074~1-71f3]:DecodeUtteranceLatticeFaster():decoder-wrappers.cc:375) Log-like per frame for utterance MC05_147 is 0.297454 over 153 frames.
MC05_165 panxiweu 
LOG (nnet3-latgen-faster[5.5.1074~1-71f3]:DecodeUtteranceLatticeFaster():decoder-wrappers.cc:375) Log-like per frame for utterance MC05_165 is 0.267633 over 151 frames.
MC05_170 sanddiran 
LOG (nnet3-latgen-faster[5.5.1074~1-71f3]:DecodeUtteranceLatticeFaster():decoder-wrappers.cc:375) Log-like per frame for utterance MC05_170 is 0.237141 over 139 frames.
MC05_176 tanxnxiir 
LOG (nnet3-latgen-faster[5.5.1074~1-71f3]:DecodeUtteranceLatticeFaster():decoder-wrappers.cc:375) Log-like per frame for utterance MC05_176 is 0.294278 over 104 frames.
MC05_179 tamizh 
LOG (nnet3-latgen-faster[5.5.1074~1-71f3]:DecodeUtteranceLatticeFaster():decoder-wrappers.cc:375) Log-like per frame for utterance MC05_179 is 0.220137 over 113 frames.
MC05_18 maatxtxeukkeu iruppadeu waal 
LOG (nnet3-latgen-faster[5.5.1074~1-71f3]:DecodeUtteranceLatticeFaster():decoder-wrappers.cc:375) Log-like per frame for utterance MC05_18 is 0.350009 over 366 frames.
MC05_182 punidam 
LOG (nnet3-latgen-faster[5.5.1074~1-71f3]:DecodeUtteranceLatticeFaster():decoder-wrappers.cc:375) Log-like per frame for utterance MC05_182 is 0.238886 over 120 frames.
MC05_187 enggalx 
LOG (nnet3-latgen-faster[5.5.1074~1-71f3]:DecodeUtteranceLatticeFaster():decoder-wrappers.cc:375) Log-like per frame for utterance MC05_187 is 0.26355 over 127 frames.
MC05_20 sirxeu tulxi pereu welxlxam 
LOG (nnet3-latgen-faster[5.5.1074~1-71f3]:DecodeUtteranceLatticeFaster():decoder-wrappers.cc:375) Log-like per frame for utterance MC05_20 is 0.28293 over 462 frames.
MC05_201 hastam 
LOG (nnet3-latgen-faster[5.5.1074~1-71f3]:DecodeUtteranceLatticeFaster():decoder-wrappers.cc:375) Log-like per frame for utterance MC05_201 is 0.249498 over 104 frames.
MC05_202 haasanam 
LOG (nnet3-latgen-faster[5.5.1074~1-71f3]:DecodeUtteranceLatticeFaster():decoder-wrappers.cc:375) Log-like per frame for utterance MC05_202 is 0.319143 over 126 frames.
MC05_203 amsanggalx 
LOG (nnet3-latgen-faster[5.5.1074~1-71f3]:DecodeUtteranceLatticeFaster():decoder-wrappers.cc:375) Log-like per frame for utterance MC05_203 is 0.289165 over 151 frames.
MC05_213 kanxnxiir anjjali seluttinar 
LOG (nnet3-latgen-faster[5.5.1074~1-71f3]:DecodeUtteranceLatticeFaster():decoder-wrappers.cc:375) Log-like per frame for utterance MC05_213 is 0.332267 over 326 frames.
MC05_214 puliyaip paartteu anjjeu 
LOG (nnet3-latgen-faster[5.5.1074~1-71f3]:DecodeUtteranceLatticeFaster():decoder-wrappers.cc:375) Log-like per frame for utterance MC05_214 is 0.294382 over 262 frames.
MC05_217 selwam adirsxtxam tarum 
LOG (nnet3-latgen-faster[5.5.1074~1-71f3]:DecodeUtteranceLatticeFaster():decoder-wrappers.cc:375) Log-like per frame for utterance MC05_217 is 0.328295 over 246 frames.
MC05_224 ahimsai wazhiyaip pinpatxrxeu 
LOG (nnet3-latgen-faster[5.5.1074~1-71f3]:DecodeUtteranceLatticeFaster():decoder-wrappers.cc:375) Log-like per frame for utterance MC05_224 is 0.378944 over 300 frames.
MC05_225 jeyhindd enrxeu kuurxeu 
LOG (nnet3-latgen-faster[5.5.1074~1-71f3]:DecodeUtteranceLatticeFaster():decoder-wrappers.cc:375) Log-like per frame for utterance MC05_225 is 0.364609 over 273 frames.
MC05_236 kaayccaleukkeu suudxeu kanjji sirxanddadeu 
LOG (nnet3-latgen-faster[5.5.1074~1-71f3]:DecodeUtteranceLatticeFaster():decoder-wrappers.cc:375) Log-like per frame for utterance MC05_236 is 0.393477 over 428 frames.
MC05_239 unxmai kai kodxeukkum 
LOG (nnet3-latgen-faster[5.5.1074~1-71f3]:DecodeUtteranceLatticeFaster():decoder-wrappers.cc:375) Log-like per frame for utterance MC05_239 is 0.367029 over 223 frames.
MC05_24 karumbeu inikkum 
LOG (nnet3-latgen-faster[5.5.1074~1-71f3]:DecodeUtteranceLatticeFaster():decoder-wrappers.cc:375) Log-like per frame for utterance MC05_24 is 0.320463 over 247 frames.
MC05_244 talaiwar warugai uurjidam aanadeu 
LOG (nnet3-latgen-faster[5.5.1074~1-71f3]:DecodeUtteranceLatticeFaster():decoder-wrappers.cc:375) Log-like per frame for utterance MC05_244 is 0.292342 over 412 frames.
MC05_246 uuham seyyaadee 
LOG (nnet3-latgen-faster[5.5.1074~1-71f3]:DecodeUtteranceLatticeFaster():decoder-wrappers.cc:375) Log-like per frame for utterance MC05_246 is 0.341263 over 237 frames.
MC05_25 tanggattin wilai uyarnddadeu 
LOG (nnet3-latgen-faster[5.5.1074~1-71f3]:DecodeUtteranceLatticeFaster():decoder-wrappers.cc:375) Log-like per frame for utterance MC05_25 is 0.321629 over 368 frames.
MC05_252 enxnxey teeytteuk kulxi 
LOG (nnet3-latgen-faster[5.5.1074~1-71f3]:DecodeUtteranceLatticeFaster():decoder-wrappers.cc:375) Log-like per frame for utterance MC05_252 is 0.279198 over 255 frames.
MC05_254 eerikkeu appaal wiidxeu 
LOG (nnet3-latgen-faster[5.5.1074~1-71f3]:DecodeUtteranceLatticeFaster():decoder-wrappers.cc:375) Log-like per frame for utterance MC05_254 is 0.362735 over 312 frames.
MC05_268 lanjja ozhippeu satxtxam ndalla tiirweu 
LOG (nnet3-latgen-faster[5.5.1074~1-71f3]:DecodeUtteranceLatticeFaster():decoder-wrappers.cc:375) Log-like per frame for utterance MC05_268 is 0.416646 over 397 frames.
MC05_27 padxitteup patxtxam perxeu 
LOG (nnet3-latgen-faster[5.5.1074~1-71f3]:DecodeUtteranceLatticeFaster():decoder-wrappers.cc:375) Log-like per frame for utterance MC05_27 is 0.296728 over 325 frames.
MC05_270 suuriyan olxi weppam 
LOG (nnet3-latgen-faster[5.5.1074~1-71f3]:DecodeUtteranceLatticeFaster():decoder-wrappers.cc:375) Log-like per frame for utterance MC05_270 is 0.335397 over 272 frames.
MC05_271 onrxaam paagam ndanrxaaga irunddadeu 
LOG (nnet3-latgen-faster[5.5.1074~1-71f3]:DecodeUtteranceLatticeFaster():decoder-wrappers.cc:375) Log-like per frame for utterance MC05_271 is 0.338812 over 418 frames.
MC05_28 padxam paartteu kadai sol 
LOG (nnet3-latgen-faster[5.5.1074~1-71f3]:DecodeUtteranceLatticeFaster():decoder-wrappers.cc:375) Log-like per frame for utterance MC05_28 is 0.238887 over 397 frames.
MC05_281 kudxumbam oreu kadambam 
LOG (nnet3-latgen-faster[5.5.1074~1-71f3]:DecodeUtteranceLatticeFaster():decoder-wrappers.cc:375) Log-like per frame for utterance MC05_281 is 0.279623 over 255 frames.
MC05_288 ndaan eppozhudum sanddoosxamaaga iruppeen 
LOG (nnet3-latgen-faster[5.5.1074~1-71f3]:DecodeUtteranceLatticeFaster():decoder-wrappers.cc:375) Log-like per frame for utterance MC05_288 is 0.405036 over 424 frames.
MC05_30 agal watxtxam pagal mazhai 
LOG (nnet3-latgen-faster[5.5.1074~1-71f3]:DecodeUtteranceLatticeFaster():decoder-wrappers.cc:375) Log-like per frame for utterance MC05_30 is 0.321115 over 354 frames.
MC05_300 sutxrxeu suuzhal sugaadaaram pinpatxrxeu 
LOG (nnet3-latgen-faster[5.5.1074~1-71f3]:DecodeUtteranceLatticeFaster():decoder-wrappers.cc:375) Log-like per frame for utterance MC05_300 is 0.361245 over 389 frames.
MC05_303 njaayirxeu widxumurxai kadxai adxaippeu 
LOG (nnet3-latgen-faster[5.5.1074~1-71f3]:DecodeUtteranceLatticeFaster():decoder-wrappers.cc:375) Log-like per frame for utterance MC05_303 is 0.432556 over 373 frames.
MC05_306 tii muutxtxi tii wibatteu ndadxanddadeu 
LOG (nnet3-latgen-faster[5.5.1074~1-71f3]:DecodeUtteranceLatticeFaster():decoder-wrappers.cc:375) Log-like per frame for utterance MC05_306 is 0.376151 over 402 frames.
MC05_308 malar tuuwi waazhtteu 
LOG (nnet3-latgen-faster[5.5.1074~1-71f3]:DecodeUtteranceLatticeFaster():decoder-wrappers.cc:375) Log-like per frame for utterance MC05_308 is 0.393648 over 250 frames.
MC05_311 purxaa tuudeu anuppa tolai duuram parxanddadeu 
LOG (nnet3-latgen-faster[5.5.1074~1-71f3]:DecodeUtteranceLatticeFaster():decoder-wrappers.cc:375) Log-like per frame for utterance MC05_311 is 0.352533 over 524 frames.
MC05_318 inrxeu mazhai ndiidxikkum 
LOG (nnet3-latgen-faster[5.5.1074~1-71f3]:DecodeUtteranceLatticeFaster():decoder-wrappers.cc:375) Log-like per frame for utterance MC05_318 is 0.395795 over 265 frames.
MC05_328 indda raajaa endda baasxai peesinaar 
LOG (nnet3-latgen-faster[5.5.1074~1-71f3]:DecodeUtteranceLatticeFaster():decoder-wrappers.cc:375) Log-like per frame for utterance MC05_328 is 0.403467 over 385 frames.
MC05_33 paarttaal puunai paaynddaal puli 
LOG (nnet3-latgen-faster[5.5.1074~1-71f3]:DecodeUtteranceLatticeFaster():decoder-wrappers.cc:375) Log-like per frame for utterance MC05_33 is 0.271406 over 484 frames.
MC05_339 etxtxeukkaali oreu puucci 
LOG (nnet3-latgen-faster[5.5.1074~1-71f3]:DecodeUtteranceLatticeFaster():decoder-wrappers.cc:375) Log-like per frame for utterance MC05_339 is 0.354696 over 289 frames.
MC05_345 indda maiyanggalx enggeu ulxlxadeu 
LOG (nnet3-latgen-faster[5.5.1074~1-71f3]:DecodeUtteranceLatticeFaster():decoder-wrappers.cc:375) Log-like per frame for utterance MC05_345 is 0.363023 over 332 frames.
MC05_348 lajjai enrxaal wekkam 
LOG (nnet3-latgen-faster[5.5.1074~1-71f3]:DecodeUtteranceLatticeFaster():decoder-wrappers.cc:375) Log-like per frame for utterance MC05_348 is 0.328968 over 319 frames.
MC05_349 tuukkam udxaleukkeu ndalladeu 
LOG (nnet3-latgen-faster[5.5.1074~1-71f3]:DecodeUtteranceLatticeFaster():decoder-wrappers.cc:375) Log-like per frame for utterance MC05_349 is 0.340483 over 316 frames.
MC05_351 widxaa muyarxci walxarcci tarum 
LOG (nnet3-latgen-faster[5.5.1074~1-71f3]:DecodeUtteranceLatticeFaster():decoder-wrappers.cc:375) Log-like per frame for utterance MC05_351 is 0.387199 over 319 frames.
MC05_358 jaadi illaiyadxi paappaa 
LOG (nnet3-latgen-faster[5.5.1074~1-71f3]:DecodeUtteranceLatticeFaster():decoder-wrappers.cc:375) Log-like per frame for utterance MC05_358 is 0.352803 over 332 frames.
MC05_36 paanam arunddeu 
LOG (nnet3-latgen-faster[5.5.1074~1-71f3]:DecodeUtteranceLatticeFaster():decoder-wrappers.cc:375) Log-like per frame for utterance MC05_36 is 0.228402 over 265 frames.
MC05_363 ndiinggalx sxeemamaaga irunggalx 
LOG (nnet3-latgen-faster[5.5.1074~1-71f3]:DecodeUtteranceLatticeFaster():decoder-wrappers.cc:375) Log-like per frame for utterance MC05_363 is 0.345006 over 396 frames.
MC05_46 manx waasanai 
LOG (nnet3-latgen-faster[5.5.1074~1-71f3]:DecodeUtteranceLatticeFaster():decoder-wrappers.cc:375) Log-like per frame for utterance MC05_46 is 0.264259 over 231 frames.
MC05_50 ndunggeu inikkum 
LOG (nnet3-latgen-faster[5.5.1074~1-71f3]:DecodeUtteranceLatticeFaster():decoder-wrappers.cc:375) Log-like per frame for utterance MC05_50 is 0.259591 over 249 frames.
MC05_66 uurudxan waazh 
LOG (nnet3-latgen-faster[5.5.1074~1-71f3]:DecodeUtteranceLatticeFaster():decoder-wrappers.cc:375) Log-like per frame for utterance MC05_66 is 0.278541 over 220 frames.
MC05_68 kanddaiyaanaalum kasakkik katxtxeu 
LOG (nnet3-latgen-faster[5.5.1074~1-71f3]:DecodeUtteranceLatticeFaster():decoder-wrappers.cc:375) Log-like per frame for utterance MC05_68 is 0.342308 over 332 frames.
LOG (apply-cmvn[5.5.1074~1-71f3]:main():apply-cmvn.cc:162) Applied cepstral mean normalization to 75 utterances, errors on 0
MC05_82 aatxrxin ooram karai 
LOG (nnet3-latgen-faster[5.5.1074~1-71f3]:DecodeUtteranceLatticeFaster():decoder-wrappers.cc:375) Log-like per frame for utterance MC05_82 is 0.351337 over 296 frames.
MC05_83 aadxaiyil padxiwadeu karxai 
LOG (nnet3-latgen-faster[5.5.1074~1-71f3]:DecodeUtteranceLatticeFaster():decoder-wrappers.cc:375) Log-like per frame for utterance MC05_83 is 0.33979 over 300 frames.
MC05_84 aatxrxil waruwadeu welxlxam 
LOG (nnet3-latgen-faster[5.5.1074~1-71f3]:DecodeUtteranceLatticeFaster():decoder-wrappers.cc:375) Log-like per frame for utterance MC05_84 is 0.304588 over 303 frames.
MC05_85 aasaiyaay tinbadeu wellam 
LOG (nnet3-latgen-faster[5.5.1074~1-71f3]:DecodeUtteranceLatticeFaster():decoder-wrappers.cc:375) Log-like per frame for utterance MC05_85 is 0.320336 over 274 frames.
MC05_87 marattai arxuppadeu waalx 
LOG (nnet3-latgen-faster[5.5.1074~1-71f3]:DecodeUtteranceLatticeFaster():decoder-wrappers.cc:375) Log-like per frame for utterance MC05_87 is 0.291599 over 309 frames.
LOG (nnet3-latgen-faster[5.5.1074~1-71f3]:main():nnet3-latgen-faster.cc:256) Time taken 30.336s: real-time factor assuming 100 frames/sec is 0.151226
LOG (nnet3-latgen-faster[5.5.1074~1-71f3]:main():nnet3-latgen-faster.cc:259) Done 75 utterances, failed for 0
LOG (nnet3-latgen-faster[5.5.1074~1-71f3]:main():nnet3-latgen-faster.cc:261) Overall log-likelihood per frame is 0.322579 over 20060 frames.
LOG (nnet3-latgen-faster[5.5.1074~1-71f3]:~CachingOptimizingCompiler():nnet-optimize.cc:710) 0.515 seconds taken in nnet3 compilation total (breakdown: 0.0787 compilation, 0.335 optimization, 0 shortcut expansion, 0.0706 checking, 2.24e-05 computing indexes, 0.0309 misc.) + 0 I/O.
# Accounting: time=30 threads=1
# Ended (code 0) at Thu Aug  3 11:46:43 IST 2023, elapsed time 30 seconds
