# nnet3-latgen-faster --frames-per-chunk=50 --extra-left-context=0 --extra-right-context=0 --extra-left-context-initial=-1 --extra-right-context-final=-1 --minimize=false --max-active=7000 --min-active=200 --beam=15.0 --lattice-beam=8.0 --acoustic-scale=0.1 --allow-partial=true --word-symbol-table=exp_FG/LSTM/words.txt exp_FG/LSTM/final.mdl exp_FG/LSTM/HCLG.fst "ark,s,cs:apply-cmvn  --utt2spk=ark:data/test/split10/7/utt2spk scp:data/test/split10/7/cmvn.scp scp:data/test/split10/7/feats.scp ark:- |" "ark:|gzip -c >exp_FG/LSTM/decode/lat.7.gz" 
# Started at Thu Aug  3 11:46:13 IST 2023
#
nnet3-latgen-faster --frames-per-chunk=50 --extra-left-context=0 --extra-right-context=0 --extra-left-context-initial=-1 --extra-right-context-final=-1 --minimize=false --max-active=7000 --min-active=200 --beam=15.0 --lattice-beam=8.0 --acoustic-scale=0.1 --allow-partial=true --word-symbol-table=exp_FG/LSTM/words.txt exp_FG/LSTM/final.mdl exp_FG/LSTM/HCLG.fst 'ark,s,cs:apply-cmvn  --utt2spk=ark:data/test/split10/7/utt2spk scp:data/test/split10/7/cmvn.scp scp:data/test/split10/7/feats.scp ark:- |' 'ark:|gzip -c >exp_FG/LSTM/decode/lat.7.gz' 
LOG (nnet3-latgen-faster[5.5.1074~1-71f3]:RemoveOrphanNodes():nnet-nnet.cc:948) Removed 0 orphan nodes.
LOG (nnet3-latgen-faster[5.5.1074~1-71f3]:RemoveOrphanComponents():nnet-nnet.cc:847) Removing 0 orphan components.
apply-cmvn --utt2spk=ark:data/test/split10/7/utt2spk scp:data/test/split10/7/cmvn.scp scp:data/test/split10/7/feats.scp ark:- 
MC02_110 panjjaanggam 
LOG (nnet3-latgen-faster[5.5.1074~1-71f3]:DecodeUtteranceLatticeFaster():decoder-wrappers.cc:375) Log-like per frame for utterance MC02_110 is 0.163834 over 210 frames.
MC02_114 danusxkoodxi 
LOG (nnet3-latgen-faster[5.5.1074~1-71f3]:DecodeUtteranceLatticeFaster():decoder-wrappers.cc:375) Log-like per frame for utterance MC02_114 is 0.254475 over 206 frames.
MC02_116 kanxidam 
LOG (nnet3-latgen-faster[5.5.1074~1-71f3]:DecodeUtteranceLatticeFaster():decoder-wrappers.cc:375) Log-like per frame for utterance MC02_116 is 0.228013 over 185 frames.
MC02_118 paagam 
LOG (nnet3-latgen-faster[5.5.1074~1-71f3]:DecodeUtteranceLatticeFaster():decoder-wrappers.cc:375) Log-like per frame for utterance MC02_118 is 0.189318 over 178 frames.
MC02_121 pambaram 
LOG (nnet3-latgen-faster[5.5.1074~1-71f3]:DecodeUtteranceLatticeFaster():decoder-wrappers.cc:375) Log-like per frame for utterance MC02_121 is 0.215831 over 188 frames.
MC02_123 pappadxam 
LOG (nnet3-latgen-faster[5.5.1074~1-71f3]:DecodeUtteranceLatticeFaster():decoder-wrappers.cc:375) Log-like per frame for utterance MC02_123 is 0.13791 over 188 frames.
MC02_128 kariim 
LOG (nnet3-latgen-faster[5.5.1074~1-71f3]:DecodeUtteranceLatticeFaster():decoder-wrappers.cc:375) Log-like per frame for utterance MC02_128 is 0.216993 over 181 frames.
MC02_129 karam 
LOG (nnet3-latgen-faster[5.5.1074~1-71f3]:DecodeUtteranceLatticeFaster():decoder-wrappers.cc:375) Log-like per frame for utterance MC02_129 is 0.164915 over 156 frames.
MC02_13 kuranggeu panddai erxinddadeu 
LOG (nnet3-latgen-faster[5.5.1074~1-71f3]:DecodeUtteranceLatticeFaster():decoder-wrappers.cc:375) Log-like per frame for utterance MC02_13 is 0.210812 over 417 frames.
MC02_131 sarppam 
LOG (nnet3-latgen-faster[5.5.1074~1-71f3]:DecodeUtteranceLatticeFaster():decoder-wrappers.cc:375) Log-like per frame for utterance MC02_131 is 0.213965 over 174 frames.
MC02_138 tazhii 
LOG (nnet3-latgen-faster[5.5.1074~1-71f3]:DecodeUtteranceLatticeFaster():decoder-wrappers.cc:375) Log-like per frame for utterance MC02_138 is 0.243282 over 174 frames.
MC02_144 tanggam 
LOG (nnet3-latgen-faster[5.5.1074~1-71f3]:DecodeUtteranceLatticeFaster():decoder-wrappers.cc:375) Log-like per frame for utterance MC02_144 is 0.205057 over 170 frames.
MC02_148 ganxeesx 
LOG (nnet3-latgen-faster[5.5.1074~1-71f3]:DecodeUtteranceLatticeFaster():decoder-wrappers.cc:375) Log-like per frame for utterance MC02_148 is 0.281179 over 192 frames.
MC02_151 karumbeu 
LOG (nnet3-latgen-faster[5.5.1074~1-71f3]:DecodeUtteranceLatticeFaster():decoder-wrappers.cc:375) Log-like per frame for utterance MC02_151 is 0.187087 over 181 frames.
MC02_152 senggadir 
LOG (nnet3-latgen-faster[5.5.1074~1-71f3]:DecodeUtteranceLatticeFaster():decoder-wrappers.cc:375) Log-like per frame for utterance MC02_152 is 0.323933 over 199 frames.
MC02_160 paambeu 
LOG (nnet3-latgen-faster[5.5.1074~1-71f3]:DecodeUtteranceLatticeFaster():decoder-wrappers.cc:375) Log-like per frame for utterance MC02_160 is 0.196647 over 149 frames.
MC02_171 senggai 
LOG (nnet3-latgen-faster[5.5.1074~1-71f3]:DecodeUtteranceLatticeFaster():decoder-wrappers.cc:375) Log-like per frame for utterance MC02_171 is 0.245633 over 163 frames.
MC02_175 puttagam 
LOG (nnet3-latgen-faster[5.5.1074~1-71f3]:DecodeUtteranceLatticeFaster():decoder-wrappers.cc:375) Log-like per frame for utterance MC02_175 is 0.197822 over 156 frames.
MC02_178 taniyaa 
LOG (nnet3-latgen-faster[5.5.1074~1-71f3]:DecodeUtteranceLatticeFaster():decoder-wrappers.cc:375) Log-like per frame for utterance MC02_178 is 0.26195 over 185 frames.
MC02_18 maatxtxeukkeu iruppadeu waal 
LOG (nnet3-latgen-faster[5.5.1074~1-71f3]:DecodeUtteranceLatticeFaster():decoder-wrappers.cc:375) Log-like per frame for utterance MC02_18 is 0.350757 over 304 frames.
MC02_184 kanx 
LOG (nnet3-latgen-faster[5.5.1074~1-71f3]:DecodeUtteranceLatticeFaster():decoder-wrappers.cc:375) Log-like per frame for utterance MC02_184 is 0.133234 over 174 frames.
MC02_185 magudxi 
LOG (nnet3-latgen-faster[5.5.1074~1-71f3]:DecodeUtteranceLatticeFaster():decoder-wrappers.cc:375) Log-like per frame for utterance MC02_185 is 0.22638 over 132 frames.
MC02_187 enggalx 
LOG (nnet3-latgen-faster[5.5.1074~1-71f3]:DecodeUtteranceLatticeFaster():decoder-wrappers.cc:375) Log-like per frame for utterance MC02_187 is 0.185712 over 177 frames.
MC02_190 kuranggeu 
LOG (nnet3-latgen-faster[5.5.1074~1-71f3]:DecodeUtteranceLatticeFaster():decoder-wrappers.cc:375) Log-like per frame for utterance MC02_190 is 0.231711 over 159 frames.
MC02_193 ndaan 
LOG (nnet3-latgen-faster[5.5.1074~1-71f3]:DecodeUtteranceLatticeFaster():decoder-wrappers.cc:375) Log-like per frame for utterance MC02_193 is 0.18769 over 149 frames.
MC02_195 saami 
LOG (nnet3-latgen-faster[5.5.1074~1-71f3]:DecodeUtteranceLatticeFaster():decoder-wrappers.cc:375) Log-like per frame for utterance MC02_195 is 0.251298 over 174 frames.
MC02_2 anbee kadxawulx 
LOG (nnet3-latgen-faster[5.5.1074~1-71f3]:DecodeUtteranceLatticeFaster():decoder-wrappers.cc:375) Log-like per frame for utterance MC02_2 is 0.223971 over 301 frames.
MC02_202 haasanam 
LOG (nnet3-latgen-faster[5.5.1074~1-71f3]:DecodeUtteranceLatticeFaster():decoder-wrappers.cc:375) Log-like per frame for utterance MC02_202 is 0.238809 over 185 frames.
MC02_207 njaalam 
LOG (nnet3-latgen-faster[5.5.1074~1-71f3]:DecodeUtteranceLatticeFaster():decoder-wrappers.cc:375) Log-like per frame for utterance MC02_207 is 0.213142 over 138 frames.
MC02_209 ndaanjjil 
LOG (nnet3-latgen-faster[5.5.1074~1-71f3]:DecodeUtteranceLatticeFaster():decoder-wrappers.cc:375) Log-like per frame for utterance MC02_209 is 0.221673 over 170 frames.
MC02_212 anjjal ndilaiyam 
LOG (nnet3-latgen-faster[5.5.1074~1-71f3]:DecodeUtteranceLatticeFaster():decoder-wrappers.cc:375) Log-like per frame for utterance MC02_212 is 0.316268 over 217 frames.
MC02_233 isxtxam pool waazhalaam 
LOG (nnet3-latgen-faster[5.5.1074~1-71f3]:DecodeUtteranceLatticeFaster():decoder-wrappers.cc:375) Log-like per frame for utterance MC02_233 is 0.217269 over 269 frames.
MC02_241 inrxeu usxnxam adigam 
LOG (nnet3-latgen-faster[5.5.1074~1-71f3]:DecodeUtteranceLatticeFaster():decoder-wrappers.cc:375) Log-like per frame for utterance MC02_241 is 0.298424 over 314 frames.
MC02_245 wibattil uunam wanddadeu 
LOG (nnet3-latgen-faster[5.5.1074~1-71f3]:DecodeUtteranceLatticeFaster():decoder-wrappers.cc:375) Log-like per frame for utterance MC02_245 is 0.312571 over 288 frames.
MC02_249 pirxareukkeu suuniyam seyyaadee 
LOG (nnet3-latgen-faster[5.5.1074~1-71f3]:DecodeUtteranceLatticeFaster():decoder-wrappers.cc:375) Log-like per frame for utterance MC02_249 is 0.451931 over 288 frames.
MC02_25 tanggattin wilai uyarnddadeu 
LOG (nnet3-latgen-faster[5.5.1074~1-71f3]:DecodeUtteranceLatticeFaster():decoder-wrappers.cc:375) Log-like per frame for utterance MC02_25 is 0.331927 over 320 frames.
MC02_250 inrxeu palxlxiyil ezhutteup pootxtxi 
LOG (nnet3-latgen-faster[5.5.1074~1-71f3]:DecodeUtteranceLatticeFaster():decoder-wrappers.cc:375) Log-like per frame for utterance MC02_250 is 0.350952 over 330 frames.
MC02_258 eetxrxam kaanxeu 
LOG (nnet3-latgen-faster[5.5.1074~1-71f3]:DecodeUtteranceLatticeFaster():decoder-wrappers.cc:375) Log-like per frame for utterance MC02_258 is 0.238925 over 217 frames.
MC02_277 kaasxmiir wadxakkeu pagudiyil ulxlxadeu 
LOG (nnet3-latgen-faster[5.5.1074~1-71f3]:DecodeUtteranceLatticeFaster():decoder-wrappers.cc:375) Log-like per frame for utterance MC02_277 is 0.349383 over 311 frames.
MC02_28 padxam paartteu kadai sol 
LOG (nnet3-latgen-faster[5.5.1074~1-71f3]:DecodeUtteranceLatticeFaster():decoder-wrappers.cc:375) Log-like per frame for utterance MC02_28 is 0.245838 over 298 frames.
MC02_285 en miideu koobam kolxlxaadee 
LOG (nnet3-latgen-faster[5.5.1074~1-71f3]:DecodeUtteranceLatticeFaster():decoder-wrappers.cc:375) Log-like per frame for utterance MC02_285 is 0.381941 over 298 frames.
MC02_289 samacciir kalwi murxaiyaanadeu 
LOG (nnet3-latgen-faster[5.5.1074~1-71f3]:DecodeUtteranceLatticeFaster():decoder-wrappers.cc:375) Log-like per frame for utterance MC02_289 is 0.362491 over 307 frames.
MC02_296 iratxtxai suzhi sirxuwan seetxtxai seywaan 
LOG (nnet3-latgen-faster[5.5.1074~1-71f3]:DecodeUtteranceLatticeFaster():decoder-wrappers.cc:375) Log-like per frame for utterance MC02_296 is 0.338337 over 368 frames.
MC02_300 sutxrxeu suuzhal sugaadaaram pinpatxrxeu 
LOG (nnet3-latgen-faster[5.5.1074~1-71f3]:DecodeUtteranceLatticeFaster():decoder-wrappers.cc:375) Log-like per frame for utterance MC02_300 is 0.308711 over 338 frames.
MC02_303 njaayirxeu widxumurxai kadxai adxaippeu 
LOG (nnet3-latgen-faster[5.5.1074~1-71f3]:DecodeUtteranceLatticeFaster():decoder-wrappers.cc:375) Log-like per frame for utterance MC02_303 is 0.364734 over 300 frames.
MC02_308 malar tuuwi waazhtteu 
LOG (nnet3-latgen-faster[5.5.1074~1-71f3]:DecodeUtteranceLatticeFaster():decoder-wrappers.cc:375) Log-like per frame for utterance MC02_308 is 0.312787 over 311 frames.
MC02_312 manjjalx tuulx maruttuwa gunxam ndirxainddadeu 
LOG (nnet3-latgen-faster[5.5.1074~1-71f3]:DecodeUtteranceLatticeFaster():decoder-wrappers.cc:375) Log-like per frame for utterance MC02_312 is 0.346669 over 373 frames.
MC02_314 toonrxiya pugazhin toonrxuga 
LOG (nnet3-latgen-faster[5.5.1074~1-71f3]:DecodeUtteranceLatticeFaster():decoder-wrappers.cc:375) Log-like per frame for utterance MC02_314 is 0.378713 over 289 frames.
MC02_318 inrxeu mazhai ndiidxikkum 
LOG (nnet3-latgen-faster[5.5.1074~1-71f3]:DecodeUtteranceLatticeFaster():decoder-wrappers.cc:375) Log-like per frame for utterance MC02_318 is 0.371376 over 291 frames.
MC02_320 banggalxaadeesx oreu ndaadxeu 
LOG (nnet3-latgen-faster[5.5.1074~1-71f3]:DecodeUtteranceLatticeFaster():decoder-wrappers.cc:375) Log-like per frame for utterance MC02_320 is 0.296618 over 270 frames.
MC02_330 buwaneesxwar uuril puugambam 
LOG (nnet3-latgen-faster[5.5.1074~1-71f3]:DecodeUtteranceLatticeFaster():decoder-wrappers.cc:375) Log-like per frame for utterance MC02_330 is 0.3041 over 392 frames.
MC02_333 pon porulx paartteu pazhagaadee 
LOG (nnet3-latgen-faster[5.5.1074~1-71f3]:DecodeUtteranceLatticeFaster():decoder-wrappers.cc:375) Log-like per frame for utterance MC02_333 is 0.241633 over 356 frames.
MC02_334 un mugam poliwaaga ulxlxadeu 
LOG (nnet3-latgen-faster[5.5.1074~1-71f3]:DecodeUtteranceLatticeFaster():decoder-wrappers.cc:375) Log-like per frame for utterance MC02_334 is 0.254343 over 319 frames.
MC02_335 petxtxiyai kiizhee poodxeu 
LOG (nnet3-latgen-faster[5.5.1074~1-71f3]:DecodeUtteranceLatticeFaster():decoder-wrappers.cc:375) Log-like per frame for utterance MC02_335 is 0.360715 over 302 frames.
MC02_337 raagi poosxaakkaana unxaweu 
LOG (nnet3-latgen-faster[5.5.1074~1-71f3]:DecodeUtteranceLatticeFaster():decoder-wrappers.cc:375) Log-like per frame for utterance MC02_337 is 0.361389 over 305 frames.
MC02_343 tozhilil muuladanam poodxa weenxdxum 
LOG (nnet3-latgen-faster[5.5.1074~1-71f3]:DecodeUtteranceLatticeFaster():decoder-wrappers.cc:375) Log-like per frame for utterance MC02_343 is 0.36935 over 346 frames.
MC02_345 indda maiyanggalx enggeu ulxlxadeu 
LOG (nnet3-latgen-faster[5.5.1074~1-71f3]:DecodeUtteranceLatticeFaster():decoder-wrappers.cc:375) Log-like per frame for utterance MC02_345 is 0.33441 over 344 frames.
MC02_348 lajjai enrxaal wekkam 
LOG (nnet3-latgen-faster[5.5.1074~1-71f3]:DecodeUtteranceLatticeFaster():decoder-wrappers.cc:375) Log-like per frame for utterance MC02_348 is 0.272718 over 305 frames.
MC02_352 wiitxtxil wiseesxam unxdxeu 
LOG (nnet3-latgen-faster[5.5.1074~1-71f3]:DecodeUtteranceLatticeFaster():decoder-wrappers.cc:375) Log-like per frame for utterance MC02_352 is 0.316116 over 400 frames.
MC02_357 janamee ndam balam 
LOG (nnet3-latgen-faster[5.5.1074~1-71f3]:DecodeUtteranceLatticeFaster():decoder-wrappers.cc:375) Log-like per frame for utterance MC02_357 is 0.283257 over 267 frames.
MC02_359 waay jaalam kaatxtxum manidan 
LOG (nnet3-latgen-faster[5.5.1074~1-71f3]:DecodeUtteranceLatticeFaster():decoder-wrappers.cc:375) Log-like per frame for utterance MC02_359 is 0.324183 over 321 frames.
MC02_36 paanam arunddeu 
LOG (nnet3-latgen-faster[5.5.1074~1-71f3]:DecodeUtteranceLatticeFaster():decoder-wrappers.cc:375) Log-like per frame for utterance MC02_36 is 0.263918 over 216 frames.
MC02_361 ajiiranxak koolxaarxeu 
LOG (nnet3-latgen-faster[5.5.1074~1-71f3]:DecodeUtteranceLatticeFaster():decoder-wrappers.cc:375) Log-like per frame for utterance MC02_361 is 0.378209 over 236 frames.
MC02_37 bayam ndiikkeu ireu 
LOG (nnet3-latgen-faster[5.5.1074~1-71f3]:DecodeUtteranceLatticeFaster():decoder-wrappers.cc:375) Log-like per frame for utterance MC02_37 is 0.22209 over 228 frames.
MC02_39 parambarai sotteu 
LOG (nnet3-latgen-faster[5.5.1074~1-71f3]:DecodeUtteranceLatticeFaster():decoder-wrappers.cc:375) Log-like per frame for utterance MC02_39 is 0.263955 over 297 frames.
MC02_42 iwalx peyar usxaa 
LOG (nnet3-latgen-faster[5.5.1074~1-71f3]:DecodeUtteranceLatticeFaster():decoder-wrappers.cc:375) Log-like per frame for utterance MC02_42 is 0.33001 over 251 frames.
MC02_47 mazhai meegam 
LOG (nnet3-latgen-faster[5.5.1074~1-71f3]:DecodeUtteranceLatticeFaster():decoder-wrappers.cc:375) Log-like per frame for utterance MC02_47 is 0.258123 over 230 frames.
MC02_50 ndunggeu inikkum 
LOG (nnet3-latgen-faster[5.5.1074~1-71f3]:DecodeUtteranceLatticeFaster():decoder-wrappers.cc:375) Log-like per frame for utterance MC02_50 is 0.292561 over 257 frames.
MC02_53 inggeu tangguwadarxkeu ilawasam 
LOG (nnet3-latgen-faster[5.5.1074~1-71f3]:DecodeUtteranceLatticeFaster():decoder-wrappers.cc:375) Log-like per frame for utterance MC02_53 is 0.259104 over 373 frames.
MC02_55 makkalx mannarai waazhttinaargalx 
LOG (nnet3-latgen-faster[5.5.1074~1-71f3]:DecodeUtteranceLatticeFaster():decoder-wrappers.cc:375) Log-like per frame for utterance MC02_55 is 0.360409 over 363 frames.
MC02_65 ilxamaiyil kal 
LOG (nnet3-latgen-faster[5.5.1074~1-71f3]:DecodeUtteranceLatticeFaster():decoder-wrappers.cc:375) Log-like per frame for utterance MC02_65 is 0.242787 over 301 frames.
MC02_73 poodum enrxa manamee pon seyyum marunddeu 
LOG (nnet3-latgen-faster[5.5.1074~1-71f3]:DecodeUtteranceLatticeFaster():decoder-wrappers.cc:375) Log-like per frame for utterance MC02_73 is 0.350158 over 438 frames.
LOG (apply-cmvn[5.5.1074~1-71f3]:main():apply-cmvn.cc:162) Applied cepstral mean normalization to 76 utterances, errors on 0
MC02_76 ikkaraikkeu akkaraip paccai 
LOG (nnet3-latgen-faster[5.5.1074~1-71f3]:DecodeUtteranceLatticeFaster():decoder-wrappers.cc:375) Log-like per frame for utterance MC02_76 is 0.302826 over 372 frames.
MC02_79 tiiraakkoobam pooraay mudxiyum 
LOG (nnet3-latgen-faster[5.5.1074~1-71f3]:DecodeUtteranceLatticeFaster():decoder-wrappers.cc:375) Log-like per frame for utterance MC02_79 is 0.332848 over 356 frames.
MC02_87 marattai arxuppadeu waalx 
LOG (nnet3-latgen-faster[5.5.1074~1-71f3]:DecodeUtteranceLatticeFaster():decoder-wrappers.cc:375) Log-like per frame for utterance MC02_87 is 0.298862 over 360 frames.
MC02_98 accamillaadawan ambalam eerxuwaan 
LOG (nnet3-latgen-faster[5.5.1074~1-71f3]:DecodeUtteranceLatticeFaster():decoder-wrappers.cc:375) Log-like per frame for utterance MC02_98 is 0.403382 over 349 frames.
LOG (nnet3-latgen-faster[5.5.1074~1-71f3]:main():nnet3-latgen-faster.cc:256) Time taken 31.0796s: real-time factor assuming 100 frames/sec is 0.155429
LOG (nnet3-latgen-faster[5.5.1074~1-71f3]:main():nnet3-latgen-faster.cc:259) Done 76 utterances, failed for 0
LOG (nnet3-latgen-faster[5.5.1074~1-71f3]:main():nnet3-latgen-faster.cc:261) Overall log-likelihood per frame is 0.291329 over 19996 frames.
LOG (nnet3-latgen-faster[5.5.1074~1-71f3]:~CachingOptimizingCompiler():nnet-optimize.cc:710) 0.48 seconds taken in nnet3 compilation total (breakdown: 0.074 compilation, 0.31 optimization, 0 shortcut expansion, 0.0668 checking, 3.31e-05 computing indexes, 0.0292 misc.) + 0 I/O.
# Accounting: time=31 threads=1
# Ended (code 0) at Thu Aug  3 11:46:44 IST 2023, elapsed time 31 seconds
