# nnet3-latgen-faster --frames-per-chunk=50 --extra-left-context=0 --extra-right-context=0 --extra-left-context-initial=-1 --extra-right-context-final=-1 --minimize=false --max-active=7000 --min-active=200 --beam=15.0 --lattice-beam=8.0 --acoustic-scale=0.1 --allow-partial=true --word-symbol-table=exp_FG/LSTM/words.txt exp_FG/LSTM/final.mdl exp_FG/LSTM/HCLG.fst "ark,s,cs:apply-cmvn  --utt2spk=ark:data/test/split10/2/utt2spk scp:data/test/split10/2/cmvn.scp scp:data/test/split10/2/feats.scp ark:- |" "ark:|gzip -c >exp_FG/LSTM/decode/lat.2.gz" 
# Started at Thu Aug  3 11:46:13 IST 2023
#
nnet3-latgen-faster --frames-per-chunk=50 --extra-left-context=0 --extra-right-context=0 --extra-left-context-initial=-1 --extra-right-context-final=-1 --minimize=false --max-active=7000 --min-active=200 --beam=15.0 --lattice-beam=8.0 --acoustic-scale=0.1 --allow-partial=true --word-symbol-table=exp_FG/LSTM/words.txt exp_FG/LSTM/final.mdl exp_FG/LSTM/HCLG.fst 'ark,s,cs:apply-cmvn  --utt2spk=ark:data/test/split10/2/utt2spk scp:data/test/split10/2/cmvn.scp scp:data/test/split10/2/feats.scp ark:- |' 'ark:|gzip -c >exp_FG/LSTM/decode/lat.2.gz' 
LOG (nnet3-latgen-faster[5.5.1074~1-71f3]:RemoveOrphanNodes():nnet-nnet.cc:948) Removed 0 orphan nodes.
LOG (nnet3-latgen-faster[5.5.1074~1-71f3]:RemoveOrphanComponents():nnet-nnet.cc:847) Removing 0 orphan components.
apply-cmvn --utt2spk=ark:data/test/split10/2/utt2spk scp:data/test/split10/2/cmvn.scp scp:data/test/split10/2/feats.scp ark:- 
FC02_106 manxal kayirxeu 
LOG (nnet3-latgen-faster[5.5.1074~1-71f3]:DecodeUtteranceLatticeFaster():decoder-wrappers.cc:375) Log-like per frame for utterance FC02_106 is 0.329867 over 177 frames.
FC02_107 padxa padxa 
LOG (nnet3-latgen-faster[5.5.1074~1-71f3]:DecodeUtteranceLatticeFaster():decoder-wrappers.cc:375) Log-like per frame for utterance FC02_107 is 0.333265 over 151 frames.
FC02_11 yaanai pilxirxum 
LOG (nnet3-latgen-faster[5.5.1074~1-71f3]:DecodeUtteranceLatticeFaster():decoder-wrappers.cc:375) Log-like per frame for utterance FC02_11 is 0.302505 over 266 frames.
FC02_119 paanam 
LOG (nnet3-latgen-faster[5.5.1074~1-71f3]:DecodeUtteranceLatticeFaster():decoder-wrappers.cc:375) Log-like per frame for utterance FC02_119 is 0.274219 over 133 frames.
FC02_124 pazham 
LOG (nnet3-latgen-faster[5.5.1074~1-71f3]:DecodeUtteranceLatticeFaster():decoder-wrappers.cc:375) Log-like per frame for utterance FC02_124 is 0.159122 over 169 frames.
FC02_128 kariim 
LOG (nnet3-latgen-faster[5.5.1074~1-71f3]:DecodeUtteranceLatticeFaster():decoder-wrappers.cc:375) Log-like per frame for utterance FC02_128 is 0.233153 over 143 frames.
FC02_136 padakkam 
LOG (nnet3-latgen-faster[5.5.1074~1-71f3]:DecodeUtteranceLatticeFaster():decoder-wrappers.cc:375) Log-like per frame for utterance FC02_136 is 0.217701 over 150 frames.
FC02_142 raagam 
LOG (nnet3-latgen-faster[5.5.1074~1-71f3]:DecodeUtteranceLatticeFaster():decoder-wrappers.cc:375) Log-like per frame for utterance FC02_142 is 0.224403 over 143 frames.
FC02_143 sidambaram 
LOG (nnet3-latgen-faster[5.5.1074~1-71f3]:DecodeUtteranceLatticeFaster():decoder-wrappers.cc:375) Log-like per frame for utterance FC02_143 is 0.31212 over 172 frames.
FC02_145 maadam 
LOG (nnet3-latgen-faster[5.5.1074~1-71f3]:DecodeUtteranceLatticeFaster():decoder-wrappers.cc:375) Log-like per frame for utterance FC02_145 is 0.292306 over 127 frames.
FC02_169 padxar 
LOG (nnet3-latgen-faster[5.5.1074~1-71f3]:DecodeUtteranceLatticeFaster():decoder-wrappers.cc:375) Log-like per frame for utterance FC02_169 is 0.265389 over 111 frames.
FC02_175 puttagam 
LOG (nnet3-latgen-faster[5.5.1074~1-71f3]:DecodeUtteranceLatticeFaster():decoder-wrappers.cc:375) Log-like per frame for utterance FC02_175 is 0.284227 over 137 frames.
FC02_179 tamizh 
LOG (nnet3-latgen-faster[5.5.1074~1-71f3]:DecodeUtteranceLatticeFaster():decoder-wrappers.cc:375) Log-like per frame for utterance FC02_179 is 0.163877 over 127 frames.
FC02_180 tanddai 
LOG (nnet3-latgen-faster[5.5.1074~1-71f3]:DecodeUtteranceLatticeFaster():decoder-wrappers.cc:375) Log-like per frame for utterance FC02_180 is 0.206539 over 143 frames.
FC02_186 kani 
LOG (nnet3-latgen-faster[5.5.1074~1-71f3]:DecodeUtteranceLatticeFaster():decoder-wrappers.cc:375) Log-like per frame for utterance FC02_186 is 0.296398 over 140 frames.
FC02_188 manxal 
LOG (nnet3-latgen-faster[5.5.1074~1-71f3]:DecodeUtteranceLatticeFaster():decoder-wrappers.cc:375) Log-like per frame for utterance FC02_188 is 0.258637 over 143 frames.
FC02_191 maadulxai 
LOG (nnet3-latgen-faster[5.5.1074~1-71f3]:DecodeUtteranceLatticeFaster():decoder-wrappers.cc:375) Log-like per frame for utterance FC02_191 is 0.293189 over 182 frames.
FC02_204 aarjidam 
LOG (nnet3-latgen-faster[5.5.1074~1-71f3]:DecodeUtteranceLatticeFaster():decoder-wrappers.cc:375) Log-like per frame for utterance FC02_204 is 0.222835 over 150 frames.
FC02_205 kaanjjipuram 
LOG (nnet3-latgen-faster[5.5.1074~1-71f3]:DecodeUtteranceLatticeFaster():decoder-wrappers.cc:375) Log-like per frame for utterance FC02_205 is 0.321119 over 162 frames.
FC02_214 puliyaip paartteu anjjeu 
LOG (nnet3-latgen-faster[5.5.1074~1-71f3]:DecodeUtteranceLatticeFaster():decoder-wrappers.cc:375) Log-like per frame for utterance FC02_214 is 0.401653 over 272 frames.
FC02_232 kaigalxai inxai 
LOG (nnet3-latgen-faster[5.5.1074~1-71f3]:DecodeUtteranceLatticeFaster():decoder-wrappers.cc:375) Log-like per frame for utterance FC02_232 is 0.286761 over 224 frames.
FC02_233 isxtxam pool waazhalaam 
LOG (nnet3-latgen-faster[5.5.1074~1-71f3]:DecodeUtteranceLatticeFaster():decoder-wrappers.cc:375) Log-like per frame for utterance FC02_233 is 0.392851 over 273 frames.
FC02_234 iisaana muulaiyil amaraadee 
LOG (nnet3-latgen-faster[5.5.1074~1-71f3]:DecodeUtteranceLatticeFaster():decoder-wrappers.cc:375) Log-like per frame for utterance FC02_234 is 0.372386 over 299 frames.
FC02_236 kaayccaleukkeu suudxeu kanjji sirxanddadeu 
LOG (nnet3-latgen-faster[5.5.1074~1-71f3]:DecodeUtteranceLatticeFaster():decoder-wrappers.cc:375) Log-like per frame for utterance FC02_236 is 0.420584 over 383 frames.
FC02_239 unxmai kai kodxeukkum 
LOG (nnet3-latgen-faster[5.5.1074~1-71f3]:DecodeUtteranceLatticeFaster():decoder-wrappers.cc:375) Log-like per frame for utterance FC02_239 is 0.379153 over 224 frames.
FC02_243 tolaikkaatxci oreu uudxagam 
LOG (nnet3-latgen-faster[5.5.1074~1-71f3]:DecodeUtteranceLatticeFaster():decoder-wrappers.cc:375) Log-like per frame for utterance FC02_243 is 0.314721 over 422 frames.
FC02_244 talaiwar warugai uurjidam aanadeu 
LOG (nnet3-latgen-faster[5.5.1074~1-71f3]:DecodeUtteranceLatticeFaster():decoder-wrappers.cc:375) Log-like per frame for utterance FC02_244 is 0.37096 over 383 frames.
FC02_247 adeu endda uur 
LOG (nnet3-latgen-faster[5.5.1074~1-71f3]:DecodeUtteranceLatticeFaster():decoder-wrappers.cc:375) Log-like per frame for utterance FC02_247 is 0.270822 over 250 frames.
FC02_249 pirxareukkeu suuniyam seyyaadee 
LOG (nnet3-latgen-faster[5.5.1074~1-71f3]:DecodeUtteranceLatticeFaster():decoder-wrappers.cc:375) Log-like per frame for utterance FC02_249 is 0.454061 over 325 frames.
FC02_250 inrxeu palxlxiyil ezhutteup pootxtxi 
LOG (nnet3-latgen-faster[5.5.1074~1-71f3]:DecodeUtteranceLatticeFaster():decoder-wrappers.cc:375) Log-like per frame for utterance FC02_250 is 0.325039 over 399 frames.
FC02_251 kanrxeu unxaweukkeu eenggum 
LOG (nnet3-latgen-faster[5.5.1074~1-71f3]:DecodeUtteranceLatticeFaster():decoder-wrappers.cc:375) Log-like per frame for utterance FC02_251 is 0.367562 over 325 frames.
FC02_252 enxnxey teeytteuk kulxi 
LOG (nnet3-latgen-faster[5.5.1074~1-71f3]:DecodeUtteranceLatticeFaster():decoder-wrappers.cc:375) Log-like per frame for utterance FC02_252 is 0.305814 over 270 frames.
FC02_256 eewuganxai eenddeu 
LOG (nnet3-latgen-faster[5.5.1074~1-71f3]:DecodeUtteranceLatticeFaster():decoder-wrappers.cc:375) Log-like per frame for utterance FC02_256 is 0.292132 over 283 frames.
FC02_257 awan eezhai illai 
LOG (nnet3-latgen-faster[5.5.1074~1-71f3]:DecodeUtteranceLatticeFaster():decoder-wrappers.cc:375) Log-like per frame for utterance FC02_257 is 0.41008 over 250 frames.
FC02_26 ganxeesanait tudi 
LOG (nnet3-latgen-faster[5.5.1074~1-71f3]:DecodeUtteranceLatticeFaster():decoder-wrappers.cc:375) Log-like per frame for utterance FC02_26 is 0.379001 over 240 frames.
FC02_263 idxa odeukkiidxeu sey 
LOG (nnet3-latgen-faster[5.5.1074~1-71f3]:DecodeUtteranceLatticeFaster():decoder-wrappers.cc:375) Log-like per frame for utterance FC02_263 is 0.354297 over 257 frames.
FC02_264 madippenx oppiidxeu tawarxeu 
LOG (nnet3-latgen-faster[5.5.1074~1-71f3]:DecodeUtteranceLatticeFaster():decoder-wrappers.cc:375) Log-like per frame for utterance FC02_264 is 0.344207 over 283 frames.
FC02_266 biins oruwagai kaay 
LOG (nnet3-latgen-faster[5.5.1074~1-71f3]:DecodeUtteranceLatticeFaster():decoder-wrappers.cc:375) Log-like per frame for utterance FC02_266 is 0.365802 over 289 frames.
FC02_267 awasara oli ezhuppeu 
LOG (nnet3-latgen-faster[5.5.1074~1-71f3]:DecodeUtteranceLatticeFaster():decoder-wrappers.cc:375) Log-like per frame for utterance FC02_267 is 0.451682 over 273 frames.
FC02_269 ndadxai ozhunggeu sey 
LOG (nnet3-latgen-faster[5.5.1074~1-71f3]:DecodeUtteranceLatticeFaster():decoder-wrappers.cc:375) Log-like per frame for utterance FC02_269 is 0.36416 over 241 frames.
FC02_27 padxitteup patxtxam perxeu 
LOG (nnet3-latgen-faster[5.5.1074~1-71f3]:DecodeUtteranceLatticeFaster():decoder-wrappers.cc:375) Log-like per frame for utterance FC02_27 is 0.306016 over 272 frames.
FC02_273 oolaiccuwadxi padxi 
LOG (nnet3-latgen-faster[5.5.1074~1-71f3]:DecodeUtteranceLatticeFaster():decoder-wrappers.cc:375) Log-like per frame for utterance FC02_273 is 0.352996 over 243 frames.
FC02_276 waazhkkai kasxtxam ndirxainddadeu 
LOG (nnet3-latgen-faster[5.5.1074~1-71f3]:DecodeUtteranceLatticeFaster():decoder-wrappers.cc:375) Log-like per frame for utterance FC02_276 is 0.345979 over 305 frames.
FC02_277 kaasxmiir wadxakkeu pagudiyil ulxlxadeu 
LOG (nnet3-latgen-faster[5.5.1074~1-71f3]:DecodeUtteranceLatticeFaster():decoder-wrappers.cc:375) Log-like per frame for utterance FC02_277 is 0.314629 over 428 frames.
FC02_286 koowil gooburam uyaramaanadeu 
LOG (nnet3-latgen-faster[5.5.1074~1-71f3]:DecodeUtteranceLatticeFaster():decoder-wrappers.cc:375) Log-like per frame for utterance FC02_286 is 0.47731 over 318 frames.
FC02_289 samacciir kalwi murxaiyaanadeu 
LOG (nnet3-latgen-faster[5.5.1074~1-71f3]:DecodeUtteranceLatticeFaster():decoder-wrappers.cc:375) Log-like per frame for utterance FC02_289 is 0.400834 over 315 frames.
FC02_298 asuran tawam irunddaan 
LOG (nnet3-latgen-faster[5.5.1074~1-71f3]:DecodeUtteranceLatticeFaster():decoder-wrappers.cc:375) Log-like per frame for utterance FC02_298 is 0.308603 over 305 frames.
FC02_3 aasaiyaik kurxai 
LOG (nnet3-latgen-faster[5.5.1074~1-71f3]:DecodeUtteranceLatticeFaster():decoder-wrappers.cc:375) Log-like per frame for utterance FC02_3 is 0.303768 over 272 frames.
FC02_310 tusxtxan tusxtxa seyal seywaan 
LOG (nnet3-latgen-faster[5.5.1074~1-71f3]:DecodeUtteranceLatticeFaster():decoder-wrappers.cc:375) Log-like per frame for utterance FC02_310 is 0.34823 over 357 frames.
FC02_314 toonrxiya pugazhin toonrxuga 
LOG (nnet3-latgen-faster[5.5.1074~1-71f3]:DecodeUtteranceLatticeFaster():decoder-wrappers.cc:375) Log-like per frame for utterance FC02_314 is 0.334387 over 305 frames.
FC02_317 paambin ndanjjeu kodxiyadeu 
LOG (nnet3-latgen-faster[5.5.1074~1-71f3]:DecodeUtteranceLatticeFaster():decoder-wrappers.cc:375) Log-like per frame for utterance FC02_317 is 0.367141 over 321 frames.
FC02_328 indda raajaa endda baasxai peesinaar 
LOG (nnet3-latgen-faster[5.5.1074~1-71f3]:DecodeUtteranceLatticeFaster():decoder-wrappers.cc:375) Log-like per frame for utterance FC02_328 is 0.311984 over 409 frames.
FC02_332 inrxeu puujaiyil kalanddeu kolx 
LOG (nnet3-latgen-faster[5.5.1074~1-71f3]:DecodeUtteranceLatticeFaster():decoder-wrappers.cc:375) Log-like per frame for utterance FC02_332 is 0.278652 over 422 frames.
FC02_337 raagi poosxaakkaana unxaweu 
LOG (nnet3-latgen-faster[5.5.1074~1-71f3]:DecodeUtteranceLatticeFaster():decoder-wrappers.cc:375) Log-like per frame for utterance FC02_337 is 0.367716 over 380 frames.
FC02_343 tozhilil muuladanam poodxa weenxdxum 
LOG (nnet3-latgen-faster[5.5.1074~1-71f3]:DecodeUtteranceLatticeFaster():decoder-wrappers.cc:375) Log-like per frame for utterance FC02_343 is 0.379883 over 347 frames.
FC02_345 indda maiyanggalx enggeu ulxlxadeu 
LOG (nnet3-latgen-faster[5.5.1074~1-71f3]:DecodeUtteranceLatticeFaster():decoder-wrappers.cc:375) Log-like per frame for utterance FC02_345 is 0.300703 over 370 frames.
FC02_350 laksxmi muga laksxanxam ulxlxa penx 
LOG (nnet3-latgen-faster[5.5.1074~1-71f3]:DecodeUtteranceLatticeFaster():decoder-wrappers.cc:375) Log-like per frame for utterance FC02_350 is 0.404487 over 402 frames.
FC02_45 jagattinai azhittidxuwoom 
LOG (nnet3-latgen-faster[5.5.1074~1-71f3]:DecodeUtteranceLatticeFaster():decoder-wrappers.cc:375) Log-like per frame for utterance FC02_45 is 0.377462 over 314 frames.
FC02_48 sanggee muzhanggeu 
LOG (nnet3-latgen-faster[5.5.1074~1-71f3]:DecodeUtteranceLatticeFaster():decoder-wrappers.cc:375) Log-like per frame for utterance FC02_48 is 0.3475 over 256 frames.
FC02_51 kunggumam siwappeu 
LOG (nnet3-latgen-faster[5.5.1074~1-71f3]:DecodeUtteranceLatticeFaster():decoder-wrappers.cc:375) Log-like per frame for utterance FC02_51 is 0.397005 over 240 frames.
FC02_55 makkalx mannarai waazhttinaargalx 
LOG (nnet3-latgen-faster[5.5.1074~1-71f3]:DecodeUtteranceLatticeFaster():decoder-wrappers.cc:375) Log-like per frame for utterance FC02_55 is 0.406401 over 356 frames.
FC02_58 iiwadeu ndalladeu 
LOG (nnet3-latgen-faster[5.5.1074~1-71f3]:DecodeUtteranceLatticeFaster():decoder-wrappers.cc:375) Log-like per frame for utterance FC02_58 is 0.355466 over 214 frames.
FC02_64 kalwiyee sirxandda selwam 
LOG (nnet3-latgen-faster[5.5.1074~1-71f3]:DecodeUtteranceLatticeFaster():decoder-wrappers.cc:375) Log-like per frame for utterance FC02_64 is 0.395108 over 298 frames.
FC02_78 wallawaneukkeup pullum aayudam 
LOG (nnet3-latgen-faster[5.5.1074~1-71f3]:DecodeUtteranceLatticeFaster():decoder-wrappers.cc:375) Log-like per frame for utterance FC02_78 is 0.356157 over 361 frames.
FC02_79 tiiraakkoobam pooraay mudxiyum 
LOG (nnet3-latgen-faster[5.5.1074~1-71f3]:DecodeUtteranceLatticeFaster():decoder-wrappers.cc:375) Log-like per frame for utterance FC02_79 is 0.391609 over 382 frames.
LOG (apply-cmvn[5.5.1074~1-71f3]:main():apply-cmvn.cc:162) Applied cepstral mean normalization to 69 utterances, errors on 0
FC02_85 aasaiyaay tinbadeu wellam 
LOG (nnet3-latgen-faster[5.5.1074~1-71f3]:DecodeUtteranceLatticeFaster():decoder-wrappers.cc:375) Log-like per frame for utterance FC02_85 is 0.388509 over 351 frames.
FC02_91 ndooyatxrxa waazhwee kurxaiwatxrxa selwam 
LOG (nnet3-latgen-faster[5.5.1074~1-71f3]:DecodeUtteranceLatticeFaster():decoder-wrappers.cc:375) Log-like per frame for utterance FC02_91 is 0.396049 over 409 frames.
FC02_97 patxtxaam puucci 
LOG (nnet3-latgen-faster[5.5.1074~1-71f3]:DecodeUtteranceLatticeFaster():decoder-wrappers.cc:375) Log-like per frame for utterance FC02_97 is 0.346833 over 245 frames.
FC02_99 adxakkamee azhageu 
LOG (nnet3-latgen-faster[5.5.1074~1-71f3]:DecodeUtteranceLatticeFaster():decoder-wrappers.cc:375) Log-like per frame for utterance FC02_99 is 0.363423 over 224 frames.
LOG (nnet3-latgen-faster[5.5.1074~1-71f3]:main():nnet3-latgen-faster.cc:256) Time taken 31.0243s: real-time factor assuming 100 frames/sec is 0.16759
LOG (nnet3-latgen-faster[5.5.1074~1-71f3]:main():nnet3-latgen-faster.cc:259) Done 69 utterances, failed for 0
LOG (nnet3-latgen-faster[5.5.1074~1-71f3]:main():nnet3-latgen-faster.cc:261) Overall log-likelihood per frame is 0.345817 over 18512 frames.
LOG (nnet3-latgen-faster[5.5.1074~1-71f3]:~CachingOptimizingCompiler():nnet-optimize.cc:710) 0.603 seconds taken in nnet3 compilation total (breakdown: 0.0867 compilation, 0.401 optimization, 0 shortcut expansion, 0.0839 checking, 2.77e-05 computing indexes, 0.0317 misc.) + 0 I/O.
# Accounting: time=31 threads=1
# Ended (code 0) at Thu Aug  3 11:46:44 IST 2023, elapsed time 31 seconds
