# nnet3-latgen-faster --frames-per-chunk=50 --extra-left-context=0 --extra-right-context=0 --extra-left-context-initial=-1 --extra-right-context-final=-1 --minimize=false --max-active=7000 --min-active=200 --beam=15.0 --lattice-beam=8.0 --acoustic-scale=0.1 --allow-partial=true --word-symbol-table=exp_FG/LSTM/words.txt exp_FG/LSTM/final.mdl exp_FG/LSTM/HCLG.fst "ark,s,cs:apply-cmvn  --utt2spk=ark:data/test/split10/1/utt2spk scp:data/test/split10/1/cmvn.scp scp:data/test/split10/1/feats.scp ark:- |" "ark:|gzip -c >exp_FG/LSTM/decode/lat.1.gz" 
# Started at Thu Aug  3 11:46:13 IST 2023
#
nnet3-latgen-faster --frames-per-chunk=50 --extra-left-context=0 --extra-right-context=0 --extra-left-context-initial=-1 --extra-right-context-final=-1 --minimize=false --max-active=7000 --min-active=200 --beam=15.0 --lattice-beam=8.0 --acoustic-scale=0.1 --allow-partial=true --word-symbol-table=exp_FG/LSTM/words.txt exp_FG/LSTM/final.mdl exp_FG/LSTM/HCLG.fst 'ark,s,cs:apply-cmvn  --utt2spk=ark:data/test/split10/1/utt2spk scp:data/test/split10/1/cmvn.scp scp:data/test/split10/1/feats.scp ark:- |' 'ark:|gzip -c >exp_FG/LSTM/decode/lat.1.gz' 
LOG (nnet3-latgen-faster[5.5.1074~1-71f3]:RemoveOrphanNodes():nnet-nnet.cc:948) Removed 0 orphan nodes.
LOG (nnet3-latgen-faster[5.5.1074~1-71f3]:RemoveOrphanComponents():nnet-nnet.cc:847) Removing 0 orphan components.
apply-cmvn --utt2spk=ark:data/test/split10/1/utt2spk scp:data/test/split10/1/cmvn.scp scp:data/test/split10/1/feats.scp ark:- 
FC01_10 mayil agawum 
LOG (nnet3-latgen-faster[5.5.1074~1-71f3]:DecodeUtteranceLatticeFaster():decoder-wrappers.cc:375) Log-like per frame for utterance FC01_10 is 0.294485 over 263 frames.
FC01_112 sxasxtxi 
LOG (nnet3-latgen-faster[5.5.1074~1-71f3]:DecodeUtteranceLatticeFaster():decoder-wrappers.cc:375) Log-like per frame for utterance FC01_112 is 0.334338 over 162 frames.
FC01_119 paanam 
LOG (nnet3-latgen-faster[5.5.1074~1-71f3]:DecodeUtteranceLatticeFaster():decoder-wrappers.cc:375) Log-like per frame for utterance FC01_119 is 0.147917 over 159 frames.
FC01_120 bayam 
LOG (nnet3-latgen-faster[5.5.1074~1-71f3]:DecodeUtteranceLatticeFaster():decoder-wrappers.cc:375) Log-like per frame for utterance FC01_120 is 0.185787 over 167 frames.
FC01_121 pambaram 
LOG (nnet3-latgen-faster[5.5.1074~1-71f3]:DecodeUtteranceLatticeFaster():decoder-wrappers.cc:375) Log-like per frame for utterance FC01_121 is 0.262709 over 159 frames.
FC01_123 pappadxam 
LOG (nnet3-latgen-faster[5.5.1074~1-71f3]:DecodeUtteranceLatticeFaster():decoder-wrappers.cc:375) Log-like per frame for utterance FC01_123 is 0.165303 over 156 frames.
FC01_13 kuranggeu panddai erxinddadeu 
LOG (nnet3-latgen-faster[5.5.1074~1-71f3]:DecodeUtteranceLatticeFaster():decoder-wrappers.cc:375) Log-like per frame for utterance FC01_13 is 0.275065 over 429 frames.
FC01_131 sarppam 
LOG (nnet3-latgen-faster[5.5.1074~1-71f3]:DecodeUtteranceLatticeFaster():decoder-wrappers.cc:375) Log-like per frame for utterance FC01_131 is 0.285262 over 170 frames.
FC01_133 sakkaram 
LOG (nnet3-latgen-faster[5.5.1074~1-71f3]:DecodeUtteranceLatticeFaster():decoder-wrappers.cc:375) Log-like per frame for utterance FC01_133 is 0.269202 over 202 frames.
FC01_140 taraadaram 
LOG (nnet3-latgen-faster[5.5.1074~1-71f3]:DecodeUtteranceLatticeFaster():decoder-wrappers.cc:375) Log-like per frame for utterance FC01_140 is 0.238949 over 209 frames.
FC01_148 ganxeesx 
LOG (nnet3-latgen-faster[5.5.1074~1-71f3]:DecodeUtteranceLatticeFaster():decoder-wrappers.cc:375) Log-like per frame for utterance FC01_148 is 0.364106 over 162 frames.
FC01_154 kadxidam 
LOG (nnet3-latgen-faster[5.5.1074~1-71f3]:DecodeUtteranceLatticeFaster():decoder-wrappers.cc:375) Log-like per frame for utterance FC01_154 is 0.180701 over 149 frames.
FC01_155 sanggamam 
LOG (nnet3-latgen-faster[5.5.1074~1-71f3]:DecodeUtteranceLatticeFaster():decoder-wrappers.cc:375) Log-like per frame for utterance FC01_155 is 0.30661 over 191 frames.
FC01_156 senggamalam 
LOG (nnet3-latgen-faster[5.5.1074~1-71f3]:DecodeUtteranceLatticeFaster():decoder-wrappers.cc:375) Log-like per frame for utterance FC01_156 is 0.33585 over 194 frames.
FC01_158 padxam 
LOG (nnet3-latgen-faster[5.5.1074~1-71f3]:DecodeUtteranceLatticeFaster():decoder-wrappers.cc:375) Log-like per frame for utterance FC01_158 is 0.222467 over 170 frames.
FC01_159 patxtxam 
LOG (nnet3-latgen-faster[5.5.1074~1-71f3]:DecodeUtteranceLatticeFaster():decoder-wrappers.cc:375) Log-like per frame for utterance FC01_159 is 0.17229 over 156 frames.
FC01_16 agattin azhageu mugattil teriyum 
LOG (nnet3-latgen-faster[5.5.1074~1-71f3]:DecodeUtteranceLatticeFaster():decoder-wrappers.cc:375) Log-like per frame for utterance FC01_16 is 0.378837 over 468 frames.
FC01_164 panxdxam 
LOG (nnet3-latgen-faster[5.5.1074~1-71f3]:DecodeUtteranceLatticeFaster():decoder-wrappers.cc:375) Log-like per frame for utterance FC01_164 is 0.175292 over 165 frames.
FC01_168 padxeukkai 
LOG (nnet3-latgen-faster[5.5.1074~1-71f3]:DecodeUtteranceLatticeFaster():decoder-wrappers.cc:375) Log-like per frame for utterance FC01_168 is 0.223624 over 170 frames.
FC01_174 paccai 
LOG (nnet3-latgen-faster[5.5.1074~1-71f3]:DecodeUtteranceLatticeFaster():decoder-wrappers.cc:375) Log-like per frame for utterance FC01_174 is 0.252872 over 157 frames.
FC01_176 tanxnxiir 
LOG (nnet3-latgen-faster[5.5.1074~1-71f3]:DecodeUtteranceLatticeFaster():decoder-wrappers.cc:375) Log-like per frame for utterance FC01_176 is 0.267234 over 180 frames.
FC01_178 taniyaa 
LOG (nnet3-latgen-faster[5.5.1074~1-71f3]:DecodeUtteranceLatticeFaster():decoder-wrappers.cc:375) Log-like per frame for utterance FC01_178 is 0.432258 over 129 frames.
FC01_183 maambazham 
LOG (nnet3-latgen-faster[5.5.1074~1-71f3]:DecodeUtteranceLatticeFaster():decoder-wrappers.cc:375) Log-like per frame for utterance FC01_183 is 0.338475 over 180 frames.
FC01_184 kanx 
LOG (nnet3-latgen-faster[5.5.1074~1-71f3]:DecodeUtteranceLatticeFaster():decoder-wrappers.cc:375) Log-like per frame for utterance FC01_184 is 0.0754717 over 128 frames.
FC01_204 aarjidam 
LOG (nnet3-latgen-faster[5.5.1074~1-71f3]:DecodeUtteranceLatticeFaster():decoder-wrappers.cc:375) Log-like per frame for utterance FC01_204 is 0.322628 over 141 frames.
FC01_205 kaanjjipuram 
LOG (nnet3-latgen-faster[5.5.1074~1-71f3]:DecodeUtteranceLatticeFaster():decoder-wrappers.cc:375) Log-like per frame for utterance FC01_205 is 0.322564 over 180 frames.
FC01_214 puliyaip paartteu anjjeu 
LOG (nnet3-latgen-faster[5.5.1074~1-71f3]:DecodeUtteranceLatticeFaster():decoder-wrappers.cc:375) Log-like per frame for utterance FC01_214 is 0.294778 over 373 frames.
FC01_221 kalwi amaiccar palxlxi wanddaar 
LOG (nnet3-latgen-faster[5.5.1074~1-71f3]:DecodeUtteranceLatticeFaster():decoder-wrappers.cc:375) Log-like per frame for utterance FC01_221 is 0.319203 over 490 frames.
FC01_230 anggee inggee paarkkaadee 
LOG (nnet3-latgen-faster[5.5.1074~1-71f3]:DecodeUtteranceLatticeFaster():decoder-wrappers.cc:375) Log-like per frame for utterance FC01_230 is 0.400585 over 379 frames.
FC01_231 injji maruttuwa gunxam waaynddadeu 
LOG (nnet3-latgen-faster[5.5.1074~1-71f3]:DecodeUtteranceLatticeFaster():decoder-wrappers.cc:375) Log-like per frame for utterance FC01_231 is 0.333056 over 450 frames.
FC01_232 kaigalxai inxai 
LOG (nnet3-latgen-faster[5.5.1074~1-71f3]:DecodeUtteranceLatticeFaster():decoder-wrappers.cc:375) Log-like per frame for utterance FC01_232 is 0.231062 over 316 frames.
FC01_240 saarxeu urxinjji arunddeu 
LOG (nnet3-latgen-faster[5.5.1074~1-71f3]:DecodeUtteranceLatticeFaster():decoder-wrappers.cc:375) Log-like per frame for utterance FC01_240 is 0.36872 over 379 frames.
FC01_243 tolaikkaatxci oreu uudxagam 
LOG (nnet3-latgen-faster[5.5.1074~1-71f3]:DecodeUtteranceLatticeFaster():decoder-wrappers.cc:375) Log-like per frame for utterance FC01_243 is 0.327857 over 423 frames.
FC01_244 talaiwar warugai uurjidam aanadeu 
LOG (nnet3-latgen-faster[5.5.1074~1-71f3]:DecodeUtteranceLatticeFaster():decoder-wrappers.cc:375) Log-like per frame for utterance FC01_244 is 0.355347 over 524 frames.
FC01_245 wibattil uunam wanddadeu 
LOG (nnet3-latgen-faster[5.5.1074~1-71f3]:DecodeUtteranceLatticeFaster():decoder-wrappers.cc:375) Log-like per frame for utterance FC01_245 is 0.289151 over 431 frames.
FC01_25 tanggattin wilai uyarnddadeu 
LOG (nnet3-latgen-faster[5.5.1074~1-71f3]:DecodeUtteranceLatticeFaster():decoder-wrappers.cc:375) Log-like per frame for utterance FC01_25 is 0.320456 over 395 frames.
FC01_256 eewuganxai eenddeu 
LOG (nnet3-latgen-faster[5.5.1074~1-71f3]:DecodeUtteranceLatticeFaster():decoder-wrappers.cc:375) Log-like per frame for utterance FC01_256 is 0.278633 over 329 frames.
FC01_257 awan eezhai illai 
LOG (nnet3-latgen-faster[5.5.1074~1-71f3]:DecodeUtteranceLatticeFaster():decoder-wrappers.cc:375) Log-like per frame for utterance FC01_257 is 0.357926 over 335 frames.
FC01_26 ganxeesanait tudi 
LOG (nnet3-latgen-faster[5.5.1074~1-71f3]:DecodeUtteranceLatticeFaster():decoder-wrappers.cc:375) Log-like per frame for utterance FC01_26 is 0.341005 over 268 frames.
FC01_260 otxtxagam oreu wilanggeu 
LOG (nnet3-latgen-faster[5.5.1074~1-71f3]:DecodeUtteranceLatticeFaster():decoder-wrappers.cc:375) Log-like per frame for utterance FC01_260 is 0.359468 over 264 frames.
FC01_262 otxtxeuk keetxpadeu tawarxeu 
LOG (nnet3-latgen-faster[5.5.1074~1-71f3]:DecodeUtteranceLatticeFaster():decoder-wrappers.cc:375) Log-like per frame for utterance FC01_262 is 0.313948 over 333 frames.
FC01_271 onrxaam paagam ndanrxaaga irunddadeu 
LOG (nnet3-latgen-faster[5.5.1074~1-71f3]:DecodeUtteranceLatticeFaster():decoder-wrappers.cc:375) Log-like per frame for utterance FC01_271 is 0.360955 over 474 frames.
FC01_278 mannan kiriidxam eenddinaan 
LOG (nnet3-latgen-faster[5.5.1074~1-71f3]:DecodeUtteranceLatticeFaster():decoder-wrappers.cc:375) Log-like per frame for utterance FC01_278 is 0.325931 over 395 frames.
FC01_280 kucci mitxtxaay inippeu suwai 
LOG (nnet3-latgen-faster[5.5.1074~1-71f3]:DecodeUtteranceLatticeFaster():decoder-wrappers.cc:375) Log-like per frame for utterance FC01_280 is 0.412828 over 393 frames.
FC01_287 teruwil koosxam ezhuppaadee 
LOG (nnet3-latgen-faster[5.5.1074~1-71f3]:DecodeUtteranceLatticeFaster():decoder-wrappers.cc:375) Log-like per frame for utterance FC01_287 is 0.362108 over 405 frames.
FC01_292 saasxtxaanggam wizhunddeu wanxanggeu 
LOG (nnet3-latgen-faster[5.5.1074~1-71f3]:DecodeUtteranceLatticeFaster():decoder-wrappers.cc:375) Log-like per frame for utterance FC01_292 is 0.344698 over 427 frames.
FC01_293 guruwai sisxyan wanxangginaan 
LOG (nnet3-latgen-faster[5.5.1074~1-71f3]:DecodeUtteranceLatticeFaster():decoder-wrappers.cc:375) Log-like per frame for utterance FC01_293 is 0.32664 over 451 frames.
FC01_301 seewalin kuuwalil pozhudeu widxiyum 
LOG (nnet3-latgen-faster[5.5.1074~1-71f3]:DecodeUtteranceLatticeFaster():decoder-wrappers.cc:375) Log-like per frame for utterance FC01_301 is 0.443627 over 425 frames.
FC01_303 njaayirxeu widxumurxai kadxai adxaippeu 
LOG (nnet3-latgen-faster[5.5.1074~1-71f3]:DecodeUtteranceLatticeFaster():decoder-wrappers.cc:375) Log-like per frame for utterance FC01_303 is 0.365187 over 504 frames.
FC01_306 tii muutxtxi tii wibatteu ndadxanddadeu 
LOG (nnet3-latgen-faster[5.5.1074~1-71f3]:DecodeUtteranceLatticeFaster():decoder-wrappers.cc:375) Log-like per frame for utterance FC01_306 is 0.375811 over 534 frames.
FC01_309 iranxdxeu pal puunxdxeu ndalladeu 
LOG (nnet3-latgen-faster[5.5.1074~1-71f3]:DecodeUtteranceLatticeFaster():decoder-wrappers.cc:375) Log-like per frame for utterance FC01_309 is 0.370582 over 433 frames.
FC01_310 tusxtxan tusxtxa seyal seywaan 
LOG (nnet3-latgen-faster[5.5.1074~1-71f3]:DecodeUtteranceLatticeFaster():decoder-wrappers.cc:375) Log-like per frame for utterance FC01_310 is 0.401958 over 429 frames.
FC01_32 kalagam pirxanddaal ndiyaayam pirxakkum 
LOG (nnet3-latgen-faster[5.5.1074~1-71f3]:DecodeUtteranceLatticeFaster():decoder-wrappers.cc:375) Log-like per frame for utterance FC01_32 is 0.301202 over 553 frames.
FC01_325 panjjeu nderuppil karugiyadeu 
LOG (nnet3-latgen-faster[5.5.1074~1-71f3]:DecodeUtteranceLatticeFaster():decoder-wrappers.cc:375) Log-like per frame for utterance FC01_325 is 0.274483 over 419 frames.
FC01_326 pazhanggudxi makkalx panxbeu sirxappeu 
LOG (nnet3-latgen-faster[5.5.1074~1-71f3]:DecodeUtteranceLatticeFaster():decoder-wrappers.cc:375) Log-like per frame for utterance FC01_326 is 0.364596 over 502 frames.
FC01_327 kaalai bajanai migawum pirabalam 
LOG (nnet3-latgen-faster[5.5.1074~1-71f3]:DecodeUtteranceLatticeFaster():decoder-wrappers.cc:375) Log-like per frame for utterance FC01_327 is 0.345067 over 470 frames.
FC01_334 un mugam poliwaaga ulxlxadeu 
LOG (nnet3-latgen-faster[5.5.1074~1-71f3]:DecodeUtteranceLatticeFaster():decoder-wrappers.cc:375) Log-like per frame for utterance FC01_334 is 0.362398 over 409 frames.
FC01_335 petxtxiyai kiizhee poodxeu 
LOG (nnet3-latgen-faster[5.5.1074~1-71f3]:DecodeUtteranceLatticeFaster():decoder-wrappers.cc:375) Log-like per frame for utterance FC01_335 is 0.374045 over 331 frames.
FC01_339 etxtxeukkaali oreu puucci 
LOG (nnet3-latgen-faster[5.5.1074~1-71f3]:DecodeUtteranceLatticeFaster():decoder-wrappers.cc:375) Log-like per frame for utterance FC01_339 is 0.389328 over 347 frames.
FC01_345 indda maiyanggalx enggeu ulxlxadeu 
LOG (nnet3-latgen-faster[5.5.1074~1-71f3]:DecodeUtteranceLatticeFaster():decoder-wrappers.cc:375) Log-like per frame for utterance FC01_345 is 0.345243 over 417 frames.
FC01_348 lajjai enrxaal wekkam 
LOG (nnet3-latgen-faster[5.5.1074~1-71f3]:DecodeUtteranceLatticeFaster():decoder-wrappers.cc:375) Log-like per frame for utterance FC01_348 is 0.324924 over 333 frames.
FC01_349 tuukkam udxaleukkeu ndalladeu 
LOG (nnet3-latgen-faster[5.5.1074~1-71f3]:DecodeUtteranceLatticeFaster():decoder-wrappers.cc:375) Log-like per frame for utterance FC01_349 is 0.342228 over 349 frames.
FC01_35 baktiyoodxeu ireu 
LOG (nnet3-latgen-faster[5.5.1074~1-71f3]:DecodeUtteranceLatticeFaster():decoder-wrappers.cc:375) Log-like per frame for utterance FC01_35 is 0.298284 over 279 frames.
FC01_355 jadxai pinni weesxam poodxeu 
LOG (nnet3-latgen-faster[5.5.1074~1-71f3]:DecodeUtteranceLatticeFaster():decoder-wrappers.cc:375) Log-like per frame for utterance FC01_355 is 0.375852 over 435 frames.
FC01_362 aktxoobar iranxdxeu gaanddi jeyanddi 
LOG (nnet3-latgen-faster[5.5.1074~1-71f3]:DecodeUtteranceLatticeFaster():decoder-wrappers.cc:375) Log-like per frame for utterance FC01_362 is 0.367097 over 466 frames.
FC01_46 manx waasanai 
LOG (nnet3-latgen-faster[5.5.1074~1-71f3]:DecodeUtteranceLatticeFaster():decoder-wrappers.cc:375) Log-like per frame for utterance FC01_46 is 0.280615 over 247 frames.
FC01_5 eerxpadeu igazhcci 
LOG (nnet3-latgen-faster[5.5.1074~1-71f3]:DecodeUtteranceLatticeFaster():decoder-wrappers.cc:375) Log-like per frame for utterance FC01_5 is 0.319965 over 319 frames.
FC01_50 ndunggeu inikkum 
LOG (nnet3-latgen-faster[5.5.1074~1-71f3]:DecodeUtteranceLatticeFaster():decoder-wrappers.cc:375) Log-like per frame for utterance FC01_50 is 0.369968 over 277 frames.
FC01_59 uukkamee peeseu 
LOG (nnet3-latgen-faster[5.5.1074~1-71f3]:DecodeUtteranceLatticeFaster():decoder-wrappers.cc:375) Log-like per frame for utterance FC01_59 is 0.299196 over 307 frames.
FC01_61 aimpulan adxakkeu 
LOG (nnet3-latgen-faster[5.5.1074~1-71f3]:DecodeUtteranceLatticeFaster():decoder-wrappers.cc:375) Log-like per frame for utterance FC01_61 is 0.320688 over 318 frames.
FC01_63 puli pasittaalum pullait tinnaadeu 
LOG (nnet3-latgen-faster[5.5.1074~1-71f3]:DecodeUtteranceLatticeFaster():decoder-wrappers.cc:375) Log-like per frame for utterance FC01_63 is 0.291054 over 515 frames.
FC01_64 kalwiyee sirxandda selwam 
LOG (nnet3-latgen-faster[5.5.1074~1-71f3]:DecodeUtteranceLatticeFaster():decoder-wrappers.cc:375) Log-like per frame for utterance FC01_64 is 0.39818 over 361 frames.
FC01_66 uurudxan waazh 
LOG (nnet3-latgen-faster[5.5.1074~1-71f3]:DecodeUtteranceLatticeFaster():decoder-wrappers.cc:375) Log-like per frame for utterance FC01_66 is 0.308107 over 240 frames.
FC01_67 kiizhoor aayinum taazha urai 
LOG (nnet3-latgen-faster[5.5.1074~1-71f3]:DecodeUtteranceLatticeFaster():decoder-wrappers.cc:375) Log-like per frame for utterance FC01_67 is 0.325268 over 485 frames.
FC01_68 kanddaiyaanaalum kasakkik katxtxeu 
LOG (nnet3-latgen-faster[5.5.1074~1-71f3]:DecodeUtteranceLatticeFaster():decoder-wrappers.cc:375) Log-like per frame for utterance FC01_68 is 0.358061 over 468 frames.
FC01_78 wallawaneukkeup pullum aayudam 
LOG (nnet3-latgen-faster[5.5.1074~1-71f3]:DecodeUtteranceLatticeFaster():decoder-wrappers.cc:375) Log-like per frame for utterance FC01_78 is 0.291391 over 403 frames.
LOG (apply-cmvn[5.5.1074~1-71f3]:main():apply-cmvn.cc:162) Applied cepstral mean normalization to 80 utterances, errors on 0
FC01_87 marattai arxuppadeu waalx 
LOG (nnet3-latgen-faster[5.5.1074~1-71f3]:DecodeUtteranceLatticeFaster():decoder-wrappers.cc:375) Log-like per frame for utterance FC01_87 is 0.310095 over 424 frames.
FC01_9 inddiyaawin talaindagaram txelli 
LOG (nnet3-latgen-faster[5.5.1074~1-71f3]:DecodeUtteranceLatticeFaster():decoder-wrappers.cc:375) Log-like per frame for utterance FC01_9 is 0.343662 over 412 frames.
FC01_94 kedxuwaan keedxeu ndinaippaan 
LOG (nnet3-latgen-faster[5.5.1074~1-71f3]:DecodeUtteranceLatticeFaster():decoder-wrappers.cc:375) Log-like per frame for utterance FC01_94 is 0.327696 over 389 frames.
FC01_96 wanxdxi izhuppadeu kaalxai 
LOG (nnet3-latgen-faster[5.5.1074~1-71f3]:DecodeUtteranceLatticeFaster():decoder-wrappers.cc:375) Log-like per frame for utterance FC01_96 is 0.237916 over 463 frames.
LOG (nnet3-latgen-faster[5.5.1074~1-71f3]:main():nnet3-latgen-faster.cc:256) Time taken 31.837s: real-time factor assuming 100 frames/sec is 0.120172
LOG (nnet3-latgen-faster[5.5.1074~1-71f3]:main():nnet3-latgen-faster.cc:259) Done 80 utterances, failed for 0
LOG (nnet3-latgen-faster[5.5.1074~1-71f3]:main():nnet3-latgen-faster.cc:261) Overall log-likelihood per frame is 0.326182 over 26493 frames.
LOG (nnet3-latgen-faster[5.5.1074~1-71f3]:~CachingOptimizingCompiler():nnet-optimize.cc:710) 0.524 seconds taken in nnet3 compilation total (breakdown: 0.0809 compilation, 0.338 optimization, 0 shortcut expansion, 0.0729 checking, 3.81e-05 computing indexes, 0.0321 misc.) + 0 I/O.
# Accounting: time=32 threads=1
# Ended (code 0) at Thu Aug  3 11:46:45 IST 2023, elapsed time 32 seconds
