# nnet3-latgen-faster --frames-per-chunk=50 --extra-left-context=0 --extra-right-context=0 --extra-left-context-initial=-1 --extra-right-context-final=-1 --minimize=false --max-active=7000 --min-active=200 --beam=15.0 --lattice-beam=8.0 --acoustic-scale=0.1 --allow-partial=true --word-symbol-table=exp_FG/LSTM/words.txt exp_FG/LSTM/final.mdl exp_FG/LSTM/HCLG.fst "ark,s,cs:apply-cmvn  --utt2spk=ark:data/test/split10/6/utt2spk scp:data/test/split10/6/cmvn.scp scp:data/test/split10/6/feats.scp ark:- |" "ark:|gzip -c >exp_FG/LSTM/decode/lat.6.gz" 
# Started at Thu Aug  3 11:46:13 IST 2023
#
nnet3-latgen-faster --frames-per-chunk=50 --extra-left-context=0 --extra-right-context=0 --extra-left-context-initial=-1 --extra-right-context-final=-1 --minimize=false --max-active=7000 --min-active=200 --beam=15.0 --lattice-beam=8.0 --acoustic-scale=0.1 --allow-partial=true --word-symbol-table=exp_FG/LSTM/words.txt exp_FG/LSTM/final.mdl exp_FG/LSTM/HCLG.fst 'ark,s,cs:apply-cmvn  --utt2spk=ark:data/test/split10/6/utt2spk scp:data/test/split10/6/cmvn.scp scp:data/test/split10/6/feats.scp ark:- |' 'ark:|gzip -c >exp_FG/LSTM/decode/lat.6.gz' 
LOG (nnet3-latgen-faster[5.5.1074~1-71f3]:RemoveOrphanNodes():nnet-nnet.cc:948) Removed 0 orphan nodes.
LOG (nnet3-latgen-faster[5.5.1074~1-71f3]:RemoveOrphanComponents():nnet-nnet.cc:847) Removing 0 orphan components.
apply-cmvn --utt2spk=ark:data/test/split10/6/utt2spk scp:data/test/split10/6/cmvn.scp scp:data/test/split10/6/feats.scp ark:- 
MC01_104 tootxtxattai gawani 
LOG (nnet3-latgen-faster[5.5.1074~1-71f3]:DecodeUtteranceLatticeFaster():decoder-wrappers.cc:375) Log-like per frame for utterance MC01_104 is 0.257461 over 300 frames.
MC01_106 manxal kayirxeu 
LOG (nnet3-latgen-faster[5.5.1074~1-71f3]:DecodeUtteranceLatticeFaster():decoder-wrappers.cc:375) Log-like per frame for utterance MC01_106 is 0.241721 over 294 frames.
MC01_107 padxa padxa 
LOG (nnet3-latgen-faster[5.5.1074~1-71f3]:DecodeUtteranceLatticeFaster():decoder-wrappers.cc:375) Log-like per frame for utterance MC01_107 is 0.206526 over 226 frames.
MC01_113 isxtxam 
LOG (nnet3-latgen-faster[5.5.1074~1-71f3]:DecodeUtteranceLatticeFaster():decoder-wrappers.cc:375) Log-like per frame for utterance MC01_113 is 0.200592 over 162 frames.
MC01_119 paanam 
LOG (nnet3-latgen-faster[5.5.1074~1-71f3]:DecodeUtteranceLatticeFaster():decoder-wrappers.cc:375) Log-like per frame for utterance MC01_119 is 0.1941 over 106 frames.
MC01_123 pappadxam 
LOG (nnet3-latgen-faster[5.5.1074~1-71f3]:DecodeUtteranceLatticeFaster():decoder-wrappers.cc:375) Log-like per frame for utterance MC01_123 is 0.247607 over 123 frames.
MC01_126 iiram 
LOG (nnet3-latgen-faster[5.5.1074~1-71f3]:DecodeUtteranceLatticeFaster():decoder-wrappers.cc:375) Log-like per frame for utterance MC01_126 is 0.17473 over 162 frames.
MC01_127 rambam 
LOG (nnet3-latgen-faster[5.5.1074~1-71f3]:DecodeUtteranceLatticeFaster():decoder-wrappers.cc:375) Log-like per frame for utterance MC01_127 is 0.114806 over 219 frames.
MC01_130 saram 
LOG (nnet3-latgen-faster[5.5.1074~1-71f3]:DecodeUtteranceLatticeFaster():decoder-wrappers.cc:375) Log-like per frame for utterance MC01_130 is 0.166833 over 147 frames.
MC01_140 taraadaram 
LOG (nnet3-latgen-faster[5.5.1074~1-71f3]:DecodeUtteranceLatticeFaster():decoder-wrappers.cc:375) Log-like per frame for utterance MC01_140 is 0.228356 over 198 frames.
MC01_157 karuttaranggam 
LOG (nnet3-latgen-faster[5.5.1074~1-71f3]:DecodeUtteranceLatticeFaster():decoder-wrappers.cc:375) Log-like per frame for utterance MC01_157 is 0.217267 over 258 frames.
MC01_158 padxam 
LOG (nnet3-latgen-faster[5.5.1074~1-71f3]:DecodeUtteranceLatticeFaster():decoder-wrappers.cc:375) Log-like per frame for utterance MC01_158 is 0.141862 over 155 frames.
MC01_176 tanxnxiir 
LOG (nnet3-latgen-faster[5.5.1074~1-71f3]:DecodeUtteranceLatticeFaster():decoder-wrappers.cc:375) Log-like per frame for utterance MC01_176 is 0.247392 over 162 frames.
MC01_180 tanddai 
LOG (nnet3-latgen-faster[5.5.1074~1-71f3]:DecodeUtteranceLatticeFaster():decoder-wrappers.cc:375) Log-like per frame for utterance MC01_180 is 0.173802 over 210 frames.
MC01_181 moodiram 
LOG (nnet3-latgen-faster[5.5.1074~1-71f3]:DecodeUtteranceLatticeFaster():decoder-wrappers.cc:375) Log-like per frame for utterance MC01_181 is 0.209356 over 159 frames.
MC01_199 harisxtxam 
LOG (nnet3-latgen-faster[5.5.1074~1-71f3]:DecodeUtteranceLatticeFaster():decoder-wrappers.cc:375) Log-like per frame for utterance MC01_199 is 0.225717 over 193 frames.
MC01_203 amsanggalx 
LOG (nnet3-latgen-faster[5.5.1074~1-71f3]:DecodeUtteranceLatticeFaster():decoder-wrappers.cc:375) Log-like per frame for utterance MC01_203 is 0.230651 over 229 frames.
MC01_205 kaanjjipuram 
LOG (nnet3-latgen-faster[5.5.1074~1-71f3]:DecodeUtteranceLatticeFaster():decoder-wrappers.cc:375) Log-like per frame for utterance MC01_205 is 0.22647 over 202 frames.
MC01_21 paappaa padxam paartteu 
LOG (nnet3-latgen-faster[5.5.1074~1-71f3]:DecodeUtteranceLatticeFaster():decoder-wrappers.cc:375) Log-like per frame for utterance MC01_21 is 0.188675 over 299 frames.
MC01_217 selwam adirsxtxam tarum 
LOG (nnet3-latgen-faster[5.5.1074~1-71f3]:DecodeUtteranceLatticeFaster():decoder-wrappers.cc:375) Log-like per frame for utterance MC01_217 is 0.287441 over 349 frames.
MC01_218 widiyai miirxinaal abaraadam 
LOG (nnet3-latgen-faster[5.5.1074~1-71f3]:DecodeUtteranceLatticeFaster():decoder-wrappers.cc:375) Log-like per frame for utterance MC01_218 is 0.274479 over 440 frames.
MC01_223 asxtxalaksxmi puujai ndalamalxikkum 
LOG (nnet3-latgen-faster[5.5.1074~1-71f3]:DecodeUtteranceLatticeFaster():decoder-wrappers.cc:375) Log-like per frame for utterance MC01_223 is 0.380275 over 358 frames.
MC01_224 ahimsai wazhiyaip pinpatxrxeu 
LOG (nnet3-latgen-faster[5.5.1074~1-71f3]:DecodeUtteranceLatticeFaster():decoder-wrappers.cc:375) Log-like per frame for utterance MC01_224 is 0.378921 over 338 frames.
MC01_225 jeyhindd enrxeu kuurxeu 
LOG (nnet3-latgen-faster[5.5.1074~1-71f3]:DecodeUtteranceLatticeFaster():decoder-wrappers.cc:375) Log-like per frame for utterance MC01_225 is 0.367551 over 283 frames.
MC01_226 aanggilam oreu mozhi 
LOG (nnet3-latgen-faster[5.5.1074~1-71f3]:DecodeUtteranceLatticeFaster():decoder-wrappers.cc:375) Log-like per frame for utterance MC01_226 is 0.300988 over 239 frames.
MC01_228 raamar aajar aanaar 
LOG (nnet3-latgen-faster[5.5.1074~1-71f3]:DecodeUtteranceLatticeFaster():decoder-wrappers.cc:375) Log-like per frame for utterance MC01_228 is 0.364005 over 288 frames.
MC01_230 anggee inggee paarkkaadee 
LOG (nnet3-latgen-faster[5.5.1074~1-71f3]:DecodeUtteranceLatticeFaster():decoder-wrappers.cc:375) Log-like per frame for utterance MC01_230 is 0.291413 over 346 frames.
MC01_231 injji maruttuwa gunxam waaynddadeu 
LOG (nnet3-latgen-faster[5.5.1074~1-71f3]:DecodeUtteranceLatticeFaster():decoder-wrappers.cc:375) Log-like per frame for utterance MC01_231 is 0.281013 over 548 frames.
MC01_239 unxmai kai kodxeukkum 
LOG (nnet3-latgen-faster[5.5.1074~1-71f3]:DecodeUtteranceLatticeFaster():decoder-wrappers.cc:375) Log-like per frame for utterance MC01_239 is 0.283698 over 314 frames.
MC01_251 kanrxeu unxaweukkeu eenggum 
LOG (nnet3-latgen-faster[5.5.1074~1-71f3]:DecodeUtteranceLatticeFaster():decoder-wrappers.cc:375) Log-like per frame for utterance MC01_251 is 0.309974 over 393 frames.
MC01_256 eewuganxai eenddeu 
LOG (nnet3-latgen-faster[5.5.1074~1-71f3]:DecodeUtteranceLatticeFaster():decoder-wrappers.cc:375) Log-like per frame for utterance MC01_256 is 0.225119 over 370 frames.
MC01_257 awan eezhai illai 
LOG (nnet3-latgen-faster[5.5.1074~1-71f3]:DecodeUtteranceLatticeFaster():decoder-wrappers.cc:375) Log-like per frame for utterance MC01_257 is 0.291645 over 255 frames.
MC01_261 onbadeu koolxgalx ulxlxadeu 
LOG (nnet3-latgen-faster[5.5.1074~1-71f3]:DecodeUtteranceLatticeFaster():decoder-wrappers.cc:375) Log-like per frame for utterance MC01_261 is 0.30469 over 314 frames.
MC01_263 idxa odeukkiidxeu sey 
LOG (nnet3-latgen-faster[5.5.1074~1-71f3]:DecodeUtteranceLatticeFaster():decoder-wrappers.cc:375) Log-like per frame for utterance MC01_263 is 0.27251 over 263 frames.
MC01_265 tozhil oppudal sey 
LOG (nnet3-latgen-faster[5.5.1074~1-71f3]:DecodeUtteranceLatticeFaster():decoder-wrappers.cc:375) Log-like per frame for utterance MC01_265 is 0.243696 over 381 frames.
MC01_266 biins oruwagai kaay 
LOG (nnet3-latgen-faster[5.5.1074~1-71f3]:DecodeUtteranceLatticeFaster():decoder-wrappers.cc:375) Log-like per frame for utterance MC01_266 is 0.258653 over 457 frames.
MC01_269 ndadxai ozhunggeu sey 
LOG (nnet3-latgen-faster[5.5.1074~1-71f3]:DecodeUtteranceLatticeFaster():decoder-wrappers.cc:375) Log-like per frame for utterance MC01_269 is 0.242958 over 298 frames.
MC01_271 onrxaam paagam ndanrxaaga irunddadeu 
LOG (nnet3-latgen-faster[5.5.1074~1-71f3]:DecodeUtteranceLatticeFaster():decoder-wrappers.cc:375) Log-like per frame for utterance MC01_271 is 0.353712 over 401 frames.
MC01_288 ndaan eppozhudum sanddoosxamaaga iruppeen 
LOG (nnet3-latgen-faster[5.5.1074~1-71f3]:DecodeUtteranceLatticeFaster():decoder-wrappers.cc:375) Log-like per frame for utterance MC01_288 is 0.322656 over 423 frames.
MC01_293 guruwai sisxyan wanxangginaan 
LOG (nnet3-latgen-faster[5.5.1074~1-71f3]:DecodeUtteranceLatticeFaster():decoder-wrappers.cc:375) Log-like per frame for utterance MC01_293 is 0.333696 over 343 frames.
MC01_311 purxaa tuudeu anuppa tolai duuram parxanddadeu 
LOG (nnet3-latgen-faster[5.5.1074~1-71f3]:DecodeUtteranceLatticeFaster():decoder-wrappers.cc:375) Log-like per frame for utterance MC01_311 is 0.368262 over 491 frames.
MC01_313 kutxtxaiyil tanxnxiir teenggiyadeu 
LOG (nnet3-latgen-faster[5.5.1074~1-71f3]:DecodeUtteranceLatticeFaster():decoder-wrappers.cc:375) Log-like per frame for utterance MC01_313 is 0.360601 over 372 frames.
MC01_315 toosxattirxkeu parigaaram sey 
LOG (nnet3-latgen-faster[5.5.1074~1-71f3]:DecodeUtteranceLatticeFaster():decoder-wrappers.cc:375) Log-like per frame for utterance MC01_315 is 0.286619 over 433 frames.
MC01_325 panjjeu nderuppil karugiyadeu 
LOG (nnet3-latgen-faster[5.5.1074~1-71f3]:DecodeUtteranceLatticeFaster():decoder-wrappers.cc:375) Log-like per frame for utterance MC01_325 is 0.272907 over 365 frames.
MC01_327 kaalai bajanai migawum pirabalam 
LOG (nnet3-latgen-faster[5.5.1074~1-71f3]:DecodeUtteranceLatticeFaster():decoder-wrappers.cc:375) Log-like per frame for utterance MC01_327 is 0.261933 over 520 frames.
MC01_33 paarttaal puunai paaynddaal puli 
LOG (nnet3-latgen-faster[5.5.1074~1-71f3]:DecodeUtteranceLatticeFaster():decoder-wrappers.cc:375) Log-like per frame for utterance MC01_33 is 0.295059 over 447 frames.
MC01_330 buwaneesxwar uuril puugambam 
LOG (nnet3-latgen-faster[5.5.1074~1-71f3]:DecodeUtteranceLatticeFaster():decoder-wrappers.cc:375) Log-like per frame for utterance MC01_330 is 0.302136 over 443 frames.
MC01_331 puurwa jenma banddam 
LOG (nnet3-latgen-faster[5.5.1074~1-71f3]:DecodeUtteranceLatticeFaster():decoder-wrappers.cc:375) Log-like per frame for utterance MC01_331 is 0.293939 over 333 frames.
MC01_337 raagi poosxaakkaana unxaweu 
LOG (nnet3-latgen-faster[5.5.1074~1-71f3]:DecodeUtteranceLatticeFaster():decoder-wrappers.cc:375) Log-like per frame for utterance MC01_337 is 0.338602 over 352 frames.
MC01_342 muulxai illaadawan mutxtxaalx 
LOG (nnet3-latgen-faster[5.5.1074~1-71f3]:DecodeUtteranceLatticeFaster():decoder-wrappers.cc:375) Log-like per frame for utterance MC01_342 is 0.276779 over 477 frames.
MC01_355 jadxai pinni weesxam poodxeu 
LOG (nnet3-latgen-faster[5.5.1074~1-71f3]:DecodeUtteranceLatticeFaster():decoder-wrappers.cc:375) Log-like per frame for utterance MC01_355 is 0.318426 over 375 frames.
MC01_357 janamee ndam balam 
LOG (nnet3-latgen-faster[5.5.1074~1-71f3]:DecodeUtteranceLatticeFaster():decoder-wrappers.cc:375) Log-like per frame for utterance MC01_357 is 0.297327 over 315 frames.
MC01_363 ndiinggalx sxeemamaaga irunggalx 
LOG (nnet3-latgen-faster[5.5.1074~1-71f3]:DecodeUtteranceLatticeFaster():decoder-wrappers.cc:375) Log-like per frame for utterance MC01_363 is 0.282896 over 515 frames.
MC01_38 pambaram suzhatxrxeu 
LOG (nnet3-latgen-faster[5.5.1074~1-71f3]:DecodeUtteranceLatticeFaster():decoder-wrappers.cc:375) Log-like per frame for utterance MC01_38 is 0.326478 over 225 frames.
MC01_44 onrxee kulam onrxee jaadi 
LOG (nnet3-latgen-faster[5.5.1074~1-71f3]:DecodeUtteranceLatticeFaster():decoder-wrappers.cc:375) Log-like per frame for utterance MC01_44 is 0.32322 over 403 frames.
MC01_53 inggeu tangguwadarxkeu ilawasam 
LOG (nnet3-latgen-faster[5.5.1074~1-71f3]:DecodeUtteranceLatticeFaster():decoder-wrappers.cc:375) Log-like per frame for utterance MC01_53 is 0.283856 over 376 frames.
MC01_55 makkalx mannarai waazhttinaargalx 
LOG (nnet3-latgen-faster[5.5.1074~1-71f3]:DecodeUtteranceLatticeFaster():decoder-wrappers.cc:375) Log-like per frame for utterance MC01_55 is 0.348173 over 360 frames.
MC01_62 ooywinrxi uzhai 
LOG (nnet3-latgen-faster[5.5.1074~1-71f3]:DecodeUtteranceLatticeFaster():decoder-wrappers.cc:375) Log-like per frame for utterance MC01_62 is 0.262569 over 252 frames.
MC01_68 kanddaiyaanaalum kasakkik katxtxeu 
LOG (nnet3-latgen-faster[5.5.1074~1-71f3]:DecodeUtteranceLatticeFaster():decoder-wrappers.cc:375) Log-like per frame for utterance MC01_68 is 0.329637 over 406 frames.
MC01_69 kuyil kuuwum 
LOG (nnet3-latgen-faster[5.5.1074~1-71f3]:DecodeUtteranceLatticeFaster():decoder-wrappers.cc:375) Log-like per frame for utterance MC01_69 is 0.291286 over 214 frames.
MC01_70 ndari uulxaiyidxum 
LOG (nnet3-latgen-faster[5.5.1074~1-71f3]:DecodeUtteranceLatticeFaster():decoder-wrappers.cc:375) Log-like per frame for utterance MC01_70 is 0.306419 over 208 frames.
MC01_75 alxaweukkeu minjjinaal amudamum wisxam 
LOG (nnet3-latgen-faster[5.5.1074~1-71f3]:DecodeUtteranceLatticeFaster():decoder-wrappers.cc:375) Log-like per frame for utterance MC01_75 is 0.361117 over 344 frames.
LOG (apply-cmvn[5.5.1074~1-71f3]:main():apply-cmvn.cc:162) Applied cepstral mean normalization to 66 utterances, errors on 0
MC01_76 ikkaraikkeu akkaraip paccai 
LOG (nnet3-latgen-faster[5.5.1074~1-71f3]:DecodeUtteranceLatticeFaster():decoder-wrappers.cc:375) Log-like per frame for utterance MC01_76 is 0.312394 over 289 frames.
MC01_79 tiiraakkoobam pooraay mudxiyum 
LOG (nnet3-latgen-faster[5.5.1074~1-71f3]:DecodeUtteranceLatticeFaster():decoder-wrappers.cc:375) Log-like per frame for utterance MC01_79 is 0.287265 over 426 frames.
MC01_83 aadxaiyil padxiwadeu karxai 
LOG (nnet3-latgen-faster[5.5.1074~1-71f3]:DecodeUtteranceLatticeFaster():decoder-wrappers.cc:375) Log-like per frame for utterance MC01_83 is 0.254742 over 343 frames.
MC01_98 accamillaadawan ambalam eerxuwaan 
LOG (nnet3-latgen-faster[5.5.1074~1-71f3]:DecodeUtteranceLatticeFaster():decoder-wrappers.cc:375) Log-like per frame for utterance MC01_98 is 0.367858 over 387 frames.
LOG (nnet3-latgen-faster[5.5.1074~1-71f3]:main():nnet3-latgen-faster.cc:256) Time taken 31.716s: real-time factor assuming 100 frames/sec is 0.151926
LOG (nnet3-latgen-faster[5.5.1074~1-71f3]:main():nnet3-latgen-faster.cc:259) Done 66 utterances, failed for 0
LOG (nnet3-latgen-faster[5.5.1074~1-71f3]:main():nnet3-latgen-faster.cc:261) Overall log-likelihood per frame is 0.287323 over 20876 frames.
LOG (nnet3-latgen-faster[5.5.1074~1-71f3]:~CachingOptimizingCompiler():nnet-optimize.cc:710) 0.45 seconds taken in nnet3 compilation total (breakdown: 0.0657 compilation, 0.295 optimization, 0 shortcut expansion, 0.0631 checking, 2.57e-05 computing indexes, 0.0268 misc.) + 0 I/O.
# Accounting: time=31 threads=1
# Ended (code 0) at Thu Aug  3 11:46:44 IST 2023, elapsed time 31 seconds
