# nnet3-latgen-faster --frames-per-chunk=50 --extra-left-context=0 --extra-right-context=0 --extra-left-context-initial=-1 --extra-right-context-final=-1 --minimize=false --max-active=7000 --min-active=200 --beam=15.0 --lattice-beam=8.0 --acoustic-scale=0.1 --allow-partial=true --word-symbol-table=exp_FG/LSTM/words.txt exp_FG/LSTM/final.mdl exp_FG/LSTM/HCLG.fst "ark,s,cs:apply-cmvn  --utt2spk=ark:data/test/split10/5/utt2spk scp:data/test/split10/5/cmvn.scp scp:data/test/split10/5/feats.scp ark:- |" "ark:|gzip -c >exp_FG/LSTM/decode/lat.5.gz" 
# Started at Thu Aug  3 11:46:13 IST 2023
#
nnet3-latgen-faster --frames-per-chunk=50 --extra-left-context=0 --extra-right-context=0 --extra-left-context-initial=-1 --extra-right-context-final=-1 --minimize=false --max-active=7000 --min-active=200 --beam=15.0 --lattice-beam=8.0 --acoustic-scale=0.1 --allow-partial=true --word-symbol-table=exp_FG/LSTM/words.txt exp_FG/LSTM/final.mdl exp_FG/LSTM/HCLG.fst 'ark,s,cs:apply-cmvn  --utt2spk=ark:data/test/split10/5/utt2spk scp:data/test/split10/5/cmvn.scp scp:data/test/split10/5/feats.scp ark:- |' 'ark:|gzip -c >exp_FG/LSTM/decode/lat.5.gz' 
LOG (nnet3-latgen-faster[5.5.1074~1-71f3]:RemoveOrphanNodes():nnet-nnet.cc:948) Removed 0 orphan nodes.
LOG (nnet3-latgen-faster[5.5.1074~1-71f3]:RemoveOrphanComponents():nnet-nnet.cc:847) Removing 0 orphan components.
apply-cmvn --utt2spk=ark:data/test/split10/5/utt2spk scp:data/test/split10/5/cmvn.scp scp:data/test/split10/5/feats.scp ark:- 
FC05_1 kadxawulxai wanxanggeu 
LOG (nnet3-latgen-faster[5.5.1074~1-71f3]:DecodeUtteranceLatticeFaster():decoder-wrappers.cc:375) Log-like per frame for utterance FC05_1 is 0.316083 over 241 frames.
FC05_100 mazhai mugam kaanxaada payirxeu uruppadxaadeu 
LOG (nnet3-latgen-faster[5.5.1074~1-71f3]:DecodeUtteranceLatticeFaster():decoder-wrappers.cc:375) Log-like per frame for utterance FC05_100 is 0.414285 over 462 frames.
FC05_101 patxtxaam puucci pidxi 
LOG (nnet3-latgen-faster[5.5.1074~1-71f3]:DecodeUtteranceLatticeFaster():decoder-wrappers.cc:375) Log-like per frame for utterance FC05_101 is 0.34264 over 278 frames.
FC05_105 manam tirxanddeu peeseu 
LOG (nnet3-latgen-faster[5.5.1074~1-71f3]:DecodeUtteranceLatticeFaster():decoder-wrappers.cc:375) Log-like per frame for utterance FC05_105 is 0.302144 over 288 frames.
FC05_109 jagam 
LOG (nnet3-latgen-faster[5.5.1074~1-71f3]:DecodeUtteranceLatticeFaster():decoder-wrappers.cc:375) Log-like per frame for utterance FC05_109 is 0.253945 over 146 frames.
FC05_111 pusxpam 
LOG (nnet3-latgen-faster[5.5.1074~1-71f3]:DecodeUtteranceLatticeFaster():decoder-wrappers.cc:375) Log-like per frame for utterance FC05_111 is 0.230942 over 198 frames.
FC05_116 kanxidam 
LOG (nnet3-latgen-faster[5.5.1074~1-71f3]:DecodeUtteranceLatticeFaster():decoder-wrappers.cc:375) Log-like per frame for utterance FC05_116 is 0.247876 over 164 frames.
FC05_120 bayam 
LOG (nnet3-latgen-faster[5.5.1074~1-71f3]:DecodeUtteranceLatticeFaster():decoder-wrappers.cc:375) Log-like per frame for utterance FC05_120 is 0.229364 over 145 frames.
FC05_122 parambarai 
LOG (nnet3-latgen-faster[5.5.1074~1-71f3]:DecodeUtteranceLatticeFaster():decoder-wrappers.cc:375) Log-like per frame for utterance FC05_122 is 0.286791 over 153 frames.
FC05_130 saram 
LOG (nnet3-latgen-faster[5.5.1074~1-71f3]:DecodeUtteranceLatticeFaster():decoder-wrappers.cc:375) Log-like per frame for utterance FC05_130 is 0.250544 over 123 frames.
FC05_135 katxtxam 
LOG (nnet3-latgen-faster[5.5.1074~1-71f3]:DecodeUtteranceLatticeFaster():decoder-wrappers.cc:375) Log-like per frame for utterance FC05_135 is 0.206829 over 153 frames.
FC05_136 padakkam 
LOG (nnet3-latgen-faster[5.5.1074~1-71f3]:DecodeUtteranceLatticeFaster():decoder-wrappers.cc:375) Log-like per frame for utterance FC05_136 is 0.249726 over 179 frames.
FC05_158 padxam 
LOG (nnet3-latgen-faster[5.5.1074~1-71f3]:DecodeUtteranceLatticeFaster():decoder-wrappers.cc:375) Log-like per frame for utterance FC05_158 is 0.228505 over 111 frames.
FC05_167 patxtxeu 
LOG (nnet3-latgen-faster[5.5.1074~1-71f3]:DecodeUtteranceLatticeFaster():decoder-wrappers.cc:375) Log-like per frame for utterance FC05_167 is 0.104555 over 138 frames.
FC05_173 sanggeu 
LOG (nnet3-latgen-faster[5.5.1074~1-71f3]:DecodeUtteranceLatticeFaster():decoder-wrappers.cc:375) Log-like per frame for utterance FC05_173 is 0.262448 over 138 frames.
FC05_184 kanx 
LOG (nnet3-latgen-faster[5.5.1074~1-71f3]:DecodeUtteranceLatticeFaster():decoder-wrappers.cc:375) Log-like per frame for utterance FC05_184 is 0.207662 over 119 frames.
FC05_194 ndunggeu 
LOG (nnet3-latgen-faster[5.5.1074~1-71f3]:DecodeUtteranceLatticeFaster():decoder-wrappers.cc:375) Log-like per frame for utterance FC05_194 is 0.279997 over 142 frames.
FC05_199 harisxtxam 
LOG (nnet3-latgen-faster[5.5.1074~1-71f3]:DecodeUtteranceLatticeFaster():decoder-wrappers.cc:375) Log-like per frame for utterance FC05_199 is 0.293079 over 138 frames.
FC05_2 anbee kadxawulx 
LOG (nnet3-latgen-faster[5.5.1074~1-71f3]:DecodeUtteranceLatticeFaster():decoder-wrappers.cc:375) Log-like per frame for utterance FC05_2 is 0.277319 over 280 frames.
FC05_202 haasanam 
LOG (nnet3-latgen-faster[5.5.1074~1-71f3]:DecodeUtteranceLatticeFaster():decoder-wrappers.cc:375) Log-like per frame for utterance FC05_202 is 0.33743 over 142 frames.
FC05_215 anaittum adxanggiya toguppeu 
LOG (nnet3-latgen-faster[5.5.1074~1-71f3]:DecodeUtteranceLatticeFaster():decoder-wrappers.cc:375) Log-like per frame for utterance FC05_215 is 0.365166 over 352 frames.
FC05_221 kalwi amaiccar palxlxi wanddaar 
LOG (nnet3-latgen-faster[5.5.1074~1-71f3]:DecodeUtteranceLatticeFaster():decoder-wrappers.cc:375) Log-like per frame for utterance FC05_221 is 0.321746 over 389 frames.
FC05_222 kanxnxeukkeu mai azhageu 
LOG (nnet3-latgen-faster[5.5.1074~1-71f3]:DecodeUtteranceLatticeFaster():decoder-wrappers.cc:375) Log-like per frame for utterance FC05_222 is 0.274651 over 358 frames.
FC05_228 raamar aajar aanaar 
LOG (nnet3-latgen-faster[5.5.1074~1-71f3]:DecodeUtteranceLatticeFaster():decoder-wrappers.cc:375) Log-like per frame for utterance FC05_228 is 0.312728 over 340 frames.
FC05_229 pirxarai igazhaadee 
LOG (nnet3-latgen-faster[5.5.1074~1-71f3]:DecodeUtteranceLatticeFaster():decoder-wrappers.cc:375) Log-like per frame for utterance FC05_229 is 0.331645 over 284 frames.
FC05_230 anggee inggee paarkkaadee 
LOG (nnet3-latgen-faster[5.5.1074~1-71f3]:DecodeUtteranceLatticeFaster():decoder-wrappers.cc:375) Log-like per frame for utterance FC05_230 is 0.366551 over 371 frames.
FC05_232 kaigalxai inxai 
LOG (nnet3-latgen-faster[5.5.1074~1-71f3]:DecodeUtteranceLatticeFaster():decoder-wrappers.cc:375) Log-like per frame for utterance FC05_232 is 0.21632 over 327 frames.
FC05_236 kaayccaleukkeu suudxeu kanjji sirxanddadeu 
LOG (nnet3-latgen-faster[5.5.1074~1-71f3]:DecodeUtteranceLatticeFaster():decoder-wrappers.cc:375) Log-like per frame for utterance FC05_236 is 0.357012 over 451 frames.
FC05_241 inrxeu usxnxam adigam 
LOG (nnet3-latgen-faster[5.5.1074~1-71f3]:DecodeUtteranceLatticeFaster():decoder-wrappers.cc:375) Log-like per frame for utterance FC05_241 is 0.28083 over 309 frames.
FC05_243 tolaikkaatxci oreu uudxagam 
LOG (nnet3-latgen-faster[5.5.1074~1-71f3]:DecodeUtteranceLatticeFaster():decoder-wrappers.cc:375) Log-like per frame for utterance FC05_243 is 0.286757 over 427 frames.
FC05_25 tanggattin wilai uyarnddadeu 
LOG (nnet3-latgen-faster[5.5.1074~1-71f3]:DecodeUtteranceLatticeFaster():decoder-wrappers.cc:375) Log-like per frame for utterance FC05_25 is 0.322755 over 335 frames.
FC05_251 kanrxeu unxaweukkeu eenggum 
LOG (nnet3-latgen-faster[5.5.1074~1-71f3]:DecodeUtteranceLatticeFaster():decoder-wrappers.cc:375) Log-like per frame for utterance FC05_251 is 0.289945 over 377 frames.
FC05_253 eepral maada mazhai 
LOG (nnet3-latgen-faster[5.5.1074~1-71f3]:DecodeUtteranceLatticeFaster():decoder-wrappers.cc:375) Log-like per frame for utterance FC05_253 is 0.339402 over 259 frames.
FC05_260 otxtxagam oreu wilanggeu 
LOG (nnet3-latgen-faster[5.5.1074~1-71f3]:DecodeUtteranceLatticeFaster():decoder-wrappers.cc:375) Log-like per frame for utterance FC05_260 is 0.331965 over 291 frames.
FC05_267 awasara oli ezhuppeu 
LOG (nnet3-latgen-faster[5.5.1074~1-71f3]:DecodeUtteranceLatticeFaster():decoder-wrappers.cc:375) Log-like per frame for utterance FC05_267 is 0.318091 over 353 frames.
FC05_27 padxitteup patxtxam perxeu 
LOG (nnet3-latgen-faster[5.5.1074~1-71f3]:DecodeUtteranceLatticeFaster():decoder-wrappers.cc:375) Log-like per frame for utterance FC05_27 is 0.298157 over 375 frames.
FC05_273 oolaiccuwadxi padxi 
LOG (nnet3-latgen-faster[5.5.1074~1-71f3]:DecodeUtteranceLatticeFaster():decoder-wrappers.cc:375) Log-like per frame for utterance FC05_273 is 0.326138 over 274 frames.
FC05_282 ndaay kuzhi toonxdxiyadeu 
LOG (nnet3-latgen-faster[5.5.1074~1-71f3]:DecodeUtteranceLatticeFaster():decoder-wrappers.cc:375) Log-like per frame for utterance FC05_282 is 0.3096 over 313 frames.
FC05_287 teruwil koosxam ezhuppaadee 
LOG (nnet3-latgen-faster[5.5.1074~1-71f3]:DecodeUtteranceLatticeFaster():decoder-wrappers.cc:375) Log-like per frame for utterance FC05_287 is 0.31676 over 426 frames.
FC05_290 samiibamaaga mazhai peydadeu 
LOG (nnet3-latgen-faster[5.5.1074~1-71f3]:DecodeUtteranceLatticeFaster():decoder-wrappers.cc:375) Log-like per frame for utterance FC05_290 is 0.326596 over 423 frames.
FC05_293 guruwai sisxyan wanxangginaan 
LOG (nnet3-latgen-faster[5.5.1074~1-71f3]:DecodeUtteranceLatticeFaster():decoder-wrappers.cc:375) Log-like per frame for utterance FC05_293 is 0.32727 over 348 frames.
FC05_301 seewalin kuuwalil pozhudeu widxiyum 
LOG (nnet3-latgen-faster[5.5.1074~1-71f3]:DecodeUtteranceLatticeFaster():decoder-wrappers.cc:375) Log-like per frame for utterance FC05_301 is 0.382981 over 421 frames.
FC05_303 njaayirxeu widxumurxai kadxai adxaippeu 
LOG (nnet3-latgen-faster[5.5.1074~1-71f3]:DecodeUtteranceLatticeFaster():decoder-wrappers.cc:375) Log-like per frame for utterance FC05_303 is 0.342153 over 470 frames.
FC05_306 tii muutxtxi tii wibatteu ndadxanddadeu 
LOG (nnet3-latgen-faster[5.5.1074~1-71f3]:DecodeUtteranceLatticeFaster():decoder-wrappers.cc:375) Log-like per frame for utterance FC05_306 is 0.419047 over 372 frames.
FC05_316 ndacceup pugai oosoonai baadikkum 
LOG (nnet3-latgen-faster[5.5.1074~1-71f3]:DecodeUtteranceLatticeFaster():decoder-wrappers.cc:375) Log-like per frame for utterance FC05_316 is 0.443869 over 355 frames.
FC05_324 panjjaayatteu wazhakkeu mudxiweukkeu wanddadeu 
LOG (nnet3-latgen-faster[5.5.1074~1-71f3]:DecodeUtteranceLatticeFaster():decoder-wrappers.cc:375) Log-like per frame for utterance FC05_324 is 0.401792 over 355 frames.
FC05_327 kaalai bajanai migawum pirabalam 
LOG (nnet3-latgen-faster[5.5.1074~1-71f3]:DecodeUtteranceLatticeFaster():decoder-wrappers.cc:375) Log-like per frame for utterance FC05_327 is 0.335514 over 369 frames.
FC05_328 indda raajaa endda baasxai peesinaar 
LOG (nnet3-latgen-faster[5.5.1074~1-71f3]:DecodeUtteranceLatticeFaster():decoder-wrappers.cc:375) Log-like per frame for utterance FC05_328 is 0.366352 over 391 frames.
FC05_333 pon porulx paartteu pazhagaadee 
LOG (nnet3-latgen-faster[5.5.1074~1-71f3]:DecodeUtteranceLatticeFaster():decoder-wrappers.cc:375) Log-like per frame for utterance FC05_333 is 0.340687 over 444 frames.
FC05_340 maarc maadattil mahaawiir jeyanddi 
LOG (nnet3-latgen-faster[5.5.1074~1-71f3]:DecodeUtteranceLatticeFaster():decoder-wrappers.cc:375) Log-like per frame for utterance FC05_340 is 0.383412 over 395 frames.
FC05_341 miin kanxnxeukkeu ndalladeu 
LOG (nnet3-latgen-faster[5.5.1074~1-71f3]:DecodeUtteranceLatticeFaster():decoder-wrappers.cc:375) Log-like per frame for utterance FC05_341 is 0.331504 over 302 frames.
FC05_346 makkalx raajjiyam weenxdxum 
LOG (nnet3-latgen-faster[5.5.1074~1-71f3]:DecodeUtteranceLatticeFaster():decoder-wrappers.cc:375) Log-like per frame for utterance FC05_346 is 0.321072 over 333 frames.
FC05_352 wiitxtxil wiseesxam unxdxeu 
LOG (nnet3-latgen-faster[5.5.1074~1-71f3]:DecodeUtteranceLatticeFaster():decoder-wrappers.cc:375) Log-like per frame for utterance FC05_352 is 0.326119 over 342 frames.
FC05_364 togudi hetx sanddippeu 
LOG (nnet3-latgen-faster[5.5.1074~1-71f3]:DecodeUtteranceLatticeFaster():decoder-wrappers.cc:375) Log-like per frame for utterance FC05_364 is 0.270443 over 289 frames.
FC05_40 paagam kurxi 
LOG (nnet3-latgen-faster[5.5.1074~1-71f3]:DecodeUtteranceLatticeFaster():decoder-wrappers.cc:375) Log-like per frame for utterance FC05_40 is 0.24895 over 262 frames.
FC05_44 onrxee kulam onrxee jaadi 
LOG (nnet3-latgen-faster[5.5.1074~1-71f3]:DecodeUtteranceLatticeFaster():decoder-wrappers.cc:375) Log-like per frame for utterance FC05_44 is 0.343424 over 340 frames.
FC05_45 jagattinai azhittidxuwoom 
LOG (nnet3-latgen-faster[5.5.1074~1-71f3]:DecodeUtteranceLatticeFaster():decoder-wrappers.cc:375) Log-like per frame for utterance FC05_45 is 0.386056 over 315 frames.
FC05_65 ilxamaiyil kal 
LOG (nnet3-latgen-faster[5.5.1074~1-71f3]:DecodeUtteranceLatticeFaster():decoder-wrappers.cc:375) Log-like per frame for utterance FC05_65 is 0.262139 over 253 frames.
FC05_70 ndari uulxaiyidxum 
LOG (nnet3-latgen-faster[5.5.1074~1-71f3]:DecodeUtteranceLatticeFaster():decoder-wrappers.cc:375) Log-like per frame for utterance FC05_70 is 0.374912 over 229 frames.
FC05_71 sittiramum kaip pazhakkam 
LOG (nnet3-latgen-faster[5.5.1074~1-71f3]:DecodeUtteranceLatticeFaster():decoder-wrappers.cc:375) Log-like per frame for utterance FC05_71 is 0.357323 over 280 frames.
FC05_74 aatxrxil pootxtxaalum alxanddeu poodxeu 
LOG (nnet3-latgen-faster[5.5.1074~1-71f3]:DecodeUtteranceLatticeFaster():decoder-wrappers.cc:375) Log-like per frame for utterance FC05_74 is 0.336923 over 427 frames.
FC05_77 kuudxi waazhnddaal koodxi ndanmai 
LOG (nnet3-latgen-faster[5.5.1074~1-71f3]:DecodeUtteranceLatticeFaster():decoder-wrappers.cc:375) Log-like per frame for utterance FC05_77 is 0.358219 over 349 frames.
FC05_80 adxuppil erxiwadeu kari 
LOG (nnet3-latgen-faster[5.5.1074~1-71f3]:DecodeUtteranceLatticeFaster():decoder-wrappers.cc:375) Log-like per frame for utterance FC05_80 is 0.346349 over 320 frames.
FC05_81 ammaa samaippadeu karxi 
LOG (nnet3-latgen-faster[5.5.1074~1-71f3]:DecodeUtteranceLatticeFaster():decoder-wrappers.cc:375) Log-like per frame for utterance FC05_81 is 0.367531 over 327 frames.
FC05_88 yaadum uuree yaawarum keelxir 
LOG (nnet3-latgen-faster[5.5.1074~1-71f3]:DecodeUtteranceLatticeFaster():decoder-wrappers.cc:375) Log-like per frame for utterance FC05_88 is 0.340276 over 543 frames.
FC05_89 tiidum ndanrxum pirxar tara waaraa 
LOG (nnet3-latgen-faster[5.5.1074~1-71f3]:DecodeUtteranceLatticeFaster():decoder-wrappers.cc:375) Log-like per frame for utterance FC05_89 is 0.333976 over 414 frames.
LOG (apply-cmvn[5.5.1074~1-71f3]:main():apply-cmvn.cc:162) Applied cepstral mean normalization to 70 utterances, errors on 0
FC05_91 ndooyatxrxa waazhwee kurxaiwatxrxa selwam 
LOG (nnet3-latgen-faster[5.5.1074~1-71f3]:DecodeUtteranceLatticeFaster():decoder-wrappers.cc:375) Log-like per frame for utterance FC05_91 is 0.368242 over 427 frames.
FC05_93 kaatxrxulxlxa poodee tuutxrxikkolx 
LOG (nnet3-latgen-faster[5.5.1074~1-71f3]:DecodeUtteranceLatticeFaster():decoder-wrappers.cc:375) Log-like per frame for utterance FC05_93 is 0.35283 over 349 frames.
FC05_97 patxtxaam puucci 
LOG (nnet3-latgen-faster[5.5.1074~1-71f3]:DecodeUtteranceLatticeFaster():decoder-wrappers.cc:375) Log-like per frame for utterance FC05_97 is 0.301606 over 214 frames.
FC05_98 accamillaadawan ambalam eerxuwaan 
LOG (nnet3-latgen-faster[5.5.1074~1-71f3]:DecodeUtteranceLatticeFaster():decoder-wrappers.cc:375) Log-like per frame for utterance FC05_98 is 0.386065 over 375 frames.
LOG (nnet3-latgen-faster[5.5.1074~1-71f3]:main():nnet3-latgen-faster.cc:256) Time taken 28.7935s: real-time factor assuming 100 frames/sec is 0.134663
LOG (nnet3-latgen-faster[5.5.1074~1-71f3]:main():nnet3-latgen-faster.cc:259) Done 70 utterances, failed for 0
LOG (nnet3-latgen-faster[5.5.1074~1-71f3]:main():nnet3-latgen-faster.cc:261) Overall log-likelihood per frame is 0.327656 over 21382 frames.
LOG (nnet3-latgen-faster[5.5.1074~1-71f3]:~CachingOptimizingCompiler():nnet-optimize.cc:710) 0.517 seconds taken in nnet3 compilation total (breakdown: 0.0775 compilation, 0.337 optimization, 0 shortcut expansion, 0.0708 checking, 3.43e-05 computing indexes, 0.0322 misc.) + 0 I/O.
# Accounting: time=29 threads=1
# Ended (code 0) at Thu Aug  3 11:46:42 IST 2023, elapsed time 29 seconds
