# lattice-depth-per-frame "ark:gunzip -c exp_FG/LSTM/decode/lat.7.gz|" "ark,t:|gzip -c > exp_FG/LSTM/decode/depth_tmp.7.gz" ark:- | lattice-best-path --acoustic-scale=0.1 ark:- ark:/dev/null "ark,t:|gzip -c >exp_FG/LSTM/decode/ali_tmp.7.gz" 
# Started at Thu Aug  3 11:46:47 IST 2023
#
lattice-depth-per-frame 'ark:gunzip -c exp_FG/LSTM/decode/lat.7.gz|' 'ark,t:|gzip -c > exp_FG/LSTM/decode/depth_tmp.7.gz' ark:- 
lattice-best-path --acoustic-scale=0.1 ark:- ark:/dev/null 'ark,t:|gzip -c >exp_FG/LSTM/decode/ali_tmp.7.gz' 
LOG (lattice-best-path[5.5.1074~1-71f3]:main():lattice-best-path.cc:99) For utterance MC02_110, best cost 14.6741 + -49.0792 = -34.4051 over 210 frames.
LOG (lattice-best-path[5.5.1074~1-71f3]:main():lattice-best-path.cc:99) For utterance MC02_114, best cost 14.9097 + -67.3316 = -52.4219 over 206 frames.
LOG (lattice-best-path[5.5.1074~1-71f3]:main():lattice-best-path.cc:99) For utterance MC02_116, best cost 13.758 + -55.9403 = -42.1824 over 185 frames.
LOG (lattice-best-path[5.5.1074~1-71f3]:main():lattice-best-path.cc:99) For utterance MC02_118, best cost 13.0245 + -46.7232 = -33.6986 over 178 frames.
LOG (lattice-best-path[5.5.1074~1-71f3]:main():lattice-best-path.cc:99) For utterance MC02_121, best cost 14.0597 + -54.636 = -40.5763 over 188 frames.
LOG (lattice-best-path[5.5.1074~1-71f3]:main():lattice-best-path.cc:99) For utterance MC02_123, best cost 14.0452 + -39.9722 = -25.9271 over 188 frames.
LOG (lattice-best-path[5.5.1074~1-71f3]:main():lattice-best-path.cc:99) For utterance MC02_128, best cost 13.234 + -52.5098 = -39.2758 over 181 frames.
LOG (lattice-best-path[5.5.1074~1-71f3]:main():lattice-best-path.cc:99) For utterance MC02_129, best cost 12.6574 + -38.3841 = -25.7267 over 156 frames.
LOG (lattice-best-path[5.5.1074~1-71f3]:main():lattice-best-path.cc:99) For utterance MC02_13, best cost 25.126 + -113.034 = -87.9084 over 417 frames.
LOG (lattice-best-path[5.5.1074~1-71f3]:main():lattice-best-path.cc:99) For utterance MC02_131, best cost 13.4696 + -50.6996 = -37.2299 over 174 frames.
LOG (lattice-best-path[5.5.1074~1-71f3]:main():lattice-best-path.cc:99) For utterance MC02_138, best cost 12.0616 + -54.3927 = -42.3311 over 174 frames.
LOG (lattice-best-path[5.5.1074~1-71f3]:main():lattice-best-path.cc:99) For utterance MC02_144, best cost 13.2677 + -48.1274 = -34.8597 over 170 frames.
LOG (lattice-best-path[5.5.1074~1-71f3]:main():lattice-best-path.cc:99) For utterance MC02_148, best cost 13.1901 + -67.1766 = -53.9864 over 192 frames.
LOG (lattice-best-path[5.5.1074~1-71f3]:main():lattice-best-path.cc:99) For utterance MC02_151, best cost 13.3654 + -47.2282 = -33.8628 over 181 frames.
LOG (lattice-best-path[5.5.1074~1-71f3]:main():lattice-best-path.cc:99) For utterance MC02_152, best cost 14.3869 + -78.8494 = -64.4626 over 199 frames.
LOG (lattice-best-path[5.5.1074~1-71f3]:main():lattice-best-path.cc:99) For utterance MC02_160, best cost 12.511 + -41.8114 = -29.3005 over 149 frames.
LOG (lattice-best-path[5.5.1074~1-71f3]:main():lattice-best-path.cc:99) For utterance MC02_171, best cost 13.1773 + -53.2156 = -40.0382 over 163 frames.
LOG (lattice-best-path[5.5.1074~1-71f3]:main():lattice-best-path.cc:99) For utterance MC02_175, best cost 14.2337 + -45.094 = -30.8603 over 156 frames.
LOG (lattice-best-path[5.5.1074~1-71f3]:main():lattice-best-path.cc:99) For utterance MC02_178, best cost 12.9586 + -61.4193 = -48.4608 over 185 frames.
LOG (lattice-best-path[5.5.1074~1-71f3]:main():lattice-best-path.cc:99) For utterance MC02_18, best cost 22.1355 + -128.766 = -106.63 over 304 frames.
LOG (lattice-best-path[5.5.1074~1-71f3]:main():lattice-best-path.cc:99) For utterance MC02_184, best cost 11.8092 + -34.9919 = -23.1827 over 174 frames.
LOG (lattice-best-path[5.5.1074~1-71f3]:main():lattice-best-path.cc:99) For utterance MC02_185, best cost 12.2644 + -42.1465 = -29.8821 over 132 frames.
LOG (lattice-best-path[5.5.1074~1-71f3]:main():lattice-best-path.cc:99) For utterance MC02_187, best cost 13.1635 + -46.0345 = -32.871 over 177 frames.
LOG (lattice-best-path[5.5.1074~1-71f3]:main():lattice-best-path.cc:99) For utterance MC02_190, best cost 13.5688 + -50.4109 = -36.8421 over 159 frames.
LOG (lattice-best-path[5.5.1074~1-71f3]:main():lattice-best-path.cc:99) For utterance MC02_193, best cost 11.7759 + -39.7418 = -27.9658 over 149 frames.
LOG (lattice-best-path[5.5.1074~1-71f3]:main():lattice-best-path.cc:99) For utterance MC02_195, best cost 12.5531 + -56.2789 = -43.7259 over 174 frames.
LOG (lattice-best-path[5.5.1074~1-71f3]:main():lattice-best-path.cc:99) For utterance MC02_2, best cost 17.2668 + -84.6821 = -67.4153 over 301 frames.
LOG (lattice-best-path[5.5.1074~1-71f3]:main():lattice-best-path.cc:99) For utterance MC02_202, best cost 13.8754 + -58.0551 = -44.1797 over 185 frames.
LOG (lattice-best-path[5.5.1074~1-71f3]:main():lattice-best-path.cc:99) For utterance MC02_207, best cost 12.5155 + -41.929 = -29.4136 over 138 frames.
LOG (lattice-best-path[5.5.1074~1-71f3]:main():lattice-best-path.cc:99) For utterance MC02_209, best cost 13.7567 + -51.4411 = -37.6844 over 170 frames.
LOG (lattice-best-path[5.5.1074~1-71f3]:main():lattice-best-path.cc:99) For utterance MC02_212, best cost 17.0171 + -85.6472 = -68.6301 over 217 frames.
LOG (lattice-best-path[5.5.1074~1-71f3]:main():lattice-best-path.cc:99) For utterance MC02_233, best cost 21.1251 + -79.5704 = -58.4453 over 269 frames.
LOG (lattice-best-path[5.5.1074~1-71f3]:main():lattice-best-path.cc:99) For utterance MC02_241, best cost 21.0511 + -114.756 = -93.7052 over 314 frames.
LOG (lattice-best-path[5.5.1074~1-71f3]:main():lattice-best-path.cc:99) For utterance MC02_245, best cost 22.0268 + -112.047 = -90.0204 over 288 frames.
LOG (lattice-best-path[5.5.1074~1-71f3]:main():lattice-best-path.cc:99) For utterance MC02_249, best cost 23.4779 + -153.634 = -130.156 over 288 frames.
LOG (lattice-best-path[5.5.1074~1-71f3]:main():lattice-best-path.cc:99) For utterance MC02_25, best cost 23.2395 + -129.456 = -106.217 over 320 frames.
LOG (lattice-best-path[5.5.1074~1-71f3]:main():lattice-best-path.cc:99) For utterance MC02_250, best cost 25.2877 + -141.102 = -115.814 over 330 frames.
LOG (lattice-best-path[5.5.1074~1-71f3]:main():lattice-best-path.cc:99) For utterance MC02_258, best cost 15.9359 + -67.7825 = -51.8467 over 217 frames.
LOG (lattice-best-path[5.5.1074~1-71f3]:main():lattice-best-path.cc:99) For utterance MC02_277, best cost 25.0161 + -133.674 = -108.658 over 311 frames.
LOG (lattice-best-path[5.5.1074~1-71f3]:main():lattice-best-path.cc:99) For utterance MC02_28, best cost 21.6691 + -94.9288 = -73.2597 over 298 frames.
LOG (lattice-best-path[5.5.1074~1-71f3]:main():lattice-best-path.cc:99) For utterance MC02_285, best cost 22.4816 + -136.3 = -113.818 over 298 frames.
LOG (lattice-best-path[5.5.1074~1-71f3]:main():lattice-best-path.cc:99) For utterance MC02_289, best cost 23.6902 + -134.975 = -111.285 over 307 frames.
LOG (lattice-best-path[5.5.1074~1-71f3]:main():lattice-best-path.cc:99) For utterance MC02_296, best cost 27.78 + -152.288 = -124.508 over 368 frames.
LOG (lattice-depth-per-frame[5.5.1074~1-71f3]:main():lattice-depth-per-frame.cc:82) Done 76 lattices.
LOG (lattice-best-path[5.5.1074~1-71f3]:main():lattice-best-path.cc:99) For utterance MC02_300, best cost 26.0782 + -130.423 = -104.344 over 338 frames.
LOG (lattice-best-path[5.5.1074~1-71f3]:main():lattice-best-path.cc:99) For utterance MC02_303, best cost 23.8521 + -133.272 = -109.42 over 300 frames.
LOG (lattice-best-path[5.5.1074~1-71f3]:main():lattice-best-path.cc:99) For utterance MC02_308, best cost 21.3064 + -118.583 = -97.2767 over 311 frames.
LOG (lattice-best-path[5.5.1074~1-71f3]:main():lattice-best-path.cc:99) For utterance MC02_312, best cost 28.7282 + -158.036 = -129.307 over 373 frames.
LOG (lattice-best-path[5.5.1074~1-71f3]:main():lattice-best-path.cc:99) For utterance MC02_314, best cost 22.5912 + -132.039 = -109.448 over 289 frames.
LOG (lattice-best-path[5.5.1074~1-71f3]:main():lattice-best-path.cc:99) For utterance MC02_318, best cost 22.1007 + -130.171 = -108.071 over 291 frames.
LOG (lattice-best-path[5.5.1074~1-71f3]:main():lattice-best-path.cc:99) For utterance MC02_320, best cost 20.7407 + -100.828 = -80.0869 over 270 frames.
LOG (lattice-best-path[5.5.1074~1-71f3]:main():lattice-best-path.cc:99) For utterance MC02_330, best cost 25.7132 + -144.92 = -119.207 over 392 frames.
LOG (lattice-best-path[5.5.1074~1-71f3]:main():lattice-best-path.cc:99) For utterance MC02_333, best cost 24.045 + -110.066 = -86.0215 over 356 frames.
LOG (lattice-best-path[5.5.1074~1-71f3]:main():lattice-best-path.cc:99) For utterance MC02_334, best cost 23.5102 + -104.646 = -81.1354 over 319 frames.
LOG (lattice-best-path[5.5.1074~1-71f3]:main():lattice-best-path.cc:99) For utterance MC02_335, best cost 20.4775 + -129.413 = -108.936 over 302 frames.
LOG (lattice-best-path[5.5.1074~1-71f3]:main():lattice-best-path.cc:99) For utterance MC02_337, best cost 22.4055 + -132.629 = -110.224 over 305 frames.
LOG (lattice-best-path[5.5.1074~1-71f3]:main():lattice-best-path.cc:99) For utterance MC02_343, best cost 26.2227 + -154.018 = -127.795 over 346 frames.
LOG (lattice-best-path[5.5.1074~1-71f3]:main():lattice-best-path.cc:99) For utterance MC02_345, best cost 24.6948 + -139.732 = -115.037 over 344 frames.
LOG (lattice-best-path[5.5.1074~1-71f3]:main():lattice-best-path.cc:99) For utterance MC02_348, best cost 22.1784 + -105.357 = -83.179 over 305 frames.
LOG (lattice-best-path[5.5.1074~1-71f3]:main():lattice-best-path.cc:99) For utterance MC02_352, best cost 23.203 + -149.649 = -126.446 over 400 frames.
LOG (lattice-best-path[5.5.1074~1-71f3]:main():lattice-best-path.cc:99) For utterance MC02_357, best cost 19.8895 + -95.5192 = -75.6297 over 267 frames.
LOG (lattice-best-path[5.5.1074~1-71f3]:main():lattice-best-path.cc:99) For utterance MC02_359, best cost 25.2209 + -129.284 = -104.063 over 321 frames.
LOG (lattice-best-path[5.5.1074~1-71f3]:main():lattice-best-path.cc:99) For utterance MC02_36, best cost 16.4134 + -73.4197 = -57.0063 over 216 frames.
LOG (lattice-best-path[5.5.1074~1-71f3]:main():lattice-best-path.cc:99) For utterance MC02_361, best cost 18.1459 + -107.403 = -89.2573 over 236 frames.
LOG (lattice-best-path[5.5.1074~1-71f3]:main():lattice-best-path.cc:99) For utterance MC02_37, best cost 31.452 + -82.0885 = -50.6364 over 228 frames.
LOG (lattice-best-path[5.5.1074~1-71f3]:main():lattice-best-path.cc:99) For utterance MC02_39, best cost 18.5149 + -96.9096 = -78.3946 over 297 frames.
LOG (lattice-best-path[5.5.1074~1-71f3]:main():lattice-best-path.cc:99) For utterance MC02_42, best cost 18.6851 + -101.518 = -82.8325 over 251 frames.
LOG (lattice-best-path[5.5.1074~1-71f3]:main():lattice-best-path.cc:99) For utterance MC02_47, best cost 16.3702 + -75.7386 = -59.3684 over 230 frames.
LOG (lattice-best-path[5.5.1074~1-71f3]:main():lattice-best-path.cc:99) For utterance MC02_50, best cost 18.1944 + -93.3827 = -75.1882 over 257 frames.
LOG (lattice-best-path[5.5.1074~1-71f3]:main():lattice-best-path.cc:99) For utterance MC02_53, best cost 24.3694 + -121.015 = -96.646 over 373 frames.
LOG (lattice-best-path[5.5.1074~1-71f3]:main():lattice-best-path.cc:99) For utterance MC02_55, best cost 24.6258 + -155.454 = -130.829 over 363 frames.
LOG (lattice-best-path[5.5.1074~1-71f3]:main():lattice-best-path.cc:99) For utterance MC02_65, best cost 17.3036 + -90.3826 = -73.0789 over 301 frames.
LOG (lattice-best-path[5.5.1074~1-71f3]:main():lattice-best-path.cc:99) For utterance MC02_73, best cost 30.7317 + -184.101 = -153.369 over 438 frames.
LOG (lattice-best-path[5.5.1074~1-71f3]:main():lattice-best-path.cc:99) For utterance MC02_76, best cost 24.3727 + -137.024 = -112.651 over 372 frames.
LOG (lattice-best-path[5.5.1074~1-71f3]:main():lattice-best-path.cc:99) For utterance MC02_79, best cost 23.9084 + -142.402 = -118.494 over 356 frames.
LOG (lattice-best-path[5.5.1074~1-71f3]:main():lattice-best-path.cc:99) For utterance MC02_87, best cost 23.3612 + -130.952 = -107.591 over 360 frames.
LOG (lattice-best-path[5.5.1074~1-71f3]:main():lattice-best-path.cc:99) For utterance MC02_98, best cost 25.7078 + -166.488 = -140.78 over 349 frames.
LOG (lattice-best-path[5.5.1074~1-71f3]:main():lattice-best-path.cc:124) Overall cost per frame is -0.291329 = 0.0734001 [graph] + -0.364729 [acoustic] over 19996 frames.
LOG (lattice-best-path[5.5.1074~1-71f3]:main():lattice-best-path.cc:128) Done 76 lattices, failed for 0
# Accounting: time=0 threads=1
# Ended (code 0) at Thu Aug  3 11:46:47 IST 2023, elapsed time 0 seconds
