# lattice-depth-per-frame "ark:gunzip -c exp_FG/LSTM/decode/lat.4.gz|" "ark,t:|gzip -c > exp_FG/LSTM/decode/depth_tmp.4.gz" ark:- | lattice-best-path --acoustic-scale=0.1 ark:- ark:/dev/null "ark,t:|gzip -c >exp_FG/LSTM/decode/ali_tmp.4.gz" 
# Started at Thu Aug  3 11:46:47 IST 2023
#
lattice-depth-per-frame 'ark:gunzip -c exp_FG/LSTM/decode/lat.4.gz|' 'ark,t:|gzip -c > exp_FG/LSTM/decode/depth_tmp.4.gz' ark:- 
lattice-best-path --acoustic-scale=0.1 ark:- ark:/dev/null 'ark,t:|gzip -c >exp_FG/LSTM/decode/ali_tmp.4.gz' 
LOG (lattice-best-path[5.5.1074~1-71f3]:main():lattice-best-path.cc:99) For utterance FC04_110, best cost 15.6849 + -91.154 = -75.4691 over 380 frames.
LOG (lattice-best-path[5.5.1074~1-71f3]:main():lattice-best-path.cc:99) For utterance FC04_113, best cost 13.3852 + -67.0341 = -53.649 over 264 frames.
LOG (lattice-best-path[5.5.1074~1-71f3]:main():lattice-best-path.cc:99) For utterance FC04_114, best cost 15.2891 + -102.414 = -87.1253 over 313 frames.
LOG (lattice-best-path[5.5.1074~1-71f3]:main():lattice-best-path.cc:99) For utterance FC04_119, best cost 13.3577 + -56.5483 = -43.1907 over 230 frames.
LOG (lattice-best-path[5.5.1074~1-71f3]:main():lattice-best-path.cc:99) For utterance FC04_121, best cost 14.3751 + -74.7548 = -60.3797 over 264 frames.
LOG (lattice-best-path[5.5.1074~1-71f3]:main():lattice-best-path.cc:99) For utterance FC04_134, best cost 12.5362 + -53.1239 = -40.5877 over 197 frames.
LOG (lattice-best-path[5.5.1074~1-71f3]:main():lattice-best-path.cc:99) For utterance FC04_142, best cost 13.035 + -52.4107 = -39.3757 over 197 frames.
LOG (lattice-best-path[5.5.1074~1-71f3]:main():lattice-best-path.cc:99) For utterance FC04_158, best cost 12.9186 + -52.0655 = -39.1469 over 197 frames.
LOG (lattice-best-path[5.5.1074~1-71f3]:main():lattice-best-path.cc:99) For utterance FC04_165, best cost 13.2443 + -62.7806 = -49.5363 over 197 frames.
LOG (lattice-best-path[5.5.1074~1-71f3]:main():lattice-best-path.cc:99) For utterance FC04_17, best cost 29.1213 + -196.618 = -167.496 over 487 frames.
LOG (lattice-best-path[5.5.1074~1-71f3]:main():lattice-best-path.cc:99) For utterance FC04_174, best cost 12.9322 + -59.5745 = -46.6423 over 197 frames.
LOG (lattice-best-path[5.5.1074~1-71f3]:main():lattice-best-path.cc:99) For utterance FC04_176, best cost 13.8712 + -65.7458 = -51.8746 over 272 frames.
LOG (lattice-best-path[5.5.1074~1-71f3]:main():lattice-best-path.cc:99) For utterance FC04_182, best cost 13.5674 + -60.0766 = -46.5092 over 189 frames.
LOG (lattice-best-path[5.5.1074~1-71f3]:main():lattice-best-path.cc:99) For utterance FC04_183, best cost 14.7508 + -76.258 = -61.5072 over 280 frames.
LOG (lattice-best-path[5.5.1074~1-71f3]:main():lattice-best-path.cc:99) For utterance FC04_185, best cost 13.4191 + -61.6441 = -48.225 over 222 frames.
LOG (lattice-best-path[5.5.1074~1-71f3]:main():lattice-best-path.cc:99) For utterance FC04_186, best cost 11.9857 + -54.0526 = -42.0669 over 205 frames.
LOG (lattice-best-path[5.5.1074~1-71f3]:main():lattice-best-path.cc:99) For utterance FC04_190, best cost 13.9552 + -67.1153 = -53.1602 over 214 frames.
LOG (lattice-best-path[5.5.1074~1-71f3]:main():lattice-best-path.cc:99) For utterance FC04_192, best cost 13.1241 + -64.2801 = -51.156 over 238 frames.
LOG (lattice-best-path[5.5.1074~1-71f3]:main():lattice-best-path.cc:99) For utterance FC04_195, best cost 12.875 + -58.1027 = -45.2277 over 263 frames.
LOG (lattice-best-path[5.5.1074~1-71f3]:main():lattice-best-path.cc:99) For utterance FC04_197, best cost 14.2156 + -76.6963 = -62.4806 over 288 frames.
LOG (lattice-best-path[5.5.1074~1-71f3]:main():lattice-best-path.cc:99) For utterance FC04_200, best cost 14.4138 + -71.9364 = -57.5226 over 313 frames.
LOG (lattice-best-path[5.5.1074~1-71f3]:main():lattice-best-path.cc:99) For utterance FC04_205, best cost 16.4068 + -105.927 = -89.5206 over 413 frames.
LOG (lattice-best-path[5.5.1074~1-71f3]:main():lattice-best-path.cc:99) For utterance FC04_208, best cost 12.5107 + -71.2188 = -58.7081 over 239 frames.
LOG (lattice-best-path[5.5.1074~1-71f3]:main():lattice-best-path.cc:99) For utterance FC04_215, best cost 25.3282 + -170.22 = -144.892 over 471 frames.
LOG (lattice-best-path[5.5.1074~1-71f3]:main():lattice-best-path.cc:99) For utterance FC04_217, best cost 24.5178 + -155.667 = -131.15 over 446 frames.
LOG (lattice-best-path[5.5.1074~1-71f3]:main():lattice-best-path.cc:99) For utterance FC04_219, best cost 27.2949 + -198.922 = -171.627 over 537 frames.
LOG (lattice-best-path[5.5.1074~1-71f3]:main():lattice-best-path.cc:99) For utterance FC04_222, best cost 22.3543 + -129.4 = -107.046 over 381 frames.
LOG (lattice-best-path[5.5.1074~1-71f3]:main():lattice-best-path.cc:99) For utterance FC04_234, best cost 26.0477 + -216.146 = -190.098 over 662 frames.
LOG (lattice-best-path[5.5.1074~1-71f3]:main():lattice-best-path.cc:99) For utterance FC04_238, best cost 17.6064 + -115.781 = -98.1747 over 436 frames.
LOG (lattice-best-path[5.5.1074~1-71f3]:main():lattice-best-path.cc:99) For utterance FC04_240, best cost 23.4147 + -146.575 = -123.161 over 397 frames.
LOG (lattice-best-path[5.5.1074~1-71f3]:main():lattice-best-path.cc:99) For utterance FC04_249, best cost 26.7349 + -191.661 = -164.926 over 456 frames.
LOG (lattice-best-path[5.5.1074~1-71f3]:main():lattice-best-path.cc:99) For utterance FC04_26, best cost 19.7767 + -116.014 = -96.2369 over 363 frames.
LOG (lattice-best-path[5.5.1074~1-71f3]:main():lattice-best-path.cc:99) For utterance FC04_262, best cost 24.6386 + -166.051 = -141.412 over 449 frames.
LOG (lattice-best-path[5.5.1074~1-71f3]:main():lattice-best-path.cc:99) For utterance FC04_265, best cost 21.6661 + -144.976 = -123.31 over 459 frames.
LOG (lattice-best-path[5.5.1074~1-71f3]:main():lattice-best-path.cc:99) For utterance FC04_268, best cost 31.6237 + -219.214 = -187.59 over 539 frames.
LOG (lattice-best-path[5.5.1074~1-71f3]:main():lattice-best-path.cc:99) For utterance FC04_280, best cost 26.6524 + -182.768 = -156.116 over 485 frames.
LOG (lattice-best-path[5.5.1074~1-71f3]:main():lattice-best-path.cc:99) For utterance FC04_288, best cost 33.02 + -256.467 = -223.447 over 613 frames.
LOG (lattice-best-path[5.5.1074~1-71f3]:main():lattice-best-path.cc:99) For utterance FC04_294, best cost 22.1336 + -136.997 = -114.864 over 362 frames.
LOG (lattice-best-path[5.5.1074~1-71f3]:main():lattice-best-path.cc:99) For utterance FC04_296, best cost 32.1294 + -213.793 = -181.664 over 497 frames.
LOG (lattice-best-path[5.5.1074~1-71f3]:main():lattice-best-path.cc:99) For utterance FC04_297, best cost 25.2868 + -173.631 = -148.345 over 391 frames.
LOG (lattice-best-path[5.5.1074~1-71f3]:main():lattice-best-path.cc:99) For utterance FC04_299, best cost 22.8792 + -149.291 = -126.412 over 381 frames.
LOG (lattice-best-path[5.5.1074~1-71f3]:main():lattice-best-path.cc:99) For utterance FC04_302, best cost 25.3651 + -175.838 = -150.473 over 423 frames.
LOG (lattice-best-path[5.5.1074~1-71f3]:main():lattice-best-path.cc:99) For utterance FC04_307, best cost 26.4113 + -164.402 = -137.99 over 443 frames.
LOG (lattice-best-path[5.5.1074~1-71f3]:main():lattice-best-path.cc:99) For utterance FC04_308, best cost 21.9088 + -145.972 = -124.064 over 388 frames.
LOG (lattice-best-path[5.5.1074~1-71f3]:main():lattice-best-path.cc:99) For utterance FC04_320, best cost 23.1081 + -167.333 = -144.225 over 369 frames.
LOG (lattice-best-path[5.5.1074~1-71f3]:main():lattice-best-path.cc:99) For utterance FC04_328, best cost 31.1546 + -218.959 = -187.805 over 578 frames.
LOG (lattice-best-path[5.5.1074~1-71f3]:main():lattice-best-path.cc:99) For utterance FC04_330, best cost 25.4565 + -166.043 = -140.587 over 510 frames.
LOG (lattice-best-path[5.5.1074~1-71f3]:main():lattice-best-path.cc:99) For utterance FC04_332, best cost 24.6421 + -164.126 = -139.484 over 430 frames.
LOG (lattice-depth-per-frame[5.5.1074~1-71f3]:main():lattice-depth-per-frame.cc:82) Done 70 lattices.
LOG (lattice-best-path[5.5.1074~1-71f3]:main():lattice-best-path.cc:99) For utterance FC04_336, best cost 23.971 + -174.859 = -150.888 over 439 frames.
LOG (lattice-best-path[5.5.1074~1-71f3]:main():lattice-best-path.cc:99) For utterance FC04_337, best cost 23.8479 + -179.387 = -155.539 over 478 frames.
LOG (lattice-best-path[5.5.1074~1-71f3]:main():lattice-best-path.cc:99) For utterance FC04_34, best cost 19.2254 + -113.014 = -93.7885 over 280 frames.
LOG (lattice-best-path[5.5.1074~1-71f3]:main():lattice-best-path.cc:99) For utterance FC04_341, best cost 22.1244 + -135.52 = -113.395 over 407 frames.
LOG (lattice-best-path[5.5.1074~1-71f3]:main():lattice-best-path.cc:99) For utterance FC04_345, best cost 27.0029 + -169.171 = -142.168 over 468 frames.
LOG (lattice-best-path[5.5.1074~1-71f3]:main():lattice-best-path.cc:99) For utterance FC04_347, best cost 22.944 + -144.687 = -121.743 over 391 frames.
LOG (lattice-best-path[5.5.1074~1-71f3]:main():lattice-best-path.cc:99) For utterance FC04_348, best cost 22.844 + -119.908 = -97.0643 over 472 frames.
LOG (lattice-best-path[5.5.1074~1-71f3]:main():lattice-best-path.cc:99) For utterance FC04_365, best cost 28.3635 + -223.166 = -194.802 over 620 frames.
LOG (lattice-best-path[5.5.1074~1-71f3]:main():lattice-best-path.cc:99) For utterance FC04_39, best cost 19.834 + -125.794 = -105.96 over 421 frames.
LOG (lattice-best-path[5.5.1074~1-71f3]:main():lattice-best-path.cc:99) For utterance FC04_4, best cost 17.4024 + -115.116 = -97.7133 over 280 frames.
LOG (lattice-best-path[5.5.1074~1-71f3]:main():lattice-best-path.cc:99) For utterance FC04_44, best cost 24.8772 + -176.325 = -151.448 over 512 frames.
LOG (lattice-best-path[5.5.1074~1-71f3]:main():lattice-best-path.cc:99) For utterance FC04_46, best cost 16.7032 + -88.3803 = -71.6771 over 264 frames.
LOG (lattice-best-path[5.5.1074~1-71f3]:main():lattice-best-path.cc:99) For utterance FC04_53, best cost 26.4835 + -185.634 = -159.151 over 479 frames.
LOG (lattice-best-path[5.5.1074~1-71f3]:main():lattice-best-path.cc:99) For utterance FC04_67, best cost 27.671 + -213.392 = -185.721 over 612 frames.
LOG (lattice-best-path[5.5.1074~1-71f3]:main():lattice-best-path.cc:99) For utterance FC04_72, best cost 23.2365 + -136.618 = -113.381 over 379 frames.
LOG (lattice-best-path[5.5.1074~1-71f3]:main():lattice-best-path.cc:99) For utterance FC04_75, best cost 31.1073 + -222.526 = -191.419 over 628 frames.
LOG (lattice-best-path[5.5.1074~1-71f3]:main():lattice-best-path.cc:99) For utterance FC04_86, best cost 23.1283 + -174.034 = -150.905 over 462 frames.
LOG (lattice-best-path[5.5.1074~1-71f3]:main():lattice-best-path.cc:99) For utterance FC04_88, best cost 27.7232 + -221.729 = -194.006 over 637 frames.
LOG (lattice-best-path[5.5.1074~1-71f3]:main():lattice-best-path.cc:99) For utterance FC04_89, best cost 28.9079 + -211.443 = -182.535 over 521 frames.
LOG (lattice-best-path[5.5.1074~1-71f3]:main():lattice-best-path.cc:99) For utterance FC04_90, best cost 30.1269 + -219.525 = -189.398 over 579 frames.
LOG (lattice-best-path[5.5.1074~1-71f3]:main():lattice-best-path.cc:99) For utterance FC04_94, best cost 23.8711 + -161.488 = -137.617 over 595 frames.
LOG (lattice-best-path[5.5.1074~1-71f3]:main():lattice-best-path.cc:99) For utterance FC04_96, best cost 21.7579 + -137.712 = -115.954 over 346 frames.
LOG (lattice-best-path[5.5.1074~1-71f3]:main():lattice-best-path.cc:124) Overall cost per frame is -0.292928 = 0.0537967 [graph] + -0.346725 [acoustic] over 27795 frames.
LOG (lattice-best-path[5.5.1074~1-71f3]:main():lattice-best-path.cc:128) Done 70 lattices, failed for 0
# Accounting: time=0 threads=1
# Ended (code 0) at Thu Aug  3 11:46:47 IST 2023, elapsed time 0 seconds
