# lattice-depth-per-frame "ark:gunzip -c exp_FG/LSTM/decode/lat.8.gz|" "ark,t:|gzip -c > exp_FG/LSTM/decode/depth_tmp.8.gz" ark:- | lattice-best-path --acoustic-scale=0.1 ark:- ark:/dev/null "ark,t:|gzip -c >exp_FG/LSTM/decode/ali_tmp.8.gz" 
# Started at Thu Aug  3 11:46:47 IST 2023
#
lattice-depth-per-frame 'ark:gunzip -c exp_FG/LSTM/decode/lat.8.gz|' 'ark,t:|gzip -c > exp_FG/LSTM/decode/depth_tmp.8.gz' ark:- 
lattice-best-path --acoustic-scale=0.1 ark:- ark:/dev/null 'ark,t:|gzip -c >exp_FG/LSTM/decode/ali_tmp.8.gz' 
LOG (lattice-best-path[5.5.1074~1-71f3]:main():lattice-best-path.cc:99) For utterance MC03_100, best cost 27.355 + -139.979 = -112.624 over 331 frames.
LOG (lattice-best-path[5.5.1074~1-71f3]:main():lattice-best-path.cc:99) For utterance MC03_103, best cost 26.8282 + -147.065 = -120.236 over 328 frames.
LOG (lattice-best-path[5.5.1074~1-71f3]:main():lattice-best-path.cc:99) For utterance MC03_105, best cost 18.4088 + -86.6706 = -68.2618 over 237 frames.
LOG (lattice-best-path[5.5.1074~1-71f3]:main():lattice-best-path.cc:99) For utterance MC03_106, best cost 15.509 + -57.0307 = -41.5218 over 146 frames.
LOG (lattice-best-path[5.5.1074~1-71f3]:main():lattice-best-path.cc:99) For utterance MC03_119, best cost 12.8007 + -39.6602 = -26.8595 over 127 frames.
LOG (lattice-best-path[5.5.1074~1-71f3]:main():lattice-best-path.cc:99) For utterance MC03_129, best cost 11.7035 + -30.4008 = -18.6973 over 93 frames.
LOG (lattice-best-path[5.5.1074~1-71f3]:main():lattice-best-path.cc:99) For utterance MC03_132, best cost 12.5891 + -39.9374 = -27.3483 over 135 frames.
LOG (lattice-best-path[5.5.1074~1-71f3]:main():lattice-best-path.cc:99) For utterance MC03_136, best cost 13.6511 + -41.773 = -28.1219 over 126 frames.
LOG (lattice-best-path[5.5.1074~1-71f3]:main():lattice-best-path.cc:99) For utterance MC03_137, best cost 12.3842 + -42.5265 = -30.1423 over 102 frames.
LOG (lattice-best-path[5.5.1074~1-71f3]:main():lattice-best-path.cc:99) For utterance MC03_138, best cost 11.5426 + -41.9563 = -30.4137 over 115 frames.
LOG (lattice-best-path[5.5.1074~1-71f3]:main():lattice-best-path.cc:99) For utterance MC03_143, best cost 14.1424 + -59.2999 = -45.1575 over 146 frames.
LOG (lattice-best-path[5.5.1074~1-71f3]:main():lattice-best-path.cc:99) For utterance MC03_144, best cost 12.7803 + -46.1725 = -33.3922 over 142 frames.
LOG (lattice-best-path[5.5.1074~1-71f3]:main():lattice-best-path.cc:99) For utterance MC03_145, best cost 12.452 + -40.8897 = -28.4378 over 91 frames.
LOG (lattice-best-path[5.5.1074~1-71f3]:main():lattice-best-path.cc:99) For utterance MC03_147, best cost 14.7297 + -61.9394 = -47.2097 over 193 frames.
LOG (lattice-best-path[5.5.1074~1-71f3]:main():lattice-best-path.cc:99) For utterance MC03_149, best cost 11.733 + -42.3081 = -30.5751 over 104 frames.
LOG (lattice-best-path[5.5.1074~1-71f3]:main():lattice-best-path.cc:99) For utterance MC03_151, best cost 12.6469 + -37.6363 = -24.9894 over 93 frames.
LOG (lattice-best-path[5.5.1074~1-71f3]:main():lattice-best-path.cc:99) For utterance MC03_153, best cost 11.782 + -41.8495 = -30.0676 over 102 frames.
LOG (lattice-best-path[5.5.1074~1-71f3]:main():lattice-best-path.cc:99) For utterance MC03_154, best cost 12.0528 + -37.8009 = -25.7481 over 93 frames.
LOG (lattice-best-path[5.5.1074~1-71f3]:main():lattice-best-path.cc:99) For utterance MC03_156, best cost 14.9065 + -56.4209 = -41.5145 over 144 frames.
LOG (lattice-best-path[5.5.1074~1-71f3]:main():lattice-best-path.cc:99) For utterance MC03_160, best cost 12.0195 + -45.0756 = -33.0561 over 102 frames.
LOG (lattice-best-path[5.5.1074~1-71f3]:main():lattice-best-path.cc:99) For utterance MC03_162, best cost 12.7999 + -40.497 = -27.697 over 124 frames.
LOG (lattice-best-path[5.5.1074~1-71f3]:main():lattice-best-path.cc:99) For utterance MC03_165, best cost 12.7684 + -48.378 = -35.6096 over 135 frames.
LOG (lattice-best-path[5.5.1074~1-71f3]:main():lattice-best-path.cc:99) For utterance MC03_170, best cost 13.2803 + -49.9358 = -36.6556 over 122 frames.
LOG (lattice-best-path[5.5.1074~1-71f3]:main():lattice-best-path.cc:99) For utterance MC03_172, best cost 12.6226 + -50.4455 = -37.8229 over 115 frames.
LOG (lattice-best-path[5.5.1074~1-71f3]:main():lattice-best-path.cc:99) For utterance MC03_175, best cost 13.7985 + -43.6711 = -29.8726 over 120 frames.
LOG (lattice-best-path[5.5.1074~1-71f3]:main():lattice-best-path.cc:99) For utterance MC03_178, best cost 12.7561 + -58.8849 = -46.1289 over 160 frames.
LOG (lattice-best-path[5.5.1074~1-71f3]:main():lattice-best-path.cc:99) For utterance MC03_182, best cost 12.8313 + -42.4018 = -29.5704 over 142 frames.
LOG (lattice-best-path[5.5.1074~1-71f3]:main():lattice-best-path.cc:99) For utterance MC03_185, best cost 12.683 + -46.5314 = -33.8484 over 142 frames.
LOG (lattice-best-path[5.5.1074~1-71f3]:main():lattice-best-path.cc:99) For utterance MC03_193, best cost 11.5037 + -36.6879 = -25.1842 over 107 frames.
LOG (lattice-best-path[5.5.1074~1-71f3]:main():lattice-best-path.cc:99) For utterance MC03_2, best cost 16.0093 + -59.9178 = -43.9085 over 164 frames.
LOG (lattice-best-path[5.5.1074~1-71f3]:main():lattice-best-path.cc:99) For utterance MC03_200, best cost 12.8804 + -48.9206 = -36.0403 over 118 frames.
LOG (lattice-best-path[5.5.1074~1-71f3]:main():lattice-best-path.cc:99) For utterance MC03_204, best cost 13.5842 + -50.5739 = -36.9898 over 135 frames.
LOG (lattice-best-path[5.5.1074~1-71f3]:main():lattice-best-path.cc:99) For utterance MC03_209, best cost 13.0402 + -46.1923 = -33.1521 over 151 frames.
LOG (lattice-best-path[5.5.1074~1-71f3]:main():lattice-best-path.cc:99) For utterance MC03_22, best cost 21.2158 + -105.014 = -83.7984 over 247 frames.
LOG (lattice-best-path[5.5.1074~1-71f3]:main():lattice-best-path.cc:99) For utterance MC03_221, best cost 22.3678 + -117.384 = -95.0165 over 238 frames.
LOG (lattice-best-path[5.5.1074~1-71f3]:main():lattice-best-path.cc:99) For utterance MC03_233, best cost 21.0337 + -95.8824 = -74.8487 over 225 frames.
LOG (lattice-best-path[5.5.1074~1-71f3]:main():lattice-best-path.cc:99) For utterance MC03_239, best cost 17.8375 + -77.4998 = -59.6623 over 143 frames.
LOG (lattice-best-path[5.5.1074~1-71f3]:main():lattice-best-path.cc:99) For utterance MC03_24, best cost 16.7988 + -64.3824 = -47.5837 over 180 frames.
LOG (lattice-best-path[5.5.1074~1-71f3]:main():lattice-best-path.cc:99) For utterance MC03_245, best cost 20.1229 + -97.3658 = -77.243 over 232 frames.
LOG (lattice-best-path[5.5.1074~1-71f3]:main():lattice-best-path.cc:99) For utterance MC03_246, best cost 16.592 + -84.0059 = -67.4138 over 186 frames.
LOG (lattice-best-path[5.5.1074~1-71f3]:main():lattice-best-path.cc:99) For utterance MC03_247, best cost 16.1093 + -49.3509 = -33.2416 over 163 frames.
LOG (lattice-best-path[5.5.1074~1-71f3]:main():lattice-best-path.cc:99) For utterance MC03_25, best cost 21.5963 + -96.4305 = -74.8342 over 230 frames.
LOG (lattice-best-path[5.5.1074~1-71f3]:main():lattice-best-path.cc:99) For utterance MC03_264, best cost 21.4286 + -115.35 = -93.9215 over 247 frames.
LOG (lattice-best-path[5.5.1074~1-71f3]:main():lattice-best-path.cc:99) For utterance MC03_269, best cost 18.117 + -89.3182 = -71.2012 over 172 frames.
LOG (lattice-best-path[5.5.1074~1-71f3]:main():lattice-best-path.cc:99) For utterance MC03_273, best cost 16.8401 + -81.5532 = -64.7131 over 177 frames.
LOG (lattice-best-path[5.5.1074~1-71f3]:main():lattice-best-path.cc:99) For utterance MC03_275, best cost 21.2565 + -116.762 = -95.5051 over 218 frames.
LOG (lattice-best-path[5.5.1074~1-71f3]:main():lattice-best-path.cc:99) For utterance MC03_278, best cost 21.3169 + -112.507 = -91.1902 over 254 frames.
LOG (lattice-best-path[5.5.1074~1-71f3]:main():lattice-best-path.cc:99) For utterance MC03_279, best cost 19.206 + -104.72 = -85.5138 over 231 frames.
LOG (lattice-best-path[5.5.1074~1-71f3]:main():lattice-best-path.cc:99) For utterance MC03_28, best cost 20.7653 + -97.4777 = -76.7123 over 242 frames.
LOG (lattice-best-path[5.5.1074~1-71f3]:main():lattice-best-path.cc:99) For utterance MC03_29, best cost 21.5949 + -103.766 = -82.1711 over 266 frames.
LOG (lattice-best-path[5.5.1074~1-71f3]:main():lattice-best-path.cc:99) For utterance MC03_291, best cost 25.5166 + -136.898 = -111.382 over 281 frames.
LOG (lattice-best-path[5.5.1074~1-71f3]:main():lattice-best-path.cc:99) For utterance MC03_301, best cost 24.296 + -127.4 = -103.104 over 236 frames.
LOG (lattice-best-path[5.5.1074~1-71f3]:main():lattice-best-path.cc:99) For utterance MC03_31, best cost 24.5574 + -123.541 = -98.9836 over 303 frames.
LOG (lattice-best-path[5.5.1074~1-71f3]:main():lattice-best-path.cc:99) For utterance MC03_327, best cost 24.4411 + -123.981 = -99.5397 over 336 frames.
LOG (lattice-best-path[5.5.1074~1-71f3]:main():lattice-best-path.cc:99) For utterance MC03_328, best cost 26.5911 + -135.785 = -109.194 over 336 frames.
LOG (lattice-best-path[5.5.1074~1-71f3]:main():lattice-best-path.cc:99) For utterance MC03_329, best cost 19.7663 + -94.847 = -75.0808 over 259 frames.
LOG (lattice-best-path[5.5.1074~1-71f3]:main():lattice-best-path.cc:99) For utterance MC03_331, best cost 19.3982 + -99.0973 = -79.699 over 242 frames.
LOG (lattice-depth-per-frame[5.5.1074~1-71f3]:main():lattice-depth-per-frame.cc:82) Done 82 lattices.
LOG (lattice-best-path[5.5.1074~1-71f3]:main():lattice-best-path.cc:99) For utterance MC03_34, best cost 16.5064 + -63.2943 = -46.7879 over 167 frames.
LOG (lattice-best-path[5.5.1074~1-71f3]:main():lattice-best-path.cc:99) For utterance MC03_342, best cost 20.5267 + -99.2929 = -78.7662 over 232 frames.
LOG (lattice-best-path[5.5.1074~1-71f3]:main():lattice-best-path.cc:99) For utterance MC03_349, best cost 20.8617 + -87.6672 = -66.8055 over 259 frames.
LOG (lattice-best-path[5.5.1074~1-71f3]:main():lattice-best-path.cc:99) For utterance MC03_354, best cost 27.0515 + -156.461 = -129.41 over 336 frames.
LOG (lattice-best-path[5.5.1074~1-71f3]:main():lattice-best-path.cc:99) For utterance MC03_356, best cost 19.9436 + -98.1387 = -78.1952 over 204 frames.
LOG (lattice-best-path[5.5.1074~1-71f3]:main():lattice-best-path.cc:99) For utterance MC03_361, best cost 17.432 + -84.9221 = -67.4901 over 253 frames.
LOG (lattice-best-path[5.5.1074~1-71f3]:main():lattice-best-path.cc:99) For utterance MC03_363, best cost 22.3935 + -107.067 = -84.6732 over 279 frames.
LOG (lattice-best-path[5.5.1074~1-71f3]:main():lattice-best-path.cc:99) For utterance MC03_365, best cost 25.2089 + -124.602 = -99.3928 over 328 frames.
LOG (lattice-best-path[5.5.1074~1-71f3]:main():lattice-best-path.cc:99) For utterance MC03_39, best cost 16.7687 + -53.1932 = -36.4245 over 224 frames.
LOG (lattice-best-path[5.5.1074~1-71f3]:main():lattice-best-path.cc:99) For utterance MC03_40, best cost 14.5162 + -53.2182 = -38.702 over 147 frames.
LOG (lattice-best-path[5.5.1074~1-71f3]:main():lattice-best-path.cc:99) For utterance MC03_41, best cost 22.8911 + -101.245 = -78.3543 over 257 frames.
LOG (lattice-best-path[5.5.1074~1-71f3]:main():lattice-best-path.cc:99) For utterance MC03_47, best cost 15.3818 + -58.782 = -43.4003 over 157 frames.
LOG (lattice-best-path[5.5.1074~1-71f3]:main():lattice-best-path.cc:99) For utterance MC03_48, best cost 16.7726 + -81.9236 = -65.151 over 183 frames.
LOG (lattice-best-path[5.5.1074~1-71f3]:main():lattice-best-path.cc:99) For utterance MC03_49, best cost 22.4812 + -123.436 = -100.955 over 286 frames.
LOG (lattice-best-path[5.5.1074~1-71f3]:main():lattice-best-path.cc:99) For utterance MC03_5, best cost 16.8147 + -66.5296 = -49.7148 over 172 frames.
LOG (lattice-best-path[5.5.1074~1-71f3]:main():lattice-best-path.cc:99) For utterance MC03_53, best cost 22.8305 + -101.608 = -78.7773 over 278 frames.
LOG (lattice-best-path[5.5.1074~1-71f3]:main():lattice-best-path.cc:99) For utterance MC03_56, best cost 18.5379 + -77.5564 = -59.0185 over 247 frames.
LOG (lattice-best-path[5.5.1074~1-71f3]:main():lattice-best-path.cc:99) For utterance MC03_57, best cost 16.1476 + -78.8965 = -62.7489 over 199 frames.
LOG (lattice-best-path[5.5.1074~1-71f3]:main():lattice-best-path.cc:99) For utterance MC03_61, best cost 18.1902 + -94.6302 = -76.44 over 237 frames.
LOG (lattice-best-path[5.5.1074~1-71f3]:main():lattice-best-path.cc:99) For utterance MC03_69, best cost 15.0049 + -63.2478 = -48.2429 over 144 frames.
LOG (lattice-best-path[5.5.1074~1-71f3]:main():lattice-best-path.cc:99) For utterance MC03_7, best cost 17.6837 + -65.7607 = -48.0769 over 183 frames.
LOG (lattice-best-path[5.5.1074~1-71f3]:main():lattice-best-path.cc:99) For utterance MC03_77, best cost 23.1586 + -119.379 = -96.22 over 262 frames.
LOG (lattice-best-path[5.5.1074~1-71f3]:main():lattice-best-path.cc:99) For utterance MC03_88, best cost 23.6073 + -128.695 = -105.088 over 323 frames.
LOG (lattice-best-path[5.5.1074~1-71f3]:main():lattice-best-path.cc:99) For utterance MC03_89, best cost 24.6838 + -129.663 = -104.979 over 299 frames.
LOG (lattice-best-path[5.5.1074~1-71f3]:main():lattice-best-path.cc:99) For utterance MC03_9, best cost 20.6446 + -69.7202 = -49.0756 over 212 frames.
LOG (lattice-best-path[5.5.1074~1-71f3]:main():lattice-best-path.cc:124) Overall cost per frame is -0.311249 = 0.0899785 [graph] + -0.401227 [acoustic] over 16197 frames.
LOG (lattice-best-path[5.5.1074~1-71f3]:main():lattice-best-path.cc:128) Done 82 lattices, failed for 0
# Accounting: time=0 threads=1
# Ended (code 0) at Thu Aug  3 11:46:47 IST 2023, elapsed time 0 seconds
