# lattice-depth-per-frame "ark:gunzip -c exp_FG/LSTM/decode/lat.5.gz|" "ark,t:|gzip -c > exp_FG/LSTM/decode/depth_tmp.5.gz" ark:- | lattice-best-path --acoustic-scale=0.1 ark:- ark:/dev/null "ark,t:|gzip -c >exp_FG/LSTM/decode/ali_tmp.5.gz" 
# Started at Thu Aug  3 11:46:47 IST 2023
#
lattice-depth-per-frame 'ark:gunzip -c exp_FG/LSTM/decode/lat.5.gz|' 'ark,t:|gzip -c > exp_FG/LSTM/decode/depth_tmp.5.gz' ark:- 
lattice-best-path --acoustic-scale=0.1 ark:- ark:/dev/null 'ark,t:|gzip -c >exp_FG/LSTM/decode/ali_tmp.5.gz' 
LOG (lattice-best-path[5.5.1074~1-71f3]:main():lattice-best-path.cc:99) For utterance FC05_1, best cost 18.279 + -94.455 = -76.176 over 241 frames.
LOG (lattice-best-path[5.5.1074~1-71f3]:main():lattice-best-path.cc:99) For utterance FC05_100, best cost 31.2579 + -222.658 = -191.4 over 462 frames.
LOG (lattice-best-path[5.5.1074~1-71f3]:main():lattice-best-path.cc:99) For utterance FC05_101, best cost 20.224 + -115.478 = -95.2539 over 278 frames.
LOG (lattice-best-path[5.5.1074~1-71f3]:main():lattice-best-path.cc:99) For utterance FC05_105, best cost 19.9832 + -107.001 = -87.0176 over 288 frames.
LOG (lattice-best-path[5.5.1074~1-71f3]:main():lattice-best-path.cc:99) For utterance FC05_109, best cost 12.6678 + -49.7438 = -37.076 over 146 frames.
LOG (lattice-best-path[5.5.1074~1-71f3]:main():lattice-best-path.cc:99) For utterance FC05_111, best cost 12.9973 + -58.7238 = -45.7265 over 198 frames.
LOG (lattice-best-path[5.5.1074~1-71f3]:main():lattice-best-path.cc:99) For utterance FC05_116, best cost 13.5941 + -54.2457 = -40.6516 over 164 frames.
LOG (lattice-best-path[5.5.1074~1-71f3]:main():lattice-best-path.cc:99) For utterance FC05_120, best cost 11.7306 + -44.9884 = -33.2578 over 145 frames.
LOG (lattice-best-path[5.5.1074~1-71f3]:main():lattice-best-path.cc:99) For utterance FC05_122, best cost 13.7498 + -57.6289 = -43.8791 over 153 frames.
LOG (lattice-best-path[5.5.1074~1-71f3]:main():lattice-best-path.cc:99) For utterance FC05_130, best cost 12.6322 + -43.4491 = -30.8169 over 123 frames.
LOG (lattice-best-path[5.5.1074~1-71f3]:main():lattice-best-path.cc:99) For utterance FC05_135, best cost 13.1272 + -44.772 = -31.6449 over 153 frames.
LOG (lattice-best-path[5.5.1074~1-71f3]:main():lattice-best-path.cc:99) For utterance FC05_136, best cost 13.9028 + -58.6037 = -44.7009 over 179 frames.
LOG (lattice-best-path[5.5.1074~1-71f3]:main():lattice-best-path.cc:99) For utterance FC05_158, best cost 12.417 + -37.7811 = -25.364 over 111 frames.
LOG (lattice-best-path[5.5.1074~1-71f3]:main():lattice-best-path.cc:99) For utterance FC05_167, best cost 12.3785 + -26.8071 = -14.4285 over 138 frames.
LOG (lattice-best-path[5.5.1074~1-71f3]:main():lattice-best-path.cc:99) For utterance FC05_173, best cost 12.8162 + -49.034 = -36.2178 over 138 frames.
LOG (lattice-best-path[5.5.1074~1-71f3]:main():lattice-best-path.cc:99) For utterance FC05_184, best cost 11.6247 + -36.3365 = -24.7118 over 119 frames.
LOG (lattice-best-path[5.5.1074~1-71f3]:main():lattice-best-path.cc:99) For utterance FC05_194, best cost 12.6066 + -52.3662 = -39.7596 over 142 frames.
LOG (lattice-best-path[5.5.1074~1-71f3]:main():lattice-best-path.cc:99) For utterance FC05_199, best cost 13.7453 + -54.1902 = -40.4449 over 138 frames.
LOG (lattice-best-path[5.5.1074~1-71f3]:main():lattice-best-path.cc:99) For utterance FC05_2, best cost 17.627 + -95.2765 = -77.6495 over 280 frames.
LOG (lattice-best-path[5.5.1074~1-71f3]:main():lattice-best-path.cc:99) For utterance FC05_202, best cost 13.8491 + -61.7641 = -47.915 over 142 frames.
LOG (lattice-best-path[5.5.1074~1-71f3]:main():lattice-best-path.cc:99) For utterance FC05_215, best cost 24.6598 + -153.198 = -128.539 over 352 frames.
LOG (lattice-best-path[5.5.1074~1-71f3]:main():lattice-best-path.cc:99) For utterance FC05_221, best cost 26.6662 + -151.825 = -125.159 over 389 frames.
LOG (lattice-best-path[5.5.1074~1-71f3]:main():lattice-best-path.cc:99) For utterance FC05_222, best cost 22.4486 + -120.774 = -98.3251 over 358 frames.
LOG (lattice-best-path[5.5.1074~1-71f3]:main():lattice-best-path.cc:99) For utterance FC05_228, best cost 22.3295 + -128.657 = -106.328 over 340 frames.
LOG (lattice-best-path[5.5.1074~1-71f3]:main():lattice-best-path.cc:99) For utterance FC05_229, best cost 17.8106 + -111.998 = -94.1873 over 284 frames.
LOG (lattice-best-path[5.5.1074~1-71f3]:main():lattice-best-path.cc:99) For utterance FC05_230, best cost 23.0007 + -158.991 = -135.99 over 371 frames.
LOG (lattice-best-path[5.5.1074~1-71f3]:main():lattice-best-path.cc:99) For utterance FC05_232, best cost 17.6892 + -88.426 = -70.7368 over 327 frames.
LOG (lattice-best-path[5.5.1074~1-71f3]:main():lattice-best-path.cc:99) For utterance FC05_236, best cost 28.9623 + -189.975 = -161.012 over 451 frames.
LOG (lattice-best-path[5.5.1074~1-71f3]:main():lattice-best-path.cc:99) For utterance FC05_241, best cost 20.9749 + -107.751 = -86.7764 over 309 frames.
LOG (lattice-best-path[5.5.1074~1-71f3]:main():lattice-best-path.cc:99) For utterance FC05_243, best cost 24.671 + -147.116 = -122.445 over 427 frames.
LOG (lattice-best-path[5.5.1074~1-71f3]:main():lattice-best-path.cc:99) For utterance FC05_25, best cost 23.951 + -132.074 = -108.123 over 335 frames.
LOG (lattice-best-path[5.5.1074~1-71f3]:main():lattice-best-path.cc:99) For utterance FC05_251, best cost 22.7107 + -132.02 = -109.309 over 377 frames.
LOG (lattice-best-path[5.5.1074~1-71f3]:main():lattice-best-path.cc:99) For utterance FC05_253, best cost 18.6601 + -106.565 = -87.905 over 259 frames.
LOG (lattice-best-path[5.5.1074~1-71f3]:main():lattice-best-path.cc:99) For utterance FC05_260, best cost 21.9264 + -118.528 = -96.6018 over 291 frames.
LOG (lattice-best-path[5.5.1074~1-71f3]:main():lattice-best-path.cc:99) For utterance FC05_267, best cost 21.7786 + -134.065 = -112.286 over 353 frames.
LOG (lattice-best-path[5.5.1074~1-71f3]:main():lattice-best-path.cc:99) For utterance FC05_27, best cost 23.1578 + -134.967 = -111.809 over 375 frames.
LOG (lattice-best-path[5.5.1074~1-71f3]:main():lattice-best-path.cc:99) For utterance FC05_273, best cost 18.9087 + -108.27 = -89.3617 over 274 frames.
LOG (lattice-best-path[5.5.1074~1-71f3]:main():lattice-best-path.cc:99) For utterance FC05_282, best cost 20.8148 + -117.72 = -96.9048 over 313 frames.
LOG (lattice-best-path[5.5.1074~1-71f3]:main():lattice-best-path.cc:99) For utterance FC05_287, best cost 24.7946 + -159.734 = -134.94 over 426 frames.
LOG (lattice-best-path[5.5.1074~1-71f3]:main():lattice-best-path.cc:99) For utterance FC05_290, best cost 24.5976 + -162.748 = -138.15 over 423 frames.
LOG (lattice-best-path[5.5.1074~1-71f3]:main():lattice-best-path.cc:99) For utterance FC05_293, best cost 25.2262 + -139.116 = -113.89 over 348 frames.
LOG (lattice-best-path[5.5.1074~1-71f3]:main():lattice-best-path.cc:99) For utterance FC05_301, best cost 28.7143 + -189.949 = -161.235 over 421 frames.
LOG (lattice-best-path[5.5.1074~1-71f3]:main():lattice-best-path.cc:99) For utterance FC05_303, best cost 25.956 + -186.768 = -160.812 over 470 frames.
LOG (lattice-best-path[5.5.1074~1-71f3]:main():lattice-best-path.cc:99) For utterance FC05_306, best cost 28.1324 + -184.018 = -155.885 over 372 frames.
LOG (lattice-best-path[5.5.1074~1-71f3]:main():lattice-best-path.cc:99) For utterance FC05_316, best cost 26.3146 + -183.888 = -157.573 over 355 frames.
LOG (lattice-best-path[5.5.1074~1-71f3]:main():lattice-best-path.cc:99) For utterance FC05_324, best cost 28.5137 + -171.15 = -142.636 over 355 frames.
LOG (lattice-depth-per-frame[5.5.1074~1-71f3]:main():lattice-depth-per-frame.cc:82) Done 70 lattices.
LOG (lattice-best-path[5.5.1074~1-71f3]:main():lattice-best-path.cc:99) For utterance FC05_327, best cost 26.4448 + -150.25 = -123.805 over 369 frames.
LOG (lattice-best-path[5.5.1074~1-71f3]:main():lattice-best-path.cc:99) For utterance FC05_328, best cost 28.769 + -172.012 = -143.243 over 391 frames.
LOG (lattice-best-path[5.5.1074~1-71f3]:main():lattice-best-path.cc:99) For utterance FC05_333, best cost 26.4822 + -177.747 = -151.265 over 444 frames.
LOG (lattice-best-path[5.5.1074~1-71f3]:main():lattice-best-path.cc:99) For utterance FC05_340, best cost 27.3768 + -178.825 = -151.448 over 395 frames.
LOG (lattice-best-path[5.5.1074~1-71f3]:main():lattice-best-path.cc:99) For utterance FC05_341, best cost 21.1815 + -121.296 = -100.114 over 302 frames.
LOG (lattice-best-path[5.5.1074~1-71f3]:main():lattice-best-path.cc:99) For utterance FC05_346, best cost 22.1501 + -129.067 = -106.917 over 333 frames.
LOG (lattice-best-path[5.5.1074~1-71f3]:main():lattice-best-path.cc:99) For utterance FC05_352, best cost 23.0944 + -134.627 = -111.533 over 342 frames.
LOG (lattice-best-path[5.5.1074~1-71f3]:main():lattice-best-path.cc:99) For utterance FC05_364, best cost 21.1168 + -99.2748 = -78.1579 over 289 frames.
LOG (lattice-best-path[5.5.1074~1-71f3]:main():lattice-best-path.cc:99) For utterance FC05_40, best cost 16.5593 + -81.7841 = -65.2249 over 262 frames.
LOG (lattice-best-path[5.5.1074~1-71f3]:main():lattice-best-path.cc:99) For utterance FC05_44, best cost 24.1601 + -140.924 = -116.764 over 340 frames.
LOG (lattice-best-path[5.5.1074~1-71f3]:main():lattice-best-path.cc:99) For utterance FC05_45, best cost 22.064 + -143.671 = -121.607 over 315 frames.
LOG (lattice-best-path[5.5.1074~1-71f3]:main():lattice-best-path.cc:99) For utterance FC05_65, best cost 17.112 + -83.4332 = -66.3212 over 253 frames.
LOG (lattice-best-path[5.5.1074~1-71f3]:main():lattice-best-path.cc:99) For utterance FC05_70, best cost 17.7825 + -103.637 = -85.8548 over 229 frames.
LOG (lattice-best-path[5.5.1074~1-71f3]:main():lattice-best-path.cc:99) For utterance FC05_71, best cost 22.7922 + -122.843 = -100.05 over 280 frames.
LOG (lattice-best-path[5.5.1074~1-71f3]:main():lattice-best-path.cc:99) For utterance FC05_74, best cost 25.5631 + -169.429 = -143.866 over 427 frames.
LOG (lattice-best-path[5.5.1074~1-71f3]:main():lattice-best-path.cc:99) For utterance FC05_77, best cost 24.4616 + -149.48 = -125.018 over 349 frames.
LOG (lattice-best-path[5.5.1074~1-71f3]:main():lattice-best-path.cc:99) For utterance FC05_80, best cost 22.6301 + -133.462 = -110.832 over 320 frames.
LOG (lattice-best-path[5.5.1074~1-71f3]:main():lattice-best-path.cc:99) For utterance FC05_81, best cost 20.8926 + -141.075 = -120.183 over 327 frames.
LOG (lattice-best-path[5.5.1074~1-71f3]:main():lattice-best-path.cc:99) For utterance FC05_88, best cost 28.0306 + -212.8 = -184.77 over 543 frames.
LOG (lattice-best-path[5.5.1074~1-71f3]:main():lattice-best-path.cc:99) For utterance FC05_89, best cost 27.6703 + -165.936 = -138.266 over 414 frames.
LOG (lattice-best-path[5.5.1074~1-71f3]:main():lattice-best-path.cc:99) For utterance FC05_91, best cost 27.4441 + -184.683 = -157.239 over 427 frames.
LOG (lattice-best-path[5.5.1074~1-71f3]:main():lattice-best-path.cc:99) For utterance FC05_93, best cost 22.5291 + -145.667 = -123.138 over 349 frames.
LOG (lattice-best-path[5.5.1074~1-71f3]:main():lattice-best-path.cc:99) For utterance FC05_97, best cost 16.4572 + -81.0009 = -64.5438 over 214 frames.
LOG (lattice-best-path[5.5.1074~1-71f3]:main():lattice-best-path.cc:99) For utterance FC05_98, best cost 26.9274 + -171.702 = -144.774 over 375 frames.
LOG (lattice-best-path[5.5.1074~1-71f3]:main():lattice-best-path.cc:124) Overall cost per frame is -0.327656 = 0.0689492 [graph] + -0.396606 [acoustic] over 21382 frames.
LOG (lattice-best-path[5.5.1074~1-71f3]:main():lattice-best-path.cc:128) Done 70 lattices, failed for 0
# Accounting: time=0 threads=1
# Ended (code 0) at Thu Aug  3 11:46:47 IST 2023, elapsed time 0 seconds
