# lattice-depth-per-frame "ark:gunzip -c exp_FG/LSTM/decode/lat.10.gz|" "ark,t:|gzip -c > exp_FG/LSTM/decode/depth_tmp.10.gz" ark:- | lattice-best-path --acoustic-scale=0.1 ark:- ark:/dev/null "ark,t:|gzip -c >exp_FG/LSTM/decode/ali_tmp.10.gz" 
# Started at Thu Aug  3 11:46:47 IST 2023
#
lattice-depth-per-frame 'ark:gunzip -c exp_FG/LSTM/decode/lat.10.gz|' 'ark,t:|gzip -c > exp_FG/LSTM/decode/depth_tmp.10.gz' ark:- 
lattice-best-path --acoustic-scale=0.1 ark:- ark:/dev/null 'ark,t:|gzip -c >exp_FG/LSTM/decode/ali_tmp.10.gz' 
LOG (lattice-best-path[5.5.1074~1-71f3]:main():lattice-best-path.cc:99) For utterance MC05_104, best cost 17.6319 + -91.1969 = -73.565 over 287 frames.
LOG (lattice-best-path[5.5.1074~1-71f3]:main():lattice-best-path.cc:99) For utterance MC05_109, best cost 12.3146 + -32.6266 = -20.312 over 81 frames.
LOG (lattice-best-path[5.5.1074~1-71f3]:main():lattice-best-path.cc:99) For utterance MC05_112, best cost 12.7686 + -55.2887 = -42.5201 over 161 frames.
LOG (lattice-best-path[5.5.1074~1-71f3]:main():lattice-best-path.cc:99) For utterance MC05_113, best cost 12.6116 + -47.5537 = -34.9421 over 144 frames.
LOG (lattice-best-path[5.5.1074~1-71f3]:main():lattice-best-path.cc:99) For utterance MC05_116, best cost 13.3111 + -49.2071 = -35.896 over 136 frames.
LOG (lattice-best-path[5.5.1074~1-71f3]:main():lattice-best-path.cc:99) For utterance MC05_117, best cost 13.2482 + -47.237 = -33.9888 over 143 frames.
LOG (lattice-best-path[5.5.1074~1-71f3]:main():lattice-best-path.cc:99) For utterance MC05_118, best cost 12.3835 + -43.9885 = -31.6049 over 124 frames.
LOG (lattice-best-path[5.5.1074~1-71f3]:main():lattice-best-path.cc:99) For utterance MC05_119, best cost 12.8539 + -42.3566 = -29.5027 over 127 frames.
LOG (lattice-best-path[5.5.1074~1-71f3]:main():lattice-best-path.cc:99) For utterance MC05_12, best cost 22.5763 + -131.904 = -109.328 over 339 frames.
LOG (lattice-best-path[5.5.1074~1-71f3]:main():lattice-best-path.cc:99) For utterance MC05_121, best cost 13.5633 + -44.8682 = -31.3049 over 140 frames.
LOG (lattice-best-path[5.5.1074~1-71f3]:main():lattice-best-path.cc:99) For utterance MC05_13, best cost 24.6602 + -141.753 = -117.093 over 381 frames.
LOG (lattice-best-path[5.5.1074~1-71f3]:main():lattice-best-path.cc:99) For utterance MC05_130, best cost 12.6807 + -38.8027 = -26.1221 over 114 frames.
LOG (lattice-best-path[5.5.1074~1-71f3]:main():lattice-best-path.cc:99) For utterance MC05_135, best cost 12.7176 + -42.6514 = -29.9338 over 147 frames.
LOG (lattice-best-path[5.5.1074~1-71f3]:main():lattice-best-path.cc:99) For utterance MC05_136, best cost 13.6897 + -43.3378 = -29.6481 over 131 frames.
LOG (lattice-best-path[5.5.1074~1-71f3]:main():lattice-best-path.cc:99) For utterance MC05_14, best cost 23.198 + -134.283 = -111.085 over 341 frames.
LOG (lattice-best-path[5.5.1074~1-71f3]:main():lattice-best-path.cc:99) For utterance MC05_140, best cost 14.0028 + -57.4464 = -43.4436 over 153 frames.
LOG (lattice-best-path[5.5.1074~1-71f3]:main():lattice-best-path.cc:99) For utterance MC05_145, best cost 12.434 + -40.9241 = -28.4901 over 110 frames.
LOG (lattice-best-path[5.5.1074~1-71f3]:main():lattice-best-path.cc:99) For utterance MC05_147, best cost 14.8377 + -60.3482 = -45.5105 over 153 frames.
LOG (lattice-best-path[5.5.1074~1-71f3]:main():lattice-best-path.cc:99) For utterance MC05_165, best cost 12.9852 + -53.3978 = -40.4126 over 151 frames.
LOG (lattice-best-path[5.5.1074~1-71f3]:main():lattice-best-path.cc:99) For utterance MC05_170, best cost 13.467 + -46.4297 = -32.9627 over 139 frames.
LOG (lattice-best-path[5.5.1074~1-71f3]:main():lattice-best-path.cc:99) For utterance MC05_176, best cost 12.6933 + -43.2982 = -30.6049 over 104 frames.
LOG (lattice-best-path[5.5.1074~1-71f3]:main():lattice-best-path.cc:99) For utterance MC05_179, best cost 11.6281 + -36.5037 = -24.8755 over 113 frames.
LOG (lattice-best-path[5.5.1074~1-71f3]:main():lattice-best-path.cc:99) For utterance MC05_18, best cost 24.222 + -152.325 = -128.103 over 366 frames.
LOG (lattice-best-path[5.5.1074~1-71f3]:main():lattice-best-path.cc:99) For utterance MC05_182, best cost 12.7495 + -41.4159 = -28.6663 over 120 frames.
LOG (lattice-best-path[5.5.1074~1-71f3]:main():lattice-best-path.cc:99) For utterance MC05_187, best cost 12.6436 + -46.1146 = -33.4709 over 127 frames.
LOG (lattice-best-path[5.5.1074~1-71f3]:main():lattice-best-path.cc:99) For utterance MC05_20, best cost 25.3158 + -156.03 = -130.714 over 462 frames.
LOG (lattice-best-path[5.5.1074~1-71f3]:main():lattice-best-path.cc:99) For utterance MC05_201, best cost 12.664 + -38.6119 = -25.9478 over 104 frames.
LOG (lattice-best-path[5.5.1074~1-71f3]:main():lattice-best-path.cc:99) For utterance MC05_202, best cost 13.5081 + -53.7201 = -40.212 over 126 frames.
LOG (lattice-best-path[5.5.1074~1-71f3]:main():lattice-best-path.cc:99) For utterance MC05_203, best cost 13.6186 + -57.2825 = -43.6639 over 151 frames.
LOG (lattice-best-path[5.5.1074~1-71f3]:main():lattice-best-path.cc:99) For utterance MC05_213, best cost 23.548 + -131.867 = -108.319 over 326 frames.
LOG (lattice-best-path[5.5.1074~1-71f3]:main():lattice-best-path.cc:99) For utterance MC05_214, best cost 21.2936 + -98.4218 = -77.1282 over 262 frames.
LOG (lattice-best-path[5.5.1074~1-71f3]:main():lattice-best-path.cc:99) For utterance MC05_217, best cost 21.5542 + -102.315 = -80.7606 over 246 frames.
LOG (lattice-best-path[5.5.1074~1-71f3]:main():lattice-best-path.cc:99) For utterance MC05_224, best cost 23.6243 + -137.308 = -113.683 over 300 frames.
LOG (lattice-best-path[5.5.1074~1-71f3]:main():lattice-best-path.cc:99) For utterance MC05_225, best cost 22.2394 + -121.778 = -99.5384 over 273 frames.
LOG (lattice-best-path[5.5.1074~1-71f3]:main():lattice-best-path.cc:99) For utterance MC05_236, best cost 30.0258 + -198.434 = -168.408 over 428 frames.
LOG (lattice-best-path[5.5.1074~1-71f3]:main():lattice-best-path.cc:99) For utterance MC05_239, best cost 20.2255 + -102.073 = -81.8475 over 223 frames.
LOG (lattice-best-path[5.5.1074~1-71f3]:main():lattice-best-path.cc:99) For utterance MC05_24, best cost 18.7824 + -97.9367 = -79.1543 over 247 frames.
LOG (lattice-best-path[5.5.1074~1-71f3]:main():lattice-best-path.cc:99) For utterance MC05_244, best cost 28.0897 + -148.534 = -120.445 over 412 frames.
LOG (lattice-best-path[5.5.1074~1-71f3]:main():lattice-best-path.cc:99) For utterance MC05_246, best cost 17.3032 + -98.1825 = -80.8793 over 237 frames.
LOG (lattice-best-path[5.5.1074~1-71f3]:main():lattice-best-path.cc:99) For utterance MC05_25, best cost 25.32 + -143.679 = -118.359 over 368 frames.
LOG (lattice-best-path[5.5.1074~1-71f3]:main():lattice-best-path.cc:99) For utterance MC05_252, best cost 20.0445 + -91.2401 = -71.1956 over 255 frames.
LOG (lattice-depth-per-frame[5.5.1074~1-71f3]:main():lattice-depth-per-frame.cc:82) Done 75 lattices.
LOG (lattice-best-path[5.5.1074~1-71f3]:main():lattice-best-path.cc:99) For utterance MC05_254, best cost 21.4033 + -134.576 = -113.173 over 312 frames.
LOG (lattice-best-path[5.5.1074~1-71f3]:main():lattice-best-path.cc:99) For utterance MC05_268, best cost 29.7238 + -195.132 = -165.408 over 397 frames.
LOG (lattice-best-path[5.5.1074~1-71f3]:main():lattice-best-path.cc:99) For utterance MC05_27, best cost 23.0689 + -119.506 = -96.4366 over 325 frames.
LOG (lattice-best-path[5.5.1074~1-71f3]:main():lattice-best-path.cc:99) For utterance MC05_270, best cost 22.1347 + -113.363 = -91.2281 over 272 frames.
LOG (lattice-best-path[5.5.1074~1-71f3]:main():lattice-best-path.cc:99) For utterance MC05_271, best cost 28.4551 + -170.079 = -141.624 over 418 frames.
LOG (lattice-best-path[5.5.1074~1-71f3]:main():lattice-best-path.cc:99) For utterance MC05_28, best cost 26.2162 + -121.054 = -94.8381 over 397 frames.
LOG (lattice-best-path[5.5.1074~1-71f3]:main():lattice-best-path.cc:99) For utterance MC05_281, best cost 20.6714 + -91.9753 = -71.3039 over 255 frames.
LOG (lattice-best-path[5.5.1074~1-71f3]:main():lattice-best-path.cc:99) For utterance MC05_288, best cost 30.0398 + -201.775 = -171.735 over 424 frames.
LOG (lattice-best-path[5.5.1074~1-71f3]:main():lattice-best-path.cc:99) For utterance MC05_30, best cost 24.9551 + -138.63 = -113.675 over 354 frames.
LOG (lattice-best-path[5.5.1074~1-71f3]:main():lattice-best-path.cc:99) For utterance MC05_300, best cost 29.0472 + -169.571 = -140.524 over 389 frames.
LOG (lattice-best-path[5.5.1074~1-71f3]:main():lattice-best-path.cc:99) For utterance MC05_303, best cost 28.01 + -189.353 = -161.343 over 373 frames.
LOG (lattice-best-path[5.5.1074~1-71f3]:main():lattice-best-path.cc:99) For utterance MC05_306, best cost 28.3281 + -179.541 = -151.213 over 402 frames.
LOG (lattice-best-path[5.5.1074~1-71f3]:main():lattice-best-path.cc:99) For utterance MC05_308, best cost 20.8756 + -119.287 = -98.4119 over 250 frames.
LOG (lattice-best-path[5.5.1074~1-71f3]:main():lattice-best-path.cc:99) For utterance MC05_311, best cost 34.0321 + -218.759 = -184.727 over 524 frames.
LOG (lattice-best-path[5.5.1074~1-71f3]:main():lattice-best-path.cc:99) For utterance MC05_318, best cost 22.3178 + -127.204 = -104.886 over 265 frames.
LOG (lattice-best-path[5.5.1074~1-71f3]:main():lattice-best-path.cc:99) For utterance MC05_328, best cost 30.253 + -185.588 = -155.335 over 385 frames.
LOG (lattice-best-path[5.5.1074~1-71f3]:main():lattice-best-path.cc:99) For utterance MC05_33, best cost 27.6455 + -159.006 = -131.361 over 484 frames.
LOG (lattice-best-path[5.5.1074~1-71f3]:main():lattice-best-path.cc:99) For utterance MC05_339, best cost 22.0248 + -124.532 = -102.507 over 289 frames.
LOG (lattice-best-path[5.5.1074~1-71f3]:main():lattice-best-path.cc:99) For utterance MC05_345, best cost 25.7485 + -146.272 = -120.524 over 332 frames.
LOG (lattice-best-path[5.5.1074~1-71f3]:main():lattice-best-path.cc:99) For utterance MC05_348, best cost 23.0245 + -127.965 = -104.941 over 319 frames.
LOG (lattice-best-path[5.5.1074~1-71f3]:main():lattice-best-path.cc:99) For utterance MC05_349, best cost 23.2633 + -130.856 = -107.593 over 316 frames.
LOG (lattice-best-path[5.5.1074~1-71f3]:main():lattice-best-path.cc:99) For utterance MC05_351, best cost 25.2383 + -148.755 = -123.517 over 319 frames.
LOG (lattice-best-path[5.5.1074~1-71f3]:main():lattice-best-path.cc:99) For utterance MC05_358, best cost 21.4705 + -138.601 = -117.131 over 332 frames.
LOG (lattice-best-path[5.5.1074~1-71f3]:main():lattice-best-path.cc:99) For utterance MC05_36, best cost 17.5682 + -78.0947 = -60.5265 over 265 frames.
LOG (lattice-best-path[5.5.1074~1-71f3]:main():lattice-best-path.cc:99) For utterance MC05_363, best cost 25.1014 + -161.724 = -136.623 over 396 frames.
LOG (lattice-best-path[5.5.1074~1-71f3]:main():lattice-best-path.cc:99) For utterance MC05_46, best cost 17.3202 + -78.364 = -61.0437 over 231 frames.
LOG (lattice-best-path[5.5.1074~1-71f3]:main():lattice-best-path.cc:99) For utterance MC05_50, best cost 17.4871 + -82.1254 = -64.6383 over 249 frames.
LOG (lattice-best-path[5.5.1074~1-71f3]:main():lattice-best-path.cc:99) For utterance MC05_66, best cost 15.4435 + -76.7224 = -61.2789 over 220 frames.
LOG (lattice-best-path[5.5.1074~1-71f3]:main():lattice-best-path.cc:99) For utterance MC05_68, best cost 23.8184 + -137.465 = -113.646 over 332 frames.
LOG (lattice-best-path[5.5.1074~1-71f3]:main():lattice-best-path.cc:99) For utterance MC05_82, best cost 19.4204 + -123.416 = -103.996 over 296 frames.
LOG (lattice-best-path[5.5.1074~1-71f3]:main():lattice-best-path.cc:99) For utterance MC05_83, best cost 20.8377 + -122.775 = -101.937 over 300 frames.
LOG (lattice-best-path[5.5.1074~1-71f3]:main():lattice-best-path.cc:99) For utterance MC05_84, best cost 22.3959 + -114.686 = -92.2902 over 303 frames.
LOG (lattice-best-path[5.5.1074~1-71f3]:main():lattice-best-path.cc:99) For utterance MC05_85, best cost 22.1917 + -109.964 = -87.7719 over 274 frames.
LOG (lattice-best-path[5.5.1074~1-71f3]:main():lattice-best-path.cc:99) For utterance MC05_87, best cost 21.9209 + -112.025 = -90.104 over 309 frames.
LOG (lattice-best-path[5.5.1074~1-71f3]:main():lattice-best-path.cc:124) Overall cost per frame is -0.322579 = 0.0757967 [graph] + -0.398376 [acoustic] over 20060 frames.
LOG (lattice-best-path[5.5.1074~1-71f3]:main():lattice-best-path.cc:128) Done 75 lattices, failed for 0
# Accounting: time=0 threads=1
# Ended (code 0) at Thu Aug  3 11:46:47 IST 2023, elapsed time 0 seconds
