# lattice-depth-per-frame "ark:gunzip -c exp_FG/LSTM/decode/lat.3.gz|" "ark,t:|gzip -c > exp_FG/LSTM/decode/depth_tmp.3.gz" ark:- | lattice-best-path --acoustic-scale=0.1 ark:- ark:/dev/null "ark,t:|gzip -c >exp_FG/LSTM/decode/ali_tmp.3.gz" 
# Started at Thu Aug  3 11:46:47 IST 2023
#
lattice-depth-per-frame 'ark:gunzip -c exp_FG/LSTM/decode/lat.3.gz|' 'ark,t:|gzip -c > exp_FG/LSTM/decode/depth_tmp.3.gz' ark:- 
lattice-best-path --acoustic-scale=0.1 ark:- ark:/dev/null 'ark,t:|gzip -c >exp_FG/LSTM/decode/ali_tmp.3.gz' 
LOG (lattice-best-path[5.5.1074~1-71f3]:main():lattice-best-path.cc:99) For utterance FC03_1, best cost 19.0932 + -94.2347 = -75.1415 over 310 frames.
LOG (lattice-best-path[5.5.1074~1-71f3]:main():lattice-best-path.cc:99) For utterance FC03_11, best cost 18.4316 + -89.0586 = -70.627 over 240 frames.
LOG (lattice-best-path[5.5.1074~1-71f3]:main():lattice-best-path.cc:99) For utterance FC03_12, best cost 23.2094 + -133.92 = -110.711 over 315 frames.
LOG (lattice-best-path[5.5.1074~1-71f3]:main():lattice-best-path.cc:99) For utterance FC03_125, best cost 13.8999 + -52.4491 = -38.5491 over 170 frames.
LOG (lattice-best-path[5.5.1074~1-71f3]:main():lattice-best-path.cc:99) For utterance FC03_130, best cost 13.089 + -45.2082 = -32.1192 over 127 frames.
LOG (lattice-best-path[5.5.1074~1-71f3]:main():lattice-best-path.cc:99) For utterance FC03_137, best cost 13.6681 + -50.0552 = -36.3871 over 159 frames.
LOG (lattice-best-path[5.5.1074~1-71f3]:main():lattice-best-path.cc:99) For utterance FC03_139, best cost 14.553 + -49.9408 = -35.3877 over 175 frames.
LOG (lattice-best-path[5.5.1074~1-71f3]:main():lattice-best-path.cc:99) For utterance FC03_14, best cost 25.2628 + -170.513 = -145.25 over 374 frames.
LOG (lattice-best-path[5.5.1074~1-71f3]:main():lattice-best-path.cc:99) For utterance FC03_146, best cost 13.2793 + -46.8882 = -33.6089 over 165 frames.
LOG (lattice-best-path[5.5.1074~1-71f3]:main():lattice-best-path.cc:99) For utterance FC03_148, best cost 13.9163 + -67.8362 = -53.9199 over 170 frames.
LOG (lattice-best-path[5.5.1074~1-71f3]:main():lattice-best-path.cc:99) For utterance FC03_150, best cost 13.2983 + -55.6795 = -42.3812 over 154 frames.
LOG (lattice-best-path[5.5.1074~1-71f3]:main():lattice-best-path.cc:99) For utterance FC03_167, best cost 13.5654 + -54.0971 = -40.5317 over 159 frames.
LOG (lattice-best-path[5.5.1074~1-71f3]:main():lattice-best-path.cc:99) For utterance FC03_171, best cost 33.1099 + -83.5474 = -50.4375 over 342 frames.
LOG (lattice-best-path[5.5.1074~1-71f3]:main():lattice-best-path.cc:99) For utterance FC03_174, best cost 13.5418 + -53.5167 = -39.975 over 164 frames.
LOG (lattice-best-path[5.5.1074~1-71f3]:main():lattice-best-path.cc:99) For utterance FC03_175, best cost 14.1945 + -49.0461 = -34.8516 over 143 frames.
LOG (lattice-best-path[5.5.1074~1-71f3]:main():lattice-best-path.cc:99) For utterance FC03_177, best cost 13.805 + -51.7504 = -37.9454 over 186 frames.
LOG (lattice-best-path[5.5.1074~1-71f3]:main():lattice-best-path.cc:99) For utterance FC03_183, best cost 15.3947 + -58.1169 = -42.7223 over 208 frames.
LOG (lattice-best-path[5.5.1074~1-71f3]:main():lattice-best-path.cc:99) For utterance FC03_19, best cost 24.186 + -149.109 = -124.923 over 369 frames.
LOG (lattice-best-path[5.5.1074~1-71f3]:main():lattice-best-path.cc:99) For utterance FC03_191, best cost 13.1897 + -55.5207 = -42.331 over 170 frames.
LOG (lattice-best-path[5.5.1074~1-71f3]:main():lattice-best-path.cc:99) For utterance FC03_198, best cost 14.1594 + -64.761 = -50.6016 over 170 frames.
LOG (lattice-best-path[5.5.1074~1-71f3]:main():lattice-best-path.cc:99) For utterance FC03_20, best cost 25.808 + -138.854 = -113.046 over 417 frames.
LOG (lattice-best-path[5.5.1074~1-71f3]:main():lattice-best-path.cc:99) For utterance FC03_21, best cost 21.6509 + -110.18 = -88.5296 over 320 frames.
LOG (lattice-best-path[5.5.1074~1-71f3]:main():lattice-best-path.cc:99) For utterance FC03_212, best cost 18.6469 + -72.3488 = -53.7019 over 234 frames.
LOG (lattice-best-path[5.5.1074~1-71f3]:main():lattice-best-path.cc:99) For utterance FC03_217, best cost 23.1758 + -126.066 = -102.89 over 283 frames.
LOG (lattice-best-path[5.5.1074~1-71f3]:main():lattice-best-path.cc:99) For utterance FC03_223, best cost 28.1133 + -180.715 = -152.601 over 424 frames.
LOG (lattice-best-path[5.5.1074~1-71f3]:main():lattice-best-path.cc:99) For utterance FC03_225, best cost 24.0522 + -121.314 = -97.262 over 365 frames.
LOG (lattice-best-path[5.5.1074~1-71f3]:main():lattice-best-path.cc:99) For utterance FC03_230, best cost 24.5394 + -144.483 = -119.944 over 365 frames.
LOG (lattice-best-path[5.5.1074~1-71f3]:main():lattice-best-path.cc:99) For utterance FC03_231, best cost 32.0787 + -176.99 = -144.911 over 436 frames.
LOG (lattice-best-path[5.5.1074~1-71f3]:main():lattice-best-path.cc:99) For utterance FC03_233, best cost 24.3903 + -117.876 = -93.4862 over 361 frames.
LOG (lattice-best-path[5.5.1074~1-71f3]:main():lattice-best-path.cc:99) For utterance FC03_238, best cost 18.3783 + -82.1354 = -63.7571 over 258 frames.
LOG (lattice-best-path[5.5.1074~1-71f3]:main():lattice-best-path.cc:99) For utterance FC03_247, best cost 20.3876 + -106.292 = -85.9043 over 298 frames.
LOG (lattice-best-path[5.5.1074~1-71f3]:main():lattice-best-path.cc:99) For utterance FC03_259, best cost 19.5416 + -117.955 = -98.4138 over 274 frames.
LOG (lattice-best-path[5.5.1074~1-71f3]:main():lattice-best-path.cc:99) For utterance FC03_263, best cost 21.4975 + -130.804 = -109.306 over 298 frames.
LOG (lattice-best-path[5.5.1074~1-71f3]:main():lattice-best-path.cc:99) For utterance FC03_266, best cost 22.1769 + -134.131 = -111.954 over 294 frames.
LOG (lattice-best-path[5.5.1074~1-71f3]:main():lattice-best-path.cc:99) For utterance FC03_269, best cost 20.8727 + -132.195 = -111.322 over 286 frames.
LOG (lattice-best-path[5.5.1074~1-71f3]:main():lattice-best-path.cc:99) For utterance FC03_27, best cost 23.8002 + -117.823 = -94.0229 over 331 frames.
LOG (lattice-best-path[5.5.1074~1-71f3]:main():lattice-best-path.cc:99) For utterance FC03_270, best cost 23.565 + -133.732 = -110.167 over 373 frames.
LOG (lattice-best-path[5.5.1074~1-71f3]:main():lattice-best-path.cc:99) For utterance FC03_276, best cost 25.8658 + -151.151 = -125.285 over 357 frames.
LOG (lattice-best-path[5.5.1074~1-71f3]:main():lattice-best-path.cc:99) For utterance FC03_279, best cost 21.3284 + -116.029 = -94.7004 over 270 frames.
LOG (lattice-best-path[5.5.1074~1-71f3]:main():lattice-best-path.cc:99) For utterance FC03_282, best cost 23.1637 + -137.414 = -114.251 over 325 frames.
LOG (lattice-best-path[5.5.1074~1-71f3]:main():lattice-best-path.cc:99) For utterance FC03_283, best cost 25.3493 + -150.345 = -124.996 over 349 frames.
LOG (lattice-best-path[5.5.1074~1-71f3]:main():lattice-best-path.cc:99) For utterance FC03_285, best cost 25.8347 + -155.189 = -129.354 over 382 frames.
LOG (lattice-best-path[5.5.1074~1-71f3]:main():lattice-best-path.cc:99) For utterance FC03_289, best cost 27.4271 + -161.582 = -134.155 over 408 frames.
LOG (lattice-best-path[5.5.1074~1-71f3]:main():lattice-best-path.cc:99) For utterance FC03_29, best cost 23.9953 + -150.791 = -126.796 over 336 frames.
LOG (lattice-best-path[5.5.1074~1-71f3]:main():lattice-best-path.cc:99) For utterance FC03_290, best cost 28.8169 + -160.669 = -131.852 over 487 frames.
LOG (lattice-best-path[5.5.1074~1-71f3]:main():lattice-best-path.cc:99) For utterance FC03_291, best cost 33.1763 + -217.088 = -183.911 over 574 frames.
LOG (lattice-best-path[5.5.1074~1-71f3]:main():lattice-best-path.cc:99) For utterance FC03_296, best cost 35.4138 + -215.267 = -179.853 over 558 frames.
LOG (lattice-best-path[5.5.1074~1-71f3]:main():lattice-best-path.cc:99) For utterance FC03_30, best cost 25.143 + -141.907 = -116.764 over 326 frames.
LOG (lattice-best-path[5.5.1074~1-71f3]:main():lattice-best-path.cc:99) For utterance FC03_300, best cost 31.5896 + -216.772 = -185.182 over 487 frames.
LOG (lattice-depth-per-frame[5.5.1074~1-71f3]:main():lattice-depth-per-frame.cc:82) Done 76 lattices.
LOG (lattice-best-path[5.5.1074~1-71f3]:main():lattice-best-path.cc:99) For utterance FC03_307, best cost 26.0215 + -150.898 = -124.876 over 361 frames.
LOG (lattice-best-path[5.5.1074~1-71f3]:main():lattice-best-path.cc:99) For utterance FC03_310, best cost 25.1415 + -163.773 = -138.632 over 329 frames.
LOG (lattice-best-path[5.5.1074~1-71f3]:main():lattice-best-path.cc:99) For utterance FC03_316, best cost 26.7727 + -163.376 = -136.603 over 330 frames.
LOG (lattice-best-path[5.5.1074~1-71f3]:main():lattice-best-path.cc:99) For utterance FC03_317, best cost 25.9935 + -152.691 = -126.698 over 373 frames.
LOG (lattice-best-path[5.5.1074~1-71f3]:main():lattice-best-path.cc:99) For utterance FC03_319, best cost 25.2203 + -158.449 = -133.228 over 341 frames.
LOG (lattice-best-path[5.5.1074~1-71f3]:main():lattice-best-path.cc:99) For utterance FC03_320, best cost 21.8914 + -147.595 = -125.703 over 294 frames.
LOG (lattice-best-path[5.5.1074~1-71f3]:main():lattice-best-path.cc:99) For utterance FC03_335, best cost 22.8902 + -139.033 = -116.143 over 310 frames.
LOG (lattice-best-path[5.5.1074~1-71f3]:main():lattice-best-path.cc:99) For utterance FC03_336, best cost 23.5129 + -131.716 = -108.204 over 333 frames.
LOG (lattice-best-path[5.5.1074~1-71f3]:main():lattice-best-path.cc:99) For utterance FC03_338, best cost 22.1064 + -132.598 = -110.492 over 282 frames.
LOG (lattice-best-path[5.5.1074~1-71f3]:main():lattice-best-path.cc:99) For utterance FC03_34, best cost 18.5554 + -100.975 = -82.4196 over 251 frames.
LOG (lattice-best-path[5.5.1074~1-71f3]:main():lattice-best-path.cc:99) For utterance FC03_342, best cost 24.1029 + -146.423 = -122.32 over 318 frames.
LOG (lattice-best-path[5.5.1074~1-71f3]:main():lattice-best-path.cc:99) For utterance FC03_35, best cost 19.9643 + -101.796 = -81.832 over 294 frames.
LOG (lattice-best-path[5.5.1074~1-71f3]:main():lattice-best-path.cc:99) For utterance FC03_350, best cost 27.6958 + -170.565 = -142.869 over 353 frames.
LOG (lattice-best-path[5.5.1074~1-71f3]:main():lattice-best-path.cc:99) For utterance FC03_353, best cost 23.0547 + -125.505 = -102.45 over 306 frames.
LOG (lattice-best-path[5.5.1074~1-71f3]:main():lattice-best-path.cc:99) For utterance FC03_354, best cost 32.7541 + -225.039 = -192.285 over 499 frames.
LOG (lattice-best-path[5.5.1074~1-71f3]:main():lattice-best-path.cc:99) For utterance FC03_355, best cost 25.774 + -159.66 = -133.886 over 385 frames.
LOG (lattice-best-path[5.5.1074~1-71f3]:main():lattice-best-path.cc:99) For utterance FC03_41, best cost 26.8704 + -172.224 = -145.353 over 390 frames.
LOG (lattice-best-path[5.5.1074~1-71f3]:main():lattice-best-path.cc:99) For utterance FC03_46, best cost 17.3923 + -79.1045 = -61.7122 over 213 frames.
LOG (lattice-best-path[5.5.1074~1-71f3]:main():lattice-best-path.cc:99) For utterance FC03_5, best cost 19.6017 + -108.445 = -88.8432 over 283 frames.
LOG (lattice-best-path[5.5.1074~1-71f3]:main():lattice-best-path.cc:99) For utterance FC03_50, best cost 20.1667 + -96.5078 = -76.3411 over 288 frames.
LOG (lattice-best-path[5.5.1074~1-71f3]:main():lattice-best-path.cc:99) For utterance FC03_66, best cost 17.2202 + -90.4578 = -73.2376 over 218 frames.
LOG (lattice-best-path[5.5.1074~1-71f3]:main():lattice-best-path.cc:99) For utterance FC03_73, best cost 35.9546 + -246.755 = -210.8 over 476 frames.
LOG (lattice-best-path[5.5.1074~1-71f3]:main():lattice-best-path.cc:99) For utterance FC03_74, best cost 29.1391 + -173.982 = -144.843 over 465 frames.
LOG (lattice-best-path[5.5.1074~1-71f3]:main():lattice-best-path.cc:99) For utterance FC03_80, best cost 22.4722 + -113.206 = -90.7335 over 320 frames.
LOG (lattice-best-path[5.5.1074~1-71f3]:main():lattice-best-path.cc:99) For utterance FC03_85, best cost 24.4905 + -134.98 = -110.489 over 326 frames.
LOG (lattice-best-path[5.5.1074~1-71f3]:main():lattice-best-path.cc:99) For utterance FC03_94, best cost 23.7974 + -140.147 = -116.35 over 304 frames.
LOG (lattice-best-path[5.5.1074~1-71f3]:main():lattice-best-path.cc:99) For utterance FC03_98, best cost 27.7491 + -173.471 = -145.722 over 390 frames.
LOG (lattice-best-path[5.5.1074~1-71f3]:main():lattice-best-path.cc:124) Overall cost per frame is -0.327184 = 0.0720385 [graph] + -0.399223 [acoustic] over 23778 frames.
LOG (lattice-best-path[5.5.1074~1-71f3]:main():lattice-best-path.cc:128) Done 76 lattices, failed for 0
# Accounting: time=0 threads=1
# Ended (code 0) at Thu Aug  3 11:46:47 IST 2023, elapsed time 0 seconds
