# lattice-depth-per-frame "ark:gunzip -c exp_FG/LSTM/decode/lat.9.gz|" "ark,t:|gzip -c > exp_FG/LSTM/decode/depth_tmp.9.gz" ark:- | lattice-best-path --acoustic-scale=0.1 ark:- ark:/dev/null "ark,t:|gzip -c >exp_FG/LSTM/decode/ali_tmp.9.gz" 
# Started at Thu Aug  3 11:46:47 IST 2023
#
lattice-depth-per-frame 'ark:gunzip -c exp_FG/LSTM/decode/lat.9.gz|' 'ark,t:|gzip -c > exp_FG/LSTM/decode/depth_tmp.9.gz' ark:- 
lattice-best-path --acoustic-scale=0.1 ark:- ark:/dev/null 'ark,t:|gzip -c >exp_FG/LSTM/decode/ali_tmp.9.gz' 
LOG (lattice-best-path[5.5.1074~1-71f3]:main():lattice-best-path.cc:99) For utterance MC04_103, best cost 28.79 + -161.768 = -132.978 over 465 frames.
LOG (lattice-best-path[5.5.1074~1-71f3]:main():lattice-best-path.cc:99) For utterance MC04_107, best cost 14.5647 + -50.3884 = -35.8237 over 188 frames.
LOG (lattice-best-path[5.5.1074~1-71f3]:main():lattice-best-path.cc:99) For utterance MC04_110, best cost 14.8157 + -66.3664 = -51.5508 over 201 frames.
LOG (lattice-best-path[5.5.1074~1-71f3]:main():lattice-best-path.cc:99) For utterance MC04_124, best cost 12.4405 + -46.9714 = -34.5308 over 188 frames.
LOG (lattice-best-path[5.5.1074~1-71f3]:main():lattice-best-path.cc:99) For utterance MC04_127, best cost 13.6983 + -55.9326 = -42.2343 over 220 frames.
LOG (lattice-best-path[5.5.1074~1-71f3]:main():lattice-best-path.cc:99) For utterance MC04_13, best cost 23.0547 + -101.54 = -78.4848 over 269 frames.
LOG (lattice-best-path[5.5.1074~1-71f3]:main():lattice-best-path.cc:99) For utterance MC04_135, best cost 13.0839 + -37.6845 = -24.6006 over 140 frames.
LOG (lattice-best-path[5.5.1074~1-71f3]:main():lattice-best-path.cc:99) For utterance MC04_139, best cost 13.2773 + -47.836 = -34.5587 over 150 frames.
LOG (lattice-best-path[5.5.1074~1-71f3]:main():lattice-best-path.cc:99) For utterance MC04_141, best cost 11.3684 + -39.0865 = -27.7181 over 137 frames.
LOG (lattice-best-path[5.5.1074~1-71f3]:main():lattice-best-path.cc:99) For utterance MC04_146, best cost 12.4119 + -33.2359 = -20.824 over 114 frames.
LOG (lattice-best-path[5.5.1074~1-71f3]:main():lattice-best-path.cc:99) For utterance MC04_147, best cost 15.4207 + -59.1926 = -43.7719 over 185 frames.
LOG (lattice-best-path[5.5.1074~1-71f3]:main():lattice-best-path.cc:99) For utterance MC04_148, best cost 12.6522 + -59.5934 = -46.9412 over 130 frames.
LOG (lattice-best-path[5.5.1074~1-71f3]:main():lattice-best-path.cc:99) For utterance MC04_151, best cost 13.2473 + -59.6566 = -46.4093 over 146 frames.
LOG (lattice-best-path[5.5.1074~1-71f3]:main():lattice-best-path.cc:99) For utterance MC04_158, best cost 12.655 + -38.5682 = -25.9132 over 124 frames.
LOG (lattice-best-path[5.5.1074~1-71f3]:main():lattice-best-path.cc:99) For utterance MC04_162, best cost 12.5849 + -51.0399 = -38.455 over 150 frames.
LOG (lattice-best-path[5.5.1074~1-71f3]:main():lattice-best-path.cc:99) For utterance MC04_168, best cost 13.175 + -48.7052 = -35.5302 over 166 frames.
LOG (lattice-best-path[5.5.1074~1-71f3]:main():lattice-best-path.cc:99) For utterance MC04_174, best cost 13.1366 + -30.217 = -17.0804 over 137 frames.
LOG (lattice-best-path[5.5.1074~1-71f3]:main():lattice-best-path.cc:99) For utterance MC04_175, best cost 14.0325 + -51.728 = -37.6955 over 146 frames.
LOG (lattice-best-path[5.5.1074~1-71f3]:main():lattice-best-path.cc:99) For utterance MC04_184, best cost 11.5849 + -41.2808 = -29.6959 over 153 frames.
LOG (lattice-best-path[5.5.1074~1-71f3]:main():lattice-best-path.cc:99) For utterance MC04_187, best cost 12.9188 + -45.7598 = -32.8411 over 162 frames.
LOG (lattice-best-path[5.5.1074~1-71f3]:main():lattice-best-path.cc:99) For utterance MC04_189, best cost 13.9251 + -39.4681 = -25.543 over 172 frames.
LOG (lattice-best-path[5.5.1074~1-71f3]:main():lattice-best-path.cc:99) For utterance MC04_198, best cost 13.9773 + -63.7181 = -49.7408 over 169 frames.
LOG (lattice-best-path[5.5.1074~1-71f3]:main():lattice-best-path.cc:99) For utterance MC04_2, best cost 17.0081 + -83.5764 = -66.5683 over 243 frames.
LOG (lattice-best-path[5.5.1074~1-71f3]:main():lattice-best-path.cc:99) For utterance MC04_21, best cost 18.8731 + -101.407 = -82.5335 over 253 frames.
LOG (lattice-best-path[5.5.1074~1-71f3]:main():lattice-best-path.cc:99) For utterance MC04_219, best cost 26.3951 + -156.933 = -130.538 over 366 frames.
LOG (lattice-best-path[5.5.1074~1-71f3]:main():lattice-best-path.cc:99) For utterance MC04_222, best cost 20.977 + -108.432 = -87.4551 over 325 frames.
LOG (lattice-best-path[5.5.1074~1-71f3]:main():lattice-best-path.cc:99) For utterance MC04_223, best cost 25.6608 + -157.93 = -132.269 over 398 frames.
LOG (lattice-best-path[5.5.1074~1-71f3]:main():lattice-best-path.cc:99) For utterance MC04_23, best cost 24.1967 + -133.815 = -109.618 over 301 frames.
LOG (lattice-depth-per-frame[5.5.1074~1-71f3]:main():lattice-depth-per-frame.cc:82) Done 66 lattices.
LOG (lattice-best-path[5.5.1074~1-71f3]:main():lattice-best-path.cc:99) For utterance MC04_231, best cost 28.6268 + -124.755 = -96.1287 over 382 frames.
LOG (lattice-best-path[5.5.1074~1-71f3]:main():lattice-best-path.cc:99) For utterance MC04_239, best cost 20.2896 + -96.1413 = -75.8517 over 261 frames.
LOG (lattice-best-path[5.5.1074~1-71f3]:main():lattice-best-path.cc:99) For utterance MC04_243, best cost 23.4185 + -112.904 = -89.4853 over 358 frames.
LOG (lattice-best-path[5.5.1074~1-71f3]:main():lattice-best-path.cc:99) For utterance MC04_249, best cost 23.1935 + -118.421 = -95.228 over 269 frames.
LOG (lattice-best-path[5.5.1074~1-71f3]:main():lattice-best-path.cc:99) For utterance MC04_25, best cost 23.7613 + -121.355 = -97.5935 over 301 frames.
LOG (lattice-best-path[5.5.1074~1-71f3]:main():lattice-best-path.cc:99) For utterance MC04_257, best cost 17.8739 + -84.5715 = -66.6976 over 224 frames.
LOG (lattice-best-path[5.5.1074~1-71f3]:main():lattice-best-path.cc:99) For utterance MC04_268, best cost 27.9788 + -178.924 = -150.945 over 344 frames.
LOG (lattice-best-path[5.5.1074~1-71f3]:main():lattice-best-path.cc:99) For utterance MC04_27, best cost 20.8828 + -105.088 = -84.2048 over 278 frames.
LOG (lattice-best-path[5.5.1074~1-71f3]:main():lattice-best-path.cc:99) For utterance MC04_287, best cost 21.7176 + -113.642 = -91.9244 over 260 frames.
LOG (lattice-best-path[5.5.1074~1-71f3]:main():lattice-best-path.cc:99) For utterance MC04_291, best cost 26.8028 + -149.681 = -122.878 over 334 frames.
LOG (lattice-best-path[5.5.1074~1-71f3]:main():lattice-best-path.cc:99) For utterance MC04_294, best cost 20.8602 + -100.937 = -80.0764 over 275 frames.
LOG (lattice-best-path[5.5.1074~1-71f3]:main():lattice-best-path.cc:99) For utterance MC04_297, best cost 23.4845 + -140.201 = -116.716 over 294 frames.
LOG (lattice-best-path[5.5.1074~1-71f3]:main():lattice-best-path.cc:99) For utterance MC04_301, best cost 26.2512 + -148.224 = -121.973 over 326 frames.
LOG (lattice-best-path[5.5.1074~1-71f3]:main():lattice-best-path.cc:99) For utterance MC04_307, best cost 23.2455 + -130.273 = -107.027 over 261 frames.
LOG (lattice-best-path[5.5.1074~1-71f3]:main():lattice-best-path.cc:99) For utterance MC04_308, best cost 20.0912 + -104.676 = -84.585 over 224 frames.
LOG (lattice-best-path[5.5.1074~1-71f3]:main():lattice-best-path.cc:99) For utterance MC04_315, best cost 21.6248 + -114.253 = -92.6283 over 224 frames.
LOG (lattice-best-path[5.5.1074~1-71f3]:main():lattice-best-path.cc:99) For utterance MC04_318, best cost 20.9468 + -108.411 = -87.4644 over 229 frames.
LOG (lattice-best-path[5.5.1074~1-71f3]:main():lattice-best-path.cc:99) For utterance MC04_322, best cost 22.0147 + -130.794 = -108.779 over 310 frames.
LOG (lattice-best-path[5.5.1074~1-71f3]:main():lattice-best-path.cc:99) For utterance MC04_324, best cost 28.3702 + -148.971 = -120.601 over 374 frames.
LOG (lattice-best-path[5.5.1074~1-71f3]:main():lattice-best-path.cc:99) For utterance MC04_333, best cost 23.2573 + -130.139 = -106.882 over 294 frames.
LOG (lattice-best-path[5.5.1074~1-71f3]:main():lattice-best-path.cc:99) For utterance MC04_334, best cost 24.0227 + -132.175 = -108.152 over 283 frames.
LOG (lattice-best-path[5.5.1074~1-71f3]:main():lattice-best-path.cc:99) For utterance MC04_336, best cost 22.5363 + -133.148 = -110.611 over 283 frames.
LOG (lattice-best-path[5.5.1074~1-71f3]:main():lattice-best-path.cc:99) For utterance MC04_338, best cost 23.2805 + -120.016 = -96.7357 over 337 frames.
LOG (lattice-best-path[5.5.1074~1-71f3]:main():lattice-best-path.cc:99) For utterance MC04_344, best cost 20.1518 + -111.439 = -91.2875 over 251 frames.
LOG (lattice-best-path[5.5.1074~1-71f3]:main():lattice-best-path.cc:99) For utterance MC04_346, best cost 22.3994 + -105.435 = -83.0358 over 272 frames.
LOG (lattice-best-path[5.5.1074~1-71f3]:main():lattice-best-path.cc:99) For utterance MC04_35, best cost 19.4133 + -93.2262 = -73.8128 over 298 frames.
LOG (lattice-best-path[5.5.1074~1-71f3]:main():lattice-best-path.cc:99) For utterance MC04_351, best cost 23.3954 + -116.728 = -93.3329 over 267 frames.
LOG (lattice-best-path[5.5.1074~1-71f3]:main():lattice-best-path.cc:99) For utterance MC04_46, best cost 16.4174 + -66.5072 = -50.0898 over 169 frames.
LOG (lattice-best-path[5.5.1074~1-71f3]:main():lattice-best-path.cc:99) For utterance MC04_47, best cost 16.2084 + -67.68 = -51.4716 over 240 frames.
LOG (lattice-best-path[5.5.1074~1-71f3]:main():lattice-best-path.cc:99) For utterance MC04_50, best cost 18.6359 + -87.6171 = -68.9812 over 220 frames.
LOG (lattice-best-path[5.5.1074~1-71f3]:main():lattice-best-path.cc:99) For utterance MC04_54, best cost 17.4658 + -82.841 = -65.3751 over 230 frames.
LOG (lattice-best-path[5.5.1074~1-71f3]:main():lattice-best-path.cc:99) For utterance MC04_6, best cost 18.4983 + -101.068 = -82.5695 over 249 frames.
LOG (lattice-best-path[5.5.1074~1-71f3]:main():lattice-best-path.cc:99) For utterance MC04_69, best cost 17.3697 + -76.5163 = -59.1466 over 195 frames.
LOG (lattice-best-path[5.5.1074~1-71f3]:main():lattice-best-path.cc:99) For utterance MC04_75, best cost 27.253 + -154.8 = -127.547 over 349 frames.
LOG (lattice-best-path[5.5.1074~1-71f3]:main():lattice-best-path.cc:99) For utterance MC04_76, best cost 22.9491 + -112.042 = -89.0924 over 285 frames.
LOG (lattice-best-path[5.5.1074~1-71f3]:main():lattice-best-path.cc:99) For utterance MC04_81, best cost 20.0487 + -99.6485 = -79.5998 over 236 frames.
LOG (lattice-best-path[5.5.1074~1-71f3]:main():lattice-best-path.cc:99) For utterance MC04_89, best cost 27.0273 + -155.559 = -128.532 over 349 frames.
LOG (lattice-best-path[5.5.1074~1-71f3]:main():lattice-best-path.cc:99) For utterance MC04_98, best cost 25.5153 + -148.542 = -123.026 over 362 frames.
LOG (lattice-best-path[5.5.1074~1-71f3]:main():lattice-best-path.cc:124) Overall cost per frame is -0.309304 = 0.0786424 [graph] + -0.387947 [acoustic] over 16495 frames.
LOG (lattice-best-path[5.5.1074~1-71f3]:main():lattice-best-path.cc:128) Done 66 lattices, failed for 0
# Accounting: time=0 threads=1
# Ended (code 0) at Thu Aug  3 11:46:47 IST 2023, elapsed time 0 seconds
