# lattice-depth-per-frame "ark:gunzip -c exp_FG/LSTM/decode/lat.6.gz|" "ark,t:|gzip -c > exp_FG/LSTM/decode/depth_tmp.6.gz" ark:- | lattice-best-path --acoustic-scale=0.1 ark:- ark:/dev/null "ark,t:|gzip -c >exp_FG/LSTM/decode/ali_tmp.6.gz" 
# Started at Thu Aug  3 11:46:47 IST 2023
#
lattice-depth-per-frame 'ark:gunzip -c exp_FG/LSTM/decode/lat.6.gz|' 'ark,t:|gzip -c > exp_FG/LSTM/decode/depth_tmp.6.gz' ark:- 
lattice-best-path --acoustic-scale=0.1 ark:- ark:/dev/null 'ark,t:|gzip -c >exp_FG/LSTM/decode/ali_tmp.6.gz' 
LOG (lattice-best-path[5.5.1074~1-71f3]:main():lattice-best-path.cc:99) For utterance MC01_104, best cost 17.5404 + -94.7787 = -77.2383 over 300 frames.
LOG (lattice-best-path[5.5.1074~1-71f3]:main():lattice-best-path.cc:99) For utterance MC01_106, best cost 16.6668 + -87.7327 = -71.0659 over 294 frames.
LOG (lattice-best-path[5.5.1074~1-71f3]:main():lattice-best-path.cc:99) For utterance MC01_107, best cost 14.5535 + -61.2283 = -46.6748 over 226 frames.
LOG (lattice-best-path[5.5.1074~1-71f3]:main():lattice-best-path.cc:99) For utterance MC01_113, best cost 12.3296 + -44.8255 = -32.4959 over 162 frames.
LOG (lattice-best-path[5.5.1074~1-71f3]:main():lattice-best-path.cc:99) For utterance MC01_119, best cost 12.8229 + -33.3975 = -20.5746 over 106 frames.
LOG (lattice-best-path[5.5.1074~1-71f3]:main():lattice-best-path.cc:99) For utterance MC01_123, best cost 13.0577 + -43.5134 = -30.4557 over 123 frames.
LOG (lattice-best-path[5.5.1074~1-71f3]:main():lattice-best-path.cc:99) For utterance MC01_126, best cost 11.7256 + -40.0319 = -28.3063 over 162 frames.
LOG (lattice-best-path[5.5.1074~1-71f3]:main():lattice-best-path.cc:99) For utterance MC01_127, best cost 12.6786 + -37.8212 = -25.1426 over 219 frames.
LOG (lattice-best-path[5.5.1074~1-71f3]:main():lattice-best-path.cc:99) For utterance MC01_130, best cost 12.4467 + -36.9712 = -24.5244 over 147 frames.
LOG (lattice-best-path[5.5.1074~1-71f3]:main():lattice-best-path.cc:99) For utterance MC01_140, best cost 14.1988 + -59.4133 = -45.2145 over 198 frames.
LOG (lattice-best-path[5.5.1074~1-71f3]:main():lattice-best-path.cc:99) For utterance MC01_157, best cost 15.8617 + -71.9166 = -56.0549 over 258 frames.
LOG (lattice-best-path[5.5.1074~1-71f3]:main():lattice-best-path.cc:99) For utterance MC01_158, best cost 12.6138 + -34.6025 = -21.9887 over 155 frames.
LOG (lattice-best-path[5.5.1074~1-71f3]:main():lattice-best-path.cc:99) For utterance MC01_176, best cost 12.9778 + -53.0552 = -40.0774 over 162 frames.
LOG (lattice-best-path[5.5.1074~1-71f3]:main():lattice-best-path.cc:99) For utterance MC01_180, best cost 12.4493 + -48.9478 = -36.4985 over 210 frames.
LOG (lattice-best-path[5.5.1074~1-71f3]:main():lattice-best-path.cc:99) For utterance MC01_181, best cost 13.0694 + -46.357 = -33.2876 over 159 frames.
LOG (lattice-best-path[5.5.1074~1-71f3]:main():lattice-best-path.cc:99) For utterance MC01_199, best cost 13.8773 + -57.4407 = -43.5635 over 193 frames.
LOG (lattice-best-path[5.5.1074~1-71f3]:main():lattice-best-path.cc:99) For utterance MC01_203, best cost 14.2485 + -67.0677 = -52.8192 over 229 frames.
LOG (lattice-best-path[5.5.1074~1-71f3]:main():lattice-best-path.cc:99) For utterance MC01_205, best cost 15.2996 + -61.0467 = -45.747 over 202 frames.
LOG (lattice-best-path[5.5.1074~1-71f3]:main():lattice-best-path.cc:99) For utterance MC01_21, best cost 31.1007 + -87.5146 = -56.4139 over 299 frames.
LOG (lattice-best-path[5.5.1074~1-71f3]:main():lattice-best-path.cc:99) For utterance MC01_217, best cost 22.743 + -123.06 = -100.317 over 349 frames.
LOG (lattice-best-path[5.5.1074~1-71f3]:main():lattice-best-path.cc:99) For utterance MC01_218, best cost 22.8659 + -143.637 = -120.771 over 440 frames.
LOG (lattice-best-path[5.5.1074~1-71f3]:main():lattice-best-path.cc:99) For utterance MC01_223, best cost 25.4105 + -161.549 = -136.138 over 358 frames.
LOG (lattice-best-path[5.5.1074~1-71f3]:main():lattice-best-path.cc:99) For utterance MC01_224, best cost 21.7711 + -149.846 = -128.075 over 338 frames.
LOG (lattice-best-path[5.5.1074~1-71f3]:main():lattice-best-path.cc:99) For utterance MC01_225, best cost 19.9191 + -123.936 = -104.017 over 283 frames.
LOG (lattice-best-path[5.5.1074~1-71f3]:main():lattice-best-path.cc:99) For utterance MC01_226, best cost 18.5581 + -90.4943 = -71.9361 over 239 frames.
LOG (lattice-best-path[5.5.1074~1-71f3]:main():lattice-best-path.cc:99) For utterance MC01_228, best cost 20.4007 + -125.234 = -104.833 over 288 frames.
LOG (lattice-best-path[5.5.1074~1-71f3]:main():lattice-best-path.cc:99) For utterance MC01_230, best cost 22.4086 + -123.238 = -100.829 over 346 frames.
LOG (lattice-best-path[5.5.1074~1-71f3]:main():lattice-best-path.cc:99) For utterance MC01_231, best cost 27.8997 + -181.895 = -153.995 over 548 frames.
LOG (lattice-best-path[5.5.1074~1-71f3]:main():lattice-best-path.cc:99) For utterance MC01_239, best cost 19.9163 + -108.997 = -89.0812 over 314 frames.
LOG (lattice-best-path[5.5.1074~1-71f3]:main():lattice-best-path.cc:99) For utterance MC01_251, best cost 23.4722 + -145.292 = -121.82 over 393 frames.
LOG (lattice-best-path[5.5.1074~1-71f3]:main():lattice-best-path.cc:99) For utterance MC01_256, best cost 17.791 + -101.085 = -83.2941 over 370 frames.
LOG (lattice-best-path[5.5.1074~1-71f3]:main():lattice-best-path.cc:99) For utterance MC01_257, best cost 17.9326 + -92.302 = -74.3695 over 255 frames.
LOG (lattice-best-path[5.5.1074~1-71f3]:main():lattice-best-path.cc:99) For utterance MC01_261, best cost 21.3707 + -117.043 = -95.6728 over 314 frames.
LOG (lattice-best-path[5.5.1074~1-71f3]:main():lattice-best-path.cc:99) For utterance MC01_263, best cost 18.4517 + -90.1219 = -71.6701 over 263 frames.
LOG (lattice-best-path[5.5.1074~1-71f3]:main():lattice-best-path.cc:99) For utterance MC01_265, best cost 20.2228 + -113.071 = -92.8483 over 381 frames.
LOG (lattice-best-path[5.5.1074~1-71f3]:main():lattice-best-path.cc:99) For utterance MC01_266, best cost 20.1583 + -138.363 = -118.204 over 457 frames.
LOG (lattice-best-path[5.5.1074~1-71f3]:main():lattice-best-path.cc:99) For utterance MC01_269, best cost 18.5415 + -90.9429 = -72.4014 over 298 frames.
LOG (lattice-best-path[5.5.1074~1-71f3]:main():lattice-best-path.cc:99) For utterance MC01_271, best cost 26.1127 + -167.951 = -141.839 over 401 frames.
LOG (lattice-best-path[5.5.1074~1-71f3]:main():lattice-best-path.cc:99) For utterance MC01_288, best cost 27.7352 + -164.219 = -136.484 over 423 frames.
LOG (lattice-best-path[5.5.1074~1-71f3]:main():lattice-best-path.cc:99) For utterance MC01_293, best cost 23.8842 + -138.342 = -114.458 over 343 frames.
LOG (lattice-best-path[5.5.1074~1-71f3]:main():lattice-best-path.cc:99) For utterance MC01_311, best cost 31.0013 + -211.818 = -180.816 over 491 frames.
LOG (lattice-best-path[5.5.1074~1-71f3]:main():lattice-best-path.cc:99) For utterance MC01_313, best cost 24.0505 + -158.194 = -134.144 over 372 frames.
LOG (lattice-depth-per-frame[5.5.1074~1-71f3]:main():lattice-depth-per-frame.cc:82) Done 66 lattices.
LOG (lattice-best-path[5.5.1074~1-71f3]:main():lattice-best-path.cc:99) For utterance MC01_315, best cost 24.0615 + -148.167 = -124.106 over 433 frames.
LOG (lattice-best-path[5.5.1074~1-71f3]:main():lattice-best-path.cc:99) For utterance MC01_325, best cost 23.3646 + -122.976 = -99.6111 over 365 frames.
LOG (lattice-best-path[5.5.1074~1-71f3]:main():lattice-best-path.cc:99) For utterance MC01_327, best cost 28.0698 + -164.275 = -136.205 over 520 frames.
LOG (lattice-best-path[5.5.1074~1-71f3]:main():lattice-best-path.cc:99) For utterance MC01_33, best cost 26.1192 + -158.011 = -131.891 over 447 frames.
LOG (lattice-best-path[5.5.1074~1-71f3]:main():lattice-best-path.cc:99) For utterance MC01_330, best cost 25.189 + -159.035 = -133.846 over 443 frames.
LOG (lattice-best-path[5.5.1074~1-71f3]:main():lattice-best-path.cc:99) For utterance MC01_331, best cost 19.7514 + -117.633 = -97.8817 over 333 frames.
LOG (lattice-best-path[5.5.1074~1-71f3]:main():lattice-best-path.cc:99) For utterance MC01_337, best cost 23.4345 + -142.623 = -119.188 over 352 frames.
LOG (lattice-best-path[5.5.1074~1-71f3]:main():lattice-best-path.cc:99) For utterance MC01_342, best cost 22.3643 + -154.388 = -132.024 over 477 frames.
LOG (lattice-best-path[5.5.1074~1-71f3]:main():lattice-best-path.cc:99) For utterance MC01_355, best cost 23.5705 + -142.98 = -119.41 over 375 frames.
LOG (lattice-best-path[5.5.1074~1-71f3]:main():lattice-best-path.cc:99) For utterance MC01_357, best cost 19.5156 + -113.174 = -93.6581 over 315 frames.
LOG (lattice-best-path[5.5.1074~1-71f3]:main():lattice-best-path.cc:99) For utterance MC01_363, best cost 23.6931 + -169.385 = -145.692 over 515 frames.
LOG (lattice-best-path[5.5.1074~1-71f3]:main():lattice-best-path.cc:99) For utterance MC01_38, best cost 17.9644 + -91.422 = -73.4576 over 225 frames.
LOG (lattice-best-path[5.5.1074~1-71f3]:main():lattice-best-path.cc:99) For utterance MC01_44, best cost 23.9236 + -154.181 = -130.257 over 403 frames.
LOG (lattice-best-path[5.5.1074~1-71f3]:main():lattice-best-path.cc:99) For utterance MC01_53, best cost 23.0355 + -129.765 = -106.73 over 376 frames.
LOG (lattice-best-path[5.5.1074~1-71f3]:main():lattice-best-path.cc:99) For utterance MC01_55, best cost 23.7476 + -149.09 = -125.342 over 360 frames.
LOG (lattice-best-path[5.5.1074~1-71f3]:main():lattice-best-path.cc:99) For utterance MC01_62, best cost 16.1036 + -82.2711 = -66.1675 over 252 frames.
LOG (lattice-best-path[5.5.1074~1-71f3]:main():lattice-best-path.cc:99) For utterance MC01_68, best cost 24.3672 + -158.2 = -133.833 over 406 frames.
LOG (lattice-best-path[5.5.1074~1-71f3]:main():lattice-best-path.cc:99) For utterance MC01_69, best cost 15.7332 + -78.0683 = -62.3351 over 214 frames.
LOG (lattice-best-path[5.5.1074~1-71f3]:main():lattice-best-path.cc:99) For utterance MC01_70, best cost 15.9628 + -79.698 = -63.7352 over 208 frames.
LOG (lattice-best-path[5.5.1074~1-71f3]:main():lattice-best-path.cc:99) For utterance MC01_75, best cost 26.75 + -150.974 = -124.224 over 344 frames.
LOG (lattice-best-path[5.5.1074~1-71f3]:main():lattice-best-path.cc:99) For utterance MC01_76, best cost 22.0364 + -112.318 = -90.2819 over 289 frames.
LOG (lattice-best-path[5.5.1074~1-71f3]:main():lattice-best-path.cc:99) For utterance MC01_79, best cost 24.0815 + -146.456 = -122.375 over 426 frames.
LOG (lattice-best-path[5.5.1074~1-71f3]:main():lattice-best-path.cc:99) For utterance MC01_83, best cost 20.9527 + -108.329 = -87.3763 over 343 frames.
LOG (lattice-best-path[5.5.1074~1-71f3]:main():lattice-best-path.cc:99) For utterance MC01_98, best cost 26.0568 + -168.418 = -142.361 over 387 frames.
LOG (lattice-best-path[5.5.1074~1-71f3]:main():lattice-best-path.cc:124) Overall cost per frame is -0.287323 = 0.0638046 [graph] + -0.351127 [acoustic] over 20876 frames.
LOG (lattice-best-path[5.5.1074~1-71f3]:main():lattice-best-path.cc:128) Done 66 lattices, failed for 0
# Accounting: time=0 threads=1
# Ended (code 0) at Thu Aug  3 11:46:47 IST 2023, elapsed time 0 seconds
