# nnet-latgen-faster --minimize=false --max-active=7000 --min-active=200 --beam=15.0 --lattice-beam=8.0 --acoustic-scale=0.1 --allow-partial=true --word-symbol-table=exp_FG/tri_8_2000/graph/words.txt exp_FG/DNN_tri_8_2000_aligned_layer3_nodes256/final.mdl exp_FG/tri_8_2000/graph/HCLG.fst "ark,s,cs:apply-cmvn  --utt2spk=ark:data/test/split10/3/utt2spk scp:data/test/split10/3/cmvn.scp scp:data/test/split10/3/feats.scp ark:- |" "ark:|gzip -c > exp_FG/DNN_tri_8_2000_aligned_layer3_nodes256/decode/lat.3.gz" 
# Started at Thu Aug  3 11:46:04 IST 2023
#
nnet-latgen-faster --minimize=false --max-active=7000 --min-active=200 --beam=15.0 --lattice-beam=8.0 --acoustic-scale=0.1 --allow-partial=true --word-symbol-table=exp_FG/tri_8_2000/graph/words.txt exp_FG/DNN_tri_8_2000_aligned_layer3_nodes256/final.mdl exp_FG/tri_8_2000/graph/HCLG.fst 'ark,s,cs:apply-cmvn  --utt2spk=ark:data/test/split10/3/utt2spk scp:data/test/split10/3/cmvn.scp scp:data/test/split10/3/feats.scp ark:- |' 'ark:|gzip -c > exp_FG/DNN_tri_8_2000_aligned_layer3_nodes256/decode/lat.3.gz' 
apply-cmvn --utt2spk=ark:data/test/split10/3/utt2spk scp:data/test/split10/3/cmvn.scp scp:data/test/split10/3/feats.scp ark:- 
FC03_1 kadxawulxai wanxanggeu 
LOG (nnet-latgen-faster[5.5.1074~1-71f3]:DecodeUtteranceLatticeFaster():decoder-wrappers.cc:375) Log-like per frame for utterance FC03_1 is 0.28117 over 310 frames.
FC03_11 yaanai pilxirxum 
LOG (nnet-latgen-faster[5.5.1074~1-71f3]:DecodeUtteranceLatticeFaster():decoder-wrappers.cc:375) Log-like per frame for utterance FC03_11 is 0.338519 over 240 frames.
FC03_12 seywana tirundda sey 
LOG (nnet-latgen-faster[5.5.1074~1-71f3]:DecodeUtteranceLatticeFaster():decoder-wrappers.cc:375) Log-like per frame for utterance FC03_12 is 0.360821 over 315 frames.
FC03_125 matxtxam 
LOG (nnet-latgen-faster[5.5.1074~1-71f3]:DecodeUtteranceLatticeFaster():decoder-wrappers.cc:375) Log-like per frame for utterance FC03_125 is 0.301434 over 170 frames.
FC03_130 saram 
LOG (nnet-latgen-faster[5.5.1074~1-71f3]:DecodeUtteranceLatticeFaster():decoder-wrappers.cc:375) Log-like per frame for utterance FC03_130 is 0.304419 over 127 frames.
FC03_137 ndaagam 
LOG (nnet-latgen-faster[5.5.1074~1-71f3]:DecodeUtteranceLatticeFaster():decoder-wrappers.cc:375) Log-like per frame for utterance FC03_137 is 0.317014 over 159 frames.
FC03_139 tadxaagam 
LOG (nnet-latgen-faster[5.5.1074~1-71f3]:DecodeUtteranceLatticeFaster():decoder-wrappers.cc:375) Log-like per frame for utterance FC03_139 is 0.339722 over 175 frames.
FC03_14 kudxisai tiiyaal erinddadeu 
LOG (nnet-latgen-faster[5.5.1074~1-71f3]:DecodeUtteranceLatticeFaster():decoder-wrappers.cc:375) Log-like per frame for utterance FC03_14 is 0.386016 over 374 frames.
FC03_146 katti 
LOG (nnet-latgen-faster[5.5.1074~1-71f3]:DecodeUtteranceLatticeFaster():decoder-wrappers.cc:375) Log-like per frame for utterance FC03_146 is 0.289726 over 165 frames.
FC03_148 ganxeesx 
LOG (nnet-latgen-faster[5.5.1074~1-71f3]:DecodeUtteranceLatticeFaster():decoder-wrappers.cc:375) Log-like per frame for utterance FC03_148 is 0.308964 over 170 frames.
FC03_150 kanxini 
LOG (nnet-latgen-faster[5.5.1074~1-71f3]:DecodeUtteranceLatticeFaster():decoder-wrappers.cc:375) Log-like per frame for utterance FC03_150 is 0.353108 over 154 frames.
FC03_167 patxtxeu 
LOG (nnet-latgen-faster[5.5.1074~1-71f3]:DecodeUtteranceLatticeFaster():decoder-wrappers.cc:375) Log-like per frame for utterance FC03_167 is 0.291133 over 159 frames.
FC03_171 senggai 
LOG (nnet-latgen-faster[5.5.1074~1-71f3]:DecodeUtteranceLatticeFaster():decoder-wrappers.cc:375) Log-like per frame for utterance FC03_171 is 0.297157 over 342 frames.
FC03_174 paccai 
LOG (nnet-latgen-faster[5.5.1074~1-71f3]:DecodeUtteranceLatticeFaster():decoder-wrappers.cc:375) Log-like per frame for utterance FC03_174 is 0.258815 over 164 frames.
FC03_175 puttagam 
LOG (nnet-latgen-faster[5.5.1074~1-71f3]:DecodeUtteranceLatticeFaster():decoder-wrappers.cc:375) Log-like per frame for utterance FC03_175 is 0.305948 over 143 frames.
FC03_177 taagam 
LOG (nnet-latgen-faster[5.5.1074~1-71f3]:DecodeUtteranceLatticeFaster():decoder-wrappers.cc:375) Log-like per frame for utterance FC03_177 is 0.286065 over 186 frames.
FC03_183 maambazham 
LOG (nnet-latgen-faster[5.5.1074~1-71f3]:DecodeUtteranceLatticeFaster():decoder-wrappers.cc:375) Log-like per frame for utterance FC03_183 is 0.326028 over 208 frames.
FC03_19 sirxuwar padxippadeu palxlxi 
LOG (nnet-latgen-faster[5.5.1074~1-71f3]:DecodeUtteranceLatticeFaster():decoder-wrappers.cc:375) Log-like per frame for utterance FC03_19 is 0.365313 over 369 frames.
FC03_191 maadulxai 
LOG (nnet-latgen-faster[5.5.1074~1-71f3]:DecodeUtteranceLatticeFaster():decoder-wrappers.cc:375) Log-like per frame for utterance FC03_191 is 0.314781 over 170 frames.
FC03_198 nduraiyiiral 
LOG (nnet-latgen-faster[5.5.1074~1-71f3]:DecodeUtteranceLatticeFaster():decoder-wrappers.cc:375) Log-like per frame for utterance FC03_198 is 0.263331 over 170 frames.
FC03_20 sirxeu tulxi pereu welxlxam 
LOG (nnet-latgen-faster[5.5.1074~1-71f3]:DecodeUtteranceLatticeFaster():decoder-wrappers.cc:375) Log-like per frame for utterance FC03_20 is 0.352808 over 417 frames.
FC03_21 paappaa padxam paar 
LOG (nnet-latgen-faster[5.5.1074~1-71f3]:DecodeUtteranceLatticeFaster():decoder-wrappers.cc:375) Log-like per frame for utterance FC03_21 is 0.346745 over 320 frames.
FC03_212 anjjal ndilaiyam 
LOG (nnet-latgen-faster[5.5.1074~1-71f3]:DecodeUtteranceLatticeFaster():decoder-wrappers.cc:375) Log-like per frame for utterance FC03_212 is 0.32684 over 234 frames.
FC03_217 selwam adirsxtxam tarum 
LOG (nnet-latgen-faster[5.5.1074~1-71f3]:DecodeUtteranceLatticeFaster():decoder-wrappers.cc:375) Log-like per frame for utterance FC03_217 is 0.381528 over 283 frames.
FC03_223 asxtxalaksxmi puujai ndalamalxikkum 
LOG (nnet-latgen-faster[5.5.1074~1-71f3]:DecodeUtteranceLatticeFaster():decoder-wrappers.cc:375) Log-like per frame for utterance FC03_223 is 0.395319 over 424 frames.
FC03_225 jeyhindd enrxeu kuurxeu 
LOG (nnet-latgen-faster[5.5.1074~1-71f3]:DecodeUtteranceLatticeFaster():decoder-wrappers.cc:375) Log-like per frame for utterance FC03_225 is 0.295791 over 365 frames.
FC03_230 anggee inggee paarkkaadee 
LOG (nnet-latgen-faster[5.5.1074~1-71f3]:DecodeUtteranceLatticeFaster():decoder-wrappers.cc:375) Log-like per frame for utterance FC03_230 is 0.389126 over 365 frames.
FC03_231 injji maruttuwa gunxam waaynddadeu 
LOG (nnet-latgen-faster[5.5.1074~1-71f3]:DecodeUtteranceLatticeFaster():decoder-wrappers.cc:375) Log-like per frame for utterance FC03_231 is 0.378359 over 436 frames.
FC03_233 isxtxam pool waazhalaam 
LOG (nnet-latgen-faster[5.5.1074~1-71f3]:DecodeUtteranceLatticeFaster():decoder-wrappers.cc:375) Log-like per frame for utterance FC03_233 is 0.347485 over 361 frames.
FC03_238 uccam todxeu 
LOG (nnet-latgen-faster[5.5.1074~1-71f3]:DecodeUtteranceLatticeFaster():decoder-wrappers.cc:375) Log-like per frame for utterance FC03_238 is 0.324322 over 258 frames.
FC03_247 adeu endda uur 
LOG (nnet-latgen-faster[5.5.1074~1-71f3]:DecodeUtteranceLatticeFaster():decoder-wrappers.cc:375) Log-like per frame for utterance FC03_247 is 0.310295 over 298 frames.
FC03_259 aidiigam peesaadee 
LOG (nnet-latgen-faster[5.5.1074~1-71f3]:DecodeUtteranceLatticeFaster():decoder-wrappers.cc:375) Log-like per frame for utterance FC03_259 is 0.371924 over 274 frames.
FC03_263 idxa odeukkiidxeu sey 
LOG (nnet-latgen-faster[5.5.1074~1-71f3]:DecodeUtteranceLatticeFaster():decoder-wrappers.cc:375) Log-like per frame for utterance FC03_263 is 0.376822 over 298 frames.
FC03_266 biins oruwagai kaay 
LOG (nnet-latgen-faster[5.5.1074~1-71f3]:DecodeUtteranceLatticeFaster():decoder-wrappers.cc:375) Log-like per frame for utterance FC03_266 is 0.381623 over 294 frames.
FC03_269 ndadxai ozhunggeu sey 
LOG (nnet-latgen-faster[5.5.1074~1-71f3]:DecodeUtteranceLatticeFaster():decoder-wrappers.cc:375) Log-like per frame for utterance FC03_269 is 0.374555 over 286 frames.
FC03_27 padxitteup patxtxam perxeu 
LOG (nnet-latgen-faster[5.5.1074~1-71f3]:DecodeUtteranceLatticeFaster():decoder-wrappers.cc:375) Log-like per frame for utterance FC03_27 is 0.338453 over 331 frames.
FC03_270 suuriyan olxi weppam 
LOG (nnet-latgen-faster[5.5.1074~1-71f3]:DecodeUtteranceLatticeFaster():decoder-wrappers.cc:375) Log-like per frame for utterance FC03_270 is 0.361925 over 373 frames.
FC03_276 waazhkkai kasxtxam ndirxainddadeu 
LOG (nnet-latgen-faster[5.5.1074~1-71f3]:DecodeUtteranceLatticeFaster():decoder-wrappers.cc:375) Log-like per frame for utterance FC03_276 is 0.391982 over 357 frames.
FC03_279 kiizhee kuurnddeu paar 
LOG (nnet-latgen-faster[5.5.1074~1-71f3]:DecodeUtteranceLatticeFaster():decoder-wrappers.cc:375) Log-like per frame for utterance FC03_279 is 0.360984 over 270 frames.
FC03_282 ndaay kuzhi toonxdxiyadeu 
LOG (nnet-latgen-faster[5.5.1074~1-71f3]:DecodeUtteranceLatticeFaster():decoder-wrappers.cc:375) Log-like per frame for utterance FC03_282 is 0.380513 over 325 frames.
FC03_283 kambeuk kuuzh suwaiyaanadeu 
LOG (nnet-latgen-faster[5.5.1074~1-71f3]:DecodeUtteranceLatticeFaster():decoder-wrappers.cc:375) Log-like per frame for utterance FC03_283 is 0.37832 over 349 frames.
FC03_285 en miideu koobam kolxlxaadee 
LOG (nnet-latgen-faster[5.5.1074~1-71f3]:DecodeUtteranceLatticeFaster():decoder-wrappers.cc:375) Log-like per frame for utterance FC03_285 is 0.392078 over 382 frames.
FC03_289 samacciir kalwi murxaiyaanadeu 
LOG (nnet-latgen-faster[5.5.1074~1-71f3]:DecodeUtteranceLatticeFaster():decoder-wrappers.cc:375) Log-like per frame for utterance FC03_289 is 0.394047 over 408 frames.
FC03_29 kitxtxawanddaal mutxtxap pagai 
LOG (nnet-latgen-faster[5.5.1074~1-71f3]:DecodeUtteranceLatticeFaster():decoder-wrappers.cc:375) Log-like per frame for utterance FC03_29 is 0.392304 over 336 frames.
FC03_290 samiibamaaga mazhai peydadeu 
LOG (nnet-latgen-faster[5.5.1074~1-71f3]:DecodeUtteranceLatticeFaster():decoder-wrappers.cc:375) Log-like per frame for utterance FC03_290 is 0.360103 over 487 frames.
FC03_291 saambal kari pal tulakka udawum 
LOG (nnet-latgen-faster[5.5.1074~1-71f3]:DecodeUtteranceLatticeFaster():decoder-wrappers.cc:375) Log-like per frame for utterance FC03_291 is 0.364838 over 574 frames.
FC03_296 iratxtxai suzhi sirxuwan seetxtxai seywaan 
LOG (nnet-latgen-faster[5.5.1074~1-71f3]:DecodeUtteranceLatticeFaster():decoder-wrappers.cc:375) Log-like per frame for utterance FC03_296 is 0.380548 over 558 frames.
FC03_30 agal watxtxam pagal mazhai 
LOG (nnet-latgen-faster[5.5.1074~1-71f3]:DecodeUtteranceLatticeFaster():decoder-wrappers.cc:375) Log-like per frame for utterance FC03_30 is 0.395399 over 326 frames.
FC03_300 sutxrxeu suuzhal sugaadaaram pinpatxrxeu 
LOG (nnet-latgen-faster[5.5.1074~1-71f3]:DecodeUtteranceLatticeFaster():decoder-wrappers.cc:375) Log-like per frame for utterance FC03_300 is 0.374134 over 487 frames.
FC03_307 un seyaleukkeut tiirweu kaanxeu 
LOG (nnet-latgen-faster[5.5.1074~1-71f3]:DecodeUtteranceLatticeFaster():decoder-wrappers.cc:375) Log-like per frame for utterance FC03_307 is 0.355527 over 361 frames.
FC03_310 tusxtxan tusxtxa seyal seywaan 
LOG (nnet-latgen-faster[5.5.1074~1-71f3]:DecodeUtteranceLatticeFaster():decoder-wrappers.cc:375) Log-like per frame for utterance FC03_310 is 0.427027 over 329 frames.
FC03_316 ndacceup pugai oosoonai baadikkum 
LOG (nnet-latgen-faster[5.5.1074~1-71f3]:DecodeUtteranceLatticeFaster():decoder-wrappers.cc:375) Log-like per frame for utterance FC03_316 is 0.405869 over 330 frames.
FC03_317 paambin ndanjjeu kodxiyadeu 
LOG (nnet-latgen-faster[5.5.1074~1-71f3]:DecodeUtteranceLatticeFaster():decoder-wrappers.cc:375) Log-like per frame for utterance FC03_317 is 0.385801 over 373 frames.
FC03_319 saalaiyil ndiir ndirambiyadeu 
LOG (nnet-latgen-faster[5.5.1074~1-71f3]:DecodeUtteranceLatticeFaster():decoder-wrappers.cc:375) Log-like per frame for utterance FC03_319 is 0.380559 over 341 frames.
FC03_320 banggalxaadeesx oreu ndaadxeu 
LOG (nnet-latgen-faster[5.5.1074~1-71f3]:DecodeUtteranceLatticeFaster():decoder-wrappers.cc:375) Log-like per frame for utterance FC03_320 is 0.393052 over 294 frames.
FC03_335 petxtxiyai kiizhee poodxeu 
LOG (nnet-latgen-faster[5.5.1074~1-71f3]:DecodeUtteranceLatticeFaster():decoder-wrappers.cc:375) Log-like per frame for utterance FC03_335 is 0.392981 over 310 frames.
FC03_336 pooliyaana waazhkkai tawir 
LOG (nnet-latgen-faster[5.5.1074~1-71f3]:DecodeUtteranceLatticeFaster():decoder-wrappers.cc:375) Log-like per frame for utterance FC03_336 is 0.360849 over 333 frames.
FC03_338 elumbeu majjai waliyadeu 
LOG (nnet-latgen-faster[5.5.1074~1-71f3]:DecodeUtteranceLatticeFaster():decoder-wrappers.cc:375) Log-like per frame for utterance FC03_338 is 0.390114 over 282 frames.
FC03_34 otxrxumaiyee balam 
LOG (nnet-latgen-faster[5.5.1074~1-71f3]:DecodeUtteranceLatticeFaster():decoder-wrappers.cc:375) Log-like per frame for utterance FC03_34 is 0.358959 over 251 frames.
FC03_342 muulxai illaadawan mutxtxaalx 
LOG (nnet-latgen-faster[5.5.1074~1-71f3]:DecodeUtteranceLatticeFaster():decoder-wrappers.cc:375) Log-like per frame for utterance FC03_342 is 0.378279 over 318 frames.
FC03_35 baktiyoodxeu ireu 
LOG (nnet-latgen-faster[5.5.1074~1-71f3]:DecodeUtteranceLatticeFaster():decoder-wrappers.cc:375) Log-like per frame for utterance FC03_35 is 0.358595 over 294 frames.
FC03_350 laksxmi muga laksxanxam ulxlxa penx 
LOG (nnet-latgen-faster[5.5.1074~1-71f3]:DecodeUtteranceLatticeFaster():decoder-wrappers.cc:375) Log-like per frame for utterance FC03_350 is 0.400124 over 353 frames.
FC03_353 wandda wisxayattaik kuurxeu 
LOG (nnet-latgen-faster[5.5.1074~1-71f3]:DecodeUtteranceLatticeFaster():decoder-wrappers.cc:375) Log-like per frame for utterance FC03_353 is 0.339286 over 306 frames.
FC03_354 en wiidi wazhiyaaga sellum peerunddeu 
LOG (nnet-latgen-faster[5.5.1074~1-71f3]:DecodeUtteranceLatticeFaster():decoder-wrappers.cc:375) Log-like per frame for utterance FC03_354 is 0.390709 over 499 frames.
FC03_355 jadxai pinni weesxam poodxeu 
LOG (nnet-latgen-faster[5.5.1074~1-71f3]:DecodeUtteranceLatticeFaster():decoder-wrappers.cc:375) Log-like per frame for utterance FC03_355 is 0.345623 over 385 frames.
FC03_41 taajmahaalai katxtxiyawar sxaajagaan 
LOG (nnet-latgen-faster[5.5.1074~1-71f3]:DecodeUtteranceLatticeFaster():decoder-wrappers.cc:375) Log-like per frame for utterance FC03_41 is 0.369116 over 390 frames.
FC03_46 manx waasanai 
LOG (nnet-latgen-faster[5.5.1074~1-71f3]:DecodeUtteranceLatticeFaster():decoder-wrappers.cc:375) Log-like per frame for utterance FC03_46 is 0.330784 over 213 frames.
FC03_5 eerxpadeu igazhcci 
LOG (nnet-latgen-faster[5.5.1074~1-71f3]:DecodeUtteranceLatticeFaster():decoder-wrappers.cc:375) Log-like per frame for utterance FC03_5 is 0.273658 over 283 frames.
FC03_50 ndunggeu inikkum 
LOG (nnet-latgen-faster[5.5.1074~1-71f3]:DecodeUtteranceLatticeFaster():decoder-wrappers.cc:375) Log-like per frame for utterance FC03_50 is 0.372902 over 288 frames.
FC03_66 uurudxan waazh 
LOG (nnet-latgen-faster[5.5.1074~1-71f3]:DecodeUtteranceLatticeFaster():decoder-wrappers.cc:375) Log-like per frame for utterance FC03_66 is 0.382433 over 218 frames.
FC03_73 poodum enrxa manamee pon seyyum marunddeu 
LOG (nnet-latgen-faster[5.5.1074~1-71f3]:DecodeUtteranceLatticeFaster():decoder-wrappers.cc:375) Log-like per frame for utterance FC03_73 is 0.428926 over 476 frames.
FC03_74 aatxrxil pootxtxaalum alxanddeu poodxeu 
LOG (nnet-latgen-faster[5.5.1074~1-71f3]:DecodeUtteranceLatticeFaster():decoder-wrappers.cc:375) Log-like per frame for utterance FC03_74 is 0.366301 over 465 frames.
LOG (apply-cmvn[5.5.1074~1-71f3]:main():apply-cmvn.cc:162) Applied cepstral mean normalization to 76 utterances, errors on 0
FC03_80 adxuppil erxiwadeu kari 
LOG (nnet-latgen-faster[5.5.1074~1-71f3]:DecodeUtteranceLatticeFaster():decoder-wrappers.cc:375) Log-like per frame for utterance FC03_80 is 0.361303 over 320 frames.
FC03_85 aasaiyaay tinbadeu wellam 
LOG (nnet-latgen-faster[5.5.1074~1-71f3]:DecodeUtteranceLatticeFaster():decoder-wrappers.cc:375) Log-like per frame for utterance FC03_85 is 0.423257 over 326 frames.
FC03_94 kedxuwaan keedxeu ndinaippaan 
LOG (nnet-latgen-faster[5.5.1074~1-71f3]:DecodeUtteranceLatticeFaster():decoder-wrappers.cc:375) Log-like per frame for utterance FC03_94 is 0.366086 over 304 frames.
FC03_98 accamillaadawan ambalam eerxuwaan 
LOG (nnet-latgen-faster[5.5.1074~1-71f3]:DecodeUtteranceLatticeFaster():decoder-wrappers.cc:375) Log-like per frame for utterance FC03_98 is 0.372581 over 390 frames.
LOG (nnet-latgen-faster[5.5.1074~1-71f3]:main():nnet-latgen-faster.cc:181) Time taken 3.61979s: real-time factor assuming 100 frames/sec is 0.0152233
LOG (nnet-latgen-faster[5.5.1074~1-71f3]:main():nnet-latgen-faster.cc:184) Done 76 utterances, failed for 0
LOG (nnet-latgen-faster[5.5.1074~1-71f3]:main():nnet-latgen-faster.cc:186) Overall log-likelihood per frame is 0.362532 over 23778 frames.
# Accounting: time=4 threads=1
# Ended (code 0) at Thu Aug  3 11:46:08 IST 2023, elapsed time 4 seconds
