# nnet-latgen-faster --minimize=false --max-active=7000 --min-active=200 --beam=15.0 --lattice-beam=8.0 --acoustic-scale=0.1 --allow-partial=true --word-symbol-table=exp_FG/tri_8_2000/graph/words.txt exp_FG/DNN_tri_8_2000_aligned_layer3_nodes256/final.mdl exp_FG/tri_8_2000/graph/HCLG.fst "ark,s,cs:apply-cmvn  --utt2spk=ark:data/test/split10/4/utt2spk scp:data/test/split10/4/cmvn.scp scp:data/test/split10/4/feats.scp ark:- |" "ark:|gzip -c > exp_FG/DNN_tri_8_2000_aligned_layer3_nodes256/decode/lat.4.gz" 
# Started at Thu Aug  3 11:46:04 IST 2023
#
nnet-latgen-faster --minimize=false --max-active=7000 --min-active=200 --beam=15.0 --lattice-beam=8.0 --acoustic-scale=0.1 --allow-partial=true --word-symbol-table=exp_FG/tri_8_2000/graph/words.txt exp_FG/DNN_tri_8_2000_aligned_layer3_nodes256/final.mdl exp_FG/tri_8_2000/graph/HCLG.fst 'ark,s,cs:apply-cmvn  --utt2spk=ark:data/test/split10/4/utt2spk scp:data/test/split10/4/cmvn.scp scp:data/test/split10/4/feats.scp ark:- |' 'ark:|gzip -c > exp_FG/DNN_tri_8_2000_aligned_layer3_nodes256/decode/lat.4.gz' 
apply-cmvn --utt2spk=ark:data/test/split10/4/utt2spk scp:data/test/split10/4/cmvn.scp scp:data/test/split10/4/feats.scp ark:- 
FC04_110 panjjaanggam 
LOG (nnet-latgen-faster[5.5.1074~1-71f3]:DecodeUtteranceLatticeFaster():decoder-wrappers.cc:375) Log-like per frame for utterance FC04_110 is 0.229875 over 380 frames.
FC04_113 isxtxam 
LOG (nnet-latgen-faster[5.5.1074~1-71f3]:DecodeUtteranceLatticeFaster():decoder-wrappers.cc:375) Log-like per frame for utterance FC04_113 is 0.218639 over 264 frames.
FC04_114 danusxkoodxi 
LOG (nnet-latgen-faster[5.5.1074~1-71f3]:DecodeUtteranceLatticeFaster():decoder-wrappers.cc:375) Log-like per frame for utterance FC04_114 is 0.284975 over 313 frames.
FC04_119 paanam 
LOG (nnet-latgen-faster[5.5.1074~1-71f3]:DecodeUtteranceLatticeFaster():decoder-wrappers.cc:375) Log-like per frame for utterance FC04_119 is 0.240964 over 230 frames.
FC04_121 pambaram 
LOG (nnet-latgen-faster[5.5.1074~1-71f3]:DecodeUtteranceLatticeFaster():decoder-wrappers.cc:375) Log-like per frame for utterance FC04_121 is 0.253293 over 264 frames.
FC04_134 kadxam 
LOG (nnet-latgen-faster[5.5.1074~1-71f3]:DecodeUtteranceLatticeFaster():decoder-wrappers.cc:375) Log-like per frame for utterance FC04_134 is 0.230873 over 197 frames.
FC04_142 raagam 
LOG (nnet-latgen-faster[5.5.1074~1-71f3]:DecodeUtteranceLatticeFaster():decoder-wrappers.cc:375) Log-like per frame for utterance FC04_142 is 0.22301 over 197 frames.
FC04_158 padxam 
LOG (nnet-latgen-faster[5.5.1074~1-71f3]:DecodeUtteranceLatticeFaster():decoder-wrappers.cc:375) Log-like per frame for utterance FC04_158 is 0.21427 over 197 frames.
FC04_165 panxiweu 
LOG (nnet-latgen-faster[5.5.1074~1-71f3]:DecodeUtteranceLatticeFaster():decoder-wrappers.cc:375) Log-like per frame for utterance FC04_165 is 0.205596 over 197 frames.
FC04_17 muyarxci udxaiyaar igazhcci adxaiyaar 
LOG (nnet-latgen-faster[5.5.1074~1-71f3]:DecodeUtteranceLatticeFaster():decoder-wrappers.cc:375) Log-like per frame for utterance FC04_17 is 0.350518 over 487 frames.
FC04_174 paccai 
LOG (nnet-latgen-faster[5.5.1074~1-71f3]:DecodeUtteranceLatticeFaster():decoder-wrappers.cc:375) Log-like per frame for utterance FC04_174 is 0.213911 over 197 frames.
FC04_176 tanxnxiir 
LOG (nnet-latgen-faster[5.5.1074~1-71f3]:DecodeUtteranceLatticeFaster():decoder-wrappers.cc:375) Log-like per frame for utterance FC04_176 is 0.232014 over 272 frames.
FC04_182 punidam 
LOG (nnet-latgen-faster[5.5.1074~1-71f3]:DecodeUtteranceLatticeFaster():decoder-wrappers.cc:375) Log-like per frame for utterance FC04_182 is 0.264315 over 189 frames.
FC04_183 maambazham 
LOG (nnet-latgen-faster[5.5.1074~1-71f3]:DecodeUtteranceLatticeFaster():decoder-wrappers.cc:375) Log-like per frame for utterance FC04_183 is 0.255508 over 280 frames.
FC04_185 magudxi 
LOG (nnet-latgen-faster[5.5.1074~1-71f3]:DecodeUtteranceLatticeFaster():decoder-wrappers.cc:375) Log-like per frame for utterance FC04_185 is 0.244225 over 222 frames.
FC04_186 kani 
LOG (nnet-latgen-faster[5.5.1074~1-71f3]:DecodeUtteranceLatticeFaster():decoder-wrappers.cc:375) Log-like per frame for utterance FC04_186 is 0.255238 over 205 frames.
FC04_190 kuranggeu 
LOG (nnet-latgen-faster[5.5.1074~1-71f3]:DecodeUtteranceLatticeFaster():decoder-wrappers.cc:375) Log-like per frame for utterance FC04_190 is 0.266595 over 214 frames.
FC04_192 ndaadam 
LOG (nnet-latgen-faster[5.5.1074~1-71f3]:DecodeUtteranceLatticeFaster():decoder-wrappers.cc:375) Log-like per frame for utterance FC04_192 is 0.245081 over 238 frames.
FC04_195 saami 
LOG (nnet-latgen-faster[5.5.1074~1-71f3]:DecodeUtteranceLatticeFaster():decoder-wrappers.cc:375) Log-like per frame for utterance FC04_195 is 0.198453 over 263 frames.
FC04_197 kunggumam 
LOG (nnet-latgen-faster[5.5.1074~1-71f3]:DecodeUtteranceLatticeFaster():decoder-wrappers.cc:375) Log-like per frame for utterance FC04_197 is 0.240446 over 288 frames.
FC04_200 hanuman 
LOG (nnet-latgen-faster[5.5.1074~1-71f3]:DecodeUtteranceLatticeFaster():decoder-wrappers.cc:375) Log-like per frame for utterance FC04_200 is 0.220037 over 313 frames.
FC04_205 kaanjjipuram 
LOG (nnet-latgen-faster[5.5.1074~1-71f3]:DecodeUtteranceLatticeFaster():decoder-wrappers.cc:375) Log-like per frame for utterance FC04_205 is 0.232038 over 413 frames.
FC04_208 teejas 
LOG (nnet-latgen-faster[5.5.1074~1-71f3]:DecodeUtteranceLatticeFaster():decoder-wrappers.cc:375) Log-like per frame for utterance FC04_208 is 0.228827 over 239 frames.
FC04_215 anaittum adxanggiya toguppeu 
LOG (nnet-latgen-faster[5.5.1074~1-71f3]:DecodeUtteranceLatticeFaster():decoder-wrappers.cc:375) Log-like per frame for utterance FC04_215 is 0.297017 over 471 frames.
FC04_217 selwam adirsxtxam tarum 
LOG (nnet-latgen-faster[5.5.1074~1-71f3]:DecodeUtteranceLatticeFaster():decoder-wrappers.cc:375) Log-like per frame for utterance FC04_217 is 0.28963 over 446 frames.
FC04_219 siwaneukkeu abisxeegam seydanar 
LOG (nnet-latgen-faster[5.5.1074~1-71f3]:DecodeUtteranceLatticeFaster():decoder-wrappers.cc:375) Log-like per frame for utterance FC04_219 is 0.337633 over 537 frames.
FC04_222 kanxnxeukkeu mai azhageu 
LOG (nnet-latgen-faster[5.5.1074~1-71f3]:DecodeUtteranceLatticeFaster():decoder-wrappers.cc:375) Log-like per frame for utterance FC04_222 is 0.269272 over 381 frames.
FC04_234 iisaana muulaiyil amaraadee 
LOG (nnet-latgen-faster[5.5.1074~1-71f3]:DecodeUtteranceLatticeFaster():decoder-wrappers.cc:375) Log-like per frame for utterance FC04_234 is 0.297109 over 662 frames.
FC04_238 uccam todxeu 
LOG (nnet-latgen-faster[5.5.1074~1-71f3]:DecodeUtteranceLatticeFaster():decoder-wrappers.cc:375) Log-like per frame for utterance FC04_238 is 0.22222 over 436 frames.
FC04_240 saarxeu urxinjji arunddeu 
LOG (nnet-latgen-faster[5.5.1074~1-71f3]:DecodeUtteranceLatticeFaster():decoder-wrappers.cc:375) Log-like per frame for utterance FC04_240 is 0.329914 over 397 frames.
FC04_249 pirxareukkeu suuniyam seyyaadee 
LOG (nnet-latgen-faster[5.5.1074~1-71f3]:DecodeUtteranceLatticeFaster():decoder-wrappers.cc:375) Log-like per frame for utterance FC04_249 is 0.362555 over 456 frames.
FC04_26 ganxeesanait tudi 
LOG (nnet-latgen-faster[5.5.1074~1-71f3]:DecodeUtteranceLatticeFaster():decoder-wrappers.cc:375) Log-like per frame for utterance FC04_26 is 0.284541 over 363 frames.
FC04_262 otxtxeuk keetxpadeu tawarxeu 
LOG (nnet-latgen-faster[5.5.1074~1-71f3]:DecodeUtteranceLatticeFaster():decoder-wrappers.cc:375) Log-like per frame for utterance FC04_262 is 0.283737 over 449 frames.
FC04_265 tozhil oppudal sey 
LOG (nnet-latgen-faster[5.5.1074~1-71f3]:DecodeUtteranceLatticeFaster():decoder-wrappers.cc:375) Log-like per frame for utterance FC04_265 is 0.266511 over 459 frames.
FC04_268 lanjja ozhippeu satxtxam ndalla tiirweu 
LOG (nnet-latgen-faster[5.5.1074~1-71f3]:DecodeUtteranceLatticeFaster():decoder-wrappers.cc:375) Log-like per frame for utterance FC04_268 is 0.339737 over 539 frames.
FC04_280 kucci mitxtxaay inippeu suwai 
LOG (nnet-latgen-faster[5.5.1074~1-71f3]:DecodeUtteranceLatticeFaster():decoder-wrappers.cc:375) Log-like per frame for utterance FC04_280 is 0.315238 over 485 frames.
FC04_288 ndaan eppozhudum sanddoosxamaaga iruppeen 
LOG (nnet-latgen-faster[5.5.1074~1-71f3]:DecodeUtteranceLatticeFaster():decoder-wrappers.cc:375) Log-like per frame for utterance FC04_288 is 0.362566 over 613 frames.
FC04_294 siikkiram eerxpaadxeu sey 
LOG (nnet-latgen-faster[5.5.1074~1-71f3]:DecodeUtteranceLatticeFaster():decoder-wrappers.cc:375) Log-like per frame for utterance FC04_294 is 0.332659 over 362 frames.
FC04_296 iratxtxai suzhi sirxuwan seetxtxai seywaan 
LOG (nnet-latgen-faster[5.5.1074~1-71f3]:DecodeUtteranceLatticeFaster():decoder-wrappers.cc:375) Log-like per frame for utterance FC04_296 is 0.369592 over 497 frames.
FC04_297 suutxcamam arxinddeu seyalpadxeu 
LOG (nnet-latgen-faster[5.5.1074~1-71f3]:DecodeUtteranceLatticeFaster():decoder-wrappers.cc:375) Log-like per frame for utterance FC04_297 is 0.322755 over 391 frames.
FC04_299 kaalxi suulam eenddinaan 
LOG (nnet-latgen-faster[5.5.1074~1-71f3]:DecodeUtteranceLatticeFaster():decoder-wrappers.cc:375) Log-like per frame for utterance FC04_299 is 0.343646 over 381 frames.
FC04_302 enakkeu njaabaga marxadi unxdxeu 
LOG (nnet-latgen-faster[5.5.1074~1-71f3]:DecodeUtteranceLatticeFaster():decoder-wrappers.cc:375) Log-like per frame for utterance FC04_302 is 0.336027 over 423 frames.
FC04_307 un seyaleukkeut tiirweu kaanxeu 
LOG (nnet-latgen-faster[5.5.1074~1-71f3]:DecodeUtteranceLatticeFaster():decoder-wrappers.cc:375) Log-like per frame for utterance FC04_307 is 0.31417 over 443 frames.
FC04_308 malar tuuwi waazhtteu 
LOG (nnet-latgen-faster[5.5.1074~1-71f3]:DecodeUtteranceLatticeFaster():decoder-wrappers.cc:375) Log-like per frame for utterance FC04_308 is 0.303613 over 388 frames.
FC04_320 banggalxaadeesx oreu ndaadxeu 
LOG (nnet-latgen-faster[5.5.1074~1-71f3]:DecodeUtteranceLatticeFaster():decoder-wrappers.cc:375) Log-like per frame for utterance FC04_320 is 0.370294 over 369 frames.
FC04_328 indda raajaa endda baasxai peesinaar 
LOG (nnet-latgen-faster[5.5.1074~1-71f3]:DecodeUtteranceLatticeFaster():decoder-wrappers.cc:375) Log-like per frame for utterance FC04_328 is 0.303664 over 578 frames.
FC04_330 buwaneesxwar uuril puugambam 
LOG (nnet-latgen-faster[5.5.1074~1-71f3]:DecodeUtteranceLatticeFaster():decoder-wrappers.cc:375) Log-like per frame for utterance FC04_330 is 0.276872 over 510 frames.
FC04_332 inrxeu puujaiyil kalanddeu kolx 
LOG (nnet-latgen-faster[5.5.1074~1-71f3]:DecodeUtteranceLatticeFaster():decoder-wrappers.cc:375) Log-like per frame for utterance FC04_332 is 0.315356 over 430 frames.
FC04_336 pooliyaana waazhkkai tawir 
LOG (nnet-latgen-faster[5.5.1074~1-71f3]:DecodeUtteranceLatticeFaster():decoder-wrappers.cc:375) Log-like per frame for utterance FC04_336 is 0.320064 over 439 frames.
FC04_337 raagi poosxaakkaana unxaweu 
LOG (nnet-latgen-faster[5.5.1074~1-71f3]:DecodeUtteranceLatticeFaster():decoder-wrappers.cc:375) Log-like per frame for utterance FC04_337 is 0.301819 over 478 frames.
FC04_34 otxrxumaiyee balam 
LOG (nnet-latgen-faster[5.5.1074~1-71f3]:DecodeUtteranceLatticeFaster():decoder-wrappers.cc:375) Log-like per frame for utterance FC04_34 is 0.330001 over 280 frames.
FC04_341 miin kanxnxeukkeu ndalladeu 
LOG (nnet-latgen-faster[5.5.1074~1-71f3]:DecodeUtteranceLatticeFaster():decoder-wrappers.cc:375) Log-like per frame for utterance FC04_341 is 0.288634 over 407 frames.
FC04_345 indda maiyanggalx enggeu ulxlxadeu 
LOG (nnet-latgen-faster[5.5.1074~1-71f3]:DecodeUtteranceLatticeFaster():decoder-wrappers.cc:375) Log-like per frame for utterance FC04_345 is 0.313537 over 468 frames.
FC04_347 risxikkeu roosxam adigam 
LOG (nnet-latgen-faster[5.5.1074~1-71f3]:DecodeUtteranceLatticeFaster():decoder-wrappers.cc:375) Log-like per frame for utterance FC04_347 is 0.336811 over 391 frames.
FC04_348 lajjai enrxaal wekkam 
LOG (nnet-latgen-faster[5.5.1074~1-71f3]:DecodeUtteranceLatticeFaster():decoder-wrappers.cc:375) Log-like per frame for utterance FC04_348 is 0.2809 over 472 frames.
FC04_365 winjnjaana walxarcci ndaatxtxeu walxarcci 
LOG (nnet-latgen-faster[5.5.1074~1-71f3]:DecodeUtteranceLatticeFaster():decoder-wrappers.cc:375) Log-like per frame for utterance FC04_365 is 0.306462 over 620 frames.
FC04_39 parambarai sotteu 
LOG (nnet-latgen-faster[5.5.1074~1-71f3]:DecodeUtteranceLatticeFaster():decoder-wrappers.cc:375) Log-like per frame for utterance FC04_39 is 0.261579 over 421 frames.
FC04_4 unxmaiyee peeseu 
LOG (nnet-latgen-faster[5.5.1074~1-71f3]:DecodeUtteranceLatticeFaster():decoder-wrappers.cc:375) Log-like per frame for utterance FC04_4 is 0.333304 over 280 frames.
FC04_44 onrxee kulam onrxee jaadi 
LOG (nnet-latgen-faster[5.5.1074~1-71f3]:DecodeUtteranceLatticeFaster():decoder-wrappers.cc:375) Log-like per frame for utterance FC04_44 is 0.309218 over 512 frames.
FC04_46 manx waasanai 
LOG (nnet-latgen-faster[5.5.1074~1-71f3]:DecodeUtteranceLatticeFaster():decoder-wrappers.cc:375) Log-like per frame for utterance FC04_46 is 0.254501 over 264 frames.
FC04_53 inggeu tangguwadarxkeu ilawasam 
LOG (nnet-latgen-faster[5.5.1074~1-71f3]:DecodeUtteranceLatticeFaster():decoder-wrappers.cc:375) Log-like per frame for utterance FC04_53 is 0.331416 over 479 frames.
FC04_67 kiizhoor aayinum taazha urai 
LOG (nnet-latgen-faster[5.5.1074~1-71f3]:DecodeUtteranceLatticeFaster():decoder-wrappers.cc:375) Log-like per frame for utterance FC04_67 is 0.29629 over 612 frames.
FC04_72 senddamizhum ndaappazhakkam 
LOG (nnet-latgen-faster[5.5.1074~1-71f3]:DecodeUtteranceLatticeFaster():decoder-wrappers.cc:375) Log-like per frame for utterance FC04_72 is 0.337956 over 379 frames.
FC04_75 alxaweukkeu minjjinaal amudamum wisxam 
LOG (nnet-latgen-faster[5.5.1074~1-71f3]:DecodeUtteranceLatticeFaster():decoder-wrappers.cc:375) Log-like per frame for utterance FC04_75 is 0.311489 over 628 frames.
FC04_86 suwaril uurwadeu palli 
LOG (nnet-latgen-faster[5.5.1074~1-71f3]:DecodeUtteranceLatticeFaster():decoder-wrappers.cc:375) Log-like per frame for utterance FC04_86 is 0.312053 over 462 frames.
FC04_88 yaadum uuree yaawarum keelxir 
LOG (nnet-latgen-faster[5.5.1074~1-71f3]:DecodeUtteranceLatticeFaster():decoder-wrappers.cc:375) Log-like per frame for utterance FC04_88 is 0.272645 over 637 frames.
FC04_89 tiidum ndanrxum pirxar tara waaraa 
LOG (nnet-latgen-faster[5.5.1074~1-71f3]:DecodeUtteranceLatticeFaster():decoder-wrappers.cc:375) Log-like per frame for utterance FC04_89 is 0.311964 over 521 frames.
LOG (apply-cmvn[5.5.1074~1-71f3]:main():apply-cmvn.cc:162) Applied cepstral mean normalization to 70 utterances, errors on 0
FC04_90 murxpagal seyyin pirxpagal wilxaiyum 
LOG (nnet-latgen-faster[5.5.1074~1-71f3]:DecodeUtteranceLatticeFaster():decoder-wrappers.cc:375) Log-like per frame for utterance FC04_90 is 0.33572 over 579 frames.
FC04_94 kedxuwaan keedxeu ndinaippaan 
LOG (nnet-latgen-faster[5.5.1074~1-71f3]:DecodeUtteranceLatticeFaster():decoder-wrappers.cc:375) Log-like per frame for utterance FC04_94 is 0.230375 over 595 frames.
FC04_96 wanxdxi izhuppadeu kaalxai 
LOG (nnet-latgen-faster[5.5.1074~1-71f3]:DecodeUtteranceLatticeFaster():decoder-wrappers.cc:375) Log-like per frame for utterance FC04_96 is 0.348792 over 346 frames.
LOG (nnet-latgen-faster[5.5.1074~1-71f3]:main():nnet-latgen-faster.cc:181) Time taken 3.91729s: real-time factor assuming 100 frames/sec is 0.0140935
LOG (nnet-latgen-faster[5.5.1074~1-71f3]:main():nnet-latgen-faster.cc:184) Done 70 utterances, failed for 0
LOG (nnet-latgen-faster[5.5.1074~1-71f3]:main():nnet-latgen-faster.cc:186) Overall log-likelihood per frame is 0.295494 over 27795 frames.
# Accounting: time=4 threads=1
# Ended (code 0) at Thu Aug  3 11:46:08 IST 2023, elapsed time 4 seconds
