# nnet-latgen-faster --minimize=false --max-active=7000 --min-active=200 --beam=15.0 --lattice-beam=8.0 --acoustic-scale=0.1 --allow-partial=true --word-symbol-table=exp_FG/tri_8_2000/graph/words.txt exp_FG/DNN_tri_8_2000_aligned_layer3_nodes256/final.mdl exp_FG/tri_8_2000/graph/HCLG.fst "ark,s,cs:apply-cmvn  --utt2spk=ark:data/test/split10/2/utt2spk scp:data/test/split10/2/cmvn.scp scp:data/test/split10/2/feats.scp ark:- |" "ark:|gzip -c > exp_FG/DNN_tri_8_2000_aligned_layer3_nodes256/decode/lat.2.gz" 
# Started at Thu Aug  3 11:46:04 IST 2023
#
nnet-latgen-faster --minimize=false --max-active=7000 --min-active=200 --beam=15.0 --lattice-beam=8.0 --acoustic-scale=0.1 --allow-partial=true --word-symbol-table=exp_FG/tri_8_2000/graph/words.txt exp_FG/DNN_tri_8_2000_aligned_layer3_nodes256/final.mdl exp_FG/tri_8_2000/graph/HCLG.fst 'ark,s,cs:apply-cmvn  --utt2spk=ark:data/test/split10/2/utt2spk scp:data/test/split10/2/cmvn.scp scp:data/test/split10/2/feats.scp ark:- |' 'ark:|gzip -c > exp_FG/DNN_tri_8_2000_aligned_layer3_nodes256/decode/lat.2.gz' 
apply-cmvn --utt2spk=ark:data/test/split10/2/utt2spk scp:data/test/split10/2/cmvn.scp scp:data/test/split10/2/feats.scp ark:- 
FC02_106 manxal kayirxeu 
LOG (nnet-latgen-faster[5.5.1074~1-71f3]:DecodeUtteranceLatticeFaster():decoder-wrappers.cc:375) Log-like per frame for utterance FC02_106 is 0.293548 over 177 frames.
FC02_107 padxa padxa 
LOG (nnet-latgen-faster[5.5.1074~1-71f3]:DecodeUtteranceLatticeFaster():decoder-wrappers.cc:375) Log-like per frame for utterance FC02_107 is 0.332107 over 151 frames.
FC02_11 yaanai pilxirxum 
LOG (nnet-latgen-faster[5.5.1074~1-71f3]:DecodeUtteranceLatticeFaster():decoder-wrappers.cc:375) Log-like per frame for utterance FC02_11 is 0.301675 over 266 frames.
FC02_119 paanam 
LOG (nnet-latgen-faster[5.5.1074~1-71f3]:DecodeUtteranceLatticeFaster():decoder-wrappers.cc:375) Log-like per frame for utterance FC02_119 is 0.29188 over 133 frames.
FC02_124 pazham 
LOG (nnet-latgen-faster[5.5.1074~1-71f3]:DecodeUtteranceLatticeFaster():decoder-wrappers.cc:375) Log-like per frame for utterance FC02_124 is 0.236617 over 169 frames.
FC02_128 kariim 
LOG (nnet-latgen-faster[5.5.1074~1-71f3]:DecodeUtteranceLatticeFaster():decoder-wrappers.cc:375) Log-like per frame for utterance FC02_128 is 0.20793 over 143 frames.
FC02_136 padakkam 
LOG (nnet-latgen-faster[5.5.1074~1-71f3]:DecodeUtteranceLatticeFaster():decoder-wrappers.cc:375) Log-like per frame for utterance FC02_136 is 0.267813 over 150 frames.
FC02_142 raagam 
LOG (nnet-latgen-faster[5.5.1074~1-71f3]:DecodeUtteranceLatticeFaster():decoder-wrappers.cc:375) Log-like per frame for utterance FC02_142 is 0.258605 over 143 frames.
FC02_143 sidambaram 
LOG (nnet-latgen-faster[5.5.1074~1-71f3]:DecodeUtteranceLatticeFaster():decoder-wrappers.cc:375) Log-like per frame for utterance FC02_143 is 0.33183 over 172 frames.
FC02_145 maadam 
LOG (nnet-latgen-faster[5.5.1074~1-71f3]:DecodeUtteranceLatticeFaster():decoder-wrappers.cc:375) Log-like per frame for utterance FC02_145 is 0.241545 over 127 frames.
FC02_169 padxar 
LOG (nnet-latgen-faster[5.5.1074~1-71f3]:DecodeUtteranceLatticeFaster():decoder-wrappers.cc:375) Log-like per frame for utterance FC02_169 is 0.253137 over 111 frames.
FC02_175 puttagam 
LOG (nnet-latgen-faster[5.5.1074~1-71f3]:DecodeUtteranceLatticeFaster():decoder-wrappers.cc:375) Log-like per frame for utterance FC02_175 is 0.275495 over 137 frames.
FC02_179 tamizh 
LOG (nnet-latgen-faster[5.5.1074~1-71f3]:DecodeUtteranceLatticeFaster():decoder-wrappers.cc:375) Log-like per frame for utterance FC02_179 is 0.188914 over 127 frames.
FC02_180 tanddai 
LOG (nnet-latgen-faster[5.5.1074~1-71f3]:DecodeUtteranceLatticeFaster():decoder-wrappers.cc:375) Log-like per frame for utterance FC02_180 is 0.22236 over 143 frames.
FC02_186 kani 
LOG (nnet-latgen-faster[5.5.1074~1-71f3]:DecodeUtteranceLatticeFaster():decoder-wrappers.cc:375) Log-like per frame for utterance FC02_186 is 0.310339 over 140 frames.
FC02_188 manxal 
LOG (nnet-latgen-faster[5.5.1074~1-71f3]:DecodeUtteranceLatticeFaster():decoder-wrappers.cc:375) Log-like per frame for utterance FC02_188 is 0.261398 over 143 frames.
FC02_191 maadulxai 
LOG (nnet-latgen-faster[5.5.1074~1-71f3]:DecodeUtteranceLatticeFaster():decoder-wrappers.cc:375) Log-like per frame for utterance FC02_191 is 0.267281 over 182 frames.
FC02_204 aarjidam 
LOG (nnet-latgen-faster[5.5.1074~1-71f3]:DecodeUtteranceLatticeFaster():decoder-wrappers.cc:375) Log-like per frame for utterance FC02_204 is 0.261584 over 150 frames.
FC02_205 kaanjjipuram 
LOG (nnet-latgen-faster[5.5.1074~1-71f3]:DecodeUtteranceLatticeFaster():decoder-wrappers.cc:375) Log-like per frame for utterance FC02_205 is 0.314299 over 162 frames.
FC02_214 puliyaip paartteu anjjeu 
LOG (nnet-latgen-faster[5.5.1074~1-71f3]:DecodeUtteranceLatticeFaster():decoder-wrappers.cc:375) Log-like per frame for utterance FC02_214 is 0.369144 over 272 frames.
FC02_232 kaigalxai inxai 
LOG (nnet-latgen-faster[5.5.1074~1-71f3]:DecodeUtteranceLatticeFaster():decoder-wrappers.cc:375) Log-like per frame for utterance FC02_232 is 0.287704 over 224 frames.
FC02_233 isxtxam pool waazhalaam 
LOG (nnet-latgen-faster[5.5.1074~1-71f3]:DecodeUtteranceLatticeFaster():decoder-wrappers.cc:375) Log-like per frame for utterance FC02_233 is 0.31224 over 273 frames.
FC02_234 iisaana muulaiyil amaraadee 
LOG (nnet-latgen-faster[5.5.1074~1-71f3]:DecodeUtteranceLatticeFaster():decoder-wrappers.cc:375) Log-like per frame for utterance FC02_234 is 0.351883 over 299 frames.
FC02_236 kaayccaleukkeu suudxeu kanjji sirxanddadeu 
LOG (nnet-latgen-faster[5.5.1074~1-71f3]:DecodeUtteranceLatticeFaster():decoder-wrappers.cc:375) Log-like per frame for utterance FC02_236 is 0.415396 over 383 frames.
FC02_239 unxmai kai kodxeukkum 
LOG (nnet-latgen-faster[5.5.1074~1-71f3]:DecodeUtteranceLatticeFaster():decoder-wrappers.cc:375) Log-like per frame for utterance FC02_239 is 0.324839 over 224 frames.
FC02_243 tolaikkaatxci oreu uudxagam 
LOG (nnet-latgen-faster[5.5.1074~1-71f3]:DecodeUtteranceLatticeFaster():decoder-wrappers.cc:375) Log-like per frame for utterance FC02_243 is 0.295422 over 422 frames.
FC02_244 talaiwar warugai uurjidam aanadeu 
LOG (nnet-latgen-faster[5.5.1074~1-71f3]:DecodeUtteranceLatticeFaster():decoder-wrappers.cc:375) Log-like per frame for utterance FC02_244 is 0.338137 over 383 frames.
FC02_247 adeu endda uur 
LOG (nnet-latgen-faster[5.5.1074~1-71f3]:DecodeUtteranceLatticeFaster():decoder-wrappers.cc:375) Log-like per frame for utterance FC02_247 is 0.229243 over 250 frames.
FC02_249 pirxareukkeu suuniyam seyyaadee 
LOG (nnet-latgen-faster[5.5.1074~1-71f3]:DecodeUtteranceLatticeFaster():decoder-wrappers.cc:375) Log-like per frame for utterance FC02_249 is 0.424526 over 325 frames.
FC02_250 inrxeu palxlxiyil ezhutteup pootxtxi 
LOG (nnet-latgen-faster[5.5.1074~1-71f3]:DecodeUtteranceLatticeFaster():decoder-wrappers.cc:375) Log-like per frame for utterance FC02_250 is 0.283783 over 399 frames.
FC02_251 kanrxeu unxaweukkeu eenggum 
LOG (nnet-latgen-faster[5.5.1074~1-71f3]:DecodeUtteranceLatticeFaster():decoder-wrappers.cc:375) Log-like per frame for utterance FC02_251 is 0.328464 over 325 frames.
FC02_252 enxnxey teeytteuk kulxi 
LOG (nnet-latgen-faster[5.5.1074~1-71f3]:DecodeUtteranceLatticeFaster():decoder-wrappers.cc:375) Log-like per frame for utterance FC02_252 is 0.29226 over 270 frames.
FC02_256 eewuganxai eenddeu 
LOG (nnet-latgen-faster[5.5.1074~1-71f3]:DecodeUtteranceLatticeFaster():decoder-wrappers.cc:375) Log-like per frame for utterance FC02_256 is 0.270409 over 283 frames.
FC02_257 awan eezhai illai 
LOG (nnet-latgen-faster[5.5.1074~1-71f3]:DecodeUtteranceLatticeFaster():decoder-wrappers.cc:375) Log-like per frame for utterance FC02_257 is 0.386898 over 250 frames.
FC02_26 ganxeesanait tudi 
LOG (nnet-latgen-faster[5.5.1074~1-71f3]:DecodeUtteranceLatticeFaster():decoder-wrappers.cc:375) Log-like per frame for utterance FC02_26 is 0.31576 over 240 frames.
FC02_263 idxa odeukkiidxeu sey 
LOG (nnet-latgen-faster[5.5.1074~1-71f3]:DecodeUtteranceLatticeFaster():decoder-wrappers.cc:375) Log-like per frame for utterance FC02_263 is 0.333939 over 257 frames.
FC02_264 madippenx oppiidxeu tawarxeu 
LOG (nnet-latgen-faster[5.5.1074~1-71f3]:DecodeUtteranceLatticeFaster():decoder-wrappers.cc:375) Log-like per frame for utterance FC02_264 is 0.297031 over 283 frames.
FC02_266 biins oruwagai kaay 
LOG (nnet-latgen-faster[5.5.1074~1-71f3]:DecodeUtteranceLatticeFaster():decoder-wrappers.cc:375) Log-like per frame for utterance FC02_266 is 0.303358 over 289 frames.
FC02_267 awasara oli ezhuppeu 
LOG (nnet-latgen-faster[5.5.1074~1-71f3]:DecodeUtteranceLatticeFaster():decoder-wrappers.cc:375) Log-like per frame for utterance FC02_267 is 0.404975 over 273 frames.
FC02_269 ndadxai ozhunggeu sey 
LOG (nnet-latgen-faster[5.5.1074~1-71f3]:DecodeUtteranceLatticeFaster():decoder-wrappers.cc:375) Log-like per frame for utterance FC02_269 is 0.380296 over 241 frames.
FC02_27 padxitteup patxtxam perxeu 
LOG (nnet-latgen-faster[5.5.1074~1-71f3]:DecodeUtteranceLatticeFaster():decoder-wrappers.cc:375) Log-like per frame for utterance FC02_27 is 0.308257 over 272 frames.
FC02_273 oolaiccuwadxi padxi 
LOG (nnet-latgen-faster[5.5.1074~1-71f3]:DecodeUtteranceLatticeFaster():decoder-wrappers.cc:375) Log-like per frame for utterance FC02_273 is 0.35556 over 243 frames.
FC02_276 waazhkkai kasxtxam ndirxainddadeu 
LOG (nnet-latgen-faster[5.5.1074~1-71f3]:DecodeUtteranceLatticeFaster():decoder-wrappers.cc:375) Log-like per frame for utterance FC02_276 is 0.338677 over 305 frames.
FC02_277 kaasxmiir wadxakkeu pagudiyil ulxlxadeu 
LOG (nnet-latgen-faster[5.5.1074~1-71f3]:DecodeUtteranceLatticeFaster():decoder-wrappers.cc:375) Log-like per frame for utterance FC02_277 is 0.337895 over 428 frames.
FC02_286 koowil gooburam uyaramaanadeu 
LOG (nnet-latgen-faster[5.5.1074~1-71f3]:DecodeUtteranceLatticeFaster():decoder-wrappers.cc:375) Log-like per frame for utterance FC02_286 is 0.385732 over 318 frames.
FC02_289 samacciir kalwi murxaiyaanadeu 
LOG (nnet-latgen-faster[5.5.1074~1-71f3]:DecodeUtteranceLatticeFaster():decoder-wrappers.cc:375) Log-like per frame for utterance FC02_289 is 0.36585 over 315 frames.
FC02_298 asuran tawam irunddaan 
LOG (nnet-latgen-faster[5.5.1074~1-71f3]:DecodeUtteranceLatticeFaster():decoder-wrappers.cc:375) Log-like per frame for utterance FC02_298 is 0.338932 over 305 frames.
FC02_3 aasaiyaik kurxai 
LOG (nnet-latgen-faster[5.5.1074~1-71f3]:DecodeUtteranceLatticeFaster():decoder-wrappers.cc:375) Log-like per frame for utterance FC02_3 is 0.296294 over 272 frames.
FC02_310 tusxtxan tusxtxa seyal seywaan 
LOG (nnet-latgen-faster[5.5.1074~1-71f3]:DecodeUtteranceLatticeFaster():decoder-wrappers.cc:375) Log-like per frame for utterance FC02_310 is 0.280639 over 357 frames.
FC02_314 toonrxiya pugazhin toonrxuga 
LOG (nnet-latgen-faster[5.5.1074~1-71f3]:DecodeUtteranceLatticeFaster():decoder-wrappers.cc:375) Log-like per frame for utterance FC02_314 is 0.32022 over 305 frames.
FC02_317 paambin ndanjjeu kodxiyadeu 
LOG (nnet-latgen-faster[5.5.1074~1-71f3]:DecodeUtteranceLatticeFaster():decoder-wrappers.cc:375) Log-like per frame for utterance FC02_317 is 0.313971 over 321 frames.
FC02_328 indda raajaa endda baasxai peesinaar 
LOG (nnet-latgen-faster[5.5.1074~1-71f3]:DecodeUtteranceLatticeFaster():decoder-wrappers.cc:375) Log-like per frame for utterance FC02_328 is 0.310652 over 409 frames.
FC02_332 inrxeu puujaiyil kalanddeu kolx 
LOG (nnet-latgen-faster[5.5.1074~1-71f3]:DecodeUtteranceLatticeFaster():decoder-wrappers.cc:375) Log-like per frame for utterance FC02_332 is 0.281843 over 422 frames.
FC02_337 raagi poosxaakkaana unxaweu 
LOG (nnet-latgen-faster[5.5.1074~1-71f3]:DecodeUtteranceLatticeFaster():decoder-wrappers.cc:375) Log-like per frame for utterance FC02_337 is 0.320219 over 380 frames.
FC02_343 tozhilil muuladanam poodxa weenxdxum 
LOG (nnet-latgen-faster[5.5.1074~1-71f3]:DecodeUtteranceLatticeFaster():decoder-wrappers.cc:375) Log-like per frame for utterance FC02_343 is 0.345738 over 347 frames.
FC02_345 indda maiyanggalx enggeu ulxlxadeu 
LOG (nnet-latgen-faster[5.5.1074~1-71f3]:DecodeUtteranceLatticeFaster():decoder-wrappers.cc:375) Log-like per frame for utterance FC02_345 is 0.302453 over 370 frames.
FC02_350 laksxmi muga laksxanxam ulxlxa penx 
LOG (nnet-latgen-faster[5.5.1074~1-71f3]:DecodeUtteranceLatticeFaster():decoder-wrappers.cc:375) Log-like per frame for utterance FC02_350 is 0.328916 over 402 frames.
FC02_45 jagattinai azhittidxuwoom 
LOG (nnet-latgen-faster[5.5.1074~1-71f3]:DecodeUtteranceLatticeFaster():decoder-wrappers.cc:375) Log-like per frame for utterance FC02_45 is 0.340565 over 314 frames.
FC02_48 sanggee muzhanggeu 
LOG (nnet-latgen-faster[5.5.1074~1-71f3]:DecodeUtteranceLatticeFaster():decoder-wrappers.cc:375) Log-like per frame for utterance FC02_48 is 0.34417 over 256 frames.
FC02_51 kunggumam siwappeu 
LOG (nnet-latgen-faster[5.5.1074~1-71f3]:DecodeUtteranceLatticeFaster():decoder-wrappers.cc:375) Log-like per frame for utterance FC02_51 is 0.380892 over 240 frames.
FC02_55 makkalx mannarai waazhttinaargalx 
LOG (nnet-latgen-faster[5.5.1074~1-71f3]:DecodeUtteranceLatticeFaster():decoder-wrappers.cc:375) Log-like per frame for utterance FC02_55 is 0.352879 over 356 frames.
FC02_58 iiwadeu ndalladeu 
LOG (nnet-latgen-faster[5.5.1074~1-71f3]:DecodeUtteranceLatticeFaster():decoder-wrappers.cc:375) Log-like per frame for utterance FC02_58 is 0.363049 over 214 frames.
FC02_64 kalwiyee sirxandda selwam 
LOG (nnet-latgen-faster[5.5.1074~1-71f3]:DecodeUtteranceLatticeFaster():decoder-wrappers.cc:375) Log-like per frame for utterance FC02_64 is 0.392756 over 298 frames.
FC02_78 wallawaneukkeup pullum aayudam 
LOG (nnet-latgen-faster[5.5.1074~1-71f3]:DecodeUtteranceLatticeFaster():decoder-wrappers.cc:375) Log-like per frame for utterance FC02_78 is 0.306195 over 361 frames.
FC02_79 tiiraakkoobam pooraay mudxiyum 
LOG (nnet-latgen-faster[5.5.1074~1-71f3]:DecodeUtteranceLatticeFaster():decoder-wrappers.cc:375) Log-like per frame for utterance FC02_79 is 0.37739 over 382 frames.
LOG (apply-cmvn[5.5.1074~1-71f3]:main():apply-cmvn.cc:162) Applied cepstral mean normalization to 69 utterances, errors on 0
FC02_85 aasaiyaay tinbadeu wellam 
LOG (nnet-latgen-faster[5.5.1074~1-71f3]:DecodeUtteranceLatticeFaster():decoder-wrappers.cc:375) Log-like per frame for utterance FC02_85 is 0.378385 over 351 frames.
FC02_91 ndooyatxrxa waazhwee kurxaiwatxrxa selwam 
LOG (nnet-latgen-faster[5.5.1074~1-71f3]:DecodeUtteranceLatticeFaster():decoder-wrappers.cc:375) Log-like per frame for utterance FC02_91 is 0.395431 over 409 frames.
FC02_97 patxtxaam puucci 
LOG (nnet-latgen-faster[5.5.1074~1-71f3]:DecodeUtteranceLatticeFaster():decoder-wrappers.cc:375) Log-like per frame for utterance FC02_97 is 0.317455 over 245 frames.
FC02_99 adxakkamee azhageu 
LOG (nnet-latgen-faster[5.5.1074~1-71f3]:DecodeUtteranceLatticeFaster():decoder-wrappers.cc:375) Log-like per frame for utterance FC02_99 is 0.350157 over 224 frames.
LOG (nnet-latgen-faster[5.5.1074~1-71f3]:main():nnet-latgen-faster.cc:181) Time taken 3.86564s: real-time factor assuming 100 frames/sec is 0.0208818
LOG (nnet-latgen-faster[5.5.1074~1-71f3]:main():nnet-latgen-faster.cc:184) Done 69 utterances, failed for 0
LOG (nnet-latgen-faster[5.5.1074~1-71f3]:main():nnet-latgen-faster.cc:186) Overall log-likelihood per frame is 0.325415 over 18512 frames.
# Accounting: time=4 threads=1
# Ended (code 0) at Thu Aug  3 11:46:08 IST 2023, elapsed time 4 seconds
