# nnet-latgen-faster --minimize=false --max-active=7000 --min-active=200 --beam=15.0 --lattice-beam=8.0 --acoustic-scale=0.1 --allow-partial=true --word-symbol-table=exp_FG/tri_8_2000/graph/words.txt exp_FG/DNN_tri_8_2000_aligned_layer3_nodes256/final.mdl exp_FG/tri_8_2000/graph/HCLG.fst "ark,s,cs:apply-cmvn  --utt2spk=ark:data/test/split10/6/utt2spk scp:data/test/split10/6/cmvn.scp scp:data/test/split10/6/feats.scp ark:- |" "ark:|gzip -c > exp_FG/DNN_tri_8_2000_aligned_layer3_nodes256/decode/lat.6.gz" 
# Started at Thu Aug  3 11:46:04 IST 2023
#
nnet-latgen-faster --minimize=false --max-active=7000 --min-active=200 --beam=15.0 --lattice-beam=8.0 --acoustic-scale=0.1 --allow-partial=true --word-symbol-table=exp_FG/tri_8_2000/graph/words.txt exp_FG/DNN_tri_8_2000_aligned_layer3_nodes256/final.mdl exp_FG/tri_8_2000/graph/HCLG.fst 'ark,s,cs:apply-cmvn  --utt2spk=ark:data/test/split10/6/utt2spk scp:data/test/split10/6/cmvn.scp scp:data/test/split10/6/feats.scp ark:- |' 'ark:|gzip -c > exp_FG/DNN_tri_8_2000_aligned_layer3_nodes256/decode/lat.6.gz' 
apply-cmvn --utt2spk=ark:data/test/split10/6/utt2spk scp:data/test/split10/6/cmvn.scp scp:data/test/split10/6/feats.scp ark:- 
MC01_104 tootxtxattai gawani 
LOG (nnet-latgen-faster[5.5.1074~1-71f3]:DecodeUtteranceLatticeFaster():decoder-wrappers.cc:375) Log-like per frame for utterance MC01_104 is 0.24375 over 300 frames.
MC01_106 manxal kayirxeu 
LOG (nnet-latgen-faster[5.5.1074~1-71f3]:DecodeUtteranceLatticeFaster():decoder-wrappers.cc:375) Log-like per frame for utterance MC01_106 is 0.211699 over 294 frames.
MC01_107 padxa padxa 
LOG (nnet-latgen-faster[5.5.1074~1-71f3]:DecodeUtteranceLatticeFaster():decoder-wrappers.cc:375) Log-like per frame for utterance MC01_107 is 0.21291 over 226 frames.
MC01_113 isxtxam 
LOG (nnet-latgen-faster[5.5.1074~1-71f3]:DecodeUtteranceLatticeFaster():decoder-wrappers.cc:375) Log-like per frame for utterance MC01_113 is 0.204565 over 162 frames.
MC01_119 paanam 
LOG (nnet-latgen-faster[5.5.1074~1-71f3]:DecodeUtteranceLatticeFaster():decoder-wrappers.cc:375) Log-like per frame for utterance MC01_119 is 0.217309 over 106 frames.
MC01_123 pappadxam 
LOG (nnet-latgen-faster[5.5.1074~1-71f3]:DecodeUtteranceLatticeFaster():decoder-wrappers.cc:375) Log-like per frame for utterance MC01_123 is 0.230784 over 123 frames.
MC01_126 iiram 
LOG (nnet-latgen-faster[5.5.1074~1-71f3]:DecodeUtteranceLatticeFaster():decoder-wrappers.cc:375) Log-like per frame for utterance MC01_126 is 0.171719 over 162 frames.
MC01_127 rambam 
LOG (nnet-latgen-faster[5.5.1074~1-71f3]:DecodeUtteranceLatticeFaster():decoder-wrappers.cc:375) Log-like per frame for utterance MC01_127 is 0.182797 over 219 frames.
MC01_130 saram 
LOG (nnet-latgen-faster[5.5.1074~1-71f3]:DecodeUtteranceLatticeFaster():decoder-wrappers.cc:375) Log-like per frame for utterance MC01_130 is 0.23077 over 147 frames.
MC01_140 taraadaram 
LOG (nnet-latgen-faster[5.5.1074~1-71f3]:DecodeUtteranceLatticeFaster():decoder-wrappers.cc:375) Log-like per frame for utterance MC01_140 is 0.220406 over 198 frames.
MC01_157 karuttaranggam 
LOG (nnet-latgen-faster[5.5.1074~1-71f3]:DecodeUtteranceLatticeFaster():decoder-wrappers.cc:375) Log-like per frame for utterance MC01_157 is 0.248725 over 258 frames.
MC01_158 padxam 
LOG (nnet-latgen-faster[5.5.1074~1-71f3]:DecodeUtteranceLatticeFaster():decoder-wrappers.cc:375) Log-like per frame for utterance MC01_158 is 0.16826 over 155 frames.
MC01_176 tanxnxiir 
LOG (nnet-latgen-faster[5.5.1074~1-71f3]:DecodeUtteranceLatticeFaster():decoder-wrappers.cc:375) Log-like per frame for utterance MC01_176 is 0.212809 over 162 frames.
MC01_180 tanddai 
LOG (nnet-latgen-faster[5.5.1074~1-71f3]:DecodeUtteranceLatticeFaster():decoder-wrappers.cc:375) Log-like per frame for utterance MC01_180 is 0.168266 over 210 frames.
MC01_181 moodiram 
LOG (nnet-latgen-faster[5.5.1074~1-71f3]:DecodeUtteranceLatticeFaster():decoder-wrappers.cc:375) Log-like per frame for utterance MC01_181 is 0.231905 over 159 frames.
MC01_199 harisxtxam 
LOG (nnet-latgen-faster[5.5.1074~1-71f3]:DecodeUtteranceLatticeFaster():decoder-wrappers.cc:375) Log-like per frame for utterance MC01_199 is 0.234363 over 193 frames.
MC01_203 amsanggalx 
LOG (nnet-latgen-faster[5.5.1074~1-71f3]:DecodeUtteranceLatticeFaster():decoder-wrappers.cc:375) Log-like per frame for utterance MC01_203 is 0.228727 over 229 frames.
MC01_205 kaanjjipuram 
LOG (nnet-latgen-faster[5.5.1074~1-71f3]:DecodeUtteranceLatticeFaster():decoder-wrappers.cc:375) Log-like per frame for utterance MC01_205 is 0.211089 over 202 frames.
MC01_21 paappaa padxam paar 
LOG (nnet-latgen-faster[5.5.1074~1-71f3]:DecodeUtteranceLatticeFaster():decoder-wrappers.cc:375) Log-like per frame for utterance MC01_21 is 0.218545 over 299 frames.
MC01_217 selwam adirsxtxam tarum 
LOG (nnet-latgen-faster[5.5.1074~1-71f3]:DecodeUtteranceLatticeFaster():decoder-wrappers.cc:375) Log-like per frame for utterance MC01_217 is 0.292214 over 349 frames.
MC01_218 widiyai miirxinaal abaraadam 
LOG (nnet-latgen-faster[5.5.1074~1-71f3]:DecodeUtteranceLatticeFaster():decoder-wrappers.cc:375) Log-like per frame for utterance MC01_218 is 0.258074 over 440 frames.
MC01_223 asxtxalaksxmi puujai ndalamalxikkum 
LOG (nnet-latgen-faster[5.5.1074~1-71f3]:DecodeUtteranceLatticeFaster():decoder-wrappers.cc:375) Log-like per frame for utterance MC01_223 is 0.352018 over 358 frames.
MC01_224 ahimsai wazhiyaip pinpatxrxeu 
LOG (nnet-latgen-faster[5.5.1074~1-71f3]:DecodeUtteranceLatticeFaster():decoder-wrappers.cc:375) Log-like per frame for utterance MC01_224 is 0.314033 over 338 frames.
MC01_225 jeyhindd enrxeu kuurxeu 
LOG (nnet-latgen-faster[5.5.1074~1-71f3]:DecodeUtteranceLatticeFaster():decoder-wrappers.cc:375) Log-like per frame for utterance MC01_225 is 0.305128 over 283 frames.
MC01_226 aanggilam oreu mozhi 
LOG (nnet-latgen-faster[5.5.1074~1-71f3]:DecodeUtteranceLatticeFaster():decoder-wrappers.cc:375) Log-like per frame for utterance MC01_226 is 0.296946 over 239 frames.
MC01_228 raamar aajar aanaar 
LOG (nnet-latgen-faster[5.5.1074~1-71f3]:DecodeUtteranceLatticeFaster():decoder-wrappers.cc:375) Log-like per frame for utterance MC01_228 is 0.324094 over 288 frames.
MC01_230 anggee inggee paarkkaadee 
LOG (nnet-latgen-faster[5.5.1074~1-71f3]:DecodeUtteranceLatticeFaster():decoder-wrappers.cc:375) Log-like per frame for utterance MC01_230 is 0.298444 over 346 frames.
MC01_231 injji maruttuwa gunxam waaynddadeu 
LOG (nnet-latgen-faster[5.5.1074~1-71f3]:DecodeUtteranceLatticeFaster():decoder-wrappers.cc:375) Log-like per frame for utterance MC01_231 is 0.283981 over 548 frames.
MC01_239 unxmai kai kodxeukkum 
LOG (nnet-latgen-faster[5.5.1074~1-71f3]:DecodeUtteranceLatticeFaster():decoder-wrappers.cc:375) Log-like per frame for utterance MC01_239 is 0.258941 over 314 frames.
MC01_251 kanrxeu unxaweukkeu eenggum 
LOG (nnet-latgen-faster[5.5.1074~1-71f3]:DecodeUtteranceLatticeFaster():decoder-wrappers.cc:375) Log-like per frame for utterance MC01_251 is 0.265691 over 393 frames.
MC01_256 eewuganxai eenddeu 
LOG (nnet-latgen-faster[5.5.1074~1-71f3]:DecodeUtteranceLatticeFaster():decoder-wrappers.cc:375) Log-like per frame for utterance MC01_256 is 0.211208 over 370 frames.
MC01_257 awan eezhai illai 
LOG (nnet-latgen-faster[5.5.1074~1-71f3]:DecodeUtteranceLatticeFaster():decoder-wrappers.cc:375) Log-like per frame for utterance MC01_257 is 0.228869 over 255 frames.
MC01_261 onbadeu koolxgalx ulxlxadeu 
LOG (nnet-latgen-faster[5.5.1074~1-71f3]:DecodeUtteranceLatticeFaster():decoder-wrappers.cc:375) Log-like per frame for utterance MC01_261 is 0.344291 over 314 frames.
MC01_263 idxa odeukkiidxeu sey 
LOG (nnet-latgen-faster[5.5.1074~1-71f3]:DecodeUtteranceLatticeFaster():decoder-wrappers.cc:375) Log-like per frame for utterance MC01_263 is 0.288502 over 263 frames.
MC01_265 tozhil oppudal sey 
LOG (nnet-latgen-faster[5.5.1074~1-71f3]:DecodeUtteranceLatticeFaster():decoder-wrappers.cc:375) Log-like per frame for utterance MC01_265 is 0.243668 over 381 frames.
MC01_266 biins oruwagai kaay 
LOG (nnet-latgen-faster[5.5.1074~1-71f3]:DecodeUtteranceLatticeFaster():decoder-wrappers.cc:375) Log-like per frame for utterance MC01_266 is 0.230392 over 457 frames.
MC01_269 ndadxai ozhunggeu sey 
LOG (nnet-latgen-faster[5.5.1074~1-71f3]:DecodeUtteranceLatticeFaster():decoder-wrappers.cc:375) Log-like per frame for utterance MC01_269 is 0.243948 over 298 frames.
MC01_271 onrxaam paagam ndanrxaaga irunddadeu 
LOG (nnet-latgen-faster[5.5.1074~1-71f3]:DecodeUtteranceLatticeFaster():decoder-wrappers.cc:375) Log-like per frame for utterance MC01_271 is 0.333679 over 401 frames.
MC01_288 ndaan eppozhudum sanddoosxamaaga iruppeen 
LOG (nnet-latgen-faster[5.5.1074~1-71f3]:DecodeUtteranceLatticeFaster():decoder-wrappers.cc:375) Log-like per frame for utterance MC01_288 is 0.287598 over 423 frames.
MC01_293 guruwai sisxyan wanxangginaan 
LOG (nnet-latgen-faster[5.5.1074~1-71f3]:DecodeUtteranceLatticeFaster():decoder-wrappers.cc:375) Log-like per frame for utterance MC01_293 is 0.304935 over 343 frames.
MC01_311 purxaa tuudeu anuppa tolai duuram parxanddadeu 
LOG (nnet-latgen-faster[5.5.1074~1-71f3]:DecodeUtteranceLatticeFaster():decoder-wrappers.cc:375) Log-like per frame for utterance MC01_311 is 0.311175 over 491 frames.
MC01_313 kutxtxaiyil tanxnxiir teenggiyadeu 
LOG (nnet-latgen-faster[5.5.1074~1-71f3]:DecodeUtteranceLatticeFaster():decoder-wrappers.cc:375) Log-like per frame for utterance MC01_313 is 0.331444 over 372 frames.
MC01_315 toosxattirxkeu parigaaram sey 
LOG (nnet-latgen-faster[5.5.1074~1-71f3]:DecodeUtteranceLatticeFaster():decoder-wrappers.cc:375) Log-like per frame for utterance MC01_315 is 0.290806 over 433 frames.
MC01_325 panjjeu nderuppil karugiyadeu 
LOG (nnet-latgen-faster[5.5.1074~1-71f3]:DecodeUtteranceLatticeFaster():decoder-wrappers.cc:375) Log-like per frame for utterance MC01_325 is 0.29118 over 365 frames.
MC01_327 kaalai bajanai migawum pirabalam 
LOG (nnet-latgen-faster[5.5.1074~1-71f3]:DecodeUtteranceLatticeFaster():decoder-wrappers.cc:375) Log-like per frame for utterance MC01_327 is 0.244941 over 520 frames.
MC01_33 paarttaal puunai paaynddaal puli 
LOG (nnet-latgen-faster[5.5.1074~1-71f3]:DecodeUtteranceLatticeFaster():decoder-wrappers.cc:375) Log-like per frame for utterance MC01_33 is 0.300833 over 447 frames.
MC01_330 buwaneesxwar uuril puugambam 
LOG (nnet-latgen-faster[5.5.1074~1-71f3]:DecodeUtteranceLatticeFaster():decoder-wrappers.cc:375) Log-like per frame for utterance MC01_330 is 0.285282 over 443 frames.
MC01_331 puurwa jenma banddam 
LOG (nnet-latgen-faster[5.5.1074~1-71f3]:DecodeUtteranceLatticeFaster():decoder-wrappers.cc:375) Log-like per frame for utterance MC01_331 is 0.296204 over 333 frames.
MC01_337 raagi poosxaakkaana unxaweu 
LOG (nnet-latgen-faster[5.5.1074~1-71f3]:DecodeUtteranceLatticeFaster():decoder-wrappers.cc:375) Log-like per frame for utterance MC01_337 is 0.321269 over 352 frames.
MC01_342 muulxai illaadawan mutxtxaalx 
LOG (nnet-latgen-faster[5.5.1074~1-71f3]:DecodeUtteranceLatticeFaster():decoder-wrappers.cc:375) Log-like per frame for utterance MC01_342 is 0.254594 over 477 frames.
MC01_355 jadxai pinni weesxam poodxeu 
LOG (nnet-latgen-faster[5.5.1074~1-71f3]:DecodeUtteranceLatticeFaster():decoder-wrappers.cc:375) Log-like per frame for utterance MC01_355 is 0.347393 over 375 frames.
MC01_357 janamee ndam balam 
LOG (nnet-latgen-faster[5.5.1074~1-71f3]:DecodeUtteranceLatticeFaster():decoder-wrappers.cc:375) Log-like per frame for utterance MC01_357 is 0.281102 over 315 frames.
MC01_363 ndiinggalx sxeemamaaga irunggalx 
LOG (nnet-latgen-faster[5.5.1074~1-71f3]:DecodeUtteranceLatticeFaster():decoder-wrappers.cc:375) Log-like per frame for utterance MC01_363 is 0.263994 over 515 frames.
MC01_38 pambaram suzhatxrxeu 
LOG (nnet-latgen-faster[5.5.1074~1-71f3]:DecodeUtteranceLatticeFaster():decoder-wrappers.cc:375) Log-like per frame for utterance MC01_38 is 0.279925 over 225 frames.
MC01_44 onrxee kulam onrxee jaadi 
LOG (nnet-latgen-faster[5.5.1074~1-71f3]:DecodeUtteranceLatticeFaster():decoder-wrappers.cc:375) Log-like per frame for utterance MC01_44 is 0.307312 over 403 frames.
MC01_53 inggeu tangguwadarxkeu ilawasam 
LOG (nnet-latgen-faster[5.5.1074~1-71f3]:DecodeUtteranceLatticeFaster():decoder-wrappers.cc:375) Log-like per frame for utterance MC01_53 is 0.293862 over 376 frames.
MC01_55 makkalx mannarai waazhttinaargalx 
LOG (nnet-latgen-faster[5.5.1074~1-71f3]:DecodeUtteranceLatticeFaster():decoder-wrappers.cc:375) Log-like per frame for utterance MC01_55 is 0.313494 over 360 frames.
MC01_62 ooywinrxi uzhai 
LOG (nnet-latgen-faster[5.5.1074~1-71f3]:DecodeUtteranceLatticeFaster():decoder-wrappers.cc:375) Log-like per frame for utterance MC01_62 is 0.233684 over 252 frames.
MC01_68 kanddaiyaanaalum kasakkik katxtxeu 
LOG (nnet-latgen-faster[5.5.1074~1-71f3]:DecodeUtteranceLatticeFaster():decoder-wrappers.cc:375) Log-like per frame for utterance MC01_68 is 0.315645 over 406 frames.
MC01_69 kuyil kuuwum 
LOG (nnet-latgen-faster[5.5.1074~1-71f3]:DecodeUtteranceLatticeFaster():decoder-wrappers.cc:375) Log-like per frame for utterance MC01_69 is 0.26462 over 214 frames.
MC01_70 ndari uulxaiyidxum 
LOG (nnet-latgen-faster[5.5.1074~1-71f3]:DecodeUtteranceLatticeFaster():decoder-wrappers.cc:375) Log-like per frame for utterance MC01_70 is 0.282061 over 208 frames.
MC01_75 alxaweukkeu minjjinaal amudamum wisxam 
LOG (nnet-latgen-faster[5.5.1074~1-71f3]:DecodeUtteranceLatticeFaster():decoder-wrappers.cc:375) Log-like per frame for utterance MC01_75 is 0.351723 over 344 frames.
LOG (apply-cmvn[5.5.1074~1-71f3]:main():apply-cmvn.cc:162) Applied cepstral mean normalization to 66 utterances, errors on 0
MC01_76 ikkaraikkeu akkaraip paccai 
LOG (nnet-latgen-faster[5.5.1074~1-71f3]:DecodeUtteranceLatticeFaster():decoder-wrappers.cc:375) Log-like per frame for utterance MC01_76 is 0.260402 over 289 frames.
MC01_79 tiiraakkoobam pooraay mudxiyum 
LOG (nnet-latgen-faster[5.5.1074~1-71f3]:DecodeUtteranceLatticeFaster():decoder-wrappers.cc:375) Log-like per frame for utterance MC01_79 is 0.300248 over 426 frames.
MC01_83 aadxaiyil padxiwadeu karxai 
LOG (nnet-latgen-faster[5.5.1074~1-71f3]:DecodeUtteranceLatticeFaster():decoder-wrappers.cc:375) Log-like per frame for utterance MC01_83 is 0.28528 over 343 frames.
MC01_98 accamillaadawan ambalam eerxuwaan 
LOG (nnet-latgen-faster[5.5.1074~1-71f3]:DecodeUtteranceLatticeFaster():decoder-wrappers.cc:375) Log-like per frame for utterance MC01_98 is 0.346827 over 387 frames.
LOG (nnet-latgen-faster[5.5.1074~1-71f3]:main():nnet-latgen-faster.cc:181) Time taken 3.64663s: real-time factor assuming 100 frames/sec is 0.0174681
LOG (nnet-latgen-faster[5.5.1074~1-71f3]:main():nnet-latgen-faster.cc:184) Done 66 utterances, failed for 0
LOG (nnet-latgen-faster[5.5.1074~1-71f3]:main():nnet-latgen-faster.cc:186) Overall log-likelihood per frame is 0.276083 over 20876 frames.
# Accounting: time=4 threads=1
# Ended (code 0) at Thu Aug  3 11:46:08 IST 2023, elapsed time 4 seconds
