# lattice-depth-per-frame "ark:gunzip -c exp_FG/DNN_tri_8_2000_aligned_layer3_nodes256/decode/lat.6.gz|" "ark,t:|gzip -c > exp_FG/DNN_tri_8_2000_aligned_layer3_nodes256/decode/depth_tmp.6.gz" ark:- | lattice-best-path --acoustic-scale=0.1 ark:- ark:/dev/null "ark,t:|gzip -c >exp_FG/DNN_tri_8_2000_aligned_layer3_nodes256/decode/ali_tmp.6.gz" 
# Started at Thu Aug  3 11:46:08 IST 2023
#
lattice-depth-per-frame 'ark:gunzip -c exp_FG/DNN_tri_8_2000_aligned_layer3_nodes256/decode/lat.6.gz|' 'ark,t:|gzip -c > exp_FG/DNN_tri_8_2000_aligned_layer3_nodes256/decode/depth_tmp.6.gz' ark:- 
lattice-best-path --acoustic-scale=0.1 ark:- ark:/dev/null 'ark,t:|gzip -c >exp_FG/DNN_tri_8_2000_aligned_layer3_nodes256/decode/ali_tmp.6.gz' 
LOG (lattice-best-path[5.5.1074~1-71f3]:main():lattice-best-path.cc:99) For utterance MC01_104, best cost 17.3668 + -90.4919 = -73.1251 over 300 frames.
LOG (lattice-best-path[5.5.1074~1-71f3]:main():lattice-best-path.cc:99) For utterance MC01_106, best cost 16.761 + -79.0006 = -62.2396 over 294 frames.
LOG (lattice-best-path[5.5.1074~1-71f3]:main():lattice-best-path.cc:99) For utterance MC01_107, best cost 14.4422 + -62.5599 = -48.1176 over 226 frames.
LOG (lattice-best-path[5.5.1074~1-71f3]:main():lattice-best-path.cc:99) For utterance MC01_113, best cost 12.2916 + -45.4312 = -33.1396 over 162 frames.
LOG (lattice-best-path[5.5.1074~1-71f3]:main():lattice-best-path.cc:99) For utterance MC01_119, best cost 12.6239 + -35.6587 = -23.0348 over 106 frames.
LOG (lattice-best-path[5.5.1074~1-71f3]:main():lattice-best-path.cc:99) For utterance MC01_123, best cost 13.0444 + -41.4308 = -28.3864 over 123 frames.
LOG (lattice-best-path[5.5.1074~1-71f3]:main():lattice-best-path.cc:99) For utterance MC01_126, best cost 12.071 + -39.8894 = -27.8185 over 162 frames.
LOG (lattice-best-path[5.5.1074~1-71f3]:main():lattice-best-path.cc:99) For utterance MC01_127, best cost 12.9647 + -52.9974 = -40.0327 over 219 frames.
LOG (lattice-best-path[5.5.1074~1-71f3]:main():lattice-best-path.cc:99) For utterance MC01_130, best cost 12.5546 + -46.4777 = -33.9231 over 147 frames.
LOG (lattice-best-path[5.5.1074~1-71f3]:main():lattice-best-path.cc:99) For utterance MC01_140, best cost 13.9895 + -57.6299 = -43.6404 over 198 frames.
LOG (lattice-best-path[5.5.1074~1-71f3]:main():lattice-best-path.cc:99) For utterance MC01_157, best cost 15.4502 + -79.6211 = -64.171 over 258 frames.
LOG (lattice-best-path[5.5.1074~1-71f3]:main():lattice-best-path.cc:99) For utterance MC01_158, best cost 12.2762 + -38.3565 = -26.0803 over 155 frames.
LOG (lattice-best-path[5.5.1074~1-71f3]:main():lattice-best-path.cc:99) For utterance MC01_176, best cost 12.794 + -47.2691 = -34.4751 over 162 frames.
LOG (lattice-best-path[5.5.1074~1-71f3]:main():lattice-best-path.cc:99) For utterance MC01_180, best cost 12.4561 + -47.792 = -35.336 over 210 frames.
LOG (lattice-best-path[5.5.1074~1-71f3]:main():lattice-best-path.cc:99) For utterance MC01_181, best cost 13.2283 + -50.1012 = -36.8728 over 159 frames.
LOG (lattice-best-path[5.5.1074~1-71f3]:main():lattice-best-path.cc:99) For utterance MC01_199, best cost 13.9467 + -59.1787 = -45.232 over 193 frames.
LOG (lattice-best-path[5.5.1074~1-71f3]:main():lattice-best-path.cc:99) For utterance MC01_203, best cost 13.9646 + -66.3431 = -52.3785 over 229 frames.
LOG (lattice-best-path[5.5.1074~1-71f3]:main():lattice-best-path.cc:99) For utterance MC01_205, best cost 14.9842 + -57.6241 = -42.64 over 202 frames.
LOG (lattice-best-path[5.5.1074~1-71f3]:main():lattice-best-path.cc:99) For utterance MC01_21, best cost 19.1377 + -84.4826 = -65.3449 over 299 frames.
LOG (lattice-best-path[5.5.1074~1-71f3]:main():lattice-best-path.cc:99) For utterance MC01_217, best cost 22.5318 + -124.515 = -101.983 over 349 frames.
LOG (lattice-best-path[5.5.1074~1-71f3]:main():lattice-best-path.cc:99) For utterance MC01_218, best cost 23.4514 + -137.004 = -113.553 over 440 frames.
LOG (lattice-best-path[5.5.1074~1-71f3]:main():lattice-best-path.cc:99) For utterance MC01_223, best cost 25.4389 + -151.461 = -126.022 over 358 frames.
LOG (lattice-best-path[5.5.1074~1-71f3]:main():lattice-best-path.cc:99) For utterance MC01_224, best cost 23.3225 + -129.466 = -106.143 over 338 frames.
LOG (lattice-best-path[5.5.1074~1-71f3]:main():lattice-best-path.cc:99) For utterance MC01_225, best cost 20.2244 + -106.576 = -86.3511 over 283 frames.
LOG (lattice-best-path[5.5.1074~1-71f3]:main():lattice-best-path.cc:99) For utterance MC01_226, best cost 18.4556 + -89.4257 = -70.9701 over 239 frames.
LOG (lattice-best-path[5.5.1074~1-71f3]:main():lattice-best-path.cc:99) For utterance MC01_228, best cost 20.5074 + -113.846 = -93.339 over 288 frames.
LOG (lattice-best-path[5.5.1074~1-71f3]:main():lattice-best-path.cc:99) For utterance MC01_230, best cost 22.1959 + -125.458 = -103.262 over 346 frames.
LOG (lattice-best-path[5.5.1074~1-71f3]:main():lattice-best-path.cc:99) For utterance MC01_231, best cost 27.7813 + -183.403 = -155.622 over 548 frames.
LOG (lattice-best-path[5.5.1074~1-71f3]:main():lattice-best-path.cc:99) For utterance MC01_239, best cost 19.8979 + -101.205 = -81.3074 over 314 frames.
LOG (lattice-best-path[5.5.1074~1-71f3]:main():lattice-best-path.cc:99) For utterance MC01_251, best cost 23.7638 + -128.18 = -104.417 over 393 frames.
LOG (lattice-best-path[5.5.1074~1-71f3]:main():lattice-best-path.cc:99) For utterance MC01_256, best cost 17.4939 + -95.6409 = -78.147 over 370 frames.
LOG (lattice-best-path[5.5.1074~1-71f3]:main():lattice-best-path.cc:99) For utterance MC01_257, best cost 18.0166 + -76.3781 = -58.3615 over 255 frames.
LOG (lattice-best-path[5.5.1074~1-71f3]:main():lattice-best-path.cc:99) For utterance MC01_261, best cost 20.94 + -129.047 = -108.107 over 314 frames.
LOG (lattice-depth-per-frame[5.5.1074~1-71f3]:main():lattice-depth-per-frame.cc:82) Done 66 lattices.
LOG (lattice-best-path[5.5.1074~1-71f3]:main():lattice-best-path.cc:99) For utterance MC01_263, best cost 18.3423 + -94.2184 = -75.876 over 263 frames.
LOG (lattice-best-path[5.5.1074~1-71f3]:main():lattice-best-path.cc:99) For utterance MC01_265, best cost 19.9254 + -112.763 = -92.8374 over 381 frames.
LOG (lattice-best-path[5.5.1074~1-71f3]:main():lattice-best-path.cc:99) For utterance MC01_266, best cost 20.2612 + -125.55 = -105.289 over 457 frames.
LOG (lattice-best-path[5.5.1074~1-71f3]:main():lattice-best-path.cc:99) For utterance MC01_269, best cost 18.5725 + -91.269 = -72.6964 over 298 frames.
LOG (lattice-best-path[5.5.1074~1-71f3]:main():lattice-best-path.cc:99) For utterance MC01_271, best cost 26.1858 + -159.991 = -133.805 over 401 frames.
LOG (lattice-best-path[5.5.1074~1-71f3]:main():lattice-best-path.cc:99) For utterance MC01_288, best cost 27.3168 + -148.971 = -121.654 over 423 frames.
LOG (lattice-best-path[5.5.1074~1-71f3]:main():lattice-best-path.cc:99) For utterance MC01_293, best cost 23.2579 + -127.851 = -104.593 over 343 frames.
LOG (lattice-best-path[5.5.1074~1-71f3]:main():lattice-best-path.cc:99) For utterance MC01_311, best cost 30.9281 + -183.715 = -152.787 over 491 frames.
LOG (lattice-best-path[5.5.1074~1-71f3]:main():lattice-best-path.cc:99) For utterance MC01_313, best cost 23.1853 + -146.483 = -123.297 over 372 frames.
LOG (lattice-best-path[5.5.1074~1-71f3]:main():lattice-best-path.cc:99) For utterance MC01_315, best cost 24.4881 + -150.407 = -125.919 over 433 frames.
LOG (lattice-best-path[5.5.1074~1-71f3]:main():lattice-best-path.cc:99) For utterance MC01_325, best cost 23.3793 + -129.66 = -106.281 over 365 frames.
LOG (lattice-best-path[5.5.1074~1-71f3]:main():lattice-best-path.cc:99) For utterance MC01_327, best cost 27.8088 + -155.178 = -127.369 over 520 frames.
LOG (lattice-best-path[5.5.1074~1-71f3]:main():lattice-best-path.cc:99) For utterance MC01_33, best cost 25.4424 + -159.915 = -134.472 over 447 frames.
LOG (lattice-best-path[5.5.1074~1-71f3]:main():lattice-best-path.cc:99) For utterance MC01_330, best cost 24.9082 + -151.288 = -126.38 over 443 frames.
LOG (lattice-best-path[5.5.1074~1-71f3]:main():lattice-best-path.cc:99) For utterance MC01_331, best cost 19.6507 + -118.287 = -98.636 over 333 frames.
LOG (lattice-best-path[5.5.1074~1-71f3]:main():lattice-best-path.cc:99) For utterance MC01_337, best cost 23.2975 + -136.384 = -113.087 over 352 frames.
LOG (lattice-best-path[5.5.1074~1-71f3]:main():lattice-best-path.cc:99) For utterance MC01_342, best cost 22.4519 + -143.893 = -121.441 over 477 frames.
LOG (lattice-best-path[5.5.1074~1-71f3]:main():lattice-best-path.cc:99) For utterance MC01_355, best cost 23.3242 + -153.597 = -130.273 over 375 frames.
LOG (lattice-best-path[5.5.1074~1-71f3]:main():lattice-best-path.cc:99) For utterance MC01_357, best cost 19.2494 + -107.797 = -88.5473 over 315 frames.
LOG (lattice-best-path[5.5.1074~1-71f3]:main():lattice-best-path.cc:99) For utterance MC01_363, best cost 23.6127 + -159.57 = -135.957 over 515 frames.
LOG (lattice-best-path[5.5.1074~1-71f3]:main():lattice-best-path.cc:99) For utterance MC01_38, best cost 18.2066 + -81.1897 = -62.9831 over 225 frames.
LOG (lattice-best-path[5.5.1074~1-71f3]:main():lattice-best-path.cc:99) For utterance MC01_44, best cost 24.0465 + -147.893 = -123.847 over 403 frames.
LOG (lattice-best-path[5.5.1074~1-71f3]:main():lattice-best-path.cc:99) For utterance MC01_53, best cost 22.9912 + -133.483 = -110.492 over 376 frames.
LOG (lattice-best-path[5.5.1074~1-71f3]:main():lattice-best-path.cc:99) For utterance MC01_55, best cost 23.7208 + -136.579 = -112.858 over 360 frames.
LOG (lattice-best-path[5.5.1074~1-71f3]:main():lattice-best-path.cc:99) For utterance MC01_62, best cost 15.9786 + -74.8669 = -58.8883 over 252 frames.
LOG (lattice-best-path[5.5.1074~1-71f3]:main():lattice-best-path.cc:99) For utterance MC01_68, best cost 24.3286 + -152.48 = -128.152 over 406 frames.
LOG (lattice-best-path[5.5.1074~1-71f3]:main():lattice-best-path.cc:99) For utterance MC01_69, best cost 15.9562 + -72.5848 = -56.6287 over 214 frames.
LOG (lattice-best-path[5.5.1074~1-71f3]:main():lattice-best-path.cc:99) For utterance MC01_70, best cost 16.0534 + -74.7221 = -58.6687 over 208 frames.
LOG (lattice-best-path[5.5.1074~1-71f3]:main():lattice-best-path.cc:99) For utterance MC01_75, best cost 27.4651 + -148.458 = -120.993 over 344 frames.
LOG (lattice-best-path[5.5.1074~1-71f3]:main():lattice-best-path.cc:99) For utterance MC01_76, best cost 21.5545 + -96.8108 = -75.2563 over 289 frames.
LOG (lattice-best-path[5.5.1074~1-71f3]:main():lattice-best-path.cc:99) For utterance MC01_79, best cost 24.1887 + -152.094 = -127.906 over 426 frames.
LOG (lattice-best-path[5.5.1074~1-71f3]:main():lattice-best-path.cc:99) For utterance MC01_83, best cost 20.6604 + -118.511 = -97.851 over 343 frames.
LOG (lattice-best-path[5.5.1074~1-71f3]:main():lattice-best-path.cc:99) For utterance MC01_98, best cost 25.7699 + -159.992 = -134.222 over 387 frames.
LOG (lattice-best-path[5.5.1074~1-71f3]:main():lattice-best-path.cc:124) Overall cost per frame is -0.276083 = 0.0630809 [graph] + -0.339164 [acoustic] over 20876 frames.
LOG (lattice-best-path[5.5.1074~1-71f3]:main():lattice-best-path.cc:128) Done 66 lattices, failed for 0
# Accounting: time=0 threads=1
# Ended (code 0) at Thu Aug  3 11:46:08 IST 2023, elapsed time 0 seconds
