# lattice-depth-per-frame "ark:gunzip -c exp_FG/DNN_tri_8_2000_aligned_layer3_nodes256/decode/lat.2.gz|" "ark,t:|gzip -c > exp_FG/DNN_tri_8_2000_aligned_layer3_nodes256/decode/depth_tmp.2.gz" ark:- | lattice-best-path --acoustic-scale=0.1 ark:- ark:/dev/null "ark,t:|gzip -c >exp_FG/DNN_tri_8_2000_aligned_layer3_nodes256/decode/ali_tmp.2.gz" 
# Started at Thu Aug  3 11:46:08 IST 2023
#
lattice-depth-per-frame 'ark:gunzip -c exp_FG/DNN_tri_8_2000_aligned_layer3_nodes256/decode/lat.2.gz|' 'ark,t:|gzip -c > exp_FG/DNN_tri_8_2000_aligned_layer3_nodes256/decode/depth_tmp.2.gz' ark:- 
lattice-best-path --acoustic-scale=0.1 ark:- ark:/dev/null 'ark,t:|gzip -c >exp_FG/DNN_tri_8_2000_aligned_layer3_nodes256/decode/ali_tmp.2.gz' 
LOG (lattice-best-path[5.5.1074~1-71f3]:main():lattice-best-path.cc:99) For utterance FC02_106, best cost 16.438 + -68.3959 = -51.9579 over 177 frames.
LOG (lattice-best-path[5.5.1074~1-71f3]:main():lattice-best-path.cc:99) For utterance FC02_107, best cost 14.8201 + -64.9683 = -50.1482 over 151 frames.
LOG (lattice-best-path[5.5.1074~1-71f3]:main():lattice-best-path.cc:99) For utterance FC02_11, best cost 17.8316 + -98.0771 = -80.2455 over 266 frames.
LOG (lattice-best-path[5.5.1074~1-71f3]:main():lattice-best-path.cc:99) For utterance FC02_119, best cost 13.242 + -52.0621 = -38.8201 over 133 frames.
LOG (lattice-best-path[5.5.1074~1-71f3]:main():lattice-best-path.cc:99) For utterance FC02_124, best cost 13.0186 + -53.0068 = -39.9882 over 169 frames.
LOG (lattice-best-path[5.5.1074~1-71f3]:main():lattice-best-path.cc:99) For utterance FC02_128, best cost 12.6068 + -42.3409 = -29.734 over 143 frames.
LOG (lattice-best-path[5.5.1074~1-71f3]:main():lattice-best-path.cc:99) For utterance FC02_136, best cost 14.4463 + -54.6182 = -40.1719 over 150 frames.
LOG (lattice-best-path[5.5.1074~1-71f3]:main():lattice-best-path.cc:99) For utterance FC02_142, best cost 12.9224 + -49.9029 = -36.9805 over 143 frames.
LOG (lattice-best-path[5.5.1074~1-71f3]:main():lattice-best-path.cc:99) For utterance FC02_143, best cost 14.9747 + -72.0494 = -57.0747 over 172 frames.
LOG (lattice-best-path[5.5.1074~1-71f3]:main():lattice-best-path.cc:99) For utterance FC02_145, best cost 12.7156 + -43.3918 = -30.6762 over 127 frames.
LOG (lattice-best-path[5.5.1074~1-71f3]:main():lattice-best-path.cc:99) For utterance FC02_169, best cost 11.9165 + -40.0147 = -28.0982 over 111 frames.
LOG (lattice-best-path[5.5.1074~1-71f3]:main():lattice-best-path.cc:99) For utterance FC02_175, best cost 14.3206 + -52.0635 = -37.7429 over 137 frames.
LOG (lattice-best-path[5.5.1074~1-71f3]:main():lattice-best-path.cc:99) For utterance FC02_179, best cost 13.0032 + -36.9953 = -23.9921 over 127 frames.
LOG (lattice-best-path[5.5.1074~1-71f3]:main():lattice-best-path.cc:99) For utterance FC02_180, best cost 12.7967 + -44.5943 = -31.7975 over 143 frames.
LOG (lattice-best-path[5.5.1074~1-71f3]:main():lattice-best-path.cc:99) For utterance FC02_186, best cost 12.2807 + -55.7282 = -43.4475 over 140 frames.
LOG (lattice-best-path[5.5.1074~1-71f3]:main():lattice-best-path.cc:99) For utterance FC02_188, best cost 12.5985 + -49.9785 = -37.38 over 143 frames.
LOG (lattice-best-path[5.5.1074~1-71f3]:main():lattice-best-path.cc:99) For utterance FC02_191, best cost 13.5284 + -62.1735 = -48.6451 over 182 frames.
LOG (lattice-best-path[5.5.1074~1-71f3]:main():lattice-best-path.cc:99) For utterance FC02_204, best cost 13.8649 + -53.1025 = -39.2376 over 150 frames.
LOG (lattice-best-path[5.5.1074~1-71f3]:main():lattice-best-path.cc:99) For utterance FC02_205, best cost 15.6231 + -66.5395 = -50.9164 over 162 frames.
LOG (lattice-best-path[5.5.1074~1-71f3]:main():lattice-best-path.cc:99) For utterance FC02_214, best cost 21.699 + -122.106 = -100.407 over 272 frames.
LOG (lattice-best-path[5.5.1074~1-71f3]:main():lattice-best-path.cc:99) For utterance FC02_232, best cost 17.7974 + -82.2431 = -64.4457 over 224 frames.
LOG (lattice-best-path[5.5.1074~1-71f3]:main():lattice-best-path.cc:99) For utterance FC02_233, best cost 22.3627 + -107.604 = -85.2415 over 273 frames.
LOG (lattice-best-path[5.5.1074~1-71f3]:main():lattice-best-path.cc:99) For utterance FC02_234, best cost 22.9288 + -128.142 = -105.213 over 299 frames.
LOG (lattice-best-path[5.5.1074~1-71f3]:main():lattice-best-path.cc:99) For utterance FC02_236, best cost 29.2173 + -188.314 = -159.097 over 383 frames.
LOG (lattice-best-path[5.5.1074~1-71f3]:main():lattice-best-path.cc:99) For utterance FC02_239, best cost 20.3061 + -93.07 = -72.7639 over 224 frames.
LOG (lattice-best-path[5.5.1074~1-71f3]:main():lattice-best-path.cc:99) For utterance FC02_243, best cost 25.0717 + -149.74 = -124.668 over 422 frames.
LOG (lattice-best-path[5.5.1074~1-71f3]:main():lattice-best-path.cc:99) For utterance FC02_244, best cost 29.5639 + -159.07 = -129.506 over 383 frames.
LOG (lattice-best-path[5.5.1074~1-71f3]:main():lattice-best-path.cc:99) For utterance FC02_247, best cost 19.5871 + -76.8979 = -57.3108 over 250 frames.
LOG (lattice-best-path[5.5.1074~1-71f3]:main():lattice-best-path.cc:99) For utterance FC02_249, best cost 25.891 + -163.862 = -137.971 over 325 frames.
LOG (lattice-best-path[5.5.1074~1-71f3]:main():lattice-best-path.cc:99) For utterance FC02_250, best cost 28.9618 + -142.191 = -113.229 over 399 frames.
LOG (lattice-best-path[5.5.1074~1-71f3]:main():lattice-best-path.cc:99) For utterance FC02_251, best cost 24.2081 + -130.959 = -106.751 over 325 frames.
LOG (lattice-best-path[5.5.1074~1-71f3]:main():lattice-best-path.cc:99) For utterance FC02_252, best cost 20.7231 + -99.6333 = -78.9101 over 270 frames.
LOG (lattice-best-path[5.5.1074~1-71f3]:main():lattice-best-path.cc:99) For utterance FC02_256, best cost 19.0697 + -95.5954 = -76.5257 over 283 frames.
LOG (lattice-best-path[5.5.1074~1-71f3]:main():lattice-best-path.cc:99) For utterance FC02_257, best cost 19.9954 + -116.72 = -96.7245 over 250 frames.
LOG (lattice-depth-per-frame[5.5.1074~1-71f3]:main():lattice-depth-per-frame.cc:82) Done 69 lattices.
LOG (lattice-best-path[5.5.1074~1-71f3]:main():lattice-best-path.cc:99) For utterance FC02_26, best cost 18.5466 + -94.3289 = -75.7823 over 240 frames.
LOG (lattice-best-path[5.5.1074~1-71f3]:main():lattice-best-path.cc:99) For utterance FC02_263, best cost 21.0094 + -106.832 = -85.8223 over 257 frames.
LOG (lattice-best-path[5.5.1074~1-71f3]:main():lattice-best-path.cc:99) For utterance FC02_264, best cost 22.8535 + -106.913 = -84.0599 over 283 frames.
LOG (lattice-best-path[5.5.1074~1-71f3]:main():lattice-best-path.cc:99) For utterance FC02_266, best cost 22.3721 + -110.042 = -87.6703 over 289 frames.
LOG (lattice-best-path[5.5.1074~1-71f3]:main():lattice-best-path.cc:99) For utterance FC02_267, best cost 21.4051 + -131.963 = -110.558 over 273 frames.
LOG (lattice-best-path[5.5.1074~1-71f3]:main():lattice-best-path.cc:99) For utterance FC02_269, best cost 20.5831 + -112.234 = -91.6513 over 241 frames.
LOG (lattice-best-path[5.5.1074~1-71f3]:main():lattice-best-path.cc:99) For utterance FC02_27, best cost 21.3582 + -105.204 = -83.846 over 272 frames.
LOG (lattice-best-path[5.5.1074~1-71f3]:main():lattice-best-path.cc:99) For utterance FC02_273, best cost 18.5635 + -104.965 = -86.4011 over 243 frames.
LOG (lattice-best-path[5.5.1074~1-71f3]:main():lattice-best-path.cc:99) For utterance FC02_276, best cost 23.5693 + -126.866 = -103.297 over 305 frames.
LOG (lattice-best-path[5.5.1074~1-71f3]:main():lattice-best-path.cc:99) For utterance FC02_277, best cost 28.9703 + -173.589 = -144.619 over 428 frames.
LOG (lattice-best-path[5.5.1074~1-71f3]:main():lattice-best-path.cc:99) For utterance FC02_286, best cost 24.8078 + -147.471 = -122.663 over 318 frames.
LOG (lattice-best-path[5.5.1074~1-71f3]:main():lattice-best-path.cc:99) For utterance FC02_289, best cost 25.2438 + -140.487 = -115.243 over 315 frames.
LOG (lattice-best-path[5.5.1074~1-71f3]:main():lattice-best-path.cc:99) For utterance FC02_298, best cost 23.962 + -127.336 = -103.374 over 305 frames.
LOG (lattice-best-path[5.5.1074~1-71f3]:main():lattice-best-path.cc:99) For utterance FC02_3, best cost 16.9708 + -97.563 = -80.5921 over 272 frames.
LOG (lattice-best-path[5.5.1074~1-71f3]:main():lattice-best-path.cc:99) For utterance FC02_310, best cost 26.6494 + -126.838 = -100.188 over 357 frames.
LOG (lattice-best-path[5.5.1074~1-71f3]:main():lattice-best-path.cc:99) For utterance FC02_314, best cost 25.1852 + -122.852 = -97.6671 over 305 frames.
LOG (lattice-best-path[5.5.1074~1-71f3]:main():lattice-best-path.cc:99) For utterance FC02_317, best cost 23.5556 + -124.34 = -100.785 over 321 frames.
LOG (lattice-best-path[5.5.1074~1-71f3]:main():lattice-best-path.cc:99) For utterance FC02_328, best cost 28.5671 + -155.624 = -127.056 over 409 frames.
LOG (lattice-best-path[5.5.1074~1-71f3]:main():lattice-best-path.cc:99) For utterance FC02_332, best cost 27.649 + -146.587 = -118.938 over 422 frames.
LOG (lattice-best-path[5.5.1074~1-71f3]:main():lattice-best-path.cc:99) For utterance FC02_337, best cost 25.0443 + -146.728 = -121.683 over 380 frames.
LOG (lattice-best-path[5.5.1074~1-71f3]:main():lattice-best-path.cc:99) For utterance FC02_343, best cost 26.9994 + -146.97 = -119.971 over 347 frames.
LOG (lattice-best-path[5.5.1074~1-71f3]:main():lattice-best-path.cc:99) For utterance FC02_345, best cost 26.8798 + -138.788 = -111.908 over 370 frames.
LOG (lattice-best-path[5.5.1074~1-71f3]:main():lattice-best-path.cc:99) For utterance FC02_350, best cost 28.7966 + -161.021 = -132.224 over 402 frames.
LOG (lattice-best-path[5.5.1074~1-71f3]:main():lattice-best-path.cc:99) For utterance FC02_45, best cost 22.5752 + -129.513 = -106.937 over 314 frames.
LOG (lattice-best-path[5.5.1074~1-71f3]:main():lattice-best-path.cc:99) For utterance FC02_48, best cost 18.1223 + -106.23 = -88.1077 over 256 frames.
LOG (lattice-best-path[5.5.1074~1-71f3]:main():lattice-best-path.cc:99) For utterance FC02_51, best cost 19.8994 + -111.314 = -91.4142 over 240 frames.
LOG (lattice-best-path[5.5.1074~1-71f3]:main():lattice-best-path.cc:99) For utterance FC02_55, best cost 25.8616 + -151.486 = -125.625 over 356 frames.
LOG (lattice-best-path[5.5.1074~1-71f3]:main():lattice-best-path.cc:99) For utterance FC02_58, best cost 17.207 + -94.8995 = -77.6925 over 214 frames.
LOG (lattice-best-path[5.5.1074~1-71f3]:main():lattice-best-path.cc:99) For utterance FC02_64, best cost 23.6977 + -140.739 = -117.041 over 298 frames.
LOG (lattice-best-path[5.5.1074~1-71f3]:main():lattice-best-path.cc:99) For utterance FC02_78, best cost 24.5703 + -135.107 = -110.536 over 361 frames.
LOG (lattice-best-path[5.5.1074~1-71f3]:main():lattice-best-path.cc:99) For utterance FC02_79, best cost 25.0434 + -169.206 = -144.163 over 382 frames.
LOG (lattice-best-path[5.5.1074~1-71f3]:main():lattice-best-path.cc:99) For utterance FC02_85, best cost 24.1068 + -156.92 = -132.813 over 351 frames.
LOG (lattice-best-path[5.5.1074~1-71f3]:main():lattice-best-path.cc:99) For utterance FC02_91, best cost 28.5028 + -190.234 = -161.731 over 409 frames.
LOG (lattice-best-path[5.5.1074~1-71f3]:main():lattice-best-path.cc:99) For utterance FC02_97, best cost 17.242 + -95.0185 = -77.7765 over 245 frames.
LOG (lattice-best-path[5.5.1074~1-71f3]:main():lattice-best-path.cc:99) For utterance FC02_99, best cost 17.7582 + -96.1934 = -78.4352 over 224 frames.
LOG (lattice-best-path[5.5.1074~1-71f3]:main():lattice-best-path.cc:124) Overall cost per frame is -0.325415 = 0.0769479 [graph] + -0.402363 [acoustic] over 18512 frames.
LOG (lattice-best-path[5.5.1074~1-71f3]:main():lattice-best-path.cc:128) Done 69 lattices, failed for 0
# Accounting: time=0 threads=1
# Ended (code 0) at Thu Aug  3 11:46:08 IST 2023, elapsed time 0 seconds
