# lattice-depth-per-frame "ark:gunzip -c exp_FG/DNN_tri_8_2000_aligned_layer3_nodes256/decode/lat.4.gz|" "ark,t:|gzip -c > exp_FG/DNN_tri_8_2000_aligned_layer3_nodes256/decode/depth_tmp.4.gz" ark:- | lattice-best-path --acoustic-scale=0.1 ark:- ark:/dev/null "ark,t:|gzip -c >exp_FG/DNN_tri_8_2000_aligned_layer3_nodes256/decode/ali_tmp.4.gz" 
# Started at Thu Aug  3 11:46:08 IST 2023
#
lattice-best-path --acoustic-scale=0.1 ark:- ark:/dev/null 'ark,t:|gzip -c >exp_FG/DNN_tri_8_2000_aligned_layer3_nodes256/decode/ali_tmp.4.gz' 
lattice-depth-per-frame 'ark:gunzip -c exp_FG/DNN_tri_8_2000_aligned_layer3_nodes256/decode/lat.4.gz|' 'ark,t:|gzip -c > exp_FG/DNN_tri_8_2000_aligned_layer3_nodes256/decode/depth_tmp.4.gz' ark:- 
LOG (lattice-best-path[5.5.1074~1-71f3]:main():lattice-best-path.cc:99) For utterance FC04_110, best cost 15.5397 + -102.892 = -87.3524 over 380 frames.
LOG (lattice-best-path[5.5.1074~1-71f3]:main():lattice-best-path.cc:99) For utterance FC04_113, best cost 13.306 + -71.0267 = -57.7207 over 264 frames.
LOG (lattice-best-path[5.5.1074~1-71f3]:main():lattice-best-path.cc:99) For utterance FC04_114, best cost 15.2021 + -104.399 = -89.1973 over 313 frames.
LOG (lattice-best-path[5.5.1074~1-71f3]:main():lattice-best-path.cc:99) For utterance FC04_119, best cost 13.5324 + -68.9541 = -55.4217 over 230 frames.
LOG (lattice-best-path[5.5.1074~1-71f3]:main():lattice-best-path.cc:99) For utterance FC04_121, best cost 13.9417 + -80.8111 = -66.8694 over 264 frames.
LOG (lattice-best-path[5.5.1074~1-71f3]:main():lattice-best-path.cc:99) For utterance FC04_134, best cost 12.5504 + -58.0324 = -45.4821 over 197 frames.
LOG (lattice-best-path[5.5.1074~1-71f3]:main():lattice-best-path.cc:99) For utterance FC04_142, best cost 13.0499 + -56.9828 = -43.933 over 197 frames.
LOG (lattice-best-path[5.5.1074~1-71f3]:main():lattice-best-path.cc:99) For utterance FC04_158, best cost 12.9473 + -55.1586 = -42.2113 over 197 frames.
LOG (lattice-best-path[5.5.1074~1-71f3]:main():lattice-best-path.cc:99) For utterance FC04_165, best cost 13.4893 + -53.9919 = -40.5025 over 197 frames.
LOG (lattice-best-path[5.5.1074~1-71f3]:main():lattice-best-path.cc:99) For utterance FC04_17, best cost 27.7197 + -198.422 = -170.702 over 487 frames.
LOG (lattice-best-path[5.5.1074~1-71f3]:main():lattice-best-path.cc:99) For utterance FC04_174, best cost 12.8658 + -55.0063 = -42.1405 over 197 frames.
LOG (lattice-best-path[5.5.1074~1-71f3]:main():lattice-best-path.cc:99) For utterance FC04_176, best cost 13.4417 + -76.5495 = -63.1078 over 272 frames.
LOG (lattice-best-path[5.5.1074~1-71f3]:main():lattice-best-path.cc:99) For utterance FC04_182, best cost 13.6114 + -63.5671 = -49.9557 over 189 frames.
LOG (lattice-best-path[5.5.1074~1-71f3]:main():lattice-best-path.cc:99) For utterance FC04_183, best cost 14.533 + -86.0754 = -71.5424 over 280 frames.
LOG (lattice-best-path[5.5.1074~1-71f3]:main():lattice-best-path.cc:99) For utterance FC04_185, best cost 13.3934 + -67.6113 = -54.218 over 222 frames.
LOG (lattice-best-path[5.5.1074~1-71f3]:main():lattice-best-path.cc:99) For utterance FC04_186, best cost 11.9791 + -64.3029 = -52.3237 over 205 frames.
LOG (lattice-best-path[5.5.1074~1-71f3]:main():lattice-best-path.cc:99) For utterance FC04_190, best cost 13.6459 + -70.6973 = -57.0514 over 214 frames.
LOG (lattice-best-path[5.5.1074~1-71f3]:main():lattice-best-path.cc:99) For utterance FC04_192, best cost 13.1343 + -71.4637 = -58.3293 over 238 frames.
LOG (lattice-best-path[5.5.1074~1-71f3]:main():lattice-best-path.cc:99) For utterance FC04_195, best cost 12.7759 + -64.9693 = -52.1933 over 263 frames.
LOG (lattice-best-path[5.5.1074~1-71f3]:main():lattice-best-path.cc:99) For utterance FC04_197, best cost 14.2678 + -83.5163 = -69.2485 over 288 frames.
LOG (lattice-best-path[5.5.1074~1-71f3]:main():lattice-best-path.cc:99) For utterance FC04_200, best cost 13.9674 + -82.8392 = -68.8718 over 313 frames.
LOG (lattice-best-path[5.5.1074~1-71f3]:main():lattice-best-path.cc:99) For utterance FC04_205, best cost 16.4091 + -112.241 = -95.8318 over 413 frames.
LOG (lattice-best-path[5.5.1074~1-71f3]:main():lattice-best-path.cc:99) For utterance FC04_208, best cost 12.5712 + -67.2608 = -54.6896 over 239 frames.
LOG (lattice-best-path[5.5.1074~1-71f3]:main():lattice-best-path.cc:99) For utterance FC04_215, best cost 25.7191 + -165.614 = -139.895 over 471 frames.
LOG (lattice-best-path[5.5.1074~1-71f3]:main():lattice-best-path.cc:99) For utterance FC04_217, best cost 24.7507 + -153.925 = -129.175 over 446 frames.
LOG (lattice-best-path[5.5.1074~1-71f3]:main():lattice-best-path.cc:99) For utterance FC04_219, best cost 26.9644 + -208.273 = -181.309 over 537 frames.
LOG (lattice-best-path[5.5.1074~1-71f3]:main():lattice-best-path.cc:99) For utterance FC04_222, best cost 22.3276 + -124.92 = -102.593 over 381 frames.
LOG (lattice-best-path[5.5.1074~1-71f3]:main():lattice-best-path.cc:99) For utterance FC04_234, best cost 25.2217 + -221.908 = -196.686 over 662 frames.
LOG (lattice-best-path[5.5.1074~1-71f3]:main():lattice-best-path.cc:99) For utterance FC04_238, best cost 17.5883 + -114.476 = -96.8879 over 436 frames.
LOG (lattice-best-path[5.5.1074~1-71f3]:main():lattice-best-path.cc:99) For utterance FC04_240, best cost 23.3508 + -154.327 = -130.976 over 397 frames.
LOG (lattice-best-path[5.5.1074~1-71f3]:main():lattice-best-path.cc:99) For utterance FC04_249, best cost 26.249 + -191.574 = -165.325 over 456 frames.
LOG (lattice-best-path[5.5.1074~1-71f3]:main():lattice-best-path.cc:99) For utterance FC04_26, best cost 18.9117 + -122.2 = -103.288 over 363 frames.
LOG (lattice-best-path[5.5.1074~1-71f3]:main():lattice-best-path.cc:99) For utterance FC04_262, best cost 23.8845 + -151.283 = -127.398 over 449 frames.
LOG (lattice-best-path[5.5.1074~1-71f3]:main():lattice-best-path.cc:99) For utterance FC04_265, best cost 21.995 + -144.324 = -122.329 over 459 frames.
LOG (lattice-best-path[5.5.1074~1-71f3]:main():lattice-best-path.cc:99) For utterance FC04_268, best cost 31.3269 + -214.445 = -183.118 over 539 frames.
LOG (lattice-best-path[5.5.1074~1-71f3]:main():lattice-best-path.cc:99) For utterance FC04_280, best cost 26.6247 + -179.515 = -152.89 over 485 frames.
LOG (lattice-best-path[5.5.1074~1-71f3]:main():lattice-best-path.cc:99) For utterance FC04_288, best cost 32.4439 + -254.697 = -222.253 over 613 frames.
LOG (lattice-best-path[5.5.1074~1-71f3]:main():lattice-best-path.cc:99) For utterance FC04_294, best cost 22.9007 + -143.324 = -120.423 over 362 frames.
LOG (lattice-best-path[5.5.1074~1-71f3]:main():lattice-best-path.cc:99) For utterance FC04_296, best cost 32.1762 + -215.863 = -183.687 over 497 frames.
LOG (lattice-best-path[5.5.1074~1-71f3]:main():lattice-best-path.cc:99) For utterance FC04_297, best cost 25.4653 + -151.663 = -126.197 over 391 frames.
LOG (lattice-best-path[5.5.1074~1-71f3]:main():lattice-best-path.cc:99) For utterance FC04_299, best cost 22.7485 + -153.678 = -130.929 over 381 frames.
LOG (lattice-best-path[5.5.1074~1-71f3]:main():lattice-best-path.cc:99) For utterance FC04_302, best cost 25.2152 + -167.355 = -142.14 over 423 frames.
LOG (lattice-best-path[5.5.1074~1-71f3]:main():lattice-best-path.cc:99) For utterance FC04_307, best cost 25.6667 + -164.844 = -139.177 over 443 frames.
LOG (lattice-best-path[5.5.1074~1-71f3]:main():lattice-best-path.cc:99) For utterance FC04_308, best cost 21.4942 + -139.296 = -117.802 over 388 frames.
LOG (lattice-best-path[5.5.1074~1-71f3]:main():lattice-best-path.cc:99) For utterance FC04_320, best cost 22.715 + -159.353 = -136.638 over 369 frames.
LOG (lattice-best-path[5.5.1074~1-71f3]:main():lattice-best-path.cc:99) For utterance FC04_328, best cost 30.0733 + -205.591 = -175.518 over 578 frames.
LOG (lattice-best-path[5.5.1074~1-71f3]:main():lattice-best-path.cc:99) For utterance FC04_330, best cost 25.3721 + -166.577 = -141.205 over 510 frames.
LOG (lattice-depth-per-frame[5.5.1074~1-71f3]:main():lattice-depth-per-frame.cc:82) Done 70 lattices.
LOG (lattice-best-path[5.5.1074~1-71f3]:main():lattice-best-path.cc:99) For utterance FC04_332, best cost 24.7721 + -160.375 = -135.603 over 430 frames.
LOG (lattice-best-path[5.5.1074~1-71f3]:main():lattice-best-path.cc:99) For utterance FC04_336, best cost 23.6286 + -164.137 = -140.508 over 439 frames.
LOG (lattice-best-path[5.5.1074~1-71f3]:main():lattice-best-path.cc:99) For utterance FC04_337, best cost 24.0871 + -168.356 = -144.269 over 478 frames.
LOG (lattice-best-path[5.5.1074~1-71f3]:main():lattice-best-path.cc:99) For utterance FC04_34, best cost 19.4232 + -111.824 = -92.4003 over 280 frames.
LOG (lattice-best-path[5.5.1074~1-71f3]:main():lattice-best-path.cc:99) For utterance FC04_341, best cost 22.334 + -139.808 = -117.474 over 407 frames.
LOG (lattice-best-path[5.5.1074~1-71f3]:main():lattice-best-path.cc:99) For utterance FC04_345, best cost 26.7551 + -173.49 = -146.735 over 468 frames.
LOG (lattice-best-path[5.5.1074~1-71f3]:main():lattice-best-path.cc:99) For utterance FC04_347, best cost 23.0232 + -154.716 = -131.693 over 391 frames.
LOG (lattice-best-path[5.5.1074~1-71f3]:main():lattice-best-path.cc:99) For utterance FC04_348, best cost 22.7405 + -155.325 = -132.585 over 472 frames.
LOG (lattice-best-path[5.5.1074~1-71f3]:main():lattice-best-path.cc:99) For utterance FC04_365, best cost 28.4705 + -218.477 = -190.007 over 620 frames.
LOG (lattice-best-path[5.5.1074~1-71f3]:main():lattice-best-path.cc:99) For utterance FC04_39, best cost 19.5012 + -129.626 = -110.125 over 421 frames.
LOG (lattice-best-path[5.5.1074~1-71f3]:main():lattice-best-path.cc:99) For utterance FC04_4, best cost 16.8933 + -110.218 = -93.3251 over 280 frames.
LOG (lattice-best-path[5.5.1074~1-71f3]:main():lattice-best-path.cc:99) For utterance FC04_44, best cost 24.9054 + -183.225 = -158.32 over 512 frames.
LOG (lattice-best-path[5.5.1074~1-71f3]:main():lattice-best-path.cc:99) For utterance FC04_46, best cost 16.7246 + -83.9129 = -67.1883 over 264 frames.
LOG (lattice-best-path[5.5.1074~1-71f3]:main():lattice-best-path.cc:99) For utterance FC04_53, best cost 27.0049 + -185.753 = -158.748 over 479 frames.
LOG (lattice-best-path[5.5.1074~1-71f3]:main():lattice-best-path.cc:99) For utterance FC04_67, best cost 27.1741 + -208.503 = -181.329 over 612 frames.
LOG (lattice-best-path[5.5.1074~1-71f3]:main():lattice-best-path.cc:99) For utterance FC04_72, best cost 23.0742 + -151.16 = -128.085 over 379 frames.
LOG (lattice-best-path[5.5.1074~1-71f3]:main():lattice-best-path.cc:99) For utterance FC04_75, best cost 31.2159 + -226.831 = -195.615 over 628 frames.
LOG (lattice-best-path[5.5.1074~1-71f3]:main():lattice-best-path.cc:99) For utterance FC04_86, best cost 23.1424 + -167.311 = -144.169 over 462 frames.
LOG (lattice-best-path[5.5.1074~1-71f3]:main():lattice-best-path.cc:99) For utterance FC04_88, best cost 27.5088 + -201.184 = -173.675 over 637 frames.
LOG (lattice-best-path[5.5.1074~1-71f3]:main():lattice-best-path.cc:99) For utterance FC04_89, best cost 28.8232 + -191.356 = -162.533 over 521 frames.
LOG (lattice-best-path[5.5.1074~1-71f3]:main():lattice-best-path.cc:99) For utterance FC04_90, best cost 29.839 + -224.221 = -194.382 over 579 frames.
LOG (lattice-best-path[5.5.1074~1-71f3]:main():lattice-best-path.cc:99) For utterance FC04_94, best cost 23.2215 + -160.295 = -137.073 over 595 frames.
LOG (lattice-best-path[5.5.1074~1-71f3]:main():lattice-best-path.cc:99) For utterance FC04_96, best cost 21.9539 + -142.636 = -120.682 over 346 frames.
LOG (lattice-best-path[5.5.1074~1-71f3]:main():lattice-best-path.cc:124) Overall cost per frame is -0.295494 = 0.0534368 [graph] + -0.348931 [acoustic] over 27795 frames.
LOG (lattice-best-path[5.5.1074~1-71f3]:main():lattice-best-path.cc:128) Done 70 lattices, failed for 0
# Accounting: time=0 threads=1
# Ended (code 0) at Thu Aug  3 11:46:08 IST 2023, elapsed time 0 seconds
