# lattice-depth-per-frame "ark:gunzip -c exp_FG/DNN_tri_8_2000_aligned_layer3_nodes256/decode/lat.8.gz|" "ark,t:|gzip -c > exp_FG/DNN_tri_8_2000_aligned_layer3_nodes256/decode/depth_tmp.8.gz" ark:- | lattice-best-path --acoustic-scale=0.1 ark:- ark:/dev/null "ark,t:|gzip -c >exp_FG/DNN_tri_8_2000_aligned_layer3_nodes256/decode/ali_tmp.8.gz" 
# Started at Thu Aug  3 11:46:08 IST 2023
#
lattice-depth-per-frame 'ark:gunzip -c exp_FG/DNN_tri_8_2000_aligned_layer3_nodes256/decode/lat.8.gz|' 'ark,t:|gzip -c > exp_FG/DNN_tri_8_2000_aligned_layer3_nodes256/decode/depth_tmp.8.gz' ark:- 
lattice-best-path --acoustic-scale=0.1 ark:- ark:/dev/null 'ark,t:|gzip -c >exp_FG/DNN_tri_8_2000_aligned_layer3_nodes256/decode/ali_tmp.8.gz' 
LOG (lattice-best-path[5.5.1074~1-71f3]:main():lattice-best-path.cc:99) For utterance MC03_100, best cost 27.4732 + -141.084 = -113.611 over 331 frames.
LOG (lattice-best-path[5.5.1074~1-71f3]:main():lattice-best-path.cc:99) For utterance MC03_103, best cost 26.8627 + -139.208 = -112.345 over 328 frames.
LOG (lattice-best-path[5.5.1074~1-71f3]:main():lattice-best-path.cc:99) For utterance MC03_105, best cost 18.5197 + -94.215 = -75.6954 over 237 frames.
LOG (lattice-best-path[5.5.1074~1-71f3]:main():lattice-best-path.cc:99) For utterance MC03_106, best cost 15.4362 + -45.6756 = -30.2394 over 146 frames.
LOG (lattice-best-path[5.5.1074~1-71f3]:main():lattice-best-path.cc:99) For utterance MC03_119, best cost 12.9405 + -43.7198 = -30.7793 over 127 frames.
LOG (lattice-best-path[5.5.1074~1-71f3]:main():lattice-best-path.cc:99) For utterance MC03_129, best cost 11.789 + -31.3147 = -19.5257 over 93 frames.
LOG (lattice-best-path[5.5.1074~1-71f3]:main():lattice-best-path.cc:99) For utterance MC03_132, best cost 12.5616 + -46.428 = -33.8664 over 135 frames.
LOG (lattice-best-path[5.5.1074~1-71f3]:main():lattice-best-path.cc:99) For utterance MC03_136, best cost 13.9013 + -47.3856 = -33.4843 over 126 frames.
LOG (lattice-best-path[5.5.1074~1-71f3]:main():lattice-best-path.cc:99) For utterance MC03_137, best cost 12.6687 + -44.6069 = -31.9383 over 102 frames.
LOG (lattice-best-path[5.5.1074~1-71f3]:main():lattice-best-path.cc:99) For utterance MC03_138, best cost 11.756 + -46.3121 = -34.5561 over 115 frames.
LOG (lattice-best-path[5.5.1074~1-71f3]:main():lattice-best-path.cc:99) For utterance MC03_143, best cost 14.3186 + -64.301 = -49.9824 over 146 frames.
LOG (lattice-best-path[5.5.1074~1-71f3]:main():lattice-best-path.cc:99) For utterance MC03_144, best cost 12.8518 + -49.6217 = -36.7699 over 142 frames.
LOG (lattice-best-path[5.5.1074~1-71f3]:main():lattice-best-path.cc:99) For utterance MC03_145, best cost 12.4346 + -39.4109 = -26.9763 over 91 frames.
LOG (lattice-best-path[5.5.1074~1-71f3]:main():lattice-best-path.cc:99) For utterance MC03_147, best cost 14.8511 + -67.8308 = -52.9796 over 193 frames.
LOG (lattice-best-path[5.5.1074~1-71f3]:main():lattice-best-path.cc:99) For utterance MC03_149, best cost 11.6835 + -35.351 = -23.6676 over 104 frames.
LOG (lattice-best-path[5.5.1074~1-71f3]:main():lattice-best-path.cc:99) For utterance MC03_151, best cost 12.8743 + -33.7318 = -20.8575 over 93 frames.
LOG (lattice-best-path[5.5.1074~1-71f3]:main():lattice-best-path.cc:99) For utterance MC03_153, best cost 12.0314 + -40.2131 = -28.1818 over 102 frames.
LOG (lattice-best-path[5.5.1074~1-71f3]:main():lattice-best-path.cc:99) For utterance MC03_154, best cost 12.865 + -42.3738 = -29.5088 over 93 frames.
LOG (lattice-best-path[5.5.1074~1-71f3]:main():lattice-best-path.cc:99) For utterance MC03_156, best cost 14.8469 + -62.8596 = -48.0128 over 144 frames.
LOG (lattice-best-path[5.5.1074~1-71f3]:main():lattice-best-path.cc:99) For utterance MC03_160, best cost 12.0115 + -33.1007 = -21.0892 over 102 frames.
LOG (lattice-best-path[5.5.1074~1-71f3]:main():lattice-best-path.cc:99) For utterance MC03_162, best cost 12.3635 + -42.1981 = -29.8346 over 124 frames.
LOG (lattice-best-path[5.5.1074~1-71f3]:main():lattice-best-path.cc:99) For utterance MC03_165, best cost 12.8791 + -45.2697 = -32.3906 over 135 frames.
LOG (lattice-best-path[5.5.1074~1-71f3]:main():lattice-best-path.cc:99) For utterance MC03_170, best cost 13.2519 + -59.5393 = -46.2874 over 122 frames.
LOG (lattice-best-path[5.5.1074~1-71f3]:main():lattice-best-path.cc:99) For utterance MC03_172, best cost 12.6747 + -52.1968 = -39.5221 over 115 frames.
LOG (lattice-best-path[5.5.1074~1-71f3]:main():lattice-best-path.cc:99) For utterance MC03_175, best cost 13.7386 + -43.8222 = -30.0836 over 120 frames.
LOG (lattice-best-path[5.5.1074~1-71f3]:main():lattice-best-path.cc:99) For utterance MC03_178, best cost 12.818 + -51.6994 = -38.8815 over 160 frames.
LOG (lattice-best-path[5.5.1074~1-71f3]:main():lattice-best-path.cc:99) For utterance MC03_182, best cost 13.0742 + -47.7653 = -34.6911 over 142 frames.
LOG (lattice-best-path[5.5.1074~1-71f3]:main():lattice-best-path.cc:99) For utterance MC03_185, best cost 12.7226 + -48.7984 = -36.0758 over 142 frames.
LOG (lattice-best-path[5.5.1074~1-71f3]:main():lattice-best-path.cc:99) For utterance MC03_193, best cost 11.6102 + -39.2306 = -27.6205 over 107 frames.
LOG (lattice-best-path[5.5.1074~1-71f3]:main():lattice-best-path.cc:99) For utterance MC03_2, best cost 16.0296 + -66.2471 = -50.2175 over 164 frames.
LOG (lattice-best-path[5.5.1074~1-71f3]:main():lattice-best-path.cc:99) For utterance MC03_200, best cost 13.2463 + -49.7717 = -36.5255 over 118 frames.
LOG (lattice-best-path[5.5.1074~1-71f3]:main():lattice-best-path.cc:99) For utterance MC03_204, best cost 13.5423 + -52.6726 = -39.1303 over 135 frames.
LOG (lattice-best-path[5.5.1074~1-71f3]:main():lattice-best-path.cc:99) For utterance MC03_209, best cost 12.9824 + -47.239 = -34.2566 over 151 frames.
LOG (lattice-best-path[5.5.1074~1-71f3]:main():lattice-best-path.cc:99) For utterance MC03_22, best cost 21.4726 + -98.6835 = -77.2108 over 247 frames.
LOG (lattice-best-path[5.5.1074~1-71f3]:main():lattice-best-path.cc:99) For utterance MC03_221, best cost 22.6435 + -113.168 = -90.5245 over 238 frames.
LOG (lattice-best-path[5.5.1074~1-71f3]:main():lattice-best-path.cc:99) For utterance MC03_233, best cost 20.8106 + -96.5967 = -75.7861 over 225 frames.
LOG (lattice-best-path[5.5.1074~1-71f3]:main():lattice-best-path.cc:99) For utterance MC03_239, best cost 18.5972 + -66.8079 = -48.2106 over 143 frames.
LOG (lattice-best-path[5.5.1074~1-71f3]:main():lattice-best-path.cc:99) For utterance MC03_24, best cost 16.8211 + -70.6854 = -53.8643 over 180 frames.
LOG (lattice-best-path[5.5.1074~1-71f3]:main():lattice-best-path.cc:99) For utterance MC03_245, best cost 20.1679 + -103.156 = -82.9885 over 232 frames.
LOG (lattice-best-path[5.5.1074~1-71f3]:main():lattice-best-path.cc:99) For utterance MC03_246, best cost 16.626 + -91.0883 = -74.4623 over 186 frames.
LOG (lattice-best-path[5.5.1074~1-71f3]:main():lattice-best-path.cc:99) For utterance MC03_247, best cost 16.2818 + -50.6924 = -34.4106 over 163 frames.
LOG (lattice-best-path[5.5.1074~1-71f3]:main():lattice-best-path.cc:99) For utterance MC03_25, best cost 21.3848 + -99.2755 = -77.8907 over 230 frames.
LOG (lattice-best-path[5.5.1074~1-71f3]:main():lattice-best-path.cc:99) For utterance MC03_264, best cost 21.825 + -111.579 = -89.7545 over 247 frames.
LOG (lattice-best-path[5.5.1074~1-71f3]:main():lattice-best-path.cc:99) For utterance MC03_269, best cost 18.5092 + -82.3769 = -63.8677 over 172 frames.
LOG (lattice-best-path[5.5.1074~1-71f3]:main():lattice-best-path.cc:99) For utterance MC03_273, best cost 16.7782 + -83.379 = -66.6008 over 177 frames.
LOG (lattice-best-path[5.5.1074~1-71f3]:main():lattice-best-path.cc:99) For utterance MC03_275, best cost 21.1327 + -115.82 = -94.6872 over 218 frames.
LOG (lattice-best-path[5.5.1074~1-71f3]:main():lattice-best-path.cc:99) For utterance MC03_278, best cost 21.3732 + -110.376 = -89.0027 over 254 frames.
LOG (lattice-best-path[5.5.1074~1-71f3]:main():lattice-best-path.cc:99) For utterance MC03_279, best cost 19.3478 + -89.2608 = -69.913 over 231 frames.
LOG (lattice-best-path[5.5.1074~1-71f3]:main():lattice-best-path.cc:99) For utterance MC03_28, best cost 20.6517 + -89.734 = -69.0823 over 242 frames.
LOG (lattice-best-path[5.5.1074~1-71f3]:main():lattice-best-path.cc:99) For utterance MC03_29, best cost 21.6322 + -104.176 = -82.5443 over 266 frames.
LOG (lattice-best-path[5.5.1074~1-71f3]:main():lattice-best-path.cc:99) For utterance MC03_291, best cost 25.4466 + -138.324 = -112.877 over 281 frames.
LOG (lattice-best-path[5.5.1074~1-71f3]:main():lattice-best-path.cc:99) For utterance MC03_301, best cost 24.4026 + -114.664 = -90.2616 over 236 frames.
LOG (lattice-best-path[5.5.1074~1-71f3]:main():lattice-best-path.cc:99) For utterance MC03_31, best cost 24.8464 + -124.322 = -99.4758 over 303 frames.
LOG (lattice-best-path[5.5.1074~1-71f3]:main():lattice-best-path.cc:99) For utterance MC03_327, best cost 24.7363 + -120.338 = -95.6022 over 336 frames.
LOG (lattice-best-path[5.5.1074~1-71f3]:main():lattice-best-path.cc:99) For utterance MC03_328, best cost 26.3349 + -144.075 = -117.741 over 336 frames.
LOG (lattice-best-path[5.5.1074~1-71f3]:main():lattice-best-path.cc:99) For utterance MC03_329, best cost 19.9315 + -97.5564 = -77.6249 over 259 frames.
LOG (lattice-best-path[5.5.1074~1-71f3]:main():lattice-best-path.cc:99) For utterance MC03_331, best cost 19.4714 + -94.0653 = -74.5939 over 242 frames.
LOG (lattice-best-path[5.5.1074~1-71f3]:main():lattice-best-path.cc:99) For utterance MC03_34, best cost 16.7124 + -69.6121 = -52.8997 over 167 frames.
LOG (lattice-best-path[5.5.1074~1-71f3]:main():lattice-best-path.cc:99) For utterance MC03_342, best cost 20.6023 + -79.1254 = -58.5231 over 232 frames.
LOG (lattice-best-path[5.5.1074~1-71f3]:main():lattice-best-path.cc:99) For utterance MC03_349, best cost 20.853 + -108.6 = -87.7467 over 259 frames.
LOG (lattice-best-path[5.5.1074~1-71f3]:main():lattice-best-path.cc:99) For utterance MC03_354, best cost 27.4908 + -153.119 = -125.628 over 336 frames.
LOG (lattice-best-path[5.5.1074~1-71f3]:main():lattice-best-path.cc:99) For utterance MC03_356, best cost 19.8177 + -94.4815 = -74.6638 over 204 frames.
LOG (lattice-best-path[5.5.1074~1-71f3]:main():lattice-best-path.cc:99) For utterance MC03_361, best cost 17.515 + -92.4488 = -74.9338 over 253 frames.
LOG (lattice-best-path[5.5.1074~1-71f3]:main():lattice-best-path.cc:99) For utterance MC03_363, best cost 23.5139 + -105.068 = -81.5538 over 279 frames.
LOG (lattice-best-path[5.5.1074~1-71f3]:main():lattice-best-path.cc:99) For utterance MC03_365, best cost 25.702 + -129.961 = -104.259 over 328 frames.
LOG (lattice-depth-per-frame[5.5.1074~1-71f3]:main():lattice-depth-per-frame.cc:82) Done 82 lattices.
LOG (lattice-best-path[5.5.1074~1-71f3]:main():lattice-best-path.cc:99) For utterance MC03_39, best cost 16.8784 + -63.5451 = -46.6667 over 224 frames.
LOG (lattice-best-path[5.5.1074~1-71f3]:main():lattice-best-path.cc:99) For utterance MC03_40, best cost 14.4767 + -52.4311 = -37.9544 over 147 frames.
LOG (lattice-best-path[5.5.1074~1-71f3]:main():lattice-best-path.cc:99) For utterance MC03_41, best cost 22.8029 + -106.019 = -83.216 over 257 frames.
LOG (lattice-best-path[5.5.1074~1-71f3]:main():lattice-best-path.cc:99) For utterance MC03_47, best cost 15.6198 + -63.284 = -47.6642 over 157 frames.
LOG (lattice-best-path[5.5.1074~1-71f3]:main():lattice-best-path.cc:99) For utterance MC03_48, best cost 16.6461 + -84.2876 = -67.6414 over 183 frames.
LOG (lattice-best-path[5.5.1074~1-71f3]:main():lattice-best-path.cc:99) For utterance MC03_49, best cost 22.7333 + -117.876 = -95.1428 over 286 frames.
LOG (lattice-best-path[5.5.1074~1-71f3]:main():lattice-best-path.cc:99) For utterance MC03_5, best cost 16.6799 + -56.7784 = -40.0986 over 172 frames.
LOG (lattice-best-path[5.5.1074~1-71f3]:main():lattice-best-path.cc:99) For utterance MC03_53, best cost 22.4488 + -110.305 = -87.8558 over 278 frames.
LOG (lattice-best-path[5.5.1074~1-71f3]:main():lattice-best-path.cc:99) For utterance MC03_56, best cost 16.974 + -88.1732 = -71.1991 over 247 frames.
LOG (lattice-best-path[5.5.1074~1-71f3]:main():lattice-best-path.cc:99) For utterance MC03_57, best cost 16.2617 + -66.8633 = -50.6016 over 199 frames.
LOG (lattice-best-path[5.5.1074~1-71f3]:main():lattice-best-path.cc:99) For utterance MC03_61, best cost 18.5011 + -90.313 = -71.812 over 237 frames.
LOG (lattice-best-path[5.5.1074~1-71f3]:main():lattice-best-path.cc:99) For utterance MC03_69, best cost 15.5362 + -61.4223 = -45.8861 over 144 frames.
LOG (lattice-best-path[5.5.1074~1-71f3]:main():lattice-best-path.cc:99) For utterance MC03_7, best cost 17.816 + -67.236 = -49.42 over 183 frames.
LOG (lattice-best-path[5.5.1074~1-71f3]:main():lattice-best-path.cc:99) For utterance MC03_77, best cost 23.4739 + -111.414 = -87.9399 over 262 frames.
LOG (lattice-best-path[5.5.1074~1-71f3]:main():lattice-best-path.cc:99) For utterance MC03_88, best cost 23.4536 + -123.035 = -99.581 over 323 frames.
LOG (lattice-best-path[5.5.1074~1-71f3]:main():lattice-best-path.cc:99) For utterance MC03_89, best cost 24.6095 + -126.747 = -102.137 over 299 frames.
LOG (lattice-best-path[5.5.1074~1-71f3]:main():lattice-best-path.cc:99) For utterance MC03_9, best cost 20.5382 + -69.9481 = -49.4099 over 212 frames.
LOG (lattice-best-path[5.5.1074~1-71f3]:main():lattice-best-path.cc:124) Overall cost per frame is -0.310736 = 0.0904176 [graph] + -0.401154 [acoustic] over 16197 frames.
LOG (lattice-best-path[5.5.1074~1-71f3]:main():lattice-best-path.cc:128) Done 82 lattices, failed for 0
# Accounting: time=0 threads=1
# Ended (code 0) at Thu Aug  3 11:46:08 IST 2023, elapsed time 0 seconds
