# lattice-depth-per-frame "ark:gunzip -c exp_FG/DNN_tri_8_2000_aligned_layer3_nodes256/decode/lat.1.gz|" "ark,t:|gzip -c > exp_FG/DNN_tri_8_2000_aligned_layer3_nodes256/decode/depth_tmp.1.gz" ark:- | lattice-best-path --acoustic-scale=0.1 ark:- ark:/dev/null "ark,t:|gzip -c >exp_FG/DNN_tri_8_2000_aligned_layer3_nodes256/decode/ali_tmp.1.gz" 
# Started at Thu Aug  3 11:46:08 IST 2023
#
lattice-depth-per-frame 'ark:gunzip -c exp_FG/DNN_tri_8_2000_aligned_layer3_nodes256/decode/lat.1.gz|' 'ark,t:|gzip -c > exp_FG/DNN_tri_8_2000_aligned_layer3_nodes256/decode/depth_tmp.1.gz' ark:- 
lattice-best-path --acoustic-scale=0.1 ark:- ark:/dev/null 'ark,t:|gzip -c >exp_FG/DNN_tri_8_2000_aligned_layer3_nodes256/decode/ali_tmp.1.gz' 
LOG (lattice-best-path[5.5.1074~1-71f3]:main():lattice-best-path.cc:99) For utterance FC01_10, best cost 18.0541 + -103.461 = -85.4064 over 263 frames.
LOG (lattice-best-path[5.5.1074~1-71f3]:main():lattice-best-path.cc:99) For utterance FC01_112, best cost 13.0457 + -71.7796 = -58.7339 over 162 frames.
LOG (lattice-best-path[5.5.1074~1-71f3]:main():lattice-best-path.cc:99) For utterance FC01_119, best cost 13.2275 + -53.5261 = -40.2986 over 159 frames.
LOG (lattice-best-path[5.5.1074~1-71f3]:main():lattice-best-path.cc:99) For utterance FC01_120, best cost 12.7064 + -59.736 = -47.0296 over 167 frames.
LOG (lattice-best-path[5.5.1074~1-71f3]:main():lattice-best-path.cc:99) For utterance FC01_121, best cost 13.8696 + -59.8021 = -45.9325 over 159 frames.
LOG (lattice-best-path[5.5.1074~1-71f3]:main():lattice-best-path.cc:99) For utterance FC01_123, best cost 14.0022 + -55.9775 = -41.9753 over 156 frames.
LOG (lattice-best-path[5.5.1074~1-71f3]:main():lattice-best-path.cc:99) For utterance FC01_13, best cost 25.5675 + -161.026 = -135.458 over 429 frames.
LOG (lattice-best-path[5.5.1074~1-71f3]:main():lattice-best-path.cc:99) For utterance FC01_131, best cost 13.7822 + -63.6409 = -49.8587 over 170 frames.
LOG (lattice-best-path[5.5.1074~1-71f3]:main():lattice-best-path.cc:99) For utterance FC01_133, best cost 14.3724 + -80.4926 = -66.1202 over 202 frames.
LOG (lattice-best-path[5.5.1074~1-71f3]:main():lattice-best-path.cc:99) For utterance FC01_140, best cost 15.4536 + -71.606 = -56.1524 over 209 frames.
LOG (lattice-best-path[5.5.1074~1-71f3]:main():lattice-best-path.cc:99) For utterance FC01_148, best cost 13.0463 + -67.698 = -54.6518 over 162 frames.
LOG (lattice-best-path[5.5.1074~1-71f3]:main():lattice-best-path.cc:99) For utterance FC01_154, best cost 13.575 + -58.4949 = -44.9199 over 149 frames.
LOG (lattice-best-path[5.5.1074~1-71f3]:main():lattice-best-path.cc:99) For utterance FC01_155, best cost 14.3037 + -76.0558 = -61.7521 over 191 frames.
LOG (lattice-best-path[5.5.1074~1-71f3]:main():lattice-best-path.cc:99) For utterance FC01_156, best cost 15.4346 + -83.8499 = -68.4152 over 194 frames.
LOG (lattice-best-path[5.5.1074~1-71f3]:main():lattice-best-path.cc:99) For utterance FC01_158, best cost 13.0801 + -53.9211 = -40.8411 over 170 frames.
LOG (lattice-best-path[5.5.1074~1-71f3]:main():lattice-best-path.cc:99) For utterance FC01_159, best cost 12.5617 + -54.3101 = -41.7483 over 156 frames.
LOG (lattice-best-path[5.5.1074~1-71f3]:main():lattice-best-path.cc:99) For utterance FC01_16, best cost 29.8731 + -192.492 = -162.619 over 468 frames.
LOG (lattice-best-path[5.5.1074~1-71f3]:main():lattice-best-path.cc:99) For utterance FC01_164, best cost 12.9509 + -55.4498 = -42.4989 over 165 frames.
LOG (lattice-best-path[5.5.1074~1-71f3]:main():lattice-best-path.cc:99) For utterance FC01_168, best cost 13.2363 + -54.6225 = -41.3861 over 170 frames.
LOG (lattice-best-path[5.5.1074~1-71f3]:main():lattice-best-path.cc:99) For utterance FC01_174, best cost 12.8118 + -50.8431 = -38.0313 over 157 frames.
LOG (lattice-best-path[5.5.1074~1-71f3]:main():lattice-best-path.cc:99) For utterance FC01_176, best cost 13.29 + -60.7532 = -47.4632 over 180 frames.
LOG (lattice-best-path[5.5.1074~1-71f3]:main():lattice-best-path.cc:99) For utterance FC01_178, best cost 12.8719 + -59.9169 = -47.045 over 129 frames.
LOG (lattice-best-path[5.5.1074~1-71f3]:main():lattice-best-path.cc:99) For utterance FC01_183, best cost 13.4301 + -82.6199 = -69.1899 over 180 frames.
LOG (lattice-best-path[5.5.1074~1-71f3]:main():lattice-best-path.cc:99) For utterance FC01_184, best cost 11.6458 + -21.8315 = -10.1857 over 128 frames.
LOG (lattice-best-path[5.5.1074~1-71f3]:main():lattice-best-path.cc:99) For utterance FC01_204, best cost 13.9626 + -69.7644 = -55.8018 over 141 frames.
LOG (lattice-best-path[5.5.1074~1-71f3]:main():lattice-best-path.cc:99) For utterance FC01_205, best cost 15.788 + -70.7897 = -55.0017 over 180 frames.
LOG (lattice-best-path[5.5.1074~1-71f3]:main():lattice-best-path.cc:99) For utterance FC01_214, best cost 23.0121 + -132.912 = -109.9 over 373 frames.
LOG (lattice-best-path[5.5.1074~1-71f3]:main():lattice-best-path.cc:99) For utterance FC01_221, best cost 28.7093 + -190.179 = -161.47 over 490 frames.
LOG (lattice-best-path[5.5.1074~1-71f3]:main():lattice-best-path.cc:99) For utterance FC01_230, best cost 22.9366 + -173.396 = -150.459 over 379 frames.
LOG (lattice-best-path[5.5.1074~1-71f3]:main():lattice-best-path.cc:99) For utterance FC01_231, best cost 30.7016 + -186.539 = -155.837 over 450 frames.
LOG (lattice-best-path[5.5.1074~1-71f3]:main():lattice-best-path.cc:99) For utterance FC01_232, best cost 18.4121 + -88.5902 = -70.1782 over 316 frames.
LOG (lattice-best-path[5.5.1074~1-71f3]:main():lattice-best-path.cc:99) For utterance FC01_240, best cost 23.7144 + -152.234 = -128.52 over 379 frames.
LOG (lattice-best-path[5.5.1074~1-71f3]:main():lattice-best-path.cc:99) For utterance FC01_243, best cost 24.9388 + -164.013 = -139.075 over 423 frames.
LOG (lattice-best-path[5.5.1074~1-71f3]:main():lattice-best-path.cc:99) For utterance FC01_244, best cost 30.7107 + -204.049 = -173.338 over 524 frames.
LOG (lattice-best-path[5.5.1074~1-71f3]:main():lattice-best-path.cc:99) For utterance FC01_245, best cost 25.2225 + -179.129 = -153.907 over 431 frames.
LOG (lattice-best-path[5.5.1074~1-71f3]:main():lattice-best-path.cc:99) For utterance FC01_25, best cost 25.356 + -155.562 = -130.206 over 395 frames.
LOG (lattice-best-path[5.5.1074~1-71f3]:main():lattice-best-path.cc:99) For utterance FC01_256, best cost 20.2077 + -118.557 = -98.3495 over 329 frames.
LOG (lattice-best-path[5.5.1074~1-71f3]:main():lattice-best-path.cc:99) For utterance FC01_257, best cost 20.9362 + -124.129 = -103.192 over 335 frames.
LOG (lattice-best-path[5.5.1074~1-71f3]:main():lattice-best-path.cc:99) For utterance FC01_26, best cost 19.6496 + -103.276 = -83.6263 over 268 frames.
LOG (lattice-best-path[5.5.1074~1-71f3]:main():lattice-best-path.cc:99) For utterance FC01_260, best cost 22.4846 + -115.906 = -93.421 over 264 frames.
LOG (lattice-best-path[5.5.1074~1-71f3]:main():lattice-best-path.cc:99) For utterance FC01_262, best cost 22.6399 + -134.124 = -111.484 over 333 frames.
LOG (lattice-best-path[5.5.1074~1-71f3]:main():lattice-best-path.cc:99) For utterance FC01_271, best cost 30.4048 + -203.519 = -173.114 over 474 frames.
LOG (lattice-best-path[5.5.1074~1-71f3]:main():lattice-best-path.cc:99) For utterance FC01_278, best cost 24.5169 + -150.696 = -126.179 over 395 frames.
LOG (lattice-best-path[5.5.1074~1-71f3]:main():lattice-best-path.cc:99) For utterance FC01_280, best cost 25.9761 + -164.432 = -138.456 over 393 frames.
LOG (lattice-best-path[5.5.1074~1-71f3]:main():lattice-best-path.cc:99) For utterance FC01_287, best cost 25.1873 + -188.309 = -163.122 over 405 frames.
LOG (lattice-best-path[5.5.1074~1-71f3]:main():lattice-best-path.cc:99) For utterance FC01_292, best cost 26.7855 + -185.831 = -159.046 over 427 frames.
LOG (lattice-best-path[5.5.1074~1-71f3]:main():lattice-best-path.cc:99) For utterance FC01_293, best cost 27.1612 + -182.695 = -155.534 over 451 frames.
LOG (lattice-best-path[5.5.1074~1-71f3]:main():lattice-best-path.cc:99) For utterance FC01_301, best cost 30.0166 + -215.361 = -185.345 over 425 frames.
LOG (lattice-best-path[5.5.1074~1-71f3]:main():lattice-best-path.cc:99) For utterance FC01_303, best cost 29.8668 + -204.351 = -174.484 over 504 frames.
LOG (lattice-best-path[5.5.1074~1-71f3]:main():lattice-best-path.cc:99) For utterance FC01_306, best cost 31.8775 + -202.023 = -170.145 over 534 frames.
LOG (lattice-best-path[5.5.1074~1-71f3]:main():lattice-best-path.cc:99) For utterance FC01_309, best cost 26.6127 + -169.298 = -142.686 over 433 frames.
LOG (lattice-best-path[5.5.1074~1-71f3]:main():lattice-best-path.cc:99) For utterance FC01_310, best cost 28.7869 + -195.674 = -166.887 over 429 frames.
LOG (lattice-best-path[5.5.1074~1-71f3]:main():lattice-best-path.cc:99) For utterance FC01_32, best cost 31.563 + -210.339 = -178.776 over 553 frames.
LOG (lattice-depth-per-frame[5.5.1074~1-71f3]:main():lattice-depth-per-frame.cc:82) Done 80 lattices.
LOG (lattice-best-path[5.5.1074~1-71f3]:main():lattice-best-path.cc:99) For utterance FC01_325, best cost 26.8129 + -154.827 = -128.014 over 419 frames.
LOG (lattice-best-path[5.5.1074~1-71f3]:main():lattice-best-path.cc:99) For utterance FC01_326, best cost 29.8684 + -177.551 = -147.683 over 502 frames.
LOG (lattice-best-path[5.5.1074~1-71f3]:main():lattice-best-path.cc:99) For utterance FC01_327, best cost 29.4529 + -191.568 = -162.115 over 470 frames.
LOG (lattice-best-path[5.5.1074~1-71f3]:main():lattice-best-path.cc:99) For utterance FC01_334, best cost 27.6874 + -189.7 = -162.012 over 409 frames.
LOG (lattice-best-path[5.5.1074~1-71f3]:main():lattice-best-path.cc:99) For utterance FC01_335, best cost 21.3757 + -141.491 = -120.116 over 331 frames.
LOG (lattice-best-path[5.5.1074~1-71f3]:main():lattice-best-path.cc:99) For utterance FC01_339, best cost 23.0533 + -153.038 = -129.985 over 347 frames.
LOG (lattice-best-path[5.5.1074~1-71f3]:main():lattice-best-path.cc:99) For utterance FC01_345, best cost 28.4036 + -177.969 = -149.565 over 417 frames.
LOG (lattice-best-path[5.5.1074~1-71f3]:main():lattice-best-path.cc:99) For utterance FC01_348, best cost 23.9327 + -123.796 = -99.863 over 333 frames.
LOG (lattice-best-path[5.5.1074~1-71f3]:main():lattice-best-path.cc:99) For utterance FC01_349, best cost 25.5546 + -166.271 = -140.717 over 349 frames.
LOG (lattice-best-path[5.5.1074~1-71f3]:main():lattice-best-path.cc:99) For utterance FC01_35, best cost 19.3854 + -110.546 = -91.1605 over 279 frames.
LOG (lattice-best-path[5.5.1074~1-71f3]:main():lattice-best-path.cc:99) For utterance FC01_355, best cost 26.3611 + -169.336 = -142.975 over 435 frames.
LOG (lattice-best-path[5.5.1074~1-71f3]:main():lattice-best-path.cc:99) For utterance FC01_362, best cost 30.6502 + -196.383 = -165.733 over 466 frames.
LOG (lattice-best-path[5.5.1074~1-71f3]:main():lattice-best-path.cc:99) For utterance FC01_46, best cost 17.6725 + -85.3962 = -67.7236 over 247 frames.
LOG (lattice-best-path[5.5.1074~1-71f3]:main():lattice-best-path.cc:99) For utterance FC01_5, best cost 19.4622 + -112.716 = -93.2543 over 319 frames.
LOG (lattice-best-path[5.5.1074~1-71f3]:main():lattice-best-path.cc:99) For utterance FC01_50, best cost 19.3089 + -106.534 = -87.2254 over 277 frames.
LOG (lattice-best-path[5.5.1074~1-71f3]:main():lattice-best-path.cc:99) For utterance FC01_59, best cost 17.6489 + -120.392 = -102.743 over 307 frames.
LOG (lattice-best-path[5.5.1074~1-71f3]:main():lattice-best-path.cc:99) For utterance FC01_61, best cost 19.5174 + -99.4322 = -79.9148 over 318 frames.
LOG (lattice-best-path[5.5.1074~1-71f3]:main():lattice-best-path.cc:99) For utterance FC01_63, best cost 29.2717 + -178.679 = -149.407 over 515 frames.
LOG (lattice-best-path[5.5.1074~1-71f3]:main():lattice-best-path.cc:99) For utterance FC01_64, best cost 25.1829 + -154.286 = -129.103 over 361 frames.
LOG (lattice-best-path[5.5.1074~1-71f3]:main():lattice-best-path.cc:99) For utterance FC01_66, best cost 17.439 + -101.275 = -83.8361 over 240 frames.
LOG (lattice-best-path[5.5.1074~1-71f3]:main():lattice-best-path.cc:99) For utterance FC01_67, best cost 26.4664 + -171.517 = -145.051 over 485 frames.
LOG (lattice-best-path[5.5.1074~1-71f3]:main():lattice-best-path.cc:99) For utterance FC01_68, best cost 26.8672 + -187.005 = -160.138 over 468 frames.
LOG (lattice-best-path[5.5.1074~1-71f3]:main():lattice-best-path.cc:99) For utterance FC01_78, best cost 26.7449 + -144.368 = -117.623 over 403 frames.
LOG (lattice-best-path[5.5.1074~1-71f3]:main():lattice-best-path.cc:99) For utterance FC01_87, best cost 24.289 + -150.75 = -126.462 over 424 frames.
LOG (lattice-best-path[5.5.1074~1-71f3]:main():lattice-best-path.cc:99) For utterance FC01_9, best cost 26.7433 + -171.08 = -144.337 over 412 frames.
LOG (lattice-best-path[5.5.1074~1-71f3]:main():lattice-best-path.cc:99) For utterance FC01_94, best cost 23.7687 + -141.518 = -117.749 over 389 frames.
LOG (lattice-best-path[5.5.1074~1-71f3]:main():lattice-best-path.cc:99) For utterance FC01_96, best cost 24.1458 + -148.933 = -124.787 over 463 frames.
LOG (lattice-best-path[5.5.1074~1-71f3]:main():lattice-best-path.cc:124) Overall cost per frame is -0.327428 = 0.0657305 [graph] + -0.393158 [acoustic] over 26493 frames.
LOG (lattice-best-path[5.5.1074~1-71f3]:main():lattice-best-path.cc:128) Done 80 lattices, failed for 0
# Accounting: time=0 threads=1
# Ended (code 0) at Thu Aug  3 11:46:08 IST 2023, elapsed time 0 seconds
