# gmm-est --mix-up=9840 --power=0.25 --write-occs=exp_FG/tri_8_2000/16.occs exp_FG/tri_8_2000/15.mdl "gmm-sum-accs - exp_FG/tri_8_2000/15.*.acc |" exp_FG/tri_8_2000/16.mdl 
# Started at Thu Aug  3 11:08:20 IST 2023
#
gmm-est --mix-up=9840 --power=0.25 --write-occs=exp_FG/tri_8_2000/16.occs exp_FG/tri_8_2000/15.mdl 'gmm-sum-accs - exp_FG/tri_8_2000/15.*.acc |' exp_FG/tri_8_2000/16.mdl 
gmm-sum-accs - exp_FG/tri_8_2000/15.1.acc exp_FG/tri_8_2000/15.10.acc exp_FG/tri_8_2000/15.2.acc exp_FG/tri_8_2000/15.3.acc exp_FG/tri_8_2000/15.4.acc exp_FG/tri_8_2000/15.5.acc exp_FG/tri_8_2000/15.6.acc exp_FG/tri_8_2000/15.7.acc exp_FG/tri_8_2000/15.8.acc exp_FG/tri_8_2000/15.9.acc 
LOG (gmm-sum-accs[5.5.1074~1-71f3]:main():gmm-sum-accs.cc:63) Summed 10 stats, total count 834422, avg like/frame -84.9052
LOG (gmm-sum-accs[5.5.1074~1-71f3]:main():gmm-sum-accs.cc:66) Total count of stats is 834422
LOG (gmm-sum-accs[5.5.1074~1-71f3]:main():gmm-sum-accs.cc:67) Written stats to -
LOG (gmm-est[5.5.1074~1-71f3]:MleUpdate():transition-model.cc:528) TransitionModel::Update, objf change is 0 per frame over 834422 frames. 
LOG (gmm-est[5.5.1074~1-71f3]:MleUpdate():transition-model.cc:531) 24 probabilities floored, 2842 out of 4564 transition-states skipped due to insuffient data (it is normal to have some skipped.)
LOG (gmm-est[5.5.1074~1-71f3]:main():gmm-est.cc:102) Transition model update: Overall 0 log-like improvement per frame over 834422 frames.
WARNING (gmm-est[5.5.1074~1-71f3]:MleDiagGmmUpdate():mle-diag-gmm.cc:359) Too little data - removing Gaussian (weight 0.106429, occupation count 8.833639, vector size 39)
WARNING (gmm-est[5.5.1074~1-71f3]:MleDiagGmmUpdate():mle-diag-gmm.cc:359) Too little data - removing Gaussian (weight 0.082801, occupation count 9.190923, vector size 39)
LOG (gmm-est[5.5.1074~1-71f3]:MleAmDiagGmmUpdate():mle-am-diag-gmm.cc:225) 0 variance elements floored in 0 Gaussians, out of 9279
LOG (gmm-est[5.5.1074~1-71f3]:MleAmDiagGmmUpdate():mle-am-diag-gmm.cc:229) Removed 2 Gaussians due to counts < --min-gaussian-occupancy=10 and --remove-low-count-gaussians=true
LOG (gmm-est[5.5.1074~1-71f3]:main():gmm-est.cc:113) GMM update: Overall 0.111555 objective function improvement per frame over 834422 frames
LOG (gmm-est[5.5.1074~1-71f3]:main():gmm-est.cc:116) GMM update: Overall avg like per frame = -84.9052 over 834422 frames.
LOG (gmm-est[5.5.1074~1-71f3]:SplitByCount():am-diag-gmm.cc:116) Split 1280 states with target = 9840, power = 0.25, perturb_factor = 0.01 and min_count = 20, split #Gauss from 9279 to 9841
LOG (gmm-est[5.5.1074~1-71f3]:main():gmm-est.cc:146) Written model to exp_FG/tri_8_2000/16.mdl
# Accounting: time=1 threads=1
# Ended (code 0) at Thu Aug  3 11:08:21 IST 2023, elapsed time 1 seconds
