# gmm-est --mix-up=16000 --power=0.25 --write-occs=exp_FG/tri_8_2000/34.occs exp_FG/tri_8_2000/33.mdl "gmm-sum-accs - exp_FG/tri_8_2000/33.*.acc |" exp_FG/tri_8_2000/34.mdl 
# Started at Thu Aug  3 11:08:28 IST 2023
#
gmm-est --mix-up=16000 --power=0.25 --write-occs=exp_FG/tri_8_2000/34.occs exp_FG/tri_8_2000/33.mdl 'gmm-sum-accs - exp_FG/tri_8_2000/33.*.acc |' exp_FG/tri_8_2000/34.mdl 
gmm-sum-accs - exp_FG/tri_8_2000/33.1.acc exp_FG/tri_8_2000/33.10.acc exp_FG/tri_8_2000/33.2.acc exp_FG/tri_8_2000/33.3.acc exp_FG/tri_8_2000/33.4.acc exp_FG/tri_8_2000/33.5.acc exp_FG/tri_8_2000/33.6.acc exp_FG/tri_8_2000/33.7.acc exp_FG/tri_8_2000/33.8.acc exp_FG/tri_8_2000/33.9.acc 
LOG (gmm-sum-accs[5.5.1074~1-71f3]:main():gmm-sum-accs.cc:63) Summed 10 stats, total count 834422, avg like/frame -82.2632
LOG (gmm-sum-accs[5.5.1074~1-71f3]:main():gmm-sum-accs.cc:66) Total count of stats is 834422
LOG (gmm-sum-accs[5.5.1074~1-71f3]:main():gmm-sum-accs.cc:67) Written stats to -
LOG (gmm-est[5.5.1074~1-71f3]:MleUpdate():transition-model.cc:528) TransitionModel::Update, objf change is 0 per frame over 834422 frames. 
LOG (gmm-est[5.5.1074~1-71f3]:MleUpdate():transition-model.cc:531) 28 probabilities floored, 2843 out of 4564 transition-states skipped due to insuffient data (it is normal to have some skipped.)
LOG (gmm-est[5.5.1074~1-71f3]:main():gmm-est.cc:102) Transition model update: Overall 0 log-like improvement per frame over 834422 frames.
WARNING (gmm-est[5.5.1074~1-71f3]:MleDiagGmmUpdate():mle-diag-gmm.cc:359) Too little data - removing Gaussian (weight 0.048785, occupation count 8.781252, vector size 39)
WARNING (gmm-est[5.5.1074~1-71f3]:MleDiagGmmUpdate():mle-diag-gmm.cc:359) Too little data - removing Gaussian (weight 0.030960, occupation count 9.999982, vector size 39)
WARNING (gmm-est[5.5.1074~1-71f3]:MleDiagGmmUpdate():mle-diag-gmm.cc:359) Too little data - removing Gaussian (weight 0.034073, occupation count 9.779034, vector size 39)
WARNING (gmm-est[5.5.1074~1-71f3]:MleDiagGmmUpdate():mle-diag-gmm.cc:359) Too little data - removing Gaussian (weight 0.029654, occupation count 9.044359, vector size 39)
WARNING (gmm-est[5.5.1074~1-71f3]:MleDiagGmmUpdate():mle-diag-gmm.cc:359) Too little data - removing Gaussian (weight 0.025055, occupation count 9.997027, vector size 39)
WARNING (gmm-est[5.5.1074~1-71f3]:MleDiagGmmUpdate():mle-diag-gmm.cc:359) Too little data - removing Gaussian (weight 0.043928, occupation count 9.883751, vector size 39)
WARNING (gmm-est[5.5.1074~1-71f3]:MleDiagGmmUpdate():mle-diag-gmm.cc:359) Too little data - removing Gaussian (weight 0.029341, occupation count 9.712015, vector size 39)
WARNING (gmm-est[5.5.1074~1-71f3]:MleDiagGmmUpdate():mle-diag-gmm.cc:359) Too little data - removing Gaussian (weight 0.038167, occupation count 9.999722, vector size 39)
LOG (gmm-est[5.5.1074~1-71f3]:MleAmDiagGmmUpdate():mle-am-diag-gmm.cc:225) 0 variance elements floored in 0 Gaussians, out of 16058
LOG (gmm-est[5.5.1074~1-71f3]:MleAmDiagGmmUpdate():mle-am-diag-gmm.cc:229) Removed 8 Gaussians due to counts < --min-gaussian-occupancy=10 and --remove-low-count-gaussians=true
LOG (gmm-est[5.5.1074~1-71f3]:main():gmm-est.cc:113) GMM update: Overall 0.0142795 objective function improvement per frame over 834422 frames
LOG (gmm-est[5.5.1074~1-71f3]:main():gmm-est.cc:116) GMM update: Overall avg like per frame = -82.2632 over 834422 frames.
LOG (gmm-est[5.5.1074~1-71f3]:SplitByCount():am-diag-gmm.cc:116) Split 1280 states with target = 16000, power = 0.25, perturb_factor = 0.01 and min_count = 20, split #Gauss from 16058 to 16065
LOG (gmm-est[5.5.1074~1-71f3]:main():gmm-est.cc:146) Written model to exp_FG/tri_8_2000/34.mdl
# Accounting: time=0 threads=1
# Ended (code 0) at Thu Aug  3 11:08:28 IST 2023, elapsed time 0 seconds
