# gmm-est --mix-up=12640 --power=0.25 --write-occs=exp_FG/tri_8_2000/21.occs exp_FG/tri_8_2000/20.mdl "gmm-sum-accs - exp_FG/tri_8_2000/20.*.acc |" exp_FG/tri_8_2000/21.mdl 
# Started at Thu Aug  3 11:08:23 IST 2023
#
gmm-est --mix-up=12640 --power=0.25 --write-occs=exp_FG/tri_8_2000/21.occs exp_FG/tri_8_2000/20.mdl 'gmm-sum-accs - exp_FG/tri_8_2000/20.*.acc |' exp_FG/tri_8_2000/21.mdl 
gmm-sum-accs - exp_FG/tri_8_2000/20.1.acc exp_FG/tri_8_2000/20.10.acc exp_FG/tri_8_2000/20.2.acc exp_FG/tri_8_2000/20.3.acc exp_FG/tri_8_2000/20.4.acc exp_FG/tri_8_2000/20.5.acc exp_FG/tri_8_2000/20.6.acc exp_FG/tri_8_2000/20.7.acc exp_FG/tri_8_2000/20.8.acc exp_FG/tri_8_2000/20.9.acc 
LOG (gmm-sum-accs[5.5.1074~1-71f3]:main():gmm-sum-accs.cc:63) Summed 10 stats, total count 834422, avg like/frame -83.9245
LOG (gmm-sum-accs[5.5.1074~1-71f3]:main():gmm-sum-accs.cc:66) Total count of stats is 834422
LOG (gmm-sum-accs[5.5.1074~1-71f3]:main():gmm-sum-accs.cc:67) Written stats to -
LOG (gmm-est[5.5.1074~1-71f3]:MleUpdate():transition-model.cc:528) TransitionModel::Update, objf change is 0.000278721 per frame over 834422 frames. 
LOG (gmm-est[5.5.1074~1-71f3]:MleUpdate():transition-model.cc:531) 25 probabilities floored, 2842 out of 4564 transition-states skipped due to insuffient data (it is normal to have some skipped.)
LOG (gmm-est[5.5.1074~1-71f3]:main():gmm-est.cc:102) Transition model update: Overall 0.000278721 log-like improvement per frame over 834422 frames.
WARNING (gmm-est[5.5.1074~1-71f3]:MleDiagGmmUpdate():mle-diag-gmm.cc:359) Too little data - removing Gaussian (weight 0.063115, occupation count 9.593448, vector size 39)
WARNING (gmm-est[5.5.1074~1-71f3]:MleDiagGmmUpdate():mle-diag-gmm.cc:359) Too little data - removing Gaussian (weight 0.053132, occupation count 9.935740, vector size 39)
WARNING (gmm-est[5.5.1074~1-71f3]:MleDiagGmmUpdate():mle-diag-gmm.cc:359) Too little data - removing Gaussian (weight 0.027946, occupation count 5.952593, vector size 39)
WARNING (gmm-est[5.5.1074~1-71f3]:MleDiagGmmUpdate():mle-diag-gmm.cc:359) Too little data - removing Gaussian (weight 0.057215, occupation count 8.582277, vector size 39)
WARNING (gmm-est[5.5.1074~1-71f3]:MleDiagGmmUpdate():mle-diag-gmm.cc:359) Too little data - removing Gaussian (weight 0.061728, occupation count 10.000000, vector size 39)
WARNING (gmm-est[5.5.1074~1-71f3]:MleDiagGmmUpdate():mle-diag-gmm.cc:359) Too little data - removing Gaussian (weight 0.064705, occupation count 9.899899, vector size 39)
WARNING (gmm-est[5.5.1074~1-71f3]:MleDiagGmmUpdate():mle-diag-gmm.cc:359) Too little data - removing Gaussian (weight 0.055106, occupation count 9.367938, vector size 39)
WARNING (gmm-est[5.5.1074~1-71f3]:MleDiagGmmUpdate():mle-diag-gmm.cc:359) Too little data - removing Gaussian (weight 0.090866, occupation count 9.995247, vector size 39)
WARNING (gmm-est[5.5.1074~1-71f3]:MleDiagGmmUpdate():mle-diag-gmm.cc:359) Too little data - removing Gaussian (weight 0.052309, occupation count 8.317201, vector size 39)
WARNING (gmm-est[5.5.1074~1-71f3]:MleDiagGmmUpdate():mle-diag-gmm.cc:359) Too little data - removing Gaussian (weight 0.048965, occupation count 9.058450, vector size 39)
LOG (gmm-est[5.5.1074~1-71f3]:MleAmDiagGmmUpdate():mle-am-diag-gmm.cc:225) 0 variance elements floored in 0 Gaussians, out of 12071
LOG (gmm-est[5.5.1074~1-71f3]:MleAmDiagGmmUpdate():mle-am-diag-gmm.cc:229) Removed 10 Gaussians due to counts < --min-gaussian-occupancy=10 and --remove-low-count-gaussians=true
LOG (gmm-est[5.5.1074~1-71f3]:main():gmm-est.cc:113) GMM update: Overall 0.150496 objective function improvement per frame over 834422 frames
LOG (gmm-est[5.5.1074~1-71f3]:main():gmm-est.cc:116) GMM update: Overall avg like per frame = -83.9245 over 834422 frames.
LOG (gmm-est[5.5.1074~1-71f3]:SplitByCount():am-diag-gmm.cc:116) Split 1280 states with target = 12640, power = 0.25, perturb_factor = 0.01 and min_count = 20, split #Gauss from 12071 to 12655
LOG (gmm-est[5.5.1074~1-71f3]:main():gmm-est.cc:146) Written model to exp_FG/tri_8_2000/21.mdl
# Accounting: time=0 threads=1
# Ended (code 0) at Thu Aug  3 11:08:23 IST 2023, elapsed time 0 seconds
