# gmm-align-compiled --transition-scale=1.0 --acoustic-scale=0.1 --self-loop-scale=0.1 --beam=6 --retry-beam=40 --careful=false "gmm-boost-silence --boost=1.0 1 exp_FG/mono/1.mdl - |" "ark:gunzip -c exp_FG/mono/fsts.7.gz|" "ark,s,cs:apply-cmvn  --utt2spk=ark:data/train/split10/7/utt2spk scp:data/train/split10/7/cmvn.scp scp:data/train/split10/7/feats.scp ark:- | add-deltas  ark:- ark:- |" "ark,t:|gzip -c >exp_FG/mono/ali.7.gz" 
# Started at Thu Aug  3 11:07:55 IST 2023
#
gmm-align-compiled --transition-scale=1.0 --acoustic-scale=0.1 --self-loop-scale=0.1 --beam=6 --retry-beam=40 --careful=false 'gmm-boost-silence --boost=1.0 1 exp_FG/mono/1.mdl - |' 'ark:gunzip -c exp_FG/mono/fsts.7.gz|' 'ark,s,cs:apply-cmvn  --utt2spk=ark:data/train/split10/7/utt2spk scp:data/train/split10/7/cmvn.scp scp:data/train/split10/7/feats.scp ark:- | add-deltas  ark:- ark:- |' 'ark,t:|gzip -c >exp_FG/mono/ali.7.gz' 
gmm-boost-silence --boost=1.0 1 exp_FG/mono/1.mdl - 
WARNING (gmm-boost-silence[5.5.1074~1-71f3]:main():gmm-boost-silence.cc:82) The pdfs for the silence phones may be shared by other phones (note: this probably does not matter.)
LOG (gmm-boost-silence[5.5.1074~1-71f3]:main():gmm-boost-silence.cc:93) Boosted weights for 3 pdfs, by factor of 1
LOG (gmm-boost-silence[5.5.1074~1-71f3]:main():gmm-boost-silence.cc:103) Wrote model to -
apply-cmvn --utt2spk=ark:data/train/split10/7/utt2spk scp:data/train/split10/7/cmvn.scp scp:data/train/split10/7/feats.scp ark:- 
add-deltas ark:- ark:- 
LOG (gmm-align-compiled[5.5.1074~1-71f3]:main():gmm-align-compiled.cc:127) MC02_1
LOG (gmm-align-compiled[5.5.1074~1-71f3]:main():gmm-align-compiled.cc:127) MC02_10
LOG (gmm-align-compiled[5.5.1074~1-71f3]:main():gmm-align-compiled.cc:127) MC02_100
LOG (gmm-align-compiled[5.5.1074~1-71f3]:main():gmm-align-compiled.cc:127) MC02_101
LOG (gmm-align-compiled[5.5.1074~1-71f3]:main():gmm-align-compiled.cc:127) MC02_102
LOG (gmm-align-compiled[5.5.1074~1-71f3]:main():gmm-align-compiled.cc:127) MC02_103
LOG (gmm-align-compiled[5.5.1074~1-71f3]:main():gmm-align-compiled.cc:127) MC02_104
LOG (gmm-align-compiled[5.5.1074~1-71f3]:main():gmm-align-compiled.cc:127) MC02_105
LOG (gmm-align-compiled[5.5.1074~1-71f3]:main():gmm-align-compiled.cc:127) MC02_106
LOG (gmm-align-compiled[5.5.1074~1-71f3]:main():gmm-align-compiled.cc:127) MC02_107
LOG (gmm-align-compiled[5.5.1074~1-71f3]:main():gmm-align-compiled.cc:127) MC02_108
LOG (gmm-align-compiled[5.5.1074~1-71f3]:main():gmm-align-compiled.cc:127) MC02_109
LOG (gmm-align-compiled[5.5.1074~1-71f3]:main():gmm-align-compiled.cc:127) MC02_11
LOG (gmm-align-compiled[5.5.1074~1-71f3]:main():gmm-align-compiled.cc:127) MC02_111
LOG (gmm-align-compiled[5.5.1074~1-71f3]:main():gmm-align-compiled.cc:127) MC02_112
LOG (gmm-align-compiled[5.5.1074~1-71f3]:main():gmm-align-compiled.cc:127) MC02_113
LOG (gmm-align-compiled[5.5.1074~1-71f3]:main():gmm-align-compiled.cc:127) MC02_115
LOG (gmm-align-compiled[5.5.1074~1-71f3]:main():gmm-align-compiled.cc:127) MC02_117
LOG (gmm-align-compiled[5.5.1074~1-71f3]:main():gmm-align-compiled.cc:127) MC02_119
LOG (gmm-align-compiled[5.5.1074~1-71f3]:main():gmm-align-compiled.cc:127) MC02_12
LOG (gmm-align-compiled[5.5.1074~1-71f3]:main():gmm-align-compiled.cc:127) MC02_120
LOG (gmm-align-compiled[5.5.1074~1-71f3]:main():gmm-align-compiled.cc:127) MC02_122
LOG (gmm-align-compiled[5.5.1074~1-71f3]:main():gmm-align-compiled.cc:127) MC02_124
LOG (gmm-align-compiled[5.5.1074~1-71f3]:main():gmm-align-compiled.cc:127) MC02_125
LOG (gmm-align-compiled[5.5.1074~1-71f3]:main():gmm-align-compiled.cc:127) MC02_126
LOG (gmm-align-compiled[5.5.1074~1-71f3]:main():gmm-align-compiled.cc:127) MC02_127
LOG (gmm-align-compiled[5.5.1074~1-71f3]:main():gmm-align-compiled.cc:127) MC02_130
LOG (gmm-align-compiled[5.5.1074~1-71f3]:main():gmm-align-compiled.cc:127) MC02_132
LOG (gmm-align-compiled[5.5.1074~1-71f3]:main():gmm-align-compiled.cc:127) MC02_133
LOG (gmm-align-compiled[5.5.1074~1-71f3]:main():gmm-align-compiled.cc:127) MC02_134
LOG (gmm-align-compiled[5.5.1074~1-71f3]:main():gmm-align-compiled.cc:127) MC02_135
LOG (gmm-align-compiled[5.5.1074~1-71f3]:main():gmm-align-compiled.cc:127) MC02_136
LOG (gmm-align-compiled[5.5.1074~1-71f3]:main():gmm-align-compiled.cc:127) MC02_137
LOG (gmm-align-compiled[5.5.1074~1-71f3]:main():gmm-align-compiled.cc:127) MC02_139
LOG (gmm-align-compiled[5.5.1074~1-71f3]:main():gmm-align-compiled.cc:127) MC02_14
LOG (gmm-align-compiled[5.5.1074~1-71f3]:main():gmm-align-compiled.cc:127) MC02_140
LOG (gmm-align-compiled[5.5.1074~1-71f3]:main():gmm-align-compiled.cc:127) MC02_141
LOG (gmm-align-compiled[5.5.1074~1-71f3]:main():gmm-align-compiled.cc:127) MC02_142
LOG (gmm-align-compiled[5.5.1074~1-71f3]:main():gmm-align-compiled.cc:127) MC02_143
LOG (gmm-align-compiled[5.5.1074~1-71f3]:main():gmm-align-compiled.cc:127) MC02_145
LOG (gmm-align-compiled[5.5.1074~1-71f3]:main():gmm-align-compiled.cc:127) MC02_146
LOG (gmm-align-compiled[5.5.1074~1-71f3]:main():gmm-align-compiled.cc:127) MC02_147
LOG (gmm-align-compiled[5.5.1074~1-71f3]:main():gmm-align-compiled.cc:127) MC02_149
LOG (gmm-align-compiled[5.5.1074~1-71f3]:main():gmm-align-compiled.cc:127) MC02_15
LOG (gmm-align-compiled[5.5.1074~1-71f3]:main():gmm-align-compiled.cc:127) MC02_150
LOG (gmm-align-compiled[5.5.1074~1-71f3]:main():gmm-align-compiled.cc:127) MC02_153
LOG (gmm-align-compiled[5.5.1074~1-71f3]:main():gmm-align-compiled.cc:127) MC02_154
LOG (gmm-align-compiled[5.5.1074~1-71f3]:main():gmm-align-compiled.cc:127) MC02_155
LOG (gmm-align-compiled[5.5.1074~1-71f3]:main():gmm-align-compiled.cc:127) MC02_156
LOG (gmm-align-compiled[5.5.1074~1-71f3]:main():gmm-align-compiled.cc:127) MC02_157
LOG (gmm-align-compiled[5.5.1074~1-71f3]:main():gmm-align-compiled.cc:127) MC02_158
LOG (gmm-align-compiled[5.5.1074~1-71f3]:main():gmm-align-compiled.cc:127) MC02_159
LOG (gmm-align-compiled[5.5.1074~1-71f3]:main():gmm-align-compiled.cc:127) MC02_16
LOG (gmm-align-compiled[5.5.1074~1-71f3]:main():gmm-align-compiled.cc:127) MC02_161
LOG (gmm-align-compiled[5.5.1074~1-71f3]:main():gmm-align-compiled.cc:127) MC02_162
LOG (gmm-align-compiled[5.5.1074~1-71f3]:main():gmm-align-compiled.cc:127) MC02_163
LOG (gmm-align-compiled[5.5.1074~1-71f3]:main():gmm-align-compiled.cc:127) MC02_164
LOG (gmm-align-compiled[5.5.1074~1-71f3]:main():gmm-align-compiled.cc:127) MC02_165
LOG (gmm-align-compiled[5.5.1074~1-71f3]:main():gmm-align-compiled.cc:127) MC02_166
LOG (gmm-align-compiled[5.5.1074~1-71f3]:main():gmm-align-compiled.cc:127) MC02_167
LOG (gmm-align-compiled[5.5.1074~1-71f3]:main():gmm-align-compiled.cc:127) MC02_168
LOG (gmm-align-compiled[5.5.1074~1-71f3]:main():gmm-align-compiled.cc:127) MC02_169
LOG (gmm-align-compiled[5.5.1074~1-71f3]:main():gmm-align-compiled.cc:127) MC02_17
LOG (gmm-align-compiled[5.5.1074~1-71f3]:main():gmm-align-compiled.cc:127) MC02_170
LOG (gmm-align-compiled[5.5.1074~1-71f3]:main():gmm-align-compiled.cc:127) MC02_172
LOG (gmm-align-compiled[5.5.1074~1-71f3]:main():gmm-align-compiled.cc:127) MC02_173
LOG (gmm-align-compiled[5.5.1074~1-71f3]:main():gmm-align-compiled.cc:127) MC02_174
LOG (gmm-align-compiled[5.5.1074~1-71f3]:main():gmm-align-compiled.cc:127) MC02_176
LOG (gmm-align-compiled[5.5.1074~1-71f3]:main():gmm-align-compiled.cc:127) MC02_177
LOG (gmm-align-compiled[5.5.1074~1-71f3]:main():gmm-align-compiled.cc:127) MC02_179
LOG (gmm-align-compiled[5.5.1074~1-71f3]:main():gmm-align-compiled.cc:127) MC02_180
LOG (gmm-align-compiled[5.5.1074~1-71f3]:main():gmm-align-compiled.cc:127) MC02_181
LOG (gmm-align-compiled[5.5.1074~1-71f3]:main():gmm-align-compiled.cc:127) MC02_182
LOG (gmm-align-compiled[5.5.1074~1-71f3]:main():gmm-align-compiled.cc:127) MC02_183
LOG (gmm-align-compiled[5.5.1074~1-71f3]:main():gmm-align-compiled.cc:127) MC02_186
LOG (gmm-align-compiled[5.5.1074~1-71f3]:main():gmm-align-compiled.cc:127) MC02_188
LOG (gmm-align-compiled[5.5.1074~1-71f3]:main():gmm-align-compiled.cc:127) MC02_189
LOG (gmm-align-compiled[5.5.1074~1-71f3]:main():gmm-align-compiled.cc:127) MC02_19
LOG (gmm-align-compiled[5.5.1074~1-71f3]:main():gmm-align-compiled.cc:127) MC02_191
LOG (gmm-align-compiled[5.5.1074~1-71f3]:main():gmm-align-compiled.cc:127) MC02_192
LOG (gmm-align-compiled[5.5.1074~1-71f3]:main():gmm-align-compiled.cc:127) MC02_194
LOG (gmm-align-compiled[5.5.1074~1-71f3]:main():gmm-align-compiled.cc:127) MC02_196
LOG (gmm-align-compiled[5.5.1074~1-71f3]:main():gmm-align-compiled.cc:127) MC02_197
LOG (gmm-align-compiled[5.5.1074~1-71f3]:main():gmm-align-compiled.cc:127) MC02_198
LOG (gmm-align-compiled[5.5.1074~1-71f3]:main():gmm-align-compiled.cc:127) MC02_199
LOG (gmm-align-compiled[5.5.1074~1-71f3]:main():gmm-align-compiled.cc:127) MC02_20
LOG (gmm-align-compiled[5.5.1074~1-71f3]:main():gmm-align-compiled.cc:127) MC02_200
LOG (gmm-align-compiled[5.5.1074~1-71f3]:main():gmm-align-compiled.cc:127) MC02_201
LOG (gmm-align-compiled[5.5.1074~1-71f3]:main():gmm-align-compiled.cc:127) MC02_203
LOG (gmm-align-compiled[5.5.1074~1-71f3]:main():gmm-align-compiled.cc:127) MC02_204
LOG (gmm-align-compiled[5.5.1074~1-71f3]:main():gmm-align-compiled.cc:127) MC02_205
LOG (gmm-align-compiled[5.5.1074~1-71f3]:main():gmm-align-compiled.cc:127) MC02_206
LOG (gmm-align-compiled[5.5.1074~1-71f3]:main():gmm-align-compiled.cc:127) MC02_208
LOG (gmm-align-compiled[5.5.1074~1-71f3]:main():gmm-align-compiled.cc:127) MC02_21
LOG (gmm-align-compiled[5.5.1074~1-71f3]:main():gmm-align-compiled.cc:127) MC02_210
LOG (gmm-align-compiled[5.5.1074~1-71f3]:main():gmm-align-compiled.cc:127) MC02_211
LOG (gmm-align-compiled[5.5.1074~1-71f3]:main():gmm-align-compiled.cc:127) MC02_213
LOG (gmm-align-compiled[5.5.1074~1-71f3]:main():gmm-align-compiled.cc:127) MC02_214
LOG (gmm-align-compiled[5.5.1074~1-71f3]:main():gmm-align-compiled.cc:127) MC02_215
LOG (gmm-align-compiled[5.5.1074~1-71f3]:main():gmm-align-compiled.cc:127) MC02_216
LOG (gmm-align-compiled[5.5.1074~1-71f3]:main():gmm-align-compiled.cc:127) MC02_217
LOG (gmm-align-compiled[5.5.1074~1-71f3]:main():gmm-align-compiled.cc:127) MC02_218
LOG (gmm-align-compiled[5.5.1074~1-71f3]:main():gmm-align-compiled.cc:127) MC02_219
LOG (gmm-align-compiled[5.5.1074~1-71f3]:main():gmm-align-compiled.cc:127) MC02_22
LOG (gmm-align-compiled[5.5.1074~1-71f3]:main():gmm-align-compiled.cc:127) MC02_220
LOG (gmm-align-compiled[5.5.1074~1-71f3]:main():gmm-align-compiled.cc:127) MC02_221
LOG (gmm-align-compiled[5.5.1074~1-71f3]:main():gmm-align-compiled.cc:127) MC02_222
LOG (gmm-align-compiled[5.5.1074~1-71f3]:main():gmm-align-compiled.cc:127) MC02_223
LOG (gmm-align-compiled[5.5.1074~1-71f3]:main():gmm-align-compiled.cc:127) MC02_224
LOG (gmm-align-compiled[5.5.1074~1-71f3]:main():gmm-align-compiled.cc:127) MC02_225
LOG (gmm-align-compiled[5.5.1074~1-71f3]:main():gmm-align-compiled.cc:127) MC02_226
LOG (gmm-align-compiled[5.5.1074~1-71f3]:main():gmm-align-compiled.cc:127) MC02_227
LOG (gmm-align-compiled[5.5.1074~1-71f3]:main():gmm-align-compiled.cc:127) MC02_228
LOG (gmm-align-compiled[5.5.1074~1-71f3]:main():gmm-align-compiled.cc:127) MC02_229
LOG (gmm-align-compiled[5.5.1074~1-71f3]:main():gmm-align-compiled.cc:127) MC02_23
LOG (gmm-align-compiled[5.5.1074~1-71f3]:main():gmm-align-compiled.cc:127) MC02_230
WARNING (gmm-align-compiled[5.5.1074~1-71f3]:AlignUtteranceWrapper():decoder-wrappers.cc:617) Retrying utterance MC02_230 with beam 40
LOG (gmm-align-compiled[5.5.1074~1-71f3]:main():gmm-align-compiled.cc:127) MC02_231
LOG (gmm-align-compiled[5.5.1074~1-71f3]:main():gmm-align-compiled.cc:127) MC02_232
LOG (gmm-align-compiled[5.5.1074~1-71f3]:main():gmm-align-compiled.cc:127) MC02_234
LOG (gmm-align-compiled[5.5.1074~1-71f3]:main():gmm-align-compiled.cc:127) MC02_235
LOG (gmm-align-compiled[5.5.1074~1-71f3]:main():gmm-align-compiled.cc:127) MC02_236
LOG (gmm-align-compiled[5.5.1074~1-71f3]:main():gmm-align-compiled.cc:127) MC02_237
LOG (gmm-align-compiled[5.5.1074~1-71f3]:main():gmm-align-compiled.cc:127) MC02_238
LOG (gmm-align-compiled[5.5.1074~1-71f3]:main():gmm-align-compiled.cc:127) MC02_239
LOG (gmm-align-compiled[5.5.1074~1-71f3]:main():gmm-align-compiled.cc:127) MC02_24
LOG (gmm-align-compiled[5.5.1074~1-71f3]:main():gmm-align-compiled.cc:127) MC02_240
LOG (gmm-align-compiled[5.5.1074~1-71f3]:main():gmm-align-compiled.cc:127) MC02_242
LOG (gmm-align-compiled[5.5.1074~1-71f3]:main():gmm-align-compiled.cc:127) MC02_243
LOG (gmm-align-compiled[5.5.1074~1-71f3]:main():gmm-align-compiled.cc:127) MC02_244
LOG (gmm-align-compiled[5.5.1074~1-71f3]:main():gmm-align-compiled.cc:127) MC02_246
LOG (gmm-align-compiled[5.5.1074~1-71f3]:main():gmm-align-compiled.cc:127) MC02_247
LOG (gmm-align-compiled[5.5.1074~1-71f3]:main():gmm-align-compiled.cc:127) MC02_248
LOG (gmm-align-compiled[5.5.1074~1-71f3]:main():gmm-align-compiled.cc:127) MC02_251
LOG (gmm-align-compiled[5.5.1074~1-71f3]:main():gmm-align-compiled.cc:127) MC02_252
LOG (gmm-align-compiled[5.5.1074~1-71f3]:main():gmm-align-compiled.cc:127) MC02_253
LOG (gmm-align-compiled[5.5.1074~1-71f3]:main():gmm-align-compiled.cc:127) MC02_254
LOG (gmm-align-compiled[5.5.1074~1-71f3]:main():gmm-align-compiled.cc:127) MC02_255
LOG (gmm-align-compiled[5.5.1074~1-71f3]:main():gmm-align-compiled.cc:127) MC02_256
LOG (gmm-align-compiled[5.5.1074~1-71f3]:main():gmm-align-compiled.cc:127) MC02_257
LOG (gmm-align-compiled[5.5.1074~1-71f3]:main():gmm-align-compiled.cc:127) MC02_259
LOG (gmm-align-compiled[5.5.1074~1-71f3]:main():gmm-align-compiled.cc:127) MC02_26
LOG (gmm-align-compiled[5.5.1074~1-71f3]:main():gmm-align-compiled.cc:127) MC02_260
LOG (gmm-align-compiled[5.5.1074~1-71f3]:main():gmm-align-compiled.cc:127) MC02_261
LOG (gmm-align-compiled[5.5.1074~1-71f3]:main():gmm-align-compiled.cc:127) MC02_262
LOG (gmm-align-compiled[5.5.1074~1-71f3]:main():gmm-align-compiled.cc:127) MC02_263
LOG (gmm-align-compiled[5.5.1074~1-71f3]:main():gmm-align-compiled.cc:127) MC02_264
LOG (gmm-align-compiled[5.5.1074~1-71f3]:main():gmm-align-compiled.cc:127) MC02_265
LOG (gmm-align-compiled[5.5.1074~1-71f3]:main():gmm-align-compiled.cc:127) MC02_266
LOG (gmm-align-compiled[5.5.1074~1-71f3]:main():gmm-align-compiled.cc:127) MC02_267
LOG (gmm-align-compiled[5.5.1074~1-71f3]:main():gmm-align-compiled.cc:127) MC02_268
LOG (gmm-align-compiled[5.5.1074~1-71f3]:main():gmm-align-compiled.cc:127) MC02_269
LOG (gmm-align-compiled[5.5.1074~1-71f3]:main():gmm-align-compiled.cc:127) MC02_27
LOG (gmm-align-compiled[5.5.1074~1-71f3]:main():gmm-align-compiled.cc:127) MC02_270
LOG (gmm-align-compiled[5.5.1074~1-71f3]:main():gmm-align-compiled.cc:127) MC02_271
LOG (gmm-align-compiled[5.5.1074~1-71f3]:main():gmm-align-compiled.cc:127) MC02_272
LOG (gmm-align-compiled[5.5.1074~1-71f3]:main():gmm-align-compiled.cc:127) MC02_273
LOG (gmm-align-compiled[5.5.1074~1-71f3]:main():gmm-align-compiled.cc:127) MC02_274
LOG (gmm-align-compiled[5.5.1074~1-71f3]:main():gmm-align-compiled.cc:127) MC02_275
WARNING (gmm-align-compiled[5.5.1074~1-71f3]:AlignUtteranceWrapper():decoder-wrappers.cc:617) Retrying utterance MC02_275 with beam 40
LOG (gmm-align-compiled[5.5.1074~1-71f3]:main():gmm-align-compiled.cc:127) MC02_276
LOG (gmm-align-compiled[5.5.1074~1-71f3]:main():gmm-align-compiled.cc:127) MC02_278
LOG (gmm-align-compiled[5.5.1074~1-71f3]:main():gmm-align-compiled.cc:127) MC02_279
LOG (gmm-align-compiled[5.5.1074~1-71f3]:main():gmm-align-compiled.cc:127) MC02_280
LOG (gmm-align-compiled[5.5.1074~1-71f3]:main():gmm-align-compiled.cc:127) MC02_281
LOG (gmm-align-compiled[5.5.1074~1-71f3]:main():gmm-align-compiled.cc:127) MC02_282
LOG (gmm-align-compiled[5.5.1074~1-71f3]:main():gmm-align-compiled.cc:127) MC02_283
LOG (gmm-align-compiled[5.5.1074~1-71f3]:main():gmm-align-compiled.cc:127) MC02_284
LOG (gmm-align-compiled[5.5.1074~1-71f3]:main():gmm-align-compiled.cc:127) MC02_286
LOG (gmm-align-compiled[5.5.1074~1-71f3]:main():gmm-align-compiled.cc:127) MC02_287
LOG (gmm-align-compiled[5.5.1074~1-71f3]:main():gmm-align-compiled.cc:127) MC02_288
LOG (gmm-align-compiled[5.5.1074~1-71f3]:main():gmm-align-compiled.cc:127) MC02_29
LOG (gmm-align-compiled[5.5.1074~1-71f3]:main():gmm-align-compiled.cc:127) MC02_290
WARNING (gmm-align-compiled[5.5.1074~1-71f3]:AlignUtteranceWrapper():decoder-wrappers.cc:617) Retrying utterance MC02_290 with beam 40
LOG (gmm-align-compiled[5.5.1074~1-71f3]:main():gmm-align-compiled.cc:127) MC02_291
LOG (gmm-align-compiled[5.5.1074~1-71f3]:main():gmm-align-compiled.cc:127) MC02_292
WARNING (gmm-align-compiled[5.5.1074~1-71f3]:AlignUtteranceWrapper():decoder-wrappers.cc:617) Retrying utterance MC02_292 with beam 40
LOG (gmm-align-compiled[5.5.1074~1-71f3]:main():gmm-align-compiled.cc:127) MC02_293
LOG (gmm-align-compiled[5.5.1074~1-71f3]:main():gmm-align-compiled.cc:127) MC02_294
LOG (gmm-align-compiled[5.5.1074~1-71f3]:main():gmm-align-compiled.cc:127) MC02_295
LOG (gmm-align-compiled[5.5.1074~1-71f3]:main():gmm-align-compiled.cc:127) MC02_297
WARNING (gmm-align-compiled[5.5.1074~1-71f3]:AlignUtteranceWrapper():decoder-wrappers.cc:617) Retrying utterance MC02_297 with beam 40
LOG (gmm-align-compiled[5.5.1074~1-71f3]:main():gmm-align-compiled.cc:127) MC02_298
LOG (gmm-align-compiled[5.5.1074~1-71f3]:main():gmm-align-compiled.cc:127) MC02_299
LOG (gmm-align-compiled[5.5.1074~1-71f3]:main():gmm-align-compiled.cc:127) MC02_3
LOG (gmm-align-compiled[5.5.1074~1-71f3]:main():gmm-align-compiled.cc:127) MC02_30
LOG (gmm-align-compiled[5.5.1074~1-71f3]:main():gmm-align-compiled.cc:127) MC02_301
LOG (gmm-align-compiled[5.5.1074~1-71f3]:main():gmm-align-compiled.cc:127) MC02_302
LOG (gmm-align-compiled[5.5.1074~1-71f3]:main():gmm-align-compiled.cc:127) MC02_304
WARNING (gmm-align-compiled[5.5.1074~1-71f3]:AlignUtteranceWrapper():decoder-wrappers.cc:617) Retrying utterance MC02_304 with beam 40
LOG (gmm-align-compiled[5.5.1074~1-71f3]:main():gmm-align-compiled.cc:127) MC02_305
WARNING (gmm-align-compiled[5.5.1074~1-71f3]:AlignUtteranceWrapper():decoder-wrappers.cc:617) Retrying utterance MC02_305 with beam 40
LOG (gmm-align-compiled[5.5.1074~1-71f3]:main():gmm-align-compiled.cc:127) MC02_306
LOG (gmm-align-compiled[5.5.1074~1-71f3]:main():gmm-align-compiled.cc:127) MC02_307
LOG (gmm-align-compiled[5.5.1074~1-71f3]:main():gmm-align-compiled.cc:127) MC02_309
LOG (gmm-align-compiled[5.5.1074~1-71f3]:main():gmm-align-compiled.cc:127) MC02_31
WARNING (gmm-align-compiled[5.5.1074~1-71f3]:AlignUtteranceWrapper():decoder-wrappers.cc:617) Retrying utterance MC02_31 with beam 40
LOG (gmm-align-compiled[5.5.1074~1-71f3]:main():gmm-align-compiled.cc:127) MC02_310
LOG (gmm-align-compiled[5.5.1074~1-71f3]:main():gmm-align-compiled.cc:127) MC02_311
LOG (gmm-align-compiled[5.5.1074~1-71f3]:main():gmm-align-compiled.cc:127) MC02_313
LOG (gmm-align-compiled[5.5.1074~1-71f3]:main():gmm-align-compiled.cc:127) MC02_315
LOG (gmm-align-compiled[5.5.1074~1-71f3]:main():gmm-align-compiled.cc:127) MC02_316
LOG (gmm-align-compiled[5.5.1074~1-71f3]:main():gmm-align-compiled.cc:127) MC02_317
LOG (gmm-align-compiled[5.5.1074~1-71f3]:main():gmm-align-compiled.cc:127) MC02_319
LOG (gmm-align-compiled[5.5.1074~1-71f3]:main():gmm-align-compiled.cc:127) MC02_32
WARNING (gmm-align-compiled[5.5.1074~1-71f3]:AlignUtteranceWrapper():decoder-wrappers.cc:617) Retrying utterance MC02_32 with beam 40
LOG (gmm-align-compiled[5.5.1074~1-71f3]:main():gmm-align-compiled.cc:127) MC02_321
LOG (gmm-align-compiled[5.5.1074~1-71f3]:main():gmm-align-compiled.cc:127) MC02_322
LOG (gmm-align-compiled[5.5.1074~1-71f3]:main():gmm-align-compiled.cc:127) MC02_323
LOG (gmm-align-compiled[5.5.1074~1-71f3]:main():gmm-align-compiled.cc:127) MC02_324
LOG (gmm-align-compiled[5.5.1074~1-71f3]:main():gmm-align-compiled.cc:127) MC02_325
LOG (gmm-align-compiled[5.5.1074~1-71f3]:main():gmm-align-compiled.cc:127) MC02_326
LOG (gmm-align-compiled[5.5.1074~1-71f3]:main():gmm-align-compiled.cc:127) MC02_327
LOG (gmm-align-compiled[5.5.1074~1-71f3]:main():gmm-align-compiled.cc:127) MC02_328
LOG (gmm-align-compiled[5.5.1074~1-71f3]:main():gmm-align-compiled.cc:127) MC02_329
LOG (gmm-align-compiled[5.5.1074~1-71f3]:main():gmm-align-compiled.cc:127) MC02_33
LOG (gmm-align-compiled[5.5.1074~1-71f3]:main():gmm-align-compiled.cc:127) MC02_331
LOG (gmm-align-compiled[5.5.1074~1-71f3]:main():gmm-align-compiled.cc:127) MC02_332
LOG (gmm-align-compiled[5.5.1074~1-71f3]:main():gmm-align-compiled.cc:127) MC02_336
LOG (gmm-align-compiled[5.5.1074~1-71f3]:main():gmm-align-compiled.cc:127) MC02_338
LOG (gmm-align-compiled[5.5.1074~1-71f3]:main():gmm-align-compiled.cc:127) MC02_339
LOG (gmm-align-compiled[5.5.1074~1-71f3]:main():gmm-align-compiled.cc:127) MC02_34
LOG (gmm-align-compiled[5.5.1074~1-71f3]:main():gmm-align-compiled.cc:127) MC02_340
LOG (gmm-align-compiled[5.5.1074~1-71f3]:main():gmm-align-compiled.cc:127) MC02_341
LOG (gmm-align-compiled[5.5.1074~1-71f3]:main():gmm-align-compiled.cc:127) MC02_342
LOG (gmm-align-compiled[5.5.1074~1-71f3]:main():gmm-align-compiled.cc:127) MC02_344
LOG (gmm-align-compiled[5.5.1074~1-71f3]:main():gmm-align-compiled.cc:127) MC02_346
LOG (gmm-align-compiled[5.5.1074~1-71f3]:main():gmm-align-compiled.cc:127) MC02_347
LOG (gmm-align-compiled[5.5.1074~1-71f3]:main():gmm-align-compiled.cc:127) MC02_349
LOG (gmm-align-compiled[5.5.1074~1-71f3]:main():gmm-align-compiled.cc:127) MC02_35
LOG (gmm-align-compiled[5.5.1074~1-71f3]:main():gmm-align-compiled.cc:127) MC02_350
LOG (gmm-align-compiled[5.5.1074~1-71f3]:main():gmm-align-compiled.cc:127) MC02_351
LOG (gmm-align-compiled[5.5.1074~1-71f3]:main():gmm-align-compiled.cc:127) MC02_353
LOG (gmm-align-compiled[5.5.1074~1-71f3]:main():gmm-align-compiled.cc:127) MC02_354
LOG (gmm-align-compiled[5.5.1074~1-71f3]:main():gmm-align-compiled.cc:127) MC02_355
LOG (gmm-align-compiled[5.5.1074~1-71f3]:main():gmm-align-compiled.cc:127) MC02_356
LOG (gmm-align-compiled[5.5.1074~1-71f3]:main():gmm-align-compiled.cc:127) MC02_358
LOG (gmm-align-compiled[5.5.1074~1-71f3]:main():gmm-align-compiled.cc:127) MC02_360
LOG (gmm-align-compiled[5.5.1074~1-71f3]:main():gmm-align-compiled.cc:127) MC02_362
LOG (gmm-align-compiled[5.5.1074~1-71f3]:main():gmm-align-compiled.cc:127) MC02_363
LOG (gmm-align-compiled[5.5.1074~1-71f3]:main():gmm-align-compiled.cc:127) MC02_364
LOG (gmm-align-compiled[5.5.1074~1-71f3]:main():gmm-align-compiled.cc:127) MC02_365
LOG (gmm-align-compiled[5.5.1074~1-71f3]:main():gmm-align-compiled.cc:127) MC02_38
LOG (gmm-align-compiled[5.5.1074~1-71f3]:main():gmm-align-compiled.cc:127) MC02_4
LOG (gmm-align-compiled[5.5.1074~1-71f3]:main():gmm-align-compiled.cc:127) MC02_40
LOG (gmm-align-compiled[5.5.1074~1-71f3]:main():gmm-align-compiled.cc:127) MC02_41
LOG (gmm-align-compiled[5.5.1074~1-71f3]:main():gmm-align-compiled.cc:127) MC02_43
LOG (gmm-align-compiled[5.5.1074~1-71f3]:main():gmm-align-compiled.cc:127) MC02_44
LOG (gmm-align-compiled[5.5.1074~1-71f3]:main():gmm-align-compiled.cc:127) MC02_45
LOG (gmm-align-compiled[5.5.1074~1-71f3]:main():gmm-align-compiled.cc:127) MC02_46
LOG (gmm-align-compiled[5.5.1074~1-71f3]:main():gmm-align-compiled.cc:127) MC02_48
LOG (gmm-align-compiled[5.5.1074~1-71f3]:main():gmm-align-compiled.cc:127) MC02_49
LOG (gmm-align-compiled[5.5.1074~1-71f3]:main():gmm-align-compiled.cc:127) MC02_5
LOG (gmm-align-compiled[5.5.1074~1-71f3]:main():gmm-align-compiled.cc:127) MC02_51
LOG (gmm-align-compiled[5.5.1074~1-71f3]:main():gmm-align-compiled.cc:127) MC02_52
LOG (gmm-align-compiled[5.5.1074~1-71f3]:main():gmm-align-compiled.cc:127) MC02_54
LOG (gmm-align-compiled[5.5.1074~1-71f3]:main():gmm-align-compiled.cc:127) MC02_56
LOG (gmm-align-compiled[5.5.1074~1-71f3]:main():gmm-align-compiled.cc:127) MC02_57
LOG (gmm-align-compiled[5.5.1074~1-71f3]:main():gmm-align-compiled.cc:127) MC02_58
LOG (gmm-align-compiled[5.5.1074~1-71f3]:main():gmm-align-compiled.cc:127) MC02_59
LOG (gmm-align-compiled[5.5.1074~1-71f3]:main():gmm-align-compiled.cc:127) MC02_6
LOG (gmm-align-compiled[5.5.1074~1-71f3]:main():gmm-align-compiled.cc:127) MC02_60
LOG (gmm-align-compiled[5.5.1074~1-71f3]:main():gmm-align-compiled.cc:127) MC02_61
LOG (gmm-align-compiled[5.5.1074~1-71f3]:main():gmm-align-compiled.cc:127) MC02_62
LOG (gmm-align-compiled[5.5.1074~1-71f3]:main():gmm-align-compiled.cc:127) MC02_63
LOG (gmm-align-compiled[5.5.1074~1-71f3]:main():gmm-align-compiled.cc:127) MC02_64
LOG (gmm-align-compiled[5.5.1074~1-71f3]:main():gmm-align-compiled.cc:127) MC02_66
LOG (gmm-align-compiled[5.5.1074~1-71f3]:main():gmm-align-compiled.cc:127) MC02_67
LOG (gmm-align-compiled[5.5.1074~1-71f3]:main():gmm-align-compiled.cc:127) MC02_68
LOG (gmm-align-compiled[5.5.1074~1-71f3]:main():gmm-align-compiled.cc:127) MC02_69
LOG (gmm-align-compiled[5.5.1074~1-71f3]:main():gmm-align-compiled.cc:127) MC02_7
LOG (gmm-align-compiled[5.5.1074~1-71f3]:main():gmm-align-compiled.cc:127) MC02_70
LOG (gmm-align-compiled[5.5.1074~1-71f3]:main():gmm-align-compiled.cc:127) MC02_71
LOG (gmm-align-compiled[5.5.1074~1-71f3]:main():gmm-align-compiled.cc:127) MC02_72
LOG (gmm-align-compiled[5.5.1074~1-71f3]:main():gmm-align-compiled.cc:127) MC02_74
LOG (gmm-align-compiled[5.5.1074~1-71f3]:main():gmm-align-compiled.cc:127) MC02_75
LOG (gmm-align-compiled[5.5.1074~1-71f3]:main():gmm-align-compiled.cc:127) MC02_77
LOG (gmm-align-compiled[5.5.1074~1-71f3]:main():gmm-align-compiled.cc:127) MC02_78
LOG (gmm-align-compiled[5.5.1074~1-71f3]:main():gmm-align-compiled.cc:127) MC02_8
LOG (gmm-align-compiled[5.5.1074~1-71f3]:main():gmm-align-compiled.cc:127) MC02_80
LOG (gmm-align-compiled[5.5.1074~1-71f3]:main():gmm-align-compiled.cc:127) MC02_81
LOG (gmm-align-compiled[5.5.1074~1-71f3]:main():gmm-align-compiled.cc:127) MC02_82
LOG (gmm-align-compiled[5.5.1074~1-71f3]:main():gmm-align-compiled.cc:127) MC02_83
LOG (gmm-align-compiled[5.5.1074~1-71f3]:main():gmm-align-compiled.cc:127) MC02_84
LOG (gmm-align-compiled[5.5.1074~1-71f3]:main():gmm-align-compiled.cc:127) MC02_85
LOG (gmm-align-compiled[5.5.1074~1-71f3]:main():gmm-align-compiled.cc:127) MC02_86
LOG (gmm-align-compiled[5.5.1074~1-71f3]:main():gmm-align-compiled.cc:127) MC02_88
LOG (gmm-align-compiled[5.5.1074~1-71f3]:main():gmm-align-compiled.cc:127) MC02_89
LOG (gmm-align-compiled[5.5.1074~1-71f3]:main():gmm-align-compiled.cc:127) MC02_9
LOG (gmm-align-compiled[5.5.1074~1-71f3]:main():gmm-align-compiled.cc:127) MC02_90
LOG (gmm-align-compiled[5.5.1074~1-71f3]:main():gmm-align-compiled.cc:127) MC02_91
LOG (gmm-align-compiled[5.5.1074~1-71f3]:main():gmm-align-compiled.cc:127) MC02_92
LOG (apply-cmvn[5.5.1074~1-71f3]:main():apply-cmvn.cc:162) Applied cepstral mean normalization to 289 utterances, errors on 0
LOG (gmm-align-compiled[5.5.1074~1-71f3]:main():gmm-align-compiled.cc:127) MC02_93
LOG (gmm-align-compiled[5.5.1074~1-71f3]:main():gmm-align-compiled.cc:127) MC02_94
LOG (gmm-align-compiled[5.5.1074~1-71f3]:main():gmm-align-compiled.cc:127) MC02_95
LOG (gmm-align-compiled[5.5.1074~1-71f3]:main():gmm-align-compiled.cc:127) MC02_96
LOG (gmm-align-compiled[5.5.1074~1-71f3]:main():gmm-align-compiled.cc:127) MC02_97
LOG (gmm-align-compiled[5.5.1074~1-71f3]:main():gmm-align-compiled.cc:127) MC02_99
LOG (gmm-align-compiled[5.5.1074~1-71f3]:main():gmm-align-compiled.cc:135) Overall log-likelihood per frame is -100.91 over 80668 frames.
LOG (gmm-align-compiled[5.5.1074~1-71f3]:main():gmm-align-compiled.cc:137) Retried 9 out of 289 utterances.
LOG (gmm-align-compiled[5.5.1074~1-71f3]:main():gmm-align-compiled.cc:139) Done 289, errors on 0
# Accounting: time=0 threads=1
# Ended (code 0) at Thu Aug  3 11:07:55 IST 2023, elapsed time 0 seconds
