# gmm-align-compiled --transition-scale=1.0 --acoustic-scale=0.1 --self-loop-scale=0.1 --beam=10 --retry-beam=40 --careful=false "gmm-boost-silence --boost=1.0 1 exp_FG/mono/3.mdl - |" "ark:gunzip -c exp_FG/mono/fsts.6.gz|" "ark,s,cs:apply-cmvn  --utt2spk=ark:data/train/split10/6/utt2spk scp:data/train/split10/6/cmvn.scp scp:data/train/split10/6/feats.scp ark:- | add-deltas  ark:- ark:- |" "ark,t:|gzip -c >exp_FG/mono/ali.6.gz" 
# Started at Thu Aug  3 11:07:56 IST 2023
#
gmm-align-compiled --transition-scale=1.0 --acoustic-scale=0.1 --self-loop-scale=0.1 --beam=10 --retry-beam=40 --careful=false 'gmm-boost-silence --boost=1.0 1 exp_FG/mono/3.mdl - |' 'ark:gunzip -c exp_FG/mono/fsts.6.gz|' 'ark,s,cs:apply-cmvn  --utt2spk=ark:data/train/split10/6/utt2spk scp:data/train/split10/6/cmvn.scp scp:data/train/split10/6/feats.scp ark:- | add-deltas  ark:- ark:- |' 'ark,t:|gzip -c >exp_FG/mono/ali.6.gz' 
gmm-boost-silence --boost=1.0 1 exp_FG/mono/3.mdl - 
WARNING (gmm-boost-silence[5.5.1074~1-71f3]:main():gmm-boost-silence.cc:82) The pdfs for the silence phones may be shared by other phones (note: this probably does not matter.)
LOG (gmm-boost-silence[5.5.1074~1-71f3]:main():gmm-boost-silence.cc:93) Boosted weights for 3 pdfs, by factor of 1
LOG (gmm-boost-silence[5.5.1074~1-71f3]:main():gmm-boost-silence.cc:103) Wrote model to -
apply-cmvn --utt2spk=ark:data/train/split10/6/utt2spk scp:data/train/split10/6/cmvn.scp scp:data/train/split10/6/feats.scp ark:- 
add-deltas ark:- ark:- 
LOG (gmm-align-compiled[5.5.1074~1-71f3]:main():gmm-align-compiled.cc:127) MC01_1
LOG (gmm-align-compiled[5.5.1074~1-71f3]:main():gmm-align-compiled.cc:127) MC01_10
LOG (gmm-align-compiled[5.5.1074~1-71f3]:main():gmm-align-compiled.cc:127) MC01_100
LOG (gmm-align-compiled[5.5.1074~1-71f3]:main():gmm-align-compiled.cc:127) MC01_101
LOG (gmm-align-compiled[5.5.1074~1-71f3]:main():gmm-align-compiled.cc:127) MC01_102
LOG (gmm-align-compiled[5.5.1074~1-71f3]:main():gmm-align-compiled.cc:127) MC01_103
LOG (gmm-align-compiled[5.5.1074~1-71f3]:main():gmm-align-compiled.cc:127) MC01_105
LOG (gmm-align-compiled[5.5.1074~1-71f3]:main():gmm-align-compiled.cc:127) MC01_108
LOG (gmm-align-compiled[5.5.1074~1-71f3]:main():gmm-align-compiled.cc:127) MC01_109
LOG (gmm-align-compiled[5.5.1074~1-71f3]:main():gmm-align-compiled.cc:127) MC01_11
LOG (gmm-align-compiled[5.5.1074~1-71f3]:main():gmm-align-compiled.cc:127) MC01_110
LOG (gmm-align-compiled[5.5.1074~1-71f3]:main():gmm-align-compiled.cc:127) MC01_111
LOG (gmm-align-compiled[5.5.1074~1-71f3]:main():gmm-align-compiled.cc:127) MC01_112
LOG (gmm-align-compiled[5.5.1074~1-71f3]:main():gmm-align-compiled.cc:127) MC01_114
LOG (gmm-align-compiled[5.5.1074~1-71f3]:main():gmm-align-compiled.cc:127) MC01_115
LOG (gmm-align-compiled[5.5.1074~1-71f3]:main():gmm-align-compiled.cc:127) MC01_116
LOG (gmm-align-compiled[5.5.1074~1-71f3]:main():gmm-align-compiled.cc:127) MC01_117
LOG (gmm-align-compiled[5.5.1074~1-71f3]:main():gmm-align-compiled.cc:127) MC01_118
LOG (gmm-align-compiled[5.5.1074~1-71f3]:main():gmm-align-compiled.cc:127) MC01_12
LOG (gmm-align-compiled[5.5.1074~1-71f3]:main():gmm-align-compiled.cc:127) MC01_120
LOG (gmm-align-compiled[5.5.1074~1-71f3]:main():gmm-align-compiled.cc:127) MC01_121
LOG (gmm-align-compiled[5.5.1074~1-71f3]:main():gmm-align-compiled.cc:127) MC01_122
LOG (gmm-align-compiled[5.5.1074~1-71f3]:main():gmm-align-compiled.cc:127) MC01_124
LOG (gmm-align-compiled[5.5.1074~1-71f3]:main():gmm-align-compiled.cc:127) MC01_125
LOG (gmm-align-compiled[5.5.1074~1-71f3]:main():gmm-align-compiled.cc:127) MC01_128
LOG (gmm-align-compiled[5.5.1074~1-71f3]:main():gmm-align-compiled.cc:127) MC01_129
LOG (gmm-align-compiled[5.5.1074~1-71f3]:main():gmm-align-compiled.cc:127) MC01_13
LOG (gmm-align-compiled[5.5.1074~1-71f3]:main():gmm-align-compiled.cc:127) MC01_131
LOG (gmm-align-compiled[5.5.1074~1-71f3]:main():gmm-align-compiled.cc:127) MC01_132
LOG (gmm-align-compiled[5.5.1074~1-71f3]:main():gmm-align-compiled.cc:127) MC01_133
LOG (gmm-align-compiled[5.5.1074~1-71f3]:main():gmm-align-compiled.cc:127) MC01_134
LOG (gmm-align-compiled[5.5.1074~1-71f3]:main():gmm-align-compiled.cc:127) MC01_135
LOG (gmm-align-compiled[5.5.1074~1-71f3]:main():gmm-align-compiled.cc:127) MC01_136
LOG (gmm-align-compiled[5.5.1074~1-71f3]:main():gmm-align-compiled.cc:127) MC01_137
LOG (gmm-align-compiled[5.5.1074~1-71f3]:main():gmm-align-compiled.cc:127) MC01_138
LOG (gmm-align-compiled[5.5.1074~1-71f3]:main():gmm-align-compiled.cc:127) MC01_139
LOG (gmm-align-compiled[5.5.1074~1-71f3]:main():gmm-align-compiled.cc:127) MC01_14
LOG (gmm-align-compiled[5.5.1074~1-71f3]:main():gmm-align-compiled.cc:127) MC01_141
LOG (gmm-align-compiled[5.5.1074~1-71f3]:main():gmm-align-compiled.cc:127) MC01_142
LOG (gmm-align-compiled[5.5.1074~1-71f3]:main():gmm-align-compiled.cc:127) MC01_143
LOG (gmm-align-compiled[5.5.1074~1-71f3]:main():gmm-align-compiled.cc:127) MC01_144
LOG (gmm-align-compiled[5.5.1074~1-71f3]:main():gmm-align-compiled.cc:127) MC01_145
LOG (gmm-align-compiled[5.5.1074~1-71f3]:main():gmm-align-compiled.cc:127) MC01_146
LOG (gmm-align-compiled[5.5.1074~1-71f3]:main():gmm-align-compiled.cc:127) MC01_147
LOG (gmm-align-compiled[5.5.1074~1-71f3]:main():gmm-align-compiled.cc:127) MC01_148
LOG (gmm-align-compiled[5.5.1074~1-71f3]:main():gmm-align-compiled.cc:127) MC01_149
LOG (gmm-align-compiled[5.5.1074~1-71f3]:main():gmm-align-compiled.cc:127) MC01_15
LOG (gmm-align-compiled[5.5.1074~1-71f3]:main():gmm-align-compiled.cc:127) MC01_150
LOG (gmm-align-compiled[5.5.1074~1-71f3]:main():gmm-align-compiled.cc:127) MC01_151
LOG (gmm-align-compiled[5.5.1074~1-71f3]:main():gmm-align-compiled.cc:127) MC01_152
LOG (gmm-align-compiled[5.5.1074~1-71f3]:main():gmm-align-compiled.cc:127) MC01_153
LOG (gmm-align-compiled[5.5.1074~1-71f3]:main():gmm-align-compiled.cc:127) MC01_154
LOG (gmm-align-compiled[5.5.1074~1-71f3]:main():gmm-align-compiled.cc:127) MC01_155
LOG (gmm-align-compiled[5.5.1074~1-71f3]:main():gmm-align-compiled.cc:127) MC01_156
LOG (gmm-align-compiled[5.5.1074~1-71f3]:main():gmm-align-compiled.cc:127) MC01_159
LOG (gmm-align-compiled[5.5.1074~1-71f3]:main():gmm-align-compiled.cc:127) MC01_16
LOG (gmm-align-compiled[5.5.1074~1-71f3]:main():gmm-align-compiled.cc:127) MC01_160
LOG (gmm-align-compiled[5.5.1074~1-71f3]:main():gmm-align-compiled.cc:127) MC01_161
LOG (gmm-align-compiled[5.5.1074~1-71f3]:main():gmm-align-compiled.cc:127) MC01_162
LOG (gmm-align-compiled[5.5.1074~1-71f3]:main():gmm-align-compiled.cc:127) MC01_163
LOG (gmm-align-compiled[5.5.1074~1-71f3]:main():gmm-align-compiled.cc:127) MC01_164
LOG (gmm-align-compiled[5.5.1074~1-71f3]:main():gmm-align-compiled.cc:127) MC01_165
LOG (gmm-align-compiled[5.5.1074~1-71f3]:main():gmm-align-compiled.cc:127) MC01_166
LOG (gmm-align-compiled[5.5.1074~1-71f3]:main():gmm-align-compiled.cc:127) MC01_167
LOG (gmm-align-compiled[5.5.1074~1-71f3]:main():gmm-align-compiled.cc:127) MC01_168
LOG (gmm-align-compiled[5.5.1074~1-71f3]:main():gmm-align-compiled.cc:127) MC01_169
LOG (gmm-align-compiled[5.5.1074~1-71f3]:main():gmm-align-compiled.cc:127) MC01_17
LOG (gmm-align-compiled[5.5.1074~1-71f3]:main():gmm-align-compiled.cc:127) MC01_170
LOG (gmm-align-compiled[5.5.1074~1-71f3]:main():gmm-align-compiled.cc:127) MC01_171
LOG (gmm-align-compiled[5.5.1074~1-71f3]:main():gmm-align-compiled.cc:127) MC01_172
LOG (gmm-align-compiled[5.5.1074~1-71f3]:main():gmm-align-compiled.cc:127) MC01_173
LOG (gmm-align-compiled[5.5.1074~1-71f3]:main():gmm-align-compiled.cc:127) MC01_174
LOG (gmm-align-compiled[5.5.1074~1-71f3]:main():gmm-align-compiled.cc:127) MC01_175
LOG (gmm-align-compiled[5.5.1074~1-71f3]:main():gmm-align-compiled.cc:127) MC01_177
LOG (gmm-align-compiled[5.5.1074~1-71f3]:main():gmm-align-compiled.cc:127) MC01_178
LOG (gmm-align-compiled[5.5.1074~1-71f3]:main():gmm-align-compiled.cc:127) MC01_179
LOG (gmm-align-compiled[5.5.1074~1-71f3]:main():gmm-align-compiled.cc:127) MC01_18
LOG (gmm-align-compiled[5.5.1074~1-71f3]:main():gmm-align-compiled.cc:127) MC01_182
LOG (gmm-align-compiled[5.5.1074~1-71f3]:main():gmm-align-compiled.cc:127) MC01_183
LOG (gmm-align-compiled[5.5.1074~1-71f3]:main():gmm-align-compiled.cc:127) MC01_184
LOG (gmm-align-compiled[5.5.1074~1-71f3]:main():gmm-align-compiled.cc:127) MC01_185
LOG (gmm-align-compiled[5.5.1074~1-71f3]:main():gmm-align-compiled.cc:127) MC01_186
LOG (gmm-align-compiled[5.5.1074~1-71f3]:main():gmm-align-compiled.cc:127) MC01_187
LOG (gmm-align-compiled[5.5.1074~1-71f3]:main():gmm-align-compiled.cc:127) MC01_188
LOG (gmm-align-compiled[5.5.1074~1-71f3]:main():gmm-align-compiled.cc:127) MC01_189
LOG (gmm-align-compiled[5.5.1074~1-71f3]:main():gmm-align-compiled.cc:127) MC01_19
LOG (gmm-align-compiled[5.5.1074~1-71f3]:main():gmm-align-compiled.cc:127) MC01_190
LOG (gmm-align-compiled[5.5.1074~1-71f3]:main():gmm-align-compiled.cc:127) MC01_191
LOG (gmm-align-compiled[5.5.1074~1-71f3]:main():gmm-align-compiled.cc:127) MC01_192
LOG (gmm-align-compiled[5.5.1074~1-71f3]:main():gmm-align-compiled.cc:127) MC01_193
LOG (gmm-align-compiled[5.5.1074~1-71f3]:main():gmm-align-compiled.cc:127) MC01_194
LOG (gmm-align-compiled[5.5.1074~1-71f3]:main():gmm-align-compiled.cc:127) MC01_195
LOG (gmm-align-compiled[5.5.1074~1-71f3]:main():gmm-align-compiled.cc:127) MC01_196
LOG (gmm-align-compiled[5.5.1074~1-71f3]:main():gmm-align-compiled.cc:127) MC01_197
LOG (gmm-align-compiled[5.5.1074~1-71f3]:main():gmm-align-compiled.cc:127) MC01_198
LOG (gmm-align-compiled[5.5.1074~1-71f3]:main():gmm-align-compiled.cc:127) MC01_2
LOG (gmm-align-compiled[5.5.1074~1-71f3]:main():gmm-align-compiled.cc:127) MC01_20
LOG (gmm-align-compiled[5.5.1074~1-71f3]:main():gmm-align-compiled.cc:127) MC01_200
LOG (gmm-align-compiled[5.5.1074~1-71f3]:main():gmm-align-compiled.cc:127) MC01_201
LOG (gmm-align-compiled[5.5.1074~1-71f3]:main():gmm-align-compiled.cc:127) MC01_202
LOG (gmm-align-compiled[5.5.1074~1-71f3]:main():gmm-align-compiled.cc:127) MC01_204
LOG (gmm-align-compiled[5.5.1074~1-71f3]:main():gmm-align-compiled.cc:127) MC01_206
LOG (gmm-align-compiled[5.5.1074~1-71f3]:main():gmm-align-compiled.cc:127) MC01_207
LOG (gmm-align-compiled[5.5.1074~1-71f3]:main():gmm-align-compiled.cc:127) MC01_208
LOG (gmm-align-compiled[5.5.1074~1-71f3]:main():gmm-align-compiled.cc:127) MC01_209
LOG (gmm-align-compiled[5.5.1074~1-71f3]:main():gmm-align-compiled.cc:127) MC01_210
LOG (gmm-align-compiled[5.5.1074~1-71f3]:main():gmm-align-compiled.cc:127) MC01_211
LOG (gmm-align-compiled[5.5.1074~1-71f3]:main():gmm-align-compiled.cc:127) MC01_212
LOG (gmm-align-compiled[5.5.1074~1-71f3]:main():gmm-align-compiled.cc:127) MC01_213
LOG (gmm-align-compiled[5.5.1074~1-71f3]:main():gmm-align-compiled.cc:127) MC01_214
LOG (gmm-align-compiled[5.5.1074~1-71f3]:main():gmm-align-compiled.cc:127) MC01_215
LOG (gmm-align-compiled[5.5.1074~1-71f3]:main():gmm-align-compiled.cc:127) MC01_216
LOG (gmm-align-compiled[5.5.1074~1-71f3]:main():gmm-align-compiled.cc:127) MC01_219
LOG (gmm-align-compiled[5.5.1074~1-71f3]:main():gmm-align-compiled.cc:127) MC01_22
LOG (gmm-align-compiled[5.5.1074~1-71f3]:main():gmm-align-compiled.cc:127) MC01_220
LOG (gmm-align-compiled[5.5.1074~1-71f3]:main():gmm-align-compiled.cc:127) MC01_221
LOG (gmm-align-compiled[5.5.1074~1-71f3]:main():gmm-align-compiled.cc:127) MC01_222
LOG (gmm-align-compiled[5.5.1074~1-71f3]:main():gmm-align-compiled.cc:127) MC01_227
LOG (gmm-align-compiled[5.5.1074~1-71f3]:main():gmm-align-compiled.cc:127) MC01_229
LOG (gmm-align-compiled[5.5.1074~1-71f3]:main():gmm-align-compiled.cc:127) MC01_23
LOG (gmm-align-compiled[5.5.1074~1-71f3]:main():gmm-align-compiled.cc:127) MC01_232
LOG (gmm-align-compiled[5.5.1074~1-71f3]:main():gmm-align-compiled.cc:127) MC01_233
LOG (gmm-align-compiled[5.5.1074~1-71f3]:main():gmm-align-compiled.cc:127) MC01_234
LOG (gmm-align-compiled[5.5.1074~1-71f3]:main():gmm-align-compiled.cc:127) MC01_235
LOG (gmm-align-compiled[5.5.1074~1-71f3]:main():gmm-align-compiled.cc:127) MC01_236
LOG (gmm-align-compiled[5.5.1074~1-71f3]:main():gmm-align-compiled.cc:127) MC01_237
LOG (gmm-align-compiled[5.5.1074~1-71f3]:main():gmm-align-compiled.cc:127) MC01_238
LOG (gmm-align-compiled[5.5.1074~1-71f3]:main():gmm-align-compiled.cc:127) MC01_24
LOG (gmm-align-compiled[5.5.1074~1-71f3]:main():gmm-align-compiled.cc:127) MC01_240
LOG (gmm-align-compiled[5.5.1074~1-71f3]:main():gmm-align-compiled.cc:127) MC01_241
LOG (gmm-align-compiled[5.5.1074~1-71f3]:main():gmm-align-compiled.cc:127) MC01_242
LOG (gmm-align-compiled[5.5.1074~1-71f3]:main():gmm-align-compiled.cc:127) MC01_243
LOG (gmm-align-compiled[5.5.1074~1-71f3]:main():gmm-align-compiled.cc:127) MC01_244
LOG (gmm-align-compiled[5.5.1074~1-71f3]:main():gmm-align-compiled.cc:127) MC01_245
LOG (gmm-align-compiled[5.5.1074~1-71f3]:main():gmm-align-compiled.cc:127) MC01_246
LOG (gmm-align-compiled[5.5.1074~1-71f3]:main():gmm-align-compiled.cc:127) MC01_247
LOG (gmm-align-compiled[5.5.1074~1-71f3]:main():gmm-align-compiled.cc:127) MC01_248
LOG (gmm-align-compiled[5.5.1074~1-71f3]:main():gmm-align-compiled.cc:127) MC01_249
LOG (gmm-align-compiled[5.5.1074~1-71f3]:main():gmm-align-compiled.cc:127) MC01_25
LOG (gmm-align-compiled[5.5.1074~1-71f3]:main():gmm-align-compiled.cc:127) MC01_250
LOG (gmm-align-compiled[5.5.1074~1-71f3]:main():gmm-align-compiled.cc:127) MC01_252
LOG (gmm-align-compiled[5.5.1074~1-71f3]:main():gmm-align-compiled.cc:127) MC01_253
LOG (gmm-align-compiled[5.5.1074~1-71f3]:main():gmm-align-compiled.cc:127) MC01_254
LOG (gmm-align-compiled[5.5.1074~1-71f3]:main():gmm-align-compiled.cc:127) MC01_255
LOG (gmm-align-compiled[5.5.1074~1-71f3]:main():gmm-align-compiled.cc:127) MC01_258
LOG (gmm-align-compiled[5.5.1074~1-71f3]:main():gmm-align-compiled.cc:127) MC01_259
LOG (gmm-align-compiled[5.5.1074~1-71f3]:main():gmm-align-compiled.cc:127) MC01_26
LOG (gmm-align-compiled[5.5.1074~1-71f3]:main():gmm-align-compiled.cc:127) MC01_260
LOG (gmm-align-compiled[5.5.1074~1-71f3]:main():gmm-align-compiled.cc:127) MC01_262
LOG (gmm-align-compiled[5.5.1074~1-71f3]:main():gmm-align-compiled.cc:127) MC01_264
LOG (gmm-align-compiled[5.5.1074~1-71f3]:main():gmm-align-compiled.cc:127) MC01_267
LOG (gmm-align-compiled[5.5.1074~1-71f3]:main():gmm-align-compiled.cc:127) MC01_268
LOG (gmm-align-compiled[5.5.1074~1-71f3]:main():gmm-align-compiled.cc:127) MC01_27
LOG (gmm-align-compiled[5.5.1074~1-71f3]:main():gmm-align-compiled.cc:127) MC01_270
LOG (gmm-align-compiled[5.5.1074~1-71f3]:main():gmm-align-compiled.cc:127) MC01_272
LOG (gmm-align-compiled[5.5.1074~1-71f3]:main():gmm-align-compiled.cc:127) MC01_273
LOG (gmm-align-compiled[5.5.1074~1-71f3]:main():gmm-align-compiled.cc:127) MC01_274
LOG (gmm-align-compiled[5.5.1074~1-71f3]:main():gmm-align-compiled.cc:127) MC01_275
LOG (gmm-align-compiled[5.5.1074~1-71f3]:main():gmm-align-compiled.cc:127) MC01_276
LOG (gmm-align-compiled[5.5.1074~1-71f3]:main():gmm-align-compiled.cc:127) MC01_277
LOG (gmm-align-compiled[5.5.1074~1-71f3]:main():gmm-align-compiled.cc:127) MC01_278
LOG (gmm-align-compiled[5.5.1074~1-71f3]:main():gmm-align-compiled.cc:127) MC01_279
LOG (gmm-align-compiled[5.5.1074~1-71f3]:main():gmm-align-compiled.cc:127) MC01_28
LOG (gmm-align-compiled[5.5.1074~1-71f3]:main():gmm-align-compiled.cc:127) MC01_280
LOG (gmm-align-compiled[5.5.1074~1-71f3]:main():gmm-align-compiled.cc:127) MC01_281
LOG (gmm-align-compiled[5.5.1074~1-71f3]:main():gmm-align-compiled.cc:127) MC01_282
LOG (gmm-align-compiled[5.5.1074~1-71f3]:main():gmm-align-compiled.cc:127) MC01_283
LOG (gmm-align-compiled[5.5.1074~1-71f3]:main():gmm-align-compiled.cc:127) MC01_284
LOG (gmm-align-compiled[5.5.1074~1-71f3]:main():gmm-align-compiled.cc:127) MC01_285
LOG (gmm-align-compiled[5.5.1074~1-71f3]:main():gmm-align-compiled.cc:127) MC01_286
LOG (gmm-align-compiled[5.5.1074~1-71f3]:main():gmm-align-compiled.cc:127) MC01_287
LOG (gmm-align-compiled[5.5.1074~1-71f3]:main():gmm-align-compiled.cc:127) MC01_289
LOG (gmm-align-compiled[5.5.1074~1-71f3]:main():gmm-align-compiled.cc:127) MC01_29
LOG (gmm-align-compiled[5.5.1074~1-71f3]:main():gmm-align-compiled.cc:127) MC01_290
LOG (gmm-align-compiled[5.5.1074~1-71f3]:main():gmm-align-compiled.cc:127) MC01_291
LOG (gmm-align-compiled[5.5.1074~1-71f3]:main():gmm-align-compiled.cc:127) MC01_292
LOG (gmm-align-compiled[5.5.1074~1-71f3]:main():gmm-align-compiled.cc:127) MC01_294
LOG (gmm-align-compiled[5.5.1074~1-71f3]:main():gmm-align-compiled.cc:127) MC01_295
LOG (gmm-align-compiled[5.5.1074~1-71f3]:main():gmm-align-compiled.cc:127) MC01_296
LOG (gmm-align-compiled[5.5.1074~1-71f3]:main():gmm-align-compiled.cc:127) MC01_297
LOG (gmm-align-compiled[5.5.1074~1-71f3]:main():gmm-align-compiled.cc:127) MC01_298
LOG (gmm-align-compiled[5.5.1074~1-71f3]:main():gmm-align-compiled.cc:127) MC01_299
LOG (gmm-align-compiled[5.5.1074~1-71f3]:main():gmm-align-compiled.cc:127) MC01_3
LOG (gmm-align-compiled[5.5.1074~1-71f3]:main():gmm-align-compiled.cc:127) MC01_30
LOG (gmm-align-compiled[5.5.1074~1-71f3]:main():gmm-align-compiled.cc:127) MC01_300
LOG (gmm-align-compiled[5.5.1074~1-71f3]:main():gmm-align-compiled.cc:127) MC01_301
LOG (gmm-align-compiled[5.5.1074~1-71f3]:main():gmm-align-compiled.cc:127) MC01_302
LOG (gmm-align-compiled[5.5.1074~1-71f3]:main():gmm-align-compiled.cc:127) MC01_303
LOG (gmm-align-compiled[5.5.1074~1-71f3]:main():gmm-align-compiled.cc:127) MC01_304
LOG (gmm-align-compiled[5.5.1074~1-71f3]:main():gmm-align-compiled.cc:127) MC01_305
LOG (gmm-align-compiled[5.5.1074~1-71f3]:main():gmm-align-compiled.cc:127) MC01_306
LOG (gmm-align-compiled[5.5.1074~1-71f3]:main():gmm-align-compiled.cc:127) MC01_307
LOG (gmm-align-compiled[5.5.1074~1-71f3]:main():gmm-align-compiled.cc:127) MC01_308
LOG (gmm-align-compiled[5.5.1074~1-71f3]:main():gmm-align-compiled.cc:127) MC01_309
LOG (gmm-align-compiled[5.5.1074~1-71f3]:main():gmm-align-compiled.cc:127) MC01_31
LOG (gmm-align-compiled[5.5.1074~1-71f3]:main():gmm-align-compiled.cc:127) MC01_310
LOG (gmm-align-compiled[5.5.1074~1-71f3]:main():gmm-align-compiled.cc:127) MC01_312
LOG (gmm-align-compiled[5.5.1074~1-71f3]:main():gmm-align-compiled.cc:127) MC01_314
LOG (gmm-align-compiled[5.5.1074~1-71f3]:main():gmm-align-compiled.cc:127) MC01_316
LOG (gmm-align-compiled[5.5.1074~1-71f3]:main():gmm-align-compiled.cc:127) MC01_317
LOG (gmm-align-compiled[5.5.1074~1-71f3]:main():gmm-align-compiled.cc:127) MC01_318
LOG (gmm-align-compiled[5.5.1074~1-71f3]:main():gmm-align-compiled.cc:127) MC01_319
LOG (gmm-align-compiled[5.5.1074~1-71f3]:main():gmm-align-compiled.cc:127) MC01_32
LOG (gmm-align-compiled[5.5.1074~1-71f3]:main():gmm-align-compiled.cc:127) MC01_320
LOG (gmm-align-compiled[5.5.1074~1-71f3]:main():gmm-align-compiled.cc:127) MC01_321
LOG (gmm-align-compiled[5.5.1074~1-71f3]:main():gmm-align-compiled.cc:127) MC01_322
LOG (gmm-align-compiled[5.5.1074~1-71f3]:main():gmm-align-compiled.cc:127) MC01_323
LOG (gmm-align-compiled[5.5.1074~1-71f3]:main():gmm-align-compiled.cc:127) MC01_324
LOG (gmm-align-compiled[5.5.1074~1-71f3]:main():gmm-align-compiled.cc:127) MC01_326
LOG (gmm-align-compiled[5.5.1074~1-71f3]:main():gmm-align-compiled.cc:127) MC01_328
LOG (gmm-align-compiled[5.5.1074~1-71f3]:main():gmm-align-compiled.cc:127) MC01_329
LOG (gmm-align-compiled[5.5.1074~1-71f3]:main():gmm-align-compiled.cc:127) MC01_332
LOG (gmm-align-compiled[5.5.1074~1-71f3]:main():gmm-align-compiled.cc:127) MC01_333
LOG (gmm-align-compiled[5.5.1074~1-71f3]:main():gmm-align-compiled.cc:127) MC01_334
LOG (gmm-align-compiled[5.5.1074~1-71f3]:main():gmm-align-compiled.cc:127) MC01_335
LOG (gmm-align-compiled[5.5.1074~1-71f3]:main():gmm-align-compiled.cc:127) MC01_336
LOG (gmm-align-compiled[5.5.1074~1-71f3]:main():gmm-align-compiled.cc:127) MC01_338
LOG (gmm-align-compiled[5.5.1074~1-71f3]:main():gmm-align-compiled.cc:127) MC01_339
LOG (gmm-align-compiled[5.5.1074~1-71f3]:main():gmm-align-compiled.cc:127) MC01_34
LOG (gmm-align-compiled[5.5.1074~1-71f3]:main():gmm-align-compiled.cc:127) MC01_340
LOG (gmm-align-compiled[5.5.1074~1-71f3]:main():gmm-align-compiled.cc:127) MC01_341
LOG (gmm-align-compiled[5.5.1074~1-71f3]:main():gmm-align-compiled.cc:127) MC01_343
LOG (gmm-align-compiled[5.5.1074~1-71f3]:main():gmm-align-compiled.cc:127) MC01_344
LOG (gmm-align-compiled[5.5.1074~1-71f3]:main():gmm-align-compiled.cc:127) MC01_345
LOG (gmm-align-compiled[5.5.1074~1-71f3]:main():gmm-align-compiled.cc:127) MC01_346
LOG (gmm-align-compiled[5.5.1074~1-71f3]:main():gmm-align-compiled.cc:127) MC01_347
LOG (gmm-align-compiled[5.5.1074~1-71f3]:main():gmm-align-compiled.cc:127) MC01_348
LOG (gmm-align-compiled[5.5.1074~1-71f3]:main():gmm-align-compiled.cc:127) MC01_349
LOG (gmm-align-compiled[5.5.1074~1-71f3]:main():gmm-align-compiled.cc:127) MC01_35
LOG (gmm-align-compiled[5.5.1074~1-71f3]:main():gmm-align-compiled.cc:127) MC01_350
LOG (gmm-align-compiled[5.5.1074~1-71f3]:main():gmm-align-compiled.cc:127) MC01_351
LOG (gmm-align-compiled[5.5.1074~1-71f3]:main():gmm-align-compiled.cc:127) MC01_352
LOG (gmm-align-compiled[5.5.1074~1-71f3]:main():gmm-align-compiled.cc:127) MC01_353
LOG (gmm-align-compiled[5.5.1074~1-71f3]:main():gmm-align-compiled.cc:127) MC01_354
LOG (gmm-align-compiled[5.5.1074~1-71f3]:main():gmm-align-compiled.cc:127) MC01_356
LOG (gmm-align-compiled[5.5.1074~1-71f3]:main():gmm-align-compiled.cc:127) MC01_358
LOG (gmm-align-compiled[5.5.1074~1-71f3]:main():gmm-align-compiled.cc:127) MC01_359
LOG (gmm-align-compiled[5.5.1074~1-71f3]:main():gmm-align-compiled.cc:127) MC01_36
LOG (gmm-align-compiled[5.5.1074~1-71f3]:main():gmm-align-compiled.cc:127) MC01_360
LOG (gmm-align-compiled[5.5.1074~1-71f3]:main():gmm-align-compiled.cc:127) MC01_361
LOG (gmm-align-compiled[5.5.1074~1-71f3]:main():gmm-align-compiled.cc:127) MC01_362
LOG (gmm-align-compiled[5.5.1074~1-71f3]:main():gmm-align-compiled.cc:127) MC01_364
LOG (gmm-align-compiled[5.5.1074~1-71f3]:main():gmm-align-compiled.cc:127) MC01_365
LOG (gmm-align-compiled[5.5.1074~1-71f3]:main():gmm-align-compiled.cc:127) MC01_37
LOG (gmm-align-compiled[5.5.1074~1-71f3]:main():gmm-align-compiled.cc:127) MC01_39
LOG (gmm-align-compiled[5.5.1074~1-71f3]:main():gmm-align-compiled.cc:127) MC01_4
LOG (gmm-align-compiled[5.5.1074~1-71f3]:main():gmm-align-compiled.cc:127) MC01_40
LOG (gmm-align-compiled[5.5.1074~1-71f3]:main():gmm-align-compiled.cc:127) MC01_41
LOG (gmm-align-compiled[5.5.1074~1-71f3]:main():gmm-align-compiled.cc:127) MC01_42
LOG (gmm-align-compiled[5.5.1074~1-71f3]:main():gmm-align-compiled.cc:127) MC01_43
LOG (gmm-align-compiled[5.5.1074~1-71f3]:main():gmm-align-compiled.cc:127) MC01_45
LOG (gmm-align-compiled[5.5.1074~1-71f3]:main():gmm-align-compiled.cc:127) MC01_46
LOG (gmm-align-compiled[5.5.1074~1-71f3]:main():gmm-align-compiled.cc:127) MC01_47
LOG (gmm-align-compiled[5.5.1074~1-71f3]:main():gmm-align-compiled.cc:127) MC01_48
LOG (gmm-align-compiled[5.5.1074~1-71f3]:main():gmm-align-compiled.cc:127) MC01_49
LOG (gmm-align-compiled[5.5.1074~1-71f3]:main():gmm-align-compiled.cc:127) MC01_5
LOG (gmm-align-compiled[5.5.1074~1-71f3]:main():gmm-align-compiled.cc:127) MC01_50
LOG (gmm-align-compiled[5.5.1074~1-71f3]:main():gmm-align-compiled.cc:127) MC01_51
LOG (gmm-align-compiled[5.5.1074~1-71f3]:main():gmm-align-compiled.cc:127) MC01_52
LOG (gmm-align-compiled[5.5.1074~1-71f3]:main():gmm-align-compiled.cc:127) MC01_54
LOG (gmm-align-compiled[5.5.1074~1-71f3]:main():gmm-align-compiled.cc:127) MC01_56
LOG (gmm-align-compiled[5.5.1074~1-71f3]:main():gmm-align-compiled.cc:127) MC01_57
LOG (gmm-align-compiled[5.5.1074~1-71f3]:main():gmm-align-compiled.cc:127) MC01_58
LOG (gmm-align-compiled[5.5.1074~1-71f3]:main():gmm-align-compiled.cc:127) MC01_59
LOG (gmm-align-compiled[5.5.1074~1-71f3]:main():gmm-align-compiled.cc:127) MC01_6
LOG (gmm-align-compiled[5.5.1074~1-71f3]:main():gmm-align-compiled.cc:127) MC01_60
LOG (gmm-align-compiled[5.5.1074~1-71f3]:main():gmm-align-compiled.cc:127) MC01_61
LOG (gmm-align-compiled[5.5.1074~1-71f3]:main():gmm-align-compiled.cc:127) MC01_63
LOG (gmm-align-compiled[5.5.1074~1-71f3]:main():gmm-align-compiled.cc:127) MC01_64
LOG (gmm-align-compiled[5.5.1074~1-71f3]:main():gmm-align-compiled.cc:127) MC01_65
LOG (gmm-align-compiled[5.5.1074~1-71f3]:main():gmm-align-compiled.cc:127) MC01_66
LOG (gmm-align-compiled[5.5.1074~1-71f3]:main():gmm-align-compiled.cc:127) MC01_67
LOG (gmm-align-compiled[5.5.1074~1-71f3]:main():gmm-align-compiled.cc:127) MC01_7
LOG (gmm-align-compiled[5.5.1074~1-71f3]:main():gmm-align-compiled.cc:127) MC01_71
LOG (gmm-align-compiled[5.5.1074~1-71f3]:main():gmm-align-compiled.cc:127) MC01_72
LOG (gmm-align-compiled[5.5.1074~1-71f3]:main():gmm-align-compiled.cc:127) MC01_73
LOG (gmm-align-compiled[5.5.1074~1-71f3]:main():gmm-align-compiled.cc:127) MC01_74
LOG (gmm-align-compiled[5.5.1074~1-71f3]:main():gmm-align-compiled.cc:127) MC01_77
LOG (gmm-align-compiled[5.5.1074~1-71f3]:main():gmm-align-compiled.cc:127) MC01_78
LOG (gmm-align-compiled[5.5.1074~1-71f3]:main():gmm-align-compiled.cc:127) MC01_8
LOG (gmm-align-compiled[5.5.1074~1-71f3]:main():gmm-align-compiled.cc:127) MC01_80
LOG (gmm-align-compiled[5.5.1074~1-71f3]:main():gmm-align-compiled.cc:127) MC01_81
LOG (gmm-align-compiled[5.5.1074~1-71f3]:main():gmm-align-compiled.cc:127) MC01_82
LOG (gmm-align-compiled[5.5.1074~1-71f3]:main():gmm-align-compiled.cc:127) MC01_84
LOG (gmm-align-compiled[5.5.1074~1-71f3]:main():gmm-align-compiled.cc:127) MC01_85
LOG (gmm-align-compiled[5.5.1074~1-71f3]:main():gmm-align-compiled.cc:127) MC01_86
LOG (gmm-align-compiled[5.5.1074~1-71f3]:main():gmm-align-compiled.cc:127) MC01_87
LOG (gmm-align-compiled[5.5.1074~1-71f3]:main():gmm-align-compiled.cc:127) MC01_88
LOG (gmm-align-compiled[5.5.1074~1-71f3]:main():gmm-align-compiled.cc:127) MC01_89
LOG (gmm-align-compiled[5.5.1074~1-71f3]:main():gmm-align-compiled.cc:127) MC01_9
LOG (gmm-align-compiled[5.5.1074~1-71f3]:main():gmm-align-compiled.cc:127) MC01_90
LOG (gmm-align-compiled[5.5.1074~1-71f3]:main():gmm-align-compiled.cc:127) MC01_91
LOG (apply-cmvn[5.5.1074~1-71f3]:main():apply-cmvn.cc:162) Applied cepstral mean normalization to 299 utterances, errors on 0
LOG (gmm-align-compiled[5.5.1074~1-71f3]:main():gmm-align-compiled.cc:127) MC01_92
LOG (gmm-align-compiled[5.5.1074~1-71f3]:main():gmm-align-compiled.cc:127) MC01_93
LOG (gmm-align-compiled[5.5.1074~1-71f3]:main():gmm-align-compiled.cc:127) MC01_94
LOG (gmm-align-compiled[5.5.1074~1-71f3]:main():gmm-align-compiled.cc:127) MC01_95
LOG (gmm-align-compiled[5.5.1074~1-71f3]:main():gmm-align-compiled.cc:127) MC01_96
LOG (gmm-align-compiled[5.5.1074~1-71f3]:main():gmm-align-compiled.cc:127) MC01_97
LOG (gmm-align-compiled[5.5.1074~1-71f3]:main():gmm-align-compiled.cc:127) MC01_99
LOG (gmm-align-compiled[5.5.1074~1-71f3]:main():gmm-align-compiled.cc:135) Overall log-likelihood per frame is -90.6614 over 90259 frames.
LOG (gmm-align-compiled[5.5.1074~1-71f3]:main():gmm-align-compiled.cc:137) Retried 0 out of 299 utterances.
LOG (gmm-align-compiled[5.5.1074~1-71f3]:main():gmm-align-compiled.cc:139) Done 299, errors on 0
# Accounting: time=1 threads=1
# Ended (code 0) at Thu Aug  3 11:07:57 IST 2023, elapsed time 1 seconds
