# align-equal-compiled "ark:gunzip -c exp_FG/mono/fsts.10.gz|" "ark,s,cs:apply-cmvn  --utt2spk=ark:data/train/split10/10/utt2spk scp:data/train/split10/10/cmvn.scp scp:data/train/split10/10/feats.scp ark:- | add-deltas  ark:- ark:- |" ark,t:- | gmm-acc-stats-ali --binary=true exp_FG/mono/0.mdl "ark,s,cs:apply-cmvn  --utt2spk=ark:data/train/split10/10/utt2spk scp:data/train/split10/10/cmvn.scp scp:data/train/split10/10/feats.scp ark:- | add-deltas  ark:- ark:- |" ark:- exp_FG/mono/0.10.acc 
# Started at Thu Aug  3 11:07:55 IST 2023
#
align-equal-compiled 'ark:gunzip -c exp_FG/mono/fsts.10.gz|' 'ark,s,cs:apply-cmvn  --utt2spk=ark:data/train/split10/10/utt2spk scp:data/train/split10/10/cmvn.scp scp:data/train/split10/10/feats.scp ark:- | add-deltas  ark:- ark:- |' ark,t:- 
gmm-acc-stats-ali --binary=true exp_FG/mono/0.mdl 'ark,s,cs:apply-cmvn  --utt2spk=ark:data/train/split10/10/utt2spk scp:data/train/split10/10/cmvn.scp scp:data/train/split10/10/feats.scp ark:- | add-deltas  ark:- ark:- |' ark:- exp_FG/mono/0.10.acc 
apply-cmvn --utt2spk=ark:data/train/split10/10/utt2spk scp:data/train/split10/10/cmvn.scp scp:data/train/split10/10/feats.scp ark:- 
add-deltas ark:- ark:- 
apply-cmvn --utt2spk=ark:data/train/split10/10/utt2spk scp:data/train/split10/10/cmvn.scp scp:data/train/split10/10/feats.scp ark:- 
add-deltas ark:- ark:- 
LOG (gmm-acc-stats-ali[5.5.1074~1-71f3]:main():gmm-acc-stats-ali.cc:105) Processed 50 utterances; for utterance MC05_16 avg. like is -106.518 over 464 frames.
LOG (gmm-acc-stats-ali[5.5.1074~1-71f3]:main():gmm-acc-stats-ali.cc:105) Processed 100 utterances; for utterance MC05_216 avg. like is -104.758 over 194 frames.
LOG (gmm-acc-stats-ali[5.5.1074~1-71f3]:main():gmm-acc-stats-ali.cc:105) Processed 150 utterances; for utterance MC05_275 avg. like is -105.199 over 308 frames.
LOG (gmm-acc-stats-ali[5.5.1074~1-71f3]:main():gmm-acc-stats-ali.cc:105) Processed 200 utterances; for utterance MC05_330 avg. like is -106.671 over 402 frames.
LOG (apply-cmvn[5.5.1074~1-71f3]:main():apply-cmvn.cc:162) Applied cepstral mean normalization to 290 utterances, errors on 0
LOG (align-equal-compiled[5.5.1074~1-71f3]:main():align-equal-compiled.cc:107) Success: done 290 utterances.
LOG (gmm-acc-stats-ali[5.5.1074~1-71f3]:main():gmm-acc-stats-ali.cc:105) Processed 250 utterances; for utterance MC05_56 avg. like is -102.126 over 211 frames.
LOG (apply-cmvn[5.5.1074~1-71f3]:main():apply-cmvn.cc:162) Applied cepstral mean normalization to 290 utterances, errors on 0
LOG (gmm-acc-stats-ali[5.5.1074~1-71f3]:main():gmm-acc-stats-ali.cc:112) Done 290 files, 0 with errors.
LOG (gmm-acc-stats-ali[5.5.1074~1-71f3]:main():gmm-acc-stats-ali.cc:115) Overall avg like per frame (Gaussian only) = -105.175 over 75817 frames.
LOG (gmm-acc-stats-ali[5.5.1074~1-71f3]:main():gmm-acc-stats-ali.cc:123) Written accs.
# Accounting: time=0 threads=1
# Ended (code 0) at Thu Aug  3 11:07:55 IST 2023, elapsed time 0 seconds
