# align-equal-compiled "ark:gunzip -c exp_FG/mono/fsts.2.gz|" "ark,s,cs:apply-cmvn  --utt2spk=ark:data/train/split10/2/utt2spk scp:data/train/split10/2/cmvn.scp scp:data/train/split10/2/feats.scp ark:- | add-deltas  ark:- ark:- |" ark,t:- | gmm-acc-stats-ali --binary=true exp_FG/mono/0.mdl "ark,s,cs:apply-cmvn  --utt2spk=ark:data/train/split10/2/utt2spk scp:data/train/split10/2/cmvn.scp scp:data/train/split10/2/feats.scp ark:- | add-deltas  ark:- ark:- |" ark:- exp_FG/mono/0.2.acc 
# Started at Thu Aug  3 11:07:55 IST 2023
#
align-equal-compiled 'ark:gunzip -c exp_FG/mono/fsts.2.gz|' 'ark,s,cs:apply-cmvn  --utt2spk=ark:data/train/split10/2/utt2spk scp:data/train/split10/2/cmvn.scp scp:data/train/split10/2/feats.scp ark:- | add-deltas  ark:- ark:- |' ark,t:- 
gmm-acc-stats-ali --binary=true exp_FG/mono/0.mdl 'ark,s,cs:apply-cmvn  --utt2spk=ark:data/train/split10/2/utt2spk scp:data/train/split10/2/cmvn.scp scp:data/train/split10/2/feats.scp ark:- | add-deltas  ark:- ark:- |' ark:- exp_FG/mono/0.2.acc 
apply-cmvn --utt2spk=ark:data/train/split10/2/utt2spk scp:data/train/split10/2/cmvn.scp scp:data/train/split10/2/feats.scp ark:- 
add-deltas ark:- ark:- 
apply-cmvn --utt2spk=ark:data/train/split10/2/utt2spk scp:data/train/split10/2/cmvn.scp scp:data/train/split10/2/feats.scp ark:- 
add-deltas ark:- ark:- 
LOG (gmm-acc-stats-ali[5.5.1074~1-71f3]:main():gmm-acc-stats-ali.cc:105) Processed 50 utterances; for utterance FC02_152 avg. like is -107.129 over 159 frames.
LOG (gmm-acc-stats-ali[5.5.1074~1-71f3]:main():gmm-acc-stats-ali.cc:105) Processed 100 utterances; for utterance FC02_203 avg. like is -114.038 over 136 frames.
LOG (gmm-acc-stats-ali[5.5.1074~1-71f3]:main():gmm-acc-stats-ali.cc:105) Processed 150 utterances; for utterance FC02_270 avg. like is -111.077 over 328 frames.
LOG (gmm-acc-stats-ali[5.5.1074~1-71f3]:main():gmm-acc-stats-ali.cc:105) Processed 200 utterances; for utterance FC02_324 avg. like is -120.233 over 389 frames.
LOG (apply-cmvn[5.5.1074~1-71f3]:main():apply-cmvn.cc:162) Applied cepstral mean normalization to 296 utterances, errors on 0
LOG (align-equal-compiled[5.5.1074~1-71f3]:main():align-equal-compiled.cc:107) Success: done 296 utterances.
LOG (gmm-acc-stats-ali[5.5.1074~1-71f3]:main():gmm-acc-stats-ali.cc:105) Processed 250 utterances; for utterance FC02_47 avg. like is -107.938 over 203 frames.
LOG (apply-cmvn[5.5.1074~1-71f3]:main():apply-cmvn.cc:162) Applied cepstral mean normalization to 296 utterances, errors on 0
LOG (gmm-acc-stats-ali[5.5.1074~1-71f3]:main():gmm-acc-stats-ali.cc:112) Done 296 files, 0 with errors.
LOG (gmm-acc-stats-ali[5.5.1074~1-71f3]:main():gmm-acc-stats-ali.cc:115) Overall avg like per frame (Gaussian only) = -112.134 over 79287 frames.
LOG (gmm-acc-stats-ali[5.5.1074~1-71f3]:main():gmm-acc-stats-ali.cc:123) Written accs.
# Accounting: time=0 threads=1
# Ended (code 0) at Thu Aug  3 11:07:55 IST 2023, elapsed time 0 seconds
