# gmm-align-compiled --transition-scale=1.0 --acoustic-scale=0.1 --self-loop-scale=0.1 --beam=10 --retry-beam=40 --careful=false "gmm-boost-silence --boost=1.0 1 exp_FG/mono/26.mdl - |" "ark:gunzip -c exp_FG/mono/fsts.1.gz|" "ark,s,cs:apply-cmvn  --utt2spk=ark:data/train/split10/1/utt2spk scp:data/train/split10/1/cmvn.scp scp:data/train/split10/1/feats.scp ark:- | add-deltas  ark:- ark:- |" "ark,t:|gzip -c >exp_FG/mono/ali.1.gz" 
# Started at Thu Aug  3 11:08:08 IST 2023
#
gmm-align-compiled --transition-scale=1.0 --acoustic-scale=0.1 --self-loop-scale=0.1 --beam=10 --retry-beam=40 --careful=false 'gmm-boost-silence --boost=1.0 1 exp_FG/mono/26.mdl - |' 'ark:gunzip -c exp_FG/mono/fsts.1.gz|' 'ark,s,cs:apply-cmvn  --utt2spk=ark:data/train/split10/1/utt2spk scp:data/train/split10/1/cmvn.scp scp:data/train/split10/1/feats.scp ark:- | add-deltas  ark:- ark:- |' 'ark,t:|gzip -c >exp_FG/mono/ali.1.gz' 
gmm-boost-silence --boost=1.0 1 exp_FG/mono/26.mdl - 
WARNING (gmm-boost-silence[5.5.1074~1-71f3]:main():gmm-boost-silence.cc:82) The pdfs for the silence phones may be shared by other phones (note: this probably does not matter.)
LOG (gmm-boost-silence[5.5.1074~1-71f3]:main():gmm-boost-silence.cc:93) Boosted weights for 3 pdfs, by factor of 1
LOG (gmm-boost-silence[5.5.1074~1-71f3]:main():gmm-boost-silence.cc:103) Wrote model to -
apply-cmvn --utt2spk=ark:data/train/split10/1/utt2spk scp:data/train/split10/1/cmvn.scp scp:data/train/split10/1/feats.scp ark:- 
add-deltas ark:- ark:- 
LOG (gmm-align-compiled[5.5.1074~1-71f3]:main():gmm-align-compiled.cc:127) FC01_1
LOG (gmm-align-compiled[5.5.1074~1-71f3]:main():gmm-align-compiled.cc:127) FC01_100
LOG (gmm-align-compiled[5.5.1074~1-71f3]:main():gmm-align-compiled.cc:127) FC01_101
LOG (gmm-align-compiled[5.5.1074~1-71f3]:main():gmm-align-compiled.cc:127) FC01_102
LOG (gmm-align-compiled[5.5.1074~1-71f3]:main():gmm-align-compiled.cc:127) FC01_103
LOG (gmm-align-compiled[5.5.1074~1-71f3]:main():gmm-align-compiled.cc:127) FC01_104
LOG (gmm-align-compiled[5.5.1074~1-71f3]:main():gmm-align-compiled.cc:127) FC01_105
LOG (gmm-align-compiled[5.5.1074~1-71f3]:main():gmm-align-compiled.cc:127) FC01_106
LOG (gmm-align-compiled[5.5.1074~1-71f3]:main():gmm-align-compiled.cc:127) FC01_107
LOG (gmm-align-compiled[5.5.1074~1-71f3]:main():gmm-align-compiled.cc:127) FC01_108
LOG (gmm-align-compiled[5.5.1074~1-71f3]:main():gmm-align-compiled.cc:127) FC01_109
LOG (gmm-align-compiled[5.5.1074~1-71f3]:main():gmm-align-compiled.cc:127) FC01_11
LOG (gmm-align-compiled[5.5.1074~1-71f3]:main():gmm-align-compiled.cc:127) FC01_110
LOG (gmm-align-compiled[5.5.1074~1-71f3]:main():gmm-align-compiled.cc:127) FC01_111
LOG (gmm-align-compiled[5.5.1074~1-71f3]:main():gmm-align-compiled.cc:127) FC01_113
LOG (gmm-align-compiled[5.5.1074~1-71f3]:main():gmm-align-compiled.cc:127) FC01_114
LOG (gmm-align-compiled[5.5.1074~1-71f3]:main():gmm-align-compiled.cc:127) FC01_115
LOG (gmm-align-compiled[5.5.1074~1-71f3]:main():gmm-align-compiled.cc:127) FC01_116
LOG (gmm-align-compiled[5.5.1074~1-71f3]:main():gmm-align-compiled.cc:127) FC01_117
LOG (gmm-align-compiled[5.5.1074~1-71f3]:main():gmm-align-compiled.cc:127) FC01_118
LOG (gmm-align-compiled[5.5.1074~1-71f3]:main():gmm-align-compiled.cc:127) FC01_12
LOG (gmm-align-compiled[5.5.1074~1-71f3]:main():gmm-align-compiled.cc:127) FC01_122
LOG (gmm-align-compiled[5.5.1074~1-71f3]:main():gmm-align-compiled.cc:127) FC01_124
LOG (gmm-align-compiled[5.5.1074~1-71f3]:main():gmm-align-compiled.cc:127) FC01_125
LOG (gmm-align-compiled[5.5.1074~1-71f3]:main():gmm-align-compiled.cc:127) FC01_126
LOG (gmm-align-compiled[5.5.1074~1-71f3]:main():gmm-align-compiled.cc:127) FC01_127
LOG (gmm-align-compiled[5.5.1074~1-71f3]:main():gmm-align-compiled.cc:127) FC01_128
LOG (gmm-align-compiled[5.5.1074~1-71f3]:main():gmm-align-compiled.cc:127) FC01_129
LOG (gmm-align-compiled[5.5.1074~1-71f3]:main():gmm-align-compiled.cc:127) FC01_130
LOG (gmm-align-compiled[5.5.1074~1-71f3]:main():gmm-align-compiled.cc:127) FC01_132
LOG (gmm-align-compiled[5.5.1074~1-71f3]:main():gmm-align-compiled.cc:127) FC01_134
LOG (gmm-align-compiled[5.5.1074~1-71f3]:main():gmm-align-compiled.cc:127) FC01_135
LOG (gmm-align-compiled[5.5.1074~1-71f3]:main():gmm-align-compiled.cc:127) FC01_136
LOG (gmm-align-compiled[5.5.1074~1-71f3]:main():gmm-align-compiled.cc:127) FC01_137
LOG (gmm-align-compiled[5.5.1074~1-71f3]:main():gmm-align-compiled.cc:127) FC01_138
LOG (gmm-align-compiled[5.5.1074~1-71f3]:main():gmm-align-compiled.cc:127) FC01_139
LOG (gmm-align-compiled[5.5.1074~1-71f3]:main():gmm-align-compiled.cc:127) FC01_14
LOG (gmm-align-compiled[5.5.1074~1-71f3]:main():gmm-align-compiled.cc:127) FC01_141
LOG (gmm-align-compiled[5.5.1074~1-71f3]:main():gmm-align-compiled.cc:127) FC01_142
LOG (gmm-align-compiled[5.5.1074~1-71f3]:main():gmm-align-compiled.cc:127) FC01_143
LOG (gmm-align-compiled[5.5.1074~1-71f3]:main():gmm-align-compiled.cc:127) FC01_144
LOG (gmm-align-compiled[5.5.1074~1-71f3]:main():gmm-align-compiled.cc:127) FC01_145
LOG (gmm-align-compiled[5.5.1074~1-71f3]:main():gmm-align-compiled.cc:127) FC01_146
LOG (gmm-align-compiled[5.5.1074~1-71f3]:main():gmm-align-compiled.cc:127) FC01_147
LOG (gmm-align-compiled[5.5.1074~1-71f3]:main():gmm-align-compiled.cc:127) FC01_149
LOG (gmm-align-compiled[5.5.1074~1-71f3]:main():gmm-align-compiled.cc:127) FC01_15
LOG (gmm-align-compiled[5.5.1074~1-71f3]:main():gmm-align-compiled.cc:127) FC01_150
LOG (gmm-align-compiled[5.5.1074~1-71f3]:main():gmm-align-compiled.cc:127) FC01_151
LOG (gmm-align-compiled[5.5.1074~1-71f3]:main():gmm-align-compiled.cc:127) FC01_152
LOG (gmm-align-compiled[5.5.1074~1-71f3]:main():gmm-align-compiled.cc:127) FC01_153
LOG (gmm-align-compiled[5.5.1074~1-71f3]:main():gmm-align-compiled.cc:127) FC01_157
LOG (gmm-align-compiled[5.5.1074~1-71f3]:main():gmm-align-compiled.cc:127) FC01_160
LOG (gmm-align-compiled[5.5.1074~1-71f3]:main():gmm-align-compiled.cc:127) FC01_161
LOG (gmm-align-compiled[5.5.1074~1-71f3]:main():gmm-align-compiled.cc:127) FC01_162
LOG (gmm-align-compiled[5.5.1074~1-71f3]:main():gmm-align-compiled.cc:127) FC01_163
LOG (gmm-align-compiled[5.5.1074~1-71f3]:main():gmm-align-compiled.cc:127) FC01_165
LOG (gmm-align-compiled[5.5.1074~1-71f3]:main():gmm-align-compiled.cc:127) FC01_166
LOG (gmm-align-compiled[5.5.1074~1-71f3]:main():gmm-align-compiled.cc:127) FC01_167
LOG (gmm-align-compiled[5.5.1074~1-71f3]:main():gmm-align-compiled.cc:127) FC01_169
LOG (gmm-align-compiled[5.5.1074~1-71f3]:main():gmm-align-compiled.cc:127) FC01_17
LOG (gmm-align-compiled[5.5.1074~1-71f3]:main():gmm-align-compiled.cc:127) FC01_170
LOG (gmm-align-compiled[5.5.1074~1-71f3]:main():gmm-align-compiled.cc:127) FC01_171
LOG (gmm-align-compiled[5.5.1074~1-71f3]:main():gmm-align-compiled.cc:127) FC01_172
LOG (gmm-align-compiled[5.5.1074~1-71f3]:main():gmm-align-compiled.cc:127) FC01_173
LOG (gmm-align-compiled[5.5.1074~1-71f3]:main():gmm-align-compiled.cc:127) FC01_175
LOG (gmm-align-compiled[5.5.1074~1-71f3]:main():gmm-align-compiled.cc:127) FC01_177
LOG (gmm-align-compiled[5.5.1074~1-71f3]:main():gmm-align-compiled.cc:127) FC01_179
LOG (gmm-align-compiled[5.5.1074~1-71f3]:main():gmm-align-compiled.cc:127) FC01_18
LOG (gmm-align-compiled[5.5.1074~1-71f3]:main():gmm-align-compiled.cc:127) FC01_180
LOG (gmm-align-compiled[5.5.1074~1-71f3]:main():gmm-align-compiled.cc:127) FC01_181
LOG (gmm-align-compiled[5.5.1074~1-71f3]:main():gmm-align-compiled.cc:127) FC01_182
LOG (gmm-align-compiled[5.5.1074~1-71f3]:main():gmm-align-compiled.cc:127) FC01_185
LOG (gmm-align-compiled[5.5.1074~1-71f3]:main():gmm-align-compiled.cc:127) FC01_186
LOG (gmm-align-compiled[5.5.1074~1-71f3]:main():gmm-align-compiled.cc:127) FC01_187
LOG (gmm-align-compiled[5.5.1074~1-71f3]:main():gmm-align-compiled.cc:127) FC01_188
LOG (gmm-align-compiled[5.5.1074~1-71f3]:main():gmm-align-compiled.cc:127) FC01_189
LOG (gmm-align-compiled[5.5.1074~1-71f3]:main():gmm-align-compiled.cc:127) FC01_19
LOG (gmm-align-compiled[5.5.1074~1-71f3]:main():gmm-align-compiled.cc:127) FC01_190
LOG (gmm-align-compiled[5.5.1074~1-71f3]:main():gmm-align-compiled.cc:127) FC01_191
LOG (gmm-align-compiled[5.5.1074~1-71f3]:main():gmm-align-compiled.cc:127) FC01_192
LOG (gmm-align-compiled[5.5.1074~1-71f3]:main():gmm-align-compiled.cc:127) FC01_193
LOG (gmm-align-compiled[5.5.1074~1-71f3]:main():gmm-align-compiled.cc:127) FC01_194
LOG (gmm-align-compiled[5.5.1074~1-71f3]:main():gmm-align-compiled.cc:127) FC01_195
LOG (gmm-align-compiled[5.5.1074~1-71f3]:main():gmm-align-compiled.cc:127) FC01_196
LOG (gmm-align-compiled[5.5.1074~1-71f3]:main():gmm-align-compiled.cc:127) FC01_197
LOG (gmm-align-compiled[5.5.1074~1-71f3]:main():gmm-align-compiled.cc:127) FC01_198
LOG (gmm-align-compiled[5.5.1074~1-71f3]:main():gmm-align-compiled.cc:127) FC01_199
LOG (gmm-align-compiled[5.5.1074~1-71f3]:main():gmm-align-compiled.cc:127) FC01_2
LOG (gmm-align-compiled[5.5.1074~1-71f3]:main():gmm-align-compiled.cc:127) FC01_20
LOG (gmm-align-compiled[5.5.1074~1-71f3]:main():gmm-align-compiled.cc:127) FC01_200
LOG (gmm-align-compiled[5.5.1074~1-71f3]:main():gmm-align-compiled.cc:127) FC01_201
LOG (gmm-align-compiled[5.5.1074~1-71f3]:main():gmm-align-compiled.cc:127) FC01_202
LOG (gmm-align-compiled[5.5.1074~1-71f3]:main():gmm-align-compiled.cc:127) FC01_203
LOG (gmm-align-compiled[5.5.1074~1-71f3]:main():gmm-align-compiled.cc:127) FC01_206
LOG (gmm-align-compiled[5.5.1074~1-71f3]:main():gmm-align-compiled.cc:127) FC01_207
LOG (gmm-align-compiled[5.5.1074~1-71f3]:main():gmm-align-compiled.cc:127) FC01_208
LOG (gmm-align-compiled[5.5.1074~1-71f3]:main():gmm-align-compiled.cc:127) FC01_209
LOG (gmm-align-compiled[5.5.1074~1-71f3]:main():gmm-align-compiled.cc:127) FC01_21
LOG (gmm-align-compiled[5.5.1074~1-71f3]:main():gmm-align-compiled.cc:127) FC01_210
LOG (gmm-align-compiled[5.5.1074~1-71f3]:main():gmm-align-compiled.cc:127) FC01_211
LOG (gmm-align-compiled[5.5.1074~1-71f3]:main():gmm-align-compiled.cc:127) FC01_212
LOG (gmm-align-compiled[5.5.1074~1-71f3]:main():gmm-align-compiled.cc:127) FC01_213
LOG (gmm-align-compiled[5.5.1074~1-71f3]:main():gmm-align-compiled.cc:127) FC01_215
LOG (gmm-align-compiled[5.5.1074~1-71f3]:main():gmm-align-compiled.cc:127) FC01_216
LOG (gmm-align-compiled[5.5.1074~1-71f3]:main():gmm-align-compiled.cc:127) FC01_217
LOG (gmm-align-compiled[5.5.1074~1-71f3]:main():gmm-align-compiled.cc:127) FC01_218
LOG (gmm-align-compiled[5.5.1074~1-71f3]:main():gmm-align-compiled.cc:127) FC01_219
LOG (gmm-align-compiled[5.5.1074~1-71f3]:main():gmm-align-compiled.cc:127) FC01_22
LOG (gmm-align-compiled[5.5.1074~1-71f3]:main():gmm-align-compiled.cc:127) FC01_220
LOG (gmm-align-compiled[5.5.1074~1-71f3]:main():gmm-align-compiled.cc:127) FC01_222
LOG (gmm-align-compiled[5.5.1074~1-71f3]:main():gmm-align-compiled.cc:127) FC01_223
LOG (gmm-align-compiled[5.5.1074~1-71f3]:main():gmm-align-compiled.cc:127) FC01_224
LOG (gmm-align-compiled[5.5.1074~1-71f3]:main():gmm-align-compiled.cc:127) FC01_225
LOG (gmm-align-compiled[5.5.1074~1-71f3]:main():gmm-align-compiled.cc:127) FC01_226
LOG (gmm-align-compiled[5.5.1074~1-71f3]:main():gmm-align-compiled.cc:127) FC01_227
LOG (gmm-align-compiled[5.5.1074~1-71f3]:main():gmm-align-compiled.cc:127) FC01_228
LOG (gmm-align-compiled[5.5.1074~1-71f3]:main():gmm-align-compiled.cc:127) FC01_229
LOG (gmm-align-compiled[5.5.1074~1-71f3]:main():gmm-align-compiled.cc:127) FC01_23
LOG (gmm-align-compiled[5.5.1074~1-71f3]:main():gmm-align-compiled.cc:127) FC01_233
LOG (gmm-align-compiled[5.5.1074~1-71f3]:main():gmm-align-compiled.cc:127) FC01_234
LOG (gmm-align-compiled[5.5.1074~1-71f3]:main():gmm-align-compiled.cc:127) FC01_235
LOG (gmm-align-compiled[5.5.1074~1-71f3]:main():gmm-align-compiled.cc:127) FC01_236
LOG (gmm-align-compiled[5.5.1074~1-71f3]:main():gmm-align-compiled.cc:127) FC01_237
LOG (gmm-align-compiled[5.5.1074~1-71f3]:main():gmm-align-compiled.cc:127) FC01_238
LOG (gmm-align-compiled[5.5.1074~1-71f3]:main():gmm-align-compiled.cc:127) FC01_239
LOG (gmm-align-compiled[5.5.1074~1-71f3]:main():gmm-align-compiled.cc:127) FC01_24
LOG (gmm-align-compiled[5.5.1074~1-71f3]:main():gmm-align-compiled.cc:127) FC01_241
LOG (gmm-align-compiled[5.5.1074~1-71f3]:main():gmm-align-compiled.cc:127) FC01_242
LOG (gmm-align-compiled[5.5.1074~1-71f3]:main():gmm-align-compiled.cc:127) FC01_246
LOG (gmm-align-compiled[5.5.1074~1-71f3]:main():gmm-align-compiled.cc:127) FC01_247
LOG (gmm-align-compiled[5.5.1074~1-71f3]:main():gmm-align-compiled.cc:127) FC01_248
LOG (gmm-align-compiled[5.5.1074~1-71f3]:main():gmm-align-compiled.cc:127) FC01_249
LOG (gmm-align-compiled[5.5.1074~1-71f3]:main():gmm-align-compiled.cc:127) FC01_250
LOG (gmm-align-compiled[5.5.1074~1-71f3]:main():gmm-align-compiled.cc:127) FC01_251
LOG (gmm-align-compiled[5.5.1074~1-71f3]:main():gmm-align-compiled.cc:127) FC01_252
LOG (gmm-align-compiled[5.5.1074~1-71f3]:main():gmm-align-compiled.cc:127) FC01_253
LOG (gmm-align-compiled[5.5.1074~1-71f3]:main():gmm-align-compiled.cc:127) FC01_254
LOG (gmm-align-compiled[5.5.1074~1-71f3]:main():gmm-align-compiled.cc:127) FC01_255
LOG (gmm-align-compiled[5.5.1074~1-71f3]:main():gmm-align-compiled.cc:127) FC01_258
LOG (gmm-align-compiled[5.5.1074~1-71f3]:main():gmm-align-compiled.cc:127) FC01_259
LOG (gmm-align-compiled[5.5.1074~1-71f3]:main():gmm-align-compiled.cc:127) FC01_261
LOG (gmm-align-compiled[5.5.1074~1-71f3]:main():gmm-align-compiled.cc:127) FC01_263
LOG (gmm-align-compiled[5.5.1074~1-71f3]:main():gmm-align-compiled.cc:127) FC01_264
LOG (gmm-align-compiled[5.5.1074~1-71f3]:main():gmm-align-compiled.cc:127) FC01_265
LOG (gmm-align-compiled[5.5.1074~1-71f3]:main():gmm-align-compiled.cc:127) FC01_266
LOG (gmm-align-compiled[5.5.1074~1-71f3]:main():gmm-align-compiled.cc:127) FC01_267
LOG (gmm-align-compiled[5.5.1074~1-71f3]:main():gmm-align-compiled.cc:127) FC01_268
LOG (gmm-align-compiled[5.5.1074~1-71f3]:main():gmm-align-compiled.cc:127) FC01_269
LOG (gmm-align-compiled[5.5.1074~1-71f3]:main():gmm-align-compiled.cc:127) FC01_27
LOG (gmm-align-compiled[5.5.1074~1-71f3]:main():gmm-align-compiled.cc:127) FC01_270
LOG (gmm-align-compiled[5.5.1074~1-71f3]:main():gmm-align-compiled.cc:127) FC01_272
LOG (gmm-align-compiled[5.5.1074~1-71f3]:main():gmm-align-compiled.cc:127) FC01_273
LOG (gmm-align-compiled[5.5.1074~1-71f3]:main():gmm-align-compiled.cc:127) FC01_274
LOG (gmm-align-compiled[5.5.1074~1-71f3]:main():gmm-align-compiled.cc:127) FC01_275
LOG (gmm-align-compiled[5.5.1074~1-71f3]:main():gmm-align-compiled.cc:127) FC01_276
LOG (gmm-align-compiled[5.5.1074~1-71f3]:main():gmm-align-compiled.cc:127) FC01_277
LOG (gmm-align-compiled[5.5.1074~1-71f3]:main():gmm-align-compiled.cc:127) FC01_279
LOG (gmm-align-compiled[5.5.1074~1-71f3]:main():gmm-align-compiled.cc:127) FC01_28
LOG (gmm-align-compiled[5.5.1074~1-71f3]:main():gmm-align-compiled.cc:127) FC01_281
LOG (gmm-align-compiled[5.5.1074~1-71f3]:main():gmm-align-compiled.cc:127) FC01_282
LOG (gmm-align-compiled[5.5.1074~1-71f3]:main():gmm-align-compiled.cc:127) FC01_283
LOG (gmm-align-compiled[5.5.1074~1-71f3]:main():gmm-align-compiled.cc:127) FC01_284
LOG (gmm-align-compiled[5.5.1074~1-71f3]:main():gmm-align-compiled.cc:127) FC01_285
LOG (gmm-align-compiled[5.5.1074~1-71f3]:main():gmm-align-compiled.cc:127) FC01_286
LOG (gmm-align-compiled[5.5.1074~1-71f3]:main():gmm-align-compiled.cc:127) FC01_288
LOG (gmm-align-compiled[5.5.1074~1-71f3]:main():gmm-align-compiled.cc:127) FC01_289
LOG (gmm-align-compiled[5.5.1074~1-71f3]:main():gmm-align-compiled.cc:127) FC01_29
LOG (gmm-align-compiled[5.5.1074~1-71f3]:main():gmm-align-compiled.cc:127) FC01_290
LOG (gmm-align-compiled[5.5.1074~1-71f3]:main():gmm-align-compiled.cc:127) FC01_291
LOG (gmm-align-compiled[5.5.1074~1-71f3]:main():gmm-align-compiled.cc:127) FC01_294
LOG (gmm-align-compiled[5.5.1074~1-71f3]:main():gmm-align-compiled.cc:127) FC01_295
LOG (gmm-align-compiled[5.5.1074~1-71f3]:main():gmm-align-compiled.cc:127) FC01_296
LOG (gmm-align-compiled[5.5.1074~1-71f3]:main():gmm-align-compiled.cc:127) FC01_297
LOG (gmm-align-compiled[5.5.1074~1-71f3]:main():gmm-align-compiled.cc:127) FC01_298
LOG (gmm-align-compiled[5.5.1074~1-71f3]:main():gmm-align-compiled.cc:127) FC01_299
LOG (gmm-align-compiled[5.5.1074~1-71f3]:main():gmm-align-compiled.cc:127) FC01_3
LOG (gmm-align-compiled[5.5.1074~1-71f3]:main():gmm-align-compiled.cc:127) FC01_30
LOG (gmm-align-compiled[5.5.1074~1-71f3]:main():gmm-align-compiled.cc:127) FC01_300
LOG (gmm-align-compiled[5.5.1074~1-71f3]:main():gmm-align-compiled.cc:127) FC01_302
LOG (gmm-align-compiled[5.5.1074~1-71f3]:main():gmm-align-compiled.cc:127) FC01_304
LOG (gmm-align-compiled[5.5.1074~1-71f3]:main():gmm-align-compiled.cc:127) FC01_305
LOG (gmm-align-compiled[5.5.1074~1-71f3]:main():gmm-align-compiled.cc:127) FC01_307
LOG (gmm-align-compiled[5.5.1074~1-71f3]:main():gmm-align-compiled.cc:127) FC01_308
LOG (gmm-align-compiled[5.5.1074~1-71f3]:main():gmm-align-compiled.cc:127) FC01_31
LOG (gmm-align-compiled[5.5.1074~1-71f3]:main():gmm-align-compiled.cc:127) FC01_311
LOG (gmm-align-compiled[5.5.1074~1-71f3]:main():gmm-align-compiled.cc:127) FC01_312
LOG (gmm-align-compiled[5.5.1074~1-71f3]:main():gmm-align-compiled.cc:127) FC01_313
LOG (gmm-align-compiled[5.5.1074~1-71f3]:main():gmm-align-compiled.cc:127) FC01_314
LOG (gmm-align-compiled[5.5.1074~1-71f3]:main():gmm-align-compiled.cc:127) FC01_315
LOG (gmm-align-compiled[5.5.1074~1-71f3]:main():gmm-align-compiled.cc:127) FC01_316
LOG (gmm-align-compiled[5.5.1074~1-71f3]:main():gmm-align-compiled.cc:127) FC01_317
LOG (gmm-align-compiled[5.5.1074~1-71f3]:main():gmm-align-compiled.cc:127) FC01_318
LOG (gmm-align-compiled[5.5.1074~1-71f3]:main():gmm-align-compiled.cc:127) FC01_319
LOG (gmm-align-compiled[5.5.1074~1-71f3]:main():gmm-align-compiled.cc:127) FC01_320
LOG (gmm-align-compiled[5.5.1074~1-71f3]:main():gmm-align-compiled.cc:127) FC01_321
LOG (gmm-align-compiled[5.5.1074~1-71f3]:main():gmm-align-compiled.cc:127) FC01_322
LOG (gmm-align-compiled[5.5.1074~1-71f3]:main():gmm-align-compiled.cc:127) FC01_323
LOG (gmm-align-compiled[5.5.1074~1-71f3]:main():gmm-align-compiled.cc:127) FC01_324
LOG (gmm-align-compiled[5.5.1074~1-71f3]:main():gmm-align-compiled.cc:127) FC01_328
LOG (gmm-align-compiled[5.5.1074~1-71f3]:main():gmm-align-compiled.cc:127) FC01_329
LOG (gmm-align-compiled[5.5.1074~1-71f3]:main():gmm-align-compiled.cc:127) FC01_33
LOG (gmm-align-compiled[5.5.1074~1-71f3]:main():gmm-align-compiled.cc:127) FC01_330
LOG (gmm-align-compiled[5.5.1074~1-71f3]:main():gmm-align-compiled.cc:127) FC01_331
LOG (gmm-align-compiled[5.5.1074~1-71f3]:main():gmm-align-compiled.cc:127) FC01_332
LOG (gmm-align-compiled[5.5.1074~1-71f3]:main():gmm-align-compiled.cc:127) FC01_333
LOG (gmm-align-compiled[5.5.1074~1-71f3]:main():gmm-align-compiled.cc:127) FC01_336
LOG (gmm-align-compiled[5.5.1074~1-71f3]:main():gmm-align-compiled.cc:127) FC01_337
LOG (gmm-align-compiled[5.5.1074~1-71f3]:main():gmm-align-compiled.cc:127) FC01_338
LOG (gmm-align-compiled[5.5.1074~1-71f3]:main():gmm-align-compiled.cc:127) FC01_34
LOG (gmm-align-compiled[5.5.1074~1-71f3]:main():gmm-align-compiled.cc:127) FC01_340
LOG (gmm-align-compiled[5.5.1074~1-71f3]:main():gmm-align-compiled.cc:127) FC01_341
LOG (gmm-align-compiled[5.5.1074~1-71f3]:main():gmm-align-compiled.cc:127) FC01_342
LOG (gmm-align-compiled[5.5.1074~1-71f3]:main():gmm-align-compiled.cc:127) FC01_343
LOG (gmm-align-compiled[5.5.1074~1-71f3]:main():gmm-align-compiled.cc:127) FC01_344
LOG (gmm-align-compiled[5.5.1074~1-71f3]:main():gmm-align-compiled.cc:127) FC01_346
LOG (gmm-align-compiled[5.5.1074~1-71f3]:main():gmm-align-compiled.cc:127) FC01_347
LOG (gmm-align-compiled[5.5.1074~1-71f3]:main():gmm-align-compiled.cc:127) FC01_350
LOG (gmm-align-compiled[5.5.1074~1-71f3]:main():gmm-align-compiled.cc:127) FC01_351
LOG (gmm-align-compiled[5.5.1074~1-71f3]:main():gmm-align-compiled.cc:127) FC01_352
LOG (gmm-align-compiled[5.5.1074~1-71f3]:main():gmm-align-compiled.cc:127) FC01_353
LOG (gmm-align-compiled[5.5.1074~1-71f3]:main():gmm-align-compiled.cc:127) FC01_354
LOG (gmm-align-compiled[5.5.1074~1-71f3]:main():gmm-align-compiled.cc:127) FC01_356
LOG (gmm-align-compiled[5.5.1074~1-71f3]:main():gmm-align-compiled.cc:127) FC01_357
LOG (gmm-align-compiled[5.5.1074~1-71f3]:main():gmm-align-compiled.cc:127) FC01_358
LOG (gmm-align-compiled[5.5.1074~1-71f3]:main():gmm-align-compiled.cc:127) FC01_359
LOG (gmm-align-compiled[5.5.1074~1-71f3]:main():gmm-align-compiled.cc:127) FC01_36
LOG (gmm-align-compiled[5.5.1074~1-71f3]:main():gmm-align-compiled.cc:127) FC01_360
LOG (gmm-align-compiled[5.5.1074~1-71f3]:main():gmm-align-compiled.cc:127) FC01_361
LOG (gmm-align-compiled[5.5.1074~1-71f3]:main():gmm-align-compiled.cc:127) FC01_363
LOG (gmm-align-compiled[5.5.1074~1-71f3]:main():gmm-align-compiled.cc:127) FC01_364
LOG (gmm-align-compiled[5.5.1074~1-71f3]:main():gmm-align-compiled.cc:127) FC01_365
LOG (gmm-align-compiled[5.5.1074~1-71f3]:main():gmm-align-compiled.cc:127) FC01_37
LOG (gmm-align-compiled[5.5.1074~1-71f3]:main():gmm-align-compiled.cc:127) FC01_38
LOG (gmm-align-compiled[5.5.1074~1-71f3]:main():gmm-align-compiled.cc:127) FC01_39
LOG (gmm-align-compiled[5.5.1074~1-71f3]:main():gmm-align-compiled.cc:127) FC01_4
LOG (gmm-align-compiled[5.5.1074~1-71f3]:main():gmm-align-compiled.cc:127) FC01_40
LOG (gmm-align-compiled[5.5.1074~1-71f3]:main():gmm-align-compiled.cc:127) FC01_41
LOG (gmm-align-compiled[5.5.1074~1-71f3]:main():gmm-align-compiled.cc:127) FC01_42
LOG (gmm-align-compiled[5.5.1074~1-71f3]:main():gmm-align-compiled.cc:127) FC01_43
LOG (gmm-align-compiled[5.5.1074~1-71f3]:main():gmm-align-compiled.cc:127) FC01_44
LOG (gmm-align-compiled[5.5.1074~1-71f3]:main():gmm-align-compiled.cc:127) FC01_45
LOG (gmm-align-compiled[5.5.1074~1-71f3]:main():gmm-align-compiled.cc:127) FC01_47
LOG (gmm-align-compiled[5.5.1074~1-71f3]:main():gmm-align-compiled.cc:127) FC01_48
LOG (gmm-align-compiled[5.5.1074~1-71f3]:main():gmm-align-compiled.cc:127) FC01_49
LOG (gmm-align-compiled[5.5.1074~1-71f3]:main():gmm-align-compiled.cc:127) FC01_51
LOG (gmm-align-compiled[5.5.1074~1-71f3]:main():gmm-align-compiled.cc:127) FC01_52
LOG (gmm-align-compiled[5.5.1074~1-71f3]:main():gmm-align-compiled.cc:127) FC01_53
LOG (gmm-align-compiled[5.5.1074~1-71f3]:main():gmm-align-compiled.cc:127) FC01_54
LOG (gmm-align-compiled[5.5.1074~1-71f3]:main():gmm-align-compiled.cc:127) FC01_55
LOG (gmm-align-compiled[5.5.1074~1-71f3]:main():gmm-align-compiled.cc:127) FC01_56
LOG (gmm-align-compiled[5.5.1074~1-71f3]:main():gmm-align-compiled.cc:127) FC01_57
LOG (gmm-align-compiled[5.5.1074~1-71f3]:main():gmm-align-compiled.cc:127) FC01_58
LOG (gmm-align-compiled[5.5.1074~1-71f3]:main():gmm-align-compiled.cc:127) FC01_6
LOG (gmm-align-compiled[5.5.1074~1-71f3]:main():gmm-align-compiled.cc:127) FC01_60
LOG (gmm-align-compiled[5.5.1074~1-71f3]:main():gmm-align-compiled.cc:127) FC01_62
LOG (gmm-align-compiled[5.5.1074~1-71f3]:main():gmm-align-compiled.cc:127) FC01_65
LOG (gmm-align-compiled[5.5.1074~1-71f3]:main():gmm-align-compiled.cc:127) FC01_69
LOG (gmm-align-compiled[5.5.1074~1-71f3]:main():gmm-align-compiled.cc:127) FC01_7
LOG (gmm-align-compiled[5.5.1074~1-71f3]:main():gmm-align-compiled.cc:127) FC01_70
LOG (gmm-align-compiled[5.5.1074~1-71f3]:main():gmm-align-compiled.cc:127) FC01_71
LOG (gmm-align-compiled[5.5.1074~1-71f3]:main():gmm-align-compiled.cc:127) FC01_72
LOG (gmm-align-compiled[5.5.1074~1-71f3]:main():gmm-align-compiled.cc:127) FC01_73
LOG (gmm-align-compiled[5.5.1074~1-71f3]:main():gmm-align-compiled.cc:127) FC01_74
LOG (gmm-align-compiled[5.5.1074~1-71f3]:main():gmm-align-compiled.cc:127) FC01_75
LOG (gmm-align-compiled[5.5.1074~1-71f3]:main():gmm-align-compiled.cc:127) FC01_76
LOG (gmm-align-compiled[5.5.1074~1-71f3]:main():gmm-align-compiled.cc:127) FC01_77
LOG (gmm-align-compiled[5.5.1074~1-71f3]:main():gmm-align-compiled.cc:127) FC01_79
LOG (gmm-align-compiled[5.5.1074~1-71f3]:main():gmm-align-compiled.cc:127) FC01_8
LOG (gmm-align-compiled[5.5.1074~1-71f3]:main():gmm-align-compiled.cc:127) FC01_80
LOG (gmm-align-compiled[5.5.1074~1-71f3]:main():gmm-align-compiled.cc:127) FC01_81
LOG (gmm-align-compiled[5.5.1074~1-71f3]:main():gmm-align-compiled.cc:127) FC01_82
LOG (gmm-align-compiled[5.5.1074~1-71f3]:main():gmm-align-compiled.cc:127) FC01_83
LOG (gmm-align-compiled[5.5.1074~1-71f3]:main():gmm-align-compiled.cc:127) FC01_84
LOG (gmm-align-compiled[5.5.1074~1-71f3]:main():gmm-align-compiled.cc:127) FC01_85
LOG (gmm-align-compiled[5.5.1074~1-71f3]:main():gmm-align-compiled.cc:127) FC01_86
LOG (gmm-align-compiled[5.5.1074~1-71f3]:main():gmm-align-compiled.cc:127) FC01_88
LOG (gmm-align-compiled[5.5.1074~1-71f3]:main():gmm-align-compiled.cc:127) FC01_89
LOG (gmm-align-compiled[5.5.1074~1-71f3]:main():gmm-align-compiled.cc:127) FC01_90
LOG (gmm-align-compiled[5.5.1074~1-71f3]:main():gmm-align-compiled.cc:127) FC01_91
LOG (gmm-align-compiled[5.5.1074~1-71f3]:main():gmm-align-compiled.cc:127) FC01_92
LOG (gmm-align-compiled[5.5.1074~1-71f3]:main():gmm-align-compiled.cc:127) FC01_93
LOG (apply-cmvn[5.5.1074~1-71f3]:main():apply-cmvn.cc:162) Applied cepstral mean normalization to 285 utterances, errors on 0
LOG (gmm-align-compiled[5.5.1074~1-71f3]:main():gmm-align-compiled.cc:127) FC01_95
LOG (gmm-align-compiled[5.5.1074~1-71f3]:main():gmm-align-compiled.cc:127) FC01_97
LOG (gmm-align-compiled[5.5.1074~1-71f3]:main():gmm-align-compiled.cc:127) FC01_98
LOG (gmm-align-compiled[5.5.1074~1-71f3]:main():gmm-align-compiled.cc:127) FC01_99
LOG (gmm-align-compiled[5.5.1074~1-71f3]:main():gmm-align-compiled.cc:135) Overall log-likelihood per frame is -89.7144 over 93797 frames.
LOG (gmm-align-compiled[5.5.1074~1-71f3]:main():gmm-align-compiled.cc:137) Retried 0 out of 285 utterances.
LOG (gmm-align-compiled[5.5.1074~1-71f3]:main():gmm-align-compiled.cc:139) Done 285, errors on 0
# Accounting: time=1 threads=1
# Ended (code 0) at Thu Aug  3 11:08:09 IST 2023, elapsed time 1 seconds
