# paste-feats --length-tolerance=2 "ark:compute-fbank-feats  --write-utt2dur=ark,t:data-fbank/train/log/utt2dur.8    --verbose=2 --config=conf/fbank.conf scp,p:data-fbank/train/log/wav_train.8.scp ark:- |" "ark,s,cs:compute-kaldi-pitch-feats --verbose=2       --config=conf/pitch.conf scp,p:data-fbank/train/log/wav_train.8.scp ark:- |     process-kaldi-pitch-feats  ark:- ark:- |" ark:- | copy-feats --compress=true --write-num-frames=ark,t:data-fbank/train/log/utt2num_frames.8 ark:- ark,scp:/media/speech/hdd-1tb/2024_B1/Tamil_ASR_normal/data-fbank/train/data/raw_fbank_pitch_train.8.ark,/media/speech/hdd-1tb/2024_B1/Tamil_ASR_normal/data-fbank/train/data/raw_fbank_pitch_train.8.scp 
# Started at Thu Aug  3 11:41:53 IST 2023
#
paste-feats --length-tolerance=2 'ark:compute-fbank-feats  --write-utt2dur=ark,t:data-fbank/train/log/utt2dur.8    --verbose=2 --config=conf/fbank.conf scp,p:data-fbank/train/log/wav_train.8.scp ark:- |' 'ark,s,cs:compute-kaldi-pitch-feats --verbose=2       --config=conf/pitch.conf scp,p:data-fbank/train/log/wav_train.8.scp ark:- |     process-kaldi-pitch-feats  ark:- ark:- |' ark:- 
copy-feats --compress=true --write-num-frames=ark,t:data-fbank/train/log/utt2num_frames.8 ark:- ark,scp:/media/speech/hdd-1tb/2024_B1/Tamil_ASR_normal/data-fbank/train/data/raw_fbank_pitch_train.8.ark,/media/speech/hdd-1tb/2024_B1/Tamil_ASR_normal/data-fbank/train/data/raw_fbank_pitch_train.8.scp 
compute-fbank-feats --write-utt2dur=ark,t:data-fbank/train/log/utt2dur.8 --verbose=2 --config=conf/fbank.conf scp,p:data-fbank/train/log/wav_train.8.scp ark:- 
VLOG[2] (compute-fbank-feats[5.5.1074~1-71f3]:main():compute-fbank-feats.cc:182) Processed features for key MC02_95
VLOG[2] (compute-fbank-feats[5.5.1074~1-71f3]:main():compute-fbank-feats.cc:182) Processed features for key MC02_96
compute-kaldi-pitch-feats --verbose=2 --config=conf/pitch.conf scp,p:data-fbank/train/log/wav_train.8.scp ark:- 
process-kaldi-pitch-feats ark:- ark:- 
VLOG[2] (compute-fbank-feats[5.5.1074~1-71f3]:main():compute-fbank-feats.cc:182) Processed features for key MC02_97
VLOG[2] (compute-fbank-feats[5.5.1074~1-71f3]:main():compute-fbank-feats.cc:182) Processed features for key MC02_99
VLOG[2] (compute-fbank-feats[5.5.1074~1-71f3]:main():compute-fbank-feats.cc:182) Processed features for key MC03_1
VLOG[2] (compute-fbank-feats[5.5.1074~1-71f3]:main():compute-fbank-feats.cc:182) Processed features for key MC03_10
VLOG[2] (compute-fbank-feats[5.5.1074~1-71f3]:main():compute-fbank-feats.cc:182) Processed features for key MC03_101
VLOG[2] (compute-fbank-feats[5.5.1074~1-71f3]:main():compute-fbank-feats.cc:182) Processed features for key MC03_102
VLOG[2] (compute-fbank-feats[5.5.1074~1-71f3]:main():compute-fbank-feats.cc:182) Processed features for key MC03_104
LOG (compute-fbank-feats[5.5.1074~1-71f3]:main():compute-fbank-feats.cc:181) Processed 10 utterances
VLOG[2] (compute-fbank-feats[5.5.1074~1-71f3]:main():compute-fbank-feats.cc:182) Processed features for key MC03_107
VLOG[2] (compute-fbank-feats[5.5.1074~1-71f3]:main():compute-fbank-feats.cc:182) Processed features for key MC03_108
VLOG[2] (compute-fbank-feats[5.5.1074~1-71f3]:main():compute-fbank-feats.cc:182) Processed features for key MC03_109
VLOG[2] (compute-fbank-feats[5.5.1074~1-71f3]:main():compute-fbank-feats.cc:182) Processed features for key MC03_11
VLOG[2] (compute-fbank-feats[5.5.1074~1-71f3]:main():compute-fbank-feats.cc:182) Processed features for key MC03_110
VLOG[2] (compute-fbank-feats[5.5.1074~1-71f3]:main():compute-fbank-feats.cc:182) Processed features for key MC03_111
VLOG[2] (compute-fbank-feats[5.5.1074~1-71f3]:main():compute-fbank-feats.cc:182) Processed features for key MC03_112
VLOG[2] (compute-fbank-feats[5.5.1074~1-71f3]:main():compute-fbank-feats.cc:182) Processed features for key MC03_113
VLOG[2] (compute-fbank-feats[5.5.1074~1-71f3]:main():compute-fbank-feats.cc:182) Processed features for key MC03_114
VLOG[2] (compute-fbank-feats[5.5.1074~1-71f3]:main():compute-fbank-feats.cc:182) Processed features for key MC03_115
LOG (compute-fbank-feats[5.5.1074~1-71f3]:main():compute-fbank-feats.cc:181) Processed 20 utterances
VLOG[2] (compute-fbank-feats[5.5.1074~1-71f3]:main():compute-fbank-feats.cc:182) Processed features for key MC03_116
VLOG[2] (compute-fbank-feats[5.5.1074~1-71f3]:main():compute-fbank-feats.cc:182) Processed features for key MC03_117
VLOG[2] (compute-fbank-feats[5.5.1074~1-71f3]:main():compute-fbank-feats.cc:182) Processed features for key MC03_118
VLOG[2] (compute-fbank-feats[5.5.1074~1-71f3]:main():compute-fbank-feats.cc:182) Processed features for key MC03_12
VLOG[2] (compute-fbank-feats[5.5.1074~1-71f3]:main():compute-fbank-feats.cc:182) Processed features for key MC03_120
VLOG[2] (compute-fbank-feats[5.5.1074~1-71f3]:main():compute-fbank-feats.cc:182) Processed features for key MC03_121
VLOG[2] (compute-fbank-feats[5.5.1074~1-71f3]:main():compute-fbank-feats.cc:182) Processed features for key MC03_122
VLOG[2] (compute-fbank-feats[5.5.1074~1-71f3]:main():compute-fbank-feats.cc:182) Processed features for key MC03_123
VLOG[2] (compute-fbank-feats[5.5.1074~1-71f3]:main():compute-fbank-feats.cc:182) Processed features for key MC03_124
VLOG[2] (compute-fbank-feats[5.5.1074~1-71f3]:main():compute-fbank-feats.cc:182) Processed features for key MC03_125
LOG (compute-fbank-feats[5.5.1074~1-71f3]:main():compute-fbank-feats.cc:181) Processed 30 utterances
VLOG[2] (compute-fbank-feats[5.5.1074~1-71f3]:main():compute-fbank-feats.cc:182) Processed features for key MC03_126
VLOG[2] (compute-fbank-feats[5.5.1074~1-71f3]:main():compute-fbank-feats.cc:182) Processed features for key MC03_127
VLOG[2] (compute-fbank-feats[5.5.1074~1-71f3]:main():compute-fbank-feats.cc:182) Processed features for key MC03_128
VLOG[2] (compute-fbank-feats[5.5.1074~1-71f3]:main():compute-fbank-feats.cc:182) Processed features for key MC03_13
VLOG[2] (compute-fbank-feats[5.5.1074~1-71f3]:main():compute-fbank-feats.cc:182) Processed features for key MC03_130
VLOG[2] (compute-fbank-feats[5.5.1074~1-71f3]:main():compute-fbank-feats.cc:182) Processed features for key MC03_131
VLOG[2] (compute-fbank-feats[5.5.1074~1-71f3]:main():compute-fbank-feats.cc:182) Processed features for key MC03_133
VLOG[2] (compute-fbank-feats[5.5.1074~1-71f3]:main():compute-fbank-feats.cc:182) Processed features for key MC03_134
VLOG[2] (compute-fbank-feats[5.5.1074~1-71f3]:main():compute-fbank-feats.cc:182) Processed features for key MC03_135
VLOG[2] (compute-fbank-feats[5.5.1074~1-71f3]:main():compute-fbank-feats.cc:182) Processed features for key MC03_139
LOG (compute-fbank-feats[5.5.1074~1-71f3]:main():compute-fbank-feats.cc:181) Processed 40 utterances
VLOG[2] (compute-fbank-feats[5.5.1074~1-71f3]:main():compute-fbank-feats.cc:182) Processed features for key MC03_14
VLOG[2] (compute-fbank-feats[5.5.1074~1-71f3]:main():compute-fbank-feats.cc:182) Processed features for key MC03_140
VLOG[2] (compute-fbank-feats[5.5.1074~1-71f3]:main():compute-fbank-feats.cc:182) Processed features for key MC03_141
VLOG[2] (compute-fbank-feats[5.5.1074~1-71f3]:main():compute-fbank-feats.cc:182) Processed features for key MC03_142
VLOG[2] (compute-fbank-feats[5.5.1074~1-71f3]:main():compute-fbank-feats.cc:182) Processed features for key MC03_146
VLOG[2] (compute-fbank-feats[5.5.1074~1-71f3]:main():compute-fbank-feats.cc:182) Processed features for key MC03_148
VLOG[2] (compute-fbank-feats[5.5.1074~1-71f3]:main():compute-fbank-feats.cc:182) Processed features for key MC03_15
VLOG[2] (compute-fbank-feats[5.5.1074~1-71f3]:main():compute-fbank-feats.cc:182) Processed features for key MC03_150
VLOG[2] (compute-fbank-feats[5.5.1074~1-71f3]:main():compute-fbank-feats.cc:182) Processed features for key MC03_152
VLOG[2] (compute-fbank-feats[5.5.1074~1-71f3]:main():compute-fbank-feats.cc:182) Processed features for key MC03_155
LOG (compute-fbank-feats[5.5.1074~1-71f3]:main():compute-fbank-feats.cc:181) Processed 50 utterances
VLOG[2] (compute-fbank-feats[5.5.1074~1-71f3]:main():compute-fbank-feats.cc:182) Processed features for key MC03_157
VLOG[2] (compute-fbank-feats[5.5.1074~1-71f3]:main():compute-fbank-feats.cc:182) Processed features for key MC03_158
VLOG[2] (compute-fbank-feats[5.5.1074~1-71f3]:main():compute-fbank-feats.cc:182) Processed features for key MC03_159
VLOG[2] (compute-kaldi-pitch-feats[5.5.1074~1-71f3]:main():compute-kaldi-pitch-feats.cc:107) Processed 50 utterances
VLOG[2] (compute-fbank-feats[5.5.1074~1-71f3]:main():compute-fbank-feats.cc:182) Processed features for key MC03_16
VLOG[2] (compute-fbank-feats[5.5.1074~1-71f3]:main():compute-fbank-feats.cc:182) Processed features for key MC03_161
VLOG[2] (compute-fbank-feats[5.5.1074~1-71f3]:main():compute-fbank-feats.cc:182) Processed features for key MC03_163
VLOG[2] (compute-fbank-feats[5.5.1074~1-71f3]:main():compute-fbank-feats.cc:182) Processed features for key MC03_164
VLOG[2] (compute-fbank-feats[5.5.1074~1-71f3]:main():compute-fbank-feats.cc:182) Processed features for key MC03_166
VLOG[2] (compute-fbank-feats[5.5.1074~1-71f3]:main():compute-fbank-feats.cc:182) Processed features for key MC03_167
VLOG[2] (compute-fbank-feats[5.5.1074~1-71f3]:main():compute-fbank-feats.cc:182) Processed features for key MC03_168
LOG (compute-fbank-feats[5.5.1074~1-71f3]:main():compute-fbank-feats.cc:181) Processed 60 utterances
VLOG[2] (compute-fbank-feats[5.5.1074~1-71f3]:main():compute-fbank-feats.cc:182) Processed features for key MC03_169
VLOG[2] (compute-fbank-feats[5.5.1074~1-71f3]:main():compute-fbank-feats.cc:182) Processed features for key MC03_17
VLOG[2] (compute-fbank-feats[5.5.1074~1-71f3]:main():compute-fbank-feats.cc:182) Processed features for key MC03_171
VLOG[2] (compute-fbank-feats[5.5.1074~1-71f3]:main():compute-fbank-feats.cc:182) Processed features for key MC03_173
VLOG[2] (compute-fbank-feats[5.5.1074~1-71f3]:main():compute-fbank-feats.cc:182) Processed features for key MC03_174
VLOG[2] (compute-fbank-feats[5.5.1074~1-71f3]:main():compute-fbank-feats.cc:182) Processed features for key MC03_176
VLOG[2] (compute-fbank-feats[5.5.1074~1-71f3]:main():compute-fbank-feats.cc:182) Processed features for key MC03_177
VLOG[2] (compute-fbank-feats[5.5.1074~1-71f3]:main():compute-fbank-feats.cc:182) Processed features for key MC03_179
VLOG[2] (compute-fbank-feats[5.5.1074~1-71f3]:main():compute-fbank-feats.cc:182) Processed features for key MC03_18
VLOG[2] (compute-fbank-feats[5.5.1074~1-71f3]:main():compute-fbank-feats.cc:182) Processed features for key MC03_180
LOG (compute-fbank-feats[5.5.1074~1-71f3]:main():compute-fbank-feats.cc:181) Processed 70 utterances
VLOG[2] (compute-fbank-feats[5.5.1074~1-71f3]:main():compute-fbank-feats.cc:182) Processed features for key MC03_181
VLOG[2] (compute-fbank-feats[5.5.1074~1-71f3]:main():compute-fbank-feats.cc:182) Processed features for key MC03_183
VLOG[2] (compute-fbank-feats[5.5.1074~1-71f3]:main():compute-fbank-feats.cc:182) Processed features for key MC03_184
VLOG[2] (compute-fbank-feats[5.5.1074~1-71f3]:main():compute-fbank-feats.cc:182) Processed features for key MC03_186
VLOG[2] (compute-fbank-feats[5.5.1074~1-71f3]:main():compute-fbank-feats.cc:182) Processed features for key MC03_187
VLOG[2] (compute-fbank-feats[5.5.1074~1-71f3]:main():compute-fbank-feats.cc:182) Processed features for key MC03_188
VLOG[2] (compute-fbank-feats[5.5.1074~1-71f3]:main():compute-fbank-feats.cc:182) Processed features for key MC03_189
VLOG[2] (compute-fbank-feats[5.5.1074~1-71f3]:main():compute-fbank-feats.cc:182) Processed features for key MC03_19
VLOG[2] (compute-fbank-feats[5.5.1074~1-71f3]:main():compute-fbank-feats.cc:182) Processed features for key MC03_190
VLOG[2] (compute-fbank-feats[5.5.1074~1-71f3]:main():compute-fbank-feats.cc:182) Processed features for key MC03_191
LOG (compute-fbank-feats[5.5.1074~1-71f3]:main():compute-fbank-feats.cc:181) Processed 80 utterances
VLOG[2] (compute-fbank-feats[5.5.1074~1-71f3]:main():compute-fbank-feats.cc:182) Processed features for key MC03_192
VLOG[2] (compute-fbank-feats[5.5.1074~1-71f3]:main():compute-fbank-feats.cc:182) Processed features for key MC03_194
VLOG[2] (compute-fbank-feats[5.5.1074~1-71f3]:main():compute-fbank-feats.cc:182) Processed features for key MC03_195
VLOG[2] (compute-fbank-feats[5.5.1074~1-71f3]:main():compute-fbank-feats.cc:182) Processed features for key MC03_196
VLOG[2] (compute-fbank-feats[5.5.1074~1-71f3]:main():compute-fbank-feats.cc:182) Processed features for key MC03_197
VLOG[2] (compute-fbank-feats[5.5.1074~1-71f3]:main():compute-fbank-feats.cc:182) Processed features for key MC03_198
VLOG[2] (compute-fbank-feats[5.5.1074~1-71f3]:main():compute-fbank-feats.cc:182) Processed features for key MC03_199
VLOG[2] (compute-fbank-feats[5.5.1074~1-71f3]:main():compute-fbank-feats.cc:182) Processed features for key MC03_20
VLOG[2] (compute-fbank-feats[5.5.1074~1-71f3]:main():compute-fbank-feats.cc:182) Processed features for key MC03_201
VLOG[2] (compute-fbank-feats[5.5.1074~1-71f3]:main():compute-fbank-feats.cc:182) Processed features for key MC03_202
LOG (compute-fbank-feats[5.5.1074~1-71f3]:main():compute-fbank-feats.cc:181) Processed 90 utterances
VLOG[2] (compute-fbank-feats[5.5.1074~1-71f3]:main():compute-fbank-feats.cc:182) Processed features for key MC03_203
VLOG[2] (compute-fbank-feats[5.5.1074~1-71f3]:main():compute-fbank-feats.cc:182) Processed features for key MC03_205
VLOG[2] (compute-fbank-feats[5.5.1074~1-71f3]:main():compute-fbank-feats.cc:182) Processed features for key MC03_206
VLOG[2] (compute-fbank-feats[5.5.1074~1-71f3]:main():compute-fbank-feats.cc:182) Processed features for key MC03_207
VLOG[2] (compute-fbank-feats[5.5.1074~1-71f3]:main():compute-fbank-feats.cc:182) Processed features for key MC03_208
VLOG[2] (compute-fbank-feats[5.5.1074~1-71f3]:main():compute-fbank-feats.cc:182) Processed features for key MC03_21
VLOG[2] (compute-fbank-feats[5.5.1074~1-71f3]:main():compute-fbank-feats.cc:182) Processed features for key MC03_210
VLOG[2] (compute-fbank-feats[5.5.1074~1-71f3]:main():compute-fbank-feats.cc:182) Processed features for key MC03_211
VLOG[2] (compute-fbank-feats[5.5.1074~1-71f3]:main():compute-fbank-feats.cc:182) Processed features for key MC03_212
VLOG[2] (compute-fbank-feats[5.5.1074~1-71f3]:main():compute-fbank-feats.cc:182) Processed features for key MC03_213
LOG (compute-fbank-feats[5.5.1074~1-71f3]:main():compute-fbank-feats.cc:181) Processed 100 utterances
VLOG[2] (compute-fbank-feats[5.5.1074~1-71f3]:main():compute-fbank-feats.cc:182) Processed features for key MC03_214
VLOG[2] (compute-fbank-feats[5.5.1074~1-71f3]:main():compute-fbank-feats.cc:182) Processed features for key MC03_215
VLOG[2] (compute-kaldi-pitch-feats[5.5.1074~1-71f3]:main():compute-kaldi-pitch-feats.cc:107) Processed 100 utterances
VLOG[2] (compute-fbank-feats[5.5.1074~1-71f3]:main():compute-fbank-feats.cc:182) Processed features for key MC03_216
VLOG[2] (compute-fbank-feats[5.5.1074~1-71f3]:main():compute-fbank-feats.cc:182) Processed features for key MC03_217
VLOG[2] (compute-fbank-feats[5.5.1074~1-71f3]:main():compute-fbank-feats.cc:182) Processed features for key MC03_218
VLOG[2] (compute-fbank-feats[5.5.1074~1-71f3]:main():compute-fbank-feats.cc:182) Processed features for key MC03_219
VLOG[2] (compute-fbank-feats[5.5.1074~1-71f3]:main():compute-fbank-feats.cc:182) Processed features for key MC03_220
VLOG[2] (compute-fbank-feats[5.5.1074~1-71f3]:main():compute-fbank-feats.cc:182) Processed features for key MC03_222
VLOG[2] (compute-fbank-feats[5.5.1074~1-71f3]:main():compute-fbank-feats.cc:182) Processed features for key MC03_223
VLOG[2] (compute-fbank-feats[5.5.1074~1-71f3]:main():compute-fbank-feats.cc:182) Processed features for key MC03_224
LOG (compute-fbank-feats[5.5.1074~1-71f3]:main():compute-fbank-feats.cc:181) Processed 110 utterances
VLOG[2] (compute-fbank-feats[5.5.1074~1-71f3]:main():compute-fbank-feats.cc:182) Processed features for key MC03_225
VLOG[2] (compute-fbank-feats[5.5.1074~1-71f3]:main():compute-fbank-feats.cc:182) Processed features for key MC03_226
VLOG[2] (compute-fbank-feats[5.5.1074~1-71f3]:main():compute-fbank-feats.cc:182) Processed features for key MC03_227
VLOG[2] (compute-fbank-feats[5.5.1074~1-71f3]:main():compute-fbank-feats.cc:182) Processed features for key MC03_228
VLOG[2] (compute-fbank-feats[5.5.1074~1-71f3]:main():compute-fbank-feats.cc:182) Processed features for key MC03_229
VLOG[2] (compute-fbank-feats[5.5.1074~1-71f3]:main():compute-fbank-feats.cc:182) Processed features for key MC03_23
VLOG[2] (compute-fbank-feats[5.5.1074~1-71f3]:main():compute-fbank-feats.cc:182) Processed features for key MC03_230
VLOG[2] (compute-fbank-feats[5.5.1074~1-71f3]:main():compute-fbank-feats.cc:182) Processed features for key MC03_231
VLOG[2] (compute-fbank-feats[5.5.1074~1-71f3]:main():compute-fbank-feats.cc:182) Processed features for key MC03_232
VLOG[2] (compute-fbank-feats[5.5.1074~1-71f3]:main():compute-fbank-feats.cc:182) Processed features for key MC03_234
LOG (compute-fbank-feats[5.5.1074~1-71f3]:main():compute-fbank-feats.cc:181) Processed 120 utterances
VLOG[2] (compute-fbank-feats[5.5.1074~1-71f3]:main():compute-fbank-feats.cc:182) Processed features for key MC03_235
VLOG[2] (compute-fbank-feats[5.5.1074~1-71f3]:main():compute-fbank-feats.cc:182) Processed features for key MC03_236
VLOG[2] (compute-fbank-feats[5.5.1074~1-71f3]:main():compute-fbank-feats.cc:182) Processed features for key MC03_237
VLOG[2] (compute-fbank-feats[5.5.1074~1-71f3]:main():compute-fbank-feats.cc:182) Processed features for key MC03_238
VLOG[2] (compute-fbank-feats[5.5.1074~1-71f3]:main():compute-fbank-feats.cc:182) Processed features for key MC03_240
VLOG[2] (compute-fbank-feats[5.5.1074~1-71f3]:main():compute-fbank-feats.cc:182) Processed features for key MC03_241
VLOG[2] (compute-fbank-feats[5.5.1074~1-71f3]:main():compute-fbank-feats.cc:182) Processed features for key MC03_242
VLOG[2] (compute-fbank-feats[5.5.1074~1-71f3]:main():compute-fbank-feats.cc:182) Processed features for key MC03_243
VLOG[2] (compute-fbank-feats[5.5.1074~1-71f3]:main():compute-fbank-feats.cc:182) Processed features for key MC03_244
VLOG[2] (compute-fbank-feats[5.5.1074~1-71f3]:main():compute-fbank-feats.cc:182) Processed features for key MC03_248
LOG (compute-fbank-feats[5.5.1074~1-71f3]:main():compute-fbank-feats.cc:181) Processed 130 utterances
VLOG[2] (compute-fbank-feats[5.5.1074~1-71f3]:main():compute-fbank-feats.cc:182) Processed features for key MC03_249
VLOG[2] (compute-fbank-feats[5.5.1074~1-71f3]:main():compute-fbank-feats.cc:182) Processed features for key MC03_250
VLOG[2] (compute-fbank-feats[5.5.1074~1-71f3]:main():compute-fbank-feats.cc:182) Processed features for key MC03_251
VLOG[2] (compute-fbank-feats[5.5.1074~1-71f3]:main():compute-fbank-feats.cc:182) Processed features for key MC03_252
VLOG[2] (compute-fbank-feats[5.5.1074~1-71f3]:main():compute-fbank-feats.cc:182) Processed features for key MC03_253
VLOG[2] (compute-fbank-feats[5.5.1074~1-71f3]:main():compute-fbank-feats.cc:182) Processed features for key MC03_254
VLOG[2] (compute-fbank-feats[5.5.1074~1-71f3]:main():compute-fbank-feats.cc:182) Processed features for key MC03_255
VLOG[2] (compute-fbank-feats[5.5.1074~1-71f3]:main():compute-fbank-feats.cc:182) Processed features for key MC03_256
VLOG[2] (compute-fbank-feats[5.5.1074~1-71f3]:main():compute-fbank-feats.cc:182) Processed features for key MC03_257
VLOG[2] (compute-fbank-feats[5.5.1074~1-71f3]:main():compute-fbank-feats.cc:182) Processed features for key MC03_258
LOG (compute-fbank-feats[5.5.1074~1-71f3]:main():compute-fbank-feats.cc:181) Processed 140 utterances
VLOG[2] (compute-fbank-feats[5.5.1074~1-71f3]:main():compute-fbank-feats.cc:182) Processed features for key MC03_259
VLOG[2] (compute-fbank-feats[5.5.1074~1-71f3]:main():compute-fbank-feats.cc:182) Processed features for key MC03_26
VLOG[2] (compute-fbank-feats[5.5.1074~1-71f3]:main():compute-fbank-feats.cc:182) Processed features for key MC03_260
VLOG[2] (compute-fbank-feats[5.5.1074~1-71f3]:main():compute-fbank-feats.cc:182) Processed features for key MC03_261
VLOG[2] (compute-fbank-feats[5.5.1074~1-71f3]:main():compute-fbank-feats.cc:182) Processed features for key MC03_262
VLOG[2] (compute-fbank-feats[5.5.1074~1-71f3]:main():compute-fbank-feats.cc:182) Processed features for key MC03_263
VLOG[2] (compute-fbank-feats[5.5.1074~1-71f3]:main():compute-fbank-feats.cc:182) Processed features for key MC03_265
VLOG[2] (compute-fbank-feats[5.5.1074~1-71f3]:main():compute-fbank-feats.cc:182) Processed features for key MC03_266
VLOG[2] (compute-fbank-feats[5.5.1074~1-71f3]:main():compute-fbank-feats.cc:182) Processed features for key MC03_267
VLOG[2] (compute-fbank-feats[5.5.1074~1-71f3]:main():compute-fbank-feats.cc:182) Processed features for key MC03_268
LOG (compute-fbank-feats[5.5.1074~1-71f3]:main():compute-fbank-feats.cc:181) Processed 150 utterances
VLOG[2] (compute-fbank-feats[5.5.1074~1-71f3]:main():compute-fbank-feats.cc:182) Processed features for key MC03_27
VLOG[2] (compute-fbank-feats[5.5.1074~1-71f3]:main():compute-fbank-feats.cc:182) Processed features for key MC03_270
VLOG[2] (compute-kaldi-pitch-feats[5.5.1074~1-71f3]:main():compute-kaldi-pitch-feats.cc:107) Processed 150 utterances
VLOG[2] (compute-fbank-feats[5.5.1074~1-71f3]:main():compute-fbank-feats.cc:182) Processed features for key MC03_271
VLOG[2] (compute-fbank-feats[5.5.1074~1-71f3]:main():compute-fbank-feats.cc:182) Processed features for key MC03_272
VLOG[2] (compute-fbank-feats[5.5.1074~1-71f3]:main():compute-fbank-feats.cc:182) Processed features for key MC03_274
VLOG[2] (compute-fbank-feats[5.5.1074~1-71f3]:main():compute-fbank-feats.cc:182) Processed features for key MC03_276
VLOG[2] (compute-fbank-feats[5.5.1074~1-71f3]:main():compute-fbank-feats.cc:182) Processed features for key MC03_277
VLOG[2] (compute-fbank-feats[5.5.1074~1-71f3]:main():compute-fbank-feats.cc:182) Processed features for key MC03_280
VLOG[2] (compute-fbank-feats[5.5.1074~1-71f3]:main():compute-fbank-feats.cc:182) Processed features for key MC03_281
VLOG[2] (compute-fbank-feats[5.5.1074~1-71f3]:main():compute-fbank-feats.cc:182) Processed features for key MC03_282
LOG (compute-fbank-feats[5.5.1074~1-71f3]:main():compute-fbank-feats.cc:181) Processed 160 utterances
VLOG[2] (compute-fbank-feats[5.5.1074~1-71f3]:main():compute-fbank-feats.cc:182) Processed features for key MC03_283
VLOG[2] (compute-fbank-feats[5.5.1074~1-71f3]:main():compute-fbank-feats.cc:182) Processed features for key MC03_284
VLOG[2] (compute-fbank-feats[5.5.1074~1-71f3]:main():compute-fbank-feats.cc:182) Processed features for key MC03_285
VLOG[2] (compute-fbank-feats[5.5.1074~1-71f3]:main():compute-fbank-feats.cc:182) Processed features for key MC03_286
VLOG[2] (compute-fbank-feats[5.5.1074~1-71f3]:main():compute-fbank-feats.cc:182) Processed features for key MC03_287
VLOG[2] (compute-fbank-feats[5.5.1074~1-71f3]:main():compute-fbank-feats.cc:182) Processed features for key MC03_288
VLOG[2] (compute-fbank-feats[5.5.1074~1-71f3]:main():compute-fbank-feats.cc:182) Processed features for key MC03_289
VLOG[2] (compute-fbank-feats[5.5.1074~1-71f3]:main():compute-fbank-feats.cc:182) Processed features for key MC03_290
VLOG[2] (compute-fbank-feats[5.5.1074~1-71f3]:main():compute-fbank-feats.cc:182) Processed features for key MC03_292
VLOG[2] (compute-fbank-feats[5.5.1074~1-71f3]:main():compute-fbank-feats.cc:182) Processed features for key MC03_293
LOG (compute-fbank-feats[5.5.1074~1-71f3]:main():compute-fbank-feats.cc:181) Processed 170 utterances
VLOG[2] (compute-fbank-feats[5.5.1074~1-71f3]:main():compute-fbank-feats.cc:182) Processed features for key MC03_294
VLOG[2] (compute-fbank-feats[5.5.1074~1-71f3]:main():compute-fbank-feats.cc:182) Processed features for key MC03_295
VLOG[2] (compute-fbank-feats[5.5.1074~1-71f3]:main():compute-fbank-feats.cc:182) Processed features for key MC03_296
VLOG[2] (compute-fbank-feats[5.5.1074~1-71f3]:main():compute-fbank-feats.cc:182) Processed features for key MC03_297
VLOG[2] (compute-fbank-feats[5.5.1074~1-71f3]:main():compute-fbank-feats.cc:182) Processed features for key MC03_298
VLOG[2] (compute-fbank-feats[5.5.1074~1-71f3]:main():compute-fbank-feats.cc:182) Processed features for key MC03_299
VLOG[2] (compute-fbank-feats[5.5.1074~1-71f3]:main():compute-fbank-feats.cc:182) Processed features for key MC03_3
VLOG[2] (compute-fbank-feats[5.5.1074~1-71f3]:main():compute-fbank-feats.cc:182) Processed features for key MC03_30
VLOG[2] (compute-fbank-feats[5.5.1074~1-71f3]:main():compute-fbank-feats.cc:182) Processed features for key MC03_300
VLOG[2] (compute-fbank-feats[5.5.1074~1-71f3]:main():compute-fbank-feats.cc:182) Processed features for key MC03_302
LOG (compute-fbank-feats[5.5.1074~1-71f3]:main():compute-fbank-feats.cc:181) Processed 180 utterances
VLOG[2] (compute-fbank-feats[5.5.1074~1-71f3]:main():compute-fbank-feats.cc:182) Processed features for key MC03_303
VLOG[2] (compute-fbank-feats[5.5.1074~1-71f3]:main():compute-fbank-feats.cc:182) Processed features for key MC03_304
VLOG[2] (compute-fbank-feats[5.5.1074~1-71f3]:main():compute-fbank-feats.cc:182) Processed features for key MC03_305
VLOG[2] (compute-fbank-feats[5.5.1074~1-71f3]:main():compute-fbank-feats.cc:182) Processed features for key MC03_306
VLOG[2] (compute-fbank-feats[5.5.1074~1-71f3]:main():compute-fbank-feats.cc:182) Processed features for key MC03_307
VLOG[2] (compute-fbank-feats[5.5.1074~1-71f3]:main():compute-fbank-feats.cc:182) Processed features for key MC03_308
VLOG[2] (compute-fbank-feats[5.5.1074~1-71f3]:main():compute-fbank-feats.cc:182) Processed features for key MC03_309
VLOG[2] (compute-fbank-feats[5.5.1074~1-71f3]:main():compute-fbank-feats.cc:182) Processed features for key MC03_310
VLOG[2] (compute-fbank-feats[5.5.1074~1-71f3]:main():compute-fbank-feats.cc:182) Processed features for key MC03_311
VLOG[2] (compute-fbank-feats[5.5.1074~1-71f3]:main():compute-fbank-feats.cc:182) Processed features for key MC03_312
LOG (compute-fbank-feats[5.5.1074~1-71f3]:main():compute-fbank-feats.cc:181) Processed 190 utterances
VLOG[2] (compute-fbank-feats[5.5.1074~1-71f3]:main():compute-fbank-feats.cc:182) Processed features for key MC03_313
VLOG[2] (compute-fbank-feats[5.5.1074~1-71f3]:main():compute-fbank-feats.cc:182) Processed features for key MC03_314
VLOG[2] (compute-fbank-feats[5.5.1074~1-71f3]:main():compute-fbank-feats.cc:182) Processed features for key MC03_315
VLOG[2] (compute-fbank-feats[5.5.1074~1-71f3]:main():compute-fbank-feats.cc:182) Processed features for key MC03_316
VLOG[2] (compute-fbank-feats[5.5.1074~1-71f3]:main():compute-fbank-feats.cc:182) Processed features for key MC03_317
VLOG[2] (compute-fbank-feats[5.5.1074~1-71f3]:main():compute-fbank-feats.cc:182) Processed features for key MC03_318
VLOG[2] (compute-fbank-feats[5.5.1074~1-71f3]:main():compute-fbank-feats.cc:182) Processed features for key MC03_319
VLOG[2] (compute-fbank-feats[5.5.1074~1-71f3]:main():compute-fbank-feats.cc:182) Processed features for key MC03_32
VLOG[2] (compute-fbank-feats[5.5.1074~1-71f3]:main():compute-fbank-feats.cc:182) Processed features for key MC03_320
VLOG[2] (compute-fbank-feats[5.5.1074~1-71f3]:main():compute-fbank-feats.cc:182) Processed features for key MC03_321
LOG (compute-fbank-feats[5.5.1074~1-71f3]:main():compute-fbank-feats.cc:181) Processed 200 utterances
VLOG[2] (compute-fbank-feats[5.5.1074~1-71f3]:main():compute-fbank-feats.cc:182) Processed features for key MC03_322
VLOG[2] (compute-fbank-feats[5.5.1074~1-71f3]:main():compute-fbank-feats.cc:182) Processed features for key MC03_323
VLOG[2] (compute-fbank-feats[5.5.1074~1-71f3]:main():compute-fbank-feats.cc:182) Processed features for key MC03_324
VLOG[2] (compute-kaldi-pitch-feats[5.5.1074~1-71f3]:main():compute-kaldi-pitch-feats.cc:107) Processed 200 utterances
VLOG[2] (compute-fbank-feats[5.5.1074~1-71f3]:main():compute-fbank-feats.cc:182) Processed features for key MC03_325
VLOG[2] (compute-fbank-feats[5.5.1074~1-71f3]:main():compute-fbank-feats.cc:182) Processed features for key MC03_326
VLOG[2] (compute-fbank-feats[5.5.1074~1-71f3]:main():compute-fbank-feats.cc:182) Processed features for key MC03_33
VLOG[2] (compute-fbank-feats[5.5.1074~1-71f3]:main():compute-fbank-feats.cc:182) Processed features for key MC03_330
VLOG[2] (compute-fbank-feats[5.5.1074~1-71f3]:main():compute-fbank-feats.cc:182) Processed features for key MC03_332
VLOG[2] (compute-fbank-feats[5.5.1074~1-71f3]:main():compute-fbank-feats.cc:182) Processed features for key MC03_333
VLOG[2] (compute-fbank-feats[5.5.1074~1-71f3]:main():compute-fbank-feats.cc:182) Processed features for key MC03_334
LOG (compute-fbank-feats[5.5.1074~1-71f3]:main():compute-fbank-feats.cc:181) Processed 210 utterances
VLOG[2] (compute-fbank-feats[5.5.1074~1-71f3]:main():compute-fbank-feats.cc:182) Processed features for key MC03_335
VLOG[2] (compute-fbank-feats[5.5.1074~1-71f3]:main():compute-fbank-feats.cc:182) Processed features for key MC03_336
VLOG[2] (compute-fbank-feats[5.5.1074~1-71f3]:main():compute-fbank-feats.cc:182) Processed features for key MC03_337
VLOG[2] (compute-fbank-feats[5.5.1074~1-71f3]:main():compute-fbank-feats.cc:182) Processed features for key MC03_338
VLOG[2] (compute-fbank-feats[5.5.1074~1-71f3]:main():compute-fbank-feats.cc:182) Processed features for key MC03_339
VLOG[2] (compute-fbank-feats[5.5.1074~1-71f3]:main():compute-fbank-feats.cc:182) Processed features for key MC03_340
VLOG[2] (compute-fbank-feats[5.5.1074~1-71f3]:main():compute-fbank-feats.cc:182) Processed features for key MC03_341
VLOG[2] (compute-fbank-feats[5.5.1074~1-71f3]:main():compute-fbank-feats.cc:182) Processed features for key MC03_343
VLOG[2] (compute-fbank-feats[5.5.1074~1-71f3]:main():compute-fbank-feats.cc:182) Processed features for key MC03_344
VLOG[2] (compute-fbank-feats[5.5.1074~1-71f3]:main():compute-fbank-feats.cc:182) Processed features for key MC03_345
LOG (compute-fbank-feats[5.5.1074~1-71f3]:main():compute-fbank-feats.cc:181) Processed 220 utterances
VLOG[2] (compute-fbank-feats[5.5.1074~1-71f3]:main():compute-fbank-feats.cc:182) Processed features for key MC03_346
VLOG[2] (compute-fbank-feats[5.5.1074~1-71f3]:main():compute-fbank-feats.cc:182) Processed features for key MC03_347
VLOG[2] (compute-fbank-feats[5.5.1074~1-71f3]:main():compute-fbank-feats.cc:182) Processed features for key MC03_348
VLOG[2] (compute-fbank-feats[5.5.1074~1-71f3]:main():compute-fbank-feats.cc:182) Processed features for key MC03_35
VLOG[2] (compute-fbank-feats[5.5.1074~1-71f3]:main():compute-fbank-feats.cc:182) Processed features for key MC03_350
VLOG[2] (compute-fbank-feats[5.5.1074~1-71f3]:main():compute-fbank-feats.cc:182) Processed features for key MC03_351
VLOG[2] (compute-fbank-feats[5.5.1074~1-71f3]:main():compute-fbank-feats.cc:182) Processed features for key MC03_352
VLOG[2] (compute-fbank-feats[5.5.1074~1-71f3]:main():compute-fbank-feats.cc:182) Processed features for key MC03_353
VLOG[2] (compute-fbank-feats[5.5.1074~1-71f3]:main():compute-fbank-feats.cc:182) Processed features for key MC03_355
VLOG[2] (compute-fbank-feats[5.5.1074~1-71f3]:main():compute-fbank-feats.cc:182) Processed features for key MC03_357
LOG (compute-fbank-feats[5.5.1074~1-71f3]:main():compute-fbank-feats.cc:181) Processed 230 utterances
VLOG[2] (compute-fbank-feats[5.5.1074~1-71f3]:main():compute-fbank-feats.cc:182) Processed features for key MC03_358
VLOG[2] (compute-fbank-feats[5.5.1074~1-71f3]:main():compute-fbank-feats.cc:182) Processed features for key MC03_359
VLOG[2] (compute-fbank-feats[5.5.1074~1-71f3]:main():compute-fbank-feats.cc:182) Processed features for key MC03_36
VLOG[2] (compute-fbank-feats[5.5.1074~1-71f3]:main():compute-fbank-feats.cc:182) Processed features for key MC03_360
VLOG[2] (compute-fbank-feats[5.5.1074~1-71f3]:main():compute-fbank-feats.cc:182) Processed features for key MC03_362
VLOG[2] (compute-fbank-feats[5.5.1074~1-71f3]:main():compute-fbank-feats.cc:182) Processed features for key MC03_364
VLOG[2] (compute-fbank-feats[5.5.1074~1-71f3]:main():compute-fbank-feats.cc:182) Processed features for key MC03_37
VLOG[2] (compute-fbank-feats[5.5.1074~1-71f3]:main():compute-fbank-feats.cc:182) Processed features for key MC03_38
VLOG[2] (compute-fbank-feats[5.5.1074~1-71f3]:main():compute-fbank-feats.cc:182) Processed features for key MC03_4
VLOG[2] (compute-fbank-feats[5.5.1074~1-71f3]:main():compute-fbank-feats.cc:182) Processed features for key MC03_42
LOG (compute-fbank-feats[5.5.1074~1-71f3]:main():compute-fbank-feats.cc:181) Processed 240 utterances
VLOG[2] (compute-fbank-feats[5.5.1074~1-71f3]:main():compute-fbank-feats.cc:182) Processed features for key MC03_43
VLOG[2] (compute-fbank-feats[5.5.1074~1-71f3]:main():compute-fbank-feats.cc:182) Processed features for key MC03_44
VLOG[2] (compute-fbank-feats[5.5.1074~1-71f3]:main():compute-fbank-feats.cc:182) Processed features for key MC03_45
VLOG[2] (compute-fbank-feats[5.5.1074~1-71f3]:main():compute-fbank-feats.cc:182) Processed features for key MC03_46
VLOG[2] (compute-fbank-feats[5.5.1074~1-71f3]:main():compute-fbank-feats.cc:182) Processed features for key MC03_50
VLOG[2] (compute-fbank-feats[5.5.1074~1-71f3]:main():compute-fbank-feats.cc:182) Processed features for key MC03_51
VLOG[2] (compute-fbank-feats[5.5.1074~1-71f3]:main():compute-fbank-feats.cc:182) Processed features for key MC03_52
VLOG[2] (compute-fbank-feats[5.5.1074~1-71f3]:main():compute-fbank-feats.cc:182) Processed features for key MC03_54
VLOG[2] (compute-fbank-feats[5.5.1074~1-71f3]:main():compute-fbank-feats.cc:182) Processed features for key MC03_55
VLOG[2] (compute-fbank-feats[5.5.1074~1-71f3]:main():compute-fbank-feats.cc:182) Processed features for key MC03_58
LOG (compute-fbank-feats[5.5.1074~1-71f3]:main():compute-fbank-feats.cc:181) Processed 250 utterances
VLOG[2] (compute-fbank-feats[5.5.1074~1-71f3]:main():compute-fbank-feats.cc:182) Processed features for key MC03_59
VLOG[2] (compute-fbank-feats[5.5.1074~1-71f3]:main():compute-fbank-feats.cc:182) Processed features for key MC03_6
VLOG[2] (compute-fbank-feats[5.5.1074~1-71f3]:main():compute-fbank-feats.cc:182) Processed features for key MC03_60
VLOG[2] (compute-kaldi-pitch-feats[5.5.1074~1-71f3]:main():compute-kaldi-pitch-feats.cc:107) Processed 250 utterances
VLOG[2] (compute-fbank-feats[5.5.1074~1-71f3]:main():compute-fbank-feats.cc:182) Processed features for key MC03_62
VLOG[2] (compute-fbank-feats[5.5.1074~1-71f3]:main():compute-fbank-feats.cc:182) Processed features for key MC03_63
VLOG[2] (compute-fbank-feats[5.5.1074~1-71f3]:main():compute-fbank-feats.cc:182) Processed features for key MC03_64
VLOG[2] (compute-fbank-feats[5.5.1074~1-71f3]:main():compute-fbank-feats.cc:182) Processed features for key MC03_65
VLOG[2] (compute-fbank-feats[5.5.1074~1-71f3]:main():compute-fbank-feats.cc:182) Processed features for key MC03_66
VLOG[2] (compute-fbank-feats[5.5.1074~1-71f3]:main():compute-fbank-feats.cc:182) Processed features for key MC03_67
VLOG[2] (compute-fbank-feats[5.5.1074~1-71f3]:main():compute-fbank-feats.cc:182) Processed features for key MC03_68
LOG (compute-fbank-feats[5.5.1074~1-71f3]:main():compute-fbank-feats.cc:181) Processed 260 utterances
VLOG[2] (compute-fbank-feats[5.5.1074~1-71f3]:main():compute-fbank-feats.cc:182) Processed features for key MC03_70
VLOG[2] (compute-fbank-feats[5.5.1074~1-71f3]:main():compute-fbank-feats.cc:182) Processed features for key MC03_71
VLOG[2] (compute-fbank-feats[5.5.1074~1-71f3]:main():compute-fbank-feats.cc:182) Processed features for key MC03_72
VLOG[2] (compute-fbank-feats[5.5.1074~1-71f3]:main():compute-fbank-feats.cc:182) Processed features for key MC03_73
VLOG[2] (compute-fbank-feats[5.5.1074~1-71f3]:main():compute-fbank-feats.cc:182) Processed features for key MC03_74
VLOG[2] (compute-fbank-feats[5.5.1074~1-71f3]:main():compute-fbank-feats.cc:182) Processed features for key MC03_75
VLOG[2] (compute-fbank-feats[5.5.1074~1-71f3]:main():compute-fbank-feats.cc:182) Processed features for key MC03_76
VLOG[2] (compute-fbank-feats[5.5.1074~1-71f3]:main():compute-fbank-feats.cc:182) Processed features for key MC03_78
VLOG[2] (compute-fbank-feats[5.5.1074~1-71f3]:main():compute-fbank-feats.cc:182) Processed features for key MC03_79
VLOG[2] (compute-fbank-feats[5.5.1074~1-71f3]:main():compute-fbank-feats.cc:182) Processed features for key MC03_8
LOG (compute-fbank-feats[5.5.1074~1-71f3]:main():compute-fbank-feats.cc:181) Processed 270 utterances
VLOG[2] (compute-fbank-feats[5.5.1074~1-71f3]:main():compute-fbank-feats.cc:182) Processed features for key MC03_80
VLOG[2] (compute-fbank-feats[5.5.1074~1-71f3]:main():compute-fbank-feats.cc:182) Processed features for key MC03_81
VLOG[2] (compute-fbank-feats[5.5.1074~1-71f3]:main():compute-fbank-feats.cc:182) Processed features for key MC03_82
VLOG[2] (compute-fbank-feats[5.5.1074~1-71f3]:main():compute-fbank-feats.cc:182) Processed features for key MC03_83
VLOG[2] (compute-fbank-feats[5.5.1074~1-71f3]:main():compute-fbank-feats.cc:182) Processed features for key MC03_84
VLOG[2] (compute-fbank-feats[5.5.1074~1-71f3]:main():compute-fbank-feats.cc:182) Processed features for key MC03_85
VLOG[2] (compute-fbank-feats[5.5.1074~1-71f3]:main():compute-fbank-feats.cc:182) Processed features for key MC03_86
VLOG[2] (compute-fbank-feats[5.5.1074~1-71f3]:main():compute-fbank-feats.cc:182) Processed features for key MC03_87
VLOG[2] (compute-fbank-feats[5.5.1074~1-71f3]:main():compute-fbank-feats.cc:182) Processed features for key MC03_90
VLOG[2] (compute-fbank-feats[5.5.1074~1-71f3]:main():compute-fbank-feats.cc:182) Processed features for key MC03_91
LOG (compute-fbank-feats[5.5.1074~1-71f3]:main():compute-fbank-feats.cc:181) Processed 280 utterances
VLOG[2] (compute-fbank-feats[5.5.1074~1-71f3]:main():compute-fbank-feats.cc:182) Processed features for key MC03_92
VLOG[2] (compute-fbank-feats[5.5.1074~1-71f3]:main():compute-fbank-feats.cc:182) Processed features for key MC03_93
VLOG[2] (compute-fbank-feats[5.5.1074~1-71f3]:main():compute-fbank-feats.cc:182) Processed features for key MC03_94
VLOG[2] (compute-fbank-feats[5.5.1074~1-71f3]:main():compute-fbank-feats.cc:182) Processed features for key MC03_95
VLOG[2] (compute-fbank-feats[5.5.1074~1-71f3]:main():compute-fbank-feats.cc:182) Processed features for key MC03_96
VLOG[2] (compute-fbank-feats[5.5.1074~1-71f3]:main():compute-fbank-feats.cc:182) Processed features for key MC03_97
VLOG[2] (compute-fbank-feats[5.5.1074~1-71f3]:main():compute-fbank-feats.cc:182) Processed features for key MC03_98
VLOG[2] (compute-fbank-feats[5.5.1074~1-71f3]:main():compute-fbank-feats.cc:182) Processed features for key MC03_99
VLOG[2] (compute-fbank-feats[5.5.1074~1-71f3]:main():compute-fbank-feats.cc:182) Processed features for key MC04_1
VLOG[2] (compute-fbank-feats[5.5.1074~1-71f3]:main():compute-fbank-feats.cc:182) Processed features for key MC04_10
LOG (compute-fbank-feats[5.5.1074~1-71f3]:main():compute-fbank-feats.cc:181) Processed 290 utterances
VLOG[2] (compute-fbank-feats[5.5.1074~1-71f3]:main():compute-fbank-feats.cc:182) Processed features for key MC04_100
VLOG[2] (compute-fbank-feats[5.5.1074~1-71f3]:main():compute-fbank-feats.cc:182) Processed features for key MC04_101
LOG (compute-kaldi-pitch-feats[5.5.1074~1-71f3]:main():compute-kaldi-pitch-feats.cc:110) Done 292 utterances, 0 with errors.
VLOG[2] (compute-fbank-feats[5.5.1074~1-71f3]:main():compute-fbank-feats.cc:182) Processed features for key MC04_102
LOG (compute-fbank-feats[5.5.1074~1-71f3]:main():compute-fbank-feats.cc:185)  Done 292 out of 292 utterances.
LOG (process-kaldi-pitch-feats[5.5.1074~1-71f3]:main():process-kaldi-pitch-feats.cc:85) Post-processed pitch for 292 utterances.
LOG (paste-feats[5.5.1074~1-71f3]:main():paste-feats.cc:158) Done 292 utts, errors on 0
LOG (copy-feats[5.5.1074~1-71f3]:main():copy-feats.cc:143) Copied 292 feature matrices.
# Accounting: time=1 threads=1
# Ended (code 0) at Thu Aug  3 11:41:54 IST 2023, elapsed time 1 seconds
