# paste-feats --length-tolerance=2 "ark:compute-fbank-feats  --write-utt2dur=ark,t:data-fbank/train/log/utt2dur.3    --verbose=2 --config=conf/fbank.conf scp,p:data-fbank/train/log/wav_train.3.scp ark:- |" "ark,s,cs:compute-kaldi-pitch-feats --verbose=2       --config=conf/pitch.conf scp,p:data-fbank/train/log/wav_train.3.scp ark:- |     process-kaldi-pitch-feats  ark:- ark:- |" ark:- | copy-feats --compress=true --write-num-frames=ark,t:data-fbank/train/log/utt2num_frames.3 ark:- ark,scp:/media/speech/hdd-1tb/2024_B1/Tamil_ASR_normal/data-fbank/train/data/raw_fbank_pitch_train.3.ark,/media/speech/hdd-1tb/2024_B1/Tamil_ASR_normal/data-fbank/train/data/raw_fbank_pitch_train.3.scp 
# Started at Thu Aug  3 11:41:53 IST 2023
#
paste-feats --length-tolerance=2 'ark:compute-fbank-feats  --write-utt2dur=ark,t:data-fbank/train/log/utt2dur.3    --verbose=2 --config=conf/fbank.conf scp,p:data-fbank/train/log/wav_train.3.scp ark:- |' 'ark,s,cs:compute-kaldi-pitch-feats --verbose=2       --config=conf/pitch.conf scp,p:data-fbank/train/log/wav_train.3.scp ark:- |     process-kaldi-pitch-feats  ark:- ark:- |' ark:- 
copy-feats --compress=true --write-num-frames=ark,t:data-fbank/train/log/utt2num_frames.3 ark:- ark,scp:/media/speech/hdd-1tb/2024_B1/Tamil_ASR_normal/data-fbank/train/data/raw_fbank_pitch_train.3.ark,/media/speech/hdd-1tb/2024_B1/Tamil_ASR_normal/data-fbank/train/data/raw_fbank_pitch_train.3.scp 
compute-fbank-feats --write-utt2dur=ark,t:data-fbank/train/log/utt2dur.3 --verbose=2 --config=conf/fbank.conf scp,p:data-fbank/train/log/wav_train.3.scp ark:- 
VLOG[2] (compute-fbank-feats[5.5.1074~1-71f3]:main():compute-fbank-feats.cc:182) Processed features for key FC03_102
compute-kaldi-pitch-feats --verbose=2 --config=conf/pitch.conf scp,p:data-fbank/train/log/wav_train.3.scp ark:- 
process-kaldi-pitch-feats ark:- ark:- 
VLOG[2] (compute-fbank-feats[5.5.1074~1-71f3]:main():compute-fbank-feats.cc:182) Processed features for key FC03_103
VLOG[2] (compute-fbank-feats[5.5.1074~1-71f3]:main():compute-fbank-feats.cc:182) Processed features for key FC03_104
VLOG[2] (compute-fbank-feats[5.5.1074~1-71f3]:main():compute-fbank-feats.cc:182) Processed features for key FC03_105
VLOG[2] (compute-fbank-feats[5.5.1074~1-71f3]:main():compute-fbank-feats.cc:182) Processed features for key FC03_106
VLOG[2] (compute-fbank-feats[5.5.1074~1-71f3]:main():compute-fbank-feats.cc:182) Processed features for key FC03_107
VLOG[2] (compute-fbank-feats[5.5.1074~1-71f3]:main():compute-fbank-feats.cc:182) Processed features for key FC03_108
VLOG[2] (compute-fbank-feats[5.5.1074~1-71f3]:main():compute-fbank-feats.cc:182) Processed features for key FC03_109
VLOG[2] (compute-fbank-feats[5.5.1074~1-71f3]:main():compute-fbank-feats.cc:182) Processed features for key FC03_110
LOG (compute-fbank-feats[5.5.1074~1-71f3]:main():compute-fbank-feats.cc:181) Processed 10 utterances
VLOG[2] (compute-fbank-feats[5.5.1074~1-71f3]:main():compute-fbank-feats.cc:182) Processed features for key FC03_111
VLOG[2] (compute-fbank-feats[5.5.1074~1-71f3]:main():compute-fbank-feats.cc:182) Processed features for key FC03_112
VLOG[2] (compute-fbank-feats[5.5.1074~1-71f3]:main():compute-fbank-feats.cc:182) Processed features for key FC03_113
VLOG[2] (compute-fbank-feats[5.5.1074~1-71f3]:main():compute-fbank-feats.cc:182) Processed features for key FC03_114
VLOG[2] (compute-fbank-feats[5.5.1074~1-71f3]:main():compute-fbank-feats.cc:182) Processed features for key FC03_115
VLOG[2] (compute-fbank-feats[5.5.1074~1-71f3]:main():compute-fbank-feats.cc:182) Processed features for key FC03_116
VLOG[2] (compute-fbank-feats[5.5.1074~1-71f3]:main():compute-fbank-feats.cc:182) Processed features for key FC03_117
VLOG[2] (compute-fbank-feats[5.5.1074~1-71f3]:main():compute-fbank-feats.cc:182) Processed features for key FC03_118
VLOG[2] (compute-fbank-feats[5.5.1074~1-71f3]:main():compute-fbank-feats.cc:182) Processed features for key FC03_119
VLOG[2] (compute-fbank-feats[5.5.1074~1-71f3]:main():compute-fbank-feats.cc:182) Processed features for key FC03_120
LOG (compute-fbank-feats[5.5.1074~1-71f3]:main():compute-fbank-feats.cc:181) Processed 20 utterances
VLOG[2] (compute-fbank-feats[5.5.1074~1-71f3]:main():compute-fbank-feats.cc:182) Processed features for key FC03_121
VLOG[2] (compute-fbank-feats[5.5.1074~1-71f3]:main():compute-fbank-feats.cc:182) Processed features for key FC03_122
VLOG[2] (compute-fbank-feats[5.5.1074~1-71f3]:main():compute-fbank-feats.cc:182) Processed features for key FC03_123
VLOG[2] (compute-fbank-feats[5.5.1074~1-71f3]:main():compute-fbank-feats.cc:182) Processed features for key FC03_124
VLOG[2] (compute-fbank-feats[5.5.1074~1-71f3]:main():compute-fbank-feats.cc:182) Processed features for key FC03_126
VLOG[2] (compute-fbank-feats[5.5.1074~1-71f3]:main():compute-fbank-feats.cc:182) Processed features for key FC03_127
VLOG[2] (compute-fbank-feats[5.5.1074~1-71f3]:main():compute-fbank-feats.cc:182) Processed features for key FC03_128
VLOG[2] (compute-fbank-feats[5.5.1074~1-71f3]:main():compute-fbank-feats.cc:182) Processed features for key FC03_129
VLOG[2] (compute-fbank-feats[5.5.1074~1-71f3]:main():compute-fbank-feats.cc:182) Processed features for key FC03_13
VLOG[2] (compute-fbank-feats[5.5.1074~1-71f3]:main():compute-fbank-feats.cc:182) Processed features for key FC03_131
LOG (compute-fbank-feats[5.5.1074~1-71f3]:main():compute-fbank-feats.cc:181) Processed 30 utterances
VLOG[2] (compute-fbank-feats[5.5.1074~1-71f3]:main():compute-fbank-feats.cc:182) Processed features for key FC03_132
VLOG[2] (compute-fbank-feats[5.5.1074~1-71f3]:main():compute-fbank-feats.cc:182) Processed features for key FC03_133
VLOG[2] (compute-fbank-feats[5.5.1074~1-71f3]:main():compute-fbank-feats.cc:182) Processed features for key FC03_134
VLOG[2] (compute-fbank-feats[5.5.1074~1-71f3]:main():compute-fbank-feats.cc:182) Processed features for key FC03_135
VLOG[2] (compute-fbank-feats[5.5.1074~1-71f3]:main():compute-fbank-feats.cc:182) Processed features for key FC03_136
VLOG[2] (compute-fbank-feats[5.5.1074~1-71f3]:main():compute-fbank-feats.cc:182) Processed features for key FC03_138
VLOG[2] (compute-fbank-feats[5.5.1074~1-71f3]:main():compute-fbank-feats.cc:182) Processed features for key FC03_140
VLOG[2] (compute-fbank-feats[5.5.1074~1-71f3]:main():compute-fbank-feats.cc:182) Processed features for key FC03_141
VLOG[2] (compute-fbank-feats[5.5.1074~1-71f3]:main():compute-fbank-feats.cc:182) Processed features for key FC03_142
VLOG[2] (compute-fbank-feats[5.5.1074~1-71f3]:main():compute-fbank-feats.cc:182) Processed features for key FC03_143
LOG (compute-fbank-feats[5.5.1074~1-71f3]:main():compute-fbank-feats.cc:181) Processed 40 utterances
VLOG[2] (compute-fbank-feats[5.5.1074~1-71f3]:main():compute-fbank-feats.cc:182) Processed features for key FC03_144
VLOG[2] (compute-fbank-feats[5.5.1074~1-71f3]:main():compute-fbank-feats.cc:182) Processed features for key FC03_145
VLOG[2] (compute-fbank-feats[5.5.1074~1-71f3]:main():compute-fbank-feats.cc:182) Processed features for key FC03_147
VLOG[2] (compute-fbank-feats[5.5.1074~1-71f3]:main():compute-fbank-feats.cc:182) Processed features for key FC03_149
VLOG[2] (compute-fbank-feats[5.5.1074~1-71f3]:main():compute-fbank-feats.cc:182) Processed features for key FC03_15
VLOG[2] (compute-fbank-feats[5.5.1074~1-71f3]:main():compute-fbank-feats.cc:182) Processed features for key FC03_151
VLOG[2] (compute-fbank-feats[5.5.1074~1-71f3]:main():compute-fbank-feats.cc:182) Processed features for key FC03_152
VLOG[2] (compute-fbank-feats[5.5.1074~1-71f3]:main():compute-fbank-feats.cc:182) Processed features for key FC03_153
VLOG[2] (compute-fbank-feats[5.5.1074~1-71f3]:main():compute-fbank-feats.cc:182) Processed features for key FC03_154
VLOG[2] (compute-fbank-feats[5.5.1074~1-71f3]:main():compute-fbank-feats.cc:182) Processed features for key FC03_155
LOG (compute-fbank-feats[5.5.1074~1-71f3]:main():compute-fbank-feats.cc:181) Processed 50 utterances
VLOG[2] (compute-fbank-feats[5.5.1074~1-71f3]:main():compute-fbank-feats.cc:182) Processed features for key FC03_156
VLOG[2] (compute-fbank-feats[5.5.1074~1-71f3]:main():compute-fbank-feats.cc:182) Processed features for key FC03_157
VLOG[2] (compute-fbank-feats[5.5.1074~1-71f3]:main():compute-fbank-feats.cc:182) Processed features for key FC03_158
VLOG[2] (compute-fbank-feats[5.5.1074~1-71f3]:main():compute-fbank-feats.cc:182) Processed features for key FC03_159
VLOG[2] (compute-kaldi-pitch-feats[5.5.1074~1-71f3]:main():compute-kaldi-pitch-feats.cc:107) Processed 50 utterances
VLOG[2] (compute-fbank-feats[5.5.1074~1-71f3]:main():compute-fbank-feats.cc:182) Processed features for key FC03_16
VLOG[2] (compute-fbank-feats[5.5.1074~1-71f3]:main():compute-fbank-feats.cc:182) Processed features for key FC03_160
VLOG[2] (compute-fbank-feats[5.5.1074~1-71f3]:main():compute-fbank-feats.cc:182) Processed features for key FC03_161
VLOG[2] (compute-fbank-feats[5.5.1074~1-71f3]:main():compute-fbank-feats.cc:182) Processed features for key FC03_162
VLOG[2] (compute-fbank-feats[5.5.1074~1-71f3]:main():compute-fbank-feats.cc:182) Processed features for key FC03_163
VLOG[2] (compute-fbank-feats[5.5.1074~1-71f3]:main():compute-fbank-feats.cc:182) Processed features for key FC03_164
LOG (compute-fbank-feats[5.5.1074~1-71f3]:main():compute-fbank-feats.cc:181) Processed 60 utterances
VLOG[2] (compute-fbank-feats[5.5.1074~1-71f3]:main():compute-fbank-feats.cc:182) Processed features for key FC03_165
VLOG[2] (compute-fbank-feats[5.5.1074~1-71f3]:main():compute-fbank-feats.cc:182) Processed features for key FC03_166
VLOG[2] (compute-fbank-feats[5.5.1074~1-71f3]:main():compute-fbank-feats.cc:182) Processed features for key FC03_168
VLOG[2] (compute-fbank-feats[5.5.1074~1-71f3]:main():compute-fbank-feats.cc:182) Processed features for key FC03_169
VLOG[2] (compute-fbank-feats[5.5.1074~1-71f3]:main():compute-fbank-feats.cc:182) Processed features for key FC03_17
VLOG[2] (compute-fbank-feats[5.5.1074~1-71f3]:main():compute-fbank-feats.cc:182) Processed features for key FC03_170
VLOG[2] (compute-fbank-feats[5.5.1074~1-71f3]:main():compute-fbank-feats.cc:182) Processed features for key FC03_172
VLOG[2] (compute-fbank-feats[5.5.1074~1-71f3]:main():compute-fbank-feats.cc:182) Processed features for key FC03_173
VLOG[2] (compute-fbank-feats[5.5.1074~1-71f3]:main():compute-fbank-feats.cc:182) Processed features for key FC03_176
VLOG[2] (compute-fbank-feats[5.5.1074~1-71f3]:main():compute-fbank-feats.cc:182) Processed features for key FC03_178
LOG (compute-fbank-feats[5.5.1074~1-71f3]:main():compute-fbank-feats.cc:181) Processed 70 utterances
VLOG[2] (compute-fbank-feats[5.5.1074~1-71f3]:main():compute-fbank-feats.cc:182) Processed features for key FC03_179
VLOG[2] (compute-fbank-feats[5.5.1074~1-71f3]:main():compute-fbank-feats.cc:182) Processed features for key FC03_18
VLOG[2] (compute-fbank-feats[5.5.1074~1-71f3]:main():compute-fbank-feats.cc:182) Processed features for key FC03_180
VLOG[2] (compute-fbank-feats[5.5.1074~1-71f3]:main():compute-fbank-feats.cc:182) Processed features for key FC03_181
VLOG[2] (compute-fbank-feats[5.5.1074~1-71f3]:main():compute-fbank-feats.cc:182) Processed features for key FC03_182
VLOG[2] (compute-fbank-feats[5.5.1074~1-71f3]:main():compute-fbank-feats.cc:182) Processed features for key FC03_184
VLOG[2] (compute-fbank-feats[5.5.1074~1-71f3]:main():compute-fbank-feats.cc:182) Processed features for key FC03_185
VLOG[2] (compute-fbank-feats[5.5.1074~1-71f3]:main():compute-fbank-feats.cc:182) Processed features for key FC03_186
VLOG[2] (compute-fbank-feats[5.5.1074~1-71f3]:main():compute-fbank-feats.cc:182) Processed features for key FC03_187
VLOG[2] (compute-fbank-feats[5.5.1074~1-71f3]:main():compute-fbank-feats.cc:182) Processed features for key FC03_188
LOG (compute-fbank-feats[5.5.1074~1-71f3]:main():compute-fbank-feats.cc:181) Processed 80 utterances
VLOG[2] (compute-fbank-feats[5.5.1074~1-71f3]:main():compute-fbank-feats.cc:182) Processed features for key FC03_189
VLOG[2] (compute-fbank-feats[5.5.1074~1-71f3]:main():compute-fbank-feats.cc:182) Processed features for key FC03_190
VLOG[2] (compute-fbank-feats[5.5.1074~1-71f3]:main():compute-fbank-feats.cc:182) Processed features for key FC03_192
VLOG[2] (compute-fbank-feats[5.5.1074~1-71f3]:main():compute-fbank-feats.cc:182) Processed features for key FC03_193
VLOG[2] (compute-fbank-feats[5.5.1074~1-71f3]:main():compute-fbank-feats.cc:182) Processed features for key FC03_194
VLOG[2] (compute-fbank-feats[5.5.1074~1-71f3]:main():compute-fbank-feats.cc:182) Processed features for key FC03_195
VLOG[2] (compute-fbank-feats[5.5.1074~1-71f3]:main():compute-fbank-feats.cc:182) Processed features for key FC03_196
VLOG[2] (compute-fbank-feats[5.5.1074~1-71f3]:main():compute-fbank-feats.cc:182) Processed features for key FC03_197
VLOG[2] (compute-fbank-feats[5.5.1074~1-71f3]:main():compute-fbank-feats.cc:182) Processed features for key FC03_199
VLOG[2] (compute-fbank-feats[5.5.1074~1-71f3]:main():compute-fbank-feats.cc:182) Processed features for key FC03_2
LOG (compute-fbank-feats[5.5.1074~1-71f3]:main():compute-fbank-feats.cc:181) Processed 90 utterances
VLOG[2] (compute-fbank-feats[5.5.1074~1-71f3]:main():compute-fbank-feats.cc:182) Processed features for key FC03_200
VLOG[2] (compute-fbank-feats[5.5.1074~1-71f3]:main():compute-fbank-feats.cc:182) Processed features for key FC03_201
VLOG[2] (compute-fbank-feats[5.5.1074~1-71f3]:main():compute-fbank-feats.cc:182) Processed features for key FC03_202
VLOG[2] (compute-fbank-feats[5.5.1074~1-71f3]:main():compute-fbank-feats.cc:182) Processed features for key FC03_203
VLOG[2] (compute-fbank-feats[5.5.1074~1-71f3]:main():compute-fbank-feats.cc:182) Processed features for key FC03_204
VLOG[2] (compute-fbank-feats[5.5.1074~1-71f3]:main():compute-fbank-feats.cc:182) Processed features for key FC03_205
VLOG[2] (compute-fbank-feats[5.5.1074~1-71f3]:main():compute-fbank-feats.cc:182) Processed features for key FC03_206
VLOG[2] (compute-fbank-feats[5.5.1074~1-71f3]:main():compute-fbank-feats.cc:182) Processed features for key FC03_207
VLOG[2] (compute-fbank-feats[5.5.1074~1-71f3]:main():compute-fbank-feats.cc:182) Processed features for key FC03_208
VLOG[2] (compute-fbank-feats[5.5.1074~1-71f3]:main():compute-fbank-feats.cc:182) Processed features for key FC03_209
LOG (compute-fbank-feats[5.5.1074~1-71f3]:main():compute-fbank-feats.cc:181) Processed 100 utterances
VLOG[2] (compute-fbank-feats[5.5.1074~1-71f3]:main():compute-fbank-feats.cc:182) Processed features for key FC03_210
VLOG[2] (compute-fbank-feats[5.5.1074~1-71f3]:main():compute-fbank-feats.cc:182) Processed features for key FC03_211
VLOG[2] (compute-kaldi-pitch-feats[5.5.1074~1-71f3]:main():compute-kaldi-pitch-feats.cc:107) Processed 100 utterances
VLOG[2] (compute-fbank-feats[5.5.1074~1-71f3]:main():compute-fbank-feats.cc:182) Processed features for key FC03_213
VLOG[2] (compute-fbank-feats[5.5.1074~1-71f3]:main():compute-fbank-feats.cc:182) Processed features for key FC03_214
VLOG[2] (compute-fbank-feats[5.5.1074~1-71f3]:main():compute-fbank-feats.cc:182) Processed features for key FC03_215
VLOG[2] (compute-fbank-feats[5.5.1074~1-71f3]:main():compute-fbank-feats.cc:182) Processed features for key FC03_216
VLOG[2] (compute-fbank-feats[5.5.1074~1-71f3]:main():compute-fbank-feats.cc:182) Processed features for key FC03_218
VLOG[2] (compute-fbank-feats[5.5.1074~1-71f3]:main():compute-fbank-feats.cc:182) Processed features for key FC03_219
VLOG[2] (compute-fbank-feats[5.5.1074~1-71f3]:main():compute-fbank-feats.cc:182) Processed features for key FC03_22
VLOG[2] (compute-fbank-feats[5.5.1074~1-71f3]:main():compute-fbank-feats.cc:182) Processed features for key FC03_220
LOG (compute-fbank-feats[5.5.1074~1-71f3]:main():compute-fbank-feats.cc:181) Processed 110 utterances
VLOG[2] (compute-fbank-feats[5.5.1074~1-71f3]:main():compute-fbank-feats.cc:182) Processed features for key FC03_221
VLOG[2] (compute-fbank-feats[5.5.1074~1-71f3]:main():compute-fbank-feats.cc:182) Processed features for key FC03_222
VLOG[2] (compute-fbank-feats[5.5.1074~1-71f3]:main():compute-fbank-feats.cc:182) Processed features for key FC03_224
VLOG[2] (compute-fbank-feats[5.5.1074~1-71f3]:main():compute-fbank-feats.cc:182) Processed features for key FC03_226
VLOG[2] (compute-fbank-feats[5.5.1074~1-71f3]:main():compute-fbank-feats.cc:182) Processed features for key FC03_227
VLOG[2] (compute-fbank-feats[5.5.1074~1-71f3]:main():compute-fbank-feats.cc:182) Processed features for key FC03_228
VLOG[2] (compute-fbank-feats[5.5.1074~1-71f3]:main():compute-fbank-feats.cc:182) Processed features for key FC03_229
VLOG[2] (compute-fbank-feats[5.5.1074~1-71f3]:main():compute-fbank-feats.cc:182) Processed features for key FC03_23
VLOG[2] (compute-fbank-feats[5.5.1074~1-71f3]:main():compute-fbank-feats.cc:182) Processed features for key FC03_232
VLOG[2] (compute-fbank-feats[5.5.1074~1-71f3]:main():compute-fbank-feats.cc:182) Processed features for key FC03_234
LOG (compute-fbank-feats[5.5.1074~1-71f3]:main():compute-fbank-feats.cc:181) Processed 120 utterances
VLOG[2] (compute-fbank-feats[5.5.1074~1-71f3]:main():compute-fbank-feats.cc:182) Processed features for key FC03_235
VLOG[2] (compute-fbank-feats[5.5.1074~1-71f3]:main():compute-fbank-feats.cc:182) Processed features for key FC03_236
VLOG[2] (compute-fbank-feats[5.5.1074~1-71f3]:main():compute-fbank-feats.cc:182) Processed features for key FC03_237
VLOG[2] (compute-fbank-feats[5.5.1074~1-71f3]:main():compute-fbank-feats.cc:182) Processed features for key FC03_239
VLOG[2] (compute-fbank-feats[5.5.1074~1-71f3]:main():compute-fbank-feats.cc:182) Processed features for key FC03_24
VLOG[2] (compute-fbank-feats[5.5.1074~1-71f3]:main():compute-fbank-feats.cc:182) Processed features for key FC03_240
VLOG[2] (compute-fbank-feats[5.5.1074~1-71f3]:main():compute-fbank-feats.cc:182) Processed features for key FC03_241
VLOG[2] (compute-fbank-feats[5.5.1074~1-71f3]:main():compute-fbank-feats.cc:182) Processed features for key FC03_242
VLOG[2] (compute-fbank-feats[5.5.1074~1-71f3]:main():compute-fbank-feats.cc:182) Processed features for key FC03_243
VLOG[2] (compute-fbank-feats[5.5.1074~1-71f3]:main():compute-fbank-feats.cc:182) Processed features for key FC03_244
LOG (compute-fbank-feats[5.5.1074~1-71f3]:main():compute-fbank-feats.cc:181) Processed 130 utterances
VLOG[2] (compute-fbank-feats[5.5.1074~1-71f3]:main():compute-fbank-feats.cc:182) Processed features for key FC03_245
VLOG[2] (compute-fbank-feats[5.5.1074~1-71f3]:main():compute-fbank-feats.cc:182) Processed features for key FC03_246
VLOG[2] (compute-fbank-feats[5.5.1074~1-71f3]:main():compute-fbank-feats.cc:182) Processed features for key FC03_248
VLOG[2] (compute-fbank-feats[5.5.1074~1-71f3]:main():compute-fbank-feats.cc:182) Processed features for key FC03_249
VLOG[2] (compute-fbank-feats[5.5.1074~1-71f3]:main():compute-fbank-feats.cc:182) Processed features for key FC03_25
VLOG[2] (compute-fbank-feats[5.5.1074~1-71f3]:main():compute-fbank-feats.cc:182) Processed features for key FC03_250
VLOG[2] (compute-fbank-feats[5.5.1074~1-71f3]:main():compute-fbank-feats.cc:182) Processed features for key FC03_251
VLOG[2] (compute-fbank-feats[5.5.1074~1-71f3]:main():compute-fbank-feats.cc:182) Processed features for key FC03_252
VLOG[2] (compute-fbank-feats[5.5.1074~1-71f3]:main():compute-fbank-feats.cc:182) Processed features for key FC03_253
VLOG[2] (compute-fbank-feats[5.5.1074~1-71f3]:main():compute-fbank-feats.cc:182) Processed features for key FC03_254
LOG (compute-fbank-feats[5.5.1074~1-71f3]:main():compute-fbank-feats.cc:181) Processed 140 utterances
VLOG[2] (compute-fbank-feats[5.5.1074~1-71f3]:main():compute-fbank-feats.cc:182) Processed features for key FC03_255
VLOG[2] (compute-fbank-feats[5.5.1074~1-71f3]:main():compute-fbank-feats.cc:182) Processed features for key FC03_256
VLOG[2] (compute-fbank-feats[5.5.1074~1-71f3]:main():compute-fbank-feats.cc:182) Processed features for key FC03_257
VLOG[2] (compute-fbank-feats[5.5.1074~1-71f3]:main():compute-fbank-feats.cc:182) Processed features for key FC03_258
VLOG[2] (compute-fbank-feats[5.5.1074~1-71f3]:main():compute-fbank-feats.cc:182) Processed features for key FC03_26
VLOG[2] (compute-fbank-feats[5.5.1074~1-71f3]:main():compute-fbank-feats.cc:182) Processed features for key FC03_260
VLOG[2] (compute-fbank-feats[5.5.1074~1-71f3]:main():compute-fbank-feats.cc:182) Processed features for key FC03_261
VLOG[2] (compute-fbank-feats[5.5.1074~1-71f3]:main():compute-fbank-feats.cc:182) Processed features for key FC03_262
VLOG[2] (compute-fbank-feats[5.5.1074~1-71f3]:main():compute-fbank-feats.cc:182) Processed features for key FC03_264
VLOG[2] (compute-fbank-feats[5.5.1074~1-71f3]:main():compute-fbank-feats.cc:182) Processed features for key FC03_265
LOG (compute-fbank-feats[5.5.1074~1-71f3]:main():compute-fbank-feats.cc:181) Processed 150 utterances
VLOG[2] (compute-fbank-feats[5.5.1074~1-71f3]:main():compute-fbank-feats.cc:182) Processed features for key FC03_267
VLOG[2] (compute-fbank-feats[5.5.1074~1-71f3]:main():compute-fbank-feats.cc:182) Processed features for key FC03_268
VLOG[2] (compute-fbank-feats[5.5.1074~1-71f3]:main():compute-fbank-feats.cc:182) Processed features for key FC03_271
VLOG[2] (compute-kaldi-pitch-feats[5.5.1074~1-71f3]:main():compute-kaldi-pitch-feats.cc:107) Processed 150 utterances
VLOG[2] (compute-fbank-feats[5.5.1074~1-71f3]:main():compute-fbank-feats.cc:182) Processed features for key FC03_272
VLOG[2] (compute-fbank-feats[5.5.1074~1-71f3]:main():compute-fbank-feats.cc:182) Processed features for key FC03_273
VLOG[2] (compute-fbank-feats[5.5.1074~1-71f3]:main():compute-fbank-feats.cc:182) Processed features for key FC03_274
VLOG[2] (compute-fbank-feats[5.5.1074~1-71f3]:main():compute-fbank-feats.cc:182) Processed features for key FC03_275
VLOG[2] (compute-fbank-feats[5.5.1074~1-71f3]:main():compute-fbank-feats.cc:182) Processed features for key FC03_277
VLOG[2] (compute-fbank-feats[5.5.1074~1-71f3]:main():compute-fbank-feats.cc:182) Processed features for key FC03_278
VLOG[2] (compute-fbank-feats[5.5.1074~1-71f3]:main():compute-fbank-feats.cc:182) Processed features for key FC03_28
LOG (compute-fbank-feats[5.5.1074~1-71f3]:main():compute-fbank-feats.cc:181) Processed 160 utterances
VLOG[2] (compute-fbank-feats[5.5.1074~1-71f3]:main():compute-fbank-feats.cc:182) Processed features for key FC03_280
VLOG[2] (compute-fbank-feats[5.5.1074~1-71f3]:main():compute-fbank-feats.cc:182) Processed features for key FC03_281
VLOG[2] (compute-fbank-feats[5.5.1074~1-71f3]:main():compute-fbank-feats.cc:182) Processed features for key FC03_284
VLOG[2] (compute-fbank-feats[5.5.1074~1-71f3]:main():compute-fbank-feats.cc:182) Processed features for key FC03_286
VLOG[2] (compute-fbank-feats[5.5.1074~1-71f3]:main():compute-fbank-feats.cc:182) Processed features for key FC03_287
VLOG[2] (compute-fbank-feats[5.5.1074~1-71f3]:main():compute-fbank-feats.cc:182) Processed features for key FC03_288
VLOG[2] (compute-fbank-feats[5.5.1074~1-71f3]:main():compute-fbank-feats.cc:182) Processed features for key FC03_292
VLOG[2] (compute-fbank-feats[5.5.1074~1-71f3]:main():compute-fbank-feats.cc:182) Processed features for key FC03_293
VLOG[2] (compute-fbank-feats[5.5.1074~1-71f3]:main():compute-fbank-feats.cc:182) Processed features for key FC03_294
VLOG[2] (compute-fbank-feats[5.5.1074~1-71f3]:main():compute-fbank-feats.cc:182) Processed features for key FC03_295
LOG (compute-fbank-feats[5.5.1074~1-71f3]:main():compute-fbank-feats.cc:181) Processed 170 utterances
VLOG[2] (compute-fbank-feats[5.5.1074~1-71f3]:main():compute-fbank-feats.cc:182) Processed features for key FC03_297
VLOG[2] (compute-fbank-feats[5.5.1074~1-71f3]:main():compute-fbank-feats.cc:182) Processed features for key FC03_298
VLOG[2] (compute-fbank-feats[5.5.1074~1-71f3]:main():compute-fbank-feats.cc:182) Processed features for key FC03_299
VLOG[2] (compute-fbank-feats[5.5.1074~1-71f3]:main():compute-fbank-feats.cc:182) Processed features for key FC03_3
VLOG[2] (compute-fbank-feats[5.5.1074~1-71f3]:main():compute-fbank-feats.cc:182) Processed features for key FC03_301
VLOG[2] (compute-fbank-feats[5.5.1074~1-71f3]:main():compute-fbank-feats.cc:182) Processed features for key FC03_302
VLOG[2] (compute-fbank-feats[5.5.1074~1-71f3]:main():compute-fbank-feats.cc:182) Processed features for key FC03_303
VLOG[2] (compute-fbank-feats[5.5.1074~1-71f3]:main():compute-fbank-feats.cc:182) Processed features for key FC03_304
VLOG[2] (compute-fbank-feats[5.5.1074~1-71f3]:main():compute-fbank-feats.cc:182) Processed features for key FC03_305
VLOG[2] (compute-fbank-feats[5.5.1074~1-71f3]:main():compute-fbank-feats.cc:182) Processed features for key FC03_306
LOG (compute-fbank-feats[5.5.1074~1-71f3]:main():compute-fbank-feats.cc:181) Processed 180 utterances
VLOG[2] (compute-fbank-feats[5.5.1074~1-71f3]:main():compute-fbank-feats.cc:182) Processed features for key FC03_308
VLOG[2] (compute-fbank-feats[5.5.1074~1-71f3]:main():compute-fbank-feats.cc:182) Processed features for key FC03_309
VLOG[2] (compute-fbank-feats[5.5.1074~1-71f3]:main():compute-fbank-feats.cc:182) Processed features for key FC03_31
VLOG[2] (compute-fbank-feats[5.5.1074~1-71f3]:main():compute-fbank-feats.cc:182) Processed features for key FC03_311
VLOG[2] (compute-fbank-feats[5.5.1074~1-71f3]:main():compute-fbank-feats.cc:182) Processed features for key FC03_312
VLOG[2] (compute-fbank-feats[5.5.1074~1-71f3]:main():compute-fbank-feats.cc:182) Processed features for key FC03_313
VLOG[2] (compute-fbank-feats[5.5.1074~1-71f3]:main():compute-fbank-feats.cc:182) Processed features for key FC03_314
VLOG[2] (compute-fbank-feats[5.5.1074~1-71f3]:main():compute-fbank-feats.cc:182) Processed features for key FC03_315
VLOG[2] (compute-fbank-feats[5.5.1074~1-71f3]:main():compute-fbank-feats.cc:182) Processed features for key FC03_318
VLOG[2] (compute-fbank-feats[5.5.1074~1-71f3]:main():compute-fbank-feats.cc:182) Processed features for key FC03_32
LOG (compute-fbank-feats[5.5.1074~1-71f3]:main():compute-fbank-feats.cc:181) Processed 190 utterances
VLOG[2] (compute-fbank-feats[5.5.1074~1-71f3]:main():compute-fbank-feats.cc:182) Processed features for key FC03_321
VLOG[2] (compute-fbank-feats[5.5.1074~1-71f3]:main():compute-fbank-feats.cc:182) Processed features for key FC03_322
VLOG[2] (compute-fbank-feats[5.5.1074~1-71f3]:main():compute-fbank-feats.cc:182) Processed features for key FC03_323
VLOG[2] (compute-fbank-feats[5.5.1074~1-71f3]:main():compute-fbank-feats.cc:182) Processed features for key FC03_324
VLOG[2] (compute-fbank-feats[5.5.1074~1-71f3]:main():compute-fbank-feats.cc:182) Processed features for key FC03_325
VLOG[2] (compute-fbank-feats[5.5.1074~1-71f3]:main():compute-fbank-feats.cc:182) Processed features for key FC03_326
VLOG[2] (compute-fbank-feats[5.5.1074~1-71f3]:main():compute-fbank-feats.cc:182) Processed features for key FC03_327
VLOG[2] (compute-fbank-feats[5.5.1074~1-71f3]:main():compute-fbank-feats.cc:182) Processed features for key FC03_328
VLOG[2] (compute-fbank-feats[5.5.1074~1-71f3]:main():compute-fbank-feats.cc:182) Processed features for key FC03_329
VLOG[2] (compute-fbank-feats[5.5.1074~1-71f3]:main():compute-fbank-feats.cc:182) Processed features for key FC03_33
VLOG[2] (compute-kaldi-pitch-feats[5.5.1074~1-71f3]:main():compute-kaldi-pitch-feats.cc:107) Processed 200 utterances
LOG (compute-fbank-feats[5.5.1074~1-71f3]:main():compute-fbank-feats.cc:181) Processed 200 utterances
VLOG[2] (compute-fbank-feats[5.5.1074~1-71f3]:main():compute-fbank-feats.cc:182) Processed features for key FC03_330
VLOG[2] (compute-fbank-feats[5.5.1074~1-71f3]:main():compute-fbank-feats.cc:182) Processed features for key FC03_331
VLOG[2] (compute-fbank-feats[5.5.1074~1-71f3]:main():compute-fbank-feats.cc:182) Processed features for key FC03_332
VLOG[2] (compute-fbank-feats[5.5.1074~1-71f3]:main():compute-fbank-feats.cc:182) Processed features for key FC03_333
VLOG[2] (compute-fbank-feats[5.5.1074~1-71f3]:main():compute-fbank-feats.cc:182) Processed features for key FC03_334
VLOG[2] (compute-fbank-feats[5.5.1074~1-71f3]:main():compute-fbank-feats.cc:182) Processed features for key FC03_337
VLOG[2] (compute-fbank-feats[5.5.1074~1-71f3]:main():compute-fbank-feats.cc:182) Processed features for key FC03_339
VLOG[2] (compute-fbank-feats[5.5.1074~1-71f3]:main():compute-fbank-feats.cc:182) Processed features for key FC03_340
VLOG[2] (compute-fbank-feats[5.5.1074~1-71f3]:main():compute-fbank-feats.cc:182) Processed features for key FC03_341
VLOG[2] (compute-fbank-feats[5.5.1074~1-71f3]:main():compute-fbank-feats.cc:182) Processed features for key FC03_343
LOG (compute-fbank-feats[5.5.1074~1-71f3]:main():compute-fbank-feats.cc:181) Processed 210 utterances
VLOG[2] (compute-fbank-feats[5.5.1074~1-71f3]:main():compute-fbank-feats.cc:182) Processed features for key FC03_344
VLOG[2] (compute-fbank-feats[5.5.1074~1-71f3]:main():compute-fbank-feats.cc:182) Processed features for key FC03_345
VLOG[2] (compute-fbank-feats[5.5.1074~1-71f3]:main():compute-fbank-feats.cc:182) Processed features for key FC03_346
VLOG[2] (compute-fbank-feats[5.5.1074~1-71f3]:main():compute-fbank-feats.cc:182) Processed features for key FC03_347
VLOG[2] (compute-fbank-feats[5.5.1074~1-71f3]:main():compute-fbank-feats.cc:182) Processed features for key FC03_348
VLOG[2] (compute-fbank-feats[5.5.1074~1-71f3]:main():compute-fbank-feats.cc:182) Processed features for key FC03_349
VLOG[2] (compute-fbank-feats[5.5.1074~1-71f3]:main():compute-fbank-feats.cc:182) Processed features for key FC03_351
VLOG[2] (compute-fbank-feats[5.5.1074~1-71f3]:main():compute-fbank-feats.cc:182) Processed features for key FC03_352
VLOG[2] (compute-fbank-feats[5.5.1074~1-71f3]:main():compute-fbank-feats.cc:182) Processed features for key FC03_356
VLOG[2] (compute-fbank-feats[5.5.1074~1-71f3]:main():compute-fbank-feats.cc:182) Processed features for key FC03_357
LOG (compute-fbank-feats[5.5.1074~1-71f3]:main():compute-fbank-feats.cc:181) Processed 220 utterances
VLOG[2] (compute-fbank-feats[5.5.1074~1-71f3]:main():compute-fbank-feats.cc:182) Processed features for key FC03_358
VLOG[2] (compute-fbank-feats[5.5.1074~1-71f3]:main():compute-fbank-feats.cc:182) Processed features for key FC03_359
VLOG[2] (compute-fbank-feats[5.5.1074~1-71f3]:main():compute-fbank-feats.cc:182) Processed features for key FC03_36
VLOG[2] (compute-fbank-feats[5.5.1074~1-71f3]:main():compute-fbank-feats.cc:182) Processed features for key FC03_360
VLOG[2] (compute-fbank-feats[5.5.1074~1-71f3]:main():compute-fbank-feats.cc:182) Processed features for key FC03_361
VLOG[2] (compute-fbank-feats[5.5.1074~1-71f3]:main():compute-fbank-feats.cc:182) Processed features for key FC03_362
VLOG[2] (compute-fbank-feats[5.5.1074~1-71f3]:main():compute-fbank-feats.cc:182) Processed features for key FC03_363
VLOG[2] (compute-fbank-feats[5.5.1074~1-71f3]:main():compute-fbank-feats.cc:182) Processed features for key FC03_364
VLOG[2] (compute-fbank-feats[5.5.1074~1-71f3]:main():compute-fbank-feats.cc:182) Processed features for key FC03_365
VLOG[2] (compute-fbank-feats[5.5.1074~1-71f3]:main():compute-fbank-feats.cc:182) Processed features for key FC03_37
LOG (compute-fbank-feats[5.5.1074~1-71f3]:main():compute-fbank-feats.cc:181) Processed 230 utterances
VLOG[2] (compute-fbank-feats[5.5.1074~1-71f3]:main():compute-fbank-feats.cc:182) Processed features for key FC03_38
VLOG[2] (compute-fbank-feats[5.5.1074~1-71f3]:main():compute-fbank-feats.cc:182) Processed features for key FC03_39
VLOG[2] (compute-fbank-feats[5.5.1074~1-71f3]:main():compute-fbank-feats.cc:182) Processed features for key FC03_4
VLOG[2] (compute-fbank-feats[5.5.1074~1-71f3]:main():compute-fbank-feats.cc:182) Processed features for key FC03_40
VLOG[2] (compute-fbank-feats[5.5.1074~1-71f3]:main():compute-fbank-feats.cc:182) Processed features for key FC03_42
VLOG[2] (compute-fbank-feats[5.5.1074~1-71f3]:main():compute-fbank-feats.cc:182) Processed features for key FC03_43
VLOG[2] (compute-fbank-feats[5.5.1074~1-71f3]:main():compute-fbank-feats.cc:182) Processed features for key FC03_44
VLOG[2] (compute-fbank-feats[5.5.1074~1-71f3]:main():compute-fbank-feats.cc:182) Processed features for key FC03_45
VLOG[2] (compute-fbank-feats[5.5.1074~1-71f3]:main():compute-fbank-feats.cc:182) Processed features for key FC03_47
VLOG[2] (compute-fbank-feats[5.5.1074~1-71f3]:main():compute-fbank-feats.cc:182) Processed features for key FC03_48
LOG (compute-fbank-feats[5.5.1074~1-71f3]:main():compute-fbank-feats.cc:181) Processed 240 utterances
VLOG[2] (compute-fbank-feats[5.5.1074~1-71f3]:main():compute-fbank-feats.cc:182) Processed features for key FC03_49
VLOG[2] (compute-fbank-feats[5.5.1074~1-71f3]:main():compute-fbank-feats.cc:182) Processed features for key FC03_51
VLOG[2] (compute-fbank-feats[5.5.1074~1-71f3]:main():compute-fbank-feats.cc:182) Processed features for key FC03_52
VLOG[2] (compute-fbank-feats[5.5.1074~1-71f3]:main():compute-fbank-feats.cc:182) Processed features for key FC03_53
VLOG[2] (compute-fbank-feats[5.5.1074~1-71f3]:main():compute-fbank-feats.cc:182) Processed features for key FC03_54
VLOG[2] (compute-fbank-feats[5.5.1074~1-71f3]:main():compute-fbank-feats.cc:182) Processed features for key FC03_55
VLOG[2] (compute-fbank-feats[5.5.1074~1-71f3]:main():compute-fbank-feats.cc:182) Processed features for key FC03_56
VLOG[2] (compute-fbank-feats[5.5.1074~1-71f3]:main():compute-fbank-feats.cc:182) Processed features for key FC03_57
VLOG[2] (compute-fbank-feats[5.5.1074~1-71f3]:main():compute-fbank-feats.cc:182) Processed features for key FC03_58
VLOG[2] (compute-fbank-feats[5.5.1074~1-71f3]:main():compute-fbank-feats.cc:182) Processed features for key FC03_59
LOG (compute-fbank-feats[5.5.1074~1-71f3]:main():compute-fbank-feats.cc:181) Processed 250 utterances
VLOG[2] (compute-fbank-feats[5.5.1074~1-71f3]:main():compute-fbank-feats.cc:182) Processed features for key FC03_6
VLOG[2] (compute-kaldi-pitch-feats[5.5.1074~1-71f3]:main():compute-kaldi-pitch-feats.cc:107) Processed 250 utterances
VLOG[2] (compute-fbank-feats[5.5.1074~1-71f3]:main():compute-fbank-feats.cc:182) Processed features for key FC03_60
VLOG[2] (compute-fbank-feats[5.5.1074~1-71f3]:main():compute-fbank-feats.cc:182) Processed features for key FC03_61
VLOG[2] (compute-fbank-feats[5.5.1074~1-71f3]:main():compute-fbank-feats.cc:182) Processed features for key FC03_62
VLOG[2] (compute-fbank-feats[5.5.1074~1-71f3]:main():compute-fbank-feats.cc:182) Processed features for key FC03_63
VLOG[2] (compute-fbank-feats[5.5.1074~1-71f3]:main():compute-fbank-feats.cc:182) Processed features for key FC03_64
VLOG[2] (compute-fbank-feats[5.5.1074~1-71f3]:main():compute-fbank-feats.cc:182) Processed features for key FC03_65
VLOG[2] (compute-fbank-feats[5.5.1074~1-71f3]:main():compute-fbank-feats.cc:182) Processed features for key FC03_67
VLOG[2] (compute-fbank-feats[5.5.1074~1-71f3]:main():compute-fbank-feats.cc:182) Processed features for key FC03_68
VLOG[2] (compute-fbank-feats[5.5.1074~1-71f3]:main():compute-fbank-feats.cc:182) Processed features for key FC03_69
LOG (compute-fbank-feats[5.5.1074~1-71f3]:main():compute-fbank-feats.cc:181) Processed 260 utterances
VLOG[2] (compute-fbank-feats[5.5.1074~1-71f3]:main():compute-fbank-feats.cc:182) Processed features for key FC03_7
VLOG[2] (compute-fbank-feats[5.5.1074~1-71f3]:main():compute-fbank-feats.cc:182) Processed features for key FC03_70
VLOG[2] (compute-fbank-feats[5.5.1074~1-71f3]:main():compute-fbank-feats.cc:182) Processed features for key FC03_71
VLOG[2] (compute-fbank-feats[5.5.1074~1-71f3]:main():compute-fbank-feats.cc:182) Processed features for key FC03_72
VLOG[2] (compute-fbank-feats[5.5.1074~1-71f3]:main():compute-fbank-feats.cc:182) Processed features for key FC03_75
VLOG[2] (compute-fbank-feats[5.5.1074~1-71f3]:main():compute-fbank-feats.cc:182) Processed features for key FC03_76
VLOG[2] (compute-fbank-feats[5.5.1074~1-71f3]:main():compute-fbank-feats.cc:182) Processed features for key FC03_77
VLOG[2] (compute-fbank-feats[5.5.1074~1-71f3]:main():compute-fbank-feats.cc:182) Processed features for key FC03_78
VLOG[2] (compute-fbank-feats[5.5.1074~1-71f3]:main():compute-fbank-feats.cc:182) Processed features for key FC03_79
VLOG[2] (compute-fbank-feats[5.5.1074~1-71f3]:main():compute-fbank-feats.cc:182) Processed features for key FC03_8
LOG (compute-fbank-feats[5.5.1074~1-71f3]:main():compute-fbank-feats.cc:181) Processed 270 utterances
VLOG[2] (compute-fbank-feats[5.5.1074~1-71f3]:main():compute-fbank-feats.cc:182) Processed features for key FC03_81
VLOG[2] (compute-fbank-feats[5.5.1074~1-71f3]:main():compute-fbank-feats.cc:182) Processed features for key FC03_82
VLOG[2] (compute-fbank-feats[5.5.1074~1-71f3]:main():compute-fbank-feats.cc:182) Processed features for key FC03_83
VLOG[2] (compute-fbank-feats[5.5.1074~1-71f3]:main():compute-fbank-feats.cc:182) Processed features for key FC03_84
VLOG[2] (compute-fbank-feats[5.5.1074~1-71f3]:main():compute-fbank-feats.cc:182) Processed features for key FC03_86
VLOG[2] (compute-fbank-feats[5.5.1074~1-71f3]:main():compute-fbank-feats.cc:182) Processed features for key FC03_87
VLOG[2] (compute-fbank-feats[5.5.1074~1-71f3]:main():compute-fbank-feats.cc:182) Processed features for key FC03_88
VLOG[2] (compute-fbank-feats[5.5.1074~1-71f3]:main():compute-fbank-feats.cc:182) Processed features for key FC03_89
VLOG[2] (compute-fbank-feats[5.5.1074~1-71f3]:main():compute-fbank-feats.cc:182) Processed features for key FC03_9
VLOG[2] (compute-fbank-feats[5.5.1074~1-71f3]:main():compute-fbank-feats.cc:182) Processed features for key FC03_90
LOG (compute-fbank-feats[5.5.1074~1-71f3]:main():compute-fbank-feats.cc:181) Processed 280 utterances
VLOG[2] (compute-fbank-feats[5.5.1074~1-71f3]:main():compute-fbank-feats.cc:182) Processed features for key FC03_91
VLOG[2] (compute-fbank-feats[5.5.1074~1-71f3]:main():compute-fbank-feats.cc:182) Processed features for key FC03_92
VLOG[2] (compute-fbank-feats[5.5.1074~1-71f3]:main():compute-fbank-feats.cc:182) Processed features for key FC03_93
VLOG[2] (compute-fbank-feats[5.5.1074~1-71f3]:main():compute-fbank-feats.cc:182) Processed features for key FC03_95
VLOG[2] (compute-fbank-feats[5.5.1074~1-71f3]:main():compute-fbank-feats.cc:182) Processed features for key FC03_96
VLOG[2] (compute-fbank-feats[5.5.1074~1-71f3]:main():compute-fbank-feats.cc:182) Processed features for key FC03_97
VLOG[2] (compute-fbank-feats[5.5.1074~1-71f3]:main():compute-fbank-feats.cc:182) Processed features for key FC03_99
VLOG[2] (compute-fbank-feats[5.5.1074~1-71f3]:main():compute-fbank-feats.cc:182) Processed features for key FC04_1
VLOG[2] (compute-fbank-feats[5.5.1074~1-71f3]:main():compute-fbank-feats.cc:182) Processed features for key FC04_10
VLOG[2] (compute-fbank-feats[5.5.1074~1-71f3]:main():compute-fbank-feats.cc:182) Processed features for key FC04_100
LOG (compute-fbank-feats[5.5.1074~1-71f3]:main():compute-fbank-feats.cc:181) Processed 290 utterances
VLOG[2] (compute-fbank-feats[5.5.1074~1-71f3]:main():compute-fbank-feats.cc:182) Processed features for key FC04_101
VLOG[2] (compute-fbank-feats[5.5.1074~1-71f3]:main():compute-fbank-feats.cc:182) Processed features for key FC04_102
VLOG[2] (compute-fbank-feats[5.5.1074~1-71f3]:main():compute-fbank-feats.cc:182) Processed features for key FC04_103
LOG (compute-fbank-feats[5.5.1074~1-71f3]:main():compute-fbank-feats.cc:185)  Done 292 out of 292 utterances.
LOG (compute-kaldi-pitch-feats[5.5.1074~1-71f3]:main():compute-kaldi-pitch-feats.cc:110) Done 292 utterances, 0 with errors.
LOG (process-kaldi-pitch-feats[5.5.1074~1-71f3]:main():process-kaldi-pitch-feats.cc:85) Post-processed pitch for 292 utterances.
LOG (paste-feats[5.5.1074~1-71f3]:main():paste-feats.cc:158) Done 292 utts, errors on 0
LOG (copy-feats[5.5.1074~1-71f3]:main():copy-feats.cc:143) Copied 292 feature matrices.
# Accounting: time=1 threads=1
# Ended (code 0) at Thu Aug  3 11:41:54 IST 2023, elapsed time 1 seconds
