# nnet3-combine --use-gpu=no --max-objective-evaluations=30 --verbose=3 exp_FG/LSTM/16.mdl exp_FG/LSTM/15.mdl exp_FG/LSTM/14.mdl exp_FG/LSTM/13.mdl exp_FG/LSTM/12.mdl exp_FG/LSTM/11.mdl exp_FG/LSTM/10.mdl exp_FG/LSTM/9.mdl "ark,bg:nnet3-copy-egs                      ark:exp_FG/LSTM/egs/combine.egs ark:- |                       nnet3-merge-egs --minibatch-size=1:100 ark:- ark:- |" "| nnet3-am-copy --set-raw-nnet=- exp_FG/LSTM/16.mdl exp_FG/LSTM/combined.mdl" 
# Started at Thu Aug  3 11:39:27 IST 2023
#
nnet3-combine --use-gpu=no --max-objective-evaluations=30 --verbose=3 exp_FG/LSTM/16.mdl exp_FG/LSTM/15.mdl exp_FG/LSTM/14.mdl exp_FG/LSTM/13.mdl exp_FG/LSTM/12.mdl exp_FG/LSTM/11.mdl exp_FG/LSTM/10.mdl exp_FG/LSTM/9.mdl 'ark,bg:nnet3-copy-egs                      ark:exp_FG/LSTM/egs/combine.egs ark:- |                       nnet3-merge-egs --minibatch-size=1:100 ark:- ark:- |' '| nnet3-am-copy --set-raw-nnet=- exp_FG/LSTM/16.mdl exp_FG/LSTM/combined.mdl' 
LOG (nnet3-combine[5.5.1074~1-71f3]:SelectGpuId():cu-device.cc:168) Manually selected to compute on CPU.
nnet3-merge-egs --minibatch-size=1:100 ark:- ark:- 
nnet3-copy-egs ark:exp_FG/LSTM/egs/combine.egs ark:- 
LOG (nnet3-copy-egs[5.5.1074~1-71f3]:main():nnet3-copy-egs.cc:431) Read 3000 neural-network training examples, wrote 3000, 0 examples had errors.
LOG (nnet3-merge-egs[5.5.1074~1-71f3]:PrintSpecificStats():nnet-example-utils.cc:1162) Merged specific eg types as follows [format: <eg-size1>={<mb-size1>-><num-minibatches1>,<mbsize2>-><num-minibatches2>.../d=<num-discarded>},<egs-size2>={...},... (note,egs-size == number of input frames including context).
LOG (nnet3-merge-egs[5.5.1074~1-71f3]:PrintSpecificStats():nnet-example-utils.cc:1192) 67={100->30,d=0}
LOG (nnet3-merge-egs[5.5.1074~1-71f3]:PrintAggregateStats():nnet-example-utils.cc:1158) Processed 3000 egs of avg. size 67 into 30 minibatches, discarding 0% of egs.  Avg minibatch size was 100, #distinct types of egs/minibatches was 1/1
LOG (nnet3-combine[5.5.1074~1-71f3]:main():nnet3-combine.cc:148) Read 30 examples.
LOG (nnet3-combine[5.5.1074~1-71f3]:Optimize():nnet-optimize.cc:507) Before optimization, max memory use (bytes) = 18647816
LOG (nnet3-combine[5.5.1074~1-71f3]:Optimize():nnet-optimize.cc:629) After optimization, max memory use (bytes) = 409600
LOG (nnet3-combine[5.5.1074~1-71f3]:~CachingOptimizingCompiler():nnet-optimize.cc:710) 0.0539 seconds taken in nnet3 compilation total (breakdown: 0.00992 compilation, 0.0373 optimization, 0.000329 shortcut expansion, 0.00358 checking, 2.38e-05 computing indexes, 0.0027 misc.) + 0 I/O.
LOG (nnet3-combine[5.5.1074~1-71f3]:main():nnet3-combine.cc:158) objective function using the last model is -0.417466
LOG (nnet3-combine[5.5.1074~1-71f3]:Optimize():nnet-optimize.cc:507) Before optimization, max memory use (bytes) = 18647816
LOG (nnet3-combine[5.5.1074~1-71f3]:Optimize():nnet-optimize.cc:629) After optimization, max memory use (bytes) = 409600
LOG (nnet3-combine[5.5.1074~1-71f3]:~CachingOptimizingCompiler():nnet-optimize.cc:710) 0.0515 seconds taken in nnet3 compilation total (breakdown: 0.00864 compilation, 0.0369 optimization, 0.000322 shortcut expansion, 0.00307 checking, 8.82e-06 computing indexes, 0.00261 misc.) + 0 I/O.
LOG (nnet3-combine[5.5.1074~1-71f3]:main():nnet3-combine.cc:174) Combining last 2 models, objective function is -0.422159
LOG (nnet3-combine[5.5.1074~1-71f3]:Optimize():nnet-optimize.cc:507) Before optimization, max memory use (bytes) = 18647816
LOG (nnet3-combine[5.5.1074~1-71f3]:Optimize():nnet-optimize.cc:629) After optimization, max memory use (bytes) = 409600
LOG (nnet3-combine[5.5.1074~1-71f3]:~CachingOptimizingCompiler():nnet-optimize.cc:710) 0.0516 seconds taken in nnet3 compilation total (breakdown: 0.00866 compilation, 0.0369 optimization, 0.000317 shortcut expansion, 0.00308 checking, 9.06e-06 computing indexes, 0.00262 misc.) + 0 I/O.
LOG (nnet3-combine[5.5.1074~1-71f3]:main():nnet3-combine.cc:174) Combining last 3 models, objective function is -0.425979
LOG (nnet3-combine[5.5.1074~1-71f3]:Optimize():nnet-optimize.cc:507) Before optimization, max memory use (bytes) = 18647816
LOG (nnet3-combine[5.5.1074~1-71f3]:Optimize():nnet-optimize.cc:629) After optimization, max memory use (bytes) = 409600
LOG (nnet3-combine[5.5.1074~1-71f3]:~CachingOptimizingCompiler():nnet-optimize.cc:710) 0.0517 seconds taken in nnet3 compilation total (breakdown: 0.00878 compilation, 0.0369 optimization, 0.00032 shortcut expansion, 0.00306 checking, 2e-05 computing indexes, 0.00261 misc.) + 0 I/O.
LOG (nnet3-combine[5.5.1074~1-71f3]:main():nnet3-combine.cc:174) Combining last 4 models, objective function is -0.435112
LOG (nnet3-combine[5.5.1074~1-71f3]:Optimize():nnet-optimize.cc:507) Before optimization, max memory use (bytes) = 18647816
LOG (nnet3-combine[5.5.1074~1-71f3]:Optimize():nnet-optimize.cc:629) After optimization, max memory use (bytes) = 409600
LOG (nnet3-combine[5.5.1074~1-71f3]:~CachingOptimizingCompiler():nnet-optimize.cc:710) 0.0516 seconds taken in nnet3 compilation total (breakdown: 0.00873 compilation, 0.0368 optimization, 0.000319 shortcut expansion, 0.00308 checking, 9.06e-06 computing indexes, 0.00261 misc.) + 0 I/O.
LOG (nnet3-combine[5.5.1074~1-71f3]:main():nnet3-combine.cc:174) Combining last 5 models, objective function is -0.445862
LOG (nnet3-combine[5.5.1074~1-71f3]:Optimize():nnet-optimize.cc:507) Before optimization, max memory use (bytes) = 18647816
LOG (nnet3-combine[5.5.1074~1-71f3]:Optimize():nnet-optimize.cc:629) After optimization, max memory use (bytes) = 409600
LOG (nnet3-combine[5.5.1074~1-71f3]:~CachingOptimizingCompiler():nnet-optimize.cc:710) 0.0516 seconds taken in nnet3 compilation total (breakdown: 0.0087 compilation, 0.0369 optimization, 0.000324 shortcut expansion, 0.00308 checking, 9.78e-06 computing indexes, 0.00265 misc.) + 0 I/O.
LOG (nnet3-combine[5.5.1074~1-71f3]:main():nnet3-combine.cc:174) Combining last 6 models, objective function is -0.457775
LOG (nnet3-combine[5.5.1074~1-71f3]:Optimize():nnet-optimize.cc:507) Before optimization, max memory use (bytes) = 18647816
LOG (nnet3-combine[5.5.1074~1-71f3]:Optimize():nnet-optimize.cc:629) After optimization, max memory use (bytes) = 409600
LOG (nnet3-combine[5.5.1074~1-71f3]:~CachingOptimizingCompiler():nnet-optimize.cc:710) 0.0516 seconds taken in nnet3 compilation total (breakdown: 0.00874 compilation, 0.0368 optimization, 0.000319 shortcut expansion, 0.00308 checking, 1e-05 computing indexes, 0.00261 misc.) + 0 I/O.
LOG (nnet3-combine[5.5.1074~1-71f3]:main():nnet3-combine.cc:174) Combining last 7 models, objective function is -0.473473
LOG (nnet3-combine[5.5.1074~1-71f3]:Optimize():nnet-optimize.cc:507) Before optimization, max memory use (bytes) = 18647816
LOG (nnet3-combine[5.5.1074~1-71f3]:Optimize():nnet-optimize.cc:629) After optimization, max memory use (bytes) = 409600
LOG (nnet3-combine[5.5.1074~1-71f3]:~CachingOptimizingCompiler():nnet-optimize.cc:710) 0.0517 seconds taken in nnet3 compilation total (breakdown: 0.00868 compilation, 0.037 optimization, 0.00032 shortcut expansion, 0.00306 checking, 2.07e-05 computing indexes, 0.0026 misc.) + 0 I/O.
LOG (nnet3-combine[5.5.1074~1-71f3]:main():nnet3-combine.cc:174) Combining last 8 models, objective function is -0.492951
LOG (nnet3-combine[5.5.1074~1-71f3]:main():nnet3-combine.cc:183) Combining 1 nnets, objective function changed from -0.417466 to -0.417466
LOG (nnet3-combine[5.5.1074~1-71f3]:PrintProfile():cu-device.cc:563) -----
[cudevice profile]
Total GPU time:	0s (may involve some double-counting)
-----
nnet3-am-copy --set-raw-nnet=- exp_FG/LSTM/16.mdl exp_FG/LSTM/combined.mdl 
LOG (nnet3-am-copy[5.5.1074~1-71f3]:main():nnet3-am-copy.cc:160) Copied neural net from exp_FG/LSTM/16.mdl to exp_FG/LSTM/combined.mdl
LOG (nnet3-combine[5.5.1074~1-71f3]:main():nnet3-combine.cc:195) Finished combining neural nets, wrote model to | nnet3-am-copy --set-raw-nnet=- exp_FG/LSTM/16.mdl exp_FG/LSTM/combined.mdl
# Accounting: time=66 threads=1
# Ended (code 0) at Thu Aug  3 11:40:33 IST 2023, elapsed time 66 seconds
