# nnet3-copy-egs ark:exp_FG/LSTM/egs/egs.1.ark ark:- | nnet3-subset-egs --srand=5 --n=20000 ark:- ark:- | nnet3-merge-egs --minibatch-size=128 ark:- ark:- | nnet3-compute-from-egs --use-gpu=no --apply-exp=true exp_FG/LSTM/combined.mdl ark:- ark:- | matrix-sum-rows ark:- ark:- | vector-sum ark:- exp_FG/LSTM/post.combined.5.vec 
# Started at Thu Aug  3 11:40:33 IST 2023
#
matrix-sum-rows ark:- ark:- 
vector-sum ark:- exp_FG/LSTM/post.combined.5.vec 
nnet3-compute-from-egs --use-gpu=no --apply-exp=true exp_FG/LSTM/combined.mdl ark:- ark:- 
LOG (nnet3-compute-from-egs[5.5.1074~1-71f3]:SelectGpuId():cu-device.cc:168) Manually selected to compute on CPU.
nnet3-subset-egs --srand=5 --n=20000 ark:- ark:- 
nnet3-merge-egs --minibatch-size=128 ark:- ark:- 
nnet3-copy-egs ark:exp_FG/LSTM/egs/egs.1.ark ark:- 
LOG (nnet3-copy-egs[5.5.1074~1-71f3]:main():nnet3-copy-egs.cc:431) Read 12641 neural-network training examples, wrote 12641, 0 examples had errors.
LOG (nnet3-subset-egs[5.5.1074~1-71f3]:main():nnet3-subset-egs.cc:92) Selected a subset of 12641 out of 12641 neural-network training examples 
LOG (nnet3-merge-egs[5.5.1074~1-71f3]:PrintSpecificStats():nnet-example-utils.cc:1162) Merged specific eg types as follows [format: <eg-size1>={<mb-size1>-><num-minibatches1>,<mbsize2>-><num-minibatches2>.../d=<num-discarded>},<egs-size2>={...},... (note,egs-size == number of input frames including context).
LOG (nnet3-merge-egs[5.5.1074~1-71f3]:PrintSpecificStats():nnet-example-utils.cc:1192) 67={128->98,d=97}
LOG (nnet3-merge-egs[5.5.1074~1-71f3]:PrintAggregateStats():nnet-example-utils.cc:1158) Processed 12641 egs of avg. size 67 into 98 minibatches, discarding 0.7673% of egs.  Avg minibatch size was 128, #distinct types of egs/minibatches was 1/1
LOG (nnet3-compute-from-egs[5.5.1074~1-71f3]:main():nnet3-compute-from-egs.cc:133) Processed 98 examples.
LOG (nnet3-compute-from-egs[5.5.1074~1-71f3]:~CachingOptimizingCompiler():nnet-optimize.cc:710) 0.041 seconds taken in nnet3 compilation total (breakdown: 0.00663 compilation, 0.0197 optimization, 0.000554 shortcut expansion, 0.00574 checking, 2.79e-05 computing indexes, 0.00833 misc.) + 0 I/O.
LOG (matrix-sum-rows[5.5.1074~1-71f3]:main():matrix-sum-rows.cc:67) Summed rows 98 matrices, 250880 rows in total.
LOG (vector-sum[5.5.1074~1-71f3]:TypeTwoUsage():vector-sum.cc:143) Summed 98 vectors, 0 with errors; wrote sum to exp_FG/LSTM/post.combined.5.vec
# Accounting: time=69 threads=1
# Ended (code 0) at Thu Aug  3 11:41:42 IST 2023, elapsed time 69 seconds
