# nnet3-train --use-gpu=no --read-cache=exp_FG/LSTM/cache.1 --write-cache=exp_FG/LSTM/cache.2 --print-interval=10 --momentum=0.5 --max-param-change=2.0 --backstitch-training-scale=0.0 --l2-regularize-factor=1.0 --backstitch-training-interval=1 --srand=1 --optimization.min-deriv-time=-8 --optimization.max-deriv-time-relative=15 "nnet3-copy --learning-rate=0.000272555272695506 --scale=0.99 exp_FG/LSTM/1.mdl - |" "ark,bg:nnet3-copy-egs               ark:exp_FG/LSTM/egs/egs.2.ark ark:- |             nnet3-shuffle-egs --buffer-size=5000             --srand=1 ark:- ark:- |              nnet3-merge-egs --minibatch-size=100 ark:- ark:- |" exp_FG/LSTM/2.1.raw 
# Started at Thu Aug  3 11:15:24 IST 2023
#
nnet3-train --use-gpu=no --read-cache=exp_FG/LSTM/cache.1 --write-cache=exp_FG/LSTM/cache.2 --print-interval=10 --momentum=0.5 --max-param-change=2.0 --backstitch-training-scale=0.0 --l2-regularize-factor=1.0 --backstitch-training-interval=1 --srand=1 --optimization.min-deriv-time=-8 --optimization.max-deriv-time-relative=15 'nnet3-copy --learning-rate=0.000272555272695506 --scale=0.99 exp_FG/LSTM/1.mdl - |' 'ark,bg:nnet3-copy-egs               ark:exp_FG/LSTM/egs/egs.2.ark ark:- |             nnet3-shuffle-egs --buffer-size=5000             --srand=1 ark:- ark:- |              nnet3-merge-egs --minibatch-size=100 ark:- ark:- |' exp_FG/LSTM/2.1.raw 
LOG (nnet3-train[5.5.1074~1-71f3]:SelectGpuId():cu-device.cc:168) Manually selected to compute on CPU.
nnet3-copy --learning-rate=0.000272555272695506 --scale=0.99 exp_FG/LSTM/1.mdl - 
LOG (nnet3-copy[5.5.1074~1-71f3]:main():nnet3-copy.cc:123) Copied raw neural net from exp_FG/LSTM/1.mdl to -
LOG (nnet3-train[5.5.1074~1-71f3]:NnetTrainer():nnet-training.cc:48) Read computation cache from exp_FG/LSTM/cache.1
nnet3-shuffle-egs --buffer-size=5000 --srand=1 ark:- ark:- 
nnet3-merge-egs --minibatch-size=100 ark:- ark:- 
nnet3-copy-egs ark:exp_FG/LSTM/egs/egs.2.ark ark:- 
LOG (nnet3-train[5.5.1074~1-71f3]:PrintStatsForThisPhase():nnet-training.cc:278) Average objective function for 'output' for minibatches 0-9 is -2.25822 over 19711 frames.
LOG (nnet3-train[5.5.1074~1-71f3]:UpdateNnetWithMaxChange():nnet-utils.cc:2205) Per-component max-change active on 2 / 9 Updatable Components. (Smallest factor=0.536058 on Lstm1_W-m with max-change=0.75). 
LOG (nnet3-train[5.5.1074~1-71f3]:UpdateNnetWithMaxChange():nnet-utils.cc:2205) Per-component max-change active on 2 / 9 Updatable Components. (Smallest factor=0.902265 on Lstm1_W-m with max-change=0.75). 
LOG (nnet3-train[5.5.1074~1-71f3]:PrintStatsForThisPhase():nnet-training.cc:278) Average objective function for 'output' for minibatches 10-19 is -2.38823 over 19708 frames.
LOG (nnet3-train[5.5.1074~1-71f3]:UpdateNnetWithMaxChange():nnet-utils.cc:2205) Per-component max-change active on 2 / 9 Updatable Components. (Smallest factor=0.894371 on Lstm1_W-m with max-change=0.75). 
LOG (nnet3-train[5.5.1074~1-71f3]:PrintStatsForThisPhase():nnet-training.cc:278) Average objective function for 'output' for minibatches 20-29 is -2.1161 over 19699.5 frames.
LOG (nnet3-train[5.5.1074~1-71f3]:PrintStatsForThisPhase():nnet-training.cc:278) Average objective function for 'output' for minibatches 30-39 is -2.0563 over 19697 frames.
LOG (nnet3-train[5.5.1074~1-71f3]:PrintStatsForThisPhase():nnet-training.cc:278) Average objective function for 'output' for minibatches 40-49 is -2.04072 over 19702 frames.
LOG (nnet3-train[5.5.1074~1-71f3]:PrintStatsForThisPhase():nnet-training.cc:278) Average objective function for 'output' for minibatches 50-59 is -1.94885 over 19705 frames.
LOG (nnet3-train[5.5.1074~1-71f3]:PrintStatsForThisPhase():nnet-training.cc:278) Average objective function for 'output' for minibatches 60-69 is -1.8556 over 19712.5 frames.
LOG (nnet3-train[5.5.1074~1-71f3]:UpdateNnetWithMaxChange():nnet-utils.cc:2205) Per-component max-change active on 2 / 9 Updatable Components. (Smallest factor=0.663857 on Lstm1_W-m with max-change=0.75). 
LOG (nnet3-copy-egs[5.5.1074~1-71f3]:main():nnet3-copy-egs.cc:431) Read 12508 neural-network training examples, wrote 12508, 0 examples had errors.
LOG (nnet3-train[5.5.1074~1-71f3]:PrintStatsForThisPhase():nnet-training.cc:278) Average objective function for 'output' for minibatches 70-79 is -1.94547 over 19710.5 frames.
LOG (nnet3-train[5.5.1074~1-71f3]:PrintStatsForThisPhase():nnet-training.cc:278) Average objective function for 'output' for minibatches 80-89 is -1.80038 over 19687.5 frames.
LOG (nnet3-train[5.5.1074~1-71f3]:UpdateNnetWithMaxChange():nnet-utils.cc:2205) Per-component max-change active on 2 / 9 Updatable Components. (Smallest factor=0.751496 on Lstm1_W-m with max-change=0.75). 
LOG (nnet3-train[5.5.1074~1-71f3]:UpdateNnetWithMaxChange():nnet-utils.cc:2205) Per-component max-change active on 2 / 9 Updatable Components. (Smallest factor=0.779554 on Lstm1_W-m with max-change=0.75). 
LOG (nnet3-train[5.5.1074~1-71f3]:UpdateNnetWithMaxChange():nnet-utils.cc:2205) Per-component max-change active on 1 / 9 Updatable Components. (Smallest factor=0.899066 on Lstm1_W-m with max-change=0.75). 
LOG (nnet3-train[5.5.1074~1-71f3]:PrintStatsForThisPhase():nnet-training.cc:278) Average objective function for 'output' for minibatches 90-99 is -2.10893 over 19695 frames.
LOG (nnet3-train[5.5.1074~1-71f3]:PrintStatsForThisPhase():nnet-training.cc:278) Average objective function for 'output' for minibatches 100-109 is -1.78021 over 19703.5 frames.
LOG (nnet3-train[5.5.1074~1-71f3]:PrintStatsForThisPhase():nnet-training.cc:278) Average objective function for 'output' for minibatches 110-119 is -1.78895 over 19731 frames.
LOG (nnet3-shuffle-egs[5.5.1074~1-71f3]:main():nnet3-shuffle-egs.cc:105) Shuffled order of 12508 neural-network training examples using a buffer (partial randomization)
LOG (nnet3-merge-egs[5.5.1074~1-71f3]:PrintSpecificStats():nnet-example-utils.cc:1162) Merged specific eg types as follows [format: <eg-size1>={<mb-size1>-><num-minibatches1>,<mbsize2>-><num-minibatches2>.../d=<num-discarded>},<egs-size2>={...},... (note,egs-size == number of input frames including context).
LOG (nnet3-merge-egs[5.5.1074~1-71f3]:PrintSpecificStats():nnet-example-utils.cc:1192) 67={100->125,d=8}
LOG (nnet3-merge-egs[5.5.1074~1-71f3]:PrintAggregateStats():nnet-example-utils.cc:1158) Processed 12508 egs of avg. size 67 into 125 minibatches, discarding 0.06396% of egs.  Avg minibatch size was 100, #distinct types of egs/minibatches was 1/1
LOG (nnet3-train[5.5.1074~1-71f3]:PrintTotalStats():nnet-training.cc:317) Overall average objective function for 'output' is -1.99041 over 246317 frames.
LOG (nnet3-train[5.5.1074~1-71f3]:PrintTotalStats():nnet-training.cc:324) [this line is to be parsed by a script:] log-prob-per-frame=-1.99041
LOG (nnet3-train[5.5.1074~1-71f3]:Print():nnet-utils.cc:2311) For Lstm1_W_c-xr, per-component max-change was enforced 4.8 % of the time.
LOG (nnet3-train[5.5.1074~1-71f3]:Print():nnet-utils.cc:2311) For Lstm1_W-m, per-component max-change was enforced 5.6 % of the time.
LOG (nnet3-train[5.5.1074~1-71f3]:main():nnet3-train.cc:91) Wrote model to exp_FG/LSTM/2.1.raw
LOG (nnet3-train[5.5.1074~1-71f3]:~NnetTrainer():nnet-training.cc:334) Wrote computation cache to exp_FG/LSTM/cache.2
LOG (nnet3-train[5.5.1074~1-71f3]:~CachingOptimizingCompiler():nnet-optimize.cc:710) 0.00309 seconds taken in nnet3 compilation total (breakdown: 0 compilation, 0 optimization, 0.00128 shortcut expansion, 0 checking, 4.01e-05 computing indexes, 0.00177 misc.) + 0.0235 I/O.
# Accounting: time=92 threads=1
# Ended (code 0) at Thu Aug  3 11:16:56 IST 2023, elapsed time 92 seconds
