# nnet3-train --use-gpu=no --read-cache=exp_FG/LSTM/cache.8 --write-cache=exp_FG/LSTM/cache.9 --print-interval=10 --momentum=0.5 --max-param-change=2.0 --backstitch-training-scale=0.0 --l2-regularize-factor=0.5 --backstitch-training-interval=1 --srand=8 --optimization.min-deriv-time=-8 --optimization.max-deriv-time-relative=15 "nnet3-copy --learning-rate=0.0002784953300167667 --scale=0.99 exp_FG/LSTM/8.mdl - |" "ark,bg:nnet3-copy-egs               ark:exp_FG/LSTM/egs/egs.3.ark ark:- |             nnet3-shuffle-egs --buffer-size=5000             --srand=8 ark:- ark:- |              nnet3-merge-egs --minibatch-size=100 ark:- ark:- |" exp_FG/LSTM/9.1.raw 
# Started at Thu Aug  3 11:26:12 IST 2023
#
nnet3-train --use-gpu=no --read-cache=exp_FG/LSTM/cache.8 --write-cache=exp_FG/LSTM/cache.9 --print-interval=10 --momentum=0.5 --max-param-change=2.0 --backstitch-training-scale=0.0 --l2-regularize-factor=0.5 --backstitch-training-interval=1 --srand=8 --optimization.min-deriv-time=-8 --optimization.max-deriv-time-relative=15 'nnet3-copy --learning-rate=0.0002784953300167667 --scale=0.99 exp_FG/LSTM/8.mdl - |' 'ark,bg:nnet3-copy-egs               ark:exp_FG/LSTM/egs/egs.3.ark ark:- |             nnet3-shuffle-egs --buffer-size=5000             --srand=8 ark:- ark:- |              nnet3-merge-egs --minibatch-size=100 ark:- ark:- |' exp_FG/LSTM/9.1.raw 
LOG (nnet3-train[5.5.1074~1-71f3]:SelectGpuId():cu-device.cc:168) Manually selected to compute on CPU.
nnet3-copy --learning-rate=0.0002784953300167667 --scale=0.99 exp_FG/LSTM/8.mdl - 
LOG (nnet3-copy[5.5.1074~1-71f3]:main():nnet3-copy.cc:123) Copied raw neural net from exp_FG/LSTM/8.mdl to -
LOG (nnet3-train[5.5.1074~1-71f3]:NnetTrainer():nnet-training.cc:48) Read computation cache from exp_FG/LSTM/cache.8
nnet3-shuffle-egs --buffer-size=5000 --srand=8 ark:- ark:- 
nnet3-merge-egs --minibatch-size=100 ark:- ark:- 
nnet3-copy-egs ark:exp_FG/LSTM/egs/egs.3.ark ark:- 
LOG (nnet3-train[5.5.1074~1-71f3]:PrintStatsForThisPhase():nnet-training.cc:278) Average objective function for 'output' for minibatches 0-9 is -0.838688 over 19710 frames.
LOG (nnet3-train[5.5.1074~1-71f3]:UpdateNnetWithMaxChange():nnet-utils.cc:2205) Per-component max-change active on 1 / 9 Updatable Components. (Smallest factor=0.959734 on Lstm1_W_c-xr with max-change=0.75). 
LOG (nnet3-train[5.5.1074~1-71f3]:PrintStatsForThisPhase():nnet-training.cc:278) Average objective function for 'output' for minibatches 10-19 is -0.925325 over 19692 frames.
LOG (nnet3-train[5.5.1074~1-71f3]:PrintStatsForThisPhase():nnet-training.cc:278) Average objective function for 'output' for minibatches 20-29 is -1.01442 over 19698.5 frames.
LOG (nnet3-train[5.5.1074~1-71f3]:PrintStatsForThisPhase():nnet-training.cc:278) Average objective function for 'output' for minibatches 30-39 is -0.94949 over 19710 frames.
LOG (nnet3-train[5.5.1074~1-71f3]:PrintStatsForThisPhase():nnet-training.cc:278) Average objective function for 'output' for minibatches 40-49 is -1.03007 over 19695 frames.
LOG (nnet3-train[5.5.1074~1-71f3]:PrintStatsForThisPhase():nnet-training.cc:278) Average objective function for 'output' for minibatches 50-59 is -0.932209 over 19722.5 frames.
LOG (nnet3-train[5.5.1074~1-71f3]:PrintStatsForThisPhase():nnet-training.cc:278) Average objective function for 'output' for minibatches 60-69 is -0.960598 over 19694 frames.
LOG (nnet3-copy-egs[5.5.1074~1-71f3]:main():nnet3-copy-egs.cc:431) Read 12496 neural-network training examples, wrote 12496, 0 examples had errors.
LOG (nnet3-train[5.5.1074~1-71f3]:PrintStatsForThisPhase():nnet-training.cc:278) Average objective function for 'output' for minibatches 70-79 is -0.964554 over 19719.5 frames.
LOG (nnet3-train[5.5.1074~1-71f3]:PrintStatsForThisPhase():nnet-training.cc:278) Average objective function for 'output' for minibatches 80-89 is -0.915346 over 19679.5 frames.
LOG (nnet3-train[5.5.1074~1-71f3]:PrintStatsForThisPhase():nnet-training.cc:278) Average objective function for 'output' for minibatches 90-99 is -0.975977 over 19732.5 frames.
LOG (nnet3-train[5.5.1074~1-71f3]:PrintStatsForThisPhase():nnet-training.cc:278) Average objective function for 'output' for minibatches 100-109 is -0.987543 over 19677.5 frames.
LOG (nnet3-train[5.5.1074~1-71f3]:PrintStatsForThisPhase():nnet-training.cc:278) Average objective function for 'output' for minibatches 110-119 is -0.980055 over 19698 frames.
LOG (nnet3-shuffle-egs[5.5.1074~1-71f3]:main():nnet3-shuffle-egs.cc:105) Shuffled order of 12496 neural-network training examples using a buffer (partial randomization)
LOG (nnet3-merge-egs[5.5.1074~1-71f3]:PrintSpecificStats():nnet-example-utils.cc:1162) Merged specific eg types as follows [format: <eg-size1>={<mb-size1>-><num-minibatches1>,<mbsize2>-><num-minibatches2>.../d=<num-discarded>},<egs-size2>={...},... (note,egs-size == number of input frames including context).
LOG (nnet3-merge-egs[5.5.1074~1-71f3]:PrintSpecificStats():nnet-example-utils.cc:1192) 67={100->124,d=96}
LOG (nnet3-merge-egs[5.5.1074~1-71f3]:PrintAggregateStats():nnet-example-utils.cc:1158) Processed 12496 egs of avg. size 67 into 124 minibatches, discarding 0.7682% of egs.  Avg minibatch size was 100, #distinct types of egs/minibatches was 1/1
LOG (nnet3-train[5.5.1074~1-71f3]:PrintTotalStats():nnet-training.cc:317) Overall average objective function for 'output' is -0.955117 over 244310 frames.
LOG (nnet3-train[5.5.1074~1-71f3]:PrintTotalStats():nnet-training.cc:324) [this line is to be parsed by a script:] log-prob-per-frame=-0.955117
LOG (nnet3-train[5.5.1074~1-71f3]:Print():nnet-utils.cc:2311) For Lstm1_W_c-xr, per-component max-change was enforced 0.806452 % of the time.
LOG (nnet3-train[5.5.1074~1-71f3]:main():nnet3-train.cc:91) Wrote model to exp_FG/LSTM/9.1.raw
LOG (nnet3-train[5.5.1074~1-71f3]:~NnetTrainer():nnet-training.cc:334) Wrote computation cache to exp_FG/LSTM/cache.9
LOG (nnet3-train[5.5.1074~1-71f3]:~CachingOptimizingCompiler():nnet-optimize.cc:710) 0.00245 seconds taken in nnet3 compilation total (breakdown: 0 compilation, 0 optimization, 0 shortcut expansion, 0 checking, 0 computing indexes, 0.00245 misc.) + 0.0328 I/O.
# Accounting: time=97 threads=1
# Ended (code 0) at Thu Aug  3 11:27:49 IST 2023, elapsed time 97 seconds
