# nnet3-train --use-gpu=no --read-cache=exp_FG/LSTM/cache.6 --write-cache=exp_FG/LSTM/cache.7 --print-interval=10 --momentum=0.5 --max-param-change=2.0 --backstitch-training-scale=0.0 --l2-regularize-factor=1.0 --backstitch-training-interval=1 --srand=6 --optimization.min-deriv-time=-8 --optimization.max-deriv-time-relative=15 "nnet3-copy --learning-rate=0.0001687023975571047 --scale=0.99 exp_FG/LSTM/6.mdl - |" "ark,bg:nnet3-copy-egs               ark:exp_FG/LSTM/egs/egs.1.ark ark:- |             nnet3-shuffle-egs --buffer-size=5000             --srand=6 ark:- ark:- |              nnet3-merge-egs --minibatch-size=100 ark:- ark:- |" exp_FG/LSTM/7.1.raw 
# Started at Thu Aug  3 11:23:06 IST 2023
#
nnet3-train --use-gpu=no --read-cache=exp_FG/LSTM/cache.6 --write-cache=exp_FG/LSTM/cache.7 --print-interval=10 --momentum=0.5 --max-param-change=2.0 --backstitch-training-scale=0.0 --l2-regularize-factor=1.0 --backstitch-training-interval=1 --srand=6 --optimization.min-deriv-time=-8 --optimization.max-deriv-time-relative=15 'nnet3-copy --learning-rate=0.0001687023975571047 --scale=0.99 exp_FG/LSTM/6.mdl - |' 'ark,bg:nnet3-copy-egs               ark:exp_FG/LSTM/egs/egs.1.ark ark:- |             nnet3-shuffle-egs --buffer-size=5000             --srand=6 ark:- ark:- |              nnet3-merge-egs --minibatch-size=100 ark:- ark:- |' exp_FG/LSTM/7.1.raw 
LOG (nnet3-train[5.5.1074~1-71f3]:SelectGpuId():cu-device.cc:168) Manually selected to compute on CPU.
nnet3-copy --learning-rate=0.0001687023975571047 --scale=0.99 exp_FG/LSTM/6.mdl - 
LOG (nnet3-copy[5.5.1074~1-71f3]:main():nnet3-copy.cc:123) Copied raw neural net from exp_FG/LSTM/6.mdl to -
LOG (nnet3-train[5.5.1074~1-71f3]:NnetTrainer():nnet-training.cc:48) Read computation cache from exp_FG/LSTM/cache.6
nnet3-shuffle-egs --buffer-size=5000 --srand=6 ark:- ark:- 
nnet3-copy-egs ark:exp_FG/LSTM/egs/egs.1.ark ark:- 
nnet3-merge-egs --minibatch-size=100 ark:- ark:- 
LOG (nnet3-train[5.5.1074~1-71f3]:PrintStatsForThisPhase():nnet-training.cc:278) Average objective function for 'output' for minibatches 0-9 is -0.982201 over 19700.5 frames.
LOG (nnet3-train[5.5.1074~1-71f3]:PrintStatsForThisPhase():nnet-training.cc:278) Average objective function for 'output' for minibatches 10-19 is -0.997276 over 19717.5 frames.
LOG (nnet3-train[5.5.1074~1-71f3]:PrintStatsForThisPhase():nnet-training.cc:278) Average objective function for 'output' for minibatches 20-29 is -1.05322 over 19735 frames.
LOG (nnet3-train[5.5.1074~1-71f3]:PrintStatsForThisPhase():nnet-training.cc:278) Average objective function for 'output' for minibatches 30-39 is -0.966915 over 19712 frames.
LOG (nnet3-train[5.5.1074~1-71f3]:PrintStatsForThisPhase():nnet-training.cc:278) Average objective function for 'output' for minibatches 40-49 is -0.935516 over 19694 frames.
LOG (nnet3-train[5.5.1074~1-71f3]:PrintStatsForThisPhase():nnet-training.cc:278) Average objective function for 'output' for minibatches 50-59 is -0.928177 over 19704.5 frames.
LOG (nnet3-train[5.5.1074~1-71f3]:PrintStatsForThisPhase():nnet-training.cc:278) Average objective function for 'output' for minibatches 60-69 is -0.876154 over 19738.5 frames.
LOG (nnet3-copy-egs[5.5.1074~1-71f3]:main():nnet3-copy-egs.cc:431) Read 12641 neural-network training examples, wrote 12641, 0 examples had errors.
LOG (nnet3-train[5.5.1074~1-71f3]:PrintStatsForThisPhase():nnet-training.cc:278) Average objective function for 'output' for minibatches 70-79 is -0.914636 over 19721.5 frames.
LOG (nnet3-train[5.5.1074~1-71f3]:PrintStatsForThisPhase():nnet-training.cc:278) Average objective function for 'output' for minibatches 80-89 is -0.954224 over 19718 frames.
LOG (nnet3-train[5.5.1074~1-71f3]:PrintStatsForThisPhase():nnet-training.cc:278) Average objective function for 'output' for minibatches 90-99 is -0.903531 over 19697 frames.
LOG (nnet3-train[5.5.1074~1-71f3]:PrintStatsForThisPhase():nnet-training.cc:278) Average objective function for 'output' for minibatches 100-109 is -0.929375 over 19704.5 frames.
LOG (nnet3-train[5.5.1074~1-71f3]:PrintStatsForThisPhase():nnet-training.cc:278) Average objective function for 'output' for minibatches 110-119 is -0.902698 over 19704.5 frames.
LOG (nnet3-shuffle-egs[5.5.1074~1-71f3]:main():nnet3-shuffle-egs.cc:105) Shuffled order of 12641 neural-network training examples using a buffer (partial randomization)
LOG (nnet3-merge-egs[5.5.1074~1-71f3]:PrintSpecificStats():nnet-example-utils.cc:1162) Merged specific eg types as follows [format: <eg-size1>={<mb-size1>-><num-minibatches1>,<mbsize2>-><num-minibatches2>.../d=<num-discarded>},<egs-size2>={...},... (note,egs-size == number of input frames including context).
LOG (nnet3-merge-egs[5.5.1074~1-71f3]:PrintSpecificStats():nnet-example-utils.cc:1192) 67={100->126,d=41}
LOG (nnet3-merge-egs[5.5.1074~1-71f3]:PrintAggregateStats():nnet-example-utils.cc:1158) Processed 12641 egs of avg. size 67 into 126 minibatches, discarding 0.3243% of egs.  Avg minibatch size was 100, #distinct types of egs/minibatches was 1/1
LOG (nnet3-train[5.5.1074~1-71f3]:PrintTotalStats():nnet-training.cc:317) Overall average objective function for 'output' is -0.943797 over 248368 frames.
LOG (nnet3-train[5.5.1074~1-71f3]:PrintTotalStats():nnet-training.cc:324) [this line is to be parsed by a script:] log-prob-per-frame=-0.943797
LOG (nnet3-train[5.5.1074~1-71f3]:main():nnet3-train.cc:91) Wrote model to exp_FG/LSTM/7.1.raw
LOG (nnet3-train[5.5.1074~1-71f3]:~NnetTrainer():nnet-training.cc:334) Wrote computation cache to exp_FG/LSTM/cache.7
LOG (nnet3-train[5.5.1074~1-71f3]:~CachingOptimizingCompiler():nnet-optimize.cc:710) 0.00217 seconds taken in nnet3 compilation total (breakdown: 0 compilation, 0 optimization, 0 shortcut expansion, 0 checking, 0 computing indexes, 0.00217 misc.) + 0.0324 I/O.
# Accounting: time=93 threads=1
# Ended (code 0) at Thu Aug  3 11:24:39 IST 2023, elapsed time 93 seconds
