# gmm-latgen-faster --max-active=7000 --beam=13.0 --lattice-beam=6.0 --acoustic-scale=0.083333 --allow-partial=true --word-symbol-table=exp_FG/tri_8_2000/graph/words.txt exp_FG/tri_8_2000/final.mdl exp_FG/tri_8_2000/graph/HCLG.fst "ark,s,cs:apply-cmvn  --utt2spk=ark:data/test/split10/3/utt2spk scp:data/test/split10/3/cmvn.scp scp:data/test/split10/3/feats.scp ark:- | add-deltas  ark:- ark:- |" "ark:|gzip -c > exp_FG/tri_8_2000/decode/lat.3.gz" 
# Started at Thu Aug  3 11:46:00 IST 2023
#
gmm-latgen-faster --max-active=7000 --beam=13.0 --lattice-beam=6.0 --acoustic-scale=0.083333 --allow-partial=true --word-symbol-table=exp_FG/tri_8_2000/graph/words.txt exp_FG/tri_8_2000/final.mdl exp_FG/tri_8_2000/graph/HCLG.fst 'ark,s,cs:apply-cmvn  --utt2spk=ark:data/test/split10/3/utt2spk scp:data/test/split10/3/cmvn.scp scp:data/test/split10/3/feats.scp ark:- | add-deltas  ark:- ark:- |' 'ark:|gzip -c > exp_FG/tri_8_2000/decode/lat.3.gz' 
apply-cmvn --utt2spk=ark:data/test/split10/3/utt2spk scp:data/test/split10/3/cmvn.scp scp:data/test/split10/3/feats.scp ark:- 
add-deltas ark:- ark:- 
FC03_1 kadxawulxai wanxanggeu 
LOG (gmm-latgen-faster[5.5.1074~1-71f3]:DecodeUtteranceLatticeFaster():decoder-wrappers.cc:375) Log-like per frame for utterance FC03_1 is -7.20372 over 310 frames.
FC03_11 yaanai pilxirxum 
LOG (gmm-latgen-faster[5.5.1074~1-71f3]:DecodeUtteranceLatticeFaster():decoder-wrappers.cc:375) Log-like per frame for utterance FC03_11 is -7.25271 over 240 frames.
FC03_12 seywana tirundda sey 
LOG (gmm-latgen-faster[5.5.1074~1-71f3]:DecodeUtteranceLatticeFaster():decoder-wrappers.cc:375) Log-like per frame for utterance FC03_12 is -7.44328 over 315 frames.
FC03_125 matxtxam 
LOG (gmm-latgen-faster[5.5.1074~1-71f3]:DecodeUtteranceLatticeFaster():decoder-wrappers.cc:375) Log-like per frame for utterance FC03_125 is -6.4687 over 170 frames.
FC03_130 saram 
LOG (gmm-latgen-faster[5.5.1074~1-71f3]:DecodeUtteranceLatticeFaster():decoder-wrappers.cc:375) Log-like per frame for utterance FC03_130 is -7.03449 over 127 frames.
FC03_137 ndaagam 
LOG (gmm-latgen-faster[5.5.1074~1-71f3]:DecodeUtteranceLatticeFaster():decoder-wrappers.cc:375) Log-like per frame for utterance FC03_137 is -6.79278 over 159 frames.
FC03_139 tadxaagam 
LOG (gmm-latgen-faster[5.5.1074~1-71f3]:DecodeUtteranceLatticeFaster():decoder-wrappers.cc:375) Log-like per frame for utterance FC03_139 is -6.68663 over 175 frames.
FC03_14 kudxisai tiiyaal erinddadeu 
LOG (gmm-latgen-faster[5.5.1074~1-71f3]:DecodeUtteranceLatticeFaster():decoder-wrappers.cc:375) Log-like per frame for utterance FC03_14 is -7.28824 over 374 frames.
FC03_146 katti 
LOG (gmm-latgen-faster[5.5.1074~1-71f3]:DecodeUtteranceLatticeFaster():decoder-wrappers.cc:375) Log-like per frame for utterance FC03_146 is -6.55472 over 165 frames.
FC03_148 ganxeesx 
LOG (gmm-latgen-faster[5.5.1074~1-71f3]:DecodeUtteranceLatticeFaster():decoder-wrappers.cc:375) Log-like per frame for utterance FC03_148 is -7.29463 over 170 frames.
FC03_150 kanxini 
LOG (gmm-latgen-faster[5.5.1074~1-71f3]:DecodeUtteranceLatticeFaster():decoder-wrappers.cc:375) Log-like per frame for utterance FC03_150 is -7.01202 over 154 frames.
FC03_167 patxtxeu 
LOG (gmm-latgen-faster[5.5.1074~1-71f3]:DecodeUtteranceLatticeFaster():decoder-wrappers.cc:375) Log-like per frame for utterance FC03_167 is -6.81689 over 159 frames.
FC03_171 senggai 
LOG (gmm-latgen-faster[5.5.1074~1-71f3]:DecodeUtteranceLatticeFaster():decoder-wrappers.cc:375) Log-like per frame for utterance FC03_171 is -6.14685 over 342 frames.
FC03_174 paccai 
LOG (gmm-latgen-faster[5.5.1074~1-71f3]:DecodeUtteranceLatticeFaster():decoder-wrappers.cc:375) Log-like per frame for utterance FC03_174 is -6.79528 over 164 frames.
FC03_175 puttagam 
LOG (gmm-latgen-faster[5.5.1074~1-71f3]:DecodeUtteranceLatticeFaster():decoder-wrappers.cc:375) Log-like per frame for utterance FC03_175 is -6.70208 over 143 frames.
FC03_177 taagam 
LOG (gmm-latgen-faster[5.5.1074~1-71f3]:DecodeUtteranceLatticeFaster():decoder-wrappers.cc:375) Log-like per frame for utterance FC03_177 is -6.40458 over 186 frames.
FC03_183 maambazham 
LOG (gmm-latgen-faster[5.5.1074~1-71f3]:DecodeUtteranceLatticeFaster():decoder-wrappers.cc:375) Log-like per frame for utterance FC03_183 is -6.432 over 208 frames.
FC03_19 sirxuwar padxippadeu palxlxi 
LOG (gmm-latgen-faster[5.5.1074~1-71f3]:DecodeUtteranceLatticeFaster():decoder-wrappers.cc:375) Log-like per frame for utterance FC03_19 is -7.28606 over 369 frames.
FC03_191 maadulxai 
LOG (gmm-latgen-faster[5.5.1074~1-71f3]:DecodeUtteranceLatticeFaster():decoder-wrappers.cc:375) Log-like per frame for utterance FC03_191 is -6.89239 over 170 frames.
FC03_198 nduraiyiiral 
LOG (gmm-latgen-faster[5.5.1074~1-71f3]:DecodeUtteranceLatticeFaster():decoder-wrappers.cc:375) Log-like per frame for utterance FC03_198 is -7.13021 over 170 frames.
FC03_20 sirxeu tulxi pereu welxlxam 
LOG (gmm-latgen-faster[5.5.1074~1-71f3]:DecodeUtteranceLatticeFaster():decoder-wrappers.cc:375) Log-like per frame for utterance FC03_20 is -6.97262 over 417 frames.
FC03_21 paappaa padxam paar 
LOG (gmm-latgen-faster[5.5.1074~1-71f3]:DecodeUtteranceLatticeFaster():decoder-wrappers.cc:375) Log-like per frame for utterance FC03_21 is -6.74299 over 320 frames.
FC03_212 anjjal ndilaiyam 
LOG (gmm-latgen-faster[5.5.1074~1-71f3]:DecodeUtteranceLatticeFaster():decoder-wrappers.cc:375) Log-like per frame for utterance FC03_212 is -6.84596 over 234 frames.
FC03_217 selwam adirsxtxam tarum 
LOG (gmm-latgen-faster[5.5.1074~1-71f3]:DecodeUtteranceLatticeFaster():decoder-wrappers.cc:375) Log-like per frame for utterance FC03_217 is -7.32254 over 283 frames.
FC03_223 asxtxalaksxmi puujai ndalamalxikkum 
LOG (gmm-latgen-faster[5.5.1074~1-71f3]:DecodeUtteranceLatticeFaster():decoder-wrappers.cc:375) Log-like per frame for utterance FC03_223 is -7.48222 over 424 frames.
FC03_225 jeyhindd enrxeu kuurxeu 
LOG (gmm-latgen-faster[5.5.1074~1-71f3]:DecodeUtteranceLatticeFaster():decoder-wrappers.cc:375) Log-like per frame for utterance FC03_225 is -7.24687 over 365 frames.
FC03_230 anggee inggee paarkkaadee 
LOG (gmm-latgen-faster[5.5.1074~1-71f3]:DecodeUtteranceLatticeFaster():decoder-wrappers.cc:375) Log-like per frame for utterance FC03_230 is -7.0753 over 365 frames.
FC03_231 injji maruttuwa gunxam waaynddadeu 
LOG (gmm-latgen-faster[5.5.1074~1-71f3]:DecodeUtteranceLatticeFaster():decoder-wrappers.cc:375) Log-like per frame for utterance FC03_231 is -7.24594 over 436 frames.
FC03_233 isxtxam pool waazhalaam 
LOG (gmm-latgen-faster[5.5.1074~1-71f3]:DecodeUtteranceLatticeFaster():decoder-wrappers.cc:375) Log-like per frame for utterance FC03_233 is -7.05808 over 361 frames.
FC03_238 uccam todxeu 
LOG (gmm-latgen-faster[5.5.1074~1-71f3]:DecodeUtteranceLatticeFaster():decoder-wrappers.cc:375) Log-like per frame for utterance FC03_238 is -7.04845 over 258 frames.
FC03_247 adeu endda uur 
LOG (gmm-latgen-faster[5.5.1074~1-71f3]:DecodeUtteranceLatticeFaster():decoder-wrappers.cc:375) Log-like per frame for utterance FC03_247 is -6.97287 over 298 frames.
FC03_259 aidiigam peesaadee 
LOG (gmm-latgen-faster[5.5.1074~1-71f3]:DecodeUtteranceLatticeFaster():decoder-wrappers.cc:375) Log-like per frame for utterance FC03_259 is -7.29355 over 274 frames.
FC03_263 idxa odeukkiidxeu sey 
LOG (gmm-latgen-faster[5.5.1074~1-71f3]:DecodeUtteranceLatticeFaster():decoder-wrappers.cc:375) Log-like per frame for utterance FC03_263 is -7.5847 over 298 frames.
FC03_266 biins oruwagai kaay 
LOG (gmm-latgen-faster[5.5.1074~1-71f3]:DecodeUtteranceLatticeFaster():decoder-wrappers.cc:375) Log-like per frame for utterance FC03_266 is -7.54434 over 294 frames.
FC03_269 ndadxai ozhunggeu sey 
LOG (gmm-latgen-faster[5.5.1074~1-71f3]:DecodeUtteranceLatticeFaster():decoder-wrappers.cc:375) Log-like per frame for utterance FC03_269 is -7.31907 over 286 frames.
FC03_27 padxitteup patxtxam perxeu 
LOG (gmm-latgen-faster[5.5.1074~1-71f3]:DecodeUtteranceLatticeFaster():decoder-wrappers.cc:375) Log-like per frame for utterance FC03_27 is -6.91867 over 331 frames.
FC03_270 suuriyan olxi weppam 
LOG (gmm-latgen-faster[5.5.1074~1-71f3]:DecodeUtteranceLatticeFaster():decoder-wrappers.cc:375) Log-like per frame for utterance FC03_270 is -7.14252 over 373 frames.
FC03_276 waazhkkai kasxtxam ndirxainddadeu 
LOG (gmm-latgen-faster[5.5.1074~1-71f3]:DecodeUtteranceLatticeFaster():decoder-wrappers.cc:375) Log-like per frame for utterance FC03_276 is -7.34012 over 357 frames.
FC03_279 kiizhee kuurnddeu paar 
LOG (gmm-latgen-faster[5.5.1074~1-71f3]:DecodeUtteranceLatticeFaster():decoder-wrappers.cc:375) Log-like per frame for utterance FC03_279 is -7.52164 over 270 frames.
FC03_282 ndaay kuzhi toonxdxiyadeu 
LOG (gmm-latgen-faster[5.5.1074~1-71f3]:DecodeUtteranceLatticeFaster():decoder-wrappers.cc:375) Log-like per frame for utterance FC03_282 is -7.12686 over 325 frames.
FC03_283 kambeuk kuuzh suwaiyaanadeu 
LOG (gmm-latgen-faster[5.5.1074~1-71f3]:DecodeUtteranceLatticeFaster():decoder-wrappers.cc:375) Log-like per frame for utterance FC03_283 is -7.46645 over 349 frames.
FC03_285 en miideu koobam kolxlxaadee 
LOG (gmm-latgen-faster[5.5.1074~1-71f3]:DecodeUtteranceLatticeFaster():decoder-wrappers.cc:375) Log-like per frame for utterance FC03_285 is -7.35917 over 382 frames.
FC03_289 samacciir kalwi murxaiyaanadeu 
LOG (gmm-latgen-faster[5.5.1074~1-71f3]:DecodeUtteranceLatticeFaster():decoder-wrappers.cc:375) Log-like per frame for utterance FC03_289 is -7.29332 over 408 frames.
FC03_29 kitxtxawanddaal mutxtxap pagai 
LOG (gmm-latgen-faster[5.5.1074~1-71f3]:DecodeUtteranceLatticeFaster():decoder-wrappers.cc:375) Log-like per frame for utterance FC03_29 is -7.16411 over 336 frames.
FC03_290 samiibamaaga mazhai peydadeu 
LOG (gmm-latgen-faster[5.5.1074~1-71f3]:DecodeUtteranceLatticeFaster():decoder-wrappers.cc:375) Log-like per frame for utterance FC03_290 is -7.05832 over 487 frames.
FC03_291 saambal kari pal tulakka udawum 
LOG (gmm-latgen-faster[5.5.1074~1-71f3]:DecodeUtteranceLatticeFaster():decoder-wrappers.cc:375) Log-like per frame for utterance FC03_291 is -7.07015 over 574 frames.
FC03_296 iratxtxai suzhi sirxuwan seetxtxai seywaan 
LOG (gmm-latgen-faster[5.5.1074~1-71f3]:DecodeUtteranceLatticeFaster():decoder-wrappers.cc:375) Log-like per frame for utterance FC03_296 is -7.33762 over 558 frames.
FC03_30 agal watxtxam pagal mazhai 
LOG (gmm-latgen-faster[5.5.1074~1-71f3]:DecodeUtteranceLatticeFaster():decoder-wrappers.cc:375) Log-like per frame for utterance FC03_30 is -7.48748 over 326 frames.
FC03_300 sutxrxeu suuzhal sugaadaaram pinpatxrxeu 
LOG (gmm-latgen-faster[5.5.1074~1-71f3]:DecodeUtteranceLatticeFaster():decoder-wrappers.cc:375) Log-like per frame for utterance FC03_300 is -7.48908 over 487 frames.
FC03_307 un seyaleukkeut tiirweu kaanxeu 
LOG (gmm-latgen-faster[5.5.1074~1-71f3]:DecodeUtteranceLatticeFaster():decoder-wrappers.cc:375) Log-like per frame for utterance FC03_307 is -7.51624 over 361 frames.
FC03_310 tusxtxan tusxtxa seyal seywaan 
LOG (gmm-latgen-faster[5.5.1074~1-71f3]:DecodeUtteranceLatticeFaster():decoder-wrappers.cc:375) Log-like per frame for utterance FC03_310 is -7.5629 over 329 frames.
FC03_316 ndacceup pugai oosoonai baadikkum 
LOG (gmm-latgen-faster[5.5.1074~1-71f3]:DecodeUtteranceLatticeFaster():decoder-wrappers.cc:375) Log-like per frame for utterance FC03_316 is -7.78268 over 330 frames.
FC03_317 paambin ndanjjeu kodxiyadeu 
LOG (gmm-latgen-faster[5.5.1074~1-71f3]:DecodeUtteranceLatticeFaster():decoder-wrappers.cc:375) Log-like per frame for utterance FC03_317 is -7.12515 over 373 frames.
FC03_319 saalaiyil ndiir ndirambiyadeu 
LOG (gmm-latgen-faster[5.5.1074~1-71f3]:DecodeUtteranceLatticeFaster():decoder-wrappers.cc:375) Log-like per frame for utterance FC03_319 is -7.36455 over 341 frames.
FC03_320 banggalxaadeesx oreu ndaadxeu 
LOG (gmm-latgen-faster[5.5.1074~1-71f3]:DecodeUtteranceLatticeFaster():decoder-wrappers.cc:375) Log-like per frame for utterance FC03_320 is -7.49638 over 294 frames.
FC03_335 petxtxiyai kiizhee poodxeu 
LOG (gmm-latgen-faster[5.5.1074~1-71f3]:DecodeUtteranceLatticeFaster():decoder-wrappers.cc:375) Log-like per frame for utterance FC03_335 is -7.25549 over 310 frames.
FC03_336 pooliyaana waazhkkai tawir 
LOG (gmm-latgen-faster[5.5.1074~1-71f3]:DecodeUtteranceLatticeFaster():decoder-wrappers.cc:375) Log-like per frame for utterance FC03_336 is -7.48655 over 333 frames.
FC03_338 elumbeu majjai waliyadeu 
LOG (gmm-latgen-faster[5.5.1074~1-71f3]:DecodeUtteranceLatticeFaster():decoder-wrappers.cc:375) Log-like per frame for utterance FC03_338 is -7.6874 over 282 frames.
FC03_34 otxrxumaiyee balam 
LOG (gmm-latgen-faster[5.5.1074~1-71f3]:DecodeUtteranceLatticeFaster():decoder-wrappers.cc:375) Log-like per frame for utterance FC03_34 is -7.2886 over 251 frames.
FC03_342 muulxai illaadawan mutxtxaalx 
LOG (gmm-latgen-faster[5.5.1074~1-71f3]:DecodeUtteranceLatticeFaster():decoder-wrappers.cc:375) Log-like per frame for utterance FC03_342 is -7.64392 over 318 frames.
FC03_35 baktiyoodxeu ireu 
LOG (gmm-latgen-faster[5.5.1074~1-71f3]:DecodeUtteranceLatticeFaster():decoder-wrappers.cc:375) Log-like per frame for utterance FC03_35 is -6.96182 over 294 frames.
FC03_350 laksxmi muga laksxanxam ulxlxa penx 
LOG (gmm-latgen-faster[5.5.1074~1-71f3]:DecodeUtteranceLatticeFaster():decoder-wrappers.cc:375) Log-like per frame for utterance FC03_350 is -7.75511 over 353 frames.
FC03_353 wandda wisxayattaik kuurxeu 
LOG (gmm-latgen-faster[5.5.1074~1-71f3]:DecodeUtteranceLatticeFaster():decoder-wrappers.cc:375) Log-like per frame for utterance FC03_353 is -7.20082 over 306 frames.
FC03_354 en wiidi wazhiyaaga sellum peerunddeu 
LOG (gmm-latgen-faster[5.5.1074~1-71f3]:DecodeUtteranceLatticeFaster():decoder-wrappers.cc:375) Log-like per frame for utterance FC03_354 is -7.46387 over 499 frames.
FC03_355 jadxai pinni weesxam poodxeu 
LOG (gmm-latgen-faster[5.5.1074~1-71f3]:DecodeUtteranceLatticeFaster():decoder-wrappers.cc:375) Log-like per frame for utterance FC03_355 is -7.21764 over 385 frames.
FC03_41 taajmahaalai katxtxiyawar sxaajagaan 
LOG (gmm-latgen-faster[5.5.1074~1-71f3]:DecodeUtteranceLatticeFaster():decoder-wrappers.cc:375) Log-like per frame for utterance FC03_41 is -7.67683 over 390 frames.
FC03_46 manx waasanai 
LOG (gmm-latgen-faster[5.5.1074~1-71f3]:DecodeUtteranceLatticeFaster():decoder-wrappers.cc:375) Log-like per frame for utterance FC03_46 is -7.17646 over 213 frames.
FC03_5 eerxpadeu igazhcci 
LOG (gmm-latgen-faster[5.5.1074~1-71f3]:DecodeUtteranceLatticeFaster():decoder-wrappers.cc:375) Log-like per frame for utterance FC03_5 is -7.39097 over 283 frames.
FC03_50 ndunggeu inikkum 
LOG (gmm-latgen-faster[5.5.1074~1-71f3]:DecodeUtteranceLatticeFaster():decoder-wrappers.cc:375) Log-like per frame for utterance FC03_50 is -7.03684 over 288 frames.
FC03_66 uurudxan waazh 
LOG (gmm-latgen-faster[5.5.1074~1-71f3]:DecodeUtteranceLatticeFaster():decoder-wrappers.cc:375) Log-like per frame for utterance FC03_66 is -7.15387 over 218 frames.
FC03_73 poodum enrxa manamee pon seyyum marunddeu 
LOG (gmm-latgen-faster[5.5.1074~1-71f3]:DecodeUtteranceLatticeFaster():decoder-wrappers.cc:375) Log-like per frame for utterance FC03_73 is -7.91682 over 476 frames.
LOG (apply-cmvn[5.5.1074~1-71f3]:main():apply-cmvn.cc:162) Applied cepstral mean normalization to 76 utterances, errors on 0
FC03_74 aatxrxil pootxtxaalum alxanddeu poodxeu 
LOG (gmm-latgen-faster[5.5.1074~1-71f3]:DecodeUtteranceLatticeFaster():decoder-wrappers.cc:375) Log-like per frame for utterance FC03_74 is -7.22413 over 465 frames.
FC03_80 adxuppil erxiwadeu kari 
LOG (gmm-latgen-faster[5.5.1074~1-71f3]:DecodeUtteranceLatticeFaster():decoder-wrappers.cc:375) Log-like per frame for utterance FC03_80 is -7.46765 over 320 frames.
FC03_85 aasaiyaay tinbadeu wellam 
LOG (gmm-latgen-faster[5.5.1074~1-71f3]:DecodeUtteranceLatticeFaster():decoder-wrappers.cc:375) Log-like per frame for utterance FC03_85 is -7.4458 over 326 frames.
FC03_94 kedxuwaan keedxeu ndinaippaan 
LOG (gmm-latgen-faster[5.5.1074~1-71f3]:DecodeUtteranceLatticeFaster():decoder-wrappers.cc:375) Log-like per frame for utterance FC03_94 is -7.69778 over 304 frames.
FC03_98 accamillaadawan ambalam eerxuwaan 
LOG (gmm-latgen-faster[5.5.1074~1-71f3]:DecodeUtteranceLatticeFaster():decoder-wrappers.cc:375) Log-like per frame for utterance FC03_98 is -7.7043 over 390 frames.
LOG (gmm-latgen-faster[5.5.1074~1-71f3]:main():gmm-latgen-faster.cc:176) Time taken 2.53661s: real-time factor assuming 100 frames/sec is 0.0106679
LOG (gmm-latgen-faster[5.5.1074~1-71f3]:main():gmm-latgen-faster.cc:179) Done 76 utterances, failed for 0
LOG (gmm-latgen-faster[5.5.1074~1-71f3]:main():gmm-latgen-faster.cc:181) Overall log-likelihood per frame is -7.25697 over 23778 frames.
# Accounting: time=3 threads=1
# Ended (code 0) at Thu Aug  3 11:46:03 IST 2023, elapsed time 3 seconds
