# gmm-latgen-faster --max-active=7000 --beam=13.0 --lattice-beam=6.0 --acoustic-scale=0.083333 --allow-partial=true --word-symbol-table=exp_FG/tri_8_2000/graph/words.txt exp_FG/tri_8_2000/final.mdl exp_FG/tri_8_2000/graph/HCLG.fst "ark,s,cs:apply-cmvn  --utt2spk=ark:data/test/split10/7/utt2spk scp:data/test/split10/7/cmvn.scp scp:data/test/split10/7/feats.scp ark:- | add-deltas  ark:- ark:- |" "ark:|gzip -c > exp_FG/tri_8_2000/decode/lat.7.gz" 
# Started at Thu Aug  3 11:46:00 IST 2023
#
gmm-latgen-faster --max-active=7000 --beam=13.0 --lattice-beam=6.0 --acoustic-scale=0.083333 --allow-partial=true --word-symbol-table=exp_FG/tri_8_2000/graph/words.txt exp_FG/tri_8_2000/final.mdl exp_FG/tri_8_2000/graph/HCLG.fst 'ark,s,cs:apply-cmvn  --utt2spk=ark:data/test/split10/7/utt2spk scp:data/test/split10/7/cmvn.scp scp:data/test/split10/7/feats.scp ark:- | add-deltas  ark:- ark:- |' 'ark:|gzip -c > exp_FG/tri_8_2000/decode/lat.7.gz' 
apply-cmvn --utt2spk=ark:data/test/split10/7/utt2spk scp:data/test/split10/7/cmvn.scp scp:data/test/split10/7/feats.scp ark:- 
add-deltas ark:- ark:- 
MC02_110 panjjaanggam 
LOG (gmm-latgen-faster[5.5.1074~1-71f3]:DecodeUtteranceLatticeFaster():decoder-wrappers.cc:375) Log-like per frame for utterance MC02_110 is -7.02475 over 210 frames.
MC02_114 danusxkoodxi 
LOG (gmm-latgen-faster[5.5.1074~1-71f3]:DecodeUtteranceLatticeFaster():decoder-wrappers.cc:375) Log-like per frame for utterance MC02_114 is -7.23632 over 206 frames.
MC02_116 kanxidam 
LOG (gmm-latgen-faster[5.5.1074~1-71f3]:DecodeUtteranceLatticeFaster():decoder-wrappers.cc:375) Log-like per frame for utterance MC02_116 is -6.32965 over 185 frames.
MC02_118 paagam 
LOG (gmm-latgen-faster[5.5.1074~1-71f3]:DecodeUtteranceLatticeFaster():decoder-wrappers.cc:375) Log-like per frame for utterance MC02_118 is -6.34408 over 178 frames.
MC02_121 pambaram 
LOG (gmm-latgen-faster[5.5.1074~1-71f3]:DecodeUtteranceLatticeFaster():decoder-wrappers.cc:375) Log-like per frame for utterance MC02_121 is -6.41959 over 188 frames.
MC02_123 pappadxam 
LOG (gmm-latgen-faster[5.5.1074~1-71f3]:DecodeUtteranceLatticeFaster():decoder-wrappers.cc:375) Log-like per frame for utterance MC02_123 is -6.68229 over 188 frames.
MC02_128 kariim 
LOG (gmm-latgen-faster[5.5.1074~1-71f3]:DecodeUtteranceLatticeFaster():decoder-wrappers.cc:375) Log-like per frame for utterance MC02_128 is -6.49795 over 181 frames.
MC02_129 karam 
LOG (gmm-latgen-faster[5.5.1074~1-71f3]:DecodeUtteranceLatticeFaster():decoder-wrappers.cc:375) Log-like per frame for utterance MC02_129 is -6.34447 over 156 frames.
MC02_13 kuranggeu panddai erxinddadeu 
LOG (gmm-latgen-faster[5.5.1074~1-71f3]:DecodeUtteranceLatticeFaster():decoder-wrappers.cc:375) Log-like per frame for utterance MC02_13 is -6.99893 over 417 frames.
MC02_131 sarppam 
LOG (gmm-latgen-faster[5.5.1074~1-71f3]:DecodeUtteranceLatticeFaster():decoder-wrappers.cc:375) Log-like per frame for utterance MC02_131 is -6.98926 over 174 frames.
MC02_138 palxlxi 
LOG (gmm-latgen-faster[5.5.1074~1-71f3]:DecodeUtteranceLatticeFaster():decoder-wrappers.cc:375) Log-like per frame for utterance MC02_138 is -6.68316 over 174 frames.
MC02_144 tanggam 
LOG (gmm-latgen-faster[5.5.1074~1-71f3]:DecodeUtteranceLatticeFaster():decoder-wrappers.cc:375) Log-like per frame for utterance MC02_144 is -6.35479 over 170 frames.
MC02_148 ganxeesx 
LOG (gmm-latgen-faster[5.5.1074~1-71f3]:DecodeUtteranceLatticeFaster():decoder-wrappers.cc:375) Log-like per frame for utterance MC02_148 is -6.74747 over 192 frames.
MC02_151 karumbeu 
LOG (gmm-latgen-faster[5.5.1074~1-71f3]:DecodeUtteranceLatticeFaster():decoder-wrappers.cc:375) Log-like per frame for utterance MC02_151 is -6.97555 over 181 frames.
MC02_152 senggadir 
LOG (gmm-latgen-faster[5.5.1074~1-71f3]:DecodeUtteranceLatticeFaster():decoder-wrappers.cc:375) Log-like per frame for utterance MC02_152 is -6.75266 over 199 frames.
MC02_160 paambeu 
LOG (gmm-latgen-faster[5.5.1074~1-71f3]:DecodeUtteranceLatticeFaster():decoder-wrappers.cc:375) Log-like per frame for utterance MC02_160 is -6.83768 over 149 frames.
MC02_171 senggai 
LOG (gmm-latgen-faster[5.5.1074~1-71f3]:DecodeUtteranceLatticeFaster():decoder-wrappers.cc:375) Log-like per frame for utterance MC02_171 is -6.79492 over 163 frames.
MC02_175 puttagam 
LOG (gmm-latgen-faster[5.5.1074~1-71f3]:DecodeUtteranceLatticeFaster():decoder-wrappers.cc:375) Log-like per frame for utterance MC02_175 is -6.55036 over 156 frames.
MC02_178 taniyaa 
LOG (gmm-latgen-faster[5.5.1074~1-71f3]:DecodeUtteranceLatticeFaster():decoder-wrappers.cc:375) Log-like per frame for utterance MC02_178 is -6.56979 over 185 frames.
MC02_18 maatxtxeukkeu iruppadeu waazh 
LOG (gmm-latgen-faster[5.5.1074~1-71f3]:DecodeUtteranceLatticeFaster():decoder-wrappers.cc:375) Log-like per frame for utterance MC02_18 is -7.33221 over 304 frames.
MC02_184 kanx 
LOG (gmm-latgen-faster[5.5.1074~1-71f3]:DecodeUtteranceLatticeFaster():decoder-wrappers.cc:375) Log-like per frame for utterance MC02_184 is -6.28915 over 174 frames.
MC02_185 magudxi 
LOG (gmm-latgen-faster[5.5.1074~1-71f3]:DecodeUtteranceLatticeFaster():decoder-wrappers.cc:375) Log-like per frame for utterance MC02_185 is -6.94963 over 132 frames.
MC02_187 enggalx 
LOG (gmm-latgen-faster[5.5.1074~1-71f3]:DecodeUtteranceLatticeFaster():decoder-wrappers.cc:375) Log-like per frame for utterance MC02_187 is -6.78975 over 177 frames.
MC02_190 kuranggeu 
LOG (gmm-latgen-faster[5.5.1074~1-71f3]:DecodeUtteranceLatticeFaster():decoder-wrappers.cc:375) Log-like per frame for utterance MC02_190 is -6.6467 over 159 frames.
MC02_193 ndaan 
LOG (gmm-latgen-faster[5.5.1074~1-71f3]:DecodeUtteranceLatticeFaster():decoder-wrappers.cc:375) Log-like per frame for utterance MC02_193 is -6.3972 over 149 frames.
MC02_195 saami 
LOG (gmm-latgen-faster[5.5.1074~1-71f3]:DecodeUtteranceLatticeFaster():decoder-wrappers.cc:375) Log-like per frame for utterance MC02_195 is -6.58401 over 174 frames.
MC02_2 anbee kadxawulx 
LOG (gmm-latgen-faster[5.5.1074~1-71f3]:DecodeUtteranceLatticeFaster():decoder-wrappers.cc:375) Log-like per frame for utterance MC02_2 is -6.9626 over 301 frames.
MC02_202 haasanam 
LOG (gmm-latgen-faster[5.5.1074~1-71f3]:DecodeUtteranceLatticeFaster():decoder-wrappers.cc:375) Log-like per frame for utterance MC02_202 is -6.70762 over 185 frames.
MC02_207 njaalam 
LOG (gmm-latgen-faster[5.5.1074~1-71f3]:DecodeUtteranceLatticeFaster():decoder-wrappers.cc:375) Log-like per frame for utterance MC02_207 is -6.99184 over 138 frames.
MC02_209 ndaanjjil 
LOG (gmm-latgen-faster[5.5.1074~1-71f3]:DecodeUtteranceLatticeFaster():decoder-wrappers.cc:375) Log-like per frame for utterance MC02_209 is -7.26872 over 170 frames.
MC02_212 anjjal ndilaiyam 
LOG (gmm-latgen-faster[5.5.1074~1-71f3]:DecodeUtteranceLatticeFaster():decoder-wrappers.cc:375) Log-like per frame for utterance MC02_212 is -6.93337 over 217 frames.
MC02_233 isxtxam pool waazhalaam 
LOG (gmm-latgen-faster[5.5.1074~1-71f3]:DecodeUtteranceLatticeFaster():decoder-wrappers.cc:375) Log-like per frame for utterance MC02_233 is -7.40629 over 269 frames.
MC02_241 inrxeu usxnxam adigam 
LOG (gmm-latgen-faster[5.5.1074~1-71f3]:DecodeUtteranceLatticeFaster():decoder-wrappers.cc:375) Log-like per frame for utterance MC02_241 is -7.08027 over 314 frames.
MC02_245 wibattil uunam wanddadeu 
LOG (gmm-latgen-faster[5.5.1074~1-71f3]:DecodeUtteranceLatticeFaster():decoder-wrappers.cc:375) Log-like per frame for utterance MC02_245 is -7.18749 over 288 frames.
MC02_249 pirxareukkeu suuniyam seyyaadee 
LOG (gmm-latgen-faster[5.5.1074~1-71f3]:DecodeUtteranceLatticeFaster():decoder-wrappers.cc:375) Log-like per frame for utterance MC02_249 is -7.28446 over 288 frames.
MC02_25 tanggattin wilai uyarnddadeu 
LOG (gmm-latgen-faster[5.5.1074~1-71f3]:DecodeUtteranceLatticeFaster():decoder-wrappers.cc:375) Log-like per frame for utterance MC02_25 is -7.04606 over 320 frames.
MC02_250 inrxeu palxlxiyil ezhutteup pootxtxi 
LOG (gmm-latgen-faster[5.5.1074~1-71f3]:DecodeUtteranceLatticeFaster():decoder-wrappers.cc:375) Log-like per frame for utterance MC02_250 is -7.40148 over 330 frames.
MC02_258 eetxrxam kaanxeu 
LOG (gmm-latgen-faster[5.5.1074~1-71f3]:DecodeUtteranceLatticeFaster():decoder-wrappers.cc:375) Log-like per frame for utterance MC02_258 is -7.15168 over 217 frames.
MC02_277 kaasxmiir wadxakkeu pagudiyil ulxlxadeu 
LOG (gmm-latgen-faster[5.5.1074~1-71f3]:DecodeUtteranceLatticeFaster():decoder-wrappers.cc:375) Log-like per frame for utterance MC02_277 is -7.54098 over 311 frames.
MC02_28 padxam paartteu kadai sol 
LOG (gmm-latgen-faster[5.5.1074~1-71f3]:DecodeUtteranceLatticeFaster():decoder-wrappers.cc:375) Log-like per frame for utterance MC02_28 is -7.15426 over 298 frames.
MC02_285 en miideu koobam kolxlxaadee 
LOG (gmm-latgen-faster[5.5.1074~1-71f3]:DecodeUtteranceLatticeFaster():decoder-wrappers.cc:375) Log-like per frame for utterance MC02_285 is -7.123 over 298 frames.
MC02_289 samacciir kalwi murxaiyaanadeu 
LOG (gmm-latgen-faster[5.5.1074~1-71f3]:DecodeUtteranceLatticeFaster():decoder-wrappers.cc:375) Log-like per frame for utterance MC02_289 is -7.46736 over 307 frames.
MC02_296 iratxtxai suzhi sirxuwan seetxtxai seywaan 
LOG (gmm-latgen-faster[5.5.1074~1-71f3]:DecodeUtteranceLatticeFaster():decoder-wrappers.cc:375) Log-like per frame for utterance MC02_296 is -7.4676 over 368 frames.
MC02_300 sutxrxeu suuzhal sugaadaaram pinpatxrxeu 
LOG (gmm-latgen-faster[5.5.1074~1-71f3]:DecodeUtteranceLatticeFaster():decoder-wrappers.cc:375) Log-like per frame for utterance MC02_300 is -7.31488 over 338 frames.
MC02_303 njaayirxeu widxumurxai kadxai adxaippeu 
LOG (gmm-latgen-faster[5.5.1074~1-71f3]:DecodeUtteranceLatticeFaster():decoder-wrappers.cc:375) Log-like per frame for utterance MC02_303 is -7.39812 over 300 frames.
MC02_308 malar tuuwi waazhtteu 
LOG (gmm-latgen-faster[5.5.1074~1-71f3]:DecodeUtteranceLatticeFaster():decoder-wrappers.cc:375) Log-like per frame for utterance MC02_308 is -7.04599 over 311 frames.
MC02_312 manjjalx tuulx maruttuwa gunxam ndirxainddadeu 
LOG (gmm-latgen-faster[5.5.1074~1-71f3]:DecodeUtteranceLatticeFaster():decoder-wrappers.cc:375) Log-like per frame for utterance MC02_312 is -7.39939 over 373 frames.
MC02_314 toonrxiya pugazhin toonrxuga 
LOG (gmm-latgen-faster[5.5.1074~1-71f3]:DecodeUtteranceLatticeFaster():decoder-wrappers.cc:375) Log-like per frame for utterance MC02_314 is -7.59873 over 289 frames.
MC02_318 inrxeu mazhai ndiidxikkum 
LOG (gmm-latgen-faster[5.5.1074~1-71f3]:DecodeUtteranceLatticeFaster():decoder-wrappers.cc:375) Log-like per frame for utterance MC02_318 is -7.30479 over 291 frames.
MC02_320 banggalxaadeesx oreu ndaadxeu 
LOG (gmm-latgen-faster[5.5.1074~1-71f3]:DecodeUtteranceLatticeFaster():decoder-wrappers.cc:375) Log-like per frame for utterance MC02_320 is -7.47281 over 270 frames.
MC02_330 buwaneesxwar uuril puugambam 
LOG (gmm-latgen-faster[5.5.1074~1-71f3]:DecodeUtteranceLatticeFaster():decoder-wrappers.cc:375) Log-like per frame for utterance MC02_330 is -7.49618 over 392 frames.
MC02_333 pon porulx paartteu pazhagaadee 
LOG (gmm-latgen-faster[5.5.1074~1-71f3]:DecodeUtteranceLatticeFaster():decoder-wrappers.cc:375) Log-like per frame for utterance MC02_333 is -7.03187 over 356 frames.
MC02_334 un mugam poliwaaga ulxlxadeu 
LOG (gmm-latgen-faster[5.5.1074~1-71f3]:DecodeUtteranceLatticeFaster():decoder-wrappers.cc:375) Log-like per frame for utterance MC02_334 is -7.04063 over 319 frames.
MC02_335 petxtxiyai kiizhee poodxeu 
LOG (gmm-latgen-faster[5.5.1074~1-71f3]:DecodeUtteranceLatticeFaster():decoder-wrappers.cc:375) Log-like per frame for utterance MC02_335 is -7.01025 over 302 frames.
MC02_337 raagi poosxaakkaana unxaweu 
LOG (gmm-latgen-faster[5.5.1074~1-71f3]:DecodeUtteranceLatticeFaster():decoder-wrappers.cc:375) Log-like per frame for utterance MC02_337 is -7.3748 over 305 frames.
MC02_343 tozhilil muuladanam poodxa weenxdxum 
LOG (gmm-latgen-faster[5.5.1074~1-71f3]:DecodeUtteranceLatticeFaster():decoder-wrappers.cc:375) Log-like per frame for utterance MC02_343 is -7.21966 over 346 frames.
MC02_345 indda maiyanggalx enggeu ulxlxadeu 
LOG (gmm-latgen-faster[5.5.1074~1-71f3]:DecodeUtteranceLatticeFaster():decoder-wrappers.cc:375) Log-like per frame for utterance MC02_345 is -7.21132 over 344 frames.
MC02_348 lajjai enrxaal wekkam 
LOG (gmm-latgen-faster[5.5.1074~1-71f3]:DecodeUtteranceLatticeFaster():decoder-wrappers.cc:375) Log-like per frame for utterance MC02_348 is -7.18068 over 305 frames.
MC02_352 wiitxtxil wiseesxam unxdxeu 
LOG (gmm-latgen-faster[5.5.1074~1-71f3]:DecodeUtteranceLatticeFaster():decoder-wrappers.cc:375) Log-like per frame for utterance MC02_352 is -7.07549 over 400 frames.
MC02_357 janamee ndam balam 
LOG (gmm-latgen-faster[5.5.1074~1-71f3]:DecodeUtteranceLatticeFaster():decoder-wrappers.cc:375) Log-like per frame for utterance MC02_357 is -6.96372 over 267 frames.
MC02_359 waay jaalam kaatxtxum manidan 
LOG (gmm-latgen-faster[5.5.1074~1-71f3]:DecodeUtteranceLatticeFaster():decoder-wrappers.cc:375) Log-like per frame for utterance MC02_359 is -7.23485 over 321 frames.
MC02_36 paanam arunddeu 
LOG (gmm-latgen-faster[5.5.1074~1-71f3]:DecodeUtteranceLatticeFaster():decoder-wrappers.cc:375) Log-like per frame for utterance MC02_36 is -7.0176 over 216 frames.
MC02_361 ajiiranxak koolxaarxeu 
LOG (gmm-latgen-faster[5.5.1074~1-71f3]:DecodeUtteranceLatticeFaster():decoder-wrappers.cc:375) Log-like per frame for utterance MC02_361 is -7.12876 over 236 frames.
MC02_37 bayam ndiikkeu 
LOG (gmm-latgen-faster[5.5.1074~1-71f3]:DecodeUtteranceLatticeFaster():decoder-wrappers.cc:375) Log-like per frame for utterance MC02_37 is -7.04036 over 228 frames.
MC02_39 parambarai sotteu 
LOG (gmm-latgen-faster[5.5.1074~1-71f3]:DecodeUtteranceLatticeFaster():decoder-wrappers.cc:375) Log-like per frame for utterance MC02_39 is -6.85808 over 297 frames.
MC02_42 iwalx peyar usxaa 
LOG (gmm-latgen-faster[5.5.1074~1-71f3]:DecodeUtteranceLatticeFaster():decoder-wrappers.cc:375) Log-like per frame for utterance MC02_42 is -7.20581 over 251 frames.
MC02_47 mazhai meegam 
LOG (gmm-latgen-faster[5.5.1074~1-71f3]:DecodeUtteranceLatticeFaster():decoder-wrappers.cc:375) Log-like per frame for utterance MC02_47 is -6.91613 over 230 frames.
MC02_50 ndunggeu inikkum 
LOG (gmm-latgen-faster[5.5.1074~1-71f3]:DecodeUtteranceLatticeFaster():decoder-wrappers.cc:375) Log-like per frame for utterance MC02_50 is -6.83402 over 257 frames.
MC02_53 inggeu tangguwadarxkeu ilawasam 
LOG (gmm-latgen-faster[5.5.1074~1-71f3]:DecodeUtteranceLatticeFaster():decoder-wrappers.cc:375) Log-like per frame for utterance MC02_53 is -7.05699 over 373 frames.
MC02_55 makkalx mannarai waazhttinaargalx 
LOG (gmm-latgen-faster[5.5.1074~1-71f3]:DecodeUtteranceLatticeFaster():decoder-wrappers.cc:375) Log-like per frame for utterance MC02_55 is -7.17362 over 363 frames.
LOG (apply-cmvn[5.5.1074~1-71f3]:main():apply-cmvn.cc:162) Applied cepstral mean normalization to 76 utterances, errors on 0
MC02_65 ilxamaiyil kal 
LOG (gmm-latgen-faster[5.5.1074~1-71f3]:DecodeUtteranceLatticeFaster():decoder-wrappers.cc:375) Log-like per frame for utterance MC02_65 is -6.66486 over 301 frames.
MC02_73 poodum enrxa manamee pon seyyum marunddeu 
LOG (gmm-latgen-faster[5.5.1074~1-71f3]:DecodeUtteranceLatticeFaster():decoder-wrappers.cc:375) Log-like per frame for utterance MC02_73 is -7.45313 over 438 frames.
MC02_76 ikkaraikkeu akkaraip paccai 
LOG (gmm-latgen-faster[5.5.1074~1-71f3]:DecodeUtteranceLatticeFaster():decoder-wrappers.cc:375) Log-like per frame for utterance MC02_76 is -7.28454 over 372 frames.
MC02_79 tiiraakkoobam pooraay mudxiyum 
LOG (gmm-latgen-faster[5.5.1074~1-71f3]:DecodeUtteranceLatticeFaster():decoder-wrappers.cc:375) Log-like per frame for utterance MC02_79 is -7.16326 over 356 frames.
MC02_87 marattai karxi tuudeu waazh 
LOG (gmm-latgen-faster[5.5.1074~1-71f3]:DecodeUtteranceLatticeFaster():decoder-wrappers.cc:375) Log-like per frame for utterance MC02_87 is -7.59633 over 360 frames.
MC02_98 accamillaadawan ambalam eerxuwaan 
LOG (gmm-latgen-faster[5.5.1074~1-71f3]:DecodeUtteranceLatticeFaster():decoder-wrappers.cc:375) Log-like per frame for utterance MC02_98 is -7.33358 over 349 frames.
LOG (gmm-latgen-faster[5.5.1074~1-71f3]:main():gmm-latgen-faster.cc:176) Time taken 2.5254s: real-time factor assuming 100 frames/sec is 0.0126295
LOG (gmm-latgen-faster[5.5.1074~1-71f3]:main():gmm-latgen-faster.cc:179) Done 76 utterances, failed for 0
LOG (gmm-latgen-faster[5.5.1074~1-71f3]:main():gmm-latgen-faster.cc:181) Overall log-likelihood per frame is -7.0877 over 19996 frames.
# Accounting: time=3 threads=1
# Ended (code 0) at Thu Aug  3 11:46:03 IST 2023, elapsed time 3 seconds
