# lattice-depth-per-frame "ark:gunzip -c exp_FG/tri_8_2000/decode/lat.2.gz|" "ark,t:|gzip -c > exp_FG/tri_8_2000/decode/depth_tmp.2.gz" ark:- | lattice-best-path --acoustic-scale=0.1 ark:- ark:/dev/null "ark,t:|gzip -c >exp_FG/tri_8_2000/decode/ali_tmp.2.gz" 
# Started at Thu Aug  3 11:46:04 IST 2023
#
lattice-depth-per-frame 'ark:gunzip -c exp_FG/tri_8_2000/decode/lat.2.gz|' 'ark,t:|gzip -c > exp_FG/tri_8_2000/decode/depth_tmp.2.gz' ark:- 
lattice-best-path --acoustic-scale=0.1 ark:- ark:/dev/null 'ark,t:|gzip -c >exp_FG/tri_8_2000/decode/ali_tmp.2.gz' 
LOG (lattice-best-path[5.5.1074~1-71f3]:main():lattice-best-path.cc:99) For utterance FC02_106, best cost 16.6409 + 1595.82 = 1612.46 over 177 frames.
LOG (lattice-best-path[5.5.1074~1-71f3]:main():lattice-best-path.cc:99) For utterance FC02_107, best cost 14.6739 + 1338.47 = 1353.14 over 151 frames.
LOG (lattice-best-path[5.5.1074~1-71f3]:main():lattice-best-path.cc:99) For utterance FC02_11, best cost 18.0346 + 2283.37 = 2301.41 over 266 frames.
LOG (lattice-best-path[5.5.1074~1-71f3]:main():lattice-best-path.cc:99) For utterance FC02_119, best cost 13.2268 + 1098.83 = 1112.06 over 133 frames.
LOG (lattice-best-path[5.5.1074~1-71f3]:main():lattice-best-path.cc:99) For utterance FC02_124, best cost 12.8759 + 1456.96 = 1469.84 over 169 frames.
LOG (lattice-best-path[5.5.1074~1-71f3]:main():lattice-best-path.cc:99) For utterance FC02_128, best cost 26.6978 + 1177.63 = 1204.32 over 143 frames.
LOG (lattice-best-path[5.5.1074~1-71f3]:main():lattice-best-path.cc:99) For utterance FC02_136, best cost 14.1847 + 1259.55 = 1273.74 over 150 frames.
LOG (lattice-best-path[5.5.1074~1-71f3]:main():lattice-best-path.cc:99) For utterance FC02_142, best cost 13.0659 + 1224.38 = 1237.45 over 143 frames.
LOG (lattice-best-path[5.5.1074~1-71f3]:main():lattice-best-path.cc:99) For utterance FC02_143, best cost 14.9511 + 1457.33 = 1472.28 over 172 frames.
LOG (lattice-best-path[5.5.1074~1-71f3]:main():lattice-best-path.cc:99) For utterance FC02_145, best cost 12.7527 + 1105.75 = 1118.51 over 127 frames.
LOG (lattice-best-path[5.5.1074~1-71f3]:main():lattice-best-path.cc:99) For utterance FC02_169, best cost 11.9694 + 963.47 = 975.44 over 111 frames.
LOG (lattice-best-path[5.5.1074~1-71f3]:main():lattice-best-path.cc:99) For utterance FC02_175, best cost 14.4442 + 1155.74 = 1170.19 over 137 frames.
LOG (lattice-best-path[5.5.1074~1-71f3]:main():lattice-best-path.cc:99) For utterance FC02_179, best cost 12.7868 + 1078.03 = 1090.82 over 127 frames.
LOG (lattice-best-path[5.5.1074~1-71f3]:main():lattice-best-path.cc:99) For utterance FC02_180, best cost 12.5519 + 1179.93 = 1192.48 over 143 frames.
LOG (lattice-best-path[5.5.1074~1-71f3]:main():lattice-best-path.cc:99) For utterance FC02_186, best cost 12.1681 + 1145.77 = 1157.94 over 140 frames.
LOG (lattice-best-path[5.5.1074~1-71f3]:main():lattice-best-path.cc:99) For utterance FC02_188, best cost 12.5962 + 1173.96 = 1186.56 over 143 frames.
LOG (lattice-best-path[5.5.1074~1-71f3]:main():lattice-best-path.cc:99) For utterance FC02_191, best cost 13.5034 + 1628.13 = 1641.64 over 182 frames.
LOG (lattice-best-path[5.5.1074~1-71f3]:main():lattice-best-path.cc:99) For utterance FC02_204, best cost 13.8758 + 1299.07 = 1312.94 over 150 frames.
LOG (lattice-best-path[5.5.1074~1-71f3]:main():lattice-best-path.cc:99) For utterance FC02_205, best cost 15.5207 + 1477.07 = 1492.59 over 162 frames.
LOG (lattice-best-path[5.5.1074~1-71f3]:main():lattice-best-path.cc:99) For utterance FC02_214, best cost 22.1714 + 2547.07 = 2569.24 over 272 frames.
LOG (lattice-best-path[5.5.1074~1-71f3]:main():lattice-best-path.cc:99) For utterance FC02_232, best cost 17.6345 + 2095.79 = 2113.42 over 224 frames.
LOG (lattice-best-path[5.5.1074~1-71f3]:main():lattice-best-path.cc:99) For utterance FC02_233, best cost 22.1287 + 2601.19 = 2623.32 over 273 frames.
LOG (lattice-best-path[5.5.1074~1-71f3]:main():lattice-best-path.cc:99) For utterance FC02_234, best cost 48.535 + 2804.25 = 2852.78 over 299 frames.
LOG (lattice-best-path[5.5.1074~1-71f3]:main():lattice-best-path.cc:99) For utterance FC02_236, best cost 29.5638 + 3695.06 = 3724.62 over 383 frames.
LOG (lattice-best-path[5.5.1074~1-71f3]:main():lattice-best-path.cc:99) For utterance FC02_239, best cost 20.5784 + 2297.28 = 2317.85 over 224 frames.
LOG (lattice-best-path[5.5.1074~1-71f3]:main():lattice-best-path.cc:99) For utterance FC02_243, best cost 25.4295 + 3922.92 = 3948.35 over 422 frames.
LOG (lattice-best-path[5.5.1074~1-71f3]:main():lattice-best-path.cc:99) For utterance FC02_244, best cost 29.9132 + 3700.53 = 3730.44 over 383 frames.
LOG (lattice-best-path[5.5.1074~1-71f3]:main():lattice-best-path.cc:99) For utterance FC02_247, best cost 41.2674 + 2380.54 = 2421.81 over 250 frames.
LOG (lattice-best-path[5.5.1074~1-71f3]:main():lattice-best-path.cc:99) For utterance FC02_249, best cost 25.6669 + 3056.38 = 3082.04 over 325 frames.
LOG (lattice-best-path[5.5.1074~1-71f3]:main():lattice-best-path.cc:99) For utterance FC02_250, best cost 28.1414 + 3840.87 = 3869.01 over 399 frames.
LOG (lattice-best-path[5.5.1074~1-71f3]:main():lattice-best-path.cc:99) For utterance FC02_251, best cost 24.6193 + 3151.94 = 3176.56 over 325 frames.
LOG (lattice-best-path[5.5.1074~1-71f3]:main():lattice-best-path.cc:99) For utterance FC02_252, best cost 21.0876 + 2569.76 = 2590.84 over 270 frames.
LOG (lattice-best-path[5.5.1074~1-71f3]:main():lattice-best-path.cc:99) For utterance FC02_256, best cost 43.7897 + 2645.69 = 2689.48 over 283 frames.
LOG (lattice-best-path[5.5.1074~1-71f3]:main():lattice-best-path.cc:99) For utterance FC02_257, best cost 20.0442 + 2329.89 = 2349.94 over 250 frames.
LOG (lattice-best-path[5.5.1074~1-71f3]:main():lattice-best-path.cc:99) For utterance FC02_26, best cost 18.4703 + 2187.85 = 2206.32 over 240 frames.
LOG (lattice-best-path[5.5.1074~1-71f3]:main():lattice-best-path.cc:99) For utterance FC02_263, best cost 20.9395 + 2412.99 = 2433.93 over 257 frames.
LOG (lattice-best-path[5.5.1074~1-71f3]:main():lattice-best-path.cc:99) For utterance FC02_264, best cost 45.1348 + 2811.06 = 2856.19 over 283 frames.
LOG (lattice-best-path[5.5.1074~1-71f3]:main():lattice-best-path.cc:99) For utterance FC02_266, best cost 34.7918 + 2735.47 = 2770.26 over 289 frames.
LOG (lattice-best-path[5.5.1074~1-71f3]:main():lattice-best-path.cc:99) For utterance FC02_267, best cost 22.3097 + 2688.97 = 2711.28 over 273 frames.
LOG (lattice-best-path[5.5.1074~1-71f3]:main():lattice-best-path.cc:99) For utterance FC02_269, best cost 20.4931 + 2170.52 = 2191.01 over 241 frames.
LOG (lattice-best-path[5.5.1074~1-71f3]:main():lattice-best-path.cc:99) For utterance FC02_27, best cost 21.9407 + 2343.55 = 2365.49 over 272 frames.
LOG (lattice-best-path[5.5.1074~1-71f3]:main():lattice-best-path.cc:99) For utterance FC02_273, best cost 18.7637 + 2365.05 = 2383.81 over 243 frames.
LOG (lattice-best-path[5.5.1074~1-71f3]:main():lattice-best-path.cc:99) For utterance FC02_276, best cost 47.6948 + 2940.34 = 2988.03 over 305 frames.
LOG (lattice-best-path[5.5.1074~1-71f3]:main():lattice-best-path.cc:99) For utterance FC02_277, best cost 29.3055 + 4085.56 = 4114.87 over 428 frames.
LOG (lattice-best-path[5.5.1074~1-71f3]:main():lattice-best-path.cc:99) For utterance FC02_286, best cost 26.1082 + 3180.28 = 3206.39 over 318 frames.
LOG (lattice-best-path[5.5.1074~1-71f3]:main():lattice-best-path.cc:99) For utterance FC02_289, best cost 25.2719 + 2994.86 = 3020.13 over 315 frames.
LOG (lattice-best-path[5.5.1074~1-71f3]:main():lattice-best-path.cc:99) For utterance FC02_298, best cost 23.8026 + 2941.05 = 2964.86 over 305 frames.
LOG (lattice-best-path[5.5.1074~1-71f3]:main():lattice-best-path.cc:99) For utterance FC02_3, best cost 17.0346 + 2301.07 = 2318.1 over 272 frames.
LOG (lattice-best-path[5.5.1074~1-71f3]:main():lattice-best-path.cc:99) For utterance FC02_310, best cost 70.8506 + 3634.5 = 3705.35 over 357 frames.
LOG (lattice-best-path[5.5.1074~1-71f3]:main():lattice-best-path.cc:99) For utterance FC02_314, best cost 25.9814 + 3123.22 = 3149.2 over 305 frames.
LOG (lattice-best-path[5.5.1074~1-71f3]:main():lattice-best-path.cc:99) For utterance FC02_317, best cost 48.0838 + 3122.49 = 3170.58 over 321 frames.
LOG (lattice-best-path[5.5.1074~1-71f3]:main():lattice-best-path.cc:99) For utterance FC02_328, best cost 40.67 + 4090.34 = 4131.01 over 409 frames.
LOG (lattice-best-path[5.5.1074~1-71f3]:main():lattice-best-path.cc:99) For utterance FC02_332, best cost 28.2272 + 3976.21 = 4004.43 over 422 frames.
LOG (lattice-best-path[5.5.1074~1-71f3]:main():lattice-best-path.cc:99) For utterance FC02_337, best cost 25.019 + 3625.73 = 3650.75 over 380 frames.
LOG (lattice-best-path[5.5.1074~1-71f3]:main():lattice-best-path.cc:99) For utterance FC02_343, best cost 27.7563 + 3492.73 = 3520.49 over 347 frames.
LOG (lattice-best-path[5.5.1074~1-71f3]:main():lattice-best-path.cc:99) For utterance FC02_345, best cost 38.4766 + 3542.24 = 3580.72 over 370 frames.
LOG (lattice-best-path[5.5.1074~1-71f3]:main():lattice-best-path.cc:99) For utterance FC02_350, best cost 29.3802 + 4142.4 = 4171.78 over 402 frames.
LOG (lattice-best-path[5.5.1074~1-71f3]:main():lattice-best-path.cc:99) For utterance FC02_45, best cost 23.6729 + 2838.13 = 2861.8 over 314 frames.
LOG (lattice-best-path[5.5.1074~1-71f3]:main():lattice-best-path.cc:99) For utterance FC02_48, best cost 18.1693 + 2224.27 = 2242.44 over 256 frames.
LOG (lattice-best-path[5.5.1074~1-71f3]:main():lattice-best-path.cc:99) For utterance FC02_51, best cost 19.9599 + 2232.29 = 2252.25 over 240 frames.
LOG (lattice-best-path[5.5.1074~1-71f3]:main():lattice-best-path.cc:99) For utterance FC02_55, best cost 25.8343 + 3337.28 = 3363.11 over 356 frames.
LOG (lattice-best-path[5.5.1074~1-71f3]:main():lattice-best-path.cc:99) For utterance FC02_58, best cost 17.448 + 1888.23 = 1905.68 over 214 frames.
LOG (lattice-best-path[5.5.1074~1-71f3]:main():lattice-best-path.cc:99) For utterance FC02_64, best cost 23.8026 + 2679.04 = 2702.84 over 298 frames.
LOG (lattice-best-path[5.5.1074~1-71f3]:main():lattice-best-path.cc:99) For utterance FC02_78, best cost 25.8584 + 3336.34 = 3362.2 over 361 frames.
LOG (lattice-depth-per-frame[5.5.1074~1-71f3]:main():lattice-depth-per-frame.cc:82) Done 69 lattices.
LOG (lattice-best-path[5.5.1074~1-71f3]:main():lattice-best-path.cc:99) For utterance FC02_79, best cost 25.2347 + 3491.77 = 3517 over 382 frames.
LOG (lattice-best-path[5.5.1074~1-71f3]:main():lattice-best-path.cc:99) For utterance FC02_85, best cost 24.7966 + 3143.43 = 3168.23 over 351 frames.
LOG (lattice-best-path[5.5.1074~1-71f3]:main():lattice-best-path.cc:99) For utterance FC02_91, best cost 28.6056 + 3841.32 = 3869.93 over 409 frames.
LOG (lattice-best-path[5.5.1074~1-71f3]:main():lattice-best-path.cc:99) For utterance FC02_97, best cost 17.2195 + 2119.4 = 2136.62 over 245 frames.
LOG (lattice-best-path[5.5.1074~1-71f3]:main():lattice-best-path.cc:99) For utterance FC02_99, best cost 18.0106 + 2063.16 = 2081.17 over 224 frames.
LOG (lattice-best-path[5.5.1074~1-71f3]:main():lattice-best-path.cc:124) Overall cost per frame is 9.42706 = 0.0903312 [graph] + 9.33673 [acoustic] over 18512 frames.
LOG (lattice-best-path[5.5.1074~1-71f3]:main():lattice-best-path.cc:128) Done 69 lattices, failed for 0
# Accounting: time=0 threads=1
# Ended (code 0) at Thu Aug  3 11:46:04 IST 2023, elapsed time 0 seconds
