# lattice-depth-per-frame "ark:gunzip -c exp_FG/tri_8_2000/decode/lat.4.gz|" "ark,t:|gzip -c > exp_FG/tri_8_2000/decode/depth_tmp.4.gz" ark:- | lattice-best-path --acoustic-scale=0.1 ark:- ark:/dev/null "ark,t:|gzip -c >exp_FG/tri_8_2000/decode/ali_tmp.4.gz" 
# Started at Thu Aug  3 11:46:04 IST 2023
#
lattice-depth-per-frame 'ark:gunzip -c exp_FG/tri_8_2000/decode/lat.4.gz|' 'ark,t:|gzip -c > exp_FG/tri_8_2000/decode/depth_tmp.4.gz' ark:- 
lattice-best-path --acoustic-scale=0.1 ark:- ark:/dev/null 'ark,t:|gzip -c >exp_FG/tri_8_2000/decode/ali_tmp.4.gz' 
LOG (lattice-best-path[5.5.1074~1-71f3]:main():lattice-best-path.cc:99) For utterance FC04_110, best cost 15.4913 + 2787.85 = 2803.35 over 380 frames.
LOG (lattice-best-path[5.5.1074~1-71f3]:main():lattice-best-path.cc:99) For utterance FC04_113, best cost 13.3068 + 1952.61 = 1965.92 over 264 frames.
LOG (lattice-best-path[5.5.1074~1-71f3]:main():lattice-best-path.cc:99) For utterance FC04_114, best cost 15.4273 + 2441.84 = 2457.27 over 313 frames.
LOG (lattice-best-path[5.5.1074~1-71f3]:main():lattice-best-path.cc:99) For utterance FC04_119, best cost 13.4917 + 1651.03 = 1664.52 over 230 frames.
LOG (lattice-best-path[5.5.1074~1-71f3]:main():lattice-best-path.cc:99) For utterance FC04_121, best cost 14.0756 + 1935.26 = 1949.33 over 264 frames.
LOG (lattice-best-path[5.5.1074~1-71f3]:main():lattice-best-path.cc:99) For utterance FC04_134, best cost 12.4167 + 1453.79 = 1466.21 over 197 frames.
LOG (lattice-best-path[5.5.1074~1-71f3]:main():lattice-best-path.cc:99) For utterance FC04_142, best cost 12.9949 + 1554.66 = 1567.66 over 197 frames.
LOG (lattice-best-path[5.5.1074~1-71f3]:main():lattice-best-path.cc:99) For utterance FC04_158, best cost 12.8855 + 1470.79 = 1483.68 over 197 frames.
LOG (lattice-best-path[5.5.1074~1-71f3]:main():lattice-best-path.cc:99) For utterance FC04_165, best cost 13.271 + 1534.46 = 1547.73 over 197 frames.
LOG (lattice-best-path[5.5.1074~1-71f3]:main():lattice-best-path.cc:99) For utterance FC04_17, best cost 27.7418 + 4248.88 = 4276.62 over 487 frames.
LOG (lattice-best-path[5.5.1074~1-71f3]:main():lattice-best-path.cc:99) For utterance FC04_174, best cost 12.8974 + 1554.34 = 1567.23 over 197 frames.
LOG (lattice-best-path[5.5.1074~1-71f3]:main():lattice-best-path.cc:99) For utterance FC04_176, best cost 13.6436 + 2027.89 = 2041.54 over 272 frames.
LOG (lattice-best-path[5.5.1074~1-71f3]:main():lattice-best-path.cc:99) For utterance FC04_182, best cost 13.4581 + 1440.61 = 1454.06 over 189 frames.
LOG (lattice-best-path[5.5.1074~1-71f3]:main():lattice-best-path.cc:99) For utterance FC04_183, best cost 14.6301 + 2053.69 = 2068.32 over 280 frames.
LOG (lattice-best-path[5.5.1074~1-71f3]:main():lattice-best-path.cc:99) For utterance FC04_185, best cost 13.3735 + 1692.56 = 1705.94 over 222 frames.
LOG (lattice-best-path[5.5.1074~1-71f3]:main():lattice-best-path.cc:99) For utterance FC04_186, best cost 12.1058 + 1538.64 = 1550.75 over 205 frames.
LOG (lattice-best-path[5.5.1074~1-71f3]:main():lattice-best-path.cc:99) For utterance FC04_190, best cost 13.4488 + 1631 = 1644.44 over 214 frames.
LOG (lattice-best-path[5.5.1074~1-71f3]:main():lattice-best-path.cc:99) For utterance FC04_192, best cost 13.0859 + 1728.36 = 1741.45 over 238 frames.
LOG (lattice-best-path[5.5.1074~1-71f3]:main():lattice-best-path.cc:99) For utterance FC04_195, best cost 12.898 + 2025.52 = 2038.42 over 263 frames.
LOG (lattice-best-path[5.5.1074~1-71f3]:main():lattice-best-path.cc:99) For utterance FC04_197, best cost 14.1793 + 2185.13 = 2199.31 over 288 frames.
LOG (lattice-best-path[5.5.1074~1-71f3]:main():lattice-best-path.cc:99) For utterance FC04_200, best cost 13.9873 + 2361.18 = 2375.16 over 313 frames.
LOG (lattice-best-path[5.5.1074~1-71f3]:main():lattice-best-path.cc:99) For utterance FC04_205, best cost 16.3823 + 3029.72 = 3046.1 over 413 frames.
LOG (lattice-best-path[5.5.1074~1-71f3]:main():lattice-best-path.cc:99) For utterance FC04_208, best cost 12.4508 + 1843.32 = 1855.77 over 239 frames.
LOG (lattice-best-path[5.5.1074~1-71f3]:main():lattice-best-path.cc:99) For utterance FC04_215, best cost 25.8123 + 3876.08 = 3901.89 over 471 frames.
LOG (lattice-best-path[5.5.1074~1-71f3]:main():lattice-best-path.cc:99) For utterance FC04_217, best cost 24.2032 + 3589.32 = 3613.52 over 446 frames.
LOG (lattice-best-path[5.5.1074~1-71f3]:main():lattice-best-path.cc:99) For utterance FC04_219, best cost 26.9465 + 4392.1 = 4419.04 over 537 frames.
LOG (lattice-best-path[5.5.1074~1-71f3]:main():lattice-best-path.cc:99) For utterance FC04_222, best cost 22.1372 + 3148.26 = 3170.39 over 381 frames.
LOG (lattice-best-path[5.5.1074~1-71f3]:main():lattice-best-path.cc:99) For utterance FC04_234, best cost 25.5446 + 5136.43 = 5161.97 over 662 frames.
LOG (lattice-best-path[5.5.1074~1-71f3]:main():lattice-best-path.cc:99) For utterance FC04_238, best cost 17.4907 + 3289.34 = 3306.83 over 436 frames.
LOG (lattice-best-path[5.5.1074~1-71f3]:main():lattice-best-path.cc:99) For utterance FC04_240, best cost 22.8875 + 3375.02 = 3397.91 over 397 frames.
LOG (lattice-best-path[5.5.1074~1-71f3]:main():lattice-best-path.cc:99) For utterance FC04_249, best cost 26.6991 + 3756.86 = 3783.56 over 456 frames.
LOG (lattice-best-path[5.5.1074~1-71f3]:main():lattice-best-path.cc:99) For utterance FC04_26, best cost 18.6263 + 2884.97 = 2903.6 over 363 frames.
LOG (lattice-best-path[5.5.1074~1-71f3]:main():lattice-best-path.cc:99) For utterance FC04_262, best cost 24.2282 + 3581.14 = 3605.37 over 449 frames.
LOG (lattice-best-path[5.5.1074~1-71f3]:main():lattice-best-path.cc:99) For utterance FC04_265, best cost 22.4627 + 3610.2 = 3632.66 over 459 frames.
LOG (lattice-best-path[5.5.1074~1-71f3]:main():lattice-best-path.cc:99) For utterance FC04_268, best cost 31.5932 + 4651.08 = 4682.67 over 539 frames.
LOG (lattice-best-path[5.5.1074~1-71f3]:main():lattice-best-path.cc:99) For utterance FC04_280, best cost 27.2454 + 4192.09 = 4219.34 over 485 frames.
LOG (lattice-best-path[5.5.1074~1-71f3]:main():lattice-best-path.cc:99) For utterance FC04_288, best cost 32.5662 + 5227.09 = 5259.66 over 613 frames.
LOG (lattice-best-path[5.5.1074~1-71f3]:main():lattice-best-path.cc:99) For utterance FC04_294, best cost 23.3364 + 3128.41 = 3151.75 over 362 frames.
LOG (lattice-best-path[5.5.1074~1-71f3]:main():lattice-best-path.cc:99) For utterance FC04_296, best cost 32.884 + 4429.67 = 4462.55 over 497 frames.
LOG (lattice-best-path[5.5.1074~1-71f3]:main():lattice-best-path.cc:99) For utterance FC04_297, best cost 25.6133 + 3480.08 = 3505.69 over 391 frames.
LOG (lattice-best-path[5.5.1074~1-71f3]:main():lattice-best-path.cc:99) For utterance FC04_299, best cost 22.9192 + 3247.57 = 3270.49 over 381 frames.
LOG (lattice-best-path[5.5.1074~1-71f3]:main():lattice-best-path.cc:99) For utterance FC04_302, best cost 26.3366 + 3793.38 = 3819.72 over 423 frames.
LOG (lattice-best-path[5.5.1074~1-71f3]:main():lattice-best-path.cc:99) For utterance FC04_307, best cost 25.396 + 3768.16 = 3793.55 over 443 frames.
LOG (lattice-best-path[5.5.1074~1-71f3]:main():lattice-best-path.cc:99) For utterance FC04_308, best cost 21.7995 + 3187.03 = 3208.83 over 388 frames.
LOG (lattice-best-path[5.5.1074~1-71f3]:main():lattice-best-path.cc:99) For utterance FC04_320, best cost 23.1026 + 3162.02 = 3185.12 over 369 frames.
LOG (lattice-best-path[5.5.1074~1-71f3]:main():lattice-best-path.cc:99) For utterance FC04_328, best cost 30.2264 + 5042.15 = 5072.37 over 578 frames.
LOG (lattice-best-path[5.5.1074~1-71f3]:main():lattice-best-path.cc:99) For utterance FC04_330, best cost 25.446 + 4366.16 = 4391.6 over 510 frames.
LOG (lattice-depth-per-frame[5.5.1074~1-71f3]:main():lattice-depth-per-frame.cc:82) Done 70 lattices.
LOG (lattice-best-path[5.5.1074~1-71f3]:main():lattice-best-path.cc:99) For utterance FC04_332, best cost 24.4456 + 3649.96 = 3674.41 over 430 frames.
LOG (lattice-best-path[5.5.1074~1-71f3]:main():lattice-best-path.cc:99) For utterance FC04_336, best cost 24.2309 + 3649.56 = 3673.79 over 439 frames.
LOG (lattice-best-path[5.5.1074~1-71f3]:main():lattice-best-path.cc:99) For utterance FC04_337, best cost 23.7584 + 3997.87 = 4021.62 over 478 frames.
LOG (lattice-best-path[5.5.1074~1-71f3]:main():lattice-best-path.cc:99) For utterance FC04_34, best cost 19.1631 + 2304.9 = 2324.06 over 280 frames.
LOG (lattice-best-path[5.5.1074~1-71f3]:main():lattice-best-path.cc:99) For utterance FC04_341, best cost 22.6387 + 3350.57 = 3373.2 over 407 frames.
LOG (lattice-best-path[5.5.1074~1-71f3]:main():lattice-best-path.cc:99) For utterance FC04_345, best cost 27.5544 + 3871.96 = 3899.51 over 468 frames.
LOG (lattice-best-path[5.5.1074~1-71f3]:main():lattice-best-path.cc:99) For utterance FC04_347, best cost 23.2101 + 3370.78 = 3393.99 over 391 frames.
LOG (lattice-best-path[5.5.1074~1-71f3]:main():lattice-best-path.cc:99) For utterance FC04_348, best cost 22.5182 + 3982.58 = 4005.1 over 472 frames.
LOG (lattice-best-path[5.5.1074~1-71f3]:main():lattice-best-path.cc:99) For utterance FC04_365, best cost 28.5516 + 5125.57 = 5154.13 over 620 frames.
LOG (lattice-best-path[5.5.1074~1-71f3]:main():lattice-best-path.cc:99) For utterance FC04_39, best cost 19.7071 + 3315.1 = 3334.81 over 421 frames.
LOG (lattice-best-path[5.5.1074~1-71f3]:main():lattice-best-path.cc:99) For utterance FC04_4, best cost 17.4354 + 2288.17 = 2305.61 over 280 frames.
LOG (lattice-best-path[5.5.1074~1-71f3]:main():lattice-best-path.cc:99) For utterance FC04_44, best cost 24.9246 + 4222.19 = 4247.12 over 512 frames.
LOG (lattice-best-path[5.5.1074~1-71f3]:main():lattice-best-path.cc:99) For utterance FC04_46, best cost 16.7896 + 2157.21 = 2174 over 264 frames.
LOG (lattice-best-path[5.5.1074~1-71f3]:main():lattice-best-path.cc:99) For utterance FC04_53, best cost 26.6493 + 3981.23 = 4007.88 over 479 frames.
LOG (lattice-best-path[5.5.1074~1-71f3]:main():lattice-best-path.cc:99) For utterance FC04_67, best cost 26.8221 + 4939.54 = 4966.37 over 612 frames.
LOG (lattice-best-path[5.5.1074~1-71f3]:main():lattice-best-path.cc:99) For utterance FC04_72, best cost 23.4501 + 3190.96 = 3214.41 over 379 frames.
LOG (lattice-best-path[5.5.1074~1-71f3]:main():lattice-best-path.cc:99) For utterance FC04_75, best cost 31.0515 + 5148.06 = 5179.11 over 628 frames.
LOG (lattice-best-path[5.5.1074~1-71f3]:main():lattice-best-path.cc:99) For utterance FC04_86, best cost 24.0103 + 3749.51 = 3773.52 over 462 frames.
LOG (lattice-best-path[5.5.1074~1-71f3]:main():lattice-best-path.cc:99) For utterance FC04_88, best cost 28.2747 + 5338.74 = 5367.02 over 637 frames.
LOG (lattice-best-path[5.5.1074~1-71f3]:main():lattice-best-path.cc:99) For utterance FC04_89, best cost 28.7918 + 4381.63 = 4410.43 over 521 frames.
LOG (lattice-best-path[5.5.1074~1-71f3]:main():lattice-best-path.cc:99) For utterance FC04_90, best cost 30.8355 + 4768.64 = 4799.48 over 579 frames.
LOG (lattice-best-path[5.5.1074~1-71f3]:main():lattice-best-path.cc:99) For utterance FC04_94, best cost 24.1177 + 4719.52 = 4743.64 over 595 frames.
LOG (lattice-best-path[5.5.1074~1-71f3]:main():lattice-best-path.cc:99) For utterance FC04_96, best cost 21.9182 + 2859.65 = 2881.56 over 346 frames.
LOG (lattice-best-path[5.5.1074~1-71f3]:main():lattice-best-path.cc:124) Overall cost per frame is 8.21427 = 0.0537505 [graph] + 8.16052 [acoustic] over 27795 frames.
LOG (lattice-best-path[5.5.1074~1-71f3]:main():lattice-best-path.cc:128) Done 70 lattices, failed for 0
# Accounting: time=0 threads=1
# Ended (code 0) at Thu Aug  3 11:46:04 IST 2023, elapsed time 0 seconds
