# lattice-depth-per-frame "ark:gunzip -c exp_FG/tri_8_2000/decode/lat.7.gz|" "ark,t:|gzip -c > exp_FG/tri_8_2000/decode/depth_tmp.7.gz" ark:- | lattice-best-path --acoustic-scale=0.1 ark:- ark:/dev/null "ark,t:|gzip -c >exp_FG/tri_8_2000/decode/ali_tmp.7.gz" 
# Started at Thu Aug  3 11:46:04 IST 2023
#
lattice-best-path --acoustic-scale=0.1 ark:- ark:/dev/null 'ark,t:|gzip -c >exp_FG/tri_8_2000/decode/ali_tmp.7.gz' 
lattice-depth-per-frame 'ark:gunzip -c exp_FG/tri_8_2000/decode/lat.7.gz|' 'ark,t:|gzip -c > exp_FG/tri_8_2000/decode/depth_tmp.7.gz' ark:- 
LOG (lattice-best-path[5.5.1074~1-71f3]:main():lattice-best-path.cc:99) For utterance MC02_110, best cost 14.6893 + 1752.62 = 1767.31 over 210 frames.
LOG (lattice-best-path[5.5.1074~1-71f3]:main():lattice-best-path.cc:99) For utterance MC02_114, best cost 14.7836 + 1771.08 = 1785.87 over 206 frames.
LOG (lattice-best-path[5.5.1074~1-71f3]:main():lattice-best-path.cc:99) For utterance MC02_116, best cost 13.984 + 1388.41 = 1402.39 over 185 frames.
LOG (lattice-best-path[5.5.1074~1-71f3]:main():lattice-best-path.cc:99) For utterance MC02_118, best cost 13.0519 + 1339.44 = 1352.49 over 178 frames.
LOG (lattice-best-path[5.5.1074~1-71f3]:main():lattice-best-path.cc:99) For utterance MC02_121, best cost 14.0766 + 1431.37 = 1445.45 over 188 frames.
LOG (lattice-best-path[5.5.1074~1-71f3]:main():lattice-best-path.cc:99) For utterance MC02_123, best cost 14.1099 + 1490.6 = 1504.71 over 188 frames.
LOG (lattice-best-path[5.5.1074~1-71f3]:main():lattice-best-path.cc:99) For utterance MC02_128, best cost 13.4599 + 1395.21 = 1408.67 over 181 frames.
LOG (lattice-best-path[5.5.1074~1-71f3]:main():lattice-best-path.cc:99) For utterance MC02_129, best cost 12.8 + 1172.33 = 1185.13 over 156 frames.
LOG (lattice-best-path[5.5.1074~1-71f3]:main():lattice-best-path.cc:99) For utterance MC02_13, best cost 24.9314 + 3472.36 = 3497.29 over 417 frames.
LOG (lattice-best-path[5.5.1074~1-71f3]:main():lattice-best-path.cc:99) For utterance MC02_131, best cost 13.6942 + 1442.93 = 1456.62 over 174 frames.
LOG (lattice-best-path[5.5.1074~1-71f3]:main():lattice-best-path.cc:99) For utterance MC02_138, best cost 16.4333 + 1375.73 = 1392.16 over 174 frames.
LOG (lattice-best-path[5.5.1074~1-71f3]:main():lattice-best-path.cc:99) For utterance MC02_144, best cost 13.3747 + 1280.33 = 1293.71 over 170 frames.
LOG (lattice-best-path[5.5.1074~1-71f3]:main():lattice-best-path.cc:99) For utterance MC02_148, best cost 13.9976 + 1537.83 = 1551.82 over 192 frames.
LOG (lattice-best-path[5.5.1074~1-71f3]:main():lattice-best-path.cc:99) For utterance MC02_151, best cost 13.5787 + 1498.8 = 1512.38 over 181 frames.
LOG (lattice-best-path[5.5.1074~1-71f3]:main():lattice-best-path.cc:99) For utterance MC02_152, best cost 14.2404 + 1595.45 = 1609.69 over 199 frames.
LOG (lattice-best-path[5.5.1074~1-71f3]:main():lattice-best-path.cc:99) For utterance MC02_160, best cost 12.8467 + 1207.17 = 1220.01 over 149 frames.
LOG (lattice-best-path[5.5.1074~1-71f3]:main():lattice-best-path.cc:99) For utterance MC02_171, best cost 13.3218 + 1313.11 = 1326.43 over 163 frames.
LOG (lattice-best-path[5.5.1074~1-71f3]:main():lattice-best-path.cc:99) For utterance MC02_175, best cost 14.2185 + 1209.17 = 1223.39 over 156 frames.
LOG (lattice-best-path[5.5.1074~1-71f3]:main():lattice-best-path.cc:99) For utterance MC02_178, best cost 13.023 + 1442.87 = 1455.9 over 185 frames.
LOG (lattice-best-path[5.5.1074~1-71f3]:main():lattice-best-path.cc:99) For utterance MC02_18, best cost 34.1598 + 2633.81 = 2667.97 over 304 frames.
LOG (lattice-best-path[5.5.1074~1-71f3]:main():lattice-best-path.cc:99) For utterance MC02_184, best cost 11.9732 + 1298.81 = 1310.78 over 174 frames.
LOG (lattice-best-path[5.5.1074~1-71f3]:main():lattice-best-path.cc:99) For utterance MC02_185, best cost 12.789 + 1085.48 = 1098.27 over 132 frames.
LOG (lattice-best-path[5.5.1074~1-71f3]:main():lattice-best-path.cc:99) For utterance MC02_187, best cost 13.3844 + 1426.09 = 1439.47 over 177 frames.
LOG (lattice-best-path[5.5.1074~1-71f3]:main():lattice-best-path.cc:99) For utterance MC02_190, best cost 13.3348 + 1252.19 = 1265.53 over 159 frames.
LOG (lattice-best-path[5.5.1074~1-71f3]:main():lattice-best-path.cc:99) For utterance MC02_193, best cost 11.7417 + 1129.73 = 1141.48 over 149 frames.
LOG (lattice-best-path[5.5.1074~1-71f3]:main():lattice-best-path.cc:99) For utterance MC02_195, best cost 12.7342 + 1359.47 = 1372.2 over 174 frames.
LOG (lattice-best-path[5.5.1074~1-71f3]:main():lattice-best-path.cc:99) For utterance MC02_2, best cost 17.6344 + 2493.74 = 2511.37 over 301 frames.
LOG (lattice-best-path[5.5.1074~1-71f3]:main():lattice-best-path.cc:99) For utterance MC02_202, best cost 14.1513 + 1472.12 = 1486.27 over 185 frames.
LOG (lattice-best-path[5.5.1074~1-71f3]:main():lattice-best-path.cc:99) For utterance MC02_207, best cost 12.7622 + 1142.54 = 1155.3 over 138 frames.
LOG (lattice-best-path[5.5.1074~1-71f3]:main():lattice-best-path.cc:99) For utterance MC02_209, best cost 13.7239 + 1466.36 = 1480.08 over 170 frames.
LOG (lattice-best-path[5.5.1074~1-71f3]:main():lattice-best-path.cc:99) For utterance MC02_212, best cost 17.6963 + 1784.22 = 1801.92 over 217 frames.
LOG (lattice-best-path[5.5.1074~1-71f3]:main():lattice-best-path.cc:99) For utterance MC02_233, best cost 21.0278 + 2365.52 = 2386.55 over 269 frames.
LOG (lattice-best-path[5.5.1074~1-71f3]:main():lattice-best-path.cc:99) For utterance MC02_241, best cost 21.3191 + 2642.27 = 2663.59 over 314 frames.
LOG (lattice-best-path[5.5.1074~1-71f3]:main():lattice-best-path.cc:99) For utterance MC02_245, best cost 22.9663 + 2456.45 = 2479.41 over 288 frames.
LOG (lattice-best-path[5.5.1074~1-71f3]:main():lattice-best-path.cc:99) For utterance MC02_249, best cost 24.1481 + 2488.54 = 2512.69 over 288 frames.
LOG (lattice-best-path[5.5.1074~1-71f3]:main():lattice-best-path.cc:99) For utterance MC02_25, best cost 23.312 + 2677.72 = 2701.04 over 320 frames.
LOG (lattice-best-path[5.5.1074~1-71f3]:main():lattice-best-path.cc:99) For utterance MC02_250, best cost 25.1156 + 2900.86 = 2925.97 over 330 frames.
LOG (lattice-best-path[5.5.1074~1-71f3]:main():lattice-best-path.cc:99) For utterance MC02_258, best cost 15.9521 + 1843.16 = 1859.11 over 217 frames.
LOG (lattice-best-path[5.5.1074~1-71f3]:main():lattice-best-path.cc:99) For utterance MC02_277, best cost 24.7859 + 2784.56 = 2809.35 over 311 frames.
LOG (lattice-best-path[5.5.1074~1-71f3]:main():lattice-best-path.cc:99) For utterance MC02_28, best cost 21.8317 + 2532.17 = 2554.01 over 298 frames.
LOG (lattice-depth-per-frame[5.5.1074~1-71f3]:main():lattice-depth-per-frame.cc:82) Done 76 lattices.
LOG (lattice-best-path[5.5.1074~1-71f3]:main():lattice-best-path.cc:99) For utterance MC02_285, best cost 22.735 + 2519.91 = 2542.65 over 298 frames.
LOG (lattice-best-path[5.5.1074~1-71f3]:main():lattice-best-path.cc:99) For utterance MC02_289, best cost 22.982 + 2723.41 = 2746.39 over 307 frames.
LOG (lattice-best-path[5.5.1074~1-71f3]:main():lattice-best-path.cc:99) For utterance MC02_296, best cost 28.3171 + 3263.73 = 3292.04 over 368 frames.
LOG (lattice-best-path[5.5.1074~1-71f3]:main():lattice-best-path.cc:99) For utterance MC02_300, best cost 26.476 + 2935.15 = 2961.63 over 338 frames.
LOG (lattice-best-path[5.5.1074~1-71f3]:main():lattice-best-path.cc:99) For utterance MC02_303, best cost 23.898 + 2634.66 = 2658.55 over 300 frames.
LOG (lattice-best-path[5.5.1074~1-71f3]:main():lattice-best-path.cc:99) For utterance MC02_308, best cost 21.3123 + 2604 = 2625.31 over 311 frames.
LOG (lattice-best-path[5.5.1074~1-71f3]:main():lattice-best-path.cc:99) For utterance MC02_312, best cost 29.6323 + 3276.42 = 3306.05 over 373 frames.
LOG (lattice-best-path[5.5.1074~1-71f3]:main():lattice-best-path.cc:99) For utterance MC02_314, best cost 22.6714 + 2608.04 = 2630.72 over 289 frames.
LOG (lattice-best-path[5.5.1074~1-71f3]:main():lattice-best-path.cc:99) For utterance MC02_318, best cost 21.8411 + 2524.63 = 2546.48 over 291 frames.
LOG (lattice-best-path[5.5.1074~1-71f3]:main():lattice-best-path.cc:99) For utterance MC02_320, best cost 21.659 + 2395.21 = 2416.87 over 270 frames.
LOG (lattice-best-path[5.5.1074~1-71f3]:main():lattice-best-path.cc:99) For utterance MC02_330, best cost 26.4596 + 3494.47 = 3520.93 over 392 frames.
LOG (lattice-best-path[5.5.1074~1-71f3]:main():lattice-best-path.cc:99) For utterance MC02_333, best cost 23.6047 + 2975.7 = 2999.31 over 356 frames.
LOG (lattice-best-path[5.5.1074~1-71f3]:main():lattice-best-path.cc:99) For utterance MC02_334, best cost 23.7478 + 2666.67 = 2690.41 over 319 frames.
LOG (lattice-best-path[5.5.1074~1-71f3]:main():lattice-best-path.cc:99) For utterance MC02_335, best cost 20.6866 + 2515.7 = 2536.39 over 302 frames.
LOG (lattice-best-path[5.5.1074~1-71f3]:main():lattice-best-path.cc:99) For utterance MC02_337, best cost 22.9043 + 2671.7 = 2694.61 over 305 frames.
LOG (lattice-best-path[5.5.1074~1-71f3]:main():lattice-best-path.cc:99) For utterance MC02_343, best cost 26.343 + 2966 = 2992.35 over 346 frames.
LOG (lattice-best-path[5.5.1074~1-71f3]:main():lattice-best-path.cc:99) For utterance MC02_345, best cost 25.6922 + 2946.01 = 2971.71 over 344 frames.
LOG (lattice-best-path[5.5.1074~1-71f3]:main():lattice-best-path.cc:99) For utterance MC02_348, best cost 21.8212 + 2601.96 = 2623.78 over 305 frames.
LOG (lattice-best-path[5.5.1074~1-71f3]:main():lattice-best-path.cc:99) For utterance MC02_352, best cost 22.3918 + 3369.38 = 3391.77 over 400 frames.
LOG (lattice-best-path[5.5.1074~1-71f3]:main():lattice-best-path.cc:99) For utterance MC02_357, best cost 21.2066 + 2205.74 = 2226.94 over 267 frames.
LOG (lattice-best-path[5.5.1074~1-71f3]:main():lattice-best-path.cc:99) For utterance MC02_359, best cost 24.6997 + 2757.24 = 2781.94 over 321 frames.
LOG (lattice-best-path[5.5.1074~1-71f3]:main():lattice-best-path.cc:99) For utterance MC02_36, best cost 17.028 + 1798.54 = 1815.57 over 216 frames.
LOG (lattice-best-path[5.5.1074~1-71f3]:main():lattice-best-path.cc:99) For utterance MC02_361, best cost 18.2436 + 1996.98 = 2015.22 over 236 frames.
LOG (lattice-best-path[5.5.1074~1-71f3]:main():lattice-best-path.cc:99) For utterance MC02_37, best cost 17.3979 + 1905.37 = 1922.77 over 228 frames.
LOG (lattice-best-path[5.5.1074~1-71f3]:main():lattice-best-path.cc:99) For utterance MC02_39, best cost 19.0123 + 2421.41 = 2440.43 over 297 frames.
LOG (lattice-best-path[5.5.1074~1-71f3]:main():lattice-best-path.cc:99) For utterance MC02_42, best cost 18.9202 + 2147.7 = 2166.62 over 251 frames.
LOG (lattice-best-path[5.5.1074~1-71f3]:main():lattice-best-path.cc:99) For utterance MC02_47, best cost 17.3402 + 1888.05 = 1905.39 over 230 frames.
LOG (lattice-best-path[5.5.1074~1-71f3]:main():lattice-best-path.cc:99) For utterance MC02_50, best cost 18.9703 + 2084.86 = 2103.83 over 257 frames.
LOG (lattice-best-path[5.5.1074~1-71f3]:main():lattice-best-path.cc:99) For utterance MC02_53, best cost 24.6079 + 3129.19 = 3153.8 over 373 frames.
LOG (lattice-best-path[5.5.1074~1-71f3]:main():lattice-best-path.cc:99) For utterance MC02_55, best cost 25.1107 + 3094.71 = 3119.82 over 363 frames.
LOG (lattice-best-path[5.5.1074~1-71f3]:main():lattice-best-path.cc:99) For utterance MC02_65, best cost 17.5043 + 2386.35 = 2403.86 over 301 frames.
LOG (lattice-best-path[5.5.1074~1-71f3]:main():lattice-best-path.cc:99) For utterance MC02_73, best cost 31.2682 + 3879.86 = 3911.13 over 438 frames.
LOG (lattice-best-path[5.5.1074~1-71f3]:main():lattice-best-path.cc:99) For utterance MC02_76, best cost 24.7638 + 3222.12 = 3246.88 over 372 frames.
LOG (lattice-best-path[5.5.1074~1-71f3]:main():lattice-best-path.cc:99) For utterance MC02_79, best cost 24.5494 + 3030.7 = 3055.25 over 356 frames.
LOG (lattice-best-path[5.5.1074~1-71f3]:main():lattice-best-path.cc:99) For utterance MC02_87, best cost 55.9194 + 3214.52 = 3270.44 over 360 frames.
LOG (lattice-best-path[5.5.1074~1-71f3]:main():lattice-best-path.cc:99) For utterance MC02_98, best cost 25.8058 + 3040.35 = 3066.15 over 349 frames.
LOG (lattice-best-path[5.5.1074~1-71f3]:main():lattice-best-path.cc:124) Overall cost per frame is 8.49009 = 0.0759493 [graph] + 8.41414 [acoustic] over 19996 frames.
LOG (lattice-best-path[5.5.1074~1-71f3]:main():lattice-best-path.cc:128) Done 76 lattices, failed for 0
# Accounting: time=0 threads=1
# Ended (code 0) at Thu Aug  3 11:46:04 IST 2023, elapsed time 0 seconds
