# lattice-depth-per-frame "ark:gunzip -c exp_FG/tri_8_2000/decode/lat.5.gz|" "ark,t:|gzip -c > exp_FG/tri_8_2000/decode/depth_tmp.5.gz" ark:- | lattice-best-path --acoustic-scale=0.1 ark:- ark:/dev/null "ark,t:|gzip -c >exp_FG/tri_8_2000/decode/ali_tmp.5.gz" 
# Started at Thu Aug  3 11:46:04 IST 2023
#
lattice-depth-per-frame 'ark:gunzip -c exp_FG/tri_8_2000/decode/lat.5.gz|' 'ark,t:|gzip -c > exp_FG/tri_8_2000/decode/depth_tmp.5.gz' ark:- 
lattice-best-path --acoustic-scale=0.1 ark:- ark:/dev/null 'ark,t:|gzip -c >exp_FG/tri_8_2000/decode/ali_tmp.5.gz' 
LOG (lattice-best-path[5.5.1074~1-71f3]:main():lattice-best-path.cc:99) For utterance FC05_1, best cost 18.5877 + 2095.72 = 2114.3 over 241 frames.
LOG (lattice-best-path[5.5.1074~1-71f3]:main():lattice-best-path.cc:99) For utterance FC05_100, best cost 32.3493 + 4088.22 = 4120.57 over 462 frames.
LOG (lattice-best-path[5.5.1074~1-71f3]:main():lattice-best-path.cc:99) For utterance FC05_101, best cost 20.2804 + 2378.84 = 2399.12 over 278 frames.
LOG (lattice-best-path[5.5.1074~1-71f3]:main():lattice-best-path.cc:99) For utterance FC05_105, best cost 19.9279 + 2503.41 = 2523.34 over 288 frames.
LOG (lattice-best-path[5.5.1074~1-71f3]:main():lattice-best-path.cc:99) For utterance FC05_109, best cost 12.6528 + 1127.65 = 1140.3 over 146 frames.
LOG (lattice-best-path[5.5.1074~1-71f3]:main():lattice-best-path.cc:99) For utterance FC05_111, best cost 12.7993 + 1544.52 = 1557.31 over 198 frames.
LOG (lattice-best-path[5.5.1074~1-71f3]:main():lattice-best-path.cc:99) For utterance FC05_116, best cost 13.5452 + 1293.13 = 1306.67 over 164 frames.
LOG (lattice-best-path[5.5.1074~1-71f3]:main():lattice-best-path.cc:99) For utterance FC05_120, best cost 12.5669 + 1115.51 = 1128.08 over 145 frames.
LOG (lattice-best-path[5.5.1074~1-71f3]:main():lattice-best-path.cc:99) For utterance FC05_122, best cost 13.8484 + 1280.62 = 1294.47 over 153 frames.
LOG (lattice-best-path[5.5.1074~1-71f3]:main():lattice-best-path.cc:99) For utterance FC05_130, best cost 12.5121 + 971.767 = 984.279 over 123 frames.
LOG (lattice-best-path[5.5.1074~1-71f3]:main():lattice-best-path.cc:99) For utterance FC05_135, best cost 13.0682 + 1202.1 = 1215.17 over 153 frames.
LOG (lattice-best-path[5.5.1074~1-71f3]:main():lattice-best-path.cc:99) For utterance FC05_136, best cost 13.873 + 1392.24 = 1406.11 over 179 frames.
LOG (lattice-best-path[5.5.1074~1-71f3]:main():lattice-best-path.cc:99) For utterance FC05_158, best cost 12.567 + 874.879 = 887.446 over 111 frames.
LOG (lattice-best-path[5.5.1074~1-71f3]:main():lattice-best-path.cc:99) For utterance FC05_167, best cost 12.4011 + 1108.55 = 1120.95 over 138 frames.
LOG (lattice-best-path[5.5.1074~1-71f3]:main():lattice-best-path.cc:99) For utterance FC05_173, best cost 12.7112 + 1149.56 = 1162.28 over 138 frames.
LOG (lattice-best-path[5.5.1074~1-71f3]:main():lattice-best-path.cc:99) For utterance FC05_184, best cost 11.8755 + 976.896 = 988.772 over 119 frames.
LOG (lattice-best-path[5.5.1074~1-71f3]:main():lattice-best-path.cc:99) For utterance FC05_194, best cost 12.5162 + 1169.1 = 1181.62 over 142 frames.
LOG (lattice-best-path[5.5.1074~1-71f3]:main():lattice-best-path.cc:99) For utterance FC05_199, best cost 13.6172 + 1178.31 = 1191.93 over 138 frames.
LOG (lattice-best-path[5.5.1074~1-71f3]:main():lattice-best-path.cc:99) For utterance FC05_2, best cost 17.0456 + 2255.61 = 2272.66 over 280 frames.
LOG (lattice-best-path[5.5.1074~1-71f3]:main():lattice-best-path.cc:99) For utterance FC05_202, best cost 13.5468 + 1171.71 = 1185.26 over 142 frames.
LOG (lattice-best-path[5.5.1074~1-71f3]:main():lattice-best-path.cc:99) For utterance FC05_215, best cost 24.4013 + 3047.3 = 3071.7 over 352 frames.
LOG (lattice-best-path[5.5.1074~1-71f3]:main():lattice-best-path.cc:99) For utterance FC05_221, best cost 25.6369 + 3413.39 = 3439.03 over 389 frames.
LOG (lattice-best-path[5.5.1074~1-71f3]:main():lattice-best-path.cc:99) For utterance FC05_222, best cost 22.616 + 3003.25 = 3025.86 over 358 frames.
LOG (lattice-best-path[5.5.1074~1-71f3]:main():lattice-best-path.cc:99) For utterance FC05_228, best cost 22.0076 + 2922.66 = 2944.67 over 340 frames.
LOG (lattice-best-path[5.5.1074~1-71f3]:main():lattice-best-path.cc:99) For utterance FC05_229, best cost 18.3205 + 2399.58 = 2417.9 over 284 frames.
LOG (lattice-best-path[5.5.1074~1-71f3]:main():lattice-best-path.cc:99) For utterance FC05_230, best cost 22.9782 + 3043.25 = 3066.23 over 371 frames.
LOG (lattice-best-path[5.5.1074~1-71f3]:main():lattice-best-path.cc:99) For utterance FC05_232, best cost 17.7502 + 2678.34 = 2696.09 over 327 frames.
LOG (lattice-best-path[5.5.1074~1-71f3]:main():lattice-best-path.cc:99) For utterance FC05_236, best cost 29.4735 + 3959.11 = 3988.59 over 451 frames.
LOG (lattice-best-path[5.5.1074~1-71f3]:main():lattice-best-path.cc:99) For utterance FC05_241, best cost 20.8264 + 2658.33 = 2679.15 over 309 frames.
LOG (lattice-best-path[5.5.1074~1-71f3]:main():lattice-best-path.cc:99) For utterance FC05_243, best cost 24.9801 + 3548.53 = 3573.51 over 427 frames.
LOG (lattice-best-path[5.5.1074~1-71f3]:main():lattice-best-path.cc:99) For utterance FC05_25, best cost 23.6207 + 2770.48 = 2794.1 over 335 frames.
LOG (lattice-best-path[5.5.1074~1-71f3]:main():lattice-best-path.cc:99) For utterance FC05_251, best cost 22.9348 + 3246.75 = 3269.69 over 377 frames.
LOG (lattice-best-path[5.5.1074~1-71f3]:main():lattice-best-path.cc:99) For utterance FC05_253, best cost 18.9489 + 2287.12 = 2306.07 over 259 frames.
LOG (lattice-best-path[5.5.1074~1-71f3]:main():lattice-best-path.cc:99) For utterance FC05_260, best cost 21.942 + 2448.76 = 2470.7 over 291 frames.
LOG (lattice-best-path[5.5.1074~1-71f3]:main():lattice-best-path.cc:99) For utterance FC05_267, best cost 21.4809 + 2990.08 = 3011.56 over 353 frames.
LOG (lattice-best-path[5.5.1074~1-71f3]:main():lattice-best-path.cc:99) For utterance FC05_27, best cost 22.7325 + 2971.66 = 2994.39 over 375 frames.
LOG (lattice-best-path[5.5.1074~1-71f3]:main():lattice-best-path.cc:99) For utterance FC05_273, best cost 18.9019 + 2321.12 = 2340.02 over 274 frames.
LOG (lattice-best-path[5.5.1074~1-71f3]:main():lattice-best-path.cc:99) For utterance FC05_282, best cost 21.658 + 2607.92 = 2629.57 over 313 frames.
LOG (lattice-best-path[5.5.1074~1-71f3]:main():lattice-best-path.cc:99) For utterance FC05_287, best cost 24.5626 + 3508.76 = 3533.32 over 426 frames.
LOG (lattice-best-path[5.5.1074~1-71f3]:main():lattice-best-path.cc:99) For utterance FC05_290, best cost 24.326 + 3614.33 = 3638.66 over 423 frames.
LOG (lattice-depth-per-frame[5.5.1074~1-71f3]:main():lattice-depth-per-frame.cc:82) Done 70 lattices.
LOG (lattice-best-path[5.5.1074~1-71f3]:main():lattice-best-path.cc:99) For utterance FC05_293, best cost 25.4501 + 3025.56 = 3051.01 over 348 frames.
LOG (lattice-best-path[5.5.1074~1-71f3]:main():lattice-best-path.cc:99) For utterance FC05_301, best cost 28.3971 + 3623.31 = 3651.71 over 421 frames.
LOG (lattice-best-path[5.5.1074~1-71f3]:main():lattice-best-path.cc:99) For utterance FC05_303, best cost 26.4356 + 4016.57 = 4043.01 over 470 frames.
LOG (lattice-best-path[5.5.1074~1-71f3]:main():lattice-best-path.cc:99) For utterance FC05_306, best cost 28.5168 + 3264.42 = 3292.94 over 372 frames.
LOG (lattice-best-path[5.5.1074~1-71f3]:main():lattice-best-path.cc:99) For utterance FC05_316, best cost 27.2056 + 3148.94 = 3176.14 over 355 frames.
LOG (lattice-best-path[5.5.1074~1-71f3]:main():lattice-best-path.cc:99) For utterance FC05_324, best cost 28.8042 + 3182.02 = 3210.83 over 355 frames.
LOG (lattice-best-path[5.5.1074~1-71f3]:main():lattice-best-path.cc:99) For utterance FC05_327, best cost 26.5568 + 3286.85 = 3313.41 over 369 frames.
LOG (lattice-best-path[5.5.1074~1-71f3]:main():lattice-best-path.cc:99) For utterance FC05_328, best cost 28.2471 + 3501.73 = 3529.98 over 391 frames.
LOG (lattice-best-path[5.5.1074~1-71f3]:main():lattice-best-path.cc:99) For utterance FC05_333, best cost 26.1514 + 3719.6 = 3745.75 over 444 frames.
LOG (lattice-best-path[5.5.1074~1-71f3]:main():lattice-best-path.cc:99) For utterance FC05_340, best cost 27.4063 + 3478.38 = 3505.79 over 395 frames.
LOG (lattice-best-path[5.5.1074~1-71f3]:main():lattice-best-path.cc:99) For utterance FC05_341, best cost 21.5846 + 2524.72 = 2546.3 over 302 frames.
LOG (lattice-best-path[5.5.1074~1-71f3]:main():lattice-best-path.cc:99) For utterance FC05_346, best cost 22.9078 + 2906.89 = 2929.8 over 333 frames.
LOG (lattice-best-path[5.5.1074~1-71f3]:main():lattice-best-path.cc:99) For utterance FC05_352, best cost 23.5316 + 2848.14 = 2871.67 over 342 frames.
LOG (lattice-best-path[5.5.1074~1-71f3]:main():lattice-best-path.cc:99) For utterance FC05_364, best cost 21.3274 + 2498.4 = 2519.73 over 289 frames.
LOG (lattice-best-path[5.5.1074~1-71f3]:main():lattice-best-path.cc:99) For utterance FC05_40, best cost 16.578 + 2050.45 = 2067.03 over 262 frames.
LOG (lattice-best-path[5.5.1074~1-71f3]:main():lattice-best-path.cc:99) For utterance FC05_44, best cost 23.9061 + 3022.87 = 3046.77 over 340 frames.
LOG (lattice-best-path[5.5.1074~1-71f3]:main():lattice-best-path.cc:99) For utterance FC05_45, best cost 22.1231 + 2678.82 = 2700.94 over 315 frames.
LOG (lattice-best-path[5.5.1074~1-71f3]:main():lattice-best-path.cc:99) For utterance FC05_65, best cost 17.2996 + 2051.31 = 2068.61 over 253 frames.
LOG (lattice-best-path[5.5.1074~1-71f3]:main():lattice-best-path.cc:99) For utterance FC05_70, best cost 18.476 + 1968.49 = 1986.97 over 229 frames.
LOG (lattice-best-path[5.5.1074~1-71f3]:main():lattice-best-path.cc:99) For utterance FC05_71, best cost 22.7731 + 2369.35 = 2392.12 over 280 frames.
LOG (lattice-best-path[5.5.1074~1-71f3]:main():lattice-best-path.cc:99) For utterance FC05_74, best cost 25.8621 + 3513.21 = 3539.07 over 427 frames.
LOG (lattice-best-path[5.5.1074~1-71f3]:main():lattice-best-path.cc:99) For utterance FC05_77, best cost 23.7577 + 3006.65 = 3030.41 over 349 frames.
LOG (lattice-best-path[5.5.1074~1-71f3]:main():lattice-best-path.cc:99) For utterance FC05_80, best cost 22.7095 + 2736.96 = 2759.67 over 320 frames.
LOG (lattice-best-path[5.5.1074~1-71f3]:main():lattice-best-path.cc:99) For utterance FC05_81, best cost 20.625 + 2757.84 = 2778.47 over 327 frames.
LOG (lattice-best-path[5.5.1074~1-71f3]:main():lattice-best-path.cc:99) For utterance FC05_88, best cost 28.2179 + 4587.09 = 4615.3 over 543 frames.
LOG (lattice-best-path[5.5.1074~1-71f3]:main():lattice-best-path.cc:99) For utterance FC05_89, best cost 28.0527 + 3604.98 = 3633.03 over 414 frames.
LOG (lattice-best-path[5.5.1074~1-71f3]:main():lattice-best-path.cc:99) For utterance FC05_91, best cost 27.5072 + 3710.02 = 3737.53 over 427 frames.
LOG (lattice-best-path[5.5.1074~1-71f3]:main():lattice-best-path.cc:99) For utterance FC05_93, best cost 22.5494 + 3047.22 = 3069.77 over 349 frames.
LOG (lattice-best-path[5.5.1074~1-71f3]:main():lattice-best-path.cc:99) For utterance FC05_97, best cost 16.5292 + 1783.5 = 1800.02 over 214 frames.
LOG (lattice-best-path[5.5.1074~1-71f3]:main():lattice-best-path.cc:99) For utterance FC05_98, best cost 27.4224 + 3306.77 = 3334.19 over 375 frames.
LOG (lattice-best-path[5.5.1074~1-71f3]:main():lattice-best-path.cc:124) Overall cost per frame is 8.55951 = 0.0691845 [graph] + 8.49032 [acoustic] over 21382 frames.
LOG (lattice-best-path[5.5.1074~1-71f3]:main():lattice-best-path.cc:128) Done 70 lattices, failed for 0
# Accounting: time=0 threads=1
# Ended (code 0) at Thu Aug  3 11:46:04 IST 2023, elapsed time 0 seconds
