# lattice-depth-per-frame "ark:gunzip -c exp_FG/tri_8_2000/decode/lat.3.gz|" "ark,t:|gzip -c > exp_FG/tri_8_2000/decode/depth_tmp.3.gz" ark:- | lattice-best-path --acoustic-scale=0.1 ark:- ark:/dev/null "ark,t:|gzip -c >exp_FG/tri_8_2000/decode/ali_tmp.3.gz" 
# Started at Thu Aug  3 11:46:04 IST 2023
#
lattice-depth-per-frame 'ark:gunzip -c exp_FG/tri_8_2000/decode/lat.3.gz|' 'ark,t:|gzip -c > exp_FG/tri_8_2000/decode/depth_tmp.3.gz' ark:- 
lattice-best-path --acoustic-scale=0.1 ark:- ark:/dev/null 'ark,t:|gzip -c >exp_FG/tri_8_2000/decode/ali_tmp.3.gz' 
LOG (lattice-best-path[5.5.1074~1-71f3]:main():lattice-best-path.cc:99) For utterance FC03_1, best cost 21.7891 + 2653.65 = 2675.44 over 310 frames.
LOG (lattice-best-path[5.5.1074~1-71f3]:main():lattice-best-path.cc:99) For utterance FC03_11, best cost 19.059 + 2065.92 = 2084.98 over 240 frames.
LOG (lattice-best-path[5.5.1074~1-71f3]:main():lattice-best-path.cc:99) For utterance FC03_12, best cost 23.5513 + 2785.31 = 2808.86 over 315 frames.
LOG (lattice-best-path[5.5.1074~1-71f3]:main():lattice-best-path.cc:99) For utterance FC03_125, best cost 14.0728 + 1302.73 = 1316.81 over 170 frames.
LOG (lattice-best-path[5.5.1074~1-71f3]:main():lattice-best-path.cc:99) For utterance FC03_130, best cost 13.3742 + 1056.01 = 1069.39 over 127 frames.
LOG (lattice-best-path[5.5.1074~1-71f3]:main():lattice-best-path.cc:99) For utterance FC03_137, best cost 13.8988 + 1279.39 = 1293.29 over 159 frames.
LOG (lattice-best-path[5.5.1074~1-71f3]:main():lattice-best-path.cc:99) For utterance FC03_139, best cost 15.1151 + 1386.06 = 1401.17 over 175 frames.
LOG (lattice-best-path[5.5.1074~1-71f3]:main():lattice-best-path.cc:99) For utterance FC03_14, best cost 25.2035 + 3240.73 = 3265.94 over 374 frames.
LOG (lattice-best-path[5.5.1074~1-71f3]:main():lattice-best-path.cc:99) For utterance FC03_146, best cost 13.7733 + 1281.31 = 1295.09 over 165 frames.
LOG (lattice-best-path[5.5.1074~1-71f3]:main():lattice-best-path.cc:99) For utterance FC03_148, best cost 14.177 + 1471.1 = 1485.28 over 170 frames.
LOG (lattice-best-path[5.5.1074~1-71f3]:main():lattice-best-path.cc:99) For utterance FC03_150, best cost 13.7655 + 1279.31 = 1293.07 over 154 frames.
LOG (lattice-best-path[5.5.1074~1-71f3]:main():lattice-best-path.cc:99) For utterance FC03_167, best cost 13.53 + 1284.43 = 1297.96 over 159 frames.
LOG (lattice-best-path[5.5.1074~1-71f3]:main():lattice-best-path.cc:99) For utterance FC03_171, best cost 17.5145 + 2501.66 = 2519.17 over 342 frames.
LOG (lattice-best-path[5.5.1074~1-71f3]:main():lattice-best-path.cc:99) For utterance FC03_174, best cost 13.7288 + 1320.84 = 1334.57 over 164 frames.
LOG (lattice-best-path[5.5.1074~1-71f3]:main():lattice-best-path.cc:99) For utterance FC03_175, best cost 14.7834 + 1132.34 = 1147.12 over 143 frames.
LOG (lattice-best-path[5.5.1074~1-71f3]:main():lattice-best-path.cc:99) For utterance FC03_177, best cost 14.2019 + 1412.47 = 1426.67 over 186 frames.
LOG (lattice-best-path[5.5.1074~1-71f3]:main():lattice-best-path.cc:99) For utterance FC03_183, best cost 15.6929 + 1586.6 = 1602.29 over 208 frames.
LOG (lattice-best-path[5.5.1074~1-71f3]:main():lattice-best-path.cc:99) For utterance FC03_19, best cost 24.9204 + 3196.38 = 3221.3 over 369 frames.
LOG (lattice-best-path[5.5.1074~1-71f3]:main():lattice-best-path.cc:99) For utterance FC03_191, best cost 14.0402 + 1389.2 = 1403.24 over 170 frames.
LOG (lattice-best-path[5.5.1074~1-71f3]:main():lattice-best-path.cc:99) For utterance FC03_198, best cost 15.3999 + 1436.09 = 1451.49 over 170 frames.
LOG (lattice-best-path[5.5.1074~1-71f3]:main():lattice-best-path.cc:99) For utterance FC03_20, best cost 26.4489 + 3457.37 = 3483.82 over 417 frames.
LOG (lattice-best-path[5.5.1074~1-71f3]:main():lattice-best-path.cc:99) For utterance FC03_21, best cost 21.9625 + 2562.96 = 2584.92 over 320 frames.
LOG (lattice-best-path[5.5.1074~1-71f3]:main():lattice-best-path.cc:99) For utterance FC03_212, best cost 19.0741 + 1899.46 = 1918.54 over 234 frames.
LOG (lattice-best-path[5.5.1074~1-71f3]:main():lattice-best-path.cc:99) For utterance FC03_217, best cost 23.6877 + 2458.32 = 2482.01 over 283 frames.
LOG (lattice-best-path[5.5.1074~1-71f3]:main():lattice-best-path.cc:99) For utterance FC03_223, best cost 28.6285 + 3772.62 = 3801.24 over 424 frames.
LOG (lattice-best-path[5.5.1074~1-71f3]:main():lattice-best-path.cc:99) For utterance FC03_225, best cost 24.7895 + 3144.39 = 3169.18 over 365 frames.
LOG (lattice-best-path[5.5.1074~1-71f3]:main():lattice-best-path.cc:99) For utterance FC03_230, best cost 24.512 + 3069.58 = 3094.09 over 365 frames.
LOG (lattice-best-path[5.5.1074~1-71f3]:main():lattice-best-path.cc:99) For utterance FC03_231, best cost 32.3802 + 3752.23 = 3784.61 over 436 frames.
LOG (lattice-best-path[5.5.1074~1-71f3]:main():lattice-best-path.cc:99) For utterance FC03_233, best cost 24.5903 + 3028.06 = 3052.65 over 361 frames.
LOG (lattice-best-path[5.5.1074~1-71f3]:main():lattice-best-path.cc:99) For utterance FC03_238, best cost 18.6634 + 2159.81 = 2178.48 over 258 frames.
LOG (lattice-best-path[5.5.1074~1-71f3]:main():lattice-best-path.cc:99) For utterance FC03_247, best cost 21.0715 + 2468.22 = 2489.29 over 298 frames.
LOG (lattice-best-path[5.5.1074~1-71f3]:main():lattice-best-path.cc:99) For utterance FC03_259, best cost 19.8231 + 2374.34 = 2394.17 over 274 frames.
LOG (lattice-best-path[5.5.1074~1-71f3]:main():lattice-best-path.cc:99) For utterance FC03_263, best cost 22.8976 + 2684.82 = 2707.72 over 298 frames.
LOG (lattice-best-path[5.5.1074~1-71f3]:main():lattice-best-path.cc:99) For utterance FC03_266, best cost 22.7903 + 2634.31 = 2657.1 over 294 frames.
LOG (lattice-best-path[5.5.1074~1-71f3]:main():lattice-best-path.cc:99) For utterance FC03_269, best cost 22.4423 + 2484.98 = 2507.43 over 286 frames.
LOG (lattice-best-path[5.5.1074~1-71f3]:main():lattice-best-path.cc:99) For utterance FC03_27, best cost 24.7912 + 2718.36 = 2743.15 over 331 frames.
LOG (lattice-best-path[5.5.1074~1-71f3]:main():lattice-best-path.cc:99) For utterance FC03_270, best cost 24.6623 + 3167.41 = 3192.07 over 373 frames.
LOG (lattice-best-path[5.5.1074~1-71f3]:main():lattice-best-path.cc:99) For utterance FC03_276, best cost 26.2865 + 3112.97 = 3139.26 over 357 frames.
LOG (lattice-best-path[5.5.1074~1-71f3]:main():lattice-best-path.cc:99) For utterance FC03_279, best cost 21.4239 + 2411.31 = 2432.74 over 270 frames.
LOG (lattice-best-path[5.5.1074~1-71f3]:main():lattice-best-path.cc:99) For utterance FC03_282, best cost 23.4256 + 2751.37 = 2774.8 over 325 frames.
LOG (lattice-best-path[5.5.1074~1-71f3]:main():lattice-best-path.cc:99) For utterance FC03_283, best cost 25.3818 + 3096.5 = 3121.89 over 349 frames.
LOG (lattice-best-path[5.5.1074~1-71f3]:main():lattice-best-path.cc:99) For utterance FC03_285, best cost 26.2947 + 3341.91 = 3368.2 over 382 frames.
LOG (lattice-best-path[5.5.1074~1-71f3]:main():lattice-best-path.cc:99) For utterance FC03_289, best cost 27.8953 + 3537.35 = 3565.24 over 408 frames.
LOG (lattice-best-path[5.5.1074~1-71f3]:main():lattice-best-path.cc:99) For utterance FC03_29, best cost 24.5077 + 2859.17 = 2883.68 over 336 frames.
LOG (lattice-depth-per-frame[5.5.1074~1-71f3]:main():lattice-depth-per-frame.cc:82) Done 76 lattices.
LOG (lattice-best-path[5.5.1074~1-71f3]:main():lattice-best-path.cc:99) For utterance FC03_290, best cost 28.7652 + 4090.38 = 4119.15 over 487 frames.
LOG (lattice-best-path[5.5.1074~1-71f3]:main():lattice-best-path.cc:99) For utterance FC03_291, best cost 34.7859 + 4828.19 = 4862.98 over 574 frames.
LOG (lattice-best-path[5.5.1074~1-71f3]:main():lattice-best-path.cc:99) For utterance FC03_296, best cost 35.5636 + 4870.61 = 4906.18 over 558 frames.
LOG (lattice-best-path[5.5.1074~1-71f3]:main():lattice-best-path.cc:99) For utterance FC03_30, best cost 25.1698 + 2898.91 = 2924.08 over 326 frames.
LOG (lattice-best-path[5.5.1074~1-71f3]:main():lattice-best-path.cc:99) For utterance FC03_300, best cost 32.2799 + 4337.9 = 4370.18 over 487 frames.
LOG (lattice-best-path[5.5.1074~1-71f3]:main():lattice-best-path.cc:99) For utterance FC03_307, best cost 26.4152 + 3224.35 = 3250.76 over 361 frames.
LOG (lattice-best-path[5.5.1074~1-71f3]:main():lattice-best-path.cc:99) For utterance FC03_310, best cost 26.3408 + 2954.23 = 2980.57 over 329 frames.
LOG (lattice-best-path[5.5.1074~1-71f3]:main():lattice-best-path.cc:99) For utterance FC03_316, best cost 27.2043 + 3049.31 = 3076.51 over 330 frames.
LOG (lattice-best-path[5.5.1074~1-71f3]:main():lattice-best-path.cc:99) For utterance FC03_317, best cost 25.689 + 3158.4 = 3184.09 over 373 frames.
LOG (lattice-best-path[5.5.1074~1-71f3]:main():lattice-best-path.cc:99) For utterance FC03_319, best cost 25.1705 + 2983.38 = 3008.55 over 341 frames.
LOG (lattice-best-path[5.5.1074~1-71f3]:main():lattice-best-path.cc:99) For utterance FC03_320, best cost 23.7806 + 2616.2 = 2639.98 over 294 frames.
LOG (lattice-best-path[5.5.1074~1-71f3]:main():lattice-best-path.cc:99) For utterance FC03_335, best cost 22.9149 + 2671.56 = 2694.47 over 310 frames.
LOG (lattice-best-path[5.5.1074~1-71f3]:main():lattice-best-path.cc:99) For utterance FC03_336, best cost 25.3287 + 2961.24 = 2986.57 over 333 frames.
LOG (lattice-best-path[5.5.1074~1-71f3]:main():lattice-best-path.cc:99) For utterance FC03_338, best cost 24.4192 + 2572.12 = 2596.54 over 282 frames.
LOG (lattice-best-path[5.5.1074~1-71f3]:main():lattice-best-path.cc:99) For utterance FC03_34, best cost 20.0501 + 2171.27 = 2191.32 over 251 frames.
LOG (lattice-best-path[5.5.1074~1-71f3]:main():lattice-best-path.cc:99) For utterance FC03_342, best cost 24.7856 + 2887.19 = 2911.97 over 318 frames.
LOG (lattice-best-path[5.5.1074~1-71f3]:main():lattice-best-path.cc:99) For utterance FC03_35, best cost 20.6354 + 2431.38 = 2452.01 over 294 frames.
LOG (lattice-best-path[5.5.1074~1-71f3]:main():lattice-best-path.cc:99) For utterance FC03_350, best cost 28.6504 + 3250.69 = 3279.35 over 353 frames.
LOG (lattice-best-path[5.5.1074~1-71f3]:main():lattice-best-path.cc:99) For utterance FC03_353, best cost 24.0192 + 2615.33 = 2639.35 over 306 frames.
LOG (lattice-best-path[5.5.1074~1-71f3]:main():lattice-best-path.cc:99) For utterance FC03_354, best cost 33.9392 + 4428.66 = 4462.6 over 499 frames.
LOG (lattice-best-path[5.5.1074~1-71f3]:main():lattice-best-path.cc:99) For utterance FC03_355, best cost 27.2587 + 3301.85 = 3329.11 over 385 frames.
LOG (lattice-best-path[5.5.1074~1-71f3]:main():lattice-best-path.cc:99) For utterance FC03_41, best cost 26.912 + 3560.48 = 3587.39 over 390 frames.
LOG (lattice-best-path[5.5.1074~1-71f3]:main():lattice-best-path.cc:99) For utterance FC03_46, best cost 17.4214 + 1813.4 = 1830.83 over 213 frames.
LOG (lattice-best-path[5.5.1074~1-71f3]:main():lattice-best-path.cc:99) For utterance FC03_5, best cost 19.8285 + 2486.19 = 2506.02 over 283 frames.
LOG (lattice-best-path[5.5.1074~1-71f3]:main():lattice-best-path.cc:99) For utterance FC03_50, best cost 21.0063 + 2406.73 = 2427.74 over 288 frames.
LOG (lattice-best-path[5.5.1074~1-71f3]:main():lattice-best-path.cc:99) For utterance FC03_66, best cost 17.8172 + 1850.08 = 1867.9 over 218 frames.
LOG (lattice-best-path[5.5.1074~1-71f3]:main():lattice-best-path.cc:99) For utterance FC03_73, best cost 36.9549 + 4477.76 = 4514.72 over 476 frames.
LOG (lattice-best-path[5.5.1074~1-71f3]:main():lattice-best-path.cc:99) For utterance FC03_74, best cost 30.3105 + 3994.71 = 4025.02 over 465 frames.
LOG (lattice-best-path[5.5.1074~1-71f3]:main():lattice-best-path.cc:99) For utterance FC03_80, best cost 22.3771 + 2840.74 = 2863.11 over 320 frames.
LOG (lattice-best-path[5.5.1074~1-71f3]:main():lattice-best-path.cc:99) For utterance FC03_85, best cost 24.232 + 2883.73 = 2907.96 over 326 frames.
LOG (lattice-best-path[5.5.1074~1-71f3]:main():lattice-best-path.cc:99) For utterance FC03_94, best cost 24.0671 + 2779.28 = 2803.35 over 304 frames.
LOG (lattice-best-path[5.5.1074~1-71f3]:main():lattice-best-path.cc:99) For utterance FC03_98, best cost 28.9506 + 3570.89 = 3599.84 over 390 frames.
LOG (lattice-best-path[5.5.1074~1-71f3]:main():lattice-best-path.cc:124) Overall cost per frame is 8.69374 = 0.0733058 [graph] + 8.62043 [acoustic] over 23778 frames.
LOG (lattice-best-path[5.5.1074~1-71f3]:main():lattice-best-path.cc:128) Done 76 lattices, failed for 0
# Accounting: time=0 threads=1
# Ended (code 0) at Thu Aug  3 11:46:04 IST 2023, elapsed time 0 seconds
