# lattice-depth-per-frame "ark:gunzip -c exp_FG/tri_8_2000/decode/lat.1.gz|" "ark,t:|gzip -c > exp_FG/tri_8_2000/decode/depth_tmp.1.gz" ark:- | lattice-best-path --acoustic-scale=0.1 ark:- ark:/dev/null "ark,t:|gzip -c >exp_FG/tri_8_2000/decode/ali_tmp.1.gz" 
# Started at Thu Aug  3 11:46:04 IST 2023
#
lattice-depth-per-frame 'ark:gunzip -c exp_FG/tri_8_2000/decode/lat.1.gz|' 'ark,t:|gzip -c > exp_FG/tri_8_2000/decode/depth_tmp.1.gz' ark:- 
lattice-best-path --acoustic-scale=0.1 ark:- ark:/dev/null 'ark,t:|gzip -c >exp_FG/tri_8_2000/decode/ali_tmp.1.gz' 
LOG (lattice-best-path[5.5.1074~1-71f3]:main():lattice-best-path.cc:99) For utterance FC01_10, best cost 18.2391 + 2316.56 = 2334.8 over 263 frames.
LOG (lattice-best-path[5.5.1074~1-71f3]:main():lattice-best-path.cc:99) For utterance FC01_112, best cost 12.9718 + 1363.11 = 1376.08 over 162 frames.
LOG (lattice-best-path[5.5.1074~1-71f3]:main():lattice-best-path.cc:99) For utterance FC01_119, best cost 13.1781 + 1256.34 = 1269.52 over 159 frames.
LOG (lattice-best-path[5.5.1074~1-71f3]:main():lattice-best-path.cc:99) For utterance FC01_120, best cost 12.7448 + 1309.02 = 1321.76 over 167 frames.
LOG (lattice-best-path[5.5.1074~1-71f3]:main():lattice-best-path.cc:99) For utterance FC01_121, best cost 13.9651 + 1306.62 = 1320.59 over 159 frames.
LOG (lattice-best-path[5.5.1074~1-71f3]:main():lattice-best-path.cc:99) For utterance FC01_123, best cost 14.0168 + 1296.75 = 1310.77 over 156 frames.
LOG (lattice-best-path[5.5.1074~1-71f3]:main():lattice-best-path.cc:99) For utterance FC01_13, best cost 25.4309 + 3651.19 = 3676.62 over 429 frames.
LOG (lattice-best-path[5.5.1074~1-71f3]:main():lattice-best-path.cc:99) For utterance FC01_131, best cost 13.7582 + 1374.71 = 1388.47 over 170 frames.
LOG (lattice-best-path[5.5.1074~1-71f3]:main():lattice-best-path.cc:99) For utterance FC01_133, best cost 14.4231 + 1626.41 = 1640.84 over 202 frames.
LOG (lattice-best-path[5.5.1074~1-71f3]:main():lattice-best-path.cc:99) For utterance FC01_140, best cost 15.3828 + 1739.37 = 1754.76 over 209 frames.
LOG (lattice-best-path[5.5.1074~1-71f3]:main():lattice-best-path.cc:99) For utterance FC01_148, best cost 13.1372 + 1393.37 = 1406.51 over 162 frames.
LOG (lattice-best-path[5.5.1074~1-71f3]:main():lattice-best-path.cc:99) For utterance FC01_154, best cost 13.4731 + 1217.33 = 1230.8 over 149 frames.
LOG (lattice-best-path[5.5.1074~1-71f3]:main():lattice-best-path.cc:99) For utterance FC01_155, best cost 14.4345 + 1527.92 = 1542.36 over 191 frames.
LOG (lattice-best-path[5.5.1074~1-71f3]:main():lattice-best-path.cc:99) For utterance FC01_156, best cost 15.4391 + 1598.1 = 1613.54 over 194 frames.
LOG (lattice-best-path[5.5.1074~1-71f3]:main():lattice-best-path.cc:99) For utterance FC01_158, best cost 12.9234 + 1301.59 = 1314.52 over 170 frames.
LOG (lattice-best-path[5.5.1074~1-71f3]:main():lattice-best-path.cc:99) For utterance FC01_159, best cost 12.3218 + 1212.92 = 1225.24 over 156 frames.
LOG (lattice-best-path[5.5.1074~1-71f3]:main():lattice-best-path.cc:99) For utterance FC01_16, best cost 31.1736 + 4186.78 = 4217.96 over 468 frames.
LOG (lattice-best-path[5.5.1074~1-71f3]:main():lattice-best-path.cc:99) For utterance FC01_164, best cost 12.9756 + 1307.98 = 1320.96 over 165 frames.
LOG (lattice-best-path[5.5.1074~1-71f3]:main():lattice-best-path.cc:99) For utterance FC01_168, best cost 13.2845 + 1401.6 = 1414.89 over 170 frames.
LOG (lattice-best-path[5.5.1074~1-71f3]:main():lattice-best-path.cc:99) For utterance FC01_174, best cost 12.7289 + 1303.22 = 1315.94 over 157 frames.
LOG (lattice-best-path[5.5.1074~1-71f3]:main():lattice-best-path.cc:99) For utterance FC01_176, best cost 13.3289 + 1429.48 = 1442.81 over 180 frames.
LOG (lattice-best-path[5.5.1074~1-71f3]:main():lattice-best-path.cc:99) For utterance FC01_178, best cost 13.0225 + 1118.85 = 1131.87 over 129 frames.
LOG (lattice-best-path[5.5.1074~1-71f3]:main():lattice-best-path.cc:99) For utterance FC01_183, best cost 14.5764 + 1477.78 = 1492.36 over 180 frames.
LOG (lattice-best-path[5.5.1074~1-71f3]:main():lattice-best-path.cc:99) For utterance FC01_184, best cost 11.8323 + 1121.47 = 1133.3 over 128 frames.
LOG (lattice-best-path[5.5.1074~1-71f3]:main():lattice-best-path.cc:99) For utterance FC01_204, best cost 14.1217 + 1207.86 = 1221.99 over 141 frames.
LOG (lattice-best-path[5.5.1074~1-71f3]:main():lattice-best-path.cc:99) For utterance FC01_205, best cost 15.6181 + 1576.42 = 1592.04 over 180 frames.
LOG (lattice-best-path[5.5.1074~1-71f3]:main():lattice-best-path.cc:99) For utterance FC01_214, best cost 22.9448 + 3320.23 = 3343.18 over 373 frames.
LOG (lattice-best-path[5.5.1074~1-71f3]:main():lattice-best-path.cc:99) For utterance FC01_221, best cost 28.5184 + 4322.65 = 4351.17 over 490 frames.
LOG (lattice-best-path[5.5.1074~1-71f3]:main():lattice-best-path.cc:99) For utterance FC01_230, best cost 23.2726 + 3278.05 = 3301.32 over 379 frames.
LOG (lattice-best-path[5.5.1074~1-71f3]:main():lattice-best-path.cc:99) For utterance FC01_231, best cost 30.5818 + 3963.7 = 3994.28 over 450 frames.
LOG (lattice-best-path[5.5.1074~1-71f3]:main():lattice-best-path.cc:99) For utterance FC01_232, best cost 17.7655 + 2793.42 = 2811.18 over 316 frames.
LOG (lattice-best-path[5.5.1074~1-71f3]:main():lattice-best-path.cc:99) For utterance FC01_240, best cost 23.7437 + 3348.35 = 3372.09 over 379 frames.
LOG (lattice-best-path[5.5.1074~1-71f3]:main():lattice-best-path.cc:99) For utterance FC01_243, best cost 24.8285 + 3613.95 = 3638.78 over 423 frames.
LOG (lattice-best-path[5.5.1074~1-71f3]:main():lattice-best-path.cc:99) For utterance FC01_244, best cost 31.0374 + 4573.9 = 4604.93 over 524 frames.
LOG (lattice-best-path[5.5.1074~1-71f3]:main():lattice-best-path.cc:99) For utterance FC01_245, best cost 25.0274 + 3633.91 = 3658.94 over 431 frames.
LOG (lattice-best-path[5.5.1074~1-71f3]:main():lattice-best-path.cc:99) For utterance FC01_25, best cost 25.3219 + 3489.25 = 3514.58 over 395 frames.
LOG (lattice-best-path[5.5.1074~1-71f3]:main():lattice-best-path.cc:99) For utterance FC01_256, best cost 20.0572 + 2922.55 = 2942.61 over 329 frames.
LOG (lattice-best-path[5.5.1074~1-71f3]:main():lattice-best-path.cc:99) For utterance FC01_257, best cost 21.528 + 2995.44 = 3016.97 over 335 frames.
LOG (lattice-best-path[5.5.1074~1-71f3]:main():lattice-best-path.cc:99) For utterance FC01_26, best cost 19.3948 + 2370.51 = 2389.91 over 268 frames.
LOG (lattice-best-path[5.5.1074~1-71f3]:main():lattice-best-path.cc:99) For utterance FC01_260, best cost 23.2823 + 2478.28 = 2501.56 over 264 frames.
LOG (lattice-best-path[5.5.1074~1-71f3]:main():lattice-best-path.cc:99) For utterance FC01_262, best cost 22.876 + 2940.3 = 2963.17 over 333 frames.
LOG (lattice-best-path[5.5.1074~1-71f3]:main():lattice-best-path.cc:99) For utterance FC01_271, best cost 30.6338 + 4301.36 = 4331.99 over 474 frames.
LOG (lattice-best-path[5.5.1074~1-71f3]:main():lattice-best-path.cc:99) For utterance FC01_278, best cost 24.4967 + 3480.08 = 3504.57 over 395 frames.
LOG (lattice-best-path[5.5.1074~1-71f3]:main():lattice-best-path.cc:99) For utterance FC01_280, best cost 25.6751 + 3509.85 = 3535.53 over 393 frames.
LOG (lattice-best-path[5.5.1074~1-71f3]:main():lattice-best-path.cc:99) For utterance FC01_287, best cost 25.4266 + 3516.94 = 3542.37 over 405 frames.
LOG (lattice-best-path[5.5.1074~1-71f3]:main():lattice-best-path.cc:99) For utterance FC01_292, best cost 26.8042 + 3767.73 = 3794.53 over 427 frames.
LOG (lattice-best-path[5.5.1074~1-71f3]:main():lattice-best-path.cc:99) For utterance FC01_293, best cost 27.3642 + 3940.17 = 3967.54 over 451 frames.
LOG (lattice-best-path[5.5.1074~1-71f3]:main():lattice-best-path.cc:99) For utterance FC01_301, best cost 30.3013 + 3859.9 = 3890.2 over 425 frames.
LOG (lattice-best-path[5.5.1074~1-71f3]:main():lattice-best-path.cc:99) For utterance FC01_303, best cost 30.3603 + 4460.28 = 4490.64 over 504 frames.
LOG (lattice-best-path[5.5.1074~1-71f3]:main():lattice-best-path.cc:99) For utterance FC01_306, best cost 32.4693 + 4620.85 = 4653.31 over 534 frames.
LOG (lattice-best-path[5.5.1074~1-71f3]:main():lattice-best-path.cc:99) For utterance FC01_309, best cost 27.4234 + 3835.14 = 3862.57 over 433 frames.
LOG (lattice-best-path[5.5.1074~1-71f3]:main():lattice-best-path.cc:99) For utterance FC01_310, best cost 29.1755 + 3817.8 = 3846.97 over 429 frames.
LOG (lattice-best-path[5.5.1074~1-71f3]:main():lattice-best-path.cc:99) For utterance FC01_32, best cost 31.2026 + 4754.18 = 4785.39 over 553 frames.
LOG (lattice-best-path[5.5.1074~1-71f3]:main():lattice-best-path.cc:99) For utterance FC01_325, best cost 26.362 + 3573.1 = 3599.47 over 419 frames.
LOG (lattice-depth-per-frame[5.5.1074~1-71f3]:main():lattice-depth-per-frame.cc:82) Done 80 lattices.
LOG (lattice-best-path[5.5.1074~1-71f3]:main():lattice-best-path.cc:99) For utterance FC01_326, best cost 30.2244 + 4420.19 = 4450.41 over 502 frames.
LOG (lattice-best-path[5.5.1074~1-71f3]:main():lattice-best-path.cc:99) For utterance FC01_327, best cost 29.6399 + 4141.44 = 4171.08 over 470 frames.
LOG (lattice-best-path[5.5.1074~1-71f3]:main():lattice-best-path.cc:99) For utterance FC01_334, best cost 27.9431 + 3645.7 = 3673.64 over 409 frames.
LOG (lattice-best-path[5.5.1074~1-71f3]:main():lattice-best-path.cc:99) For utterance FC01_335, best cost 21.6944 + 2829.76 = 2851.45 over 331 frames.
LOG (lattice-best-path[5.5.1074~1-71f3]:main():lattice-best-path.cc:99) For utterance FC01_339, best cost 23.2432 + 3090.32 = 3113.57 over 347 frames.
LOG (lattice-best-path[5.5.1074~1-71f3]:main():lattice-best-path.cc:99) For utterance FC01_345, best cost 29.375 + 3736.49 = 3765.87 over 417 frames.
LOG (lattice-best-path[5.5.1074~1-71f3]:main():lattice-best-path.cc:99) For utterance FC01_348, best cost 23.5862 + 3027.36 = 3050.94 over 333 frames.
LOG (lattice-best-path[5.5.1074~1-71f3]:main():lattice-best-path.cc:99) For utterance FC01_349, best cost 25.321 + 3085.43 = 3110.75 over 349 frames.
LOG (lattice-best-path[5.5.1074~1-71f3]:main():lattice-best-path.cc:99) For utterance FC01_35, best cost 20.4444 + 2499.49 = 2519.94 over 279 frames.
LOG (lattice-best-path[5.5.1074~1-71f3]:main():lattice-best-path.cc:99) For utterance FC01_355, best cost 27.7852 + 3845.29 = 3873.08 over 435 frames.
LOG (lattice-best-path[5.5.1074~1-71f3]:main():lattice-best-path.cc:99) For utterance FC01_362, best cost 31.5245 + 4302.88 = 4334.4 over 466 frames.
LOG (lattice-best-path[5.5.1074~1-71f3]:main():lattice-best-path.cc:99) For utterance FC01_46, best cost 17.5194 + 2227.5 = 2245.02 over 247 frames.
LOG (lattice-best-path[5.5.1074~1-71f3]:main():lattice-best-path.cc:99) For utterance FC01_5, best cost 19.5742 + 2776.01 = 2795.59 over 319 frames.
LOG (lattice-best-path[5.5.1074~1-71f3]:main():lattice-best-path.cc:99) For utterance FC01_50, best cost 19.3753 + 2368.3 = 2387.68 over 277 frames.
LOG (lattice-best-path[5.5.1074~1-71f3]:main():lattice-best-path.cc:99) For utterance FC01_59, best cost 17.5585 + 2556.9 = 2574.46 over 307 frames.
LOG (lattice-best-path[5.5.1074~1-71f3]:main():lattice-best-path.cc:99) For utterance FC01_61, best cost 19.2334 + 2825.49 = 2844.72 over 318 frames.
LOG (lattice-best-path[5.5.1074~1-71f3]:main():lattice-best-path.cc:99) For utterance FC01_63, best cost 30.1358 + 4614.59 = 4644.73 over 515 frames.
LOG (lattice-best-path[5.5.1074~1-71f3]:main():lattice-best-path.cc:99) For utterance FC01_64, best cost 25.9198 + 3297.36 = 3323.28 over 361 frames.
LOG (lattice-best-path[5.5.1074~1-71f3]:main():lattice-best-path.cc:99) For utterance FC01_66, best cost 17.4721 + 2105.22 = 2122.69 over 240 frames.
LOG (lattice-best-path[5.5.1074~1-71f3]:main():lattice-best-path.cc:99) For utterance FC01_67, best cost 27.1076 + 4179.17 = 4206.28 over 485 frames.
LOG (lattice-best-path[5.5.1074~1-71f3]:main():lattice-best-path.cc:99) For utterance FC01_68, best cost 27.492 + 4036.88 = 4064.37 over 468 frames.
LOG (lattice-best-path[5.5.1074~1-71f3]:main():lattice-best-path.cc:99) For utterance FC01_78, best cost 27.8354 + 3767.24 = 3795.07 over 403 frames.
LOG (lattice-best-path[5.5.1074~1-71f3]:main():lattice-best-path.cc:99) For utterance FC01_87, best cost 24.347 + 3627.62 = 3651.97 over 424 frames.
LOG (lattice-best-path[5.5.1074~1-71f3]:main():lattice-best-path.cc:99) For utterance FC01_9, best cost 27.5179 + 3700.51 = 3728.03 over 412 frames.
LOG (lattice-best-path[5.5.1074~1-71f3]:main():lattice-best-path.cc:99) For utterance FC01_94, best cost 24.8118 + 3510.57 = 3535.39 over 389 frames.
LOG (lattice-best-path[5.5.1074~1-71f3]:main():lattice-best-path.cc:99) For utterance FC01_96, best cost 24.3787 + 3992.49 = 4016.87 over 463 frames.
LOG (lattice-best-path[5.5.1074~1-71f3]:main():lattice-best-path.cc:124) Overall cost per frame is 8.79751 = 0.0663359 [graph] + 8.73117 [acoustic] over 26493 frames.
LOG (lattice-best-path[5.5.1074~1-71f3]:main():lattice-best-path.cc:128) Done 80 lattices, failed for 0
# Accounting: time=0 threads=1
# Ended (code 0) at Thu Aug  3 11:46:04 IST 2023, elapsed time 0 seconds
