# lattice-depth-per-frame "ark:gunzip -c exp_FG/tri_8_2000/decode/lat.10.gz|" "ark,t:|gzip -c > exp_FG/tri_8_2000/decode/depth_tmp.10.gz" ark:- | lattice-best-path --acoustic-scale=0.1 ark:- ark:/dev/null "ark,t:|gzip -c >exp_FG/tri_8_2000/decode/ali_tmp.10.gz" 
# Started at Thu Aug  3 11:46:04 IST 2023
#
lattice-depth-per-frame 'ark:gunzip -c exp_FG/tri_8_2000/decode/lat.10.gz|' 'ark,t:|gzip -c > exp_FG/tri_8_2000/decode/depth_tmp.10.gz' ark:- 
lattice-best-path --acoustic-scale=0.1 ark:- ark:/dev/null 'ark,t:|gzip -c >exp_FG/tri_8_2000/decode/ali_tmp.10.gz' 
LOG (lattice-best-path[5.5.1074~1-71f3]:main():lattice-best-path.cc:99) For utterance MC05_104, best cost 17.7024 + 2296.4 = 2314.1 over 287 frames.
LOG (lattice-best-path[5.5.1074~1-71f3]:main():lattice-best-path.cc:99) For utterance MC05_109, best cost 12.0815 + 745.791 = 757.872 over 81 frames.
LOG (lattice-best-path[5.5.1074~1-71f3]:main():lattice-best-path.cc:99) For utterance MC05_112, best cost 12.9873 + 1311.96 = 1324.95 over 161 frames.
LOG (lattice-best-path[5.5.1074~1-71f3]:main():lattice-best-path.cc:99) For utterance MC05_113, best cost 12.8184 + 1165.33 = 1178.15 over 144 frames.
LOG (lattice-best-path[5.5.1074~1-71f3]:main():lattice-best-path.cc:99) For utterance MC05_116, best cost 13.5665 + 1088.99 = 1102.55 over 136 frames.
LOG (lattice-best-path[5.5.1074~1-71f3]:main():lattice-best-path.cc:99) For utterance MC05_117, best cost 13.3207 + 1158.87 = 1172.19 over 143 frames.
LOG (lattice-best-path[5.5.1074~1-71f3]:main():lattice-best-path.cc:99) For utterance MC05_118, best cost 12.2971 + 978.383 = 990.68 over 124 frames.
LOG (lattice-best-path[5.5.1074~1-71f3]:main():lattice-best-path.cc:99) For utterance MC05_119, best cost 12.8525 + 994.845 = 1007.7 over 127 frames.
LOG (lattice-best-path[5.5.1074~1-71f3]:main():lattice-best-path.cc:99) For utterance MC05_12, best cost 23.2698 + 2989.75 = 3013.02 over 339 frames.
LOG (lattice-best-path[5.5.1074~1-71f3]:main():lattice-best-path.cc:99) For utterance MC05_121, best cost 13.4424 + 1115.49 = 1128.93 over 140 frames.
LOG (lattice-best-path[5.5.1074~1-71f3]:main():lattice-best-path.cc:99) For utterance MC05_13, best cost 24.6335 + 3237.27 = 3261.9 over 381 frames.
LOG (lattice-best-path[5.5.1074~1-71f3]:main():lattice-best-path.cc:99) For utterance MC05_130, best cost 12.7556 + 914.695 = 927.451 over 114 frames.
LOG (lattice-best-path[5.5.1074~1-71f3]:main():lattice-best-path.cc:99) For utterance MC05_135, best cost 12.6733 + 1172.28 = 1184.95 over 147 frames.
LOG (lattice-best-path[5.5.1074~1-71f3]:main():lattice-best-path.cc:99) For utterance MC05_136, best cost 13.5402 + 1065.11 = 1078.65 over 131 frames.
LOG (lattice-best-path[5.5.1074~1-71f3]:main():lattice-best-path.cc:99) For utterance MC05_14, best cost 23.8836 + 2934.65 = 2958.54 over 341 frames.
LOG (lattice-best-path[5.5.1074~1-71f3]:main():lattice-best-path.cc:99) For utterance MC05_140, best cost 14.1489 + 1280.33 = 1294.48 over 153 frames.
LOG (lattice-best-path[5.5.1074~1-71f3]:main():lattice-best-path.cc:99) For utterance MC05_145, best cost 12.5531 + 910.092 = 922.645 over 110 frames.
LOG (lattice-best-path[5.5.1074~1-71f3]:main():lattice-best-path.cc:99) For utterance MC05_147, best cost 14.4465 + 1301.54 = 1315.98 over 153 frames.
LOG (lattice-best-path[5.5.1074~1-71f3]:main():lattice-best-path.cc:99) For utterance MC05_165, best cost 12.9976 + 1195.91 = 1208.91 over 151 frames.
LOG (lattice-best-path[5.5.1074~1-71f3]:main():lattice-best-path.cc:99) For utterance MC05_170, best cost 13.3235 + 1186.11 = 1199.43 over 139 frames.
LOG (lattice-best-path[5.5.1074~1-71f3]:main():lattice-best-path.cc:99) For utterance MC05_176, best cost 12.7497 + 884.218 = 896.968 over 104 frames.
LOG (lattice-best-path[5.5.1074~1-71f3]:main():lattice-best-path.cc:99) For utterance MC05_179, best cost 11.9681 + 949.88 = 961.848 over 113 frames.
LOG (lattice-best-path[5.5.1074~1-71f3]:main():lattice-best-path.cc:99) For utterance MC05_18, best cost 23.5121 + 3195.9 = 3219.41 over 366 frames.
LOG (lattice-best-path[5.5.1074~1-71f3]:main():lattice-best-path.cc:99) For utterance MC05_182, best cost 12.8873 + 1007.12 = 1020.01 over 120 frames.
LOG (lattice-best-path[5.5.1074~1-71f3]:main():lattice-best-path.cc:99) For utterance MC05_187, best cost 12.9944 + 1103.02 = 1116.01 over 127 frames.
LOG (lattice-best-path[5.5.1074~1-71f3]:main():lattice-best-path.cc:99) For utterance MC05_20, best cost 25.9596 + 3903.19 = 3929.15 over 462 frames.
LOG (lattice-best-path[5.5.1074~1-71f3]:main():lattice-best-path.cc:99) For utterance MC05_201, best cost 12.6309 + 906.876 = 919.507 over 104 frames.
LOG (lattice-best-path[5.5.1074~1-71f3]:main():lattice-best-path.cc:99) For utterance MC05_202, best cost 13.2526 + 1091.64 = 1104.89 over 126 frames.
LOG (lattice-best-path[5.5.1074~1-71f3]:main():lattice-best-path.cc:99) For utterance MC05_203, best cost 13.7036 + 1306.96 = 1320.66 over 151 frames.
LOG (lattice-best-path[5.5.1074~1-71f3]:main():lattice-best-path.cc:99) For utterance MC05_213, best cost 23.9979 + 2877.39 = 2901.39 over 326 frames.
LOG (lattice-best-path[5.5.1074~1-71f3]:main():lattice-best-path.cc:99) For utterance MC05_214, best cost 21.222 + 2265.82 = 2287.04 over 262 frames.
LOG (lattice-best-path[5.5.1074~1-71f3]:main():lattice-best-path.cc:99) For utterance MC05_217, best cost 22.1557 + 2211.68 = 2233.84 over 246 frames.
LOG (lattice-best-path[5.5.1074~1-71f3]:main():lattice-best-path.cc:99) For utterance MC05_224, best cost 24.5775 + 2732.73 = 2757.3 over 300 frames.
LOG (lattice-best-path[5.5.1074~1-71f3]:main():lattice-best-path.cc:99) For utterance MC05_225, best cost 22.5234 + 2478.65 = 2501.18 over 273 frames.
LOG (lattice-best-path[5.5.1074~1-71f3]:main():lattice-best-path.cc:99) For utterance MC05_236, best cost 30.3617 + 3759.53 = 3789.9 over 428 frames.
LOG (lattice-best-path[5.5.1074~1-71f3]:main():lattice-best-path.cc:99) For utterance MC05_239, best cost 19.7758 + 2008.22 = 2028 over 223 frames.
LOG (lattice-best-path[5.5.1074~1-71f3]:main():lattice-best-path.cc:99) For utterance MC05_24, best cost 18.9816 + 2106.53 = 2125.51 over 247 frames.
LOG (lattice-best-path[5.5.1074~1-71f3]:main():lattice-best-path.cc:99) For utterance MC05_244, best cost 29.1607 + 3597.84 = 3627 over 412 frames.
LOG (lattice-best-path[5.5.1074~1-71f3]:main():lattice-best-path.cc:99) For utterance MC05_246, best cost 18.0298 + 2013.01 = 2031.04 over 237 frames.
LOG (lattice-best-path[5.5.1074~1-71f3]:main():lattice-best-path.cc:99) For utterance MC05_25, best cost 25.4467 + 3274.05 = 3299.5 over 368 frames.
LOG (lattice-best-path[5.5.1074~1-71f3]:main():lattice-best-path.cc:99) For utterance MC05_252, best cost 20.4439 + 2193.33 = 2213.77 over 255 frames.
LOG (lattice-best-path[5.5.1074~1-71f3]:main():lattice-best-path.cc:99) For utterance MC05_254, best cost 21.5038 + 2753.79 = 2775.3 over 312 frames.
LOG (lattice-best-path[5.5.1074~1-71f3]:main():lattice-best-path.cc:99) For utterance MC05_268, best cost 29.5267 + 3566.3 = 3595.82 over 397 frames.
LOG (lattice-depth-per-frame[5.5.1074~1-71f3]:main():lattice-depth-per-frame.cc:82) Done 75 lattices.
LOG (lattice-best-path[5.5.1074~1-71f3]:main():lattice-best-path.cc:99) For utterance MC05_27, best cost 23.3196 + 2686.71 = 2710.03 over 325 frames.
LOG (lattice-best-path[5.5.1074~1-71f3]:main():lattice-best-path.cc:99) For utterance MC05_270, best cost 21.7424 + 2404.19 = 2425.93 over 272 frames.
LOG (lattice-best-path[5.5.1074~1-71f3]:main():lattice-best-path.cc:99) For utterance MC05_271, best cost 28.3726 + 3603.56 = 3631.93 over 418 frames.
LOG (lattice-best-path[5.5.1074~1-71f3]:main():lattice-best-path.cc:99) For utterance MC05_28, best cost 25.7338 + 3366.73 = 3392.46 over 397 frames.
LOG (lattice-best-path[5.5.1074~1-71f3]:main():lattice-best-path.cc:99) For utterance MC05_281, best cost 20.7139 + 2267.13 = 2287.85 over 255 frames.
LOG (lattice-best-path[5.5.1074~1-71f3]:main():lattice-best-path.cc:99) For utterance MC05_288, best cost 30.4255 + 3779.24 = 3809.66 over 424 frames.
LOG (lattice-best-path[5.5.1074~1-71f3]:main():lattice-best-path.cc:99) For utterance MC05_30, best cost 25.3577 + 3030.35 = 3055.7 over 354 frames.
LOG (lattice-best-path[5.5.1074~1-71f3]:main():lattice-best-path.cc:99) For utterance MC05_300, best cost 30.0407 + 3565.74 = 3595.78 over 389 frames.
LOG (lattice-best-path[5.5.1074~1-71f3]:main():lattice-best-path.cc:99) For utterance MC05_303, best cost 28.1974 + 3333.87 = 3362.07 over 373 frames.
LOG (lattice-best-path[5.5.1074~1-71f3]:main():lattice-best-path.cc:99) For utterance MC05_306, best cost 28.4824 + 3479.4 = 3507.88 over 402 frames.
LOG (lattice-best-path[5.5.1074~1-71f3]:main():lattice-best-path.cc:99) For utterance MC05_308, best cost 21.0439 + 2178.56 = 2199.61 over 250 frames.
LOG (lattice-best-path[5.5.1074~1-71f3]:main():lattice-best-path.cc:99) For utterance MC05_311, best cost 35.2909 + 4645.47 = 4680.77 over 524 frames.
LOG (lattice-best-path[5.5.1074~1-71f3]:main():lattice-best-path.cc:99) For utterance MC05_318, best cost 22.0181 + 2290.01 = 2312.02 over 265 frames.
LOG (lattice-best-path[5.5.1074~1-71f3]:main():lattice-best-path.cc:99) For utterance MC05_328, best cost 29.8007 + 3531.58 = 3561.38 over 385 frames.
LOG (lattice-best-path[5.5.1074~1-71f3]:main():lattice-best-path.cc:99) For utterance MC05_33, best cost 27.46 + 4050.72 = 4078.18 over 484 frames.
LOG (lattice-best-path[5.5.1074~1-71f3]:main():lattice-best-path.cc:99) For utterance MC05_339, best cost 21.8426 + 2518.51 = 2540.35 over 289 frames.
LOG (lattice-best-path[5.5.1074~1-71f3]:main():lattice-best-path.cc:99) For utterance MC05_345, best cost 26.8986 + 2897.3 = 2924.2 over 332 frames.
LOG (lattice-best-path[5.5.1074~1-71f3]:main():lattice-best-path.cc:99) For utterance MC05_348, best cost 22.3034 + 2801.07 = 2823.38 over 319 frames.
LOG (lattice-best-path[5.5.1074~1-71f3]:main():lattice-best-path.cc:99) For utterance MC05_349, best cost 23.1407 + 2692.29 = 2715.43 over 316 frames.
LOG (lattice-best-path[5.5.1074~1-71f3]:main():lattice-best-path.cc:99) For utterance MC05_351, best cost 25.2653 + 2850.76 = 2876.02 over 319 frames.
LOG (lattice-best-path[5.5.1074~1-71f3]:main():lattice-best-path.cc:99) For utterance MC05_358, best cost 22.3048 + 2809.66 = 2831.97 over 332 frames.
LOG (lattice-best-path[5.5.1074~1-71f3]:main():lattice-best-path.cc:99) For utterance MC05_36, best cost 17.6489 + 2198.85 = 2216.5 over 265 frames.
LOG (lattice-best-path[5.5.1074~1-71f3]:main():lattice-best-path.cc:99) For utterance MC05_363, best cost 25.7402 + 3449.04 = 3474.78 over 396 frames.
LOG (lattice-best-path[5.5.1074~1-71f3]:main():lattice-best-path.cc:99) For utterance MC05_46, best cost 17.6826 + 1939.08 = 1956.77 over 231 frames.
LOG (lattice-best-path[5.5.1074~1-71f3]:main():lattice-best-path.cc:99) For utterance MC05_50, best cost 18.9034 + 2048.05 = 2066.95 over 249 frames.
LOG (lattice-best-path[5.5.1074~1-71f3]:main():lattice-best-path.cc:99) For utterance MC05_66, best cost 15.5743 + 1874.3 = 1889.88 over 220 frames.
LOG (lattice-best-path[5.5.1074~1-71f3]:main():lattice-best-path.cc:99) For utterance MC05_68, best cost 23.979 + 2893.78 = 2917.76 over 332 frames.
LOG (lattice-best-path[5.5.1074~1-71f3]:main():lattice-best-path.cc:99) For utterance MC05_82, best cost 20.1838 + 2521.37 = 2541.55 over 296 frames.
LOG (lattice-best-path[5.5.1074~1-71f3]:main():lattice-best-path.cc:99) For utterance MC05_83, best cost 21.1472 + 2537.75 = 2558.9 over 300 frames.
LOG (lattice-best-path[5.5.1074~1-71f3]:main():lattice-best-path.cc:99) For utterance MC05_84, best cost 22.4429 + 2591.08 = 2613.52 over 303 frames.
LOG (lattice-best-path[5.5.1074~1-71f3]:main():lattice-best-path.cc:99) For utterance MC05_85, best cost 22.6578 + 2363.71 = 2386.37 over 274 frames.
LOG (lattice-best-path[5.5.1074~1-71f3]:main():lattice-best-path.cc:99) For utterance MC05_87, best cost 22.0799 + 2641.79 = 2663.86 over 309 frames.
LOG (lattice-best-path[5.5.1074~1-71f3]:main():lattice-best-path.cc:124) Overall cost per frame is 8.70427 = 0.0764933 [graph] + 8.62777 [acoustic] over 20060 frames.
LOG (lattice-best-path[5.5.1074~1-71f3]:main():lattice-best-path.cc:128) Done 75 lattices, failed for 0
# Accounting: time=0 threads=1
# Ended (code 0) at Thu Aug  3 11:46:04 IST 2023, elapsed time 0 seconds
