# lattice-depth-per-frame "ark:gunzip -c exp_FG/tri_8_2000/decode/lat.6.gz|" "ark,t:|gzip -c > exp_FG/tri_8_2000/decode/depth_tmp.6.gz" ark:- | lattice-best-path --acoustic-scale=0.1 ark:- ark:/dev/null "ark,t:|gzip -c >exp_FG/tri_8_2000/decode/ali_tmp.6.gz" 
# Started at Thu Aug  3 11:46:04 IST 2023
#
lattice-depth-per-frame 'ark:gunzip -c exp_FG/tri_8_2000/decode/lat.6.gz|' 'ark,t:|gzip -c > exp_FG/tri_8_2000/decode/depth_tmp.6.gz' ark:- 
lattice-best-path --acoustic-scale=0.1 ark:- ark:/dev/null 'ark,t:|gzip -c >exp_FG/tri_8_2000/decode/ali_tmp.6.gz' 
LOG (lattice-best-path[5.5.1074~1-71f3]:main():lattice-best-path.cc:99) For utterance MC01_104, best cost 17.273 + 2449.81 = 2467.08 over 300 frames.
LOG (lattice-best-path[5.5.1074~1-71f3]:main():lattice-best-path.cc:99) For utterance MC01_106, best cost 16.4947 + 2406.32 = 2422.81 over 294 frames.
LOG (lattice-best-path[5.5.1074~1-71f3]:main():lattice-best-path.cc:99) For utterance MC01_107, best cost 14.3456 + 1874.34 = 1888.68 over 226 frames.
LOG (lattice-best-path[5.5.1074~1-71f3]:main():lattice-best-path.cc:99) For utterance MC01_113, best cost 12.1681 + 1317.74 = 1329.91 over 162 frames.
LOG (lattice-best-path[5.5.1074~1-71f3]:main():lattice-best-path.cc:99) For utterance MC01_119, best cost 12.5716 + 828.965 = 841.536 over 106 frames.
LOG (lattice-best-path[5.5.1074~1-71f3]:main():lattice-best-path.cc:99) For utterance MC01_123, best cost 12.9118 + 1026.55 = 1039.46 over 123 frames.
LOG (lattice-best-path[5.5.1074~1-71f3]:main():lattice-best-path.cc:99) For utterance MC01_126, best cost 11.6672 + 1292.32 = 1303.98 over 162 frames.
LOG (lattice-best-path[5.5.1074~1-71f3]:main():lattice-best-path.cc:99) For utterance MC01_127, best cost 12.7582 + 1718.77 = 1731.53 over 219 frames.
LOG (lattice-best-path[5.5.1074~1-71f3]:main():lattice-best-path.cc:99) For utterance MC01_130, best cost 12.5985 + 1189.78 = 1202.38 over 147 frames.
LOG (lattice-best-path[5.5.1074~1-71f3]:main():lattice-best-path.cc:99) For utterance MC01_140, best cost 13.9723 + 1606.52 = 1620.49 over 198 frames.
LOG (lattice-best-path[5.5.1074~1-71f3]:main():lattice-best-path.cc:99) For utterance MC01_157, best cost 15.5406 + 2084.35 = 2099.89 over 258 frames.
LOG (lattice-best-path[5.5.1074~1-71f3]:main():lattice-best-path.cc:99) For utterance MC01_158, best cost 12.1816 + 1209.53 = 1221.72 over 155 frames.
LOG (lattice-best-path[5.5.1074~1-71f3]:main():lattice-best-path.cc:99) For utterance MC01_176, best cost 12.8354 + 1321.84 = 1334.67 over 162 frames.
LOG (lattice-best-path[5.5.1074~1-71f3]:main():lattice-best-path.cc:99) For utterance MC01_180, best cost 12.4001 + 1686.13 = 1698.53 over 210 frames.
LOG (lattice-best-path[5.5.1074~1-71f3]:main():lattice-best-path.cc:99) For utterance MC01_181, best cost 13.0817 + 1271.68 = 1284.76 over 159 frames.
LOG (lattice-best-path[5.5.1074~1-71f3]:main():lattice-best-path.cc:99) For utterance MC01_199, best cost 13.5564 + 1560.33 = 1573.89 over 193 frames.
LOG (lattice-best-path[5.5.1074~1-71f3]:main():lattice-best-path.cc:99) For utterance MC01_203, best cost 13.9129 + 1842.57 = 1856.48 over 229 frames.
LOG (lattice-best-path[5.5.1074~1-71f3]:main():lattice-best-path.cc:99) For utterance MC01_205, best cost 14.5192 + 1679.03 = 1693.55 over 202 frames.
LOG (lattice-best-path[5.5.1074~1-71f3]:main():lattice-best-path.cc:99) For utterance MC01_21, best cost 19.148 + 2491.58 = 2510.73 over 299 frames.
LOG (lattice-best-path[5.5.1074~1-71f3]:main():lattice-best-path.cc:99) For utterance MC01_217, best cost 23.3421 + 2990.67 = 3014.01 over 349 frames.
LOG (lattice-best-path[5.5.1074~1-71f3]:main():lattice-best-path.cc:99) For utterance MC01_218, best cost 23.2553 + 3703.96 = 3727.21 over 440 frames.
LOG (lattice-best-path[5.5.1074~1-71f3]:main():lattice-best-path.cc:99) For utterance MC01_223, best cost 25.5542 + 3201.76 = 3227.32 over 358 frames.
LOG (lattice-best-path[5.5.1074~1-71f3]:main():lattice-best-path.cc:99) For utterance MC01_224, best cost 22.0107 + 2923.64 = 2945.65 over 338 frames.
LOG (lattice-best-path[5.5.1074~1-71f3]:main():lattice-best-path.cc:99) For utterance MC01_225, best cost 20.5426 + 2401.69 = 2422.23 over 283 frames.
LOG (lattice-best-path[5.5.1074~1-71f3]:main():lattice-best-path.cc:99) For utterance MC01_226, best cost 18.2177 + 2007.29 = 2025.51 over 239 frames.
LOG (lattice-best-path[5.5.1074~1-71f3]:main():lattice-best-path.cc:99) For utterance MC01_228, best cost 20.4447 + 2432.23 = 2452.67 over 288 frames.
LOG (lattice-best-path[5.5.1074~1-71f3]:main():lattice-best-path.cc:99) For utterance MC01_230, best cost 21.7743 + 2908.24 = 2930.01 over 346 frames.
LOG (lattice-best-path[5.5.1074~1-71f3]:main():lattice-best-path.cc:99) For utterance MC01_231, best cost 27.6942 + 4440.06 = 4467.75 over 548 frames.
LOG (lattice-best-path[5.5.1074~1-71f3]:main():lattice-best-path.cc:99) For utterance MC01_239, best cost 19.7783 + 2653.57 = 2673.35 over 314 frames.
LOG (lattice-best-path[5.5.1074~1-71f3]:main():lattice-best-path.cc:99) For utterance MC01_251, best cost 23.6637 + 3367.62 = 3391.29 over 393 frames.
LOG (lattice-best-path[5.5.1074~1-71f3]:main():lattice-best-path.cc:99) For utterance MC01_256, best cost 17.6008 + 2961.78 = 2979.38 over 370 frames.
LOG (lattice-best-path[5.5.1074~1-71f3]:main():lattice-best-path.cc:99) For utterance MC01_257, best cost 18.0677 + 2177 = 2195.07 over 255 frames.
LOG (lattice-best-path[5.5.1074~1-71f3]:main():lattice-best-path.cc:99) For utterance MC01_261, best cost 21.1003 + 2671.98 = 2693.08 over 314 frames.
LOG (lattice-best-path[5.5.1074~1-71f3]:main():lattice-best-path.cc:99) For utterance MC01_263, best cost 18.3452 + 2194.3 = 2212.64 over 263 frames.
LOG (lattice-best-path[5.5.1074~1-71f3]:main():lattice-best-path.cc:99) For utterance MC01_265, best cost 19.9763 + 3095.2 = 3115.17 over 381 frames.
LOG (lattice-depth-per-frame[5.5.1074~1-71f3]:main():lattice-depth-per-frame.cc:82) Done 66 lattices.
LOG (lattice-best-path[5.5.1074~1-71f3]:main():lattice-best-path.cc:99) For utterance MC01_266, best cost 20.0581 + 3670.18 = 3690.24 over 457 frames.
LOG (lattice-best-path[5.5.1074~1-71f3]:main():lattice-best-path.cc:99) For utterance MC01_269, best cost 18.5175 + 2421 = 2439.51 over 298 frames.
LOG (lattice-best-path[5.5.1074~1-71f3]:main():lattice-best-path.cc:99) For utterance MC01_271, best cost 26.5725 + 3362.8 = 3389.37 over 401 frames.
LOG (lattice-best-path[5.5.1074~1-71f3]:main():lattice-best-path.cc:99) For utterance MC01_288, best cost 27.4608 + 3728.61 = 3756.08 over 423 frames.
LOG (lattice-best-path[5.5.1074~1-71f3]:main():lattice-best-path.cc:99) For utterance MC01_293, best cost 24.1378 + 3025.72 = 3049.86 over 343 frames.
LOG (lattice-best-path[5.5.1074~1-71f3]:main():lattice-best-path.cc:99) For utterance MC01_311, best cost 31.0362 + 4289.79 = 4320.83 over 491 frames.
LOG (lattice-best-path[5.5.1074~1-71f3]:main():lattice-best-path.cc:99) For utterance MC01_313, best cost 23.7028 + 3107.57 = 3131.28 over 372 frames.
LOG (lattice-best-path[5.5.1074~1-71f3]:main():lattice-best-path.cc:99) For utterance MC01_315, best cost 24.185 + 3624.34 = 3648.53 over 433 frames.
LOG (lattice-best-path[5.5.1074~1-71f3]:main():lattice-best-path.cc:99) For utterance MC01_325, best cost 22.9589 + 3105.67 = 3128.63 over 365 frames.
LOG (lattice-best-path[5.5.1074~1-71f3]:main():lattice-best-path.cc:99) For utterance MC01_327, best cost 62.817 + 4454.16 = 4516.98 over 520 frames.
LOG (lattice-best-path[5.5.1074~1-71f3]:main():lattice-best-path.cc:99) For utterance MC01_33, best cost 25.4052 + 3712.79 = 3738.2 over 447 frames.
LOG (lattice-best-path[5.5.1074~1-71f3]:main():lattice-best-path.cc:99) For utterance MC01_330, best cost 24.8014 + 3722.87 = 3747.67 over 443 frames.
LOG (lattice-best-path[5.5.1074~1-71f3]:main():lattice-best-path.cc:99) For utterance MC01_331, best cost 19.7851 + 2649.01 = 2668.79 over 333 frames.
LOG (lattice-best-path[5.5.1074~1-71f3]:main():lattice-best-path.cc:99) For utterance MC01_337, best cost 23.1891 + 3000.18 = 3023.37 over 352 frames.
LOG (lattice-best-path[5.5.1074~1-71f3]:main():lattice-best-path.cc:99) For utterance MC01_342, best cost 22.679 + 3754.06 = 3776.73 over 477 frames.
LOG (lattice-best-path[5.5.1074~1-71f3]:main():lattice-best-path.cc:99) For utterance MC01_355, best cost 23.644 + 3061.21 = 3084.86 over 375 frames.
LOG (lattice-best-path[5.5.1074~1-71f3]:main():lattice-best-path.cc:99) For utterance MC01_357, best cost 19.8025 + 2590.37 = 2610.17 over 315 frames.
LOG (lattice-best-path[5.5.1074~1-71f3]:main():lattice-best-path.cc:99) For utterance MC01_363, best cost 23.5229 + 4141.58 = 4165.1 over 515 frames.
LOG (lattice-best-path[5.5.1074~1-71f3]:main():lattice-best-path.cc:99) For utterance MC01_38, best cost 18.3001 + 1991.55 = 2009.85 over 225 frames.
LOG (lattice-best-path[5.5.1074~1-71f3]:main():lattice-best-path.cc:99) For utterance MC01_44, best cost 24.0822 + 3472.98 = 3497.06 over 403 frames.
LOG (lattice-best-path[5.5.1074~1-71f3]:main():lattice-best-path.cc:99) For utterance MC01_53, best cost 22.938 + 3146.13 = 3169.07 over 376 frames.
LOG (lattice-best-path[5.5.1074~1-71f3]:main():lattice-best-path.cc:99) For utterance MC01_55, best cost 25.3825 + 3108.44 = 3133.82 over 360 frames.
LOG (lattice-best-path[5.5.1074~1-71f3]:main():lattice-best-path.cc:99) For utterance MC01_62, best cost 16.0522 + 2138.75 = 2154.8 over 252 frames.
LOG (lattice-best-path[5.5.1074~1-71f3]:main():lattice-best-path.cc:99) For utterance MC01_68, best cost 24.193 + 3361.8 = 3386 over 406 frames.
LOG (lattice-best-path[5.5.1074~1-71f3]:main():lattice-best-path.cc:99) For utterance MC01_69, best cost 16.0041 + 1784.78 = 1800.78 over 214 frames.
LOG (lattice-best-path[5.5.1074~1-71f3]:main():lattice-best-path.cc:99) For utterance MC01_70, best cost 16.0892 + 1752.72 = 1768.81 over 208 frames.
LOG (lattice-best-path[5.5.1074~1-71f3]:main():lattice-best-path.cc:99) For utterance MC01_75, best cost 27.3812 + 3097.91 = 3125.3 over 344 frames.
LOG (lattice-best-path[5.5.1074~1-71f3]:main():lattice-best-path.cc:99) For utterance MC01_76, best cost 21.095 + 2558.5 = 2579.59 over 289 frames.
LOG (lattice-best-path[5.5.1074~1-71f3]:main():lattice-best-path.cc:99) For utterance MC01_79, best cost 23.6729 + 3485.55 = 3509.22 over 426 frames.
LOG (lattice-best-path[5.5.1074~1-71f3]:main():lattice-best-path.cc:99) For utterance MC01_83, best cost 20.9433 + 2852.92 = 2873.87 over 343 frames.
LOG (lattice-best-path[5.5.1074~1-71f3]:main():lattice-best-path.cc:99) For utterance MC01_98, best cost 25.6411 + 3311.73 = 3337.37 over 387 frames.
LOG (lattice-best-path[5.5.1074~1-71f3]:main():lattice-best-path.cc:124) Overall cost per frame is 8.42241 = 0.0647325 [graph] + 8.35767 [acoustic] over 20876 frames.
LOG (lattice-best-path[5.5.1074~1-71f3]:main():lattice-best-path.cc:128) Done 66 lattices, failed for 0
# Accounting: time=0 threads=1
# Ended (code 0) at Thu Aug  3 11:46:04 IST 2023, elapsed time 0 seconds
