# lattice-depth-per-frame "ark:gunzip -c exp_FG/tri_8_2000/decode/lat.8.gz|" "ark,t:|gzip -c > exp_FG/tri_8_2000/decode/depth_tmp.8.gz" ark:- | lattice-best-path --acoustic-scale=0.1 ark:- ark:/dev/null "ark,t:|gzip -c >exp_FG/tri_8_2000/decode/ali_tmp.8.gz" 
# Started at Thu Aug  3 11:46:04 IST 2023
#
lattice-best-path --acoustic-scale=0.1 ark:- ark:/dev/null 'ark,t:|gzip -c >exp_FG/tri_8_2000/decode/ali_tmp.8.gz' 
lattice-depth-per-frame 'ark:gunzip -c exp_FG/tri_8_2000/decode/lat.8.gz|' 'ark,t:|gzip -c > exp_FG/tri_8_2000/decode/depth_tmp.8.gz' ark:- 
LOG (lattice-best-path[5.5.1074~1-71f3]:main():lattice-best-path.cc:99) For utterance MC03_100, best cost 27.2113 + 3077.35 = 3104.57 over 331 frames.
LOG (lattice-best-path[5.5.1074~1-71f3]:main():lattice-best-path.cc:99) For utterance MC03_103, best cost 26.9818 + 2922.11 = 2949.09 over 328 frames.
LOG (lattice-best-path[5.5.1074~1-71f3]:main():lattice-best-path.cc:99) For utterance MC03_105, best cost 18.7427 + 2034.64 = 2053.38 over 237 frames.
LOG (lattice-best-path[5.5.1074~1-71f3]:main():lattice-best-path.cc:99) For utterance MC03_106, best cost 15.4088 + 1302.22 = 1317.63 over 146 frames.
LOG (lattice-best-path[5.5.1074~1-71f3]:main():lattice-best-path.cc:99) For utterance MC03_119, best cost 12.9788 + 1013.42 = 1026.4 over 127 frames.
LOG (lattice-best-path[5.5.1074~1-71f3]:main():lattice-best-path.cc:99) For utterance MC03_129, best cost 11.7809 + 753.124 = 764.905 over 93 frames.
LOG (lattice-best-path[5.5.1074~1-71f3]:main():lattice-best-path.cc:99) For utterance MC03_132, best cost 12.4984 + 1121.7 = 1134.19 over 135 frames.
LOG (lattice-best-path[5.5.1074~1-71f3]:main():lattice-best-path.cc:99) For utterance MC03_136, best cost 13.711 + 1061.76 = 1075.47 over 126 frames.
LOG (lattice-best-path[5.5.1074~1-71f3]:main():lattice-best-path.cc:99) For utterance MC03_137, best cost 12.7454 + 925.544 = 938.29 over 102 frames.
LOG (lattice-best-path[5.5.1074~1-71f3]:main():lattice-best-path.cc:99) For utterance MC03_138, best cost 15.79 + 982.955 = 998.745 over 115 frames.
LOG (lattice-best-path[5.5.1074~1-71f3]:main():lattice-best-path.cc:99) For utterance MC03_143, best cost 14.4195 + 1258.64 = 1273.06 over 146 frames.
LOG (lattice-best-path[5.5.1074~1-71f3]:main():lattice-best-path.cc:99) For utterance MC03_144, best cost 13.0417 + 1163.66 = 1176.7 over 142 frames.
LOG (lattice-best-path[5.5.1074~1-71f3]:main():lattice-best-path.cc:99) For utterance MC03_145, best cost 12.3556 + 782.487 = 794.842 over 91 frames.
LOG (lattice-best-path[5.5.1074~1-71f3]:main():lattice-best-path.cc:99) For utterance MC03_147, best cost 14.6932 + 1644.13 = 1658.82 over 193 frames.
LOG (lattice-best-path[5.5.1074~1-71f3]:main():lattice-best-path.cc:99) For utterance MC03_149, best cost 11.4749 + 889.446 = 900.921 over 104 frames.
LOG (lattice-best-path[5.5.1074~1-71f3]:main():lattice-best-path.cc:99) For utterance MC03_151, best cost 13.1018 + 858.196 = 871.298 over 93 frames.
LOG (lattice-best-path[5.5.1074~1-71f3]:main():lattice-best-path.cc:99) For utterance MC03_153, best cost 12.0312 + 910.192 = 922.223 over 102 frames.
LOG (lattice-best-path[5.5.1074~1-71f3]:main():lattice-best-path.cc:99) For utterance MC03_154, best cost 12.8184 + 847.767 = 860.585 over 93 frames.
LOG (lattice-best-path[5.5.1074~1-71f3]:main():lattice-best-path.cc:99) For utterance MC03_156, best cost 15.0252 + 1288 = 1303.03 over 144 frames.
LOG (lattice-best-path[5.5.1074~1-71f3]:main():lattice-best-path.cc:99) For utterance MC03_160, best cost 12.1422 + 884.922 = 897.065 over 102 frames.
LOG (lattice-best-path[5.5.1074~1-71f3]:main():lattice-best-path.cc:99) For utterance MC03_162, best cost 12.4665 + 1052.22 = 1064.69 over 124 frames.
LOG (lattice-best-path[5.5.1074~1-71f3]:main():lattice-best-path.cc:99) For utterance MC03_165, best cost 12.8961 + 1106.96 = 1119.86 over 135 frames.
LOG (lattice-best-path[5.5.1074~1-71f3]:main():lattice-best-path.cc:99) For utterance MC03_170, best cost 13.2085 + 1071.82 = 1085.03 over 122 frames.
LOG (lattice-best-path[5.5.1074~1-71f3]:main():lattice-best-path.cc:99) For utterance MC03_172, best cost 12.9812 + 979.661 = 992.642 over 115 frames.
LOG (lattice-best-path[5.5.1074~1-71f3]:main():lattice-best-path.cc:99) For utterance MC03_175, best cost 13.9292 + 1015.67 = 1029.6 over 120 frames.
LOG (lattice-best-path[5.5.1074~1-71f3]:main():lattice-best-path.cc:99) For utterance MC03_178, best cost 12.6619 + 1339.98 = 1352.64 over 160 frames.
LOG (lattice-best-path[5.5.1074~1-71f3]:main():lattice-best-path.cc:99) For utterance MC03_182, best cost 12.9733 + 1138.86 = 1151.83 over 142 frames.
LOG (lattice-best-path[5.5.1074~1-71f3]:main():lattice-best-path.cc:99) For utterance MC03_185, best cost 12.8236 + 1196.49 = 1209.31 over 142 frames.
LOG (lattice-best-path[5.5.1074~1-71f3]:main():lattice-best-path.cc:99) For utterance MC03_193, best cost 11.6642 + 876.982 = 888.647 over 107 frames.
LOG (lattice-best-path[5.5.1074~1-71f3]:main():lattice-best-path.cc:99) For utterance MC03_2, best cost 15.8111 + 1451.26 = 1467.07 over 164 frames.
LOG (lattice-best-path[5.5.1074~1-71f3]:main():lattice-best-path.cc:99) For utterance MC03_200, best cost 13.1196 + 1095.74 = 1108.86 over 118 frames.
LOG (lattice-best-path[5.5.1074~1-71f3]:main():lattice-best-path.cc:99) For utterance MC03_204, best cost 13.4513 + 1173.47 = 1186.92 over 135 frames.
LOG (lattice-best-path[5.5.1074~1-71f3]:main():lattice-best-path.cc:99) For utterance MC03_209, best cost 13.0234 + 1282.82 = 1295.84 over 151 frames.
LOG (lattice-best-path[5.5.1074~1-71f3]:main():lattice-best-path.cc:99) For utterance MC03_22, best cost 21.3354 + 2250.52 = 2271.85 over 247 frames.
LOG (lattice-best-path[5.5.1074~1-71f3]:main():lattice-best-path.cc:99) For utterance MC03_221, best cost 22.7922 + 2186.68 = 2209.47 over 238 frames.
LOG (lattice-best-path[5.5.1074~1-71f3]:main():lattice-best-path.cc:99) For utterance MC03_233, best cost 21.4108 + 2104.55 = 2125.96 over 225 frames.
LOG (lattice-best-path[5.5.1074~1-71f3]:main():lattice-best-path.cc:99) For utterance MC03_239, best cost 18.597 + 1398.58 = 1417.17 over 143 frames.
LOG (lattice-best-path[5.5.1074~1-71f3]:main():lattice-best-path.cc:99) For utterance MC03_24, best cost 17.0948 + 1548.58 = 1565.68 over 180 frames.
LOG (lattice-depth-per-frame[5.5.1074~1-71f3]:main():lattice-depth-per-frame.cc:82) Done 82 lattices.
LOG (lattice-best-path[5.5.1074~1-71f3]:main():lattice-best-path.cc:99) For utterance MC03_245, best cost 20.2538 + 2086.13 = 2106.38 over 232 frames.
LOG (lattice-best-path[5.5.1074~1-71f3]:main():lattice-best-path.cc:99) For utterance MC03_246, best cost 16.5198 + 1655.66 = 1672.18 over 186 frames.
LOG (lattice-best-path[5.5.1074~1-71f3]:main():lattice-best-path.cc:99) For utterance MC03_247, best cost 16.0966 + 1472.07 = 1488.16 over 163 frames.
LOG (lattice-best-path[5.5.1074~1-71f3]:main():lattice-best-path.cc:99) For utterance MC03_25, best cost 21.5208 + 2073.15 = 2094.67 over 230 frames.
LOG (lattice-best-path[5.5.1074~1-71f3]:main():lattice-best-path.cc:99) For utterance MC03_264, best cost 21.9452 + 2331.72 = 2353.67 over 247 frames.
LOG (lattice-best-path[5.5.1074~1-71f3]:main():lattice-best-path.cc:99) For utterance MC03_269, best cost 18.3167 + 1609.41 = 1627.73 over 172 frames.
LOG (lattice-best-path[5.5.1074~1-71f3]:main():lattice-best-path.cc:99) For utterance MC03_273, best cost 16.6976 + 1606.64 = 1623.34 over 177 frames.
LOG (lattice-best-path[5.5.1074~1-71f3]:main():lattice-best-path.cc:99) For utterance MC03_275, best cost 21.2805 + 2058.55 = 2079.83 over 218 frames.
LOG (lattice-best-path[5.5.1074~1-71f3]:main():lattice-best-path.cc:99) For utterance MC03_278, best cost 21.1398 + 2337.03 = 2358.17 over 254 frames.
LOG (lattice-best-path[5.5.1074~1-71f3]:main():lattice-best-path.cc:99) For utterance MC03_279, best cost 19.4914 + 2119.93 = 2139.42 over 231 frames.
LOG (lattice-best-path[5.5.1074~1-71f3]:main():lattice-best-path.cc:99) For utterance MC03_28, best cost 20.582 + 2096.99 = 2117.57 over 242 frames.
LOG (lattice-best-path[5.5.1074~1-71f3]:main():lattice-best-path.cc:99) For utterance MC03_29, best cost 21.6039 + 2339 = 2360.61 over 266 frames.
LOG (lattice-best-path[5.5.1074~1-71f3]:main():lattice-best-path.cc:99) For utterance MC03_291, best cost 25.7524 + 2616.43 = 2642.18 over 281 frames.
LOG (lattice-best-path[5.5.1074~1-71f3]:main():lattice-best-path.cc:99) For utterance MC03_301, best cost 24.409 + 2314.48 = 2338.89 over 236 frames.
LOG (lattice-best-path[5.5.1074~1-71f3]:main():lattice-best-path.cc:99) For utterance MC03_31, best cost 25.0138 + 2754.87 = 2779.88 over 303 frames.
LOG (lattice-best-path[5.5.1074~1-71f3]:main():lattice-best-path.cc:99) For utterance MC03_327, best cost 24.7704 + 3071.91 = 3096.68 over 336 frames.
LOG (lattice-best-path[5.5.1074~1-71f3]:main():lattice-best-path.cc:99) For utterance MC03_328, best cost 26.7826 + 3189.72 = 3216.51 over 336 frames.
LOG (lattice-best-path[5.5.1074~1-71f3]:main():lattice-best-path.cc:99) For utterance MC03_329, best cost 20.4559 + 2383.07 = 2403.53 over 259 frames.
LOG (lattice-best-path[5.5.1074~1-71f3]:main():lattice-best-path.cc:99) For utterance MC03_331, best cost 19.6694 + 2201.07 = 2220.74 over 242 frames.
LOG (lattice-best-path[5.5.1074~1-71f3]:main():lattice-best-path.cc:99) For utterance MC03_34, best cost 16.9454 + 1494.62 = 1511.57 over 167 frames.
LOG (lattice-best-path[5.5.1074~1-71f3]:main():lattice-best-path.cc:99) For utterance MC03_342, best cost 20.589 + 2117.01 = 2137.6 over 232 frames.
LOG (lattice-best-path[5.5.1074~1-71f3]:main():lattice-best-path.cc:99) For utterance MC03_349, best cost 20.7639 + 2253.69 = 2274.45 over 259 frames.
LOG (lattice-best-path[5.5.1074~1-71f3]:main():lattice-best-path.cc:99) For utterance MC03_354, best cost 27.8596 + 3136.04 = 3163.9 over 336 frames.
LOG (lattice-best-path[5.5.1074~1-71f3]:main():lattice-best-path.cc:99) For utterance MC03_356, best cost 20.06 + 1883.11 = 1903.17 over 204 frames.
LOG (lattice-best-path[5.5.1074~1-71f3]:main():lattice-best-path.cc:99) For utterance MC03_361, best cost 17.7242 + 2169.75 = 2187.47 over 253 frames.
LOG (lattice-best-path[5.5.1074~1-71f3]:main():lattice-best-path.cc:99) For utterance MC03_363, best cost 23.275 + 2600.77 = 2624.05 over 279 frames.
LOG (lattice-best-path[5.5.1074~1-71f3]:main():lattice-best-path.cc:99) For utterance MC03_365, best cost 26.0117 + 3062.58 = 3088.59 over 328 frames.
LOG (lattice-best-path[5.5.1074~1-71f3]:main():lattice-best-path.cc:99) For utterance MC03_39, best cost 16.9316 + 1953.44 = 1970.38 over 224 frames.
LOG (lattice-best-path[5.5.1074~1-71f3]:main():lattice-best-path.cc:99) For utterance MC03_40, best cost 14.5027 + 1314.7 = 1329.21 over 147 frames.
LOG (lattice-best-path[5.5.1074~1-71f3]:main():lattice-best-path.cc:99) For utterance MC03_41, best cost 22.837 + 2460.2 = 2483.04 over 257 frames.
LOG (lattice-best-path[5.5.1074~1-71f3]:main():lattice-best-path.cc:99) For utterance MC03_47, best cost 15.9517 + 1354.64 = 1370.59 over 157 frames.
LOG (lattice-best-path[5.5.1074~1-71f3]:main():lattice-best-path.cc:99) For utterance MC03_48, best cost 16.7443 + 1627.02 = 1643.77 over 183 frames.
LOG (lattice-best-path[5.5.1074~1-71f3]:main():lattice-best-path.cc:99) For utterance MC03_49, best cost 23.0943 + 2586.55 = 2609.65 over 286 frames.
LOG (lattice-best-path[5.5.1074~1-71f3]:main():lattice-best-path.cc:99) For utterance MC03_5, best cost 16.8467 + 1520.8 = 1537.64 over 172 frames.
LOG (lattice-best-path[5.5.1074~1-71f3]:main():lattice-best-path.cc:99) For utterance MC03_53, best cost 22.3857 + 2528.65 = 2551.03 over 278 frames.
LOG (lattice-best-path[5.5.1074~1-71f3]:main():lattice-best-path.cc:99) For utterance MC03_56, best cost 16.8143 + 2076.82 = 2093.64 over 247 frames.
LOG (lattice-best-path[5.5.1074~1-71f3]:main():lattice-best-path.cc:99) For utterance MC03_57, best cost 17.3427 + 1759.1 = 1776.44 over 199 frames.
LOG (lattice-best-path[5.5.1074~1-71f3]:main():lattice-best-path.cc:99) For utterance MC03_61, best cost 18.3086 + 2100.07 = 2118.38 over 237 frames.
LOG (lattice-best-path[5.5.1074~1-71f3]:main():lattice-best-path.cc:99) For utterance MC03_69, best cost 15.5415 + 1317.5 = 1333.04 over 144 frames.
LOG (lattice-best-path[5.5.1074~1-71f3]:main():lattice-best-path.cc:99) For utterance MC03_7, best cost 17.8959 + 1608.71 = 1626.61 over 183 frames.
LOG (lattice-best-path[5.5.1074~1-71f3]:main():lattice-best-path.cc:99) For utterance MC03_77, best cost 23.1344 + 2446.92 = 2470.06 over 262 frames.
LOG (lattice-best-path[5.5.1074~1-71f3]:main():lattice-best-path.cc:99) For utterance MC03_88, best cost 23.9042 + 3011.71 = 3035.61 over 323 frames.
LOG (lattice-best-path[5.5.1074~1-71f3]:main():lattice-best-path.cc:99) For utterance MC03_89, best cost 24.7523 + 2757.53 = 2782.28 over 299 frames.
LOG (lattice-best-path[5.5.1074~1-71f3]:main():lattice-best-path.cc:99) For utterance MC03_9, best cost 20.7313 + 2063.85 = 2084.58 over 212 frames.
LOG (lattice-best-path[5.5.1074~1-71f3]:main():lattice-best-path.cc:124) Overall cost per frame is 9.07521 = 0.0910318 [graph] + 8.98418 [acoustic] over 16197 frames.
LOG (lattice-best-path[5.5.1074~1-71f3]:main():lattice-best-path.cc:128) Done 82 lattices, failed for 0
# Accounting: time=0 threads=1
# Ended (code 0) at Thu Aug  3 11:46:04 IST 2023, elapsed time 0 seconds
