# gunzip -c exp_FG/mono/decode/depth_tmp.*.gz | steps/diagnostic/analyze_lattice_depth_stats.py exp_FG/mono/graph exp_FG/mono/decode/ali_frame_tmp.gz 
# Started at Thu Aug  3 11:46:00 IST 2023
#
The total amount of data analyzed assuming 100 frames per second is 0.6 hours
Overall, lattice depth (10,50,90-percentile)=(1,1,1) and mean=1.1
Nonsilence phones as a group account for 58.6% of frames, with lattice depth (10,50,90-percentile)=(1,1,1) and mean=1.1
Phone sil accounts for 41.4% of frames, with lattice depth (10,50,90-percentile)=(1,1,1) and mean=1.1
Phone a_I accounts for 4.8% of frames, with lattice depth (10,50,90-percentile)=(1,1,1) and mean=1.1
Phone eu_E accounts for 4.7% of frames, with lattice depth (10,50,90-percentile)=(1,1,1) and mean=1.0
Phone m_E accounts for 3.9% of frames, with lattice depth (10,50,90-percentile)=(1,1,1) and mean=1.1
Phone aa_I accounts for 3.3% of frames, with lattice depth (10,50,90-percentile)=(1,1,1) and mean=1.1
Phone ai_E accounts for 2.1% of frames, with lattice depth (10,50,90-percentile)=(1,1,1) and mean=1.0
Phone i_E accounts for 1.7% of frames, with lattice depth (10,50,90-percentile)=(1,1,1) and mean=1.3
Phone d_I accounts for 1.4% of frames, with lattice depth (10,50,90-percentile)=(1,1,1) and mean=1.0
Phone i_I accounts for 1.4% of frames, with lattice depth (10,50,90-percentile)=(1,1,1) and mean=1.0
Phone u_I accounts for 1.4% of frames, with lattice depth (10,50,90-percentile)=(1,1,1) and mean=1.0
Phone s_B accounts for 1.3% of frames, with lattice depth (10,50,90-percentile)=(1,1,1) and mean=1.0
Phone k_I accounts for 1.2% of frames, with lattice depth (10,50,90-percentile)=(1,1,1) and mean=1.0
Phone k_B accounts for 1.1% of frames, with lattice depth (10,50,90-percentile)=(1,1,1) and mean=1.1
Phone y_I accounts for 1.0% of frames, with lattice depth (10,50,90-percentile)=(1,1,1) and mean=1.0
Phone g_I accounts for 1.0% of frames, with lattice depth (10,50,90-percentile)=(1,1,1) and mean=1.1
Phone tx_I accounts for 1.0% of frames, with lattice depth (10,50,90-percentile)=(1,1,1) and mean=1.0
Phone n_I accounts for 0.9% of frames, with lattice depth (10,50,90-percentile)=(1,1,1) and mean=1.1
Phone l_E accounts for 0.9% of frames, with lattice depth (10,50,90-percentile)=(1,1,1) and mean=1.0
Phone n_E accounts for 0.9% of frames, with lattice depth (10,50,90-percentile)=(1,1,1) and mean=1.0
Phone p_B accounts for 0.9% of frames, with lattice depth (10,50,90-percentile)=(1,1,1) and mean=1.1
Phone l_I accounts for 0.8% of frames, with lattice depth (10,50,90-percentile)=(1,1,1) and mean=1.0
Phone ee_E accounts for 0.8% of frames, with lattice depth (10,50,90-percentile)=(1,1,1) and mean=1.0
Phone t_I accounts for 0.8% of frames, with lattice depth (10,50,90-percentile)=(1,1,1) and mean=1.1
Phone r_I accounts for 0.7% of frames, with lattice depth (10,50,90-percentile)=(1,1,1) and mean=1.0
Phone nd_I accounts for 0.7% of frames, with lattice depth (10,50,90-percentile)=(1,1,1) and mean=1.1
Phone t_B accounts for 0.7% of frames, with lattice depth (10,50,90-percentile)=(1,1,1) and mean=1.1
Phone a_E accounts for 0.7% of frames, with lattice depth (10,50,90-percentile)=(1,1,1) and mean=1.0
Phone w_I accounts for 0.7% of frames, with lattice depth (10,50,90-percentile)=(1,1,1) and mean=1.0
Phone dx_I accounts for 0.7% of frames, with lattice depth (10,50,90-percentile)=(1,1,1) and mean=1.1
Phone sx_I accounts for 0.7% of frames, with lattice depth (10,50,90-percentile)=(1,1,1) and mean=1.1
Phone p_I accounts for 0.6% of frames, with lattice depth (10,50,90-percentile)=(1,1,1) and mean=1.2
Phone ii_I accounts for 0.6% of frames, with lattice depth (10,50,90-percentile)=(1,1,1) and mean=1.0
Phone rx_I accounts for 0.6% of frames, with lattice depth (10,50,90-percentile)=(1,1,1) and mean=1.0
Phone uu_I accounts for 0.6% of frames, with lattice depth (10,50,90-percentile)=(1,1,1) and mean=1.0
Phone oo_I accounts for 0.6% of frames, with lattice depth (10,50,90-percentile)=(1,1,1) and mean=1.0
Phone zh_I accounts for 0.6% of frames, with lattice depth (10,50,90-percentile)=(1,1,1) and mean=1.0
Phone m_I accounts for 0.6% of frames, with lattice depth (10,50,90-percentile)=(1,1,1) and mean=1.2
Phone w_B accounts for 0.6% of frames, with lattice depth (10,50,90-percentile)=(1,1,1) and mean=1.0
Phone m_B accounts for 0.6% of frames, with lattice depth (10,50,90-percentile)=(1,1,4) and mean=1.4
Phone ai_I accounts for 0.5% of frames, with lattice depth (10,50,90-percentile)=(1,1,1) and mean=1.0
Phone ng_I accounts for 0.5% of frames, with lattice depth (10,50,90-percentile)=(1,1,1) and mean=1.1
Phone i_B accounts for 0.5% of frames, with lattice depth (10,50,90-percentile)=(1,1,1) and mean=1.1
Phone c_I accounts for 0.5% of frames, with lattice depth (10,50,90-percentile)=(1,1,1) and mean=1.0
# Accounting: time=0 threads=1
# Ended (code 0) at Thu Aug  3 11:46:00 IST 2023, elapsed time 0 seconds
