# gmm-latgen-faster --max-active=7000 --beam=13.0 --lattice-beam=6.0 --acoustic-scale=0.083333 --allow-partial=true --word-symbol-table=exp_FG/mono/graph/words.txt exp_FG/mono/final.mdl exp_FG/mono/graph/HCLG.fst "ark,s,cs:apply-cmvn  --utt2spk=ark:data/test/split10/7/utt2spk scp:data/test/split10/7/cmvn.scp scp:data/test/split10/7/feats.scp ark:- | add-deltas  ark:- ark:- |" "ark:|gzip -c > exp_FG/mono/decode/lat.7.gz" 
# Started at Thu Aug  3 11:45:58 IST 2023
#
gmm-latgen-faster --max-active=7000 --beam=13.0 --lattice-beam=6.0 --acoustic-scale=0.083333 --allow-partial=true --word-symbol-table=exp_FG/mono/graph/words.txt exp_FG/mono/final.mdl exp_FG/mono/graph/HCLG.fst 'ark,s,cs:apply-cmvn  --utt2spk=ark:data/test/split10/7/utt2spk scp:data/test/split10/7/cmvn.scp scp:data/test/split10/7/feats.scp ark:- | add-deltas  ark:- ark:- |' 'ark:|gzip -c > exp_FG/mono/decode/lat.7.gz' 
add-deltas ark:- ark:- 
apply-cmvn --utt2spk=ark:data/test/split10/7/utt2spk scp:data/test/split10/7/cmvn.scp scp:data/test/split10/7/feats.scp ark:- 
MC02_110 panjjaanggam 
LOG (gmm-latgen-faster[5.5.1074~1-71f3]:DecodeUtteranceLatticeFaster():decoder-wrappers.cc:375) Log-like per frame for utterance MC02_110 is -7.15367 over 210 frames.
MC02_114 danusxkoodxi 
LOG (gmm-latgen-faster[5.5.1074~1-71f3]:DecodeUtteranceLatticeFaster():decoder-wrappers.cc:375) Log-like per frame for utterance MC02_114 is -7.32175 over 206 frames.
MC02_116 kanxidam 
LOG (gmm-latgen-faster[5.5.1074~1-71f3]:DecodeUtteranceLatticeFaster():decoder-wrappers.cc:375) Log-like per frame for utterance MC02_116 is -6.59113 over 185 frames.
MC02_118 paagam 
LOG (gmm-latgen-faster[5.5.1074~1-71f3]:DecodeUtteranceLatticeFaster():decoder-wrappers.cc:375) Log-like per frame for utterance MC02_118 is -6.60017 over 178 frames.
MC02_121 pambaram 
LOG (gmm-latgen-faster[5.5.1074~1-71f3]:DecodeUtteranceLatticeFaster():decoder-wrappers.cc:375) Log-like per frame for utterance MC02_121 is -6.65893 over 188 frames.
MC02_123 pappadxam 
LOG (gmm-latgen-faster[5.5.1074~1-71f3]:DecodeUtteranceLatticeFaster():decoder-wrappers.cc:375) Log-like per frame for utterance MC02_123 is -6.85296 over 188 frames.
MC02_128 kariim 
LOG (gmm-latgen-faster[5.5.1074~1-71f3]:DecodeUtteranceLatticeFaster():decoder-wrappers.cc:375) Log-like per frame for utterance MC02_128 is -6.57021 over 181 frames.
MC02_129 karam 
LOG (gmm-latgen-faster[5.5.1074~1-71f3]:DecodeUtteranceLatticeFaster():decoder-wrappers.cc:375) Log-like per frame for utterance MC02_129 is -6.66076 over 156 frames.
MC02_13 kuranggeu panddai erxinddadeu 
LOG (gmm-latgen-faster[5.5.1074~1-71f3]:DecodeUtteranceLatticeFaster():decoder-wrappers.cc:375) Log-like per frame for utterance MC02_13 is -7.11408 over 417 frames.
MC02_131 sarppam 
LOG (gmm-latgen-faster[5.5.1074~1-71f3]:DecodeUtteranceLatticeFaster():decoder-wrappers.cc:375) Log-like per frame for utterance MC02_131 is -7.08592 over 174 frames.
MC02_138 kani 
LOG (gmm-latgen-faster[5.5.1074~1-71f3]:DecodeUtteranceLatticeFaster():decoder-wrappers.cc:375) Log-like per frame for utterance MC02_138 is -6.71692 over 174 frames.
MC02_144 tanggam 
LOG (gmm-latgen-faster[5.5.1074~1-71f3]:DecodeUtteranceLatticeFaster():decoder-wrappers.cc:375) Log-like per frame for utterance MC02_144 is -6.55409 over 170 frames.
MC02_148 ganxeesx 
LOG (gmm-latgen-faster[5.5.1074~1-71f3]:DecodeUtteranceLatticeFaster():decoder-wrappers.cc:375) Log-like per frame for utterance MC02_148 is -6.68452 over 192 frames.
MC02_151 karumbeu uur 
LOG (gmm-latgen-faster[5.5.1074~1-71f3]:DecodeUtteranceLatticeFaster():decoder-wrappers.cc:375) Log-like per frame for utterance MC02_151 is -7.17153 over 181 frames.
MC02_152 senggadir 
LOG (gmm-latgen-faster[5.5.1074~1-71f3]:DecodeUtteranceLatticeFaster():decoder-wrappers.cc:375) Log-like per frame for utterance MC02_152 is -6.9405 over 199 frames.
MC02_160 paambeu uur 
LOG (gmm-latgen-faster[5.5.1074~1-71f3]:DecodeUtteranceLatticeFaster():decoder-wrappers.cc:375) Log-like per frame for utterance MC02_160 is -7.13946 over 149 frames.
MC02_171 senggai 
LOG (gmm-latgen-faster[5.5.1074~1-71f3]:DecodeUtteranceLatticeFaster():decoder-wrappers.cc:375) Log-like per frame for utterance MC02_171 is -6.87969 over 163 frames.
MC02_175 puttagam 
LOG (gmm-latgen-faster[5.5.1074~1-71f3]:DecodeUtteranceLatticeFaster():decoder-wrappers.cc:375) Log-like per frame for utterance MC02_175 is -6.892 over 156 frames.
MC02_178 taniyaa 
LOG (gmm-latgen-faster[5.5.1074~1-71f3]:DecodeUtteranceLatticeFaster():decoder-wrappers.cc:375) Log-like per frame for utterance MC02_178 is -6.78021 over 185 frames.
MC02_18 maatxtxeukkeu iruppadeu waal 
LOG (gmm-latgen-faster[5.5.1074~1-71f3]:DecodeUtteranceLatticeFaster():decoder-wrappers.cc:375) Log-like per frame for utterance MC02_18 is -7.47043 over 304 frames.
MC02_184 kani 
LOG (gmm-latgen-faster[5.5.1074~1-71f3]:DecodeUtteranceLatticeFaster():decoder-wrappers.cc:375) Log-like per frame for utterance MC02_184 is -6.35733 over 174 frames.
MC02_185 magudxi 
LOG (gmm-latgen-faster[5.5.1074~1-71f3]:DecodeUtteranceLatticeFaster():decoder-wrappers.cc:375) Log-like per frame for utterance MC02_185 is -7.19093 over 132 frames.
MC02_187 enggalx 
LOG (gmm-latgen-faster[5.5.1074~1-71f3]:DecodeUtteranceLatticeFaster():decoder-wrappers.cc:375) Log-like per frame for utterance MC02_187 is -6.95114 over 177 frames.
MC02_190 kuranggeu 
LOG (gmm-latgen-faster[5.5.1074~1-71f3]:DecodeUtteranceLatticeFaster():decoder-wrappers.cc:375) Log-like per frame for utterance MC02_190 is -6.89735 over 159 frames.
MC02_193 ndaan 
LOG (gmm-latgen-faster[5.5.1074~1-71f3]:DecodeUtteranceLatticeFaster():decoder-wrappers.cc:375) Log-like per frame for utterance MC02_193 is -6.5229 over 149 frames.
MC02_195 saami 
LOG (gmm-latgen-faster[5.5.1074~1-71f3]:DecodeUtteranceLatticeFaster():decoder-wrappers.cc:375) Log-like per frame for utterance MC02_195 is -6.66677 over 174 frames.
MC02_2 anbee kadxawulx 
LOG (gmm-latgen-faster[5.5.1074~1-71f3]:DecodeUtteranceLatticeFaster():decoder-wrappers.cc:375) Log-like per frame for utterance MC02_2 is -7.01209 over 301 frames.
MC02_202 haasanam 
LOG (gmm-latgen-faster[5.5.1074~1-71f3]:DecodeUtteranceLatticeFaster():decoder-wrappers.cc:375) Log-like per frame for utterance MC02_202 is -6.91443 over 185 frames.
MC02_207 njaalam 
LOG (gmm-latgen-faster[5.5.1074~1-71f3]:DecodeUtteranceLatticeFaster():decoder-wrappers.cc:375) Log-like per frame for utterance MC02_207 is -7.14668 over 138 frames.
MC02_209 ndaanjjil 
LOG (gmm-latgen-faster[5.5.1074~1-71f3]:DecodeUtteranceLatticeFaster():decoder-wrappers.cc:375) Log-like per frame for utterance MC02_209 is -7.35568 over 170 frames.
MC02_212 anjjal ndilaiyam 
LOG (gmm-latgen-faster[5.5.1074~1-71f3]:DecodeUtteranceLatticeFaster():decoder-wrappers.cc:375) Log-like per frame for utterance MC02_212 is -7.12461 over 217 frames.
MC02_233 isxtxam pool waazhalaam 
LOG (gmm-latgen-faster[5.5.1074~1-71f3]:DecodeUtteranceLatticeFaster():decoder-wrappers.cc:375) Log-like per frame for utterance MC02_233 is -7.45937 over 269 frames.
MC02_241 inrxeu usxnxam adigam 
LOG (gmm-latgen-faster[5.5.1074~1-71f3]:DecodeUtteranceLatticeFaster():decoder-wrappers.cc:375) Log-like per frame for utterance MC02_241 is -7.28538 over 314 frames.
MC02_245 wibattil uunam wanddadeu 
LOG (gmm-latgen-faster[5.5.1074~1-71f3]:DecodeUtteranceLatticeFaster():decoder-wrappers.cc:375) Log-like per frame for utterance MC02_245 is -7.44808 over 288 frames.
MC02_249 pirxareukkeu suuniyam seyyaadee 
LOG (gmm-latgen-faster[5.5.1074~1-71f3]:DecodeUtteranceLatticeFaster():decoder-wrappers.cc:375) Log-like per frame for utterance MC02_249 is -7.69903 over 288 frames.
MC02_25 tanggattin wilai uyarnddadeu 
LOG (gmm-latgen-faster[5.5.1074~1-71f3]:DecodeUtteranceLatticeFaster():decoder-wrappers.cc:375) Log-like per frame for utterance MC02_25 is -7.25584 over 320 frames.
MC02_250 inrxeu palxlxiyil ezhutteup pootxtxi 
LOG (gmm-latgen-faster[5.5.1074~1-71f3]:DecodeUtteranceLatticeFaster():decoder-wrappers.cc:375) Log-like per frame for utterance MC02_250 is -7.61233 over 330 frames.
MC02_258 eetxrxam kaanxeu 
LOG (gmm-latgen-faster[5.5.1074~1-71f3]:DecodeUtteranceLatticeFaster():decoder-wrappers.cc:375) Log-like per frame for utterance MC02_258 is -7.23116 over 217 frames.
MC02_277 kaasxmiir wadxakkeu pagudiyil ulxlxadeu 
LOG (gmm-latgen-faster[5.5.1074~1-71f3]:DecodeUtteranceLatticeFaster():decoder-wrappers.cc:375) Log-like per frame for utterance MC02_277 is -7.77821 over 311 frames.
MC02_28 padxam paartteu kadai sol 
LOG (gmm-latgen-faster[5.5.1074~1-71f3]:DecodeUtteranceLatticeFaster():decoder-wrappers.cc:375) Log-like per frame for utterance MC02_28 is -7.28721 over 298 frames.
MC02_285 en miideu koobam kolxlxaadee 
LOG (gmm-latgen-faster[5.5.1074~1-71f3]:DecodeUtteranceLatticeFaster():decoder-wrappers.cc:375) Log-like per frame for utterance MC02_285 is -7.37686 over 298 frames.
MC02_289 samacciir kalwi murxaiyaanadeu 
LOG (gmm-latgen-faster[5.5.1074~1-71f3]:DecodeUtteranceLatticeFaster():decoder-wrappers.cc:375) Log-like per frame for utterance MC02_289 is -7.62343 over 307 frames.
MC02_296 iratxtxai suzhi sirxuwan seetxtxai seywaan 
LOG (gmm-latgen-faster[5.5.1074~1-71f3]:DecodeUtteranceLatticeFaster():decoder-wrappers.cc:375) Log-like per frame for utterance MC02_296 is -7.6605 over 368 frames.
MC02_300 sutxrxeu suuzhal sugaadaaram pinpatxrxeu 
LOG (gmm-latgen-faster[5.5.1074~1-71f3]:DecodeUtteranceLatticeFaster():decoder-wrappers.cc:375) Log-like per frame for utterance MC02_300 is -7.53369 over 338 frames.
MC02_303 njaayirxeu widxumurxai kadxai adxaippeu 
LOG (gmm-latgen-faster[5.5.1074~1-71f3]:DecodeUtteranceLatticeFaster():decoder-wrappers.cc:375) Log-like per frame for utterance MC02_303 is -7.5029 over 300 frames.
MC02_308 malar tuuwi waazhtteu 
LOG (gmm-latgen-faster[5.5.1074~1-71f3]:DecodeUtteranceLatticeFaster():decoder-wrappers.cc:375) Log-like per frame for utterance MC02_308 is -7.13239 over 311 frames.
MC02_312 manjjalx tuulx maruttuwa gunxam ndirxainddadeu 
LOG (gmm-latgen-faster[5.5.1074~1-71f3]:DecodeUtteranceLatticeFaster():decoder-wrappers.cc:375) Log-like per frame for utterance MC02_312 is -7.62047 over 373 frames.
MC02_314 toonrxiya pugazhin toonrxuga 
LOG (gmm-latgen-faster[5.5.1074~1-71f3]:DecodeUtteranceLatticeFaster():decoder-wrappers.cc:375) Log-like per frame for utterance MC02_314 is -7.76007 over 289 frames.
MC02_318 inrxeu mazhai ndiidxikkum 
LOG (gmm-latgen-faster[5.5.1074~1-71f3]:DecodeUtteranceLatticeFaster():decoder-wrappers.cc:375) Log-like per frame for utterance MC02_318 is -7.55646 over 291 frames.
MC02_320 banggalxaadeesx oreu ndaadxeu 
LOG (gmm-latgen-faster[5.5.1074~1-71f3]:DecodeUtteranceLatticeFaster():decoder-wrappers.cc:375) Log-like per frame for utterance MC02_320 is -7.4776 over 270 frames.
MC02_330 buwaneesxwar uuril puugambam 
LOG (gmm-latgen-faster[5.5.1074~1-71f3]:DecodeUtteranceLatticeFaster():decoder-wrappers.cc:375) Log-like per frame for utterance MC02_330 is -7.54098 over 392 frames.
MC02_333 pon porulx paartteu pazhagaadee 
LOG (gmm-latgen-faster[5.5.1074~1-71f3]:DecodeUtteranceLatticeFaster():decoder-wrappers.cc:375) Log-like per frame for utterance MC02_333 is -7.29694 over 356 frames.
MC02_334 un mugam poliwaaga ulxlxadeu 
LOG (gmm-latgen-faster[5.5.1074~1-71f3]:DecodeUtteranceLatticeFaster():decoder-wrappers.cc:375) Log-like per frame for utterance MC02_334 is -7.23639 over 319 frames.
MC02_335 petxtxiyai kiizhee poodxeu 
LOG (gmm-latgen-faster[5.5.1074~1-71f3]:DecodeUtteranceLatticeFaster():decoder-wrappers.cc:375) Log-like per frame for utterance MC02_335 is -7.16955 over 302 frames.
MC02_337 raagi poosxaakkaana unxaweu 
LOG (gmm-latgen-faster[5.5.1074~1-71f3]:DecodeUtteranceLatticeFaster():decoder-wrappers.cc:375) Log-like per frame for utterance MC02_337 is -7.44617 over 305 frames.
MC02_343 tozhilil muuladanam poodxa weenxdxum 
LOG (gmm-latgen-faster[5.5.1074~1-71f3]:DecodeUtteranceLatticeFaster():decoder-wrappers.cc:375) Log-like per frame for utterance MC02_343 is -7.42674 over 346 frames.
MC02_345 indda maiyanggalx enggeu ulxlxadeu 
LOG (gmm-latgen-faster[5.5.1074~1-71f3]:DecodeUtteranceLatticeFaster():decoder-wrappers.cc:375) Log-like per frame for utterance MC02_345 is -7.40423 over 344 frames.
MC02_348 lajjai enrxaal wekkam 
LOG (gmm-latgen-faster[5.5.1074~1-71f3]:DecodeUtteranceLatticeFaster():decoder-wrappers.cc:375) Log-like per frame for utterance MC02_348 is -7.31282 over 305 frames.
MC02_352 wiitxtxil wiseesxam unxdxeu 
LOG (gmm-latgen-faster[5.5.1074~1-71f3]:DecodeUtteranceLatticeFaster():decoder-wrappers.cc:375) Log-like per frame for utterance MC02_352 is -7.13379 over 400 frames.
MC02_357 janamee ndam balam 
LOG (gmm-latgen-faster[5.5.1074~1-71f3]:DecodeUtteranceLatticeFaster():decoder-wrappers.cc:375) Log-like per frame for utterance MC02_357 is -7.16762 over 267 frames.
MC02_359 waay jaalam kaatxtxum manidan 
LOG (gmm-latgen-faster[5.5.1074~1-71f3]:DecodeUtteranceLatticeFaster():decoder-wrappers.cc:375) Log-like per frame for utterance MC02_359 is -7.45054 over 321 frames.
MC02_36 paanam arunddeu 
LOG (gmm-latgen-faster[5.5.1074~1-71f3]:DecodeUtteranceLatticeFaster():decoder-wrappers.cc:375) Log-like per frame for utterance MC02_36 is -7.18073 over 216 frames.
MC02_361 ajiiranxak koolxaarxeu 
LOG (gmm-latgen-faster[5.5.1074~1-71f3]:DecodeUtteranceLatticeFaster():decoder-wrappers.cc:375) Log-like per frame for utterance MC02_361 is -7.32638 over 236 frames.
MC02_37 bayam ndiikkeu 
LOG (gmm-latgen-faster[5.5.1074~1-71f3]:DecodeUtteranceLatticeFaster():decoder-wrappers.cc:375) Log-like per frame for utterance MC02_37 is -7.10533 over 228 frames.
MC02_39 parambarai sotteu 
LOG (gmm-latgen-faster[5.5.1074~1-71f3]:DecodeUtteranceLatticeFaster():decoder-wrappers.cc:375) Log-like per frame for utterance MC02_39 is -6.96092 over 297 frames.
MC02_42 iwalx peyar usxaa 
LOG (gmm-latgen-faster[5.5.1074~1-71f3]:DecodeUtteranceLatticeFaster():decoder-wrappers.cc:375) Log-like per frame for utterance MC02_42 is -7.37316 over 251 frames.
MC02_47 mazhai meegam 
LOG (gmm-latgen-faster[5.5.1074~1-71f3]:DecodeUtteranceLatticeFaster():decoder-wrappers.cc:375) Log-like per frame for utterance MC02_47 is -7.02239 over 230 frames.
MC02_50 ndunggeu inikkum 
LOG (gmm-latgen-faster[5.5.1074~1-71f3]:DecodeUtteranceLatticeFaster():decoder-wrappers.cc:375) Log-like per frame for utterance MC02_50 is -7.02006 over 257 frames.
MC02_53 inggeu tangguwadarxkeu ilawasam 
LOG (gmm-latgen-faster[5.5.1074~1-71f3]:DecodeUtteranceLatticeFaster():decoder-wrappers.cc:375) Log-like per frame for utterance MC02_53 is -7.26164 over 373 frames.
MC02_55 makkalx mannarai waazhttinaargalx 
LOG (gmm-latgen-faster[5.5.1074~1-71f3]:DecodeUtteranceLatticeFaster():decoder-wrappers.cc:375) Log-like per frame for utterance MC02_55 is -7.45668 over 363 frames.
LOG (apply-cmvn[5.5.1074~1-71f3]:main():apply-cmvn.cc:162) Applied cepstral mean normalization to 76 utterances, errors on 0
MC02_65 ilxamaiyil kal 
LOG (gmm-latgen-faster[5.5.1074~1-71f3]:DecodeUtteranceLatticeFaster():decoder-wrappers.cc:375) Log-like per frame for utterance MC02_65 is -6.88259 over 301 frames.
MC02_73 poodum enrxa manamee pon seyyum marunddeu 
LOG (gmm-latgen-faster[5.5.1074~1-71f3]:DecodeUtteranceLatticeFaster():decoder-wrappers.cc:375) Log-like per frame for utterance MC02_73 is -7.61398 over 438 frames.
MC02_76 ikkaraikkeu akkaraip paccai 
LOG (gmm-latgen-faster[5.5.1074~1-71f3]:DecodeUtteranceLatticeFaster():decoder-wrappers.cc:375) Log-like per frame for utterance MC02_76 is -7.45933 over 372 frames.
MC02_79 tiiraakkoobam pooraay mudxiyum 
LOG (gmm-latgen-faster[5.5.1074~1-71f3]:DecodeUtteranceLatticeFaster():decoder-wrappers.cc:375) Log-like per frame for utterance MC02_79 is -7.3178 over 356 frames.
MC02_87 marattai arxuppadeu waalx 
LOG (gmm-latgen-faster[5.5.1074~1-71f3]:DecodeUtteranceLatticeFaster():decoder-wrappers.cc:375) Log-like per frame for utterance MC02_87 is -7.47346 over 360 frames.
MC02_98 accamillaadawan ambalam eerxuwaan 
LOG (gmm-latgen-faster[5.5.1074~1-71f3]:DecodeUtteranceLatticeFaster():decoder-wrappers.cc:375) Log-like per frame for utterance MC02_98 is -7.68035 over 349 frames.
LOG (gmm-latgen-faster[5.5.1074~1-71f3]:main():gmm-latgen-faster.cc:176) Time taken 0.987411s: real-time factor assuming 100 frames/sec is 0.00493804
LOG (gmm-latgen-faster[5.5.1074~1-71f3]:main():gmm-latgen-faster.cc:179) Done 76 utterances, failed for 0
LOG (gmm-latgen-faster[5.5.1074~1-71f3]:main():gmm-latgen-faster.cc:181) Overall log-likelihood per frame is -7.25306 over 19996 frames.
# Accounting: time=1 threads=1
# Ended (code 0) at Thu Aug  3 11:45:59 IST 2023, elapsed time 1 seconds
