# lattice-depth-per-frame "ark:gunzip -c exp_FG/mono/decode/lat.7.gz|" "ark,t:|gzip -c > exp_FG/mono/decode/depth_tmp.7.gz" ark:- | lattice-best-path --acoustic-scale=0.1 ark:- ark:/dev/null "ark,t:|gzip -c >exp_FG/mono/decode/ali_tmp.7.gz" 
# Started at Thu Aug  3 11:45:59 IST 2023
#
lattice-best-path --acoustic-scale=0.1 ark:- ark:/dev/null 'ark,t:|gzip -c >exp_FG/mono/decode/ali_tmp.7.gz' 
lattice-depth-per-frame 'ark:gunzip -c exp_FG/mono/decode/lat.7.gz|' 'ark,t:|gzip -c > exp_FG/mono/decode/depth_tmp.7.gz' ark:- 
LOG (lattice-best-path[5.5.1074~1-71f3]:main():lattice-best-path.cc:99) For utterance MC02_110, best cost 14.643 + 1785.16 = 1799.8 over 210 frames.
LOG (lattice-best-path[5.5.1074~1-71f3]:main():lattice-best-path.cc:99) For utterance MC02_114, best cost 14.7687 + 1792.22 = 1806.99 over 206 frames.
LOG (lattice-best-path[5.5.1074~1-71f3]:main():lattice-best-path.cc:99) For utterance MC02_116, best cost 14.2112 + 1446.18 = 1460.39 over 185 frames.
LOG (lattice-best-path[5.5.1074~1-71f3]:main():lattice-best-path.cc:99) For utterance MC02_118, best cost 13.1098 + 1394.07 = 1407.18 over 178 frames.
LOG (lattice-best-path[5.5.1074~1-71f3]:main():lattice-best-path.cc:99) For utterance MC02_121, best cost 13.928 + 1485.55 = 1499.47 over 188 frames.
LOG (lattice-best-path[5.5.1074~1-71f3]:main():lattice-best-path.cc:99) For utterance MC02_123, best cost 14.1439 + 1529.06 = 1543.2 over 188 frames.
LOG (lattice-best-path[5.5.1074~1-71f3]:main():lattice-best-path.cc:99) For utterance MC02_128, best cost 13.1022 + 1411.33 = 1424.44 over 181 frames.
LOG (lattice-best-path[5.5.1074~1-71f3]:main():lattice-best-path.cc:99) For utterance MC02_129, best cost 12.6461 + 1231.72 = 1244.37 over 156 frames.
LOG (lattice-best-path[5.5.1074~1-71f3]:main():lattice-best-path.cc:99) For utterance MC02_13, best cost 25.1561 + 3529.71 = 3554.87 over 417 frames.
LOG (lattice-best-path[5.5.1074~1-71f3]:main():lattice-best-path.cc:99) For utterance MC02_131, best cost 13.4164 + 1463.45 = 1476.86 over 174 frames.
LOG (lattice-best-path[5.5.1074~1-71f3]:main():lattice-best-path.cc:99) For utterance MC02_138, best cost 12.4264 + 1387.59 = 1400.01 over 174 frames.
LOG (lattice-best-path[5.5.1074~1-71f3]:main():lattice-best-path.cc:99) For utterance MC02_144, best cost 13.4286 + 1320.92 = 1334.35 over 170 frames.
LOG (lattice-best-path[5.5.1074~1-71f3]:main():lattice-best-path.cc:99) For utterance MC02_148, best cost 13.2853 + 1524.18 = 1537.46 over 192 frames.
LOG (lattice-best-path[5.5.1074~1-71f3]:main():lattice-best-path.cc:99) For utterance MC02_151, best cost 26.9325 + 1525.34 = 1552.28 over 181 frames.
LOG (lattice-best-path[5.5.1074~1-71f3]:main():lattice-best-path.cc:99) For utterance MC02_152, best cost 14.3545 + 1640.17 = 1654.53 over 199 frames.
LOG (lattice-best-path[5.5.1074~1-71f3]:main():lattice-best-path.cc:99) For utterance MC02_160, best cost 27.0136 + 1244.12 = 1271.14 over 149 frames.
LOG (lattice-best-path[5.5.1074~1-71f3]:main():lattice-best-path.cc:99) For utterance MC02_171, best cost 13.1412 + 1329.9 = 1343.04 over 163 frames.
LOG (lattice-best-path[5.5.1074~1-71f3]:main():lattice-best-path.cc:99) For utterance MC02_175, best cost 14.3042 + 1273.02 = 1287.33 over 156 frames.
LOG (lattice-best-path[5.5.1074~1-71f3]:main():lattice-best-path.cc:99) For utterance MC02_178, best cost 13.3543 + 1489.19 = 1502.54 over 185 frames.
LOG (lattice-best-path[5.5.1074~1-71f3]:main():lattice-best-path.cc:99) For utterance MC02_18, best cost 22.5383 + 2698.18 = 2720.72 over 304 frames.
LOG (lattice-best-path[5.5.1074~1-71f3]:main():lattice-best-path.cc:99) For utterance MC02_184, best cost 12.3009 + 1312.65 = 1324.96 over 174 frames.
LOG (lattice-best-path[5.5.1074~1-71f3]:main():lattice-best-path.cc:99) For utterance MC02_185, best cost 12.1354 + 1124.48 = 1136.62 over 132 frames.
LOG (lattice-best-path[5.5.1074~1-71f3]:main():lattice-best-path.cc:99) For utterance MC02_187, best cost 13.1146 + 1460.69 = 1473.81 over 177 frames.
LOG (lattice-best-path[5.5.1074~1-71f3]:main():lattice-best-path.cc:99) For utterance MC02_190, best cost 13.4807 + 1299.84 = 1313.32 over 159 frames.
LOG (lattice-best-path[5.5.1074~1-71f3]:main():lattice-best-path.cc:99) For utterance MC02_193, best cost 11.7028 + 1152.26 = 1163.96 over 149 frames.
LOG (lattice-best-path[5.5.1074~1-71f3]:main():lattice-best-path.cc:99) For utterance MC02_195, best cost 12.5626 + 1376.95 = 1389.52 over 174 frames.
LOG (lattice-best-path[5.5.1074~1-71f3]:main():lattice-best-path.cc:99) For utterance MC02_2, best cost 17.7911 + 2511.43 = 2529.22 over 301 frames.
LOG (lattice-best-path[5.5.1074~1-71f3]:main():lattice-best-path.cc:99) For utterance MC02_202, best cost 13.9257 + 1518.3 = 1532.22 over 185 frames.
LOG (lattice-best-path[5.5.1074~1-71f3]:main():lattice-best-path.cc:99) For utterance MC02_207, best cost 12.8252 + 1168.11 = 1180.93 over 138 frames.
LOG (lattice-best-path[5.5.1074~1-71f3]:main():lattice-best-path.cc:99) For utterance MC02_209, best cost 13.5437 + 1484.31 = 1497.86 over 170 frames.
LOG (lattice-best-path[5.5.1074~1-71f3]:main():lattice-best-path.cc:99) For utterance MC02_212, best cost 17.6279 + 1834.1 = 1851.73 over 217 frames.
LOG (lattice-best-path[5.5.1074~1-71f3]:main():lattice-best-path.cc:99) For utterance MC02_233, best cost 20.901 + 2382.81 = 2403.72 over 269 frames.
LOG (lattice-best-path[5.5.1074~1-71f3]:main():lattice-best-path.cc:99) For utterance MC02_241, best cost 21.996 + 2718.75 = 2740.74 over 314 frames.
LOG (lattice-best-path[5.5.1074~1-71f3]:main():lattice-best-path.cc:99) For utterance MC02_245, best cost 22.8735 + 2546.62 = 2569.49 over 288 frames.
LOG (lattice-best-path[5.5.1074~1-71f3]:main():lattice-best-path.cc:99) For utterance MC02_249, best cost 23.5767 + 2632.5 = 2656.08 over 288 frames.
LOG (lattice-best-path[5.5.1074~1-71f3]:main():lattice-best-path.cc:99) For utterance MC02_25, best cost 23.6648 + 2757.85 = 2781.52 over 320 frames.
LOG (lattice-best-path[5.5.1074~1-71f3]:main():lattice-best-path.cc:99) For utterance MC02_250, best cost 25.5664 + 2983.82 = 3009.38 over 330 frames.
LOG (lattice-best-path[5.5.1074~1-71f3]:main():lattice-best-path.cc:99) For utterance MC02_258, best cost 16.2848 + 1863.46 = 1879.75 over 217 frames.
LOG (lattice-best-path[5.5.1074~1-71f3]:main():lattice-best-path.cc:99) For utterance MC02_277, best cost 25.9737 + 2871.67 = 2897.64 over 311 frames.
LOG (lattice-best-path[5.5.1074~1-71f3]:main():lattice-best-path.cc:99) For utterance MC02_28, best cost 21.9546 + 2579.57 = 2601.53 over 298 frames.
LOG (lattice-best-path[5.5.1074~1-71f3]:main():lattice-best-path.cc:99) For utterance MC02_285, best cost 22.1332 + 2611.41 = 2633.55 over 298 frames.
LOG (lattice-best-path[5.5.1074~1-71f3]:main():lattice-best-path.cc:99) For utterance MC02_289, best cost 23.4348 + 2780.36 = 2803.8 over 307 frames.
LOG (lattice-depth-per-frame[5.5.1074~1-71f3]:main():lattice-depth-per-frame.cc:82) Done 76 lattices.
LOG (lattice-best-path[5.5.1074~1-71f3]:main():lattice-best-path.cc:99) For utterance MC02_296, best cost 28.1999 + 3349.05 = 3377.25 over 368 frames.
LOG (lattice-best-path[5.5.1074~1-71f3]:main():lattice-best-path.cc:99) For utterance MC02_300, best cost 26.0563 + 3024.41 = 3050.47 over 338 frames.
LOG (lattice-best-path[5.5.1074~1-71f3]:main():lattice-best-path.cc:99) For utterance MC02_303, best cost 24.1327 + 2672.09 = 2696.23 over 300 frames.
LOG (lattice-best-path[5.5.1074~1-71f3]:main():lattice-best-path.cc:99) For utterance MC02_308, best cost 20.441 + 2637.29 = 2657.73 over 311 frames.
LOG (lattice-best-path[5.5.1074~1-71f3]:main():lattice-best-path.cc:99) For utterance MC02_312, best cost 29.6882 + 3375.31 = 3405 over 373 frames.
LOG (lattice-best-path[5.5.1074~1-71f3]:main():lattice-best-path.cc:99) For utterance MC02_314, best cost 22.4156 + 2664.3 = 2686.72 over 289 frames.
LOG (lattice-best-path[5.5.1074~1-71f3]:main():lattice-best-path.cc:99) For utterance MC02_318, best cost 22.2184 + 2612.06 = 2634.28 over 291 frames.
LOG (lattice-best-path[5.5.1074~1-71f3]:main():lattice-best-path.cc:99) For utterance MC02_320, best cost 20.8208 + 2397.77 = 2418.59 over 270 frames.
LOG (lattice-best-path[5.5.1074~1-71f3]:main():lattice-best-path.cc:99) For utterance MC02_330, best cost 25.3829 + 3516.83 = 3542.22 over 392 frames.
LOG (lattice-best-path[5.5.1074~1-71f3]:main():lattice-best-path.cc:99) For utterance MC02_333, best cost 23.8426 + 3088.65 = 3112.5 over 356 frames.
LOG (lattice-best-path[5.5.1074~1-71f3]:main():lattice-best-path.cc:99) For utterance MC02_334, best cost 23.5434 + 2741.85 = 2765.39 over 319 frames.
LOG (lattice-best-path[5.5.1074~1-71f3]:main():lattice-best-path.cc:99) For utterance MC02_335, best cost 20.7337 + 2573.37 = 2594.11 over 302 frames.
LOG (lattice-best-path[5.5.1074~1-71f3]:main():lattice-best-path.cc:99) For utterance MC02_337, best cost 22.8391 + 2697.9 = 2720.74 over 305 frames.
LOG (lattice-best-path[5.5.1074~1-71f3]:main():lattice-best-path.cc:99) For utterance MC02_343, best cost 26.0616 + 3052.32 = 3078.38 over 346 frames.
LOG (lattice-best-path[5.5.1074~1-71f3]:main():lattice-best-path.cc:99) For utterance MC02_345, best cost 25.0711 + 3026.39 = 3051.46 over 344 frames.
LOG (lattice-best-path[5.5.1074~1-71f3]:main():lattice-best-path.cc:99) For utterance MC02_348, best cost 22.2495 + 2649.8 = 2672.05 over 305 frames.
LOG (lattice-best-path[5.5.1074~1-71f3]:main():lattice-best-path.cc:99) For utterance MC02_352, best cost 22.8361 + 3396.83 = 3419.67 over 400 frames.
LOG (lattice-best-path[5.5.1074~1-71f3]:main():lattice-best-path.cc:99) For utterance MC02_357, best cost 20.2139 + 2272.26 = 2292.47 over 267 frames.
LOG (lattice-best-path[5.5.1074~1-71f3]:main():lattice-best-path.cc:99) For utterance MC02_359, best cost 23.865 + 2841.32 = 2865.18 over 321 frames.
LOG (lattice-best-path[5.5.1074~1-71f3]:main():lattice-best-path.cc:99) For utterance MC02_36, best cost 17.0449 + 1840.8 = 1857.85 over 216 frames.
LOG (lattice-best-path[5.5.1074~1-71f3]:main():lattice-best-path.cc:99) For utterance MC02_361, best cost 18.4083 + 2052.75 = 2071.16 over 236 frames.
LOG (lattice-best-path[5.5.1074~1-71f3]:main():lattice-best-path.cc:99) For utterance MC02_37, best cost 17.3393 + 1923.22 = 1940.56 over 228 frames.
LOG (lattice-best-path[5.5.1074~1-71f3]:main():lattice-best-path.cc:99) For utterance MC02_39, best cost 17.9593 + 2459.33 = 2477.29 over 297 frames.
LOG (lattice-best-path[5.5.1074~1-71f3]:main():lattice-best-path.cc:99) For utterance MC02_42, best cost 18.139 + 2199.04 = 2217.18 over 251 frames.
LOG (lattice-best-path[5.5.1074~1-71f3]:main():lattice-best-path.cc:99) For utterance MC02_47, best cost 16.7568 + 1918.08 = 1934.84 over 230 frames.
LOG (lattice-best-path[5.5.1074~1-71f3]:main():lattice-best-path.cc:99) For utterance MC02_50, best cost 18.0894 + 2143.29 = 2161.38 over 257 frames.
LOG (lattice-best-path[5.5.1074~1-71f3]:main():lattice-best-path.cc:99) For utterance MC02_53, best cost 24.8155 + 3220.54 = 3245.36 over 373 frames.
LOG (lattice-best-path[5.5.1074~1-71f3]:main():lattice-best-path.cc:99) For utterance MC02_55, best cost 24.9088 + 3218.25 = 3243.16 over 363 frames.
LOG (lattice-best-path[5.5.1074~1-71f3]:main():lattice-best-path.cc:99) For utterance MC02_65, best cost 17.7716 + 2464.67 = 2482.45 over 301 frames.
LOG (lattice-best-path[5.5.1074~1-71f3]:main():lattice-best-path.cc:99) For utterance MC02_73, best cost 31.658 + 3963.94 = 3995.59 over 438 frames.
LOG (lattice-best-path[5.5.1074~1-71f3]:main():lattice-best-path.cc:99) For utterance MC02_76, best cost 24.4757 + 3300.49 = 3324.96 over 372 frames.
LOG (lattice-best-path[5.5.1074~1-71f3]:main():lattice-best-path.cc:99) For utterance MC02_79, best cost 24.3557 + 3096.95 = 3121.3 over 356 frames.
LOG (lattice-best-path[5.5.1074~1-71f3]:main():lattice-best-path.cc:99) For utterance MC02_87, best cost 22.4051 + 3201.66 = 3224.07 over 360 frames.
LOG (lattice-best-path[5.5.1074~1-71f3]:main():lattice-best-path.cc:99) For utterance MC02_98, best cost 25.4717 + 3185.98 = 3211.45 over 349 frames.
LOG (lattice-best-path[5.5.1074~1-71f3]:main():lattice-best-path.cc:124) Overall cost per frame is 8.6888 = 0.0744892 [graph] + 8.61431 [acoustic] over 19996 frames.
LOG (lattice-best-path[5.5.1074~1-71f3]:main():lattice-best-path.cc:128) Done 76 lattices, failed for 0
# Accounting: time=1 threads=1
# Ended (code 0) at Thu Aug  3 11:46:00 IST 2023, elapsed time 1 seconds
