# lattice-depth-per-frame "ark:gunzip -c exp_FG/mono/decode/lat.1.gz|" "ark,t:|gzip -c > exp_FG/mono/decode/depth_tmp.1.gz" ark:- | lattice-best-path --acoustic-scale=0.1 ark:- ark:/dev/null "ark,t:|gzip -c >exp_FG/mono/decode/ali_tmp.1.gz" 
# Started at Thu Aug  3 11:45:59 IST 2023
#
lattice-depth-per-frame 'ark:gunzip -c exp_FG/mono/decode/lat.1.gz|' 'ark,t:|gzip -c > exp_FG/mono/decode/depth_tmp.1.gz' ark:- 
lattice-best-path --acoustic-scale=0.1 ark:- ark:/dev/null 'ark,t:|gzip -c >exp_FG/mono/decode/ali_tmp.1.gz' 
LOG (lattice-best-path[5.5.1074~1-71f3]:main():lattice-best-path.cc:99) For utterance FC01_10, best cost 18.1478 + 2350.46 = 2368.61 over 263 frames.
LOG (lattice-best-path[5.5.1074~1-71f3]:main():lattice-best-path.cc:99) For utterance FC01_112, best cost 13.0621 + 1411.18 = 1424.25 over 162 frames.
LOG (lattice-best-path[5.5.1074~1-71f3]:main():lattice-best-path.cc:99) For utterance FC01_119, best cost 12.9814 + 1292.65 = 1305.63 over 159 frames.
LOG (lattice-best-path[5.5.1074~1-71f3]:main():lattice-best-path.cc:99) For utterance FC01_120, best cost 12.7198 + 1369.29 = 1382.01 over 167 frames.
LOG (lattice-best-path[5.5.1074~1-71f3]:main():lattice-best-path.cc:99) For utterance FC01_121, best cost 13.8443 + 1354.46 = 1368.3 over 159 frames.
LOG (lattice-best-path[5.5.1074~1-71f3]:main():lattice-best-path.cc:99) For utterance FC01_123, best cost 13.8991 + 1354.46 = 1368.36 over 156 frames.
LOG (lattice-best-path[5.5.1074~1-71f3]:main():lattice-best-path.cc:99) For utterance FC01_13, best cost 25.2054 + 3752.57 = 3777.77 over 429 frames.
LOG (lattice-best-path[5.5.1074~1-71f3]:main():lattice-best-path.cc:99) For utterance FC01_131, best cost 13.9179 + 1417.72 = 1431.64 over 170 frames.
LOG (lattice-best-path[5.5.1074~1-71f3]:main():lattice-best-path.cc:99) For utterance FC01_133, best cost 14.4666 + 1689.88 = 1704.34 over 202 frames.
LOG (lattice-best-path[5.5.1074~1-71f3]:main():lattice-best-path.cc:99) For utterance FC01_140, best cost 15.31 + 1776.59 = 1791.9 over 209 frames.
LOG (lattice-best-path[5.5.1074~1-71f3]:main():lattice-best-path.cc:99) For utterance FC01_148, best cost 13.0769 + 1390.66 = 1403.73 over 162 frames.
LOG (lattice-best-path[5.5.1074~1-71f3]:main():lattice-best-path.cc:99) For utterance FC01_154, best cost 13.4214 + 1271.01 = 1284.43 over 149 frames.
LOG (lattice-best-path[5.5.1074~1-71f3]:main():lattice-best-path.cc:99) For utterance FC01_155, best cost 14.1335 + 1599.25 = 1613.39 over 191 frames.
LOG (lattice-best-path[5.5.1074~1-71f3]:main():lattice-best-path.cc:99) For utterance FC01_156, best cost 15.3005 + 1670.38 = 1685.68 over 194 frames.
LOG (lattice-best-path[5.5.1074~1-71f3]:main():lattice-best-path.cc:99) For utterance FC01_158, best cost 12.9262 + 1362.09 = 1375.02 over 170 frames.
LOG (lattice-best-path[5.5.1074~1-71f3]:main():lattice-best-path.cc:99) For utterance FC01_159, best cost 12.6016 + 1271.03 = 1283.63 over 156 frames.
LOG (lattice-best-path[5.5.1074~1-71f3]:main():lattice-best-path.cc:99) For utterance FC01_16, best cost 30.4338 + 4270.15 = 4300.58 over 468 frames.
LOG (lattice-best-path[5.5.1074~1-71f3]:main():lattice-best-path.cc:99) For utterance FC01_164, best cost 12.9995 + 1364.7 = 1377.7 over 165 frames.
LOG (lattice-best-path[5.5.1074~1-71f3]:main():lattice-best-path.cc:99) For utterance FC01_168, best cost 13.3843 + 1430.2 = 1443.59 over 170 frames.
LOG (lattice-best-path[5.5.1074~1-71f3]:main():lattice-best-path.cc:99) For utterance FC01_174, best cost 13.0692 + 1337.5 = 1350.57 over 157 frames.
LOG (lattice-best-path[5.5.1074~1-71f3]:main():lattice-best-path.cc:99) For utterance FC01_176, best cost 13.2504 + 1451.66 = 1464.91 over 180 frames.
LOG (lattice-best-path[5.5.1074~1-71f3]:main():lattice-best-path.cc:99) For utterance FC01_178, best cost 13.0984 + 1144.82 = 1157.92 over 129 frames.
LOG (lattice-best-path[5.5.1074~1-71f3]:main():lattice-best-path.cc:99) For utterance FC01_183, best cost 13.8335 + 1556.44 = 1570.28 over 180 frames.
LOG (lattice-best-path[5.5.1074~1-71f3]:main():lattice-best-path.cc:99) For utterance FC01_184, best cost 14.3147 + 1120.32 = 1134.64 over 128 frames.
LOG (lattice-best-path[5.5.1074~1-71f3]:main():lattice-best-path.cc:99) For utterance FC01_204, best cost 13.666 + 1246.16 = 1259.83 over 141 frames.
LOG (lattice-best-path[5.5.1074~1-71f3]:main():lattice-best-path.cc:99) For utterance FC01_205, best cost 15.6737 + 1611.92 = 1627.59 over 180 frames.
LOG (lattice-best-path[5.5.1074~1-71f3]:main():lattice-best-path.cc:99) For utterance FC01_214, best cost 23.383 + 3321.21 = 3344.6 over 373 frames.
LOG (lattice-best-path[5.5.1074~1-71f3]:main():lattice-best-path.cc:99) For utterance FC01_221, best cost 29.6865 + 4396.78 = 4426.47 over 490 frames.
LOG (lattice-best-path[5.5.1074~1-71f3]:main():lattice-best-path.cc:99) For utterance FC01_230, best cost 23.2014 + 3341.27 = 3364.47 over 379 frames.
LOG (lattice-best-path[5.5.1074~1-71f3]:main():lattice-best-path.cc:99) For utterance FC01_231, best cost 30.5353 + 4031.79 = 4062.32 over 450 frames.
LOG (lattice-best-path[5.5.1074~1-71f3]:main():lattice-best-path.cc:99) For utterance FC01_232, best cost 42.6801 + 2807.65 = 2850.33 over 316 frames.
LOG (lattice-best-path[5.5.1074~1-71f3]:main():lattice-best-path.cc:99) For utterance FC01_240, best cost 23.249 + 3365.19 = 3388.44 over 379 frames.
LOG (lattice-best-path[5.5.1074~1-71f3]:main():lattice-best-path.cc:99) For utterance FC01_243, best cost 25.0997 + 3688.48 = 3713.58 over 423 frames.
LOG (lattice-best-path[5.5.1074~1-71f3]:main():lattice-best-path.cc:99) For utterance FC01_244, best cost 30.307 + 4668.28 = 4698.59 over 524 frames.
LOG (lattice-best-path[5.5.1074~1-71f3]:main():lattice-best-path.cc:99) For utterance FC01_245, best cost 25.1388 + 3712.82 = 3737.96 over 431 frames.
LOG (lattice-best-path[5.5.1074~1-71f3]:main():lattice-best-path.cc:99) For utterance FC01_25, best cost 25.3155 + 3559.12 = 3584.43 over 395 frames.
LOG (lattice-best-path[5.5.1074~1-71f3]:main():lattice-best-path.cc:99) For utterance FC01_256, best cost 19.7733 + 2935.39 = 2955.16 over 329 frames.
LOG (lattice-best-path[5.5.1074~1-71f3]:main():lattice-best-path.cc:99) For utterance FC01_257, best cost 21.872 + 3030.08 = 3051.95 over 335 frames.
LOG (lattice-best-path[5.5.1074~1-71f3]:main():lattice-best-path.cc:99) For utterance FC01_26, best cost 19.0773 + 2397.22 = 2416.29 over 268 frames.
LOG (lattice-best-path[5.5.1074~1-71f3]:main():lattice-best-path.cc:99) For utterance FC01_260, best cost 22.4427 + 2523.65 = 2546.09 over 264 frames.
LOG (lattice-best-path[5.5.1074~1-71f3]:main():lattice-best-path.cc:99) For utterance FC01_262, best cost 22.091 + 3000.22 = 3022.31 over 333 frames.
LOG (lattice-best-path[5.5.1074~1-71f3]:main():lattice-best-path.cc:99) For utterance FC01_271, best cost 30.258 + 4416.7 = 4446.96 over 474 frames.
LOG (lattice-best-path[5.5.1074~1-71f3]:main():lattice-best-path.cc:99) For utterance FC01_278, best cost 24.6293 + 3545.9 = 3570.53 over 395 frames.
LOG (lattice-best-path[5.5.1074~1-71f3]:main():lattice-best-path.cc:99) For utterance FC01_280, best cost 26.0514 + 3580.35 = 3606.4 over 393 frames.
LOG (lattice-best-path[5.5.1074~1-71f3]:main():lattice-best-path.cc:99) For utterance FC01_287, best cost 25.592 + 3618.71 = 3644.3 over 405 frames.
LOG (lattice-best-path[5.5.1074~1-71f3]:main():lattice-best-path.cc:99) For utterance FC01_292, best cost 26.7072 + 3848.59 = 3875.3 over 427 frames.
LOG (lattice-best-path[5.5.1074~1-71f3]:main():lattice-best-path.cc:99) For utterance FC01_293, best cost 27.108 + 4009.26 = 4036.37 over 451 frames.
LOG (lattice-best-path[5.5.1074~1-71f3]:main():lattice-best-path.cc:99) For utterance FC01_301, best cost 30.0326 + 3950.08 = 3980.11 over 425 frames.
LOG (lattice-best-path[5.5.1074~1-71f3]:main():lattice-best-path.cc:99) For utterance FC01_303, best cost 30.6245 + 4508.11 = 4538.74 over 504 frames.
LOG (lattice-best-path[5.5.1074~1-71f3]:main():lattice-best-path.cc:99) For utterance FC01_306, best cost 31.9972 + 4704.38 = 4736.37 over 534 frames.
LOG (lattice-best-path[5.5.1074~1-71f3]:main():lattice-best-path.cc:99) For utterance FC01_309, best cost 26.6167 + 3906.73 = 3933.34 over 433 frames.
LOG (lattice-best-path[5.5.1074~1-71f3]:main():lattice-best-path.cc:99) For utterance FC01_310, best cost 28.6789 + 3864.32 = 3893 over 429 frames.
LOG (lattice-depth-per-frame[5.5.1074~1-71f3]:main():lattice-depth-per-frame.cc:82) Done 80 lattices.
LOG (lattice-best-path[5.5.1074~1-71f3]:main():lattice-best-path.cc:99) For utterance FC01_32, best cost 31.6202 + 4856.18 = 4887.8 over 553 frames.
LOG (lattice-best-path[5.5.1074~1-71f3]:main():lattice-best-path.cc:99) For utterance FC01_325, best cost 26.1041 + 3655.98 = 3682.09 over 419 frames.
LOG (lattice-best-path[5.5.1074~1-71f3]:main():lattice-best-path.cc:99) For utterance FC01_326, best cost 29.454 + 4483.86 = 4513.32 over 502 frames.
LOG (lattice-best-path[5.5.1074~1-71f3]:main():lattice-best-path.cc:99) For utterance FC01_327, best cost 29.5804 + 4236.83 = 4266.41 over 470 frames.
LOG (lattice-best-path[5.5.1074~1-71f3]:main():lattice-best-path.cc:99) For utterance FC01_334, best cost 28.014 + 3784.9 = 3812.91 over 409 frames.
LOG (lattice-best-path[5.5.1074~1-71f3]:main():lattice-best-path.cc:99) For utterance FC01_335, best cost 21.6839 + 2873.79 = 2895.47 over 331 frames.
LOG (lattice-best-path[5.5.1074~1-71f3]:main():lattice-best-path.cc:99) For utterance FC01_339, best cost 23.3404 + 3138.79 = 3162.13 over 347 frames.
LOG (lattice-best-path[5.5.1074~1-71f3]:main():lattice-best-path.cc:99) For utterance FC01_345, best cost 28.5504 + 3840.55 = 3869.1 over 417 frames.
LOG (lattice-best-path[5.5.1074~1-71f3]:main():lattice-best-path.cc:99) For utterance FC01_348, best cost 24.2391 + 3048.01 = 3072.25 over 333 frames.
LOG (lattice-best-path[5.5.1074~1-71f3]:main():lattice-best-path.cc:99) For utterance FC01_349, best cost 25.3903 + 3212.83 = 3238.22 over 349 frames.
LOG (lattice-best-path[5.5.1074~1-71f3]:main():lattice-best-path.cc:99) For utterance FC01_35, best cost 19.215 + 2541.14 = 2560.35 over 279 frames.
LOG (lattice-best-path[5.5.1074~1-71f3]:main():lattice-best-path.cc:99) For utterance FC01_355, best cost 26.5613 + 3879.8 = 3906.36 over 435 frames.
LOG (lattice-best-path[5.5.1074~1-71f3]:main():lattice-best-path.cc:99) For utterance FC01_362, best cost 29.5809 + 4338.62 = 4368.2 over 466 frames.
LOG (lattice-best-path[5.5.1074~1-71f3]:main():lattice-best-path.cc:99) For utterance FC01_46, best cost 17.4064 + 2274.05 = 2291.45 over 247 frames.
LOG (lattice-best-path[5.5.1074~1-71f3]:main():lattice-best-path.cc:99) For utterance FC01_5, best cost 19.4045 + 2813.83 = 2833.23 over 319 frames.
LOG (lattice-best-path[5.5.1074~1-71f3]:main():lattice-best-path.cc:99) For utterance FC01_50, best cost 19.8001 + 2434.72 = 2454.52 over 277 frames.
LOG (lattice-best-path[5.5.1074~1-71f3]:main():lattice-best-path.cc:99) For utterance FC01_59, best cost 17.6471 + 2608.43 = 2626.08 over 307 frames.
LOG (lattice-best-path[5.5.1074~1-71f3]:main():lattice-best-path.cc:99) For utterance FC01_61, best cost 20.2045 + 2836.67 = 2856.87 over 318 frames.
LOG (lattice-best-path[5.5.1074~1-71f3]:main():lattice-best-path.cc:99) For utterance FC01_63, best cost 30.382 + 4660.12 = 4690.5 over 515 frames.
LOG (lattice-best-path[5.5.1074~1-71f3]:main():lattice-best-path.cc:99) For utterance FC01_64, best cost 25.3159 + 3348.33 = 3373.65 over 361 frames.
LOG (lattice-best-path[5.5.1074~1-71f3]:main():lattice-best-path.cc:99) For utterance FC01_66, best cost 17.5273 + 2116.53 = 2134.05 over 240 frames.
LOG (lattice-best-path[5.5.1074~1-71f3]:main():lattice-best-path.cc:99) For utterance FC01_67, best cost 26.6943 + 4182.9 = 4209.6 over 485 frames.
LOG (lattice-best-path[5.5.1074~1-71f3]:main():lattice-best-path.cc:99) For utterance FC01_68, best cost 26.5835 + 4095.06 = 4121.64 over 468 frames.
LOG (lattice-best-path[5.5.1074~1-71f3]:main():lattice-best-path.cc:99) For utterance FC01_78, best cost 28.0672 + 3761.6 = 3789.67 over 403 frames.
LOG (lattice-best-path[5.5.1074~1-71f3]:main():lattice-best-path.cc:99) For utterance FC01_87, best cost 24.8028 + 3712.53 = 3737.33 over 424 frames.
LOG (lattice-best-path[5.5.1074~1-71f3]:main():lattice-best-path.cc:99) For utterance FC01_9, best cost 27.3691 + 3758.51 = 3785.88 over 412 frames.
LOG (lattice-best-path[5.5.1074~1-71f3]:main():lattice-best-path.cc:99) For utterance FC01_94, best cost 23.7353 + 3484.71 = 3508.44 over 389 frames.
LOG (lattice-best-path[5.5.1074~1-71f3]:main():lattice-best-path.cc:99) For utterance FC01_96, best cost 24.1978 + 4036.43 = 4060.63 over 463 frames.
LOG (lattice-best-path[5.5.1074~1-71f3]:main():lattice-best-path.cc:124) Overall cost per frame is 8.96044 = 0.0669369 [graph] + 8.8935 [acoustic] over 26493 frames.
LOG (lattice-best-path[5.5.1074~1-71f3]:main():lattice-best-path.cc:128) Done 80 lattices, failed for 0
# Accounting: time=1 threads=1
# Ended (code 0) at Thu Aug  3 11:46:00 IST 2023, elapsed time 1 seconds
