# lattice-depth-per-frame "ark:gunzip -c exp_FG/mono/decode/lat.3.gz|" "ark,t:|gzip -c > exp_FG/mono/decode/depth_tmp.3.gz" ark:- | lattice-best-path --acoustic-scale=0.1 ark:- ark:/dev/null "ark,t:|gzip -c >exp_FG/mono/decode/ali_tmp.3.gz" 
# Started at Thu Aug  3 11:45:59 IST 2023
#
lattice-best-path --acoustic-scale=0.1 ark:- ark:/dev/null 'ark,t:|gzip -c >exp_FG/mono/decode/ali_tmp.3.gz' 
lattice-depth-per-frame 'ark:gunzip -c exp_FG/mono/decode/lat.3.gz|' 'ark,t:|gzip -c > exp_FG/mono/decode/depth_tmp.3.gz' ark:- 
LOG (lattice-best-path[5.5.1074~1-71f3]:main():lattice-best-path.cc:99) For utterance FC03_1, best cost 18.9718 + 2683.26 = 2702.24 over 310 frames.
LOG (lattice-best-path[5.5.1074~1-71f3]:main():lattice-best-path.cc:99) For utterance FC03_11, best cost 18.9527 + 2097.49 = 2116.44 over 240 frames.
LOG (lattice-best-path[5.5.1074~1-71f3]:main():lattice-best-path.cc:99) For utterance FC03_12, best cost 22.5103 + 2825.92 = 2848.43 over 315 frames.
LOG (lattice-best-path[5.5.1074~1-71f3]:main():lattice-best-path.cc:99) For utterance FC03_125, best cost 13.9558 + 1351.49 = 1365.45 over 170 frames.
LOG (lattice-best-path[5.5.1074~1-71f3]:main():lattice-best-path.cc:99) For utterance FC03_130, best cost 13.2984 + 1092.28 = 1105.57 over 127 frames.
LOG (lattice-best-path[5.5.1074~1-71f3]:main():lattice-best-path.cc:99) For utterance FC03_137, best cost 13.8228 + 1324.64 = 1338.47 over 159 frames.
LOG (lattice-best-path[5.5.1074~1-71f3]:main():lattice-best-path.cc:99) For utterance FC03_139, best cost 15.1112 + 1423.59 = 1438.7 over 175 frames.
LOG (lattice-best-path[5.5.1074~1-71f3]:main():lattice-best-path.cc:99) For utterance FC03_14, best cost 24.7028 + 3308.3 = 3333.01 over 374 frames.
LOG (lattice-best-path[5.5.1074~1-71f3]:main():lattice-best-path.cc:99) For utterance FC03_146, best cost 13.7115 + 1306.99 = 1320.7 over 165 frames.
LOG (lattice-best-path[5.5.1074~1-71f3]:main():lattice-best-path.cc:99) For utterance FC03_148, best cost 13.7148 + 1442.77 = 1456.48 over 170 frames.
LOG (lattice-best-path[5.5.1074~1-71f3]:main():lattice-best-path.cc:99) For utterance FC03_150, best cost 13.6593 + 1332.97 = 1346.63 over 154 frames.
LOG (lattice-best-path[5.5.1074~1-71f3]:main():lattice-best-path.cc:99) For utterance FC03_167, best cost 13.4279 + 1313.76 = 1327.18 over 159 frames.
LOG (lattice-best-path[5.5.1074~1-71f3]:main():lattice-best-path.cc:99) For utterance FC03_171, best cost 17.3243 + 2547.62 = 2564.94 over 342 frames.
LOG (lattice-best-path[5.5.1074~1-71f3]:main():lattice-best-path.cc:99) For utterance FC03_174, best cost 14.0633 + 1341.02 = 1355.08 over 164 frames.
LOG (lattice-best-path[5.5.1074~1-71f3]:main():lattice-best-path.cc:99) For utterance FC03_175, best cost 14.7683 + 1178.68 = 1193.45 over 143 frames.
LOG (lattice-best-path[5.5.1074~1-71f3]:main():lattice-best-path.cc:99) For utterance FC03_177, best cost 14.1748 + 1467.88 = 1482.05 over 186 frames.
LOG (lattice-best-path[5.5.1074~1-71f3]:main():lattice-best-path.cc:99) For utterance FC03_183, best cost 15.3053 + 1628.4 = 1643.71 over 208 frames.
LOG (lattice-best-path[5.5.1074~1-71f3]:main():lattice-best-path.cc:99) For utterance FC03_19, best cost 25.5795 + 3261.2 = 3286.78 over 369 frames.
LOG (lattice-best-path[5.5.1074~1-71f3]:main():lattice-best-path.cc:99) For utterance FC03_191, best cost 13.8304 + 1410.71 = 1424.54 over 170 frames.
LOG (lattice-best-path[5.5.1074~1-71f3]:main():lattice-best-path.cc:99) For utterance FC03_198, best cost 14.9577 + 1436.44 = 1451.39 over 170 frames.
LOG (lattice-best-path[5.5.1074~1-71f3]:main():lattice-best-path.cc:99) For utterance FC03_20, best cost 26.133 + 3528.64 = 3554.77 over 417 frames.
LOG (lattice-best-path[5.5.1074~1-71f3]:main():lattice-best-path.cc:99) For utterance FC03_21, best cost 21.8471 + 2641.24 = 2663.08 over 320 frames.
LOG (lattice-best-path[5.5.1074~1-71f3]:main():lattice-best-path.cc:99) For utterance FC03_212, best cost 19.113 + 1938.5 = 1957.61 over 234 frames.
LOG (lattice-best-path[5.5.1074~1-71f3]:main():lattice-best-path.cc:99) For utterance FC03_217, best cost 24.8247 + 2501.44 = 2526.26 over 283 frames.
LOG (lattice-best-path[5.5.1074~1-71f3]:main():lattice-best-path.cc:99) For utterance FC03_223, best cost 28.69 + 3853.14 = 3881.83 over 424 frames.
LOG (lattice-best-path[5.5.1074~1-71f3]:main():lattice-best-path.cc:99) For utterance FC03_225, best cost 24.3326 + 3171.58 = 3195.91 over 365 frames.
LOG (lattice-best-path[5.5.1074~1-71f3]:main():lattice-best-path.cc:99) For utterance FC03_230, best cost 24.2218 + 3162.65 = 3186.87 over 365 frames.
LOG (lattice-best-path[5.5.1074~1-71f3]:main():lattice-best-path.cc:99) For utterance FC03_231, best cost 31.5205 + 3889.85 = 3921.37 over 436 frames.
LOG (lattice-best-path[5.5.1074~1-71f3]:main():lattice-best-path.cc:99) For utterance FC03_233, best cost 24.5567 + 3093.36 = 3117.92 over 361 frames.
LOG (lattice-best-path[5.5.1074~1-71f3]:main():lattice-best-path.cc:99) For utterance FC03_238, best cost 18.6447 + 2206.47 = 2225.11 over 258 frames.
LOG (lattice-best-path[5.5.1074~1-71f3]:main():lattice-best-path.cc:99) For utterance FC03_247, best cost 20.3803 + 2529.96 = 2550.34 over 298 frames.
LOG (lattice-best-path[5.5.1074~1-71f3]:main():lattice-best-path.cc:99) For utterance FC03_259, best cost 19.4242 + 2451.24 = 2470.66 over 274 frames.
LOG (lattice-best-path[5.5.1074~1-71f3]:main():lattice-best-path.cc:99) For utterance FC03_263, best cost 21.9057 + 2734.92 = 2756.83 over 298 frames.
LOG (lattice-best-path[5.5.1074~1-71f3]:main():lattice-best-path.cc:99) For utterance FC03_266, best cost 22.1049 + 2649.46 = 2671.57 over 294 frames.
LOG (lattice-best-path[5.5.1074~1-71f3]:main():lattice-best-path.cc:99) For utterance FC03_269, best cost 21.3204 + 2542.12 = 2563.44 over 286 frames.
LOG (lattice-best-path[5.5.1074~1-71f3]:main():lattice-best-path.cc:99) For utterance FC03_27, best cost 23.8875 + 2789.18 = 2813.07 over 331 frames.
LOG (lattice-best-path[5.5.1074~1-71f3]:main():lattice-best-path.cc:99) For utterance FC03_270, best cost 23.991 + 3236.14 = 3260.13 over 373 frames.
LOG (lattice-best-path[5.5.1074~1-71f3]:main():lattice-best-path.cc:99) For utterance FC03_276, best cost 26.041 + 3190.29 = 3216.33 over 357 frames.
LOG (lattice-best-path[5.5.1074~1-71f3]:main():lattice-best-path.cc:99) For utterance FC03_279, best cost 20.8441 + 2436.14 = 2456.98 over 270 frames.
LOG (lattice-best-path[5.5.1074~1-71f3]:main():lattice-best-path.cc:99) For utterance FC03_282, best cost 23.0398 + 2849.94 = 2872.98 over 325 frames.
LOG (lattice-best-path[5.5.1074~1-71f3]:main():lattice-best-path.cc:99) For utterance FC03_283, best cost 25.1747 + 3144.31 = 3169.49 over 349 frames.
LOG (lattice-best-path[5.5.1074~1-71f3]:main():lattice-best-path.cc:99) For utterance FC03_285, best cost 26.0555 + 3425.23 = 3451.28 over 382 frames.
LOG (lattice-best-path[5.5.1074~1-71f3]:main():lattice-best-path.cc:99) For utterance FC03_289, best cost 27.4907 + 3636.43 = 3663.92 over 408 frames.
LOG (lattice-best-path[5.5.1074~1-71f3]:main():lattice-best-path.cc:99) For utterance FC03_29, best cost 23.9733 + 2939.98 = 2963.95 over 336 frames.
LOG (lattice-depth-per-frame[5.5.1074~1-71f3]:main():lattice-depth-per-frame.cc:82) Done 76 lattices.
LOG (lattice-best-path[5.5.1074~1-71f3]:main():lattice-best-path.cc:99) For utterance FC03_290, best cost 28.562 + 4225.29 = 4253.85 over 487 frames.
LOG (lattice-best-path[5.5.1074~1-71f3]:main():lattice-best-path.cc:99) For utterance FC03_291, best cost 34.8847 + 4989.38 = 5024.26 over 574 frames.
LOG (lattice-best-path[5.5.1074~1-71f3]:main():lattice-best-path.cc:99) For utterance FC03_296, best cost 35.4269 + 4977.33 = 5012.76 over 558 frames.
LOG (lattice-best-path[5.5.1074~1-71f3]:main():lattice-best-path.cc:99) For utterance FC03_30, best cost 24.2628 + 2961.39 = 2985.65 over 326 frames.
LOG (lattice-best-path[5.5.1074~1-71f3]:main():lattice-best-path.cc:99) For utterance FC03_300, best cost 31.7674 + 4421.41 = 4453.17 over 487 frames.
LOG (lattice-best-path[5.5.1074~1-71f3]:main():lattice-best-path.cc:99) For utterance FC03_307, best cost 26.3098 + 3264.74 = 3291.05 over 361 frames.
LOG (lattice-best-path[5.5.1074~1-71f3]:main():lattice-best-path.cc:99) For utterance FC03_310, best cost 26.3868 + 3010.91 = 3037.29 over 329 frames.
LOG (lattice-best-path[5.5.1074~1-71f3]:main():lattice-best-path.cc:99) For utterance FC03_316, best cost 27.0897 + 3121.56 = 3148.65 over 330 frames.
LOG (lattice-best-path[5.5.1074~1-71f3]:main():lattice-best-path.cc:99) For utterance FC03_317, best cost 25.8629 + 3253.72 = 3279.58 over 373 frames.
LOG (lattice-best-path[5.5.1074~1-71f3]:main():lattice-best-path.cc:99) For utterance FC03_319, best cost 24.6562 + 3060.53 = 3085.19 over 341 frames.
LOG (lattice-best-path[5.5.1074~1-71f3]:main():lattice-best-path.cc:99) For utterance FC03_320, best cost 22.8168 + 2645.34 = 2668.16 over 294 frames.
LOG (lattice-best-path[5.5.1074~1-71f3]:main():lattice-best-path.cc:99) For utterance FC03_335, best cost 22.7561 + 2704 = 2726.76 over 310 frames.
LOG (lattice-best-path[5.5.1074~1-71f3]:main():lattice-best-path.cc:99) For utterance FC03_336, best cost 24.3513 + 3012.1 = 3036.45 over 333 frames.
LOG (lattice-best-path[5.5.1074~1-71f3]:main():lattice-best-path.cc:99) For utterance FC03_338, best cost 23.3882 + 2630.01 = 2653.4 over 282 frames.
LOG (lattice-best-path[5.5.1074~1-71f3]:main():lattice-best-path.cc:99) For utterance FC03_34, best cost 19.8478 + 2204.44 = 2224.29 over 251 frames.
LOG (lattice-best-path[5.5.1074~1-71f3]:main():lattice-best-path.cc:99) For utterance FC03_342, best cost 24.2448 + 2950.19 = 2974.43 over 318 frames.
LOG (lattice-best-path[5.5.1074~1-71f3]:main():lattice-best-path.cc:99) For utterance FC03_35, best cost 19.8671 + 2461.56 = 2481.43 over 294 frames.
LOG (lattice-best-path[5.5.1074~1-71f3]:main():lattice-best-path.cc:99) For utterance FC03_350, best cost 28.8408 + 3333.37 = 3362.21 over 353 frames.
LOG (lattice-best-path[5.5.1074~1-71f3]:main():lattice-best-path.cc:99) For utterance FC03_353, best cost 24.2266 + 2694.47 = 2718.7 over 306 frames.
LOG (lattice-best-path[5.5.1074~1-71f3]:main():lattice-best-path.cc:99) For utterance FC03_354, best cost 33.4484 + 4514.41 = 4547.86 over 499 frames.
LOG (lattice-best-path[5.5.1074~1-71f3]:main():lattice-best-path.cc:99) For utterance FC03_355, best cost 26.4052 + 3361.94 = 3388.35 over 385 frames.
LOG (lattice-best-path[5.5.1074~1-71f3]:main():lattice-best-path.cc:99) For utterance FC03_41, best cost 27.2832 + 3571.2 = 3598.48 over 390 frames.
LOG (lattice-best-path[5.5.1074~1-71f3]:main():lattice-best-path.cc:99) For utterance FC03_46, best cost 17.3968 + 1878.69 = 1896.08 over 213 frames.
LOG (lattice-best-path[5.5.1074~1-71f3]:main():lattice-best-path.cc:99) For utterance FC03_5, best cost 20.1025 + 2506.23 = 2526.33 over 283 frames.
LOG (lattice-best-path[5.5.1074~1-71f3]:main():lattice-best-path.cc:99) For utterance FC03_50, best cost 21.0244 + 2483.4 = 2504.43 over 288 frames.
LOG (lattice-best-path[5.5.1074~1-71f3]:main():lattice-best-path.cc:99) For utterance FC03_66, best cost 17.4763 + 1895.61 = 1913.09 over 218 frames.
LOG (lattice-best-path[5.5.1074~1-71f3]:main():lattice-best-path.cc:99) For utterance FC03_73, best cost 36.7676 + 4574.45 = 4611.22 over 476 frames.
LOG (lattice-best-path[5.5.1074~1-71f3]:main():lattice-best-path.cc:99) For utterance FC03_74, best cost 29.7912 + 4104.53 = 4134.32 over 465 frames.
LOG (lattice-best-path[5.5.1074~1-71f3]:main():lattice-best-path.cc:99) For utterance FC03_80, best cost 22.5856 + 2904.81 = 2927.39 over 320 frames.
LOG (lattice-best-path[5.5.1074~1-71f3]:main():lattice-best-path.cc:99) For utterance FC03_85, best cost 23.9249 + 2946.77 = 2970.7 over 326 frames.
LOG (lattice-best-path[5.5.1074~1-71f3]:main():lattice-best-path.cc:99) For utterance FC03_94, best cost 23.8813 + 2771.93 = 2795.81 over 304 frames.
LOG (lattice-best-path[5.5.1074~1-71f3]:main():lattice-best-path.cc:99) For utterance FC03_98, best cost 29.3495 + 3629.21 = 3658.56 over 390 frames.
LOG (lattice-best-path[5.5.1074~1-71f3]:main():lattice-best-path.cc:124) Overall cost per frame is 8.87808 = 0.0723503 [graph] + 8.80573 [acoustic] over 23778 frames.
LOG (lattice-best-path[5.5.1074~1-71f3]:main():lattice-best-path.cc:128) Done 76 lattices, failed for 0
# Accounting: time=1 threads=1
# Ended (code 0) at Thu Aug  3 11:46:00 IST 2023, elapsed time 1 seconds
