# lattice-depth-per-frame "ark:gunzip -c exp_FG/mono/decode/lat.9.gz|" "ark,t:|gzip -c > exp_FG/mono/decode/depth_tmp.9.gz" ark:- | lattice-best-path --acoustic-scale=0.1 ark:- ark:/dev/null "ark,t:|gzip -c >exp_FG/mono/decode/ali_tmp.9.gz" 
# Started at Thu Aug  3 11:45:59 IST 2023
#
lattice-depth-per-frame 'ark:gunzip -c exp_FG/mono/decode/lat.9.gz|' 'ark,t:|gzip -c > exp_FG/mono/decode/depth_tmp.9.gz' ark:- 
lattice-best-path --acoustic-scale=0.1 ark:- ark:/dev/null 'ark,t:|gzip -c >exp_FG/mono/decode/ali_tmp.9.gz' 
LOG (lattice-best-path[5.5.1074~1-71f3]:main():lattice-best-path.cc:99) For utterance MC04_103, best cost 28.6889 + 3939.36 = 3968.05 over 465 frames.
LOG (lattice-best-path[5.5.1074~1-71f3]:main():lattice-best-path.cc:99) For utterance MC04_107, best cost 15.9342 + 1602.65 = 1618.58 over 188 frames.
LOG (lattice-best-path[5.5.1074~1-71f3]:main():lattice-best-path.cc:99) For utterance MC04_110, best cost 14.8884 + 1647.27 = 1662.16 over 201 frames.
LOG (lattice-best-path[5.5.1074~1-71f3]:main():lattice-best-path.cc:99) For utterance MC04_124, best cost 12.6141 + 1485.39 = 1498.01 over 188 frames.
LOG (lattice-best-path[5.5.1074~1-71f3]:main():lattice-best-path.cc:99) For utterance MC04_127, best cost 13.7467 + 1732.23 = 1745.97 over 220 frames.
LOG (lattice-best-path[5.5.1074~1-71f3]:main():lattice-best-path.cc:99) For utterance MC04_13, best cost 22.0809 + 2342.69 = 2364.77 over 269 frames.
LOG (lattice-best-path[5.5.1074~1-71f3]:main():lattice-best-path.cc:99) For utterance MC04_135, best cost 12.9152 + 1117.01 = 1129.92 over 140 frames.
LOG (lattice-best-path[5.5.1074~1-71f3]:main():lattice-best-path.cc:99) For utterance MC04_139, best cost 13.5816 + 1238.06 = 1251.64 over 150 frames.
LOG (lattice-best-path[5.5.1074~1-71f3]:main():lattice-best-path.cc:99) For utterance MC04_141, best cost 11.3876 + 1047.35 = 1058.73 over 137 frames.
LOG (lattice-best-path[5.5.1074~1-71f3]:main():lattice-best-path.cc:99) For utterance MC04_146, best cost 12.2466 + 1038.03 = 1050.27 over 114 frames.
LOG (lattice-best-path[5.5.1074~1-71f3]:main():lattice-best-path.cc:99) For utterance MC04_147, best cost 15.6015 + 1533.75 = 1549.35 over 185 frames.
LOG (lattice-best-path[5.5.1074~1-71f3]:main():lattice-best-path.cc:99) For utterance MC04_148, best cost 12.6677 + 1121.62 = 1134.29 over 130 frames.
LOG (lattice-best-path[5.5.1074~1-71f3]:main():lattice-best-path.cc:99) For utterance MC04_151, best cost 13.4295 + 1204.83 = 1218.26 over 146 frames.
LOG (lattice-best-path[5.5.1074~1-71f3]:main():lattice-best-path.cc:99) For utterance MC04_158, best cost 12.0395 + 1013.77 = 1025.81 over 124 frames.
LOG (lattice-best-path[5.5.1074~1-71f3]:main():lattice-best-path.cc:99) For utterance MC04_162, best cost 12.8843 + 1273.67 = 1286.55 over 150 frames.
LOG (lattice-best-path[5.5.1074~1-71f3]:main():lattice-best-path.cc:99) For utterance MC04_168, best cost 13.2591 + 1376.63 = 1389.89 over 166 frames.
LOG (lattice-best-path[5.5.1074~1-71f3]:main():lattice-best-path.cc:99) For utterance MC04_174, best cost 13.0927 + 1112.11 = 1125.2 over 137 frames.
LOG (lattice-best-path[5.5.1074~1-71f3]:main():lattice-best-path.cc:99) For utterance MC04_175, best cost 14.04 + 1240.62 = 1254.66 over 146 frames.
LOG (lattice-best-path[5.5.1074~1-71f3]:main():lattice-best-path.cc:99) For utterance MC04_184, best cost 15.7597 + 1193.52 = 1209.28 over 153 frames.
LOG (lattice-best-path[5.5.1074~1-71f3]:main():lattice-best-path.cc:99) For utterance MC04_187, best cost 12.7397 + 1313.47 = 1326.21 over 162 frames.
LOG (lattice-best-path[5.5.1074~1-71f3]:main():lattice-best-path.cc:99) For utterance MC04_189, best cost 13.9042 + 1390.71 = 1404.61 over 172 frames.
LOG (lattice-best-path[5.5.1074~1-71f3]:main():lattice-best-path.cc:99) For utterance MC04_198, best cost 14.2189 + 1383.69 = 1397.91 over 169 frames.
LOG (lattice-best-path[5.5.1074~1-71f3]:main():lattice-best-path.cc:99) For utterance MC04_2, best cost 17.2452 + 2063.29 = 2080.53 over 243 frames.
LOG (lattice-best-path[5.5.1074~1-71f3]:main():lattice-best-path.cc:99) For utterance MC04_21, best cost 18.8496 + 2191.38 = 2210.23 over 253 frames.
LOG (lattice-best-path[5.5.1074~1-71f3]:main():lattice-best-path.cc:99) For utterance MC04_219, best cost 25.4522 + 3219.25 = 3244.7 over 366 frames.
LOG (lattice-best-path[5.5.1074~1-71f3]:main():lattice-best-path.cc:99) For utterance MC04_222, best cost 22.4932 + 2829.86 = 2852.35 over 325 frames.
LOG (lattice-best-path[5.5.1074~1-71f3]:main():lattice-best-path.cc:99) For utterance MC04_223, best cost 25.7289 + 3537.06 = 3562.79 over 398 frames.
LOG (lattice-best-path[5.5.1074~1-71f3]:main():lattice-best-path.cc:99) For utterance MC04_23, best cost 23.9645 + 2700.82 = 2724.78 over 301 frames.
LOG (lattice-best-path[5.5.1074~1-71f3]:main():lattice-best-path.cc:99) For utterance MC04_231, best cost 28.5007 + 3391.34 = 3419.84 over 382 frames.
LOG (lattice-best-path[5.5.1074~1-71f3]:main():lattice-best-path.cc:99) For utterance MC04_239, best cost 20.0597 + 2324.57 = 2344.63 over 261 frames.
LOG (lattice-best-path[5.5.1074~1-71f3]:main():lattice-best-path.cc:99) For utterance MC04_243, best cost 24.1691 + 3087.89 = 3112.06 over 358 frames.
LOG (lattice-best-path[5.5.1074~1-71f3]:main():lattice-best-path.cc:99) For utterance MC04_249, best cost 23.4465 + 2427.91 = 2451.35 over 269 frames.
LOG (lattice-depth-per-frame[5.5.1074~1-71f3]:main():lattice-depth-per-frame.cc:82) Done 66 lattices.
LOG (lattice-best-path[5.5.1074~1-71f3]:main():lattice-best-path.cc:99) For utterance MC04_25, best cost 23.5451 + 2644.82 = 2668.37 over 301 frames.
LOG (lattice-best-path[5.5.1074~1-71f3]:main():lattice-best-path.cc:99) For utterance MC04_257, best cost 18.3649 + 1924.45 = 1942.81 over 224 frames.
LOG (lattice-best-path[5.5.1074~1-71f3]:main():lattice-best-path.cc:99) For utterance MC04_268, best cost 27.7124 + 3100.22 = 3127.93 over 344 frames.
LOG (lattice-best-path[5.5.1074~1-71f3]:main():lattice-best-path.cc:99) For utterance MC04_27, best cost 21.2673 + 2381.48 = 2402.74 over 278 frames.
LOG (lattice-best-path[5.5.1074~1-71f3]:main():lattice-best-path.cc:99) For utterance MC04_287, best cost 22.1248 + 2382.18 = 2404.31 over 260 frames.
LOG (lattice-best-path[5.5.1074~1-71f3]:main():lattice-best-path.cc:99) For utterance MC04_291, best cost 27.0175 + 3039.47 = 3066.49 over 334 frames.
LOG (lattice-best-path[5.5.1074~1-71f3]:main():lattice-best-path.cc:99) For utterance MC04_294, best cost 21.2155 + 2403.1 = 2424.32 over 275 frames.
LOG (lattice-best-path[5.5.1074~1-71f3]:main():lattice-best-path.cc:99) For utterance MC04_297, best cost 24.3927 + 2640.28 = 2664.67 over 294 frames.
LOG (lattice-best-path[5.5.1074~1-71f3]:main():lattice-best-path.cc:99) For utterance MC04_301, best cost 26.3034 + 2915.83 = 2942.14 over 326 frames.
LOG (lattice-best-path[5.5.1074~1-71f3]:main():lattice-best-path.cc:99) For utterance MC04_307, best cost 23.9778 + 2386.56 = 2410.54 over 261 frames.
LOG (lattice-best-path[5.5.1074~1-71f3]:main():lattice-best-path.cc:99) For utterance MC04_308, best cost 19.7343 + 2019.48 = 2039.21 over 224 frames.
LOG (lattice-best-path[5.5.1074~1-71f3]:main():lattice-best-path.cc:99) For utterance MC04_315, best cost 22.4044 + 2127.57 = 2149.97 over 224 frames.
LOG (lattice-best-path[5.5.1074~1-71f3]:main():lattice-best-path.cc:99) For utterance MC04_318, best cost 21.6391 + 2117.12 = 2138.76 over 229 frames.
LOG (lattice-best-path[5.5.1074~1-71f3]:main():lattice-best-path.cc:99) For utterance MC04_322, best cost 22.0094 + 2819.95 = 2841.96 over 310 frames.
LOG (lattice-best-path[5.5.1074~1-71f3]:main():lattice-best-path.cc:99) For utterance MC04_324, best cost 28.8668 + 3342.6 = 3371.46 over 374 frames.
LOG (lattice-best-path[5.5.1074~1-71f3]:main():lattice-best-path.cc:99) For utterance MC04_333, best cost 24.0129 + 2684.12 = 2708.14 over 294 frames.
LOG (lattice-best-path[5.5.1074~1-71f3]:main():lattice-best-path.cc:99) For utterance MC04_334, best cost 24.2025 + 2590.78 = 2614.99 over 283 frames.
LOG (lattice-best-path[5.5.1074~1-71f3]:main():lattice-best-path.cc:99) For utterance MC04_336, best cost 22.6714 + 2525.88 = 2548.55 over 283 frames.
LOG (lattice-best-path[5.5.1074~1-71f3]:main():lattice-best-path.cc:99) For utterance MC04_338, best cost 23.3061 + 3009.39 = 3032.7 over 337 frames.
LOG (lattice-best-path[5.5.1074~1-71f3]:main():lattice-best-path.cc:99) For utterance MC04_344, best cost 19.7637 + 2207.09 = 2226.85 over 251 frames.
LOG (lattice-best-path[5.5.1074~1-71f3]:main():lattice-best-path.cc:99) For utterance MC04_346, best cost 22.6742 + 2439.47 = 2462.14 over 272 frames.
LOG (lattice-best-path[5.5.1074~1-71f3]:main():lattice-best-path.cc:99) For utterance MC04_35, best cost 45.1122 + 2591.75 = 2636.86 over 298 frames.
LOG (lattice-best-path[5.5.1074~1-71f3]:main():lattice-best-path.cc:99) For utterance MC04_351, best cost 23.5632 + 2486.26 = 2509.82 over 267 frames.
LOG (lattice-best-path[5.5.1074~1-71f3]:main():lattice-best-path.cc:99) For utterance MC04_46, best cost 16.5503 + 1485.85 = 1502.4 over 169 frames.
LOG (lattice-best-path[5.5.1074~1-71f3]:main():lattice-best-path.cc:99) For utterance MC04_47, best cost 17.138 + 2087.25 = 2104.38 over 240 frames.
LOG (lattice-best-path[5.5.1074~1-71f3]:main():lattice-best-path.cc:99) For utterance MC04_50, best cost 18.7957 + 1917.48 = 1936.27 over 220 frames.
LOG (lattice-best-path[5.5.1074~1-71f3]:main():lattice-best-path.cc:99) For utterance MC04_54, best cost 40.4936 + 2035.73 = 2076.23 over 230 frames.
LOG (lattice-best-path[5.5.1074~1-71f3]:main():lattice-best-path.cc:99) For utterance MC04_6, best cost 34.2231 + 2167.52 = 2201.74 over 249 frames.
LOG (lattice-best-path[5.5.1074~1-71f3]:main():lattice-best-path.cc:99) For utterance MC04_69, best cost 17.2109 + 1717.73 = 1734.94 over 195 frames.
LOG (lattice-best-path[5.5.1074~1-71f3]:main():lattice-best-path.cc:99) For utterance MC04_75, best cost 27.3144 + 3143.05 = 3170.36 over 349 frames.
LOG (lattice-best-path[5.5.1074~1-71f3]:main():lattice-best-path.cc:99) For utterance MC04_76, best cost 23.0776 + 2539.67 = 2562.75 over 285 frames.
LOG (lattice-best-path[5.5.1074~1-71f3]:main():lattice-best-path.cc:99) For utterance MC04_81, best cost 19.6864 + 2102.28 = 2121.96 over 236 frames.
LOG (lattice-best-path[5.5.1074~1-71f3]:main():lattice-best-path.cc:99) For utterance MC04_89, best cost 26.4103 + 3124.29 = 3150.7 over 349 frames.
LOG (lattice-best-path[5.5.1074~1-71f3]:main():lattice-best-path.cc:99) For utterance MC04_98, best cost 25.7357 + 3221.38 = 3247.11 over 362 frames.
LOG (lattice-best-path[5.5.1074~1-71f3]:main():lattice-best-path.cc:124) Overall cost per frame is 8.84013 = 0.083307 [graph] + 8.75683 [acoustic] over 16495 frames.
LOG (lattice-best-path[5.5.1074~1-71f3]:main():lattice-best-path.cc:128) Done 66 lattices, failed for 0
# Accounting: time=0 threads=1
# Ended (code 0) at Thu Aug  3 11:46:00 IST 2023, elapsed time 0 seconds
