# lattice-depth-per-frame "ark:gunzip -c exp_FG/mono/decode/lat.6.gz|" "ark,t:|gzip -c > exp_FG/mono/decode/depth_tmp.6.gz" ark:- | lattice-best-path --acoustic-scale=0.1 ark:- ark:/dev/null "ark,t:|gzip -c >exp_FG/mono/decode/ali_tmp.6.gz" 
# Started at Thu Aug  3 11:45:59 IST 2023
#
lattice-depth-per-frame 'ark:gunzip -c exp_FG/mono/decode/lat.6.gz|' 'ark,t:|gzip -c > exp_FG/mono/decode/depth_tmp.6.gz' ark:- 
lattice-best-path --acoustic-scale=0.1 ark:- ark:/dev/null 'ark,t:|gzip -c >exp_FG/mono/decode/ali_tmp.6.gz' 
LOG (lattice-best-path[5.5.1074~1-71f3]:main():lattice-best-path.cc:99) For utterance MC01_104, best cost 17.7807 + 2489.76 = 2507.54 over 300 frames.
LOG (lattice-best-path[5.5.1074~1-71f3]:main():lattice-best-path.cc:99) For utterance MC01_106, best cost 16.6976 + 2462.82 = 2479.52 over 294 frames.
LOG (lattice-best-path[5.5.1074~1-71f3]:main():lattice-best-path.cc:99) For utterance MC01_107, best cost 14.2707 + 1914.78 = 1929.05 over 226 frames.
LOG (lattice-best-path[5.5.1074~1-71f3]:main():lattice-best-path.cc:99) For utterance MC01_113, best cost 12.2727 + 1355.58 = 1367.85 over 162 frames.
LOG (lattice-best-path[5.5.1074~1-71f3]:main():lattice-best-path.cc:99) For utterance MC01_119, best cost 12.4824 + 861.361 = 873.844 over 106 frames.
LOG (lattice-best-path[5.5.1074~1-71f3]:main():lattice-best-path.cc:99) For utterance MC01_123, best cost 12.8657 + 1061.67 = 1074.54 over 123 frames.
LOG (lattice-best-path[5.5.1074~1-71f3]:main():lattice-best-path.cc:99) For utterance MC01_126, best cost 11.6071 + 1318.51 = 1330.11 over 162 frames.
LOG (lattice-best-path[5.5.1074~1-71f3]:main():lattice-best-path.cc:99) For utterance MC01_127, best cost 12.4365 + 1745.78 = 1758.22 over 219 frames.
LOG (lattice-best-path[5.5.1074~1-71f3]:main():lattice-best-path.cc:99) For utterance MC01_130, best cost 12.3558 + 1240.12 = 1252.48 over 147 frames.
LOG (lattice-best-path[5.5.1074~1-71f3]:main():lattice-best-path.cc:99) For utterance MC01_140, best cost 13.8217 + 1642.39 = 1656.22 over 198 frames.
LOG (lattice-best-path[5.5.1074~1-71f3]:main():lattice-best-path.cc:99) For utterance MC01_157, best cost 15.3052 + 2124.08 = 2139.39 over 258 frames.
LOG (lattice-best-path[5.5.1074~1-71f3]:main():lattice-best-path.cc:99) For utterance MC01_158, best cost 12.1516 + 1250.66 = 1262.81 over 155 frames.
LOG (lattice-best-path[5.5.1074~1-71f3]:main():lattice-best-path.cc:99) For utterance MC01_176, best cost 12.7149 + 1350.43 = 1363.14 over 162 frames.
LOG (lattice-best-path[5.5.1074~1-71f3]:main():lattice-best-path.cc:99) For utterance MC01_180, best cost 12.2646 + 1713.62 = 1725.89 over 210 frames.
LOG (lattice-best-path[5.5.1074~1-71f3]:main():lattice-best-path.cc:99) For utterance MC01_181, best cost 12.7893 + 1313.62 = 1326.41 over 159 frames.
LOG (lattice-best-path[5.5.1074~1-71f3]:main():lattice-best-path.cc:99) For utterance MC01_199, best cost 13.5723 + 1593.23 = 1606.8 over 193 frames.
LOG (lattice-best-path[5.5.1074~1-71f3]:main():lattice-best-path.cc:99) For utterance MC01_203, best cost 13.5029 + 1889.89 = 1903.39 over 229 frames.
LOG (lattice-best-path[5.5.1074~1-71f3]:main():lattice-best-path.cc:99) For utterance MC01_205, best cost 15.0965 + 1708.74 = 1723.84 over 202 frames.
LOG (lattice-best-path[5.5.1074~1-71f3]:main():lattice-best-path.cc:99) For utterance MC01_21, best cost 18.9524 + 2565.35 = 2584.31 over 299 frames.
LOG (lattice-best-path[5.5.1074~1-71f3]:main():lattice-best-path.cc:99) For utterance MC01_217, best cost 22.6681 + 3053.97 = 3076.64 over 349 frames.
LOG (lattice-best-path[5.5.1074~1-71f3]:main():lattice-best-path.cc:99) For utterance MC01_218, best cost 23.1928 + 3753.48 = 3776.68 over 440 frames.
LOG (lattice-best-path[5.5.1074~1-71f3]:main():lattice-best-path.cc:99) For utterance MC01_223, best cost 25.5388 + 3290.2 = 3315.74 over 358 frames.
LOG (lattice-best-path[5.5.1074~1-71f3]:main():lattice-best-path.cc:99) For utterance MC01_224, best cost 21.6332 + 2962.77 = 2984.4 over 338 frames.
LOG (lattice-best-path[5.5.1074~1-71f3]:main():lattice-best-path.cc:99) For utterance MC01_225, best cost 20.2354 + 2419.71 = 2439.95 over 283 frames.
LOG (lattice-best-path[5.5.1074~1-71f3]:main():lattice-best-path.cc:99) For utterance MC01_226, best cost 18.2848 + 2049.29 = 2067.57 over 239 frames.
LOG (lattice-best-path[5.5.1074~1-71f3]:main():lattice-best-path.cc:99) For utterance MC01_228, best cost 20.1106 + 2488.59 = 2508.7 over 288 frames.
LOG (lattice-best-path[5.5.1074~1-71f3]:main():lattice-best-path.cc:99) For utterance MC01_230, best cost 21.7375 + 2929.17 = 2950.9 over 346 frames.
LOG (lattice-best-path[5.5.1074~1-71f3]:main():lattice-best-path.cc:99) For utterance MC01_231, best cost 28.3643 + 4535.66 = 4564.03 over 548 frames.
LOG (lattice-best-path[5.5.1074~1-71f3]:main():lattice-best-path.cc:99) For utterance MC01_239, best cost 20.1982 + 2690.64 = 2710.84 over 314 frames.
LOG (lattice-best-path[5.5.1074~1-71f3]:main():lattice-best-path.cc:99) For utterance MC01_251, best cost 24.2878 + 3382.93 = 3407.22 over 393 frames.
LOG (lattice-best-path[5.5.1074~1-71f3]:main():lattice-best-path.cc:99) For utterance MC01_256, best cost 17.804 + 2980.83 = 2998.63 over 370 frames.
LOG (lattice-best-path[5.5.1074~1-71f3]:main():lattice-best-path.cc:99) For utterance MC01_257, best cost 17.9254 + 2182.55 = 2200.47 over 255 frames.
LOG (lattice-best-path[5.5.1074~1-71f3]:main():lattice-best-path.cc:99) For utterance MC01_261, best cost 21.2377 + 2750.48 = 2771.72 over 314 frames.
LOG (lattice-best-path[5.5.1074~1-71f3]:main():lattice-best-path.cc:99) For utterance MC01_263, best cost 18.7617 + 2263.39 = 2282.16 over 263 frames.
LOG (lattice-best-path[5.5.1074~1-71f3]:main():lattice-best-path.cc:99) For utterance MC01_265, best cost 19.6726 + 3140.78 = 3160.46 over 381 frames.
LOG (lattice-depth-per-frame[5.5.1074~1-71f3]:main():lattice-depth-per-frame.cc:82) Done 66 lattices.
LOG (lattice-best-path[5.5.1074~1-71f3]:main():lattice-best-path.cc:99) For utterance MC01_266, best cost 20.7096 + 3692.93 = 3713.64 over 457 frames.
LOG (lattice-best-path[5.5.1074~1-71f3]:main():lattice-best-path.cc:99) For utterance MC01_269, best cost 18.9401 + 2474.72 = 2493.66 over 298 frames.
LOG (lattice-best-path[5.5.1074~1-71f3]:main():lattice-best-path.cc:99) For utterance MC01_271, best cost 26.5607 + 3437.28 = 3463.85 over 401 frames.
LOG (lattice-best-path[5.5.1074~1-71f3]:main():lattice-best-path.cc:99) For utterance MC01_288, best cost 27.6148 + 3754.1 = 3781.71 over 423 frames.
LOG (lattice-best-path[5.5.1074~1-71f3]:main():lattice-best-path.cc:99) For utterance MC01_293, best cost 23.6989 + 3067.72 = 3091.42 over 343 frames.
LOG (lattice-best-path[5.5.1074~1-71f3]:main():lattice-best-path.cc:99) For utterance MC01_311, best cost 31.6133 + 4348.04 = 4379.65 over 491 frames.
LOG (lattice-best-path[5.5.1074~1-71f3]:main():lattice-best-path.cc:99) For utterance MC01_313, best cost 24.1799 + 3171.48 = 3195.66 over 372 frames.
LOG (lattice-best-path[5.5.1074~1-71f3]:main():lattice-best-path.cc:99) For utterance MC01_315, best cost 51.0487 + 3730.8 = 3781.84 over 433 frames.
LOG (lattice-best-path[5.5.1074~1-71f3]:main():lattice-best-path.cc:99) For utterance MC01_325, best cost 23.3934 + 3171.21 = 3194.6 over 365 frames.
LOG (lattice-best-path[5.5.1074~1-71f3]:main():lattice-best-path.cc:99) For utterance MC01_327, best cost 27.817 + 4423.58 = 4451.39 over 520 frames.
LOG (lattice-best-path[5.5.1074~1-71f3]:main():lattice-best-path.cc:99) For utterance MC01_33, best cost 26.0126 + 3796.98 = 3822.99 over 447 frames.
LOG (lattice-best-path[5.5.1074~1-71f3]:main():lattice-best-path.cc:99) For utterance MC01_330, best cost 24.4858 + 3753.3 = 3777.78 over 443 frames.
LOG (lattice-best-path[5.5.1074~1-71f3]:main():lattice-best-path.cc:99) For utterance MC01_331, best cost 19.605 + 2694.86 = 2714.47 over 333 frames.
LOG (lattice-best-path[5.5.1074~1-71f3]:main():lattice-best-path.cc:99) For utterance MC01_337, best cost 23.3904 + 3027.78 = 3051.17 over 352 frames.
LOG (lattice-best-path[5.5.1074~1-71f3]:main():lattice-best-path.cc:99) For utterance MC01_342, best cost 22.1619 + 3826.26 = 3848.42 over 477 frames.
LOG (lattice-best-path[5.5.1074~1-71f3]:main():lattice-best-path.cc:99) For utterance MC01_355, best cost 23.5497 + 3147.71 = 3171.26 over 375 frames.
LOG (lattice-best-path[5.5.1074~1-71f3]:main():lattice-best-path.cc:99) For utterance MC01_357, best cost 19.4993 + 2661.41 = 2680.91 over 315 frames.
LOG (lattice-best-path[5.5.1074~1-71f3]:main():lattice-best-path.cc:99) For utterance MC01_363, best cost 23.6643 + 4204.79 = 4228.45 over 515 frames.
LOG (lattice-best-path[5.5.1074~1-71f3]:main():lattice-best-path.cc:99) For utterance MC01_38, best cost 18.4423 + 2043.59 = 2062.03 over 225 frames.
LOG (lattice-best-path[5.5.1074~1-71f3]:main():lattice-best-path.cc:99) For utterance MC01_44, best cost 24.1969 + 3501.99 = 3526.19 over 403 frames.
LOG (lattice-best-path[5.5.1074~1-71f3]:main():lattice-best-path.cc:99) For utterance MC01_53, best cost 23.38 + 3214.35 = 3237.73 over 376 frames.
LOG (lattice-best-path[5.5.1074~1-71f3]:main():lattice-best-path.cc:99) For utterance MC01_55, best cost 23.7176 + 3172.71 = 3196.43 over 360 frames.
LOG (lattice-best-path[5.5.1074~1-71f3]:main():lattice-best-path.cc:99) For utterance MC01_62, best cost 16.1989 + 2163.81 = 2180.01 over 252 frames.
LOG (lattice-best-path[5.5.1074~1-71f3]:main():lattice-best-path.cc:99) For utterance MC01_68, best cost 24.233 + 3452.98 = 3477.21 over 406 frames.
LOG (lattice-best-path[5.5.1074~1-71f3]:main():lattice-best-path.cc:99) For utterance MC01_69, best cost 16.8765 + 1816.63 = 1833.5 over 214 frames.
LOG (lattice-best-path[5.5.1074~1-71f3]:main():lattice-best-path.cc:99) For utterance MC01_70, best cost 16.7315 + 1793.41 = 1810.14 over 208 frames.
LOG (lattice-best-path[5.5.1074~1-71f3]:main():lattice-best-path.cc:99) For utterance MC01_75, best cost 26.8705 + 3151.34 = 3178.21 over 344 frames.
LOG (lattice-best-path[5.5.1074~1-71f3]:main():lattice-best-path.cc:99) For utterance MC01_76, best cost 21.8186 + 2606.42 = 2628.24 over 289 frames.
LOG (lattice-best-path[5.5.1074~1-71f3]:main():lattice-best-path.cc:99) For utterance MC01_79, best cost 24.201 + 3569.67 = 3593.87 over 426 frames.
LOG (lattice-best-path[5.5.1074~1-71f3]:main():lattice-best-path.cc:99) For utterance MC01_83, best cost 20.9472 + 2929.9 = 2950.85 over 343 frames.
LOG (lattice-best-path[5.5.1074~1-71f3]:main():lattice-best-path.cc:99) For utterance MC01_98, best cost 25.6243 + 3405.78 = 3431.4 over 387 frames.
LOG (lattice-best-path[5.5.1074~1-71f3]:main():lattice-best-path.cc:124) Overall cost per frame is 8.57588 = 0.0644653 [graph] + 8.51142 [acoustic] over 20876 frames.
LOG (lattice-best-path[5.5.1074~1-71f3]:main():lattice-best-path.cc:128) Done 66 lattices, failed for 0
# Accounting: time=1 threads=1
# Ended (code 0) at Thu Aug  3 11:46:00 IST 2023, elapsed time 1 seconds
