# lattice-depth-per-frame "ark:gunzip -c exp_FG/mono/decode/lat.8.gz|" "ark,t:|gzip -c > exp_FG/mono/decode/depth_tmp.8.gz" ark:- | lattice-best-path --acoustic-scale=0.1 ark:- ark:/dev/null "ark,t:|gzip -c >exp_FG/mono/decode/ali_tmp.8.gz" 
# Started at Thu Aug  3 11:45:59 IST 2023
#
lattice-depth-per-frame 'ark:gunzip -c exp_FG/mono/decode/lat.8.gz|' 'ark,t:|gzip -c > exp_FG/mono/decode/depth_tmp.8.gz' ark:- 
lattice-best-path --acoustic-scale=0.1 ark:- ark:/dev/null 'ark,t:|gzip -c >exp_FG/mono/decode/ali_tmp.8.gz' 
LOG (lattice-best-path[5.5.1074~1-71f3]:main():lattice-best-path.cc:99) For utterance MC03_100, best cost 27.4114 + 3154.77 = 3182.18 over 331 frames.
LOG (lattice-best-path[5.5.1074~1-71f3]:main():lattice-best-path.cc:99) For utterance MC03_103, best cost 26.828 + 2973.94 = 3000.77 over 328 frames.
LOG (lattice-best-path[5.5.1074~1-71f3]:main():lattice-best-path.cc:99) For utterance MC03_105, best cost 19.1909 + 2087.97 = 2107.16 over 237 frames.
LOG (lattice-best-path[5.5.1074~1-71f3]:main():lattice-best-path.cc:99) For utterance MC03_106, best cost 15.4959 + 1324.1 = 1339.6 over 146 frames.
LOG (lattice-best-path[5.5.1074~1-71f3]:main():lattice-best-path.cc:99) For utterance MC03_119, best cost 13.2362 + 1035.65 = 1048.89 over 127 frames.
LOG (lattice-best-path[5.5.1074~1-71f3]:main():lattice-best-path.cc:99) For utterance MC03_129, best cost 11.6822 + 782.151 = 793.833 over 93 frames.
LOG (lattice-best-path[5.5.1074~1-71f3]:main():lattice-best-path.cc:99) For utterance MC03_132, best cost 12.5056 + 1151 = 1163.5 over 135 frames.
LOG (lattice-best-path[5.5.1074~1-71f3]:main():lattice-best-path.cc:99) For utterance MC03_136, best cost 13.6447 + 1104.05 = 1117.7 over 126 frames.
LOG (lattice-best-path[5.5.1074~1-71f3]:main():lattice-best-path.cc:99) For utterance MC03_137, best cost 12.5829 + 947.706 = 960.289 over 102 frames.
LOG (lattice-best-path[5.5.1074~1-71f3]:main():lattice-best-path.cc:99) For utterance MC03_138, best cost 15.843 + 980.211 = 996.054 over 115 frames.
LOG (lattice-best-path[5.5.1074~1-71f3]:main():lattice-best-path.cc:99) For utterance MC03_143, best cost 14.2983 + 1302.56 = 1316.85 over 146 frames.
LOG (lattice-best-path[5.5.1074~1-71f3]:main():lattice-best-path.cc:99) For utterance MC03_144, best cost 12.8745 + 1182.08 = 1194.95 over 142 frames.
LOG (lattice-best-path[5.5.1074~1-71f3]:main():lattice-best-path.cc:99) For utterance MC03_145, best cost 12.306 + 816.54 = 828.846 over 91 frames.
LOG (lattice-best-path[5.5.1074~1-71f3]:main():lattice-best-path.cc:99) For utterance MC03_147, best cost 14.9942 + 1668.99 = 1683.99 over 193 frames.
LOG (lattice-best-path[5.5.1074~1-71f3]:main():lattice-best-path.cc:99) For utterance MC03_149, best cost 11.289 + 893.182 = 904.471 over 104 frames.
LOG (lattice-best-path[5.5.1074~1-71f3]:main():lattice-best-path.cc:99) For utterance MC03_151, best cost 12.8386 + 853.953 = 866.792 over 93 frames.
LOG (lattice-best-path[5.5.1074~1-71f3]:main():lattice-best-path.cc:99) For utterance MC03_153, best cost 12.2149 + 917.04 = 929.255 over 102 frames.
LOG (lattice-best-path[5.5.1074~1-71f3]:main():lattice-best-path.cc:99) For utterance MC03_154, best cost 12.7329 + 859.51 = 872.243 over 93 frames.
LOG (lattice-best-path[5.5.1074~1-71f3]:main():lattice-best-path.cc:99) For utterance MC03_156, best cost 15.0531 + 1328.79 = 1343.85 over 144 frames.
LOG (lattice-best-path[5.5.1074~1-71f3]:main():lattice-best-path.cc:99) For utterance MC03_160, best cost 12.0357 + 879.461 = 891.497 over 102 frames.
LOG (lattice-best-path[5.5.1074~1-71f3]:main():lattice-best-path.cc:99) For utterance MC03_162, best cost 12.4124 + 1074.21 = 1086.62 over 124 frames.
LOG (lattice-best-path[5.5.1074~1-71f3]:main():lattice-best-path.cc:99) For utterance MC03_165, best cost 12.9898 + 1118.42 = 1131.41 over 135 frames.
LOG (lattice-best-path[5.5.1074~1-71f3]:main():lattice-best-path.cc:99) For utterance MC03_170, best cost 13.3321 + 1104.15 = 1117.48 over 122 frames.
LOG (lattice-best-path[5.5.1074~1-71f3]:main():lattice-best-path.cc:99) For utterance MC03_172, best cost 12.5715 + 990.064 = 1002.64 over 115 frames.
LOG (lattice-best-path[5.5.1074~1-71f3]:main():lattice-best-path.cc:99) For utterance MC03_175, best cost 13.6727 + 1044.73 = 1058.4 over 120 frames.
LOG (lattice-best-path[5.5.1074~1-71f3]:main():lattice-best-path.cc:99) For utterance MC03_178, best cost 13.0063 + 1346.71 = 1359.71 over 160 frames.
LOG (lattice-best-path[5.5.1074~1-71f3]:main():lattice-best-path.cc:99) For utterance MC03_182, best cost 13.1221 + 1160.84 = 1173.96 over 142 frames.
LOG (lattice-best-path[5.5.1074~1-71f3]:main():lattice-best-path.cc:99) For utterance MC03_185, best cost 12.6903 + 1220.8 = 1233.49 over 142 frames.
LOG (lattice-best-path[5.5.1074~1-71f3]:main():lattice-best-path.cc:99) For utterance MC03_193, best cost 11.548 + 888.637 = 900.185 over 107 frames.
LOG (lattice-best-path[5.5.1074~1-71f3]:main():lattice-best-path.cc:99) For utterance MC03_2, best cost 15.6356 + 1478.35 = 1493.98 over 164 frames.
LOG (lattice-best-path[5.5.1074~1-71f3]:main():lattice-best-path.cc:99) For utterance MC03_200, best cost 13.0455 + 1105.23 = 1118.28 over 118 frames.
LOG (lattice-best-path[5.5.1074~1-71f3]:main():lattice-best-path.cc:99) For utterance MC03_204, best cost 13.3909 + 1220.68 = 1234.07 over 135 frames.
LOG (lattice-best-path[5.5.1074~1-71f3]:main():lattice-best-path.cc:99) For utterance MC03_209, best cost 13.0823 + 1291.73 = 1304.81 over 151 frames.
LOG (lattice-best-path[5.5.1074~1-71f3]:main():lattice-best-path.cc:99) For utterance MC03_22, best cost 21.7826 + 2294.22 = 2316 over 247 frames.
LOG (lattice-best-path[5.5.1074~1-71f3]:main():lattice-best-path.cc:99) For utterance MC03_221, best cost 22.786 + 2231.16 = 2253.95 over 238 frames.
LOG (lattice-depth-per-frame[5.5.1074~1-71f3]:main():lattice-depth-per-frame.cc:82) Done 82 lattices.
LOG (lattice-best-path[5.5.1074~1-71f3]:main():lattice-best-path.cc:99) For utterance MC03_233, best cost 20.8516 + 2123.34 = 2144.19 over 225 frames.
LOG (lattice-best-path[5.5.1074~1-71f3]:main():lattice-best-path.cc:99) For utterance MC03_239, best cost 18.7286 + 1430.66 = 1449.39 over 143 frames.
LOG (lattice-best-path[5.5.1074~1-71f3]:main():lattice-best-path.cc:99) For utterance MC03_24, best cost 17.339 + 1599.96 = 1617.3 over 180 frames.
LOG (lattice-best-path[5.5.1074~1-71f3]:main():lattice-best-path.cc:99) For utterance MC03_245, best cost 20.5492 + 2156.14 = 2176.69 over 232 frames.
LOG (lattice-best-path[5.5.1074~1-71f3]:main():lattice-best-path.cc:99) For utterance MC03_246, best cost 16.8186 + 1704.09 = 1720.91 over 186 frames.
LOG (lattice-best-path[5.5.1074~1-71f3]:main():lattice-best-path.cc:99) For utterance MC03_247, best cost 15.9998 + 1482.37 = 1498.37 over 163 frames.
LOG (lattice-best-path[5.5.1074~1-71f3]:main():lattice-best-path.cc:99) For utterance MC03_25, best cost 22.0059 + 2104.35 = 2126.36 over 230 frames.
LOG (lattice-best-path[5.5.1074~1-71f3]:main():lattice-best-path.cc:99) For utterance MC03_264, best cost 21.8745 + 2358.84 = 2380.72 over 247 frames.
LOG (lattice-best-path[5.5.1074~1-71f3]:main():lattice-best-path.cc:99) For utterance MC03_269, best cost 18.5161 + 1641.85 = 1660.37 over 172 frames.
LOG (lattice-best-path[5.5.1074~1-71f3]:main():lattice-best-path.cc:99) For utterance MC03_273, best cost 17.0848 + 1641 = 1658.09 over 177 frames.
LOG (lattice-best-path[5.5.1074~1-71f3]:main():lattice-best-path.cc:99) For utterance MC03_275, best cost 21.2742 + 2120.01 = 2141.28 over 218 frames.
LOG (lattice-best-path[5.5.1074~1-71f3]:main():lattice-best-path.cc:99) For utterance MC03_278, best cost 21.7219 + 2402.69 = 2424.42 over 254 frames.
LOG (lattice-best-path[5.5.1074~1-71f3]:main():lattice-best-path.cc:99) For utterance MC03_279, best cost 19.4281 + 2110.86 = 2130.29 over 231 frames.
LOG (lattice-best-path[5.5.1074~1-71f3]:main():lattice-best-path.cc:99) For utterance MC03_28, best cost 21.4164 + 2143.73 = 2165.15 over 242 frames.
LOG (lattice-best-path[5.5.1074~1-71f3]:main():lattice-best-path.cc:99) For utterance MC03_29, best cost 21.7955 + 2378.03 = 2399.82 over 266 frames.
LOG (lattice-best-path[5.5.1074~1-71f3]:main():lattice-best-path.cc:99) For utterance MC03_291, best cost 25.6956 + 2712.6 = 2738.29 over 281 frames.
LOG (lattice-best-path[5.5.1074~1-71f3]:main():lattice-best-path.cc:99) For utterance MC03_301, best cost 25.088 + 2372.37 = 2397.45 over 236 frames.
LOG (lattice-best-path[5.5.1074~1-71f3]:main():lattice-best-path.cc:99) For utterance MC03_31, best cost 24.5323 + 2777.94 = 2802.47 over 303 frames.
LOG (lattice-best-path[5.5.1074~1-71f3]:main():lattice-best-path.cc:99) For utterance MC03_327, best cost 25.2426 + 3117.82 = 3143.06 over 336 frames.
LOG (lattice-best-path[5.5.1074~1-71f3]:main():lattice-best-path.cc:99) For utterance MC03_328, best cost 26.1604 + 3214.81 = 3240.97 over 336 frames.
LOG (lattice-best-path[5.5.1074~1-71f3]:main():lattice-best-path.cc:99) For utterance MC03_329, best cost 20.0238 + 2426.79 = 2446.82 over 259 frames.
LOG (lattice-best-path[5.5.1074~1-71f3]:main():lattice-best-path.cc:99) For utterance MC03_331, best cost 19.662 + 2212.77 = 2232.43 over 242 frames.
LOG (lattice-best-path[5.5.1074~1-71f3]:main():lattice-best-path.cc:99) For utterance MC03_34, best cost 16.6216 + 1519.3 = 1535.92 over 167 frames.
LOG (lattice-best-path[5.5.1074~1-71f3]:main():lattice-best-path.cc:99) For utterance MC03_342, best cost 20.657 + 2118.91 = 2139.57 over 232 frames.
LOG (lattice-best-path[5.5.1074~1-71f3]:main():lattice-best-path.cc:99) For utterance MC03_349, best cost 21.2445 + 2341.05 = 2362.3 over 259 frames.
LOG (lattice-best-path[5.5.1074~1-71f3]:main():lattice-best-path.cc:99) For utterance MC03_354, best cost 27.3481 + 3173.03 = 3200.38 over 336 frames.
LOG (lattice-best-path[5.5.1074~1-71f3]:main():lattice-best-path.cc:99) For utterance MC03_356, best cost 19.9051 + 1928.48 = 1948.39 over 204 frames.
LOG (lattice-best-path[5.5.1074~1-71f3]:main():lattice-best-path.cc:99) For utterance MC03_361, best cost 17.6721 + 2208.86 = 2226.53 over 253 frames.
LOG (lattice-best-path[5.5.1074~1-71f3]:main():lattice-best-path.cc:99) For utterance MC03_363, best cost 23.2973 + 2611.54 = 2634.84 over 279 frames.
LOG (lattice-best-path[5.5.1074~1-71f3]:main():lattice-best-path.cc:99) For utterance MC03_365, best cost 26.1727 + 3088.24 = 3114.41 over 328 frames.
LOG (lattice-best-path[5.5.1074~1-71f3]:main():lattice-best-path.cc:99) For utterance MC03_39, best cost 17.0668 + 1960.18 = 1977.25 over 224 frames.
LOG (lattice-best-path[5.5.1074~1-71f3]:main():lattice-best-path.cc:99) For utterance MC03_40, best cost 14.8378 + 1345.01 = 1359.85 over 147 frames.
LOG (lattice-best-path[5.5.1074~1-71f3]:main():lattice-best-path.cc:99) For utterance MC03_41, best cost 23.0573 + 2472.64 = 2495.7 over 257 frames.
LOG (lattice-best-path[5.5.1074~1-71f3]:main():lattice-best-path.cc:99) For utterance MC03_47, best cost 15.3819 + 1391 = 1406.38 over 157 frames.
LOG (lattice-best-path[5.5.1074~1-71f3]:main():lattice-best-path.cc:99) For utterance MC03_48, best cost 16.8636 + 1669.01 = 1685.88 over 183 frames.
LOG (lattice-best-path[5.5.1074~1-71f3]:main():lattice-best-path.cc:99) For utterance MC03_49, best cost 22.6896 + 2587.15 = 2609.84 over 286 frames.
LOG (lattice-best-path[5.5.1074~1-71f3]:main():lattice-best-path.cc:99) For utterance MC03_5, best cost 17.0115 + 1530.01 = 1547.02 over 172 frames.
LOG (lattice-best-path[5.5.1074~1-71f3]:main():lattice-best-path.cc:99) For utterance MC03_53, best cost 23.054 + 2579.7 = 2602.75 over 278 frames.
LOG (lattice-best-path[5.5.1074~1-71f3]:main():lattice-best-path.cc:99) For utterance MC03_56, best cost 17.1492 + 2095.03 = 2112.18 over 247 frames.
LOG (lattice-best-path[5.5.1074~1-71f3]:main():lattice-best-path.cc:99) For utterance MC03_57, best cost 16.1489 + 1748.79 = 1764.94 over 199 frames.
LOG (lattice-best-path[5.5.1074~1-71f3]:main():lattice-best-path.cc:99) For utterance MC03_61, best cost 18.478 + 2140.43 = 2158.91 over 237 frames.
LOG (lattice-best-path[5.5.1074~1-71f3]:main():lattice-best-path.cc:99) For utterance MC03_69, best cost 15.7841 + 1327.08 = 1342.86 over 144 frames.
LOG (lattice-best-path[5.5.1074~1-71f3]:main():lattice-best-path.cc:99) For utterance MC03_7, best cost 18.1286 + 1623.92 = 1642.05 over 183 frames.
LOG (lattice-best-path[5.5.1074~1-71f3]:main():lattice-best-path.cc:99) For utterance MC03_77, best cost 23.9617 + 2468.61 = 2492.57 over 262 frames.
LOG (lattice-best-path[5.5.1074~1-71f3]:main():lattice-best-path.cc:99) For utterance MC03_88, best cost 23.4436 + 3019.64 = 3043.08 over 323 frames.
LOG (lattice-best-path[5.5.1074~1-71f3]:main():lattice-best-path.cc:99) For utterance MC03_89, best cost 24.5638 + 2782.59 = 2807.16 over 299 frames.
LOG (lattice-best-path[5.5.1074~1-71f3]:main():lattice-best-path.cc:99) For utterance MC03_9, best cost 21.2325 + 2059.27 = 2080.5 over 212 frames.
LOG (lattice-best-path[5.5.1074~1-71f3]:main():lattice-best-path.cc:124) Overall cost per frame is 9.21861 = 0.0912333 [graph] + 9.12737 [acoustic] over 16197 frames.
LOG (lattice-best-path[5.5.1074~1-71f3]:main():lattice-best-path.cc:128) Done 82 lattices, failed for 0
# Accounting: time=1 threads=1
# Ended (code 0) at Thu Aug  3 11:46:00 IST 2023, elapsed time 1 seconds
