# lattice-depth-per-frame "ark:gunzip -c exp_FG/mono/decode/lat.2.gz|" "ark,t:|gzip -c > exp_FG/mono/decode/depth_tmp.2.gz" ark:- | lattice-best-path --acoustic-scale=0.1 ark:- ark:/dev/null "ark,t:|gzip -c >exp_FG/mono/decode/ali_tmp.2.gz" 
# Started at Thu Aug  3 11:45:59 IST 2023
#
lattice-depth-per-frame 'ark:gunzip -c exp_FG/mono/decode/lat.2.gz|' 'ark,t:|gzip -c > exp_FG/mono/decode/depth_tmp.2.gz' ark:- 
lattice-best-path --acoustic-scale=0.1 ark:- ark:/dev/null 'ark,t:|gzip -c >exp_FG/mono/decode/ali_tmp.2.gz' 
LOG (lattice-best-path[5.5.1074~1-71f3]:main():lattice-best-path.cc:99) For utterance FC02_106, best cost 16.6524 + 1638.27 = 1654.92 over 177 frames.
LOG (lattice-best-path[5.5.1074~1-71f3]:main():lattice-best-path.cc:99) For utterance FC02_107, best cost 14.6036 + 1367.56 = 1382.16 over 151 frames.
LOG (lattice-best-path[5.5.1074~1-71f3]:main():lattice-best-path.cc:99) For utterance FC02_11, best cost 18.154 + 2334.01 = 2352.17 over 266 frames.
LOG (lattice-best-path[5.5.1074~1-71f3]:main():lattice-best-path.cc:99) For utterance FC02_119, best cost 13.2424 + 1123.74 = 1136.98 over 133 frames.
LOG (lattice-best-path[5.5.1074~1-71f3]:main():lattice-best-path.cc:99) For utterance FC02_124, best cost 12.8306 + 1502.53 = 1515.36 over 169 frames.
LOG (lattice-best-path[5.5.1074~1-71f3]:main():lattice-best-path.cc:99) For utterance FC02_128, best cost 12.703 + 1191.52 = 1204.22 over 143 frames.
LOG (lattice-best-path[5.5.1074~1-71f3]:main():lattice-best-path.cc:99) For utterance FC02_136, best cost 14.2326 + 1284.94 = 1299.17 over 150 frames.
LOG (lattice-best-path[5.5.1074~1-71f3]:main():lattice-best-path.cc:99) For utterance FC02_142, best cost 12.9837 + 1245.94 = 1258.92 over 143 frames.
LOG (lattice-best-path[5.5.1074~1-71f3]:main():lattice-best-path.cc:99) For utterance FC02_143, best cost 15.0848 + 1529.85 = 1544.93 over 172 frames.
LOG (lattice-best-path[5.5.1074~1-71f3]:main():lattice-best-path.cc:99) For utterance FC02_145, best cost 12.7011 + 1133.42 = 1146.12 over 127 frames.
LOG (lattice-best-path[5.5.1074~1-71f3]:main():lattice-best-path.cc:99) For utterance FC02_169, best cost 11.9762 + 975.895 = 987.871 over 111 frames.
LOG (lattice-best-path[5.5.1074~1-71f3]:main():lattice-best-path.cc:99) For utterance FC02_175, best cost 14.4926 + 1204.36 = 1218.85 over 137 frames.
LOG (lattice-best-path[5.5.1074~1-71f3]:main():lattice-best-path.cc:99) For utterance FC02_179, best cost 12.2167 + 1084.72 = 1096.94 over 127 frames.
LOG (lattice-best-path[5.5.1074~1-71f3]:main():lattice-best-path.cc:99) For utterance FC02_180, best cost 12.6096 + 1197.17 = 1209.77 over 143 frames.
LOG (lattice-best-path[5.5.1074~1-71f3]:main():lattice-best-path.cc:99) For utterance FC02_186, best cost 12.2576 + 1190.29 = 1202.55 over 140 frames.
LOG (lattice-best-path[5.5.1074~1-71f3]:main():lattice-best-path.cc:99) For utterance FC02_188, best cost 12.4538 + 1209.12 = 1221.57 over 143 frames.
LOG (lattice-best-path[5.5.1074~1-71f3]:main():lattice-best-path.cc:99) For utterance FC02_191, best cost 13.5528 + 1655.09 = 1668.64 over 182 frames.
LOG (lattice-best-path[5.5.1074~1-71f3]:main():lattice-best-path.cc:99) For utterance FC02_204, best cost 13.7949 + 1325.4 = 1339.2 over 150 frames.
LOG (lattice-best-path[5.5.1074~1-71f3]:main():lattice-best-path.cc:99) For utterance FC02_205, best cost 15.5402 + 1500.86 = 1516.4 over 162 frames.
LOG (lattice-best-path[5.5.1074~1-71f3]:main():lattice-best-path.cc:99) For utterance FC02_214, best cost 22.8144 + 2548.73 = 2571.54 over 272 frames.
LOG (lattice-best-path[5.5.1074~1-71f3]:main():lattice-best-path.cc:99) For utterance FC02_232, best cost 17.5114 + 2093.87 = 2111.38 over 224 frames.
LOG (lattice-best-path[5.5.1074~1-71f3]:main():lattice-best-path.cc:99) For utterance FC02_233, best cost 22.1121 + 2586.77 = 2608.88 over 273 frames.
LOG (lattice-best-path[5.5.1074~1-71f3]:main():lattice-best-path.cc:99) For utterance FC02_234, best cost 23.3619 + 2844.18 = 2867.54 over 299 frames.
LOG (lattice-best-path[5.5.1074~1-71f3]:main():lattice-best-path.cc:99) For utterance FC02_236, best cost 29.0013 + 3781.68 = 3810.69 over 383 frames.
LOG (lattice-best-path[5.5.1074~1-71f3]:main():lattice-best-path.cc:99) For utterance FC02_239, best cost 20.7851 + 2292.29 = 2313.07 over 224 frames.
LOG (lattice-best-path[5.5.1074~1-71f3]:main():lattice-best-path.cc:99) For utterance FC02_243, best cost 25.5415 + 3937.32 = 3962.86 over 422 frames.
LOG (lattice-best-path[5.5.1074~1-71f3]:main():lattice-best-path.cc:99) For utterance FC02_244, best cost 29.7221 + 3742.18 = 3771.9 over 383 frames.
LOG (lattice-best-path[5.5.1074~1-71f3]:main():lattice-best-path.cc:99) For utterance FC02_247, best cost 19.4862 + 2391.49 = 2410.97 over 250 frames.
LOG (lattice-best-path[5.5.1074~1-71f3]:main():lattice-best-path.cc:99) For utterance FC02_249, best cost 25.3269 + 3179.46 = 3204.79 over 325 frames.
LOG (lattice-best-path[5.5.1074~1-71f3]:main():lattice-best-path.cc:99) For utterance FC02_250, best cost 28.2592 + 3878.73 = 3906.99 over 399 frames.
LOG (lattice-best-path[5.5.1074~1-71f3]:main():lattice-best-path.cc:99) For utterance FC02_251, best cost 25.2472 + 3186.71 = 3211.96 over 325 frames.
LOG (lattice-best-path[5.5.1074~1-71f3]:main():lattice-best-path.cc:99) For utterance FC02_252, best cost 35.4328 + 2563.01 = 2598.44 over 270 frames.
LOG (lattice-best-path[5.5.1074~1-71f3]:main():lattice-best-path.cc:99) For utterance FC02_256, best cost 18.7149 + 2585.05 = 2603.76 over 283 frames.
LOG (lattice-best-path[5.5.1074~1-71f3]:main():lattice-best-path.cc:99) For utterance FC02_257, best cost 20.4011 + 2366.27 = 2386.67 over 250 frames.
LOG (lattice-best-path[5.5.1074~1-71f3]:main():lattice-best-path.cc:99) For utterance FC02_26, best cost 18.4558 + 2222.49 = 2240.94 over 240 frames.
LOG (lattice-best-path[5.5.1074~1-71f3]:main():lattice-best-path.cc:99) For utterance FC02_263, best cost 21.0176 + 2452.05 = 2473.06 over 257 frames.
LOG (lattice-best-path[5.5.1074~1-71f3]:main():lattice-best-path.cc:99) For utterance FC02_264, best cost 37.0553 + 2813.4 = 2850.46 over 283 frames.
LOG (lattice-best-path[5.5.1074~1-71f3]:main():lattice-best-path.cc:99) For utterance FC02_266, best cost 22.2284 + 2754.47 = 2776.7 over 289 frames.
LOG (lattice-best-path[5.5.1074~1-71f3]:main():lattice-best-path.cc:99) For utterance FC02_267, best cost 22.4 + 2717.37 = 2739.77 over 273 frames.
LOG (lattice-best-path[5.5.1074~1-71f3]:main():lattice-best-path.cc:99) For utterance FC02_269, best cost 19.97 + 2257.24 = 2277.21 over 241 frames.
LOG (lattice-best-path[5.5.1074~1-71f3]:main():lattice-best-path.cc:99) For utterance FC02_27, best cost 21.268 + 2378.7 = 2399.96 over 272 frames.
LOG (lattice-best-path[5.5.1074~1-71f3]:main():lattice-best-path.cc:99) For utterance FC02_273, best cost 20.0494 + 2363.6 = 2383.65 over 243 frames.
LOG (lattice-depth-per-frame[5.5.1074~1-71f3]:main():lattice-depth-per-frame.cc:82) Done 69 lattices.
LOG (lattice-best-path[5.5.1074~1-71f3]:main():lattice-best-path.cc:99) For utterance FC02_276, best cost 23.4206 + 2942.45 = 2965.87 over 305 frames.
LOG (lattice-best-path[5.5.1074~1-71f3]:main():lattice-best-path.cc:99) For utterance FC02_277, best cost 29.0064 + 4135.19 = 4164.19 over 428 frames.
LOG (lattice-best-path[5.5.1074~1-71f3]:main():lattice-best-path.cc:99) For utterance FC02_286, best cost 26.1612 + 3181.98 = 3208.15 over 318 frames.
LOG (lattice-best-path[5.5.1074~1-71f3]:main():lattice-best-path.cc:99) For utterance FC02_289, best cost 25.8489 + 3038.29 = 3064.14 over 315 frames.
LOG (lattice-best-path[5.5.1074~1-71f3]:main():lattice-best-path.cc:99) For utterance FC02_298, best cost 24.7496 + 2998.59 = 3023.34 over 305 frames.
LOG (lattice-best-path[5.5.1074~1-71f3]:main():lattice-best-path.cc:99) For utterance FC02_3, best cost 16.9568 + 2337.06 = 2354.02 over 272 frames.
LOG (lattice-best-path[5.5.1074~1-71f3]:main():lattice-best-path.cc:99) For utterance FC02_310, best cost 61.7132 + 3590.91 = 3652.63 over 357 frames.
LOG (lattice-best-path[5.5.1074~1-71f3]:main():lattice-best-path.cc:99) For utterance FC02_314, best cost 25.5236 + 3099.6 = 3125.12 over 305 frames.
LOG (lattice-best-path[5.5.1074~1-71f3]:main():lattice-best-path.cc:99) For utterance FC02_317, best cost 23.7447 + 3135.15 = 3158.89 over 321 frames.
LOG (lattice-best-path[5.5.1074~1-71f3]:main():lattice-best-path.cc:99) For utterance FC02_328, best cost 28.823 + 4080.79 = 4109.62 over 409 frames.
LOG (lattice-best-path[5.5.1074~1-71f3]:main():lattice-best-path.cc:99) For utterance FC02_332, best cost 27.764 + 3997.37 = 4025.13 over 422 frames.
LOG (lattice-best-path[5.5.1074~1-71f3]:main():lattice-best-path.cc:99) For utterance FC02_337, best cost 25.0276 + 3632.58 = 3657.61 over 380 frames.
LOG (lattice-best-path[5.5.1074~1-71f3]:main():lattice-best-path.cc:99) For utterance FC02_343, best cost 27.4994 + 3510.81 = 3538.31 over 347 frames.
LOG (lattice-best-path[5.5.1074~1-71f3]:main():lattice-best-path.cc:99) For utterance FC02_345, best cost 57.8825 + 3562.8 = 3620.68 over 370 frames.
LOG (lattice-best-path[5.5.1074~1-71f3]:main():lattice-best-path.cc:99) For utterance FC02_350, best cost 30.5705 + 4156.03 = 4186.6 over 402 frames.
LOG (lattice-best-path[5.5.1074~1-71f3]:main():lattice-best-path.cc:99) For utterance FC02_45, best cost 22.7465 + 2893.72 = 2916.47 over 314 frames.
LOG (lattice-best-path[5.5.1074~1-71f3]:main():lattice-best-path.cc:99) For utterance FC02_48, best cost 17.7155 + 2261.91 = 2279.63 over 256 frames.
LOG (lattice-best-path[5.5.1074~1-71f3]:main():lattice-best-path.cc:99) For utterance FC02_51, best cost 19.0733 + 2307.45 = 2326.53 over 240 frames.
LOG (lattice-best-path[5.5.1074~1-71f3]:main():lattice-best-path.cc:99) For utterance FC02_55, best cost 26.025 + 3392.48 = 3418.51 over 356 frames.
LOG (lattice-best-path[5.5.1074~1-71f3]:main():lattice-best-path.cc:99) For utterance FC02_58, best cost 17.3535 + 1937.43 = 1954.78 over 214 frames.
LOG (lattice-best-path[5.5.1074~1-71f3]:main():lattice-best-path.cc:99) For utterance FC02_64, best cost 23.5804 + 2748.49 = 2772.07 over 298 frames.
LOG (lattice-best-path[5.5.1074~1-71f3]:main():lattice-best-path.cc:99) For utterance FC02_78, best cost 25.8285 + 3397.38 = 3423.21 over 361 frames.
LOG (lattice-best-path[5.5.1074~1-71f3]:main():lattice-best-path.cc:99) For utterance FC02_79, best cost 24.9058 + 3521.61 = 3546.52 over 382 frames.
LOG (lattice-best-path[5.5.1074~1-71f3]:main():lattice-best-path.cc:99) For utterance FC02_85, best cost 24.4794 + 3205.72 = 3230.2 over 351 frames.
LOG (lattice-best-path[5.5.1074~1-71f3]:main():lattice-best-path.cc:99) For utterance FC02_91, best cost 29.2503 + 3914.66 = 3943.91 over 409 frames.
LOG (lattice-best-path[5.5.1074~1-71f3]:main():lattice-best-path.cc:99) For utterance FC02_97, best cost 17.587 + 2163.78 = 2181.37 over 245 frames.
LOG (lattice-best-path[5.5.1074~1-71f3]:main():lattice-best-path.cc:99) For utterance FC02_99, best cost 18.2945 + 2100.38 = 2118.68 over 224 frames.
LOG (lattice-best-path[5.5.1074~1-71f3]:main():lattice-best-path.cc:124) Overall cost per frame is 9.52928 = 0.082637 [graph] + 9.44665 [acoustic] over 18512 frames.
LOG (lattice-best-path[5.5.1074~1-71f3]:main():lattice-best-path.cc:128) Done 69 lattices, failed for 0
# Accounting: time=1 threads=1
# Ended (code 0) at Thu Aug  3 11:46:00 IST 2023, elapsed time 1 seconds
