# gmm-latgen-faster --max-active=7000 --beam=13.0 --lattice-beam=6.0 --acoustic-scale=0.083333 --allow-partial=true --word-symbol-table=exp_FG/ldamllt/words.txt exp_FG/ldamllt/final.mdl exp_FG/ldamllt/HCLG.fst "ark,s,cs:apply-cmvn  --utt2spk=ark:data/test/split10/10/utt2spk scp:data/test/split10/10/cmvn.scp scp:data/test/split10/10/feats.scp ark:- | splice-feats  ark:- ark:- | transform-feats exp_FG/ldamllt/final.mat ark:- ark:- |" "ark:|gzip -c > exp_FG/ldamllt/decode/lat.10.gz" 
# Started at Thu Aug  3 11:46:09 IST 2023
#
gmm-latgen-faster --max-active=7000 --beam=13.0 --lattice-beam=6.0 --acoustic-scale=0.083333 --allow-partial=true --word-symbol-table=exp_FG/ldamllt/words.txt exp_FG/ldamllt/final.mdl exp_FG/ldamllt/HCLG.fst 'ark,s,cs:apply-cmvn  --utt2spk=ark:data/test/split10/10/utt2spk scp:data/test/split10/10/cmvn.scp scp:data/test/split10/10/feats.scp ark:- | splice-feats  ark:- ark:- | transform-feats exp_FG/ldamllt/final.mat ark:- ark:- |' 'ark:|gzip -c > exp_FG/ldamllt/decode/lat.10.gz' 
splice-feats ark:- ark:- 
apply-cmvn --utt2spk=ark:data/test/split10/10/utt2spk scp:data/test/split10/10/cmvn.scp scp:data/test/split10/10/feats.scp ark:- 
transform-feats exp_FG/ldamllt/final.mat ark:- ark:- 
MC05_104 tootxtxattai gawani 
LOG (gmm-latgen-faster[5.5.1074~1-71f3]:DecodeUtteranceLatticeFaster():decoder-wrappers.cc:375) Log-like per frame for utterance MC05_104 is -2.79083 over 287 frames.
MC05_109 jagam 
LOG (gmm-latgen-faster[5.5.1074~1-71f3]:DecodeUtteranceLatticeFaster():decoder-wrappers.cc:375) Log-like per frame for utterance MC05_109 is -3.82673 over 81 frames.
MC05_112 sxasxtxi 
LOG (gmm-latgen-faster[5.5.1074~1-71f3]:DecodeUtteranceLatticeFaster():decoder-wrappers.cc:375) Log-like per frame for utterance MC05_112 is -3.0761 over 161 frames.
MC05_113 isxtxam 
LOG (gmm-latgen-faster[5.5.1074~1-71f3]:DecodeUtteranceLatticeFaster():decoder-wrappers.cc:375) Log-like per frame for utterance MC05_113 is -3.09168 over 144 frames.
MC05_116 kanxidam 
LOG (gmm-latgen-faster[5.5.1074~1-71f3]:DecodeUtteranceLatticeFaster():decoder-wrappers.cc:375) Log-like per frame for utterance MC05_116 is -2.87753 over 136 frames.
MC05_117 kaagidam 
LOG (gmm-latgen-faster[5.5.1074~1-71f3]:DecodeUtteranceLatticeFaster():decoder-wrappers.cc:375) Log-like per frame for utterance MC05_117 is -3.00984 over 143 frames.
MC05_118 paagam 
LOG (gmm-latgen-faster[5.5.1074~1-71f3]:DecodeUtteranceLatticeFaster():decoder-wrappers.cc:375) Log-like per frame for utterance MC05_118 is -2.80983 over 124 frames.
MC05_119 paanam 
LOG (gmm-latgen-faster[5.5.1074~1-71f3]:DecodeUtteranceLatticeFaster():decoder-wrappers.cc:375) Log-like per frame for utterance MC05_119 is -2.83763 over 127 frames.
MC05_12 seywana tirundda sey 
LOG (gmm-latgen-faster[5.5.1074~1-71f3]:DecodeUtteranceLatticeFaster():decoder-wrappers.cc:375) Log-like per frame for utterance MC05_12 is -3.56737 over 339 frames.
MC05_121 pambaram 
LOG (gmm-latgen-faster[5.5.1074~1-71f3]:DecodeUtteranceLatticeFaster():decoder-wrappers.cc:375) Log-like per frame for utterance MC05_121 is -2.87984 over 140 frames.
MC05_13 kuranggeu panddai erxinddadeu 
LOG (gmm-latgen-faster[5.5.1074~1-71f3]:DecodeUtteranceLatticeFaster():decoder-wrappers.cc:375) Log-like per frame for utterance MC05_13 is -3.23837 over 381 frames.
MC05_130 saram 
LOG (gmm-latgen-faster[5.5.1074~1-71f3]:DecodeUtteranceLatticeFaster():decoder-wrappers.cc:375) Log-like per frame for utterance MC05_130 is -3.05854 over 114 frames.
MC05_135 katxtxam 
LOG (gmm-latgen-faster[5.5.1074~1-71f3]:DecodeUtteranceLatticeFaster():decoder-wrappers.cc:375) Log-like per frame for utterance MC05_135 is -2.78348 over 147 frames.
MC05_136 padakkam 
LOG (gmm-latgen-faster[5.5.1074~1-71f3]:DecodeUtteranceLatticeFaster():decoder-wrappers.cc:375) Log-like per frame for utterance MC05_136 is -3.05679 over 131 frames.
MC05_14 kudxisai tiiyaal erinddadeu 
LOG (gmm-latgen-faster[5.5.1074~1-71f3]:DecodeUtteranceLatticeFaster():decoder-wrappers.cc:375) Log-like per frame for utterance MC05_14 is -3.30767 over 341 frames.
MC05_140 taraadaram 
LOG (gmm-latgen-faster[5.5.1074~1-71f3]:DecodeUtteranceLatticeFaster():decoder-wrappers.cc:375) Log-like per frame for utterance MC05_140 is -3.21278 over 153 frames.
MC05_145 maadam 
LOG (gmm-latgen-faster[5.5.1074~1-71f3]:DecodeUtteranceLatticeFaster():decoder-wrappers.cc:375) Log-like per frame for utterance MC05_145 is -3.0933 over 110 frames.
MC05_147 kattirikkaay 
LOG (gmm-latgen-faster[5.5.1074~1-71f3]:DecodeUtteranceLatticeFaster():decoder-wrappers.cc:375) Log-like per frame for utterance MC05_147 is -3.40225 over 153 frames.
MC05_165 panxiweu 
LOG (gmm-latgen-faster[5.5.1074~1-71f3]:DecodeUtteranceLatticeFaster():decoder-wrappers.cc:375) Log-like per frame for utterance MC05_165 is -2.76137 over 151 frames.
MC05_170 sanddiran 
LOG (gmm-latgen-faster[5.5.1074~1-71f3]:DecodeUtteranceLatticeFaster():decoder-wrappers.cc:375) Log-like per frame for utterance MC05_170 is -3.264 over 139 frames.
MC05_176 tanxnxiir 
LOG (gmm-latgen-faster[5.5.1074~1-71f3]:DecodeUtteranceLatticeFaster():decoder-wrappers.cc:375) Log-like per frame for utterance MC05_176 is -3.24808 over 104 frames.
MC05_179 tamizh 
LOG (gmm-latgen-faster[5.5.1074~1-71f3]:DecodeUtteranceLatticeFaster():decoder-wrappers.cc:375) Log-like per frame for utterance MC05_179 is -3.31392 over 113 frames.
MC05_18 maatxtxeukkeu iruppadeu waal 
LOG (gmm-latgen-faster[5.5.1074~1-71f3]:DecodeUtteranceLatticeFaster():decoder-wrappers.cc:375) Log-like per frame for utterance MC05_18 is -3.54227 over 366 frames.
MC05_182 punidam 
LOG (gmm-latgen-faster[5.5.1074~1-71f3]:DecodeUtteranceLatticeFaster():decoder-wrappers.cc:375) Log-like per frame for utterance MC05_182 is -3.1778 over 120 frames.
MC05_187 enggalx 
LOG (gmm-latgen-faster[5.5.1074~1-71f3]:DecodeUtteranceLatticeFaster():decoder-wrappers.cc:375) Log-like per frame for utterance MC05_187 is -3.42232 over 127 frames.
MC05_20 sirxeu tulxi pereu welxlxam 
LOG (gmm-latgen-faster[5.5.1074~1-71f3]:DecodeUtteranceLatticeFaster():decoder-wrappers.cc:375) Log-like per frame for utterance MC05_20 is -3.17562 over 462 frames.
MC05_201 hastam 
LOG (gmm-latgen-faster[5.5.1074~1-71f3]:DecodeUtteranceLatticeFaster():decoder-wrappers.cc:375) Log-like per frame for utterance MC05_201 is -3.58742 over 104 frames.
MC05_202 haasanam 
LOG (gmm-latgen-faster[5.5.1074~1-71f3]:DecodeUtteranceLatticeFaster():decoder-wrappers.cc:375) Log-like per frame for utterance MC05_202 is -3.58908 over 126 frames.
MC05_203 amsanggalx 
LOG (gmm-latgen-faster[5.5.1074~1-71f3]:DecodeUtteranceLatticeFaster():decoder-wrappers.cc:375) Log-like per frame for utterance MC05_203 is -3.55423 over 151 frames.
MC05_213 kanxnxiir anjjali seluttinar 
LOG (gmm-latgen-faster[5.5.1074~1-71f3]:DecodeUtteranceLatticeFaster():decoder-wrappers.cc:375) Log-like per frame for utterance MC05_213 is -3.66719 over 326 frames.
MC05_214 puliyaip paartteu anjjeu 
LOG (gmm-latgen-faster[5.5.1074~1-71f3]:DecodeUtteranceLatticeFaster():decoder-wrappers.cc:375) Log-like per frame for utterance MC05_214 is -3.36156 over 262 frames.
MC05_217 selwam adirsxtxam tarum 
LOG (gmm-latgen-faster[5.5.1074~1-71f3]:DecodeUtteranceLatticeFaster():decoder-wrappers.cc:375) Log-like per frame for utterance MC05_217 is -3.88954 over 246 frames.
MC05_224 ahimsai wazhiyaip pinpatxrxeu 
LOG (gmm-latgen-faster[5.5.1074~1-71f3]:DecodeUtteranceLatticeFaster():decoder-wrappers.cc:375) Log-like per frame for utterance MC05_224 is -3.84728 over 300 frames.
MC05_225 jeyhindd enrxeu kuurxeu 
LOG (gmm-latgen-faster[5.5.1074~1-71f3]:DecodeUtteranceLatticeFaster():decoder-wrappers.cc:375) Log-like per frame for utterance MC05_225 is -3.73956 over 273 frames.
MC05_236 kaayccaleukkeu suudxeu kanjji sirxanddadeu 
LOG (gmm-latgen-faster[5.5.1074~1-71f3]:DecodeUtteranceLatticeFaster():decoder-wrappers.cc:375) Log-like per frame for utterance MC05_236 is -3.54645 over 428 frames.
MC05_239 unxmai kai kodxeukkum 
LOG (gmm-latgen-faster[5.5.1074~1-71f3]:DecodeUtteranceLatticeFaster():decoder-wrappers.cc:375) Log-like per frame for utterance MC05_239 is -3.77201 over 223 frames.
MC05_24 karumbeu inikkum 
LOG (gmm-latgen-faster[5.5.1074~1-71f3]:DecodeUtteranceLatticeFaster():decoder-wrappers.cc:375) Log-like per frame for utterance MC05_24 is -3.39484 over 247 frames.
MC05_244 talaiwar warugai uurjidam aanadeu 
LOG (gmm-latgen-faster[5.5.1074~1-71f3]:DecodeUtteranceLatticeFaster():decoder-wrappers.cc:375) Log-like per frame for utterance MC05_244 is -3.51114 over 412 frames.
MC05_246 uuham seyyaadee 
LOG (gmm-latgen-faster[5.5.1074~1-71f3]:DecodeUtteranceLatticeFaster():decoder-wrappers.cc:375) Log-like per frame for utterance MC05_246 is -3.32003 over 237 frames.
MC05_25 tanggattin wilai uyarnddadeu 
LOG (gmm-latgen-faster[5.5.1074~1-71f3]:DecodeUtteranceLatticeFaster():decoder-wrappers.cc:375) Log-like per frame for utterance MC05_25 is -3.6349 over 368 frames.
MC05_252 enxnxey teeytteuk kulxi 
LOG (gmm-latgen-faster[5.5.1074~1-71f3]:DecodeUtteranceLatticeFaster():decoder-wrappers.cc:375) Log-like per frame for utterance MC05_252 is -3.45601 over 255 frames.
MC05_254 eerikkeu appaal wiidxeu 
LOG (gmm-latgen-faster[5.5.1074~1-71f3]:DecodeUtteranceLatticeFaster():decoder-wrappers.cc:375) Log-like per frame for utterance MC05_254 is -3.58675 over 312 frames.
MC05_268 lanjja ozhippeu satxtxam ndalla tiirweu 
LOG (gmm-latgen-faster[5.5.1074~1-71f3]:DecodeUtteranceLatticeFaster():decoder-wrappers.cc:375) Log-like per frame for utterance MC05_268 is -3.69711 over 397 frames.
MC05_27 padxitteup patxtxam perxeu 
LOG (gmm-latgen-faster[5.5.1074~1-71f3]:DecodeUtteranceLatticeFaster():decoder-wrappers.cc:375) Log-like per frame for utterance MC05_27 is -3.04022 over 325 frames.
MC05_270 suuriyan olxi weppam 
LOG (gmm-latgen-faster[5.5.1074~1-71f3]:DecodeUtteranceLatticeFaster():decoder-wrappers.cc:375) Log-like per frame for utterance MC05_270 is -3.66659 over 272 frames.
MC05_271 onrxaam paagam ndanrxaaga irunddadeu 
LOG (gmm-latgen-faster[5.5.1074~1-71f3]:DecodeUtteranceLatticeFaster():decoder-wrappers.cc:375) Log-like per frame for utterance MC05_271 is -3.37038 over 418 frames.
MC05_28 padxam paartteu kadai sol 
LOG (gmm-latgen-faster[5.5.1074~1-71f3]:DecodeUtteranceLatticeFaster():decoder-wrappers.cc:375) Log-like per frame for utterance MC05_28 is -3.16577 over 397 frames.
MC05_281 kudxumbam oreu kadambam 
LOG (gmm-latgen-faster[5.5.1074~1-71f3]:DecodeUtteranceLatticeFaster():decoder-wrappers.cc:375) Log-like per frame for utterance MC05_281 is -3.58377 over 255 frames.
MC05_288 ndaan eppozhudum sanddoosxamaaga iruppeen 
LOG (gmm-latgen-faster[5.5.1074~1-71f3]:DecodeUtteranceLatticeFaster():decoder-wrappers.cc:375) Log-like per frame for utterance MC05_288 is -3.65686 over 424 frames.
MC05_30 agal watxtxam pagal mazhai 
LOG (gmm-latgen-faster[5.5.1074~1-71f3]:DecodeUtteranceLatticeFaster():decoder-wrappers.cc:375) Log-like per frame for utterance MC05_30 is -3.29325 over 354 frames.
MC05_300 sutxrxeu suuzhal sugaadaaram pinpatxrxeu 
LOG (gmm-latgen-faster[5.5.1074~1-71f3]:DecodeUtteranceLatticeFaster():decoder-wrappers.cc:375) Log-like per frame for utterance MC05_300 is -3.9896 over 389 frames.
MC05_303 njaayirxeu widxumurxai kadxai adxaippeu 
LOG (gmm-latgen-faster[5.5.1074~1-71f3]:DecodeUtteranceLatticeFaster():decoder-wrappers.cc:375) Log-like per frame for utterance MC05_303 is -3.79652 over 373 frames.
MC05_306 tii muutxtxi tii wibatteu ndadxanddadeu 
LOG (gmm-latgen-faster[5.5.1074~1-71f3]:DecodeUtteranceLatticeFaster():decoder-wrappers.cc:375) Log-like per frame for utterance MC05_306 is -3.48368 over 402 frames.
MC05_308 malar tuuwi waazhtteu 
LOG (gmm-latgen-faster[5.5.1074~1-71f3]:DecodeUtteranceLatticeFaster():decoder-wrappers.cc:375) Log-like per frame for utterance MC05_308 is -3.53549 over 250 frames.
MC05_311 purxaa tuudeu anuppa tolai duuram parxanddadeu 
LOG (gmm-latgen-faster[5.5.1074~1-71f3]:DecodeUtteranceLatticeFaster():decoder-wrappers.cc:375) Log-like per frame for utterance MC05_311 is -3.64643 over 524 frames.
MC05_318 inrxeu mazhai ndiidxikkum 
LOG (gmm-latgen-faster[5.5.1074~1-71f3]:DecodeUtteranceLatticeFaster():decoder-wrappers.cc:375) Log-like per frame for utterance MC05_318 is -3.41058 over 265 frames.
MC05_328 indda raajaa endda baasxai peesinaar 
LOG (gmm-latgen-faster[5.5.1074~1-71f3]:DecodeUtteranceLatticeFaster():decoder-wrappers.cc:375) Log-like per frame for utterance MC05_328 is -4.00426 over 385 frames.
MC05_33 paarttaal puunai paaynddaal puli 
LOG (gmm-latgen-faster[5.5.1074~1-71f3]:DecodeUtteranceLatticeFaster():decoder-wrappers.cc:375) Log-like per frame for utterance MC05_33 is -3.07684 over 484 frames.
MC05_339 etxtxeukkaali oreu puucci 
LOG (gmm-latgen-faster[5.5.1074~1-71f3]:DecodeUtteranceLatticeFaster():decoder-wrappers.cc:375) Log-like per frame for utterance MC05_339 is -3.51696 over 289 frames.
MC05_345 indda maiyanggalx inggeu ulxlxadeu 
LOG (gmm-latgen-faster[5.5.1074~1-71f3]:DecodeUtteranceLatticeFaster():decoder-wrappers.cc:375) Log-like per frame for utterance MC05_345 is -3.59763 over 332 frames.
MC05_348 lajjai enrxaal wekkam 
LOG (gmm-latgen-faster[5.5.1074~1-71f3]:DecodeUtteranceLatticeFaster():decoder-wrappers.cc:375) Log-like per frame for utterance MC05_348 is -3.60938 over 319 frames.
MC05_349 tuukkam udxaleukkeu ndalladeu 
LOG (gmm-latgen-faster[5.5.1074~1-71f3]:DecodeUtteranceLatticeFaster():decoder-wrappers.cc:375) Log-like per frame for utterance MC05_349 is -3.35335 over 316 frames.
MC05_351 widxaa muyarxci walxarcci tarum 
LOG (gmm-latgen-faster[5.5.1074~1-71f3]:DecodeUtteranceLatticeFaster():decoder-wrappers.cc:375) Log-like per frame for utterance MC05_351 is -3.81577 over 319 frames.
MC05_358 jaadi illaiyadxi paappaa 
LOG (gmm-latgen-faster[5.5.1074~1-71f3]:DecodeUtteranceLatticeFaster():decoder-wrappers.cc:375) Log-like per frame for utterance MC05_358 is -3.28099 over 332 frames.
MC05_36 paanam arunddeu 
LOG (gmm-latgen-faster[5.5.1074~1-71f3]:DecodeUtteranceLatticeFaster():decoder-wrappers.cc:375) Log-like per frame for utterance MC05_36 is -3.16327 over 265 frames.
MC05_363 ndiinggalx sxeemamaaga irunggalx 
LOG (gmm-latgen-faster[5.5.1074~1-71f3]:DecodeUtteranceLatticeFaster():decoder-wrappers.cc:375) Log-like per frame for utterance MC05_363 is -3.50593 over 396 frames.
MC05_46 manx waasanai 
LOG (gmm-latgen-faster[5.5.1074~1-71f3]:DecodeUtteranceLatticeFaster():decoder-wrappers.cc:375) Log-like per frame for utterance MC05_46 is -3.18454 over 231 frames.
LOG (apply-cmvn[5.5.1074~1-71f3]:main():apply-cmvn.cc:162) Applied cepstral mean normalization to 75 utterances, errors on 0
MC05_50 ndunggeu inikkum 
LOG (gmm-latgen-faster[5.5.1074~1-71f3]:DecodeUtteranceLatticeFaster():decoder-wrappers.cc:375) Log-like per frame for utterance MC05_50 is -3.09534 over 249 frames.
MC05_66 uurudxan waazh 
LOG (gmm-latgen-faster[5.5.1074~1-71f3]:DecodeUtteranceLatticeFaster():decoder-wrappers.cc:375) Log-like per frame for utterance MC05_66 is -3.40454 over 220 frames.
MC05_68 kanddaiyaanaalum kasakkik katxtxeu 
LOG (gmm-latgen-faster[5.5.1074~1-71f3]:DecodeUtteranceLatticeFaster():decoder-wrappers.cc:375) Log-like per frame for utterance MC05_68 is -3.54888 over 332 frames.
MC05_82 aatxrxin ooram karai 
LOG (gmm-latgen-faster[5.5.1074~1-71f3]:DecodeUtteranceLatticeFaster():decoder-wrappers.cc:375) Log-like per frame for utterance MC05_82 is -3.28539 over 296 frames.
MC05_83 aadxaiyil padxiwadeu karxai 
LOG (gmm-latgen-faster[5.5.1074~1-71f3]:DecodeUtteranceLatticeFaster():decoder-wrappers.cc:375) Log-like per frame for utterance MC05_83 is -3.24358 over 300 frames.
MC05_84 aatxrxil waruwadeu welxlxam 
LOG (gmm-latgen-faster[5.5.1074~1-71f3]:DecodeUtteranceLatticeFaster():decoder-wrappers.cc:375) Log-like per frame for utterance MC05_84 is -3.28931 over 303 frames.
LOG (transform-feats[5.5.1074~1-71f3]:main():transform-feats.cc:158) Overall average [pseudo-]logdet is -90.923 over 20060 frames.
LOG (transform-feats[5.5.1074~1-71f3]:main():transform-feats.cc:161) Applied transform to 75 utterances; 0 had errors.
MC05_85 aasaiyaay tinbadeu wellam 
LOG (gmm-latgen-faster[5.5.1074~1-71f3]:DecodeUtteranceLatticeFaster():decoder-wrappers.cc:375) Log-like per frame for utterance MC05_85 is -3.51563 over 274 frames.
MC05_87 marattai arxuppadeu waazh 
LOG (gmm-latgen-faster[5.5.1074~1-71f3]:DecodeUtteranceLatticeFaster():decoder-wrappers.cc:375) Log-like per frame for utterance MC05_87 is -3.39243 over 309 frames.
LOG (gmm-latgen-faster[5.5.1074~1-71f3]:main():gmm-latgen-faster.cc:176) Time taken 1.82691s: real-time factor assuming 100 frames/sec is 0.0091072
LOG (gmm-latgen-faster[5.5.1074~1-71f3]:main():gmm-latgen-faster.cc:179) Done 75 utterances, failed for 0
LOG (gmm-latgen-faster[5.5.1074~1-71f3]:main():gmm-latgen-faster.cc:181) Overall log-likelihood per frame is -3.42759 over 20060 frames.
# Accounting: time=2 threads=1
# Ended (code 0) at Thu Aug  3 11:46:11 IST 2023, elapsed time 2 seconds
