# gmm-latgen-faster --max-active=7000 --beam=13.0 --lattice-beam=6.0 --acoustic-scale=0.083333 --allow-partial=true --word-symbol-table=exp_FG/ldamllt/words.txt exp_FG/ldamllt/final.mdl exp_FG/ldamllt/HCLG.fst "ark,s,cs:apply-cmvn  --utt2spk=ark:data/test/split10/6/utt2spk scp:data/test/split10/6/cmvn.scp scp:data/test/split10/6/feats.scp ark:- | splice-feats  ark:- ark:- | transform-feats exp_FG/ldamllt/final.mat ark:- ark:- |" "ark:|gzip -c > exp_FG/ldamllt/decode/lat.6.gz" 
# Started at Thu Aug  3 11:46:09 IST 2023
#
gmm-latgen-faster --max-active=7000 --beam=13.0 --lattice-beam=6.0 --acoustic-scale=0.083333 --allow-partial=true --word-symbol-table=exp_FG/ldamllt/words.txt exp_FG/ldamllt/final.mdl exp_FG/ldamllt/HCLG.fst 'ark,s,cs:apply-cmvn  --utt2spk=ark:data/test/split10/6/utt2spk scp:data/test/split10/6/cmvn.scp scp:data/test/split10/6/feats.scp ark:- | splice-feats  ark:- ark:- | transform-feats exp_FG/ldamllt/final.mat ark:- ark:- |' 'ark:|gzip -c > exp_FG/ldamllt/decode/lat.6.gz' 
splice-feats ark:- ark:- 
transform-feats exp_FG/ldamllt/final.mat ark:- ark:- 
apply-cmvn --utt2spk=ark:data/test/split10/6/utt2spk scp:data/test/split10/6/cmvn.scp scp:data/test/split10/6/feats.scp ark:- 
MC01_104 tootxtxattai gawani 
LOG (gmm-latgen-faster[5.5.1074~1-71f3]:DecodeUtteranceLatticeFaster():decoder-wrappers.cc:375) Log-like per frame for utterance MC01_104 is -2.95765 over 300 frames.
MC01_106 manxal kayirxeu 
LOG (gmm-latgen-faster[5.5.1074~1-71f3]:DecodeUtteranceLatticeFaster():decoder-wrappers.cc:375) Log-like per frame for utterance MC01_106 is -3.04706 over 294 frames.
MC01_107 padxa padxa 
LOG (gmm-latgen-faster[5.5.1074~1-71f3]:DecodeUtteranceLatticeFaster():decoder-wrappers.cc:375) Log-like per frame for utterance MC01_107 is -3.00268 over 226 frames.
MC01_113 isxtxam 
LOG (gmm-latgen-faster[5.5.1074~1-71f3]:DecodeUtteranceLatticeFaster():decoder-wrappers.cc:375) Log-like per frame for utterance MC01_113 is -2.88125 over 162 frames.
MC01_119 paanam 
LOG (gmm-latgen-faster[5.5.1074~1-71f3]:DecodeUtteranceLatticeFaster():decoder-wrappers.cc:375) Log-like per frame for utterance MC01_119 is -2.87953 over 106 frames.
MC01_123 pappadxam 
LOG (gmm-latgen-faster[5.5.1074~1-71f3]:DecodeUtteranceLatticeFaster():decoder-wrappers.cc:375) Log-like per frame for utterance MC01_123 is -3.19077 over 123 frames.
MC01_126 iiram 
LOG (gmm-latgen-faster[5.5.1074~1-71f3]:DecodeUtteranceLatticeFaster():decoder-wrappers.cc:375) Log-like per frame for utterance MC01_126 is -2.75831 over 162 frames.
MC01_127 rambam 
LOG (gmm-latgen-faster[5.5.1074~1-71f3]:DecodeUtteranceLatticeFaster():decoder-wrappers.cc:375) Log-like per frame for utterance MC01_127 is -2.62073 over 219 frames.
MC01_130 saram 
LOG (gmm-latgen-faster[5.5.1074~1-71f3]:DecodeUtteranceLatticeFaster():decoder-wrappers.cc:375) Log-like per frame for utterance MC01_130 is -2.93257 over 147 frames.
MC01_140 taraadaram 
LOG (gmm-latgen-faster[5.5.1074~1-71f3]:DecodeUtteranceLatticeFaster():decoder-wrappers.cc:375) Log-like per frame for utterance MC01_140 is -2.93139 over 198 frames.
MC01_157 karuttaranggam 
LOG (gmm-latgen-faster[5.5.1074~1-71f3]:DecodeUtteranceLatticeFaster():decoder-wrappers.cc:375) Log-like per frame for utterance MC01_157 is -2.90663 over 258 frames.
MC01_158 padxam 
LOG (gmm-latgen-faster[5.5.1074~1-71f3]:DecodeUtteranceLatticeFaster():decoder-wrappers.cc:375) Log-like per frame for utterance MC01_158 is -2.62465 over 155 frames.
MC01_176 tanxnxiir 
LOG (gmm-latgen-faster[5.5.1074~1-71f3]:DecodeUtteranceLatticeFaster():decoder-wrappers.cc:375) Log-like per frame for utterance MC01_176 is -2.86774 over 162 frames.
MC01_180 tanddai 
LOG (gmm-latgen-faster[5.5.1074~1-71f3]:DecodeUtteranceLatticeFaster():decoder-wrappers.cc:375) Log-like per frame for utterance MC01_180 is -2.72429 over 210 frames.
MC01_181 moodiram 
LOG (gmm-latgen-faster[5.5.1074~1-71f3]:DecodeUtteranceLatticeFaster():decoder-wrappers.cc:375) Log-like per frame for utterance MC01_181 is -2.81693 over 159 frames.
MC01_199 harisxtxam 
LOG (gmm-latgen-faster[5.5.1074~1-71f3]:DecodeUtteranceLatticeFaster():decoder-wrappers.cc:375) Log-like per frame for utterance MC01_199 is -3.00545 over 193 frames.
MC01_203 amsanggalx 
LOG (gmm-latgen-faster[5.5.1074~1-71f3]:DecodeUtteranceLatticeFaster():decoder-wrappers.cc:375) Log-like per frame for utterance MC01_203 is -2.86139 over 229 frames.
MC01_205 kaanjjipuram 
LOG (gmm-latgen-faster[5.5.1074~1-71f3]:DecodeUtteranceLatticeFaster():decoder-wrappers.cc:375) Log-like per frame for utterance MC01_205 is -3.14647 over 202 frames.
MC01_21 paappaa padxam paar 
LOG (gmm-latgen-faster[5.5.1074~1-71f3]:DecodeUtteranceLatticeFaster():decoder-wrappers.cc:375) Log-like per frame for utterance MC01_21 is -3.37886 over 299 frames.
MC01_217 selwam adirsxtxam tarum 
LOG (gmm-latgen-faster[5.5.1074~1-71f3]:DecodeUtteranceLatticeFaster():decoder-wrappers.cc:375) Log-like per frame for utterance MC01_217 is -3.44578 over 349 frames.
MC01_218 widiyai miirxinaal abaraadam 
LOG (gmm-latgen-faster[5.5.1074~1-71f3]:DecodeUtteranceLatticeFaster():decoder-wrappers.cc:375) Log-like per frame for utterance MC01_218 is -3.07118 over 440 frames.
MC01_223 asxtxalaksxmi puujai ndalamalxikkum 
LOG (gmm-latgen-faster[5.5.1074~1-71f3]:DecodeUtteranceLatticeFaster():decoder-wrappers.cc:375) Log-like per frame for utterance MC01_223 is -3.74844 over 358 frames.
MC01_224 ahimsai wazhiyaip pinpatxrxeu 
LOG (gmm-latgen-faster[5.5.1074~1-71f3]:DecodeUtteranceLatticeFaster():decoder-wrappers.cc:375) Log-like per frame for utterance MC01_224 is -3.5181 over 338 frames.
MC01_225 jeyhindd enrxeu kuurxeu 
LOG (gmm-latgen-faster[5.5.1074~1-71f3]:DecodeUtteranceLatticeFaster():decoder-wrappers.cc:375) Log-like per frame for utterance MC01_225 is -3.25597 over 283 frames.
MC01_226 aanggilam oreu mozhi 
LOG (gmm-latgen-faster[5.5.1074~1-71f3]:DecodeUtteranceLatticeFaster():decoder-wrappers.cc:375) Log-like per frame for utterance MC01_226 is -3.30503 over 239 frames.
MC01_228 raamar aajar aanaar 
LOG (gmm-latgen-faster[5.5.1074~1-71f3]:DecodeUtteranceLatticeFaster():decoder-wrappers.cc:375) Log-like per frame for utterance MC01_228 is -3.40358 over 288 frames.
MC01_230 anggee inggee paarkkaadee 
LOG (gmm-latgen-faster[5.5.1074~1-71f3]:DecodeUtteranceLatticeFaster():decoder-wrappers.cc:375) Log-like per frame for utterance MC01_230 is -3.17314 over 346 frames.
MC01_231 injji maruttuwa gunxam waaynddadeu 
LOG (gmm-latgen-faster[5.5.1074~1-71f3]:DecodeUtteranceLatticeFaster():decoder-wrappers.cc:375) Log-like per frame for utterance MC01_231 is -2.90084 over 548 frames.
MC01_239 unxmai kai kodxeukkum 
LOG (gmm-latgen-faster[5.5.1074~1-71f3]:DecodeUtteranceLatticeFaster():decoder-wrappers.cc:375) Log-like per frame for utterance MC01_239 is -3.23464 over 314 frames.
MC01_251 kanrxeu unxaweukkeu eenggum 
LOG (gmm-latgen-faster[5.5.1074~1-71f3]:DecodeUtteranceLatticeFaster():decoder-wrappers.cc:375) Log-like per frame for utterance MC01_251 is -3.34425 over 393 frames.
MC01_256 eewuganxai eenddeu 
LOG (gmm-latgen-faster[5.5.1074~1-71f3]:DecodeUtteranceLatticeFaster():decoder-wrappers.cc:375) Log-like per frame for utterance MC01_256 is -2.81174 over 370 frames.
MC01_257 awan eezhai illai 
LOG (gmm-latgen-faster[5.5.1074~1-71f3]:DecodeUtteranceLatticeFaster():decoder-wrappers.cc:375) Log-like per frame for utterance MC01_257 is -3.42554 over 255 frames.
MC01_261 onbadeu koolxgalx ulxlxadeu 
LOG (gmm-latgen-faster[5.5.1074~1-71f3]:DecodeUtteranceLatticeFaster():decoder-wrappers.cc:375) Log-like per frame for utterance MC01_261 is -3.34439 over 314 frames.
MC01_263 idxa odeukkiidxeu sey 
LOG (gmm-latgen-faster[5.5.1074~1-71f3]:DecodeUtteranceLatticeFaster():decoder-wrappers.cc:375) Log-like per frame for utterance MC01_263 is -3.14164 over 263 frames.
MC01_265 tozhil oppudal sey 
LOG (gmm-latgen-faster[5.5.1074~1-71f3]:DecodeUtteranceLatticeFaster():decoder-wrappers.cc:375) Log-like per frame for utterance MC01_265 is -2.89132 over 381 frames.
MC01_266 biins oruwagai kaay 
LOG (gmm-latgen-faster[5.5.1074~1-71f3]:DecodeUtteranceLatticeFaster():decoder-wrappers.cc:375) Log-like per frame for utterance MC01_266 is -2.78596 over 457 frames.
MC01_269 ndadxai ozhunggeu sey 
LOG (gmm-latgen-faster[5.5.1074~1-71f3]:DecodeUtteranceLatticeFaster():decoder-wrappers.cc:375) Log-like per frame for utterance MC01_269 is -2.94455 over 298 frames.
MC01_271 onrxaam paagam ndanrxaaga irunddadeu 
LOG (gmm-latgen-faster[5.5.1074~1-71f3]:DecodeUtteranceLatticeFaster():decoder-wrappers.cc:375) Log-like per frame for utterance MC01_271 is -3.24014 over 401 frames.
MC01_288 ndaan eppozhudum sanddoosxamaaga iruppeen 
LOG (gmm-latgen-faster[5.5.1074~1-71f3]:DecodeUtteranceLatticeFaster():decoder-wrappers.cc:375) Log-like per frame for utterance MC01_288 is -3.56067 over 423 frames.
MC01_293 guruwai sisxyan wanxangginaan 
LOG (gmm-latgen-faster[5.5.1074~1-71f3]:DecodeUtteranceLatticeFaster():decoder-wrappers.cc:375) Log-like per frame for utterance MC01_293 is -3.62712 over 343 frames.
MC01_311 purxaa tuudeu anuppa tolai duuram parxanddadeu 
LOG (gmm-latgen-faster[5.5.1074~1-71f3]:DecodeUtteranceLatticeFaster():decoder-wrappers.cc:375) Log-like per frame for utterance MC01_311 is -3.52677 over 491 frames.
MC01_313 kutxtxaiyil tanxnxiir teenggiyadeu 
LOG (gmm-latgen-faster[5.5.1074~1-71f3]:DecodeUtteranceLatticeFaster():decoder-wrappers.cc:375) Log-like per frame for utterance MC01_313 is -3.16634 over 372 frames.
MC01_315 toosxattirxkeu parigaaram sey 
LOG (gmm-latgen-faster[5.5.1074~1-71f3]:DecodeUtteranceLatticeFaster():decoder-wrappers.cc:375) Log-like per frame for utterance MC01_315 is -3.23417 over 433 frames.
MC01_325 panjjeu nderuppil karugiyadeu 
LOG (gmm-latgen-faster[5.5.1074~1-71f3]:DecodeUtteranceLatticeFaster():decoder-wrappers.cc:375) Log-like per frame for utterance MC01_325 is -3.23916 over 365 frames.
MC01_327 kaalai bajanai migawum pirabalam 
LOG (gmm-latgen-faster[5.5.1074~1-71f3]:DecodeUtteranceLatticeFaster():decoder-wrappers.cc:375) Log-like per frame for utterance MC01_327 is -3.18837 over 520 frames.
MC01_33 paarttaal puunai paaynddaal puli 
LOG (gmm-latgen-faster[5.5.1074~1-71f3]:DecodeUtteranceLatticeFaster():decoder-wrappers.cc:375) Log-like per frame for utterance MC01_33 is -3.10289 over 447 frames.
MC01_330 buwaneesxwar uuril puugambam 
LOG (gmm-latgen-faster[5.5.1074~1-71f3]:DecodeUtteranceLatticeFaster():decoder-wrappers.cc:375) Log-like per frame for utterance MC01_330 is -3.18123 over 443 frames.
MC01_331 puurwa jenma banddam 
LOG (gmm-latgen-faster[5.5.1074~1-71f3]:DecodeUtteranceLatticeFaster():decoder-wrappers.cc:375) Log-like per frame for utterance MC01_331 is -2.89053 over 333 frames.
MC01_337 raagi poosxaakkaana unxaweu 
LOG (gmm-latgen-faster[5.5.1074~1-71f3]:DecodeUtteranceLatticeFaster():decoder-wrappers.cc:375) Log-like per frame for utterance MC01_337 is -3.24 over 352 frames.
MC01_342 muulxai illaadawan mutxtxaalx 
LOG (gmm-latgen-faster[5.5.1074~1-71f3]:DecodeUtteranceLatticeFaster():decoder-wrappers.cc:375) Log-like per frame for utterance MC01_342 is -2.72789 over 477 frames.
MC01_355 jadxai pinni weesxam poodxeu 
LOG (gmm-latgen-faster[5.5.1074~1-71f3]:DecodeUtteranceLatticeFaster():decoder-wrappers.cc:375) Log-like per frame for utterance MC01_355 is -3.06555 over 375 frames.
MC01_357 janamee ndam balam 
LOG (gmm-latgen-faster[5.5.1074~1-71f3]:DecodeUtteranceLatticeFaster():decoder-wrappers.cc:375) Log-like per frame for utterance MC01_357 is -3.11978 over 315 frames.
MC01_363 ndiinggalx sxeemamaaga irunggalx 
LOG (gmm-latgen-faster[5.5.1074~1-71f3]:DecodeUtteranceLatticeFaster():decoder-wrappers.cc:375) Log-like per frame for utterance MC01_363 is -2.8509 over 515 frames.
MC01_38 pambaram suzhatxrxeu 
LOG (gmm-latgen-faster[5.5.1074~1-71f3]:DecodeUtteranceLatticeFaster():decoder-wrappers.cc:375) Log-like per frame for utterance MC01_38 is -3.66444 over 225 frames.
MC01_44 onrxee kulam onrxee jaadi 
LOG (gmm-latgen-faster[5.5.1074~1-71f3]:DecodeUtteranceLatticeFaster():decoder-wrappers.cc:375) Log-like per frame for utterance MC01_44 is -3.36124 over 403 frames.
MC01_53 inggeu tangguwadarxkeu ilawasam 
LOG (gmm-latgen-faster[5.5.1074~1-71f3]:DecodeUtteranceLatticeFaster():decoder-wrappers.cc:375) Log-like per frame for utterance MC01_53 is -3.14264 over 376 frames.
MC01_55 makkalx mannarai waazhttinaargalx 
LOG (gmm-latgen-faster[5.5.1074~1-71f3]:DecodeUtteranceLatticeFaster():decoder-wrappers.cc:375) Log-like per frame for utterance MC01_55 is -3.42723 over 360 frames.
MC01_62 ooywinrxi uzhai 
LOG (gmm-latgen-faster[5.5.1074~1-71f3]:DecodeUtteranceLatticeFaster():decoder-wrappers.cc:375) Log-like per frame for utterance MC01_62 is -3.22659 over 252 frames.
MC01_68 kanddaiyaanaalum kasakkik katxtxeu 
LOG (gmm-latgen-faster[5.5.1074~1-71f3]:DecodeUtteranceLatticeFaster():decoder-wrappers.cc:375) Log-like per frame for utterance MC01_68 is -3.08078 over 406 frames.
LOG (apply-cmvn[5.5.1074~1-71f3]:main():apply-cmvn.cc:162) Applied cepstral mean normalization to 66 utterances, errors on 0
MC01_69 kuyil kuuwum 
LOG (gmm-latgen-faster[5.5.1074~1-71f3]:DecodeUtteranceLatticeFaster():decoder-wrappers.cc:375) Log-like per frame for utterance MC01_69 is -3.25147 over 214 frames.
MC01_70 ndari uulxaiyidxum 
LOG (gmm-latgen-faster[5.5.1074~1-71f3]:DecodeUtteranceLatticeFaster():decoder-wrappers.cc:375) Log-like per frame for utterance MC01_70 is -3.17802 over 208 frames.
MC01_75 alxaweukkeu minjjinaal amudamum wisxam 
LOG (gmm-latgen-faster[5.5.1074~1-71f3]:DecodeUtteranceLatticeFaster():decoder-wrappers.cc:375) Log-like per frame for utterance MC01_75 is -3.81231 over 344 frames.
MC01_76 ikkaraikkeu akkaraip paccai 
LOG (gmm-latgen-faster[5.5.1074~1-71f3]:DecodeUtteranceLatticeFaster():decoder-wrappers.cc:375) Log-like per frame for utterance MC01_76 is -3.65817 over 289 frames.
MC01_79 tiiraakkoobam pooraay mudxiyum 
LOG (gmm-latgen-faster[5.5.1074~1-71f3]:DecodeUtteranceLatticeFaster():decoder-wrappers.cc:375) Log-like per frame for utterance MC01_79 is -3.11006 over 426 frames.
LOG (transform-feats[5.5.1074~1-71f3]:main():transform-feats.cc:158) Overall average [pseudo-]logdet is -90.923 over 20876 frames.
LOG (transform-feats[5.5.1074~1-71f3]:main():transform-feats.cc:161) Applied transform to 66 utterances; 0 had errors.
MC01_83 aadxaiyil padxiwadeu karxai 
LOG (gmm-latgen-faster[5.5.1074~1-71f3]:DecodeUtteranceLatticeFaster():decoder-wrappers.cc:375) Log-like per frame for utterance MC01_83 is -3.15857 over 343 frames.
MC01_98 accamillaadawan ambalam eerxuwaan 
LOG (gmm-latgen-faster[5.5.1074~1-71f3]:DecodeUtteranceLatticeFaster():decoder-wrappers.cc:375) Log-like per frame for utterance MC01_98 is -3.37608 over 387 frames.
LOG (gmm-latgen-faster[5.5.1074~1-71f3]:main():gmm-latgen-faster.cc:176) Time taken 1.99352s: real-time factor assuming 100 frames/sec is 0.00954935
LOG (gmm-latgen-faster[5.5.1074~1-71f3]:main():gmm-latgen-faster.cc:179) Done 66 utterances, failed for 0
LOG (gmm-latgen-faster[5.5.1074~1-71f3]:main():gmm-latgen-faster.cc:181) Overall log-likelihood per frame is -3.16713 over 20876 frames.
# Accounting: time=2 threads=1
# Ended (code 0) at Thu Aug  3 11:46:11 IST 2023, elapsed time 2 seconds
