# gmm-latgen-faster --max-active=7000 --beam=13.0 --lattice-beam=6.0 --acoustic-scale=0.083333 --allow-partial=true --word-symbol-table=exp_FG/ldamllt/words.txt exp_FG/ldamllt/final.mdl exp_FG/ldamllt/HCLG.fst "ark,s,cs:apply-cmvn  --utt2spk=ark:data/test/split10/4/utt2spk scp:data/test/split10/4/cmvn.scp scp:data/test/split10/4/feats.scp ark:- | splice-feats  ark:- ark:- | transform-feats exp_FG/ldamllt/final.mat ark:- ark:- |" "ark:|gzip -c > exp_FG/ldamllt/decode/lat.4.gz" 
# Started at Thu Aug  3 11:46:09 IST 2023
#
gmm-latgen-faster --max-active=7000 --beam=13.0 --lattice-beam=6.0 --acoustic-scale=0.083333 --allow-partial=true --word-symbol-table=exp_FG/ldamllt/words.txt exp_FG/ldamllt/final.mdl exp_FG/ldamllt/HCLG.fst 'ark,s,cs:apply-cmvn  --utt2spk=ark:data/test/split10/4/utt2spk scp:data/test/split10/4/cmvn.scp scp:data/test/split10/4/feats.scp ark:- | splice-feats  ark:- ark:- | transform-feats exp_FG/ldamllt/final.mat ark:- ark:- |' 'ark:|gzip -c > exp_FG/ldamllt/decode/lat.4.gz' 
transform-feats exp_FG/ldamllt/final.mat ark:- ark:- 
apply-cmvn --utt2spk=ark:data/test/split10/4/utt2spk scp:data/test/split10/4/cmvn.scp scp:data/test/split10/4/feats.scp ark:- 
splice-feats ark:- ark:- 
FC04_110 panjjaanggam 
LOG (gmm-latgen-faster[5.5.1074~1-71f3]:DecodeUtteranceLatticeFaster():decoder-wrappers.cc:375) Log-like per frame for utterance FC04_110 is -2.13554 over 380 frames.
FC04_113 isxtxam 
LOG (gmm-latgen-faster[5.5.1074~1-71f3]:DecodeUtteranceLatticeFaster():decoder-wrappers.cc:375) Log-like per frame for utterance FC04_113 is -2.22154 over 264 frames.
FC04_114 danusxkoodxi 
LOG (gmm-latgen-faster[5.5.1074~1-71f3]:DecodeUtteranceLatticeFaster():decoder-wrappers.cc:375) Log-like per frame for utterance FC04_114 is -2.52917 over 313 frames.
FC04_119 paanam 
LOG (gmm-latgen-faster[5.5.1074~1-71f3]:DecodeUtteranceLatticeFaster():decoder-wrappers.cc:375) Log-like per frame for utterance FC04_119 is -2.02824 over 230 frames.
FC04_121 pambaram 
LOG (gmm-latgen-faster[5.5.1074~1-71f3]:DecodeUtteranceLatticeFaster():decoder-wrappers.cc:375) Log-like per frame for utterance FC04_121 is -2.1536 over 264 frames.
FC04_134 kadxam 
LOG (gmm-latgen-faster[5.5.1074~1-71f3]:DecodeUtteranceLatticeFaster():decoder-wrappers.cc:375) Log-like per frame for utterance FC04_134 is -2.15623 over 197 frames.
FC04_142 raagam 
LOG (gmm-latgen-faster[5.5.1074~1-71f3]:DecodeUtteranceLatticeFaster():decoder-wrappers.cc:375) Log-like per frame for utterance FC04_142 is -2.75445 over 197 frames.
FC04_158 padxam 
LOG (gmm-latgen-faster[5.5.1074~1-71f3]:DecodeUtteranceLatticeFaster():decoder-wrappers.cc:375) Log-like per frame for utterance FC04_158 is -2.25305 over 197 frames.
FC04_165 panxiweu 
LOG (gmm-latgen-faster[5.5.1074~1-71f3]:DecodeUtteranceLatticeFaster():decoder-wrappers.cc:375) Log-like per frame for utterance FC04_165 is -2.46363 over 197 frames.
FC04_17 muyarxci udxaiyaar igazhcci adxaiyaar 
LOG (gmm-latgen-faster[5.5.1074~1-71f3]:DecodeUtteranceLatticeFaster():decoder-wrappers.cc:375) Log-like per frame for utterance FC04_17 is -3.38149 over 487 frames.
FC04_174 paccai 
LOG (gmm-latgen-faster[5.5.1074~1-71f3]:DecodeUtteranceLatticeFaster():decoder-wrappers.cc:375) Log-like per frame for utterance FC04_174 is -2.61281 over 197 frames.
FC04_176 tanxnxiir 
LOG (gmm-latgen-faster[5.5.1074~1-71f3]:DecodeUtteranceLatticeFaster():decoder-wrappers.cc:375) Log-like per frame for utterance FC04_176 is -2.25145 over 272 frames.
FC04_182 punidam 
LOG (gmm-latgen-faster[5.5.1074~1-71f3]:DecodeUtteranceLatticeFaster():decoder-wrappers.cc:375) Log-like per frame for utterance FC04_182 is -2.37774 over 189 frames.
FC04_183 maambazham 
LOG (gmm-latgen-faster[5.5.1074~1-71f3]:DecodeUtteranceLatticeFaster():decoder-wrappers.cc:375) Log-like per frame for utterance FC04_183 is -2.16716 over 280 frames.
FC04_185 magudxi 
LOG (gmm-latgen-faster[5.5.1074~1-71f3]:DecodeUtteranceLatticeFaster():decoder-wrappers.cc:375) Log-like per frame for utterance FC04_185 is -2.49054 over 222 frames.
FC04_186 kani 
LOG (gmm-latgen-faster[5.5.1074~1-71f3]:DecodeUtteranceLatticeFaster():decoder-wrappers.cc:375) Log-like per frame for utterance FC04_186 is -2.32834 over 205 frames.
FC04_190 kuranggeu 
LOG (gmm-latgen-faster[5.5.1074~1-71f3]:DecodeUtteranceLatticeFaster():decoder-wrappers.cc:375) Log-like per frame for utterance FC04_190 is -2.42397 over 214 frames.
FC04_192 ndaadam 
LOG (gmm-latgen-faster[5.5.1074~1-71f3]:DecodeUtteranceLatticeFaster():decoder-wrappers.cc:375) Log-like per frame for utterance FC04_192 is -2.10332 over 238 frames.
FC04_195 saami 
LOG (gmm-latgen-faster[5.5.1074~1-71f3]:DecodeUtteranceLatticeFaster():decoder-wrappers.cc:375) Log-like per frame for utterance FC04_195 is -2.55986 over 263 frames.
FC04_197 kunggumam 
LOG (gmm-latgen-faster[5.5.1074~1-71f3]:DecodeUtteranceLatticeFaster():decoder-wrappers.cc:375) Log-like per frame for utterance FC04_197 is -2.39909 over 288 frames.
FC04_200 hanuman 
LOG (gmm-latgen-faster[5.5.1074~1-71f3]:DecodeUtteranceLatticeFaster():decoder-wrappers.cc:375) Log-like per frame for utterance FC04_200 is -2.40599 over 313 frames.
FC04_205 kaanjjipuram 
LOG (gmm-latgen-faster[5.5.1074~1-71f3]:DecodeUtteranceLatticeFaster():decoder-wrappers.cc:375) Log-like per frame for utterance FC04_205 is -2.11668 over 413 frames.
FC04_208 teejas 
LOG (gmm-latgen-faster[5.5.1074~1-71f3]:DecodeUtteranceLatticeFaster():decoder-wrappers.cc:375) Log-like per frame for utterance FC04_208 is -2.53138 over 239 frames.
FC04_215 anaittum adxanggiya toguppeu 
LOG (gmm-latgen-faster[5.5.1074~1-71f3]:DecodeUtteranceLatticeFaster():decoder-wrappers.cc:375) Log-like per frame for utterance FC04_215 is -3.08149 over 471 frames.
FC04_217 selwam adirsxtxam tarum 
LOG (gmm-latgen-faster[5.5.1074~1-71f3]:DecodeUtteranceLatticeFaster():decoder-wrappers.cc:375) Log-like per frame for utterance FC04_217 is -2.84587 over 446 frames.
FC04_219 siwaneukkeu abisxeegam seydanar 
LOG (gmm-latgen-faster[5.5.1074~1-71f3]:DecodeUtteranceLatticeFaster():decoder-wrappers.cc:375) Log-like per frame for utterance FC04_219 is -2.90438 over 537 frames.
FC04_222 kanxnxeukkeu mai azhageu 
LOG (gmm-latgen-faster[5.5.1074~1-71f3]:DecodeUtteranceLatticeFaster():decoder-wrappers.cc:375) Log-like per frame for utterance FC04_222 is -3.00308 over 381 frames.
FC04_234 iisaana muulaiyil amaraadee 
LOG (gmm-latgen-faster[5.5.1074~1-71f3]:DecodeUtteranceLatticeFaster():decoder-wrappers.cc:375) Log-like per frame for utterance FC04_234 is -2.49969 over 662 frames.
FC04_238 uccam todxeu 
LOG (gmm-latgen-faster[5.5.1074~1-71f3]:DecodeUtteranceLatticeFaster():decoder-wrappers.cc:375) Log-like per frame for utterance FC04_238 is -2.30876 over 436 frames.
FC04_240 saarxeu urxinjji arunddeu 
LOG (gmm-latgen-faster[5.5.1074~1-71f3]:DecodeUtteranceLatticeFaster():decoder-wrappers.cc:375) Log-like per frame for utterance FC04_240 is -3.26909 over 397 frames.
FC04_249 pirxareukkeu suuniyam seyyaadee 
LOG (gmm-latgen-faster[5.5.1074~1-71f3]:DecodeUtteranceLatticeFaster():decoder-wrappers.cc:375) Log-like per frame for utterance FC04_249 is -2.91361 over 456 frames.
FC04_26 ganxeesanait tudi 
LOG (gmm-latgen-faster[5.5.1074~1-71f3]:DecodeUtteranceLatticeFaster():decoder-wrappers.cc:375) Log-like per frame for utterance FC04_26 is -2.7243 over 363 frames.
FC04_262 otxtxeuk keetxpadeu tawarxeu 
LOG (gmm-latgen-faster[5.5.1074~1-71f3]:DecodeUtteranceLatticeFaster():decoder-wrappers.cc:375) Log-like per frame for utterance FC04_262 is -2.74619 over 449 frames.
FC04_265 tozhil oppudal sey 
LOG (gmm-latgen-faster[5.5.1074~1-71f3]:DecodeUtteranceLatticeFaster():decoder-wrappers.cc:375) Log-like per frame for utterance FC04_265 is -2.62643 over 459 frames.
FC04_268 lanjja ozhippeu satxtxam ndalla tiirweu 
LOG (gmm-latgen-faster[5.5.1074~1-71f3]:DecodeUtteranceLatticeFaster():decoder-wrappers.cc:375) Log-like per frame for utterance FC04_268 is -3.37237 over 539 frames.
FC04_280 kucci mitxtxaay inippeu suwai 
LOG (gmm-latgen-faster[5.5.1074~1-71f3]:DecodeUtteranceLatticeFaster():decoder-wrappers.cc:375) Log-like per frame for utterance FC04_280 is -3.27913 over 485 frames.
FC04_288 ndaan eppozhudum sanddoosxamaaga iruppeen 
LOG (gmm-latgen-faster[5.5.1074~1-71f3]:DecodeUtteranceLatticeFaster():decoder-wrappers.cc:375) Log-like per frame for utterance FC04_288 is -3.25414 over 613 frames.
FC04_294 siikkiram eerxpaadxeu sey 
LOG (gmm-latgen-faster[5.5.1074~1-71f3]:DecodeUtteranceLatticeFaster():decoder-wrappers.cc:375) Log-like per frame for utterance FC04_294 is -3.28821 over 362 frames.
FC04_296 iratxtxai suzhi sirxuwan seetxtxai seywaan 
LOG (gmm-latgen-faster[5.5.1074~1-71f3]:DecodeUtteranceLatticeFaster():decoder-wrappers.cc:375) Log-like per frame for utterance FC04_296 is -3.57345 over 497 frames.
FC04_297 suutxcamam arxinddeu seyalpadxeu 
LOG (gmm-latgen-faster[5.5.1074~1-71f3]:DecodeUtteranceLatticeFaster():decoder-wrappers.cc:375) Log-like per frame for utterance FC04_297 is -3.59791 over 391 frames.
FC04_299 kaalxi suulam eenddinaan 
LOG (gmm-latgen-faster[5.5.1074~1-71f3]:DecodeUtteranceLatticeFaster():decoder-wrappers.cc:375) Log-like per frame for utterance FC04_299 is -3.24897 over 381 frames.
FC04_302 enakkeu njaabaga marxadi unxdxeu 
LOG (gmm-latgen-faster[5.5.1074~1-71f3]:DecodeUtteranceLatticeFaster():decoder-wrappers.cc:375) Log-like per frame for utterance FC04_302 is -3.73552 over 423 frames.
FC04_307 un seyaleukkeut tiirweu kaanxeu 
LOG (gmm-latgen-faster[5.5.1074~1-71f3]:DecodeUtteranceLatticeFaster():decoder-wrappers.cc:375) Log-like per frame for utterance FC04_307 is -3.21828 over 443 frames.
FC04_308 malar tuuwi waazhtteu 
LOG (gmm-latgen-faster[5.5.1074~1-71f3]:DecodeUtteranceLatticeFaster():decoder-wrappers.cc:375) Log-like per frame for utterance FC04_308 is -2.92762 over 388 frames.
FC04_320 banggalxaadeesx oreu ndaadxeu 
LOG (gmm-latgen-faster[5.5.1074~1-71f3]:DecodeUtteranceLatticeFaster():decoder-wrappers.cc:375) Log-like per frame for utterance FC04_320 is -3.37912 over 369 frames.
FC04_328 indda raajaa endda baasxai peesinaar 
LOG (gmm-latgen-faster[5.5.1074~1-71f3]:DecodeUtteranceLatticeFaster():decoder-wrappers.cc:375) Log-like per frame for utterance FC04_328 is -3.2719 over 578 frames.
FC04_330 buwaneesxwar uuril puugambam 
LOG (gmm-latgen-faster[5.5.1074~1-71f3]:DecodeUtteranceLatticeFaster():decoder-wrappers.cc:375) Log-like per frame for utterance FC04_330 is -3.27 over 510 frames.
FC04_332 inrxeu puujaiyil kalanddeu kolx 
LOG (gmm-latgen-faster[5.5.1074~1-71f3]:DecodeUtteranceLatticeFaster():decoder-wrappers.cc:375) Log-like per frame for utterance FC04_332 is -3.1839 over 430 frames.
FC04_336 pooliyaana waazhkkai tawir 
LOG (gmm-latgen-faster[5.5.1074~1-71f3]:DecodeUtteranceLatticeFaster():decoder-wrappers.cc:375) Log-like per frame for utterance FC04_336 is -3.0133 over 439 frames.
FC04_337 raagi poosxaakkaana unxaweu 
LOG (gmm-latgen-faster[5.5.1074~1-71f3]:DecodeUtteranceLatticeFaster():decoder-wrappers.cc:375) Log-like per frame for utterance FC04_337 is -3.10156 over 478 frames.
FC04_34 otxrxumaiyee balam 
LOG (gmm-latgen-faster[5.5.1074~1-71f3]:DecodeUtteranceLatticeFaster():decoder-wrappers.cc:375) Log-like per frame for utterance FC04_34 is -2.95736 over 280 frames.
FC04_341 miin kanxnxeukkeu ndalladeu 
LOG (gmm-latgen-faster[5.5.1074~1-71f3]:DecodeUtteranceLatticeFaster():decoder-wrappers.cc:375) Log-like per frame for utterance FC04_341 is -2.93342 over 407 frames.
FC04_345 indda maiyanggalx enggeu ulxlxadeu 
LOG (gmm-latgen-faster[5.5.1074~1-71f3]:DecodeUtteranceLatticeFaster():decoder-wrappers.cc:375) Log-like per frame for utterance FC04_345 is -3.03027 over 468 frames.
FC04_347 risxikkeu roosxam adigam 
LOG (gmm-latgen-faster[5.5.1074~1-71f3]:DecodeUtteranceLatticeFaster():decoder-wrappers.cc:375) Log-like per frame for utterance FC04_347 is -3.37188 over 391 frames.
FC04_348 lajjai enrxaal wekkam 
LOG (gmm-latgen-faster[5.5.1074~1-71f3]:DecodeUtteranceLatticeFaster():decoder-wrappers.cc:375) Log-like per frame for utterance FC04_348 is -3.23093 over 472 frames.
FC04_365 winjnjaana walxarcci ndaatxtxeu walxarcci 
LOG (gmm-latgen-faster[5.5.1074~1-71f3]:DecodeUtteranceLatticeFaster():decoder-wrappers.cc:375) Log-like per frame for utterance FC04_365 is -2.95775 over 620 frames.
FC04_39 parambarai sotteu 
LOG (gmm-latgen-faster[5.5.1074~1-71f3]:DecodeUtteranceLatticeFaster():decoder-wrappers.cc:375) Log-like per frame for utterance FC04_39 is -2.6324 over 421 frames.
FC04_4 unxmaiyee peeseu 
LOG (gmm-latgen-faster[5.5.1074~1-71f3]:DecodeUtteranceLatticeFaster():decoder-wrappers.cc:375) Log-like per frame for utterance FC04_4 is -2.96644 over 280 frames.
FC04_44 onrxee kulam onrxee jaadi 
LOG (gmm-latgen-faster[5.5.1074~1-71f3]:DecodeUtteranceLatticeFaster():decoder-wrappers.cc:375) Log-like per frame for utterance FC04_44 is -2.96484 over 512 frames.
FC04_46 manx waasanai 
LOG (gmm-latgen-faster[5.5.1074~1-71f3]:DecodeUtteranceLatticeFaster():decoder-wrappers.cc:375) Log-like per frame for utterance FC04_46 is -2.93838 over 264 frames.
FC04_53 inggeu tangguwadarxkeu ilawasam 
LOG (gmm-latgen-faster[5.5.1074~1-71f3]:DecodeUtteranceLatticeFaster():decoder-wrappers.cc:375) Log-like per frame for utterance FC04_53 is -3.00662 over 479 frames.
FC04_67 kiizhoor aayinum taazha urai 
LOG (gmm-latgen-faster[5.5.1074~1-71f3]:DecodeUtteranceLatticeFaster():decoder-wrappers.cc:375) Log-like per frame for utterance FC04_67 is -2.8827 over 612 frames.
FC04_72 senddamizhum ndaappazhakkam 
LOG (gmm-latgen-faster[5.5.1074~1-71f3]:DecodeUtteranceLatticeFaster():decoder-wrappers.cc:375) Log-like per frame for utterance FC04_72 is -3.15764 over 379 frames.
FC04_75 alxaweukkeu minjjinaal amudamum wisxam 
LOG (gmm-latgen-faster[5.5.1074~1-71f3]:DecodeUtteranceLatticeFaster():decoder-wrappers.cc:375) Log-like per frame for utterance FC04_75 is -3.03603 over 628 frames.
FC04_86 suwaril uurwadeu palli 
LOG (gmm-latgen-faster[5.5.1074~1-71f3]:DecodeUtteranceLatticeFaster():decoder-wrappers.cc:375) Log-like per frame for utterance FC04_86 is -2.82948 over 462 frames.
LOG (apply-cmvn[5.5.1074~1-71f3]:main():apply-cmvn.cc:162) Applied cepstral mean normalization to 70 utterances, errors on 0
FC04_88 yaadum uuree yaawarum keelxir 
LOG (gmm-latgen-faster[5.5.1074~1-71f3]:DecodeUtteranceLatticeFaster():decoder-wrappers.cc:375) Log-like per frame for utterance FC04_88 is -3.0127 over 637 frames.
FC04_89 tiidum ndanrxum pirxar tara waaraa 
LOG (gmm-latgen-faster[5.5.1074~1-71f3]:DecodeUtteranceLatticeFaster():decoder-wrappers.cc:375) Log-like per frame for utterance FC04_89 is -3.0776 over 521 frames.
FC04_90 murxpagal seyyin pirxpagal wilxaiyum 
LOG (gmm-latgen-faster[5.5.1074~1-71f3]:DecodeUtteranceLatticeFaster():decoder-wrappers.cc:375) Log-like per frame for utterance FC04_90 is -3.01111 over 579 frames.
LOG (transform-feats[5.5.1074~1-71f3]:main():transform-feats.cc:158) Overall average [pseudo-]logdet is -90.923 over 27795 frames.
LOG (transform-feats[5.5.1074~1-71f3]:main():transform-feats.cc:161) Applied transform to 70 utterances; 0 had errors.
FC04_94 kedxuwaan keedxeu ndinaippaan 
LOG (gmm-latgen-faster[5.5.1074~1-71f3]:DecodeUtteranceLatticeFaster():decoder-wrappers.cc:375) Log-like per frame for utterance FC04_94 is -2.60057 over 595 frames.
FC04_96 wanxdxi izhuppadeu kaalxai 
LOG (gmm-latgen-faster[5.5.1074~1-71f3]:DecodeUtteranceLatticeFaster():decoder-wrappers.cc:375) Log-like per frame for utterance FC04_96 is -2.95227 over 346 frames.
LOG (gmm-latgen-faster[5.5.1074~1-71f3]:main():gmm-latgen-faster.cc:176) Time taken 2.42774s: real-time factor assuming 100 frames/sec is 0.00873445
LOG (gmm-latgen-faster[5.5.1074~1-71f3]:main():gmm-latgen-faster.cc:179) Done 70 utterances, failed for 0
LOG (gmm-latgen-faster[5.5.1074~1-71f3]:main():gmm-latgen-faster.cc:181) Overall log-likelihood per frame is -2.90241 over 27795 frames.
# Accounting: time=3 threads=1
# Ended (code 0) at Thu Aug  3 11:46:12 IST 2023, elapsed time 3 seconds
