# gmm-latgen-faster --max-active=7000 --beam=13.0 --lattice-beam=6.0 --acoustic-scale=0.083333 --allow-partial=true --word-symbol-table=exp_FG/ldamllt/words.txt exp_FG/ldamllt/final.mdl exp_FG/ldamllt/HCLG.fst "ark,s,cs:apply-cmvn  --utt2spk=ark:data/test/split10/2/utt2spk scp:data/test/split10/2/cmvn.scp scp:data/test/split10/2/feats.scp ark:- | splice-feats  ark:- ark:- | transform-feats exp_FG/ldamllt/final.mat ark:- ark:- |" "ark:|gzip -c > exp_FG/ldamllt/decode/lat.2.gz" 
# Started at Thu Aug  3 11:46:09 IST 2023
#
gmm-latgen-faster --max-active=7000 --beam=13.0 --lattice-beam=6.0 --acoustic-scale=0.083333 --allow-partial=true --word-symbol-table=exp_FG/ldamllt/words.txt exp_FG/ldamllt/final.mdl exp_FG/ldamllt/HCLG.fst 'ark,s,cs:apply-cmvn  --utt2spk=ark:data/test/split10/2/utt2spk scp:data/test/split10/2/cmvn.scp scp:data/test/split10/2/feats.scp ark:- | splice-feats  ark:- ark:- | transform-feats exp_FG/ldamllt/final.mat ark:- ark:- |' 'ark:|gzip -c > exp_FG/ldamllt/decode/lat.2.gz' 
splice-feats ark:- ark:- 
apply-cmvn --utt2spk=ark:data/test/split10/2/utt2spk scp:data/test/split10/2/cmvn.scp scp:data/test/split10/2/feats.scp ark:- 
transform-feats exp_FG/ldamllt/final.mat ark:- ark:- 
FC02_106 manxal kayirxeu 
LOG (gmm-latgen-faster[5.5.1074~1-71f3]:DecodeUtteranceLatticeFaster():decoder-wrappers.cc:375) Log-like per frame for utterance FC02_106 is -3.6538 over 177 frames.
FC02_107 padxa padxa 
LOG (gmm-latgen-faster[5.5.1074~1-71f3]:DecodeUtteranceLatticeFaster():decoder-wrappers.cc:375) Log-like per frame for utterance FC02_107 is -3.45918 over 151 frames.
FC02_11 yaanai pilxirxum 
LOG (gmm-latgen-faster[5.5.1074~1-71f3]:DecodeUtteranceLatticeFaster():decoder-wrappers.cc:375) Log-like per frame for utterance FC02_11 is -3.2929 over 266 frames.
FC02_119 paanam 
LOG (gmm-latgen-faster[5.5.1074~1-71f3]:DecodeUtteranceLatticeFaster():decoder-wrappers.cc:375) Log-like per frame for utterance FC02_119 is -3.23464 over 133 frames.
FC02_124 pazham 
LOG (gmm-latgen-faster[5.5.1074~1-71f3]:DecodeUtteranceLatticeFaster():decoder-wrappers.cc:375) Log-like per frame for utterance FC02_124 is -3.29952 over 169 frames.
FC02_128 kariim 
LOG (gmm-latgen-faster[5.5.1074~1-71f3]:DecodeUtteranceLatticeFaster():decoder-wrappers.cc:375) Log-like per frame for utterance FC02_128 is -3.12778 over 143 frames.
FC02_136 padakkam 
LOG (gmm-latgen-faster[5.5.1074~1-71f3]:DecodeUtteranceLatticeFaster():decoder-wrappers.cc:375) Log-like per frame for utterance FC02_136 is -3.16626 over 150 frames.
FC02_142 raagam 
LOG (gmm-latgen-faster[5.5.1074~1-71f3]:DecodeUtteranceLatticeFaster():decoder-wrappers.cc:375) Log-like per frame for utterance FC02_142 is -3.36453 over 143 frames.
FC02_143 sidambaram 
LOG (gmm-latgen-faster[5.5.1074~1-71f3]:DecodeUtteranceLatticeFaster():decoder-wrappers.cc:375) Log-like per frame for utterance FC02_143 is -3.29938 over 172 frames.
FC02_145 maadam 
LOG (gmm-latgen-faster[5.5.1074~1-71f3]:DecodeUtteranceLatticeFaster():decoder-wrappers.cc:375) Log-like per frame for utterance FC02_145 is -3.47435 over 127 frames.
FC02_169 padxar 
LOG (gmm-latgen-faster[5.5.1074~1-71f3]:DecodeUtteranceLatticeFaster():decoder-wrappers.cc:375) Log-like per frame for utterance FC02_169 is -3.44229 over 111 frames.
FC02_175 puttagam 
LOG (gmm-latgen-faster[5.5.1074~1-71f3]:DecodeUtteranceLatticeFaster():decoder-wrappers.cc:375) Log-like per frame for utterance FC02_175 is -3.25294 over 137 frames.
FC02_179 tamizh 
LOG (gmm-latgen-faster[5.5.1074~1-71f3]:DecodeUtteranceLatticeFaster():decoder-wrappers.cc:375) Log-like per frame for utterance FC02_179 is -3.22056 over 127 frames.
FC02_180 tanddai 
LOG (gmm-latgen-faster[5.5.1074~1-71f3]:DecodeUtteranceLatticeFaster():decoder-wrappers.cc:375) Log-like per frame for utterance FC02_180 is -3.11585 over 143 frames.
FC02_186 kani 
LOG (gmm-latgen-faster[5.5.1074~1-71f3]:DecodeUtteranceLatticeFaster():decoder-wrappers.cc:375) Log-like per frame for utterance FC02_186 is -3.02018 over 140 frames.
FC02_188 manxal 
LOG (gmm-latgen-faster[5.5.1074~1-71f3]:DecodeUtteranceLatticeFaster():decoder-wrappers.cc:375) Log-like per frame for utterance FC02_188 is -3.05757 over 143 frames.
FC02_191 maadulxai 
LOG (gmm-latgen-faster[5.5.1074~1-71f3]:DecodeUtteranceLatticeFaster():decoder-wrappers.cc:375) Log-like per frame for utterance FC02_191 is -3.85785 over 182 frames.
FC02_204 aarjidam 
LOG (gmm-latgen-faster[5.5.1074~1-71f3]:DecodeUtteranceLatticeFaster():decoder-wrappers.cc:375) Log-like per frame for utterance FC02_204 is -3.67205 over 150 frames.
FC02_205 kaanjjipuram 
LOG (gmm-latgen-faster[5.5.1074~1-71f3]:DecodeUtteranceLatticeFaster():decoder-wrappers.cc:375) Log-like per frame for utterance FC02_205 is -3.82788 over 162 frames.
FC02_214 puliyaip paartteu anjjeu 
LOG (gmm-latgen-faster[5.5.1074~1-71f3]:DecodeUtteranceLatticeFaster():decoder-wrappers.cc:375) Log-like per frame for utterance FC02_214 is -4.05747 over 272 frames.
FC02_232 kari jadxai inxai 
LOG (gmm-latgen-faster[5.5.1074~1-71f3]:DecodeUtteranceLatticeFaster():decoder-wrappers.cc:375) Log-like per frame for utterance FC02_232 is -4.34482 over 224 frames.
FC02_233 isxtxam pool waazhalaam 
LOG (gmm-latgen-faster[5.5.1074~1-71f3]:DecodeUtteranceLatticeFaster():decoder-wrappers.cc:375) Log-like per frame for utterance FC02_233 is -4.30135 over 273 frames.
FC02_234 inggee saram muulaiyil amaraadee 
LOG (gmm-latgen-faster[5.5.1074~1-71f3]:DecodeUtteranceLatticeFaster():decoder-wrappers.cc:375) Log-like per frame for utterance FC02_234 is -4.33716 over 299 frames.
FC02_236 kaayccaleukkeu suudxeu kanjji sirxanddadeu 
LOG (gmm-latgen-faster[5.5.1074~1-71f3]:DecodeUtteranceLatticeFaster():decoder-wrappers.cc:375) Log-like per frame for utterance FC02_236 is -4.35831 over 383 frames.
FC02_239 unxmai kai kodxeukkum 
LOG (gmm-latgen-faster[5.5.1074~1-71f3]:DecodeUtteranceLatticeFaster():decoder-wrappers.cc:375) Log-like per frame for utterance FC02_239 is -4.94214 over 224 frames.
FC02_243 tolaikkaatxci oreu uudxagam 
LOG (gmm-latgen-faster[5.5.1074~1-71f3]:DecodeUtteranceLatticeFaster():decoder-wrappers.cc:375) Log-like per frame for utterance FC02_243 is -4.01648 over 422 frames.
FC02_244 talaiwar warugai uurjidam aanadeu 
LOG (gmm-latgen-faster[5.5.1074~1-71f3]:DecodeUtteranceLatticeFaster():decoder-wrappers.cc:375) Log-like per frame for utterance FC02_244 is -4.42462 over 383 frames.
FC02_247 adeu ndirxaindda uur 
LOG (gmm-latgen-faster[5.5.1074~1-71f3]:DecodeUtteranceLatticeFaster():decoder-wrappers.cc:375) Log-like per frame for utterance FC02_247 is -4.53107 over 250 frames.
FC02_249 pirxareukkeu suuniyam seyyaadee 
LOG (gmm-latgen-faster[5.5.1074~1-71f3]:DecodeUtteranceLatticeFaster():decoder-wrappers.cc:375) Log-like per frame for utterance FC02_249 is -4.14294 over 325 frames.
FC02_250 inrxeu palxlxiyil ezhutteup pootxtxi 
LOG (gmm-latgen-faster[5.5.1074~1-71f3]:DecodeUtteranceLatticeFaster():decoder-wrappers.cc:375) Log-like per frame for utterance FC02_250 is -4.40647 over 399 frames.
FC02_251 kanjji uur unxaweukkeu eenggum 
LOG (gmm-latgen-faster[5.5.1074~1-71f3]:DecodeUtteranceLatticeFaster():decoder-wrappers.cc:375) Log-like per frame for utterance FC02_251 is -4.67048 over 325 frames.
FC02_252 en mai teeytteuk kulxi 
LOG (gmm-latgen-faster[5.5.1074~1-71f3]:DecodeUtteranceLatticeFaster():decoder-wrappers.cc:375) Log-like per frame for utterance FC02_252 is -4.27419 over 270 frames.
FC02_256 eewuganxai eenddeu 
LOG (gmm-latgen-faster[5.5.1074~1-71f3]:DecodeUtteranceLatticeFaster():decoder-wrappers.cc:375) Log-like per frame for utterance FC02_256 is -3.85381 over 283 frames.
FC02_257 awan eezhai illai 
LOG (gmm-latgen-faster[5.5.1074~1-71f3]:DecodeUtteranceLatticeFaster():decoder-wrappers.cc:375) Log-like per frame for utterance FC02_257 is -4.13147 over 250 frames.
FC02_26 ganxeesanait tudi 
LOG (gmm-latgen-faster[5.5.1074~1-71f3]:DecodeUtteranceLatticeFaster():decoder-wrappers.cc:375) Log-like per frame for utterance FC02_26 is -3.86555 over 240 frames.
FC02_263 idxa odeukkiidxeu sey 
LOG (gmm-latgen-faster[5.5.1074~1-71f3]:DecodeUtteranceLatticeFaster():decoder-wrappers.cc:375) Log-like per frame for utterance FC02_263 is -4.24803 over 257 frames.
FC02_264 madippenx oppiidxeu tawarxeu 
LOG (gmm-latgen-faster[5.5.1074~1-71f3]:DecodeUtteranceLatticeFaster():decoder-wrappers.cc:375) Log-like per frame for utterance FC02_264 is -4.80272 over 283 frames.
FC02_266 biins oruwagai kaay 
LOG (gmm-latgen-faster[5.5.1074~1-71f3]:DecodeUtteranceLatticeFaster():decoder-wrappers.cc:375) Log-like per frame for utterance FC02_266 is -4.26407 over 289 frames.
FC02_267 awasara oli ezhuppeu 
LOG (gmm-latgen-faster[5.5.1074~1-71f3]:DecodeUtteranceLatticeFaster():decoder-wrappers.cc:375) Log-like per frame for utterance FC02_267 is -4.66102 over 273 frames.
FC02_269 ndadxai ozhunggeu sey 
LOG (gmm-latgen-faster[5.5.1074~1-71f3]:DecodeUtteranceLatticeFaster():decoder-wrappers.cc:375) Log-like per frame for utterance FC02_269 is -3.82551 over 241 frames.
FC02_27 padxitteup patxtxam perxeu 
LOG (gmm-latgen-faster[5.5.1074~1-71f3]:DecodeUtteranceLatticeFaster():decoder-wrappers.cc:375) Log-like per frame for utterance FC02_27 is -3.27823 over 272 frames.
FC02_273 oolaiccuwadxi padxi 
LOG (gmm-latgen-faster[5.5.1074~1-71f3]:DecodeUtteranceLatticeFaster():decoder-wrappers.cc:375) Log-like per frame for utterance FC02_273 is -4.56044 over 243 frames.
FC02_276 waay kai kasxtxam ndirxainddadeu 
LOG (gmm-latgen-faster[5.5.1074~1-71f3]:DecodeUtteranceLatticeFaster():decoder-wrappers.cc:375) Log-like per frame for utterance FC02_276 is -4.51236 over 305 frames.
FC02_277 kaasxmiir wadxakkeu pagudiyil ulxlxadeu 
LOG (gmm-latgen-faster[5.5.1074~1-71f3]:DecodeUtteranceLatticeFaster():decoder-wrappers.cc:375) Log-like per frame for utterance FC02_277 is -4.32789 over 428 frames.
FC02_286 koowil gooburam uyaramaanadeu 
LOG (gmm-latgen-faster[5.5.1074~1-71f3]:DecodeUtteranceLatticeFaster():decoder-wrappers.cc:375) Log-like per frame for utterance FC02_286 is -4.74267 over 318 frames.
FC02_289 samacciir kalwi murxaiyaanadeu 
LOG (gmm-latgen-faster[5.5.1074~1-71f3]:DecodeUtteranceLatticeFaster():decoder-wrappers.cc:375) Log-like per frame for utterance FC02_289 is -4.3358 over 315 frames.
FC02_298 asuran tawam irunddaan 
LOG (gmm-latgen-faster[5.5.1074~1-71f3]:DecodeUtteranceLatticeFaster():decoder-wrappers.cc:375) Log-like per frame for utterance FC02_298 is -4.42775 over 305 frames.
FC02_3 aasaiyaik kurxai 
LOG (gmm-latgen-faster[5.5.1074~1-71f3]:DecodeUtteranceLatticeFaster():decoder-wrappers.cc:375) Log-like per frame for utterance FC02_3 is -3.11641 over 272 frames.
FC02_310 mudal sisxyan tusxtxa seyal seywaan 
LOG (gmm-latgen-faster[5.5.1074~1-71f3]:DecodeUtteranceLatticeFaster():decoder-wrappers.cc:375) Log-like per frame for utterance FC02_310 is -4.98082 over 357 frames.
FC02_314 toonrxiya pugazhin toonrxuga 
LOG (gmm-latgen-faster[5.5.1074~1-71f3]:DecodeUtteranceLatticeFaster():decoder-wrappers.cc:375) Log-like per frame for utterance FC02_314 is -4.82723 over 305 frames.
FC02_317 paambin ndanjjeu kodxiyadeu 
LOG (gmm-latgen-faster[5.5.1074~1-71f3]:DecodeUtteranceLatticeFaster():decoder-wrappers.cc:375) Log-like per frame for utterance FC02_317 is -4.46161 over 321 frames.
FC02_328 inrxeu aajar enrxeu baasxai peesinaar 
LOG (gmm-latgen-faster[5.5.1074~1-71f3]:DecodeUtteranceLatticeFaster():decoder-wrappers.cc:375) Log-like per frame for utterance FC02_328 is -5.04024 over 409 frames.
FC02_332 inrxeu puujaiyil kalanddeu kolx 
LOG (gmm-latgen-faster[5.5.1074~1-71f3]:DecodeUtteranceLatticeFaster():decoder-wrappers.cc:375) Log-like per frame for utterance FC02_332 is -4.21712 over 422 frames.
FC02_337 raagi poosxaakkaana unxaweu 
LOG (gmm-latgen-faster[5.5.1074~1-71f3]:DecodeUtteranceLatticeFaster():decoder-wrappers.cc:375) Log-like per frame for utterance FC02_337 is -4.29649 over 380 frames.
FC02_343 tozhilil muuladanam poodxa weenxdxum 
LOG (gmm-latgen-faster[5.5.1074~1-71f3]:DecodeUtteranceLatticeFaster():decoder-wrappers.cc:375) Log-like per frame for utterance FC02_343 is -4.83571 over 347 frames.
FC02_345 inrxeu mayil unggalx enggeu ulxlxadeu 
LOG (gmm-latgen-faster[5.5.1074~1-71f3]:DecodeUtteranceLatticeFaster():decoder-wrappers.cc:375) Log-like per frame for utterance FC02_345 is -4.39556 over 370 frames.
FC02_350 laksxmi muga laksxanxam ulxlxa penx 
LOG (gmm-latgen-faster[5.5.1074~1-71f3]:DecodeUtteranceLatticeFaster():decoder-wrappers.cc:375) Log-like per frame for utterance FC02_350 is -5.18763 over 402 frames.
FC02_45 jagattinai azhittidxuwoom 
LOG (gmm-latgen-faster[5.5.1074~1-71f3]:DecodeUtteranceLatticeFaster():decoder-wrappers.cc:375) Log-like per frame for utterance FC02_45 is -3.81515 over 314 frames.
FC02_48 sanggee muzhanggeu 
LOG (gmm-latgen-faster[5.5.1074~1-71f3]:DecodeUtteranceLatticeFaster():decoder-wrappers.cc:375) Log-like per frame for utterance FC02_48 is -3.2742 over 256 frames.
FC02_51 kunggumam siwappeu 
LOG (gmm-latgen-faster[5.5.1074~1-71f3]:DecodeUtteranceLatticeFaster():decoder-wrappers.cc:375) Log-like per frame for utterance FC02_51 is -4.10404 over 240 frames.
FC02_55 makkalx mannarai waazhttinaargalx 
LOG (gmm-latgen-faster[5.5.1074~1-71f3]:DecodeUtteranceLatticeFaster():decoder-wrappers.cc:375) Log-like per frame for utterance FC02_55 is -4.07472 over 356 frames.
LOG (apply-cmvn[5.5.1074~1-71f3]:main():apply-cmvn.cc:162) Applied cepstral mean normalization to 69 utterances, errors on 0
FC02_58 iiwadeu ndalladeu 
LOG (gmm-latgen-faster[5.5.1074~1-71f3]:DecodeUtteranceLatticeFaster():decoder-wrappers.cc:375) Log-like per frame for utterance FC02_58 is -3.65033 over 214 frames.
FC02_64 kalwiyee sirxandda selwam 
LOG (gmm-latgen-faster[5.5.1074~1-71f3]:DecodeUtteranceLatticeFaster():decoder-wrappers.cc:375) Log-like per frame for utterance FC02_64 is -3.78585 over 298 frames.
FC02_78 wallawaneukkeup pullum aayudam 
LOG (gmm-latgen-faster[5.5.1074~1-71f3]:DecodeUtteranceLatticeFaster():decoder-wrappers.cc:375) Log-like per frame for utterance FC02_78 is -4.06699 over 361 frames.
FC02_79 tiiraakkoobam pooraay mudxiyum 
LOG (gmm-latgen-faster[5.5.1074~1-71f3]:DecodeUtteranceLatticeFaster():decoder-wrappers.cc:375) Log-like per frame for utterance FC02_79 is -3.92044 over 382 frames.
FC02_85 aasaiyaay tinbadeu wellam 
LOG (gmm-latgen-faster[5.5.1074~1-71f3]:DecodeUtteranceLatticeFaster():decoder-wrappers.cc:375) Log-like per frame for utterance FC02_85 is -3.68402 over 351 frames.
FC02_91 ndooyatxrxa waazhwee kurxaiwatxrxa selwam 
LOG (gmm-latgen-faster[5.5.1074~1-71f3]:DecodeUtteranceLatticeFaster():decoder-wrappers.cc:375) Log-like per frame for utterance FC02_91 is -4.1823 over 409 frames.
LOG (transform-feats[5.5.1074~1-71f3]:main():transform-feats.cc:158) Overall average [pseudo-]logdet is -90.923 over 18512 frames.
LOG (transform-feats[5.5.1074~1-71f3]:main():transform-feats.cc:161) Applied transform to 69 utterances; 0 had errors.
FC02_97 patxtxaam puucci 
LOG (gmm-latgen-faster[5.5.1074~1-71f3]:DecodeUtteranceLatticeFaster():decoder-wrappers.cc:375) Log-like per frame for utterance FC02_97 is -3.38994 over 245 frames.
FC02_99 adxakkamee azhageu 
LOG (gmm-latgen-faster[5.5.1074~1-71f3]:DecodeUtteranceLatticeFaster():decoder-wrappers.cc:375) Log-like per frame for utterance FC02_99 is -3.76142 over 224 frames.
LOG (gmm-latgen-faster[5.5.1074~1-71f3]:main():gmm-latgen-faster.cc:176) Time taken 1.64472s: real-time factor assuming 100 frames/sec is 0.00888463
LOG (gmm-latgen-faster[5.5.1074~1-71f3]:main():gmm-latgen-faster.cc:179) Done 69 utterances, failed for 0
LOG (gmm-latgen-faster[5.5.1074~1-71f3]:main():gmm-latgen-faster.cc:181) Overall log-likelihood per frame is -4.12071 over 18512 frames.
# Accounting: time=2 threads=1
# Ended (code 0) at Thu Aug  3 11:46:11 IST 2023, elapsed time 2 seconds
