# lattice-depth-per-frame "ark:gunzip -c exp_FG/ldamllt/decode/lat.1.gz|" "ark,t:|gzip -c > exp_FG/ldamllt/decode/depth_tmp.1.gz" ark:- | lattice-best-path --acoustic-scale=0.1 ark:- ark:/dev/null "ark,t:|gzip -c >exp_FG/ldamllt/decode/ali_tmp.1.gz" 
# Started at Thu Aug  3 11:46:12 IST 2023
#
lattice-depth-per-frame 'ark:gunzip -c exp_FG/ldamllt/decode/lat.1.gz|' 'ark,t:|gzip -c > exp_FG/ldamllt/decode/depth_tmp.1.gz' ark:- 
lattice-best-path --acoustic-scale=0.1 ark:- ark:/dev/null 'ark,t:|gzip -c >exp_FG/ldamllt/decode/ali_tmp.1.gz' 
LOG (lattice-best-path[5.5.1074~1-71f3]:main():lattice-best-path.cc:99) For utterance FC01_10, best cost 17.6688 + 1091.13 = 1108.8 over 263 frames.
LOG (lattice-best-path[5.5.1074~1-71f3]:main():lattice-best-path.cc:99) For utterance FC01_112, best cost 12.9996 + 621.023 = 634.023 over 162 frames.
LOG (lattice-best-path[5.5.1074~1-71f3]:main():lattice-best-path.cc:99) For utterance FC01_119, best cost 13.2766 + 478.672 = 491.949 over 159 frames.
LOG (lattice-best-path[5.5.1074~1-71f3]:main():lattice-best-path.cc:99) For utterance FC01_120, best cost 12.7743 + 480.51 = 493.285 over 167 frames.
LOG (lattice-best-path[5.5.1074~1-71f3]:main():lattice-best-path.cc:99) For utterance FC01_121, best cost 14.2425 + 551.298 = 565.541 over 159 frames.
LOG (lattice-best-path[5.5.1074~1-71f3]:main():lattice-best-path.cc:99) For utterance FC01_123, best cost 14.2339 + 569.064 = 583.298 over 156 frames.
LOG (lattice-best-path[5.5.1074~1-71f3]:main():lattice-best-path.cc:99) For utterance FC01_13, best cost 26.1077 + 1652.45 = 1678.56 over 429 frames.
LOG (lattice-best-path[5.5.1074~1-71f3]:main():lattice-best-path.cc:99) For utterance FC01_131, best cost 13.8868 + 562.672 = 576.559 over 170 frames.
LOG (lattice-best-path[5.5.1074~1-71f3]:main():lattice-best-path.cc:99) For utterance FC01_133, best cost 14.1886 + 623.204 = 637.392 over 202 frames.
LOG (lattice-best-path[5.5.1074~1-71f3]:main():lattice-best-path.cc:99) For utterance FC01_140, best cost 15.474 + 743.319 = 758.793 over 209 frames.
LOG (lattice-best-path[5.5.1074~1-71f3]:main():lattice-best-path.cc:99) For utterance FC01_148, best cost 13.2194 + 661.545 = 674.765 over 162 frames.
LOG (lattice-best-path[5.5.1074~1-71f3]:main():lattice-best-path.cc:99) For utterance FC01_154, best cost 13.7486 + 498.594 = 512.343 over 149 frames.
LOG (lattice-best-path[5.5.1074~1-71f3]:main():lattice-best-path.cc:99) For utterance FC01_155, best cost 14.4835 + 605.025 = 619.509 over 191 frames.
LOG (lattice-best-path[5.5.1074~1-71f3]:main():lattice-best-path.cc:99) For utterance FC01_156, best cost 15.5188 + 659.381 = 674.9 over 194 frames.
LOG (lattice-best-path[5.5.1074~1-71f3]:main():lattice-best-path.cc:99) For utterance FC01_158, best cost 13.1206 + 469.769 = 482.889 over 170 frames.
LOG (lattice-best-path[5.5.1074~1-71f3]:main():lattice-best-path.cc:99) For utterance FC01_159, best cost 12.7525 + 474.705 = 487.458 over 156 frames.
LOG (lattice-best-path[5.5.1074~1-71f3]:main():lattice-best-path.cc:99) For utterance FC01_16, best cost 30.5658 + 1977.54 = 2008.11 over 468 frames.
LOG (lattice-best-path[5.5.1074~1-71f3]:main():lattice-best-path.cc:99) For utterance FC01_164, best cost 13.0739 + 519.279 = 532.353 over 165 frames.
LOG (lattice-best-path[5.5.1074~1-71f3]:main():lattice-best-path.cc:99) For utterance FC01_168, best cost 13.3515 + 601.465 = 614.816 over 170 frames.
LOG (lattice-best-path[5.5.1074~1-71f3]:main():lattice-best-path.cc:99) For utterance FC01_174, best cost 12.7547 + 554.64 = 567.395 over 157 frames.
LOG (lattice-best-path[5.5.1074~1-71f3]:main():lattice-best-path.cc:99) For utterance FC01_176, best cost 13.3682 + 568.648 = 582.016 over 180 frames.
LOG (lattice-best-path[5.5.1074~1-71f3]:main():lattice-best-path.cc:99) For utterance FC01_178, best cost 13.6825 + 512.965 = 526.647 over 129 frames.
LOG (lattice-best-path[5.5.1074~1-71f3]:main():lattice-best-path.cc:99) For utterance FC01_183, best cost 14.537 + 605.086 = 619.623 over 180 frames.
LOG (lattice-best-path[5.5.1074~1-71f3]:main():lattice-best-path.cc:99) For utterance FC01_184, best cost 11.5838 + 516.962 = 528.546 over 128 frames.
LOG (lattice-best-path[5.5.1074~1-71f3]:main():lattice-best-path.cc:99) For utterance FC01_204, best cost 14.068 + 545.047 = 559.115 over 141 frames.
LOG (lattice-best-path[5.5.1074~1-71f3]:main():lattice-best-path.cc:99) For utterance FC01_205, best cost 15.9445 + 723.421 = 739.365 over 180 frames.
LOG (lattice-best-path[5.5.1074~1-71f3]:main():lattice-best-path.cc:99) For utterance FC01_214, best cost 23.8073 + 1578.88 = 1602.69 over 373 frames.
LOG (lattice-best-path[5.5.1074~1-71f3]:main():lattice-best-path.cc:99) For utterance FC01_221, best cost 29.4224 + 1941.46 = 1970.88 over 490 frames.
LOG (lattice-best-path[5.5.1074~1-71f3]:main():lattice-best-path.cc:99) For utterance FC01_230, best cost 24.0699 + 1454.01 = 1478.08 over 379 frames.
LOG (lattice-best-path[5.5.1074~1-71f3]:main():lattice-best-path.cc:99) For utterance FC01_231, best cost 30.8016 + 1801.86 = 1832.66 over 450 frames.
LOG (lattice-best-path[5.5.1074~1-71f3]:main():lattice-best-path.cc:99) For utterance FC01_232, best cost 18.4862 + 1297.11 = 1315.6 over 316 frames.
LOG (lattice-best-path[5.5.1074~1-71f3]:main():lattice-best-path.cc:99) For utterance FC01_240, best cost 23.5233 + 1571.26 = 1594.78 over 379 frames.
LOG (lattice-best-path[5.5.1074~1-71f3]:main():lattice-best-path.cc:99) For utterance FC01_243, best cost 25.107 + 1673.45 = 1698.56 over 423 frames.
LOG (lattice-best-path[5.5.1074~1-71f3]:main():lattice-best-path.cc:99) For utterance FC01_244, best cost 30.7771 + 2107.13 = 2137.9 over 524 frames.
LOG (lattice-best-path[5.5.1074~1-71f3]:main():lattice-best-path.cc:99) For utterance FC01_245, best cost 25.4003 + 1578.39 = 1603.79 over 431 frames.
LOG (lattice-best-path[5.5.1074~1-71f3]:main():lattice-best-path.cc:99) For utterance FC01_25, best cost 25.9711 + 1651.23 = 1677.2 over 395 frames.
LOG (lattice-best-path[5.5.1074~1-71f3]:main():lattice-best-path.cc:99) For utterance FC01_256, best cost 19.6824 + 1393.91 = 1413.6 over 329 frames.
LOG (lattice-best-path[5.5.1074~1-71f3]:main():lattice-best-path.cc:99) For utterance FC01_257, best cost 21.5618 + 1424.67 = 1446.23 over 335 frames.
LOG (lattice-best-path[5.5.1074~1-71f3]:main():lattice-best-path.cc:99) For utterance FC01_26, best cost 19.5443 + 1103.86 = 1123.4 over 268 frames.
LOG (lattice-best-path[5.5.1074~1-71f3]:main():lattice-best-path.cc:99) For utterance FC01_260, best cost 23.2243 + 1251.12 = 1274.34 over 264 frames.
LOG (lattice-best-path[5.5.1074~1-71f3]:main():lattice-best-path.cc:99) For utterance FC01_262, best cost 23.0808 + 1332.54 = 1355.62 over 333 frames.
LOG (lattice-best-path[5.5.1074~1-71f3]:main():lattice-best-path.cc:99) For utterance FC01_271, best cost 30.9087 + 2043.91 = 2074.82 over 474 frames.
LOG (lattice-best-path[5.5.1074~1-71f3]:main():lattice-best-path.cc:99) For utterance FC01_278, best cost 24.6902 + 1620.53 = 1645.22 over 395 frames.
LOG (lattice-best-path[5.5.1074~1-71f3]:main():lattice-best-path.cc:99) For utterance FC01_280, best cost 26.1484 + 1661.21 = 1687.35 over 393 frames.
LOG (lattice-best-path[5.5.1074~1-71f3]:main():lattice-best-path.cc:99) For utterance FC01_287, best cost 25.8123 + 1628.1 = 1653.92 over 405 frames.
LOG (lattice-best-path[5.5.1074~1-71f3]:main():lattice-best-path.cc:99) For utterance FC01_292, best cost 27.3802 + 1740.94 = 1768.32 over 427 frames.
LOG (lattice-best-path[5.5.1074~1-71f3]:main():lattice-best-path.cc:99) For utterance FC01_293, best cost 27.3965 + 1829.68 = 1857.08 over 451 frames.
LOG (lattice-best-path[5.5.1074~1-71f3]:main():lattice-best-path.cc:99) For utterance FC01_301, best cost 30.9562 + 1905.86 = 1936.82 over 425 frames.
LOG (lattice-best-path[5.5.1074~1-71f3]:main():lattice-best-path.cc:99) For utterance FC01_303, best cost 30.1991 + 2099.6 = 2129.8 over 504 frames.
LOG (lattice-best-path[5.5.1074~1-71f3]:main():lattice-best-path.cc:99) For utterance FC01_306, best cost 32.7407 + 2149.95 = 2182.69 over 534 frames.
LOG (lattice-best-path[5.5.1074~1-71f3]:main():lattice-best-path.cc:99) For utterance FC01_309, best cost 27.9409 + 1836.22 = 1864.16 over 433 frames.
LOG (lattice-best-path[5.5.1074~1-71f3]:main():lattice-best-path.cc:99) For utterance FC01_310, best cost 29.0223 + 1821.22 = 1850.24 over 429 frames.
LOG (lattice-best-path[5.5.1074~1-71f3]:main():lattice-best-path.cc:99) For utterance FC01_32, best cost 31.8284 + 2189.7 = 2221.53 over 553 frames.
LOG (lattice-best-path[5.5.1074~1-71f3]:main():lattice-best-path.cc:99) For utterance FC01_325, best cost 26.8055 + 1687.85 = 1714.66 over 419 frames.
LOG (lattice-best-path[5.5.1074~1-71f3]:main():lattice-best-path.cc:99) For utterance FC01_326, best cost 30.3374 + 2095.48 = 2125.81 over 502 frames.
LOG (lattice-best-path[5.5.1074~1-71f3]:main():lattice-best-path.cc:99) For utterance FC01_327, best cost 29.6086 + 1901.45 = 1931.06 over 470 frames.
LOG (lattice-depth-per-frame[5.5.1074~1-71f3]:main():lattice-depth-per-frame.cc:82) Done 80 lattices.
LOG (lattice-best-path[5.5.1074~1-71f3]:main():lattice-best-path.cc:99) For utterance FC01_334, best cost 28.1369 + 1703.51 = 1731.64 over 409 frames.
LOG (lattice-best-path[5.5.1074~1-71f3]:main():lattice-best-path.cc:99) For utterance FC01_335, best cost 21.6999 + 1284.24 = 1305.94 over 331 frames.
LOG (lattice-best-path[5.5.1074~1-71f3]:main():lattice-best-path.cc:99) For utterance FC01_339, best cost 23.3798 + 1462.04 = 1485.42 over 347 frames.
LOG (lattice-best-path[5.5.1074~1-71f3]:main():lattice-best-path.cc:99) For utterance FC01_345, best cost 29.4607 + 1771.23 = 1800.69 over 417 frames.
LOG (lattice-best-path[5.5.1074~1-71f3]:main():lattice-best-path.cc:99) For utterance FC01_348, best cost 23.9966 + 1471.63 = 1495.62 over 333 frames.
LOG (lattice-best-path[5.5.1074~1-71f3]:main():lattice-best-path.cc:99) For utterance FC01_349, best cost 25.8075 + 1464.75 = 1490.56 over 349 frames.
LOG (lattice-best-path[5.5.1074~1-71f3]:main():lattice-best-path.cc:99) For utterance FC01_35, best cost 19.7018 + 1162.13 = 1181.84 over 279 frames.
LOG (lattice-best-path[5.5.1074~1-71f3]:main():lattice-best-path.cc:99) For utterance FC01_355, best cost 27.5442 + 1788.48 = 1816.03 over 435 frames.
LOG (lattice-best-path[5.5.1074~1-71f3]:main():lattice-best-path.cc:99) For utterance FC01_362, best cost 31.5896 + 2133.47 = 2165.06 over 466 frames.
LOG (lattice-best-path[5.5.1074~1-71f3]:main():lattice-best-path.cc:99) For utterance FC01_46, best cost 17.6827 + 1065.44 = 1083.13 over 247 frames.
LOG (lattice-best-path[5.5.1074~1-71f3]:main():lattice-best-path.cc:99) For utterance FC01_5, best cost 19.4483 + 1290.36 = 1309.81 over 319 frames.
LOG (lattice-best-path[5.5.1074~1-71f3]:main():lattice-best-path.cc:99) For utterance FC01_50, best cost 19.5059 + 1048.55 = 1068.06 over 277 frames.
LOG (lattice-best-path[5.5.1074~1-71f3]:main():lattice-best-path.cc:99) For utterance FC01_59, best cost 17.6757 + 1135.45 = 1153.13 over 307 frames.
LOG (lattice-best-path[5.5.1074~1-71f3]:main():lattice-best-path.cc:99) For utterance FC01_61, best cost 19.6074 + 1325.08 = 1344.69 over 318 frames.
LOG (lattice-best-path[5.5.1074~1-71f3]:main():lattice-best-path.cc:99) For utterance FC01_63, best cost 30.452 + 2246.06 = 2276.52 over 515 frames.
LOG (lattice-best-path[5.5.1074~1-71f3]:main():lattice-best-path.cc:99) For utterance FC01_64, best cost 25.9274 + 1599.43 = 1625.36 over 361 frames.
LOG (lattice-best-path[5.5.1074~1-71f3]:main():lattice-best-path.cc:99) For utterance FC01_66, best cost 17.5193 + 974.163 = 991.682 over 240 frames.
LOG (lattice-best-path[5.5.1074~1-71f3]:main():lattice-best-path.cc:99) For utterance FC01_67, best cost 27.0962 + 1879.65 = 1906.75 over 485 frames.
LOG (lattice-best-path[5.5.1074~1-71f3]:main():lattice-best-path.cc:99) For utterance FC01_68, best cost 27.633 + 1859.8 = 1887.44 over 468 frames.
LOG (lattice-best-path[5.5.1074~1-71f3]:main():lattice-best-path.cc:99) For utterance FC01_78, best cost 49.8896 + 1918.62 = 1968.51 over 403 frames.
LOG (lattice-best-path[5.5.1074~1-71f3]:main():lattice-best-path.cc:99) For utterance FC01_87, best cost 36.4412 + 1618.76 = 1655.2 over 424 frames.
LOG (lattice-best-path[5.5.1074~1-71f3]:main():lattice-best-path.cc:99) For utterance FC01_9, best cost 26.8962 + 1752.95 = 1779.85 over 412 frames.
LOG (lattice-best-path[5.5.1074~1-71f3]:main():lattice-best-path.cc:99) For utterance FC01_94, best cost 25.0185 + 1662.05 = 1687.07 over 389 frames.
LOG (lattice-best-path[5.5.1074~1-71f3]:main():lattice-best-path.cc:99) For utterance FC01_96, best cost 24.2992 + 1756.45 = 1780.74 over 463 frames.
LOG (lattice-best-path[5.5.1074~1-71f3]:main():lattice-best-path.cc:124) Overall cost per frame is 4.09231 = 0.0680659 [graph] + 4.02424 [acoustic] over 26493 frames.
LOG (lattice-best-path[5.5.1074~1-71f3]:main():lattice-best-path.cc:128) Done 80 lattices, failed for 0
# Accounting: time=0 threads=1
# Ended (code 0) at Thu Aug  3 11:46:12 IST 2023, elapsed time 0 seconds
