# lattice-depth-per-frame "ark:gunzip -c exp_FG/ldamllt/decode/lat.4.gz|" "ark,t:|gzip -c > exp_FG/ldamllt/decode/depth_tmp.4.gz" ark:- | lattice-best-path --acoustic-scale=0.1 ark:- ark:/dev/null "ark,t:|gzip -c >exp_FG/ldamllt/decode/ali_tmp.4.gz" 
# Started at Thu Aug  3 11:46:12 IST 2023
#
lattice-depth-per-frame 'ark:gunzip -c exp_FG/ldamllt/decode/lat.4.gz|' 'ark,t:|gzip -c > exp_FG/ldamllt/decode/depth_tmp.4.gz' ark:- 
lattice-best-path --acoustic-scale=0.1 ark:- ark:/dev/null 'ark,t:|gzip -c >exp_FG/ldamllt/decode/ali_tmp.4.gz' 
LOG (lattice-best-path[5.5.1074~1-71f3]:main():lattice-best-path.cc:99) For utterance FC04_110, best cost 15.83 + 954.813 = 970.643 over 380 frames.
LOG (lattice-best-path[5.5.1074~1-71f3]:main():lattice-best-path.cc:99) For utterance FC04_113, best cost 13.4619 + 687.632 = 701.094 over 264 frames.
LOG (lattice-best-path[5.5.1074~1-71f3]:main():lattice-best-path.cc:99) For utterance FC04_114, best cost 15.4243 + 931.45 = 946.874 over 313 frames.
LOG (lattice-best-path[5.5.1074~1-71f3]:main():lattice-best-path.cc:99) For utterance FC04_119, best cost 13.6869 + 543.371 = 557.058 over 230 frames.
LOG (lattice-best-path[5.5.1074~1-71f3]:main():lattice-best-path.cc:99) For utterance FC04_121, best cost 14.3867 + 664.999 = 679.386 over 264 frames.
LOG (lattice-best-path[5.5.1074~1-71f3]:main():lattice-best-path.cc:99) For utterance FC04_134, best cost 12.6724 + 494.528 = 507.201 over 197 frames.
LOG (lattice-best-path[5.5.1074~1-71f3]:main():lattice-best-path.cc:99) For utterance FC04_142, best cost 13.2381 + 635.268 = 648.506 over 197 frames.
LOG (lattice-best-path[5.5.1074~1-71f3]:main():lattice-best-path.cc:99) For utterance FC04_158, best cost 13.0915 + 516.914 = 530.005 over 197 frames.
LOG (lattice-best-path[5.5.1074~1-71f3]:main():lattice-best-path.cc:99) For utterance FC04_165, best cost 13.3181 + 566.422 = 579.74 over 197 frames.
LOG (lattice-best-path[5.5.1074~1-71f3]:main():lattice-best-path.cc:99) For utterance FC04_17, best cost 28.6003 + 1941.83 = 1970.43 over 487 frames.
LOG (lattice-best-path[5.5.1074~1-71f3]:main():lattice-best-path.cc:99) For utterance FC04_174, best cost 13.01 + 602.059 = 615.069 over 197 frames.
LOG (lattice-best-path[5.5.1074~1-71f3]:main():lattice-best-path.cc:99) For utterance FC04_176, best cost 13.6856 + 718.454 = 732.139 over 272 frames.
LOG (lattice-best-path[5.5.1074~1-71f3]:main():lattice-best-path.cc:99) For utterance FC04_182, best cost 13.5598 + 523.003 = 536.562 over 189 frames.
LOG (lattice-best-path[5.5.1074~1-71f3]:main():lattice-best-path.cc:99) For utterance FC04_183, best cost 14.5997 + 710.647 = 725.247 over 280 frames.
LOG (lattice-best-path[5.5.1074~1-71f3]:main():lattice-best-path.cc:99) For utterance FC04_185, best cost 13.4074 + 647.393 = 660.801 over 222 frames.
LOG (lattice-best-path[5.5.1074~1-71f3]:main():lattice-best-path.cc:99) For utterance FC04_186, best cost 12.1875 + 558.149 = 570.337 over 205 frames.
LOG (lattice-best-path[5.5.1074~1-71f3]:main():lattice-best-path.cc:99) For utterance FC04_190, best cost 13.7069 + 606.029 = 619.736 over 214 frames.
LOG (lattice-best-path[5.5.1074~1-71f3]:main():lattice-best-path.cc:99) For utterance FC04_192, best cost 13.2125 + 584.855 = 598.067 over 238 frames.
LOG (lattice-best-path[5.5.1074~1-71f3]:main():lattice-best-path.cc:99) For utterance FC04_195, best cost 12.9655 + 792.336 = 805.302 over 263 frames.
LOG (lattice-best-path[5.5.1074~1-71f3]:main():lattice-best-path.cc:99) For utterance FC04_197, best cost 14.4918 + 811.738 = 826.23 over 288 frames.
LOG (lattice-best-path[5.5.1074~1-71f3]:main():lattice-best-path.cc:99) For utterance FC04_200, best cost 14.1298 + 886.739 = 900.869 over 313 frames.
LOG (lattice-best-path[5.5.1074~1-71f3]:main():lattice-best-path.cc:99) For utterance FC04_205, best cost 16.6757 + 1029.02 = 1045.69 over 413 frames.
LOG (lattice-best-path[5.5.1074~1-71f3]:main():lattice-best-path.cc:99) For utterance FC04_208, best cost 13.2598 + 710.091 = 723.351 over 239 frames.
LOG (lattice-best-path[5.5.1074~1-71f3]:main():lattice-best-path.cc:99) For utterance FC04_215, best cost 25.8468 + 1710.65 = 1736.5 over 471 frames.
LOG (lattice-best-path[5.5.1074~1-71f3]:main():lattice-best-path.cc:99) For utterance FC04_217, best cost 24.5241 + 1493.69 = 1518.21 over 446 frames.
LOG (lattice-best-path[5.5.1074~1-71f3]:main():lattice-best-path.cc:99) For utterance FC04_219, best cost 27.7193 + 1838.33 = 1866.05 over 537 frames.
LOG (lattice-best-path[5.5.1074~1-71f3]:main():lattice-best-path.cc:99) For utterance FC04_222, best cost 22.8702 + 1345.57 = 1368.44 over 381 frames.
LOG (lattice-best-path[5.5.1074~1-71f3]:main():lattice-best-path.cc:99) For utterance FC04_234, best cost 26.0717 + 1954.47 = 1980.55 over 662 frames.
LOG (lattice-best-path[5.5.1074~1-71f3]:main():lattice-best-path.cc:99) For utterance FC04_238, best cost 17.696 + 1186.71 = 1204.41 over 436 frames.
LOG (lattice-best-path[5.5.1074~1-71f3]:main():lattice-best-path.cc:99) For utterance FC04_240, best cost 23.5045 + 1529.19 = 1552.7 over 397 frames.
LOG (lattice-best-path[5.5.1074~1-71f3]:main():lattice-best-path.cc:99) For utterance FC04_249, best cost 26.811 + 1562.16 = 1588.97 over 456 frames.
LOG (lattice-best-path[5.5.1074~1-71f3]:main():lattice-best-path.cc:99) For utterance FC04_26, best cost 19.1377 + 1163.74 = 1182.88 over 363 frames.
LOG (lattice-best-path[5.5.1074~1-71f3]:main():lattice-best-path.cc:99) For utterance FC04_262, best cost 24.3779 + 1450.4 = 1474.78 over 449 frames.
LOG (lattice-best-path[5.5.1074~1-71f3]:main():lattice-best-path.cc:99) For utterance FC04_265, best cost 22.1462 + 1420.07 = 1442.22 over 459 frames.
LOG (lattice-best-path[5.5.1074~1-71f3]:main():lattice-best-path.cc:99) For utterance FC04_268, best cost 32.0811 + 2142.76 = 2174.84 over 539 frames.
LOG (lattice-best-path[5.5.1074~1-71f3]:main():lattice-best-path.cc:99) For utterance FC04_280, best cost 27.0928 + 1875.95 = 1903.05 over 485 frames.
LOG (lattice-best-path[5.5.1074~1-71f3]:main():lattice-best-path.cc:99) For utterance FC04_288, best cost 33.0401 + 2354.11 = 2387.15 over 613 frames.
LOG (lattice-best-path[5.5.1074~1-71f3]:main():lattice-best-path.cc:99) For utterance FC04_294, best cost 23.4644 + 1400.25 = 1423.71 over 362 frames.
LOG (lattice-best-path[5.5.1074~1-71f3]:main():lattice-best-path.cc:99) For utterance FC04_296, best cost 32.8296 + 2091.82 = 2124.65 over 497 frames.
LOG (lattice-best-path[5.5.1074~1-71f3]:main():lattice-best-path.cc:99) For utterance FC04_297, best cost 25.9021 + 1657.07 = 1682.97 over 391 frames.
LOG (lattice-best-path[5.5.1074~1-71f3]:main():lattice-best-path.cc:99) For utterance FC04_299, best cost 22.9755 + 1457.87 = 1480.84 over 381 frames.
LOG (lattice-best-path[5.5.1074~1-71f3]:main():lattice-best-path.cc:99) For utterance FC04_302, best cost 27.1208 + 1863.61 = 1890.73 over 423 frames.
LOG (lattice-best-path[5.5.1074~1-71f3]:main():lattice-best-path.cc:99) For utterance FC04_307, best cost 25.8905 + 1679.78 = 1705.67 over 443 frames.
LOG (lattice-best-path[5.5.1074~1-71f3]:main():lattice-best-path.cc:99) For utterance FC04_308, best cost 22.0019 + 1336.7 = 1358.7 over 388 frames.
LOG (lattice-best-path[5.5.1074~1-71f3]:main():lattice-best-path.cc:99) For utterance FC04_320, best cost 23.0376 + 1468.63 = 1491.67 over 369 frames.
LOG (lattice-best-path[5.5.1074~1-71f3]:main():lattice-best-path.cc:99) For utterance FC04_328, best cost 30.4741 + 2232.83 = 2263.3 over 578 frames.
LOG (lattice-best-path[5.5.1074~1-71f3]:main():lattice-best-path.cc:99) For utterance FC04_330, best cost 25.9224 + 1970.14 = 1996.06 over 510 frames.
LOG (lattice-best-path[5.5.1074~1-71f3]:main():lattice-best-path.cc:99) For utterance FC04_332, best cost 24.9546 + 1612.95 = 1637.91 over 430 frames.
LOG (lattice-best-path[5.5.1074~1-71f3]:main():lattice-best-path.cc:99) For utterance FC04_336, best cost 24.2091 + 1558.36 = 1582.57 over 439 frames.
LOG (lattice-best-path[5.5.1074~1-71f3]:main():lattice-best-path.cc:99) For utterance FC04_337, best cost 24.3639 + 1749.82 = 1774.18 over 478 frames.
LOG (lattice-best-path[5.5.1074~1-71f3]:main():lattice-best-path.cc:99) For utterance FC04_34, best cost 20.0581 + 969.606 = 989.664 over 280 frames.
LOG (lattice-depth-per-frame[5.5.1074~1-71f3]:main():lattice-depth-per-frame.cc:82) Done 70 lattices.
LOG (lattice-best-path[5.5.1074~1-71f3]:main():lattice-best-path.cc:99) For utterance FC04_341, best cost 22.5609 + 1405.62 = 1428.18 over 407 frames.
LOG (lattice-best-path[5.5.1074~1-71f3]:main():lattice-best-path.cc:99) For utterance FC04_345, best cost 27.5538 + 1668.74 = 1696.3 over 468 frames.
LOG (lattice-best-path[5.5.1074~1-71f3]:main():lattice-best-path.cc:99) For utterance FC04_347, best cost 23.4172 + 1553.99 = 1577.41 over 391 frames.
LOG (lattice-best-path[5.5.1074~1-71f3]:main():lattice-best-path.cc:99) For utterance FC04_348, best cost 22.8434 + 1802.59 = 1825.44 over 472 frames.
LOG (lattice-best-path[5.5.1074~1-71f3]:main():lattice-best-path.cc:99) For utterance FC04_365, best cost 29.1095 + 2165.64 = 2194.75 over 620 frames.
LOG (lattice-best-path[5.5.1074~1-71f3]:main():lattice-best-path.cc:99) For utterance FC04_39, best cost 20.2213 + 1305.63 = 1325.85 over 421 frames.
LOG (lattice-best-path[5.5.1074~1-71f3]:main():lattice-best-path.cc:99) For utterance FC04_4, best cost 17.8649 + 975.289 = 993.154 over 280 frames.
LOG (lattice-best-path[5.5.1074~1-71f3]:main():lattice-best-path.cc:99) For utterance FC04_44, best cost 25.1533 + 1791.42 = 1816.57 over 512 frames.
LOG (lattice-best-path[5.5.1074~1-71f3]:main():lattice-best-path.cc:99) For utterance FC04_46, best cost 16.7442 + 910.789 = 927.533 over 264 frames.
LOG (lattice-best-path[5.5.1074~1-71f3]:main():lattice-best-path.cc:99) For utterance FC04_53, best cost 26.3564 + 1696.58 = 1722.94 over 479 frames.
LOG (lattice-best-path[5.5.1074~1-71f3]:main():lattice-best-path.cc:99) For utterance FC04_67, best cost 26.8361 + 2084.86 = 2111.7 over 612 frames.
LOG (lattice-best-path[5.5.1074~1-71f3]:main():lattice-best-path.cc:99) For utterance FC04_72, best cost 23.2364 + 1408.22 = 1431.45 over 379 frames.
LOG (lattice-best-path[5.5.1074~1-71f3]:main():lattice-best-path.cc:99) For utterance FC04_75, best cost 31.3145 + 2250.38 = 2281.7 over 628 frames.
LOG (lattice-best-path[5.5.1074~1-71f3]:main():lattice-best-path.cc:99) For utterance FC04_86, best cost 24.274 + 1539.54 = 1563.82 over 462 frames.
LOG (lattice-best-path[5.5.1074~1-71f3]:main():lattice-best-path.cc:99) For utterance FC04_88, best cost 28.784 + 2268.37 = 2297.16 over 637 frames.
LOG (lattice-best-path[5.5.1074~1-71f3]:main():lattice-best-path.cc:99) For utterance FC04_89, best cost 29.538 + 1888.68 = 1918.22 over 521 frames.
LOG (lattice-best-path[5.5.1074~1-71f3]:main():lattice-best-path.cc:99) For utterance FC04_90, best cost 30.9136 + 2055.03 = 2085.95 over 579 frames.
LOG (lattice-best-path[5.5.1074~1-71f3]:main():lattice-best-path.cc:99) For utterance FC04_94, best cost 24.3117 + 1827.64 = 1851.95 over 595 frames.
LOG (lattice-best-path[5.5.1074~1-71f3]:main():lattice-best-path.cc:99) For utterance FC04_96, best cost 22.2125 + 1199.13 = 1221.35 over 346 frames.
LOG (lattice-best-path[5.5.1074~1-71f3]:main():lattice-best-path.cc:124) Overall cost per frame is 3.47203 = 0.0543973 [graph] + 3.41763 [acoustic] over 27795 frames.
LOG (lattice-best-path[5.5.1074~1-71f3]:main():lattice-best-path.cc:128) Done 70 lattices, failed for 0
# Accounting: time=0 threads=1
# Ended (code 0) at Thu Aug  3 11:46:12 IST 2023, elapsed time 0 seconds
