# lattice-depth-per-frame "ark:gunzip -c exp_FG/ldamllt/decode/lat.5.gz|" "ark,t:|gzip -c > exp_FG/ldamllt/decode/depth_tmp.5.gz" ark:- | lattice-best-path --acoustic-scale=0.1 ark:- ark:/dev/null "ark,t:|gzip -c >exp_FG/ldamllt/decode/ali_tmp.5.gz" 
# Started at Thu Aug  3 11:46:12 IST 2023
#
lattice-depth-per-frame 'ark:gunzip -c exp_FG/ldamllt/decode/lat.5.gz|' 'ark,t:|gzip -c > exp_FG/ldamllt/decode/depth_tmp.5.gz' ark:- 
lattice-best-path --acoustic-scale=0.1 ark:- ark:/dev/null 'ark,t:|gzip -c >exp_FG/ldamllt/decode/ali_tmp.5.gz' 
LOG (lattice-best-path[5.5.1074~1-71f3]:main():lattice-best-path.cc:99) For utterance FC05_1, best cost 18.8822 + 970.861 = 989.744 over 241 frames.
LOG (lattice-best-path[5.5.1074~1-71f3]:main():lattice-best-path.cc:99) For utterance FC05_100, best cost 31.9303 + 1936.79 = 1968.72 over 462 frames.
LOG (lattice-best-path[5.5.1074~1-71f3]:main():lattice-best-path.cc:99) For utterance FC05_101, best cost 20.5122 + 1106.51 = 1127.02 over 278 frames.
LOG (lattice-best-path[5.5.1074~1-71f3]:main():lattice-best-path.cc:99) For utterance FC05_105, best cost 20.0073 + 1143.62 = 1163.63 over 288 frames.
LOG (lattice-best-path[5.5.1074~1-71f3]:main():lattice-best-path.cc:99) For utterance FC05_109, best cost 12.696 + 437.049 = 449.745 over 146 frames.
LOG (lattice-best-path[5.5.1074~1-71f3]:main():lattice-best-path.cc:99) For utterance FC05_111, best cost 12.9692 + 620.219 = 633.188 over 198 frames.
LOG (lattice-best-path[5.5.1074~1-71f3]:main():lattice-best-path.cc:99) For utterance FC05_116, best cost 13.7542 + 499.809 = 513.563 over 164 frames.
LOG (lattice-best-path[5.5.1074~1-71f3]:main():lattice-best-path.cc:99) For utterance FC05_120, best cost 12.6513 + 416.938 = 429.589 over 145 frames.
LOG (lattice-best-path[5.5.1074~1-71f3]:main():lattice-best-path.cc:99) For utterance FC05_122, best cost 13.974 + 539.828 = 553.802 over 153 frames.
LOG (lattice-best-path[5.5.1074~1-71f3]:main():lattice-best-path.cc:99) For utterance FC05_130, best cost 12.7316 + 396.814 = 409.546 over 123 frames.
LOG (lattice-best-path[5.5.1074~1-71f3]:main():lattice-best-path.cc:99) For utterance FC05_135, best cost 13.1492 + 470.6 = 483.749 over 153 frames.
LOG (lattice-best-path[5.5.1074~1-71f3]:main():lattice-best-path.cc:99) For utterance FC05_136, best cost 14.007 + 542.077 = 556.084 over 179 frames.
LOG (lattice-best-path[5.5.1074~1-71f3]:main():lattice-best-path.cc:99) For utterance FC05_158, best cost 12.6025 + 325.311 = 337.913 over 111 frames.
LOG (lattice-best-path[5.5.1074~1-71f3]:main():lattice-best-path.cc:99) For utterance FC05_167, best cost 12.4874 + 454.952 = 467.439 over 138 frames.
LOG (lattice-best-path[5.5.1074~1-71f3]:main():lattice-best-path.cc:99) For utterance FC05_173, best cost 12.6536 + 487.595 = 500.249 over 138 frames.
LOG (lattice-best-path[5.5.1074~1-71f3]:main():lattice-best-path.cc:99) For utterance FC05_184, best cost 11.5536 + 413.706 = 425.26 over 119 frames.
LOG (lattice-best-path[5.5.1074~1-71f3]:main():lattice-best-path.cc:99) For utterance FC05_194, best cost 12.5064 + 484.029 = 496.536 over 142 frames.
LOG (lattice-best-path[5.5.1074~1-71f3]:main():lattice-best-path.cc:99) For utterance FC05_199, best cost 13.8252 + 532.279 = 546.104 over 138 frames.
LOG (lattice-best-path[5.5.1074~1-71f3]:main():lattice-best-path.cc:99) For utterance FC05_2, best cost 17.8023 + 938.585 = 956.387 over 280 frames.
LOG (lattice-best-path[5.5.1074~1-71f3]:main():lattice-best-path.cc:99) For utterance FC05_202, best cost 13.8041 + 508.426 = 522.23 over 142 frames.
LOG (lattice-best-path[5.5.1074~1-71f3]:main():lattice-best-path.cc:99) For utterance FC05_215, best cost 24.4013 + 1448.11 = 1472.51 over 352 frames.
LOG (lattice-best-path[5.5.1074~1-71f3]:main():lattice-best-path.cc:99) For utterance FC05_221, best cost 26.1472 + 1596.3 = 1622.44 over 389 frames.
LOG (lattice-best-path[5.5.1074~1-71f3]:main():lattice-best-path.cc:99) For utterance FC05_222, best cost 23.2299 + 1333.74 = 1356.97 over 358 frames.
LOG (lattice-best-path[5.5.1074~1-71f3]:main():lattice-best-path.cc:99) For utterance FC05_228, best cost 22.1802 + 1354.84 = 1377.02 over 340 frames.
LOG (lattice-best-path[5.5.1074~1-71f3]:main():lattice-best-path.cc:99) For utterance FC05_229, best cost 18.4028 + 1048.49 = 1066.89 over 284 frames.
LOG (lattice-best-path[5.5.1074~1-71f3]:main():lattice-best-path.cc:99) For utterance FC05_230, best cost 23.1176 + 1350.27 = 1373.39 over 371 frames.
LOG (lattice-best-path[5.5.1074~1-71f3]:main():lattice-best-path.cc:99) For utterance FC05_232, best cost 17.8334 + 1189.33 = 1207.17 over 327 frames.
LOG (lattice-best-path[5.5.1074~1-71f3]:main():lattice-best-path.cc:99) For utterance FC05_236, best cost 29.9325 + 1862.78 = 1892.72 over 451 frames.
LOG (lattice-best-path[5.5.1074~1-71f3]:main():lattice-best-path.cc:99) For utterance FC05_241, best cost 21.0824 + 1238.72 = 1259.81 over 309 frames.
LOG (lattice-best-path[5.5.1074~1-71f3]:main():lattice-best-path.cc:99) For utterance FC05_243, best cost 24.7904 + 1556.36 = 1581.16 over 427 frames.
LOG (lattice-best-path[5.5.1074~1-71f3]:main():lattice-best-path.cc:99) For utterance FC05_25, best cost 23.8505 + 1198.47 = 1222.32 over 335 frames.
LOG (lattice-best-path[5.5.1074~1-71f3]:main():lattice-best-path.cc:99) For utterance FC05_251, best cost 23.1303 + 1519.14 = 1542.27 over 377 frames.
LOG (lattice-best-path[5.5.1074~1-71f3]:main():lattice-best-path.cc:99) For utterance FC05_253, best cost 18.7263 + 1115.69 = 1134.41 over 259 frames.
LOG (lattice-best-path[5.5.1074~1-71f3]:main():lattice-best-path.cc:99) For utterance FC05_260, best cost 22.0968 + 1121.14 = 1143.23 over 291 frames.
LOG (lattice-best-path[5.5.1074~1-71f3]:main():lattice-best-path.cc:99) For utterance FC05_267, best cost 21.5233 + 1325.84 = 1347.36 over 353 frames.
LOG (lattice-best-path[5.5.1074~1-71f3]:main():lattice-best-path.cc:99) For utterance FC05_27, best cost 22.5903 + 1226.84 = 1249.43 over 375 frames.
LOG (lattice-best-path[5.5.1074~1-71f3]:main():lattice-best-path.cc:99) For utterance FC05_273, best cost 18.8409 + 1071.72 = 1090.57 over 274 frames.
LOG (lattice-best-path[5.5.1074~1-71f3]:main():lattice-best-path.cc:99) For utterance FC05_282, best cost 21.3089 + 1128.4 = 1149.71 over 313 frames.
LOG (lattice-best-path[5.5.1074~1-71f3]:main():lattice-best-path.cc:99) For utterance FC05_287, best cost 24.6446 + 1523.76 = 1548.4 over 426 frames.
LOG (lattice-best-path[5.5.1074~1-71f3]:main():lattice-best-path.cc:99) For utterance FC05_290, best cost 24.7714 + 1610.16 = 1634.93 over 423 frames.
LOG (lattice-best-path[5.5.1074~1-71f3]:main():lattice-best-path.cc:99) For utterance FC05_293, best cost 25.3336 + 1416.38 = 1441.71 over 348 frames.
LOG (lattice-best-path[5.5.1074~1-71f3]:main():lattice-best-path.cc:99) For utterance FC05_301, best cost 28.8303 + 1659.13 = 1687.96 over 421 frames.
LOG (lattice-best-path[5.5.1074~1-71f3]:main():lattice-best-path.cc:99) For utterance FC05_303, best cost 26.5304 + 1833.24 = 1859.77 over 470 frames.
LOG (lattice-best-path[5.5.1074~1-71f3]:main():lattice-best-path.cc:99) For utterance FC05_306, best cost 28.7722 + 1575.69 = 1604.46 over 372 frames.
LOG (lattice-depth-per-frame[5.5.1074~1-71f3]:main():lattice-depth-per-frame.cc:82) Done 70 lattices.
LOG (lattice-best-path[5.5.1074~1-71f3]:main():lattice-best-path.cc:99) For utterance FC05_316, best cost 27.0482 + 1490.27 = 1517.32 over 355 frames.
LOG (lattice-best-path[5.5.1074~1-71f3]:main():lattice-best-path.cc:99) For utterance FC05_324, best cost 29.1659 + 1565.98 = 1595.15 over 355 frames.
LOG (lattice-best-path[5.5.1074~1-71f3]:main():lattice-best-path.cc:99) For utterance FC05_327, best cost 27.5767 + 1598.22 = 1625.8 over 369 frames.
LOG (lattice-best-path[5.5.1074~1-71f3]:main():lattice-best-path.cc:99) For utterance FC05_328, best cost 28.1469 + 1646.25 = 1674.39 over 391 frames.
LOG (lattice-best-path[5.5.1074~1-71f3]:main():lattice-best-path.cc:99) For utterance FC05_333, best cost 26.9771 + 1658 = 1684.98 over 444 frames.
LOG (lattice-best-path[5.5.1074~1-71f3]:main():lattice-best-path.cc:99) For utterance FC05_340, best cost 27.6839 + 1664.79 = 1692.47 over 395 frames.
LOG (lattice-best-path[5.5.1074~1-71f3]:main():lattice-best-path.cc:99) For utterance FC05_341, best cost 21.7133 + 1105.77 = 1127.48 over 302 frames.
LOG (lattice-best-path[5.5.1074~1-71f3]:main():lattice-best-path.cc:99) For utterance FC05_346, best cost 22.8473 + 1395.82 = 1418.67 over 333 frames.
LOG (lattice-best-path[5.5.1074~1-71f3]:main():lattice-best-path.cc:99) For utterance FC05_352, best cost 23.2385 + 1294.76 = 1318 over 342 frames.
LOG (lattice-best-path[5.5.1074~1-71f3]:main():lattice-best-path.cc:99) For utterance FC05_364, best cost 21.0287 + 1148.28 = 1169.31 over 289 frames.
LOG (lattice-best-path[5.5.1074~1-71f3]:main():lattice-best-path.cc:99) For utterance FC05_40, best cost 16.908 + 814.376 = 831.284 over 262 frames.
LOG (lattice-best-path[5.5.1074~1-71f3]:main():lattice-best-path.cc:99) For utterance FC05_44, best cost 24.2589 + 1397.91 = 1422.17 over 340 frames.
LOG (lattice-best-path[5.5.1074~1-71f3]:main():lattice-best-path.cc:99) For utterance FC05_45, best cost 22.43 + 1216.57 = 1239 over 315 frames.
LOG (lattice-best-path[5.5.1074~1-71f3]:main():lattice-best-path.cc:99) For utterance FC05_65, best cost 17.2539 + 867.708 = 884.962 over 253 frames.
LOG (lattice-best-path[5.5.1074~1-71f3]:main():lattice-best-path.cc:99) For utterance FC05_70, best cost 18.1831 + 855.604 = 873.787 over 229 frames.
LOG (lattice-best-path[5.5.1074~1-71f3]:main():lattice-best-path.cc:99) For utterance FC05_71, best cost 22.9988 + 1063.33 = 1086.33 over 280 frames.
LOG (lattice-best-path[5.5.1074~1-71f3]:main():lattice-best-path.cc:99) For utterance FC05_74, best cost 26.0809 + 1516.59 = 1542.67 over 427 frames.
LOG (lattice-best-path[5.5.1074~1-71f3]:main():lattice-best-path.cc:99) For utterance FC05_77, best cost 24.2891 + 1347.3 = 1371.58 over 349 frames.
LOG (lattice-best-path[5.5.1074~1-71f3]:main():lattice-best-path.cc:99) For utterance FC05_80, best cost 23.097 + 1228.44 = 1251.54 over 320 frames.
LOG (lattice-best-path[5.5.1074~1-71f3]:main():lattice-best-path.cc:99) For utterance FC05_81, best cost 20.913 + 1216.39 = 1237.3 over 327 frames.
LOG (lattice-best-path[5.5.1074~1-71f3]:main():lattice-best-path.cc:99) For utterance FC05_88, best cost 28.2416 + 2045.16 = 2073.4 over 543 frames.
LOG (lattice-best-path[5.5.1074~1-71f3]:main():lattice-best-path.cc:99) For utterance FC05_89, best cost 28.2824 + 1639.51 = 1667.79 over 414 frames.
LOG (lattice-best-path[5.5.1074~1-71f3]:main():lattice-best-path.cc:99) For utterance FC05_91, best cost 27.3318 + 1705.43 = 1732.76 over 427 frames.
LOG (lattice-best-path[5.5.1074~1-71f3]:main():lattice-best-path.cc:99) For utterance FC05_93, best cost 23.043 + 1451.05 = 1474.09 over 349 frames.
LOG (lattice-best-path[5.5.1074~1-71f3]:main():lattice-best-path.cc:99) For utterance FC05_97, best cost 16.6066 + 762.195 = 778.801 over 214 frames.
LOG (lattice-best-path[5.5.1074~1-71f3]:main():lattice-best-path.cc:99) For utterance FC05_98, best cost 27.093 + 1554.55 = 1581.65 over 375 frames.
LOG (lattice-best-path[5.5.1074~1-71f3]:main():lattice-best-path.cc:124) Overall cost per frame is 3.89439 = 0.0696382 [graph] + 3.82475 [acoustic] over 21382 frames.
LOG (lattice-best-path[5.5.1074~1-71f3]:main():lattice-best-path.cc:128) Done 70 lattices, failed for 0
# Accounting: time=0 threads=1
# Ended (code 0) at Thu Aug  3 11:46:12 IST 2023, elapsed time 0 seconds
