# lattice-depth-per-frame "ark:gunzip -c exp_FG/ldamllt/decode/lat.10.gz|" "ark,t:|gzip -c > exp_FG/ldamllt/decode/depth_tmp.10.gz" ark:- | lattice-best-path --acoustic-scale=0.1 ark:- ark:/dev/null "ark,t:|gzip -c >exp_FG/ldamllt/decode/ali_tmp.10.gz" 
# Started at Thu Aug  3 11:46:12 IST 2023
#
lattice-best-path --acoustic-scale=0.1 ark:- ark:/dev/null 'ark,t:|gzip -c >exp_FG/ldamllt/decode/ali_tmp.10.gz' 
lattice-depth-per-frame 'ark:gunzip -c exp_FG/ldamllt/decode/lat.10.gz|' 'ark,t:|gzip -c > exp_FG/ldamllt/decode/depth_tmp.10.gz' ark:- 
LOG (lattice-best-path[5.5.1074~1-71f3]:main():lattice-best-path.cc:99) For utterance MC05_104, best cost 18.1027 + 939.443 = 957.546 over 287 frames.
LOG (lattice-best-path[5.5.1074~1-71f3]:main():lattice-best-path.cc:99) For utterance MC05_109, best cost 12.183 + 357.34 = 369.523 over 81 frames.
LOG (lattice-best-path[5.5.1074~1-71f3]:main():lattice-best-path.cc:99) For utterance MC05_112, best cost 12.7889 + 578.957 = 591.746 over 161 frames.
LOG (lattice-best-path[5.5.1074~1-71f3]:main():lattice-best-path.cc:99) For utterance MC05_113, best cost 12.8973 + 518.768 = 531.666 over 144 frames.
LOG (lattice-best-path[5.5.1074~1-71f3]:main():lattice-best-path.cc:99) For utterance MC05_116, best cost 13.4986 + 453.417 = 466.915 over 136 frames.
LOG (lattice-best-path[5.5.1074~1-71f3]:main():lattice-best-path.cc:99) For utterance MC05_117, best cost 13.5205 + 500.265 = 513.786 over 143 frames.
LOG (lattice-best-path[5.5.1074~1-71f3]:main():lattice-best-path.cc:99) For utterance MC05_118, best cost 12.47 + 403.14 = 415.61 over 124 frames.
LOG (lattice-best-path[5.5.1074~1-71f3]:main():lattice-best-path.cc:99) For utterance MC05_119, best cost 12.9911 + 416.867 = 429.858 over 127 frames.
LOG (lattice-best-path[5.5.1074~1-71f3]:main():lattice-best-path.cc:99) For utterance MC05_12, best cost 23.6321 + 1422.85 = 1446.48 over 339 frames.
LOG (lattice-best-path[5.5.1074~1-71f3]:main():lattice-best-path.cc:99) For utterance MC05_121, best cost 13.4724 + 467.649 = 481.121 over 140 frames.
LOG (lattice-best-path[5.5.1074~1-71f3]:main():lattice-best-path.cc:99) For utterance MC05_13, best cost 25.2774 + 1450.26 = 1475.53 over 381 frames.
LOG (lattice-best-path[5.5.1074~1-71f3]:main():lattice-best-path.cc:99) For utterance MC05_130, best cost 12.8239 + 403.021 = 415.845 over 114 frames.
LOG (lattice-best-path[5.5.1074~1-71f3]:main():lattice-best-path.cc:99) For utterance MC05_135, best cost 12.7548 + 475.703 = 488.458 over 147 frames.
LOG (lattice-best-path[5.5.1074~1-71f3]:main():lattice-best-path.cc:99) For utterance MC05_136, best cost 13.698 + 464.092 = 477.79 over 131 frames.
LOG (lattice-best-path[5.5.1074~1-71f3]:main():lattice-best-path.cc:99) For utterance MC05_14, best cost 24.0155 + 1324.69 = 1348.7 over 341 frames.
LOG (lattice-best-path[5.5.1074~1-71f3]:main():lattice-best-path.cc:99) For utterance MC05_140, best cost 14.3629 + 572.633 = 586.996 over 153 frames.
LOG (lattice-best-path[5.5.1074~1-71f3]:main():lattice-best-path.cc:99) For utterance MC05_145, best cost 12.5028 + 393.313 = 405.816 over 110 frames.
LOG (lattice-best-path[5.5.1074~1-71f3]:main():lattice-best-path.cc:99) For utterance MC05_147, best cost 14.8197 + 606.872 = 621.692 over 153 frames.
LOG (lattice-best-path[5.5.1074~1-71f3]:main():lattice-best-path.cc:99) For utterance MC05_165, best cost 13.022 + 484.736 = 497.758 over 151 frames.
LOG (lattice-best-path[5.5.1074~1-71f3]:main():lattice-best-path.cc:99) For utterance MC05_170, best cost 13.37 + 528.393 = 541.763 over 139 frames.
LOG (lattice-best-path[5.5.1074~1-71f3]:main():lattice-best-path.cc:99) For utterance MC05_176, best cost 12.7376 + 390.077 = 402.815 over 104 frames.
LOG (lattice-best-path[5.5.1074~1-71f3]:main():lattice-best-path.cc:99) For utterance MC05_179, best cost 11.8421 + 435.159 = 447.001 over 113 frames.
LOG (lattice-best-path[5.5.1074~1-71f3]:main():lattice-best-path.cc:99) For utterance MC05_18, best cost 23.6749 + 1527.36 = 1551.04 over 366 frames.
LOG (lattice-best-path[5.5.1074~1-71f3]:main():lattice-best-path.cc:99) For utterance MC05_182, best cost 13.0307 + 441.968 = 454.999 over 120 frames.
LOG (lattice-best-path[5.5.1074~1-71f3]:main():lattice-best-path.cc:99) For utterance MC05_187, best cost 12.7159 + 506.304 = 519.02 over 127 frames.
LOG (lattice-best-path[5.5.1074~1-71f3]:main():lattice-best-path.cc:99) For utterance MC05_20, best cost 26.3736 + 1728.92 = 1755.29 over 462 frames.
LOG (lattice-best-path[5.5.1074~1-71f3]:main():lattice-best-path.cc:99) For utterance MC05_201, best cost 12.7081 + 432.462 = 445.17 over 104 frames.
LOG (lattice-best-path[5.5.1074~1-71f3]:main():lattice-best-path.cc:99) For utterance MC05_202, best cost 13.5049 + 526.465 = 539.97 over 126 frames.
LOG (lattice-best-path[5.5.1074~1-71f3]:main():lattice-best-path.cc:99) For utterance MC05_203, best cost 13.7802 + 627.492 = 641.272 over 151 frames.
LOG (lattice-best-path[5.5.1074~1-71f3]:main():lattice-best-path.cc:99) For utterance MC05_213, best cost 23.9546 + 1405.87 = 1429.82 over 326 frames.
LOG (lattice-best-path[5.5.1074~1-71f3]:main():lattice-best-path.cc:99) For utterance MC05_214, best cost 21.6642 + 1030.88 = 1052.55 over 262 frames.
LOG (lattice-best-path[5.5.1074~1-71f3]:main():lattice-best-path.cc:99) For utterance MC05_217, best cost 22.8864 + 1120.73 = 1143.62 over 246 frames.
LOG (lattice-best-path[5.5.1074~1-71f3]:main():lattice-best-path.cc:99) For utterance MC05_224, best cost 24.0197 + 1356.2 = 1380.22 over 300 frames.
LOG (lattice-best-path[5.5.1074~1-71f3]:main():lattice-best-path.cc:99) For utterance MC05_225, best cost 22.1604 + 1198.49 = 1220.65 over 273 frames.
LOG (lattice-best-path[5.5.1074~1-71f3]:main():lattice-best-path.cc:99) For utterance MC05_236, best cost 30.4044 + 1784.98 = 1815.38 over 428 frames.
LOG (lattice-best-path[5.5.1074~1-71f3]:main():lattice-best-path.cc:99) For utterance MC05_239, best cost 20.4496 + 984.854 = 1005.3 over 223 frames.
LOG (lattice-best-path[5.5.1074~1-71f3]:main():lattice-best-path.cc:99) For utterance MC05_24, best cost 18.9982 + 983.438 = 1002.44 over 247 frames.
LOG (lattice-best-path[5.5.1074~1-71f3]:main():lattice-best-path.cc:99) For utterance MC05_244, best cost 29.142 + 1700.94 = 1730.08 over 412 frames.
LOG (lattice-best-path[5.5.1074~1-71f3]:main():lattice-best-path.cc:99) For utterance MC05_246, best cost 18.2136 + 922.363 = 940.576 over 237 frames.
LOG (lattice-best-path[5.5.1074~1-71f3]:main():lattice-best-path.cc:99) For utterance MC05_25, best cost 25.8593 + 1574.15 = 1600.01 over 368 frames.
LOG (lattice-best-path[5.5.1074~1-71f3]:main():lattice-best-path.cc:99) For utterance MC05_252, best cost 20.5828 + 1032.85 = 1053.43 over 255 frames.
LOG (lattice-best-path[5.5.1074~1-71f3]:main():lattice-best-path.cc:99) For utterance MC05_254, best cost 22.176 + 1316.27 = 1338.45 over 312 frames.
LOG (lattice-depth-per-frame[5.5.1074~1-71f3]:main():lattice-depth-per-frame.cc:82) Done 75 lattices.
LOG (lattice-best-path[5.5.1074~1-71f3]:main():lattice-best-path.cc:99) For utterance MC05_268, best cost 30.1658 + 1725.11 = 1755.27 over 397 frames.
LOG (lattice-best-path[5.5.1074~1-71f3]:main():lattice-best-path.cc:99) For utterance MC05_27, best cost 23.6633 + 1157.3 = 1180.96 over 325 frames.
LOG (lattice-best-path[5.5.1074~1-71f3]:main():lattice-best-path.cc:99) For utterance MC05_270, best cost 22.0463 + 1170.32 = 1192.37 over 272 frames.
LOG (lattice-best-path[5.5.1074~1-71f3]:main():lattice-best-path.cc:99) For utterance MC05_271, best cost 28.6899 + 1656.16 = 1684.85 over 418 frames.
LOG (lattice-best-path[5.5.1074~1-71f3]:main():lattice-best-path.cc:99) For utterance MC05_28, best cost 26.0749 + 1476.89 = 1502.96 over 397 frames.
LOG (lattice-best-path[5.5.1074~1-71f3]:main():lattice-best-path.cc:99) For utterance MC05_281, best cost 20.9354 + 1071.52 = 1092.45 over 255 frames.
LOG (lattice-best-path[5.5.1074~1-71f3]:main():lattice-best-path.cc:99) For utterance MC05_288, best cost 30.7416 + 1823.73 = 1854.47 over 424 frames.
LOG (lattice-best-path[5.5.1074~1-71f3]:main():lattice-best-path.cc:99) For utterance MC05_30, best cost 25.3584 + 1368.55 = 1393.91 over 354 frames.
LOG (lattice-best-path[5.5.1074~1-71f3]:main():lattice-best-path.cc:99) For utterance MC05_300, best cost 30.1661 + 1826.15 = 1856.32 over 389 frames.
LOG (lattice-best-path[5.5.1074~1-71f3]:main():lattice-best-path.cc:99) For utterance MC05_303, best cost 28.3787 + 1665.28 = 1693.65 over 373 frames.
LOG (lattice-best-path[5.5.1074~1-71f3]:main():lattice-best-path.cc:99) For utterance MC05_306, best cost 29.0194 + 1645.71 = 1674.73 over 402 frames.
LOG (lattice-best-path[5.5.1074~1-71f3]:main():lattice-best-path.cc:99) For utterance MC05_308, best cost 21.5845 + 1034.75 = 1056.34 over 250 frames.
LOG (lattice-best-path[5.5.1074~1-71f3]:main():lattice-best-path.cc:99) For utterance MC05_311, best cost 34.7453 + 2251.19 = 2285.94 over 524 frames.
LOG (lattice-best-path[5.5.1074~1-71f3]:main():lattice-best-path.cc:99) For utterance MC05_318, best cost 22.4706 + 1057.6 = 1080.07 over 265 frames.
LOG (lattice-best-path[5.5.1074~1-71f3]:main():lattice-best-path.cc:99) For utterance MC05_328, best cost 30.5346 + 1813.34 = 1843.87 over 385 frames.
LOG (lattice-best-path[5.5.1074~1-71f3]:main():lattice-best-path.cc:99) For utterance MC05_33, best cost 27.485 + 1754.05 = 1781.54 over 484 frames.
LOG (lattice-best-path[5.5.1074~1-71f3]:main():lattice-best-path.cc:99) For utterance MC05_339, best cost 21.8292 + 1193.49 = 1215.32 over 289 frames.
LOG (lattice-best-path[5.5.1074~1-71f3]:main():lattice-best-path.cc:99) For utterance MC05_345, best cost 47.1175 + 1376.76 = 1423.88 over 332 frames.
LOG (lattice-best-path[5.5.1074~1-71f3]:main():lattice-best-path.cc:99) For utterance MC05_348, best cost 23.3035 + 1353.71 = 1377.01 over 319 frames.
LOG (lattice-best-path[5.5.1074~1-71f3]:main():lattice-best-path.cc:99) For utterance MC05_349, best cost 23.4735 + 1243.43 = 1266.9 over 316 frames.
LOG (lattice-best-path[5.5.1074~1-71f3]:main():lattice-best-path.cc:99) For utterance MC05_351, best cost 25.8823 + 1429.62 = 1455.51 over 319 frames.
LOG (lattice-best-path[5.5.1074~1-71f3]:main():lattice-best-path.cc:99) For utterance MC05_358, best cost 22.0645 + 1280.67 = 1302.74 over 332 frames.
LOG (lattice-best-path[5.5.1074~1-71f3]:main():lattice-best-path.cc:99) For utterance MC05_36, best cost 17.8617 + 984.49 = 1002.35 over 265 frames.
LOG (lattice-best-path[5.5.1074~1-71f3]:main():lattice-best-path.cc:99) For utterance MC05_363, best cost 25.871 + 1634.98 = 1660.85 over 396 frames.
LOG (lattice-best-path[5.5.1074~1-71f3]:main():lattice-best-path.cc:99) For utterance MC05_46, best cost 17.4 + 861.877 = 879.277 over 231 frames.
LOG (lattice-best-path[5.5.1074~1-71f3]:main():lattice-best-path.cc:99) For utterance MC05_50, best cost 18.9753 + 902.121 = 921.097 over 249 frames.
LOG (lattice-best-path[5.5.1074~1-71f3]:main():lattice-best-path.cc:99) For utterance MC05_66, best cost 15.7888 + 879.854 = 895.643 over 220 frames.
LOG (lattice-best-path[5.5.1074~1-71f3]:main():lattice-best-path.cc:99) For utterance MC05_68, best cost 24.091 + 1384.97 = 1409.06 over 332 frames.
LOG (lattice-best-path[5.5.1074~1-71f3]:main():lattice-best-path.cc:99) For utterance MC05_82, best cost 20.4482 + 1142.44 = 1162.89 over 296 frames.
LOG (lattice-best-path[5.5.1074~1-71f3]:main():lattice-best-path.cc:99) For utterance MC05_83, best cost 21.6431 + 1141.72 = 1163.36 over 300 frames.
LOG (lattice-best-path[5.5.1074~1-71f3]:main():lattice-best-path.cc:99) For utterance MC05_84, best cost 22.865 + 1168.56 = 1191.43 over 303 frames.
LOG (lattice-best-path[5.5.1074~1-71f3]:main():lattice-best-path.cc:99) For utterance MC05_85, best cost 22.7425 + 1128.65 = 1151.4 over 274 frames.
LOG (lattice-best-path[5.5.1074~1-71f3]:main():lattice-best-path.cc:99) For utterance MC05_87, best cost 33.8539 + 1217.29 = 1251.15 over 309 frames.
LOG (lattice-best-path[5.5.1074~1-71f3]:main():lattice-best-path.cc:124) Overall cost per frame is 4.09737 = 0.0787813 [graph] + 4.01859 [acoustic] over 20060 frames.
LOG (lattice-best-path[5.5.1074~1-71f3]:main():lattice-best-path.cc:128) Done 75 lattices, failed for 0
# Accounting: time=0 threads=1
# Ended (code 0) at Thu Aug  3 11:46:12 IST 2023, elapsed time 0 seconds
