# lattice-depth-per-frame "ark:gunzip -c exp_FG/ldamllt/decode/lat.8.gz|" "ark,t:|gzip -c > exp_FG/ldamllt/decode/depth_tmp.8.gz" ark:- | lattice-best-path --acoustic-scale=0.1 ark:- ark:/dev/null "ark,t:|gzip -c >exp_FG/ldamllt/decode/ali_tmp.8.gz" 
# Started at Thu Aug  3 11:46:12 IST 2023
#
lattice-best-path --acoustic-scale=0.1 ark:- ark:/dev/null 'ark,t:|gzip -c >exp_FG/ldamllt/decode/ali_tmp.8.gz' 
lattice-depth-per-frame 'ark:gunzip -c exp_FG/ldamllt/decode/lat.8.gz|' 'ark,t:|gzip -c > exp_FG/ldamllt/decode/depth_tmp.8.gz' ark:- 
LOG (lattice-best-path[5.5.1074~1-71f3]:main():lattice-best-path.cc:99) For utterance MC03_100, best cost 27.3618 + 1512.06 = 1539.42 over 331 frames.
LOG (lattice-best-path[5.5.1074~1-71f3]:main():lattice-best-path.cc:99) For utterance MC03_103, best cost 26.7703 + 1394.23 = 1421 over 328 frames.
LOG (lattice-best-path[5.5.1074~1-71f3]:main():lattice-best-path.cc:99) For utterance MC03_105, best cost 18.6076 + 923.977 = 942.585 over 237 frames.
LOG (lattice-best-path[5.5.1074~1-71f3]:main():lattice-best-path.cc:99) For utterance MC03_106, best cost 15.7723 + 622.309 = 638.081 over 146 frames.
LOG (lattice-best-path[5.5.1074~1-71f3]:main():lattice-best-path.cc:99) For utterance MC03_119, best cost 12.9102 + 401.812 = 414.722 over 127 frames.
LOG (lattice-best-path[5.5.1074~1-71f3]:main():lattice-best-path.cc:99) For utterance MC03_129, best cost 12.1017 + 312.888 = 324.99 over 93 frames.
LOG (lattice-best-path[5.5.1074~1-71f3]:main():lattice-best-path.cc:99) For utterance MC03_132, best cost 12.6621 + 507.144 = 519.807 over 135 frames.
LOG (lattice-best-path[5.5.1074~1-71f3]:main():lattice-best-path.cc:99) For utterance MC03_136, best cost 13.7571 + 491.568 = 505.325 over 126 frames.
LOG (lattice-best-path[5.5.1074~1-71f3]:main():lattice-best-path.cc:99) For utterance MC03_137, best cost 12.6423 + 467.762 = 480.404 over 102 frames.
LOG (lattice-best-path[5.5.1074~1-71f3]:main():lattice-best-path.cc:99) For utterance MC03_138, best cost 11.8891 + 454.644 = 466.534 over 115 frames.
LOG (lattice-best-path[5.5.1074~1-71f3]:main():lattice-best-path.cc:99) For utterance MC03_143, best cost 14.2259 + 579.823 = 594.048 over 146 frames.
LOG (lattice-best-path[5.5.1074~1-71f3]:main():lattice-best-path.cc:99) For utterance MC03_144, best cost 13.088 + 479.933 = 493.021 over 142 frames.
LOG (lattice-best-path[5.5.1074~1-71f3]:main():lattice-best-path.cc:99) For utterance MC03_145, best cost 12.5097 + 354.701 = 367.211 over 91 frames.
LOG (lattice-best-path[5.5.1074~1-71f3]:main():lattice-best-path.cc:99) For utterance MC03_147, best cost 14.7478 + 763.735 = 778.483 over 193 frames.
LOG (lattice-best-path[5.5.1074~1-71f3]:main():lattice-best-path.cc:99) For utterance MC03_149, best cost 11.4814 + 404.018 = 415.499 over 104 frames.
LOG (lattice-best-path[5.5.1074~1-71f3]:main():lattice-best-path.cc:99) For utterance MC03_151, best cost 12.8748 + 432.948 = 445.823 over 93 frames.
LOG (lattice-best-path[5.5.1074~1-71f3]:main():lattice-best-path.cc:99) For utterance MC03_153, best cost 12.0177 + 455.339 = 467.357 over 102 frames.
LOG (lattice-best-path[5.5.1074~1-71f3]:main():lattice-best-path.cc:99) For utterance MC03_154, best cost 12.9284 + 409.438 = 422.366 over 93 frames.
LOG (lattice-best-path[5.5.1074~1-71f3]:main():lattice-best-path.cc:99) For utterance MC03_156, best cost 14.9709 + 609.651 = 624.621 over 144 frames.
LOG (lattice-best-path[5.5.1074~1-71f3]:main():lattice-best-path.cc:99) For utterance MC03_160, best cost 12.1296 + 395.248 = 407.378 over 102 frames.
LOG (lattice-best-path[5.5.1074~1-71f3]:main():lattice-best-path.cc:99) For utterance MC03_162, best cost 12.3573 + 504.871 = 517.228 over 124 frames.
LOG (lattice-best-path[5.5.1074~1-71f3]:main():lattice-best-path.cc:99) For utterance MC03_165, best cost 13.1283 + 453.685 = 466.814 over 135 frames.
LOG (lattice-best-path[5.5.1074~1-71f3]:main():lattice-best-path.cc:99) For utterance MC03_170, best cost 13.3198 + 496.28 = 509.6 over 122 frames.
LOG (lattice-best-path[5.5.1074~1-71f3]:main():lattice-best-path.cc:99) For utterance MC03_172, best cost 13.0548 + 459.663 = 472.718 over 115 frames.
LOG (lattice-best-path[5.5.1074~1-71f3]:main():lattice-best-path.cc:99) For utterance MC03_175, best cost 13.8009 + 460.121 = 473.922 over 120 frames.
LOG (lattice-best-path[5.5.1074~1-71f3]:main():lattice-best-path.cc:99) For utterance MC03_178, best cost 13.1897 + 578.888 = 592.078 over 160 frames.
LOG (lattice-best-path[5.5.1074~1-71f3]:main():lattice-best-path.cc:99) For utterance MC03_182, best cost 13.0634 + 483.128 = 496.192 over 142 frames.
LOG (lattice-best-path[5.5.1074~1-71f3]:main():lattice-best-path.cc:99) For utterance MC03_185, best cost 12.7453 + 540.374 = 553.119 over 142 frames.
LOG (lattice-best-path[5.5.1074~1-71f3]:main():lattice-best-path.cc:99) For utterance MC03_193, best cost 11.7092 + 368.164 = 379.873 over 107 frames.
LOG (lattice-best-path[5.5.1074~1-71f3]:main():lattice-best-path.cc:99) For utterance MC03_2, best cost 16.4713 + 705.091 = 721.562 over 164 frames.
LOG (lattice-best-path[5.5.1074~1-71f3]:main():lattice-best-path.cc:99) For utterance MC03_200, best cost 13.2192 + 563.686 = 576.905 over 118 frames.
LOG (lattice-best-path[5.5.1074~1-71f3]:main():lattice-best-path.cc:99) For utterance MC03_204, best cost 13.6388 + 573.429 = 587.068 over 135 frames.
LOG (lattice-best-path[5.5.1074~1-71f3]:main():lattice-best-path.cc:99) For utterance MC03_209, best cost 13.3013 + 562.68 = 575.981 over 151 frames.
LOG (lattice-best-path[5.5.1074~1-71f3]:main():lattice-best-path.cc:99) For utterance MC03_22, best cost 21.3265 + 1143.52 = 1164.84 over 247 frames.
LOG (lattice-best-path[5.5.1074~1-71f3]:main():lattice-best-path.cc:99) For utterance MC03_221, best cost 22.7918 + 1158.35 = 1181.14 over 238 frames.
LOG (lattice-best-path[5.5.1074~1-71f3]:main():lattice-best-path.cc:99) For utterance MC03_233, best cost 21.0494 + 1109.64 = 1130.69 over 225 frames.
LOG (lattice-best-path[5.5.1074~1-71f3]:main():lattice-best-path.cc:99) For utterance MC03_239, best cost 18.7163 + 771.609 = 790.326 over 143 frames.
LOG (lattice-best-path[5.5.1074~1-71f3]:main():lattice-best-path.cc:99) For utterance MC03_24, best cost 17.2389 + 728.777 = 746.016 over 180 frames.
LOG (lattice-depth-per-frame[5.5.1074~1-71f3]:main():lattice-depth-per-frame.cc:82) Done 82 lattices.
LOG (lattice-best-path[5.5.1074~1-71f3]:main():lattice-best-path.cc:99) For utterance MC03_245, best cost 20.4902 + 980.783 = 1001.27 over 232 frames.
LOG (lattice-best-path[5.5.1074~1-71f3]:main():lattice-best-path.cc:99) For utterance MC03_246, best cost 16.6726 + 777.92 = 794.592 over 186 frames.
LOG (lattice-best-path[5.5.1074~1-71f3]:main():lattice-best-path.cc:99) For utterance MC03_247, best cost 16.3754 + 759.167 = 775.543 over 163 frames.
LOG (lattice-best-path[5.5.1074~1-71f3]:main():lattice-best-path.cc:99) For utterance MC03_25, best cost 21.8765 + 1026.51 = 1048.39 over 230 frames.
LOG (lattice-best-path[5.5.1074~1-71f3]:main():lattice-best-path.cc:99) For utterance MC03_264, best cost 21.9368 + 1185.35 = 1207.28 over 247 frames.
LOG (lattice-best-path[5.5.1074~1-71f3]:main():lattice-best-path.cc:99) For utterance MC03_269, best cost 18.2586 + 830.001 = 848.26 over 172 frames.
LOG (lattice-best-path[5.5.1074~1-71f3]:main():lattice-best-path.cc:99) For utterance MC03_273, best cost 16.7108 + 810.356 = 827.066 over 177 frames.
LOG (lattice-best-path[5.5.1074~1-71f3]:main():lattice-best-path.cc:99) For utterance MC03_275, best cost 21.1547 + 1041.9 = 1063.05 over 218 frames.
LOG (lattice-best-path[5.5.1074~1-71f3]:main():lattice-best-path.cc:99) For utterance MC03_278, best cost 22.0048 + 1174.71 = 1196.72 over 254 frames.
LOG (lattice-best-path[5.5.1074~1-71f3]:main():lattice-best-path.cc:99) For utterance MC03_279, best cost 19.1428 + 1084.45 = 1103.59 over 231 frames.
LOG (lattice-best-path[5.5.1074~1-71f3]:main():lattice-best-path.cc:99) For utterance MC03_28, best cost 20.9965 + 997.855 = 1018.85 over 242 frames.
LOG (lattice-best-path[5.5.1074~1-71f3]:main():lattice-best-path.cc:99) For utterance MC03_29, best cost 21.9655 + 1143.12 = 1165.09 over 266 frames.
LOG (lattice-best-path[5.5.1074~1-71f3]:main():lattice-best-path.cc:99) For utterance MC03_291, best cost 25.7588 + 1398.43 = 1424.19 over 281 frames.
LOG (lattice-best-path[5.5.1074~1-71f3]:main():lattice-best-path.cc:99) For utterance MC03_301, best cost 24.2769 + 1281.78 = 1306.06 over 236 frames.
LOG (lattice-best-path[5.5.1074~1-71f3]:main():lattice-best-path.cc:99) For utterance MC03_31, best cost 24.7682 + 1429.65 = 1454.42 over 303 frames.
LOG (lattice-best-path[5.5.1074~1-71f3]:main():lattice-best-path.cc:99) For utterance MC03_327, best cost 24.816 + 1551.38 = 1576.19 over 336 frames.
LOG (lattice-best-path[5.5.1074~1-71f3]:main():lattice-best-path.cc:99) For utterance MC03_328, best cost 26.9589 + 1706.73 = 1733.69 over 336 frames.
LOG (lattice-best-path[5.5.1074~1-71f3]:main():lattice-best-path.cc:99) For utterance MC03_329, best cost 19.7142 + 1231.06 = 1250.77 over 259 frames.
LOG (lattice-best-path[5.5.1074~1-71f3]:main():lattice-best-path.cc:99) For utterance MC03_331, best cost 19.6484 + 1116.12 = 1135.77 over 242 frames.
LOG (lattice-best-path[5.5.1074~1-71f3]:main():lattice-best-path.cc:99) For utterance MC03_34, best cost 16.9047 + 738.56 = 755.465 over 167 frames.
LOG (lattice-best-path[5.5.1074~1-71f3]:main():lattice-best-path.cc:99) For utterance MC03_342, best cost 20.605 + 1090.71 = 1111.32 over 232 frames.
LOG (lattice-best-path[5.5.1074~1-71f3]:main():lattice-best-path.cc:99) For utterance MC03_349, best cost 20.9027 + 1072.08 = 1092.99 over 259 frames.
LOG (lattice-best-path[5.5.1074~1-71f3]:main():lattice-best-path.cc:99) For utterance MC03_354, best cost 27.8479 + 1637.74 = 1665.59 over 336 frames.
LOG (lattice-best-path[5.5.1074~1-71f3]:main():lattice-best-path.cc:99) For utterance MC03_356, best cost 20.0113 + 924.601 = 944.613 over 204 frames.
LOG (lattice-best-path[5.5.1074~1-71f3]:main():lattice-best-path.cc:99) For utterance MC03_361, best cost 17.7848 + 1021.42 = 1039.21 over 253 frames.
LOG (lattice-best-path[5.5.1074~1-71f3]:main():lattice-best-path.cc:99) For utterance MC03_363, best cost 23.3052 + 1385.92 = 1409.22 over 279 frames.
LOG (lattice-best-path[5.5.1074~1-71f3]:main():lattice-best-path.cc:99) For utterance MC03_365, best cost 25.4789 + 1564.15 = 1589.63 over 328 frames.
LOG (lattice-best-path[5.5.1074~1-71f3]:main():lattice-best-path.cc:99) For utterance MC03_39, best cost 17.1188 + 948.971 = 966.089 over 224 frames.
LOG (lattice-best-path[5.5.1074~1-71f3]:main():lattice-best-path.cc:99) For utterance MC03_40, best cost 14.7243 + 660.045 = 674.77 over 147 frames.
LOG (lattice-best-path[5.5.1074~1-71f3]:main():lattice-best-path.cc:99) For utterance MC03_41, best cost 22.9722 + 1326.52 = 1349.49 over 257 frames.
LOG (lattice-best-path[5.5.1074~1-71f3]:main():lattice-best-path.cc:99) For utterance MC03_47, best cost 16.012 + 631.234 = 647.246 over 157 frames.
LOG (lattice-best-path[5.5.1074~1-71f3]:main():lattice-best-path.cc:99) For utterance MC03_48, best cost 16.7555 + 776.865 = 793.621 over 183 frames.
LOG (lattice-best-path[5.5.1074~1-71f3]:main():lattice-best-path.cc:99) For utterance MC03_49, best cost 22.7872 + 1236.31 = 1259.1 over 286 frames.
LOG (lattice-best-path[5.5.1074~1-71f3]:main():lattice-best-path.cc:99) For utterance MC03_5, best cost 16.7234 + 756.175 = 772.898 over 172 frames.
LOG (lattice-best-path[5.5.1074~1-71f3]:main():lattice-best-path.cc:99) For utterance MC03_53, best cost 22.6176 + 1259.66 = 1282.28 over 278 frames.
LOG (lattice-best-path[5.5.1074~1-71f3]:main():lattice-best-path.cc:99) For utterance MC03_56, best cost 17.259 + 951.141 = 968.4 over 247 frames.
LOG (lattice-best-path[5.5.1074~1-71f3]:main():lattice-best-path.cc:99) For utterance MC03_57, best cost 16.9467 + 833.116 = 850.063 over 199 frames.
LOG (lattice-best-path[5.5.1074~1-71f3]:main():lattice-best-path.cc:99) For utterance MC03_61, best cost 18.7065 + 1043.72 = 1062.42 over 237 frames.
LOG (lattice-best-path[5.5.1074~1-71f3]:main():lattice-best-path.cc:99) For utterance MC03_69, best cost 16.2188 + 684.79 = 701.009 over 144 frames.
LOG (lattice-best-path[5.5.1074~1-71f3]:main():lattice-best-path.cc:99) For utterance MC03_7, best cost 18.1357 + 797.485 = 815.621 over 183 frames.
LOG (lattice-best-path[5.5.1074~1-71f3]:main():lattice-best-path.cc:99) For utterance MC03_77, best cost 23.5329 + 1289.26 = 1312.79 over 262 frames.
LOG (lattice-best-path[5.5.1074~1-71f3]:main():lattice-best-path.cc:99) For utterance MC03_88, best cost 23.9056 + 1522.26 = 1546.17 over 323 frames.
LOG (lattice-best-path[5.5.1074~1-71f3]:main():lattice-best-path.cc:99) For utterance MC03_89, best cost 24.948 + 1387.05 = 1412 over 299 frames.
LOG (lattice-best-path[5.5.1074~1-71f3]:main():lattice-best-path.cc:99) For utterance MC03_9, best cost 20.9737 + 1149.79 = 1170.76 over 212 frames.
LOG (lattice-best-path[5.5.1074~1-71f3]:main():lattice-best-path.cc:124) Overall cost per frame is 4.52728 = 0.091145 [graph] + 4.43613 [acoustic] over 16197 frames.
LOG (lattice-best-path[5.5.1074~1-71f3]:main():lattice-best-path.cc:128) Done 82 lattices, failed for 0
# Accounting: time=0 threads=1
# Ended (code 0) at Thu Aug  3 11:46:12 IST 2023, elapsed time 0 seconds
