# lattice-depth-per-frame "ark:gunzip -c exp_FG/ldamllt/decode/lat.3.gz|" "ark,t:|gzip -c > exp_FG/ldamllt/decode/depth_tmp.3.gz" ark:- | lattice-best-path --acoustic-scale=0.1 ark:- ark:/dev/null "ark,t:|gzip -c >exp_FG/ldamllt/decode/ali_tmp.3.gz" 
# Started at Thu Aug  3 11:46:12 IST 2023
#
lattice-best-path --acoustic-scale=0.1 ark:- ark:/dev/null 'ark,t:|gzip -c >exp_FG/ldamllt/decode/ali_tmp.3.gz' 
lattice-depth-per-frame 'ark:gunzip -c exp_FG/ldamllt/decode/lat.3.gz|' 'ark,t:|gzip -c > exp_FG/ldamllt/decode/depth_tmp.3.gz' ark:- 
LOG (lattice-best-path[5.5.1074~1-71f3]:main():lattice-best-path.cc:99) For utterance FC03_1, best cost 21.1375 + 1204.38 = 1225.51 over 310 frames.
LOG (lattice-best-path[5.5.1074~1-71f3]:main():lattice-best-path.cc:99) For utterance FC03_11, best cost 19.0882 + 973.891 = 992.979 over 240 frames.
LOG (lattice-best-path[5.5.1074~1-71f3]:main():lattice-best-path.cc:99) For utterance FC03_12, best cost 23.7182 + 1291.04 = 1314.75 over 315 frames.
LOG (lattice-best-path[5.5.1074~1-71f3]:main():lattice-best-path.cc:99) For utterance FC03_125, best cost 14.2906 + 480.652 = 494.942 over 170 frames.
LOG (lattice-best-path[5.5.1074~1-71f3]:main():lattice-best-path.cc:99) For utterance FC03_130, best cost 13.4952 + 453.505 = 467 over 127 frames.
LOG (lattice-best-path[5.5.1074~1-71f3]:main():lattice-best-path.cc:99) For utterance FC03_137, best cost 14.0495 + 526.659 = 540.708 over 159 frames.
LOG (lattice-best-path[5.5.1074~1-71f3]:main():lattice-best-path.cc:99) For utterance FC03_139, best cost 15.2425 + 558.605 = 573.848 over 175 frames.
LOG (lattice-best-path[5.5.1074~1-71f3]:main():lattice-best-path.cc:99) For utterance FC03_14, best cost 25.6778 + 1526.78 = 1552.46 over 374 frames.
LOG (lattice-best-path[5.5.1074~1-71f3]:main():lattice-best-path.cc:99) For utterance FC03_146, best cost 13.7674 + 498.567 = 512.334 over 165 frames.
LOG (lattice-best-path[5.5.1074~1-71f3]:main():lattice-best-path.cc:99) For utterance FC03_148, best cost 32.204 + 732.539 = 764.743 over 170 frames.
LOG (lattice-best-path[5.5.1074~1-71f3]:main():lattice-best-path.cc:99) For utterance FC03_150, best cost 13.7345 + 565.781 = 579.515 over 154 frames.
LOG (lattice-best-path[5.5.1074~1-71f3]:main():lattice-best-path.cc:99) For utterance FC03_167, best cost 13.7883 + 541.611 = 555.399 over 159 frames.
LOG (lattice-best-path[5.5.1074~1-71f3]:main():lattice-best-path.cc:99) For utterance FC03_171, best cost 17.7581 + 888.689 = 906.447 over 342 frames.
LOG (lattice-best-path[5.5.1074~1-71f3]:main():lattice-best-path.cc:99) For utterance FC03_174, best cost 14.0936 + 558.217 = 572.311 over 164 frames.
LOG (lattice-best-path[5.5.1074~1-71f3]:main():lattice-best-path.cc:99) For utterance FC03_175, best cost 14.9332 + 438.4 = 453.333 over 143 frames.
LOG (lattice-best-path[5.5.1074~1-71f3]:main():lattice-best-path.cc:99) For utterance FC03_177, best cost 14.4344 + 521.454 = 535.888 over 186 frames.
LOG (lattice-best-path[5.5.1074~1-71f3]:main():lattice-best-path.cc:99) For utterance FC03_183, best cost 15.8536 + 589.917 = 605.77 over 208 frames.
LOG (lattice-best-path[5.5.1074~1-71f3]:main():lattice-best-path.cc:99) For utterance FC03_19, best cost 25.1607 + 1479.45 = 1504.61 over 369 frames.
LOG (lattice-best-path[5.5.1074~1-71f3]:main():lattice-best-path.cc:99) For utterance FC03_191, best cost 14.4414 + 590.164 = 604.605 over 170 frames.
LOG (lattice-best-path[5.5.1074~1-71f3]:main():lattice-best-path.cc:99) For utterance FC03_198, best cost 15.519 + 655.135 = 670.654 over 170 frames.
LOG (lattice-best-path[5.5.1074~1-71f3]:main():lattice-best-path.cc:99) For utterance FC03_20, best cost 27.4998 + 1484.39 = 1511.89 over 417 frames.
LOG (lattice-best-path[5.5.1074~1-71f3]:main():lattice-best-path.cc:99) For utterance FC03_21, best cost 22.2588 + 1069.88 = 1092.14 over 320 frames.
LOG (lattice-best-path[5.5.1074~1-71f3]:main():lattice-best-path.cc:99) For utterance FC03_212, best cost 19.2406 + 789.486 = 808.726 over 234 frames.
LOG (lattice-best-path[5.5.1074~1-71f3]:main():lattice-best-path.cc:99) For utterance FC03_217, best cost 24.6826 + 1138.86 = 1163.54 over 283 frames.
LOG (lattice-best-path[5.5.1074~1-71f3]:main():lattice-best-path.cc:99) For utterance FC03_223, best cost 29.1175 + 1844.88 = 1874 over 424 frames.
LOG (lattice-best-path[5.5.1074~1-71f3]:main():lattice-best-path.cc:99) For utterance FC03_225, best cost 25.2382 + 1471.87 = 1497.11 over 365 frames.
LOG (lattice-best-path[5.5.1074~1-71f3]:main():lattice-best-path.cc:99) For utterance FC03_230, best cost 25.012 + 1381.16 = 1406.17 over 365 frames.
LOG (lattice-best-path[5.5.1074~1-71f3]:main():lattice-best-path.cc:99) For utterance FC03_231, best cost 32.5896 + 1710.62 = 1743.21 over 436 frames.
LOG (lattice-best-path[5.5.1074~1-71f3]:main():lattice-best-path.cc:99) For utterance FC03_233, best cost 25.0265 + 1343.9 = 1368.93 over 361 frames.
LOG (lattice-best-path[5.5.1074~1-71f3]:main():lattice-best-path.cc:99) For utterance FC03_238, best cost 18.997 + 934.194 = 953.191 over 258 frames.
LOG (lattice-best-path[5.5.1074~1-71f3]:main():lattice-best-path.cc:99) For utterance FC03_247, best cost 21.4189 + 1104.04 = 1125.46 over 298 frames.
LOG (lattice-best-path[5.5.1074~1-71f3]:main():lattice-best-path.cc:99) For utterance FC03_259, best cost 20.0427 + 1102.08 = 1122.12 over 274 frames.
LOG (lattice-best-path[5.5.1074~1-71f3]:main():lattice-best-path.cc:99) For utterance FC03_263, best cost 22.2848 + 1311.8 = 1334.08 over 298 frames.
LOG (lattice-best-path[5.5.1074~1-71f3]:main():lattice-best-path.cc:99) For utterance FC03_266, best cost 23.0451 + 1239.04 = 1262.09 over 294 frames.
LOG (lattice-best-path[5.5.1074~1-71f3]:main():lattice-best-path.cc:99) For utterance FC03_269, best cost 22.6292 + 1150.52 = 1173.15 over 286 frames.
LOG (lattice-best-path[5.5.1074~1-71f3]:main():lattice-best-path.cc:99) For utterance FC03_27, best cost 25.3674 + 1104.93 = 1130.3 over 331 frames.
LOG (lattice-best-path[5.5.1074~1-71f3]:main():lattice-best-path.cc:99) For utterance FC03_270, best cost 24.9376 + 1403.3 = 1428.24 over 373 frames.
LOG (lattice-best-path[5.5.1074~1-71f3]:main():lattice-best-path.cc:99) For utterance FC03_276, best cost 26.5894 + 1452.63 = 1479.22 over 357 frames.
LOG (lattice-best-path[5.5.1074~1-71f3]:main():lattice-best-path.cc:99) For utterance FC03_279, best cost 21.6483 + 1163.6 = 1185.24 over 270 frames.
LOG (lattice-best-path[5.5.1074~1-71f3]:main():lattice-best-path.cc:99) For utterance FC03_282, best cost 23.9236 + 1227.24 = 1251.17 over 325 frames.
LOG (lattice-best-path[5.5.1074~1-71f3]:main():lattice-best-path.cc:99) For utterance FC03_283, best cost 26.4044 + 1476.56 = 1502.96 over 349 frames.
LOG (lattice-best-path[5.5.1074~1-71f3]:main():lattice-best-path.cc:99) For utterance FC03_285, best cost 27.8299 + 1590.26 = 1618.09 over 382 frames.
LOG (lattice-best-path[5.5.1074~1-71f3]:main():lattice-best-path.cc:99) For utterance FC03_289, best cost 28.3877 + 1626.17 = 1654.56 over 408 frames.
LOG (lattice-best-path[5.5.1074~1-71f3]:main():lattice-best-path.cc:99) For utterance FC03_29, best cost 24.9733 + 1295.99 = 1320.96 over 336 frames.
LOG (lattice-depth-per-frame[5.5.1074~1-71f3]:main():lattice-depth-per-frame.cc:82) Done 76 lattices.
LOG (lattice-best-path[5.5.1074~1-71f3]:main():lattice-best-path.cc:99) For utterance FC03_290, best cost 29.043 + 1836.24 = 1865.28 over 487 frames.
LOG (lattice-best-path[5.5.1074~1-71f3]:main():lattice-best-path.cc:99) For utterance FC03_291, best cost 35.3436 + 2161.43 = 2196.78 over 574 frames.
LOG (lattice-best-path[5.5.1074~1-71f3]:main():lattice-best-path.cc:99) For utterance FC03_296, best cost 36.4536 + 2266.63 = 2303.09 over 558 frames.
LOG (lattice-best-path[5.5.1074~1-71f3]:main():lattice-best-path.cc:99) For utterance FC03_30, best cost 26.8127 + 1411.29 = 1438.1 over 326 frames.
LOG (lattice-best-path[5.5.1074~1-71f3]:main():lattice-best-path.cc:99) For utterance FC03_300, best cost 32.5535 + 2094.46 = 2127.01 over 487 frames.
LOG (lattice-best-path[5.5.1074~1-71f3]:main():lattice-best-path.cc:99) For utterance FC03_307, best cost 26.5783 + 1542.73 = 1569.31 over 361 frames.
LOG (lattice-best-path[5.5.1074~1-71f3]:main():lattice-best-path.cc:99) For utterance FC03_310, best cost 26.3198 + 1419.18 = 1445.5 over 329 frames.
LOG (lattice-best-path[5.5.1074~1-71f3]:main():lattice-best-path.cc:99) For utterance FC03_316, best cost 27.1699 + 1564.23 = 1591.4 over 330 frames.
LOG (lattice-best-path[5.5.1074~1-71f3]:main():lattice-best-path.cc:99) For utterance FC03_317, best cost 26.1663 + 1412.73 = 1438.9 over 373 frames.
LOG (lattice-best-path[5.5.1074~1-71f3]:main():lattice-best-path.cc:99) For utterance FC03_319, best cost 25.4645 + 1351.42 = 1376.89 over 341 frames.
LOG (lattice-best-path[5.5.1074~1-71f3]:main():lattice-best-path.cc:99) For utterance FC03_320, best cost 22.5739 + 1270.88 = 1293.45 over 294 frames.
LOG (lattice-best-path[5.5.1074~1-71f3]:main():lattice-best-path.cc:99) For utterance FC03_335, best cost 23.4893 + 1216.86 = 1240.35 over 310 frames.
LOG (lattice-best-path[5.5.1074~1-71f3]:main():lattice-best-path.cc:99) For utterance FC03_336, best cost 25.414 + 1434.23 = 1459.64 over 333 frames.
LOG (lattice-best-path[5.5.1074~1-71f3]:main():lattice-best-path.cc:99) For utterance FC03_338, best cost 23.9639 + 1258.12 = 1282.09 over 282 frames.
LOG (lattice-best-path[5.5.1074~1-71f3]:main():lattice-best-path.cc:99) For utterance FC03_34, best cost 19.9323 + 972.932 = 992.865 over 251 frames.
LOG (lattice-best-path[5.5.1074~1-71f3]:main():lattice-best-path.cc:99) For utterance FC03_342, best cost 24.73 + 1360.44 = 1385.17 over 318 frames.
LOG (lattice-best-path[5.5.1074~1-71f3]:main():lattice-best-path.cc:99) For utterance FC03_35, best cost 20.5147 + 1044.78 = 1065.29 over 294 frames.
LOG (lattice-best-path[5.5.1074~1-71f3]:main():lattice-best-path.cc:99) For utterance FC03_350, best cost 29.1545 + 1657.88 = 1687.03 over 353 frames.
LOG (lattice-best-path[5.5.1074~1-71f3]:main():lattice-best-path.cc:99) For utterance FC03_353, best cost 24.4019 + 1229.2 = 1253.6 over 306 frames.
LOG (lattice-best-path[5.5.1074~1-71f3]:main():lattice-best-path.cc:99) For utterance FC03_354, best cost 34.6566 + 2051.45 = 2086.1 over 499 frames.
LOG (lattice-best-path[5.5.1074~1-71f3]:main():lattice-best-path.cc:99) For utterance FC03_355, best cost 27.3919 + 1538.2 = 1565.59 over 385 frames.
LOG (lattice-best-path[5.5.1074~1-71f3]:main():lattice-best-path.cc:99) For utterance FC03_41, best cost 27.4335 + 1771.73 = 1799.16 over 390 frames.
LOG (lattice-best-path[5.5.1074~1-71f3]:main():lattice-best-path.cc:99) For utterance FC03_46, best cost 18.3233 + 831.71 = 850.033 over 213 frames.
LOG (lattice-best-path[5.5.1074~1-71f3]:main():lattice-best-path.cc:99) For utterance FC03_5, best cost 20.2267 + 1174.97 = 1195.2 over 283 frames.
LOG (lattice-best-path[5.5.1074~1-71f3]:main():lattice-best-path.cc:99) For utterance FC03_50, best cost 21.263 + 1079.14 = 1100.41 over 288 frames.
LOG (lattice-best-path[5.5.1074~1-71f3]:main():lattice-best-path.cc:99) For utterance FC03_66, best cost 17.9459 + 826.583 = 844.529 over 218 frames.
LOG (lattice-best-path[5.5.1074~1-71f3]:main():lattice-best-path.cc:99) For utterance FC03_73, best cost 37.3573 + 2285.08 = 2322.43 over 476 frames.
LOG (lattice-best-path[5.5.1074~1-71f3]:main():lattice-best-path.cc:99) For utterance FC03_74, best cost 30.9667 + 1846.44 = 1877.41 over 465 frames.
LOG (lattice-best-path[5.5.1074~1-71f3]:main():lattice-best-path.cc:99) For utterance FC03_80, best cost 22.7961 + 1356.24 = 1379.04 over 320 frames.
LOG (lattice-best-path[5.5.1074~1-71f3]:main():lattice-best-path.cc:99) For utterance FC03_85, best cost 24.7829 + 1342.24 = 1367.02 over 326 frames.
LOG (lattice-best-path[5.5.1074~1-71f3]:main():lattice-best-path.cc:99) For utterance FC03_94, best cost 24.2716 + 1408.03 = 1432.3 over 304 frames.
LOG (lattice-best-path[5.5.1074~1-71f3]:main():lattice-best-path.cc:99) For utterance FC03_98, best cost 29.3908 + 1842.37 = 1871.76 over 390 frames.
LOG (lattice-best-path[5.5.1074~1-71f3]:main():lattice-best-path.cc:124) Overall cost per frame is 4.04311 = 0.075045 [graph] + 3.96807 [acoustic] over 23778 frames.
LOG (lattice-best-path[5.5.1074~1-71f3]:main():lattice-best-path.cc:128) Done 76 lattices, failed for 0
# Accounting: time=0 threads=1
# Ended (code 0) at Thu Aug  3 11:46:12 IST 2023, elapsed time 0 seconds
