# lattice-depth-per-frame "ark:gunzip -c exp_FG/ldamllt/decode/lat.9.gz|" "ark,t:|gzip -c > exp_FG/ldamllt/decode/depth_tmp.9.gz" ark:- | lattice-best-path --acoustic-scale=0.1 ark:- ark:/dev/null "ark,t:|gzip -c >exp_FG/ldamllt/decode/ali_tmp.9.gz" 
# Started at Thu Aug  3 11:46:12 IST 2023
#
lattice-best-path --acoustic-scale=0.1 ark:- ark:/dev/null 'ark,t:|gzip -c >exp_FG/ldamllt/decode/ali_tmp.9.gz' 
lattice-depth-per-frame 'ark:gunzip -c exp_FG/ldamllt/decode/lat.9.gz|' 'ark,t:|gzip -c > exp_FG/ldamllt/decode/depth_tmp.9.gz' ark:- 
LOG (lattice-best-path[5.5.1074~1-71f3]:main():lattice-best-path.cc:99) For utterance MC04_103, best cost 29.1726 + 1691.2 = 1720.38 over 465 frames.
LOG (lattice-best-path[5.5.1074~1-71f3]:main():lattice-best-path.cc:99) For utterance MC04_107, best cost 14.4937 + 666.567 = 681.061 over 188 frames.
LOG (lattice-best-path[5.5.1074~1-71f3]:main():lattice-best-path.cc:99) For utterance MC04_110, best cost 14.9724 + 622.986 = 637.958 over 201 frames.
LOG (lattice-best-path[5.5.1074~1-71f3]:main():lattice-best-path.cc:99) For utterance MC04_124, best cost 12.6826 + 544.743 = 557.426 over 188 frames.
LOG (lattice-best-path[5.5.1074~1-71f3]:main():lattice-best-path.cc:99) For utterance MC04_127, best cost 13.6777 + 600.954 = 614.632 over 220 frames.
LOG (lattice-best-path[5.5.1074~1-71f3]:main():lattice-best-path.cc:99) For utterance MC04_13, best cost 23.1103 + 979.128 = 1002.24 over 269 frames.
LOG (lattice-best-path[5.5.1074~1-71f3]:main():lattice-best-path.cc:99) For utterance MC04_135, best cost 13.0898 + 437.861 = 450.95 over 140 frames.
LOG (lattice-best-path[5.5.1074~1-71f3]:main():lattice-best-path.cc:99) For utterance MC04_139, best cost 13.4373 + 475.634 = 489.071 over 150 frames.
LOG (lattice-best-path[5.5.1074~1-71f3]:main():lattice-best-path.cc:99) For utterance MC04_141, best cost 11.426 + 380.238 = 391.664 over 137 frames.
LOG (lattice-best-path[5.5.1074~1-71f3]:main():lattice-best-path.cc:99) For utterance MC04_146, best cost 12.1932 + 515.392 = 527.585 over 114 frames.
LOG (lattice-best-path[5.5.1074~1-71f3]:main():lattice-best-path.cc:99) For utterance MC04_147, best cost 15.7081 + 599.018 = 614.726 over 185 frames.
LOG (lattice-best-path[5.5.1074~1-71f3]:main():lattice-best-path.cc:99) For utterance MC04_148, best cost 12.5444 + 583.671 = 596.215 over 130 frames.
LOG (lattice-best-path[5.5.1074~1-71f3]:main():lattice-best-path.cc:99) For utterance MC04_151, best cost 13.7758 + 482.404 = 496.18 over 146 frames.
LOG (lattice-best-path[5.5.1074~1-71f3]:main():lattice-best-path.cc:99) For utterance MC04_158, best cost 12.7158 + 366.46 = 379.176 over 124 frames.
LOG (lattice-best-path[5.5.1074~1-71f3]:main():lattice-best-path.cc:99) For utterance MC04_162, best cost 12.598 + 585.662 = 598.26 over 150 frames.
LOG (lattice-best-path[5.5.1074~1-71f3]:main():lattice-best-path.cc:99) For utterance MC04_168, best cost 13.1801 + 558.015 = 571.195 over 166 frames.
LOG (lattice-best-path[5.5.1074~1-71f3]:main():lattice-best-path.cc:99) For utterance MC04_174, best cost 12.8024 + 458.349 = 471.151 over 137 frames.
LOG (lattice-best-path[5.5.1074~1-71f3]:main():lattice-best-path.cc:99) For utterance MC04_175, best cost 14.3447 + 505.179 = 519.524 over 146 frames.
LOG (lattice-best-path[5.5.1074~1-71f3]:main():lattice-best-path.cc:99) For utterance MC04_184, best cost 11.968 + 451.135 = 463.103 over 153 frames.
LOG (lattice-best-path[5.5.1074~1-71f3]:main():lattice-best-path.cc:99) For utterance MC04_187, best cost 13.0367 + 493.994 = 507.03 over 162 frames.
LOG (lattice-best-path[5.5.1074~1-71f3]:main():lattice-best-path.cc:99) For utterance MC04_189, best cost 13.9222 + 520.679 = 534.601 over 172 frames.
LOG (lattice-best-path[5.5.1074~1-71f3]:main():lattice-best-path.cc:99) For utterance MC04_198, best cost 14.8253 + 575.601 = 590.427 over 169 frames.
LOG (lattice-best-path[5.5.1074~1-71f3]:main():lattice-best-path.cc:99) For utterance MC04_2, best cost 16.9955 + 904.347 = 921.343 over 243 frames.
LOG (lattice-best-path[5.5.1074~1-71f3]:main():lattice-best-path.cc:99) For utterance MC04_21, best cost 19.226 + 939.537 = 958.763 over 253 frames.
LOG (lattice-best-path[5.5.1074~1-71f3]:main():lattice-best-path.cc:99) For utterance MC04_219, best cost 26.1786 + 1453.13 = 1479.31 over 366 frames.
LOG (lattice-best-path[5.5.1074~1-71f3]:main():lattice-best-path.cc:99) For utterance MC04_222, best cost 22.5529 + 1263.32 = 1285.88 over 325 frames.
LOG (lattice-best-path[5.5.1074~1-71f3]:main():lattice-best-path.cc:99) For utterance MC04_223, best cost 25.7583 + 1640.5 = 1666.26 over 398 frames.
LOG (lattice-best-path[5.5.1074~1-71f3]:main():lattice-best-path.cc:99) For utterance MC04_23, best cost 24.6921 + 1186.21 = 1210.9 over 301 frames.
LOG (lattice-best-path[5.5.1074~1-71f3]:main():lattice-best-path.cc:99) For utterance MC04_231, best cost 28.583 + 1520.65 = 1549.23 over 382 frames.
LOG (lattice-depth-per-frame[5.5.1074~1-71f3]:main():lattice-depth-per-frame.cc:82) Done 66 lattices.
LOG (lattice-best-path[5.5.1074~1-71f3]:main():lattice-best-path.cc:99) For utterance MC04_239, best cost 20.9732 + 1070.9 = 1091.88 over 261 frames.
LOG (lattice-best-path[5.5.1074~1-71f3]:main():lattice-best-path.cc:99) For utterance MC04_243, best cost 23.3452 + 1386.47 = 1409.81 over 358 frames.
LOG (lattice-best-path[5.5.1074~1-71f3]:main():lattice-best-path.cc:99) For utterance MC04_249, best cost 23.1798 + 1101.81 = 1124.99 over 269 frames.
LOG (lattice-best-path[5.5.1074~1-71f3]:main():lattice-best-path.cc:99) For utterance MC04_25, best cost 23.5968 + 1133.82 = 1157.42 over 301 frames.
LOG (lattice-best-path[5.5.1074~1-71f3]:main():lattice-best-path.cc:99) For utterance MC04_257, best cost 18.1361 + 908.002 = 926.138 over 224 frames.
LOG (lattice-best-path[5.5.1074~1-71f3]:main():lattice-best-path.cc:99) For utterance MC04_268, best cost 28.0558 + 1397.73 = 1425.78 over 344 frames.
LOG (lattice-best-path[5.5.1074~1-71f3]:main():lattice-best-path.cc:99) For utterance MC04_27, best cost 21.3065 + 1004.35 = 1025.66 over 278 frames.
LOG (lattice-best-path[5.5.1074~1-71f3]:main():lattice-best-path.cc:99) For utterance MC04_287, best cost 21.9423 + 1145.4 = 1167.35 over 260 frames.
LOG (lattice-best-path[5.5.1074~1-71f3]:main():lattice-best-path.cc:99) For utterance MC04_291, best cost 27.4191 + 1397.74 = 1425.16 over 334 frames.
LOG (lattice-best-path[5.5.1074~1-71f3]:main():lattice-best-path.cc:99) For utterance MC04_294, best cost 20.7042 + 1119.68 = 1140.39 over 275 frames.
LOG (lattice-best-path[5.5.1074~1-71f3]:main():lattice-best-path.cc:99) For utterance MC04_297, best cost 23.5439 + 1217.6 = 1241.14 over 294 frames.
LOG (lattice-best-path[5.5.1074~1-71f3]:main():lattice-best-path.cc:99) For utterance MC04_301, best cost 26.6534 + 1370.79 = 1397.45 over 326 frames.
LOG (lattice-best-path[5.5.1074~1-71f3]:main():lattice-best-path.cc:99) For utterance MC04_307, best cost 23.5284 + 1129.6 = 1153.12 over 261 frames.
LOG (lattice-best-path[5.5.1074~1-71f3]:main():lattice-best-path.cc:99) For utterance MC04_308, best cost 20.3775 + 946.942 = 967.319 over 224 frames.
LOG (lattice-best-path[5.5.1074~1-71f3]:main():lattice-best-path.cc:99) For utterance MC04_315, best cost 22.1742 + 1074.02 = 1096.2 over 224 frames.
LOG (lattice-best-path[5.5.1074~1-71f3]:main():lattice-best-path.cc:99) For utterance MC04_318, best cost 21.3785 + 983.066 = 1004.44 over 229 frames.
LOG (lattice-best-path[5.5.1074~1-71f3]:main():lattice-best-path.cc:99) For utterance MC04_322, best cost 22.6243 + 1287.96 = 1310.59 over 310 frames.
LOG (lattice-best-path[5.5.1074~1-71f3]:main():lattice-best-path.cc:99) For utterance MC04_324, best cost 28.7306 + 1492.27 = 1521 over 374 frames.
LOG (lattice-best-path[5.5.1074~1-71f3]:main():lattice-best-path.cc:99) For utterance MC04_333, best cost 23.8445 + 1250.5 = 1274.34 over 294 frames.
LOG (lattice-best-path[5.5.1074~1-71f3]:main():lattice-best-path.cc:99) For utterance MC04_334, best cost 23.9352 + 1193.48 = 1217.41 over 283 frames.
LOG (lattice-best-path[5.5.1074~1-71f3]:main():lattice-best-path.cc:99) For utterance MC04_336, best cost 22.5843 + 1140.9 = 1163.48 over 283 frames.
LOG (lattice-best-path[5.5.1074~1-71f3]:main():lattice-best-path.cc:99) For utterance MC04_338, best cost 23.1398 + 1376.78 = 1399.92 over 337 frames.
LOG (lattice-best-path[5.5.1074~1-71f3]:main():lattice-best-path.cc:99) For utterance MC04_344, best cost 21.3333 + 1008.36 = 1029.69 over 251 frames.
LOG (lattice-best-path[5.5.1074~1-71f3]:main():lattice-best-path.cc:99) For utterance MC04_346, best cost 23.1595 + 1119.14 = 1142.3 over 272 frames.
LOG (lattice-best-path[5.5.1074~1-71f3]:main():lattice-best-path.cc:99) For utterance MC04_35, best cost 19.0801 + 1180.78 = 1199.86 over 298 frames.
LOG (lattice-best-path[5.5.1074~1-71f3]:main():lattice-best-path.cc:99) For utterance MC04_351, best cost 23.5417 + 1231.85 = 1255.39 over 267 frames.
LOG (lattice-best-path[5.5.1074~1-71f3]:main():lattice-best-path.cc:99) For utterance MC04_46, best cost 16.3192 + 691.635 = 707.954 over 169 frames.
LOG (lattice-best-path[5.5.1074~1-71f3]:main():lattice-best-path.cc:99) For utterance MC04_47, best cost 17.6134 + 967.292 = 984.906 over 240 frames.
LOG (lattice-best-path[5.5.1074~1-71f3]:main():lattice-best-path.cc:99) For utterance MC04_50, best cost 18.9695 + 811.531 = 830.5 over 220 frames.
LOG (lattice-best-path[5.5.1074~1-71f3]:main():lattice-best-path.cc:99) For utterance MC04_54, best cost 17.1896 + 927.14 = 944.33 over 230 frames.
LOG (lattice-best-path[5.5.1074~1-71f3]:main():lattice-best-path.cc:99) For utterance MC04_6, best cost 19.2515 + 979.793 = 999.044 over 249 frames.
LOG (lattice-best-path[5.5.1074~1-71f3]:main():lattice-best-path.cc:99) For utterance MC04_69, best cost 17.0906 + 786.535 = 803.626 over 195 frames.
LOG (lattice-best-path[5.5.1074~1-71f3]:main():lattice-best-path.cc:99) For utterance MC04_75, best cost 27.5965 + 1424.61 = 1452.21 over 349 frames.
LOG (lattice-best-path[5.5.1074~1-71f3]:main():lattice-best-path.cc:99) For utterance MC04_76, best cost 23.334 + 1199.88 = 1223.22 over 285 frames.
LOG (lattice-best-path[5.5.1074~1-71f3]:main():lattice-best-path.cc:99) For utterance MC04_81, best cost 20.0057 + 947.803 = 967.809 over 236 frames.
LOG (lattice-best-path[5.5.1074~1-71f3]:main():lattice-best-path.cc:99) For utterance MC04_89, best cost 27.3285 + 1468.8 = 1496.13 over 349 frames.
LOG (lattice-best-path[5.5.1074~1-71f3]:main():lattice-best-path.cc:99) For utterance MC04_98, best cost 26.0987 + 1415.92 = 1442.02 over 362 frames.
LOG (lattice-best-path[5.5.1074~1-71f3]:main():lattice-best-path.cc:124) Overall cost per frame is 3.97734 = 0.0795846 [graph] + 3.89776 [acoustic] over 16495 frames.
LOG (lattice-best-path[5.5.1074~1-71f3]:main():lattice-best-path.cc:128) Done 66 lattices, failed for 0
# Accounting: time=0 threads=1
# Ended (code 0) at Thu Aug  3 11:46:12 IST 2023, elapsed time 0 seconds
