# lattice-depth-per-frame "ark:gunzip -c exp_FG/ldamllt/decode/lat.7.gz|" "ark,t:|gzip -c > exp_FG/ldamllt/decode/depth_tmp.7.gz" ark:- | lattice-best-path --acoustic-scale=0.1 ark:- ark:/dev/null "ark,t:|gzip -c >exp_FG/ldamllt/decode/ali_tmp.7.gz" 
# Started at Thu Aug  3 11:46:12 IST 2023
#
lattice-depth-per-frame 'ark:gunzip -c exp_FG/ldamllt/decode/lat.7.gz|' 'ark,t:|gzip -c > exp_FG/ldamllt/decode/depth_tmp.7.gz' ark:- 
lattice-best-path --acoustic-scale=0.1 ark:- ark:/dev/null 'ark,t:|gzip -c >exp_FG/ldamllt/decode/ali_tmp.7.gz' 
LOG (lattice-best-path[5.5.1074~1-71f3]:main():lattice-best-path.cc:99) For utterance MC02_110, best cost 14.8866 + 784.585 = 799.472 over 210 frames.
LOG (lattice-best-path[5.5.1074~1-71f3]:main():lattice-best-path.cc:99) For utterance MC02_114, best cost 15.0674 + 824.45 = 839.517 over 206 frames.
LOG (lattice-best-path[5.5.1074~1-71f3]:main():lattice-best-path.cc:99) For utterance MC02_116, best cost 14.0153 + 525.239 = 539.255 over 185 frames.
LOG (lattice-best-path[5.5.1074~1-71f3]:main():lattice-best-path.cc:99) For utterance MC02_118, best cost 13.1671 + 526.934 = 540.101 over 178 frames.
LOG (lattice-best-path[5.5.1074~1-71f3]:main():lattice-best-path.cc:99) For utterance MC02_121, best cost 14.0113 + 544.234 = 558.246 over 188 frames.
LOG (lattice-best-path[5.5.1074~1-71f3]:main():lattice-best-path.cc:99) For utterance MC02_123, best cost 14.0129 + 602.94 = 616.953 over 188 frames.
LOG (lattice-best-path[5.5.1074~1-71f3]:main():lattice-best-path.cc:99) For utterance MC02_128, best cost 13.3476 + 559.248 = 572.595 over 181 frames.
LOG (lattice-best-path[5.5.1074~1-71f3]:main():lattice-best-path.cc:99) For utterance MC02_129, best cost 12.8866 + 443.805 = 456.692 over 156 frames.
LOG (lattice-best-path[5.5.1074~1-71f3]:main():lattice-best-path.cc:99) For utterance MC02_13, best cost 24.7437 + 1563.78 = 1588.53 over 417 frames.
LOG (lattice-best-path[5.5.1074~1-71f3]:main():lattice-best-path.cc:99) For utterance MC02_131, best cost 13.5034 + 635.952 = 649.455 over 174 frames.
LOG (lattice-best-path[5.5.1074~1-71f3]:main():lattice-best-path.cc:99) For utterance MC02_138, best cost 12.207 + 603.419 = 615.626 over 174 frames.
LOG (lattice-best-path[5.5.1074~1-71f3]:main():lattice-best-path.cc:99) For utterance MC02_144, best cost 13.3949 + 474.809 = 488.204 over 170 frames.
LOG (lattice-best-path[5.5.1074~1-71f3]:main():lattice-best-path.cc:99) For utterance MC02_148, best cost 13.7965 + 624.399 = 638.195 over 192 frames.
LOG (lattice-best-path[5.5.1074~1-71f3]:main():lattice-best-path.cc:99) For utterance MC02_151, best cost 13.6418 + 671.352 = 684.994 over 181 frames.
LOG (lattice-best-path[5.5.1074~1-71f3]:main():lattice-best-path.cc:99) For utterance MC02_152, best cost 14.1133 + 667.002 = 681.116 over 199 frames.
LOG (lattice-best-path[5.5.1074~1-71f3]:main():lattice-best-path.cc:99) For utterance MC02_160, best cost 27.1547 + 521.7 = 548.855 over 149 frames.
LOG (lattice-best-path[5.5.1074~1-71f3]:main():lattice-best-path.cc:99) For utterance MC02_171, best cost 13.1322 + 564.2 = 577.332 over 163 frames.
LOG (lattice-best-path[5.5.1074~1-71f3]:main():lattice-best-path.cc:99) For utterance MC02_175, best cost 14.3614 + 490.076 = 504.437 over 156 frames.
LOG (lattice-best-path[5.5.1074~1-71f3]:main():lattice-best-path.cc:99) For utterance MC02_178, best cost 13.2677 + 596.5 = 609.768 over 185 frames.
LOG (lattice-best-path[5.5.1074~1-71f3]:main():lattice-best-path.cc:99) For utterance MC02_18, best cost 34.7446 + 1275.89 = 1310.64 over 304 frames.
LOG (lattice-best-path[5.5.1074~1-71f3]:main():lattice-best-path.cc:99) For utterance MC02_184, best cost 11.943 + 476.077 = 488.02 over 174 frames.
LOG (lattice-best-path[5.5.1074~1-71f3]:main():lattice-best-path.cc:99) For utterance MC02_185, best cost 12.846 + 484.134 = 496.98 over 132 frames.
LOG (lattice-best-path[5.5.1074~1-71f3]:main():lattice-best-path.cc:99) For utterance MC02_187, best cost 13.343 + 588.039 = 601.382 over 177 frames.
LOG (lattice-best-path[5.5.1074~1-71f3]:main():lattice-best-path.cc:99) For utterance MC02_190, best cost 13.3443 + 497.476 = 510.82 over 159 frames.
LOG (lattice-best-path[5.5.1074~1-71f3]:main():lattice-best-path.cc:99) For utterance MC02_193, best cost 11.7571 + 418.831 = 430.588 over 149 frames.
LOG (lattice-best-path[5.5.1074~1-71f3]:main():lattice-best-path.cc:99) For utterance MC02_195, best cost 12.6636 + 565.47 = 578.134 over 174 frames.
LOG (lattice-best-path[5.5.1074~1-71f3]:main():lattice-best-path.cc:99) For utterance MC02_2, best cost 17.8449 + 1136.04 = 1153.89 over 301 frames.
LOG (lattice-best-path[5.5.1074~1-71f3]:main():lattice-best-path.cc:99) For utterance MC02_202, best cost 14.0309 + 619.662 = 633.693 over 185 frames.
LOG (lattice-best-path[5.5.1074~1-71f3]:main():lattice-best-path.cc:99) For utterance MC02_207, best cost 12.6779 + 490.603 = 503.281 over 138 frames.
LOG (lattice-best-path[5.5.1074~1-71f3]:main():lattice-best-path.cc:99) For utterance MC02_209, best cost 13.6224 + 653.22 = 666.842 over 170 frames.
LOG (lattice-best-path[5.5.1074~1-71f3]:main():lattice-best-path.cc:99) For utterance MC02_212, best cost 18.1225 + 769.216 = 787.339 over 217 frames.
LOG (lattice-best-path[5.5.1074~1-71f3]:main():lattice-best-path.cc:99) For utterance MC02_233, best cost 21.2642 + 1158.28 = 1179.54 over 269 frames.
LOG (lattice-best-path[5.5.1074~1-71f3]:main():lattice-best-path.cc:99) For utterance MC02_241, best cost 21.0507 + 1208.06 = 1229.11 over 314 frames.
LOG (lattice-best-path[5.5.1074~1-71f3]:main():lattice-best-path.cc:99) For utterance MC02_245, best cost 22.9143 + 1146.18 = 1169.1 over 288 frames.
LOG (lattice-best-path[5.5.1074~1-71f3]:main():lattice-best-path.cc:99) For utterance MC02_249, best cost 24.3638 + 1165.47 = 1189.84 over 288 frames.
LOG (lattice-best-path[5.5.1074~1-71f3]:main():lattice-best-path.cc:99) For utterance MC02_25, best cost 24.178 + 1214.53 = 1238.71 over 320 frames.
LOG (lattice-best-path[5.5.1074~1-71f3]:main():lattice-best-path.cc:99) For utterance MC02_250, best cost 26.2166 + 1390.59 = 1416.81 over 330 frames.
LOG (lattice-best-path[5.5.1074~1-71f3]:main():lattice-best-path.cc:99) For utterance MC02_258, best cost 16.1449 + 847.775 = 863.92 over 217 frames.
LOG (lattice-best-path[5.5.1074~1-71f3]:main():lattice-best-path.cc:99) For utterance MC02_277, best cost 25.0675 + 1389.13 = 1414.2 over 311 frames.
LOG (lattice-best-path[5.5.1074~1-71f3]:main():lattice-best-path.cc:99) For utterance MC02_28, best cost 21.6487 + 1177.29 = 1198.93 over 298 frames.
LOG (lattice-best-path[5.5.1074~1-71f3]:main():lattice-best-path.cc:99) For utterance MC02_285, best cost 23.2693 + 1146.66 = 1169.93 over 298 frames.
LOG (lattice-best-path[5.5.1074~1-71f3]:main():lattice-best-path.cc:99) For utterance MC02_289, best cost 23.1805 + 1326.73 = 1349.91 over 307 frames.
LOG (lattice-depth-per-frame[5.5.1074~1-71f3]:main():lattice-depth-per-frame.cc:82) Done 76 lattices.
LOG (lattice-best-path[5.5.1074~1-71f3]:main():lattice-best-path.cc:99) For utterance MC02_296, best cost 28.3011 + 1602.52 = 1630.82 over 368 frames.
LOG (lattice-best-path[5.5.1074~1-71f3]:main():lattice-best-path.cc:99) For utterance MC02_300, best cost 26.2054 + 1420.86 = 1447.07 over 338 frames.
LOG (lattice-best-path[5.5.1074~1-71f3]:main():lattice-best-path.cc:99) For utterance MC02_303, best cost 23.7586 + 1266.79 = 1290.55 over 300 frames.
LOG (lattice-best-path[5.5.1074~1-71f3]:main():lattice-best-path.cc:99) For utterance MC02_308, best cost 21.4995 + 1172.77 = 1194.27 over 311 frames.
LOG (lattice-best-path[5.5.1074~1-71f3]:main():lattice-best-path.cc:99) For utterance MC02_312, best cost 30.3196 + 1589.48 = 1619.8 over 373 frames.
LOG (lattice-best-path[5.5.1074~1-71f3]:main():lattice-best-path.cc:99) For utterance MC02_314, best cost 22.7846 + 1261.14 = 1283.92 over 289 frames.
LOG (lattice-best-path[5.5.1074~1-71f3]:main():lattice-best-path.cc:99) For utterance MC02_318, best cost 22.4417 + 1158.37 = 1180.81 over 291 frames.
LOG (lattice-best-path[5.5.1074~1-71f3]:main():lattice-best-path.cc:99) For utterance MC02_320, best cost 20.6284 + 1187.29 = 1207.92 over 270 frames.
LOG (lattice-best-path[5.5.1074~1-71f3]:main():lattice-best-path.cc:99) For utterance MC02_330, best cost 26.0126 + 1709.45 = 1735.46 over 392 frames.
LOG (lattice-best-path[5.5.1074~1-71f3]:main():lattice-best-path.cc:99) For utterance MC02_333, best cost 23.8872 + 1357.71 = 1381.6 over 356 frames.
LOG (lattice-best-path[5.5.1074~1-71f3]:main():lattice-best-path.cc:99) For utterance MC02_334, best cost 23.2948 + 1172.44 = 1195.74 over 319 frames.
LOG (lattice-best-path[5.5.1074~1-71f3]:main():lattice-best-path.cc:99) For utterance MC02_335, best cost 20.3915 + 1082.9 = 1103.29 over 302 frames.
LOG (lattice-best-path[5.5.1074~1-71f3]:main():lattice-best-path.cc:99) For utterance MC02_337, best cost 22.8341 + 1240.57 = 1263.4 over 305 frames.
LOG (lattice-best-path[5.5.1074~1-71f3]:main():lattice-best-path.cc:99) For utterance MC02_343, best cost 26.9559 + 1415.51 = 1442.46 over 346 frames.
LOG (lattice-best-path[5.5.1074~1-71f3]:main():lattice-best-path.cc:99) For utterance MC02_345, best cost 25.6755 + 1355.79 = 1381.47 over 344 frames.
LOG (lattice-best-path[5.5.1074~1-71f3]:main():lattice-best-path.cc:99) For utterance MC02_348, best cost 22.1191 + 1187.07 = 1209.19 over 305 frames.
LOG (lattice-best-path[5.5.1074~1-71f3]:main():lattice-best-path.cc:99) For utterance MC02_352, best cost 23.0225 + 1530.44 = 1553.47 over 400 frames.
LOG (lattice-best-path[5.5.1074~1-71f3]:main():lattice-best-path.cc:99) For utterance MC02_357, best cost 21.44 + 989.995 = 1011.43 over 267 frames.
LOG (lattice-best-path[5.5.1074~1-71f3]:main():lattice-best-path.cc:99) For utterance MC02_359, best cost 25.0183 + 1293.67 = 1318.69 over 321 frames.
LOG (lattice-best-path[5.5.1074~1-71f3]:main():lattice-best-path.cc:99) For utterance MC02_36, best cost 17.0234 + 829.207 = 846.231 over 216 frames.
LOG (lattice-best-path[5.5.1074~1-71f3]:main():lattice-best-path.cc:99) For utterance MC02_361, best cost 18.768 + 958.924 = 977.692 over 236 frames.
LOG (lattice-best-path[5.5.1074~1-71f3]:main():lattice-best-path.cc:99) For utterance MC02_37, best cost 17.3545 + 851.879 = 869.234 over 228 frames.
LOG (lattice-best-path[5.5.1074~1-71f3]:main():lattice-best-path.cc:99) For utterance MC02_39, best cost 19.1056 + 1054.13 = 1073.23 over 297 frames.
LOG (lattice-best-path[5.5.1074~1-71f3]:main():lattice-best-path.cc:99) For utterance MC02_42, best cost 18.8567 + 1023.12 = 1041.98 over 251 frames.
LOG (lattice-best-path[5.5.1074~1-71f3]:main():lattice-best-path.cc:99) For utterance MC02_47, best cost 16.8894 + 807.305 = 824.195 over 230 frames.
LOG (lattice-best-path[5.5.1074~1-71f3]:main():lattice-best-path.cc:99) For utterance MC02_50, best cost 18.9946 + 860.854 = 879.849 over 257 frames.
LOG (lattice-best-path[5.5.1074~1-71f3]:main():lattice-best-path.cc:99) For utterance MC02_53, best cost 24.6323 + 1416 = 1440.63 over 373 frames.
LOG (lattice-best-path[5.5.1074~1-71f3]:main():lattice-best-path.cc:99) For utterance MC02_55, best cost 25.6815 + 1417.14 = 1442.82 over 363 frames.
LOG (lattice-best-path[5.5.1074~1-71f3]:main():lattice-best-path.cc:99) For utterance MC02_65, best cost 17.6652 + 1024.75 = 1042.42 over 301 frames.
LOG (lattice-best-path[5.5.1074~1-71f3]:main():lattice-best-path.cc:99) For utterance MC02_73, best cost 31.8591 + 1824.39 = 1856.25 over 438 frames.
LOG (lattice-best-path[5.5.1074~1-71f3]:main():lattice-best-path.cc:99) For utterance MC02_76, best cost 24.6312 + 1526.13 = 1550.76 over 372 frames.
LOG (lattice-best-path[5.5.1074~1-71f3]:main():lattice-best-path.cc:99) For utterance MC02_79, best cost 24.3297 + 1409.29 = 1433.62 over 356 frames.
LOG (lattice-best-path[5.5.1074~1-71f3]:main():lattice-best-path.cc:99) For utterance MC02_87, best cost 35.3913 + 1519.94 = 1555.34 over 360 frames.
LOG (lattice-best-path[5.5.1074~1-71f3]:main():lattice-best-path.cc:99) For utterance MC02_98, best cost 25.9683 + 1445.46 = 1471.42 over 349 frames.
LOG (lattice-best-path[5.5.1074~1-71f3]:main():lattice-best-path.cc:124) Overall cost per frame is 3.89318 = 0.0757497 [graph] + 3.81743 [acoustic] over 19996 frames.
LOG (lattice-best-path[5.5.1074~1-71f3]:main():lattice-best-path.cc:128) Done 76 lattices, failed for 0
# Accounting: time=0 threads=1
# Ended (code 0) at Thu Aug  3 11:46:12 IST 2023, elapsed time 0 seconds
