# gmm-acc-stats-ali exp_FG/ldamllt/8.mdl "ark,s,cs:apply-cmvn  --utt2spk=ark:data/train/split10/6/utt2spk scp:data/train/split10/6/cmvn.scp scp:data/train/split10/6/feats.scp ark:- | splice-feats  ark:- ark:- | transform-feats exp_FG/ldamllt/6.mat ark:- ark:- |" "ark,s,cs:gunzip -c exp_FG/ldamllt/ali.6.gz|" exp_FG/ldamllt/8.6.acc 
# Started at Thu Aug  3 11:13:33 IST 2023
#
gmm-acc-stats-ali exp_FG/ldamllt/8.mdl 'ark,s,cs:apply-cmvn  --utt2spk=ark:data/train/split10/6/utt2spk scp:data/train/split10/6/cmvn.scp scp:data/train/split10/6/feats.scp ark:- | splice-feats  ark:- ark:- | transform-feats exp_FG/ldamllt/6.mat ark:- ark:- |' 'ark,s,cs:gunzip -c exp_FG/ldamllt/ali.6.gz|' exp_FG/ldamllt/8.6.acc 
splice-feats ark:- ark:- 
transform-feats exp_FG/ldamllt/6.mat ark:- ark:- 
apply-cmvn --utt2spk=ark:data/train/split10/6/utt2spk scp:data/train/split10/6/cmvn.scp scp:data/train/split10/6/feats.scp ark:- 
LOG (gmm-acc-stats-ali[5.5.1074~1-71f3]:main():gmm-acc-stats-ali.cc:105) Processed 50 utterances; for utterance MC01_152 avg. like is -41.1997 over 181 frames.
LOG (gmm-acc-stats-ali[5.5.1074~1-71f3]:main():gmm-acc-stats-ali.cc:105) Processed 100 utterances; for utterance MC01_202 avg. like is -37.1063 over 198 frames.
LOG (gmm-acc-stats-ali[5.5.1074~1-71f3]:main():gmm-acc-stats-ali.cc:105) Processed 150 utterances; for utterance MC01_264 avg. like is -39.3113 over 322 frames.
LOG (gmm-acc-stats-ali[5.5.1074~1-71f3]:main():gmm-acc-stats-ali.cc:105) Processed 200 utterances; for utterance MC01_317 avg. like is -38.2323 over 332 frames.
LOG (gmm-acc-stats-ali[5.5.1074~1-71f3]:main():gmm-acc-stats-ali.cc:105) Processed 250 utterances; for utterance MC01_43 avg. like is -40.386 over 339 frames.
LOG (apply-cmvn[5.5.1074~1-71f3]:main():apply-cmvn.cc:162) Applied cepstral mean normalization to 299 utterances, errors on 0
LOG (transform-feats[5.5.1074~1-71f3]:main():transform-feats.cc:158) Overall average [pseudo-]logdet is -91.2799 over 90259 frames.
LOG (transform-feats[5.5.1074~1-71f3]:main():transform-feats.cc:161) Applied transform to 299 utterances; 0 had errors.
LOG (gmm-acc-stats-ali[5.5.1074~1-71f3]:main():gmm-acc-stats-ali.cc:112) Done 299 files, 0 with errors.
LOG (gmm-acc-stats-ali[5.5.1074~1-71f3]:main():gmm-acc-stats-ali.cc:115) Overall avg like per frame (Gaussian only) = -38.1624 over 90259 frames.
LOG (gmm-acc-stats-ali[5.5.1074~1-71f3]:main():gmm-acc-stats-ali.cc:123) Written accs.
# Accounting: time=0 threads=1
# Ended (code 0) at Thu Aug  3 11:13:33 IST 2023, elapsed time 0 seconds
