# gmm-acc-stats-ali exp_FG/ldamllt/31.mdl "ark,s,cs:apply-cmvn  --utt2spk=ark:data/train/split10/7/utt2spk scp:data/train/split10/7/cmvn.scp scp:data/train/split10/7/feats.scp ark:- | splice-feats  ark:- ark:- | transform-feats exp_FG/ldamllt/12.mat ark:- ark:- |" "ark,s,cs:gunzip -c exp_FG/ldamllt/ali.7.gz|" exp_FG/ldamllt/31.7.acc 
# Started at Thu Aug  3 11:13:43 IST 2023
#
gmm-acc-stats-ali exp_FG/ldamllt/31.mdl 'ark,s,cs:apply-cmvn  --utt2spk=ark:data/train/split10/7/utt2spk scp:data/train/split10/7/cmvn.scp scp:data/train/split10/7/feats.scp ark:- | splice-feats  ark:- ark:- | transform-feats exp_FG/ldamllt/12.mat ark:- ark:- |' 'ark,s,cs:gunzip -c exp_FG/ldamllt/ali.7.gz|' exp_FG/ldamllt/31.7.acc 
transform-feats exp_FG/ldamllt/12.mat ark:- ark:- 
apply-cmvn --utt2spk=ark:data/train/split10/7/utt2spk scp:data/train/split10/7/cmvn.scp scp:data/train/split10/7/feats.scp ark:- 
splice-feats ark:- ark:- 
LOG (gmm-acc-stats-ali[5.5.1074~1-71f3]:main():gmm-acc-stats-ali.cc:105) Processed 50 utterances; for utterance MC02_157 avg. like is -31.63 over 199 frames.
LOG (gmm-acc-stats-ali[5.5.1074~1-71f3]:main():gmm-acc-stats-ali.cc:105) Processed 100 utterances; for utterance MC02_216 avg. like is -36.8318 over 237 frames.
LOG (gmm-acc-stats-ali[5.5.1074~1-71f3]:main():gmm-acc-stats-ali.cc:105) Processed 150 utterances; for utterance MC02_268 avg. like is -41.2982 over 336 frames.
LOG (gmm-acc-stats-ali[5.5.1074~1-71f3]:main():gmm-acc-stats-ali.cc:105) Processed 200 utterances; for utterance MC02_323 avg. like is -38.452 over 321 frames.
LOG (gmm-acc-stats-ali[5.5.1074~1-71f3]:main():gmm-acc-stats-ali.cc:105) Processed 250 utterances; for utterance MC02_58 avg. like is -29.6056 over 371 frames.
LOG (apply-cmvn[5.5.1074~1-71f3]:main():apply-cmvn.cc:162) Applied cepstral mean normalization to 289 utterances, errors on 0
LOG (transform-feats[5.5.1074~1-71f3]:main():transform-feats.cc:158) Overall average [pseudo-]logdet is -90.923 over 80668 frames.
LOG (transform-feats[5.5.1074~1-71f3]:main():transform-feats.cc:161) Applied transform to 289 utterances; 0 had errors.
LOG (gmm-acc-stats-ali[5.5.1074~1-71f3]:main():gmm-acc-stats-ali.cc:112) Done 289 files, 0 with errors.
LOG (gmm-acc-stats-ali[5.5.1074~1-71f3]:main():gmm-acc-stats-ali.cc:115) Overall avg like per frame (Gaussian only) = -34.7465 over 80668 frames.
LOG (gmm-acc-stats-ali[5.5.1074~1-71f3]:main():gmm-acc-stats-ali.cc:123) Written accs.
# Accounting: time=0 threads=1
# Ended (code 0) at Thu Aug  3 11:13:43 IST 2023, elapsed time 0 seconds
