# gmm-acc-stats-ali exp_FG/ldamllt/26.mdl "ark,s,cs:apply-cmvn  --utt2spk=ark:data/train/split10/9/utt2spk scp:data/train/split10/9/cmvn.scp scp:data/train/split10/9/feats.scp ark:- | splice-feats  ark:- ark:- | transform-feats exp_FG/ldamllt/12.mat ark:- ark:- |" "ark,s,cs:gunzip -c exp_FG/ldamllt/ali.9.gz|" exp_FG/ldamllt/26.9.acc 
# Started at Thu Aug  3 11:13:40 IST 2023
#
gmm-acc-stats-ali exp_FG/ldamllt/26.mdl 'ark,s,cs:apply-cmvn  --utt2spk=ark:data/train/split10/9/utt2spk scp:data/train/split10/9/cmvn.scp scp:data/train/split10/9/feats.scp ark:- | splice-feats  ark:- ark:- | transform-feats exp_FG/ldamllt/12.mat ark:- ark:- |' 'ark,s,cs:gunzip -c exp_FG/ldamllt/ali.9.gz|' exp_FG/ldamllt/26.9.acc 
splice-feats ark:- ark:- 
apply-cmvn --utt2spk=ark:data/train/split10/9/utt2spk scp:data/train/split10/9/cmvn.scp scp:data/train/split10/9/feats.scp ark:- 
transform-feats exp_FG/ldamllt/12.mat ark:- ark:- 
LOG (gmm-acc-stats-ali[5.5.1074~1-71f3]:main():gmm-acc-stats-ali.cc:105) Processed 50 utterances; for utterance MC04_155 avg. like is -29.6393 over 198 frames.
LOG (gmm-acc-stats-ali[5.5.1074~1-71f3]:main():gmm-acc-stats-ali.cc:105) Processed 100 utterances; for utterance MC04_209 avg. like is -30.8625 over 162 frames.
LOG (gmm-acc-stats-ali[5.5.1074~1-71f3]:main():gmm-acc-stats-ali.cc:105) Processed 150 utterances; for utterance MC04_264 avg. like is -37.4269 over 278 frames.
LOG (gmm-acc-stats-ali[5.5.1074~1-71f3]:main():gmm-acc-stats-ali.cc:105) Processed 200 utterances; for utterance MC04_319 avg. like is -37.089 over 293 frames.
LOG (gmm-acc-stats-ali[5.5.1074~1-71f3]:main():gmm-acc-stats-ali.cc:105) Processed 250 utterances; for utterance MC04_44 avg. like is -37.153 over 311 frames.
LOG (apply-cmvn[5.5.1074~1-71f3]:main():apply-cmvn.cc:162) Applied cepstral mean normalization to 299 utterances, errors on 0
LOG (transform-feats[5.5.1074~1-71f3]:main():transform-feats.cc:158) Overall average [pseudo-]logdet is -90.923 over 75050 frames.
LOG (transform-feats[5.5.1074~1-71f3]:main():transform-feats.cc:161) Applied transform to 299 utterances; 0 had errors.
LOG (gmm-acc-stats-ali[5.5.1074~1-71f3]:main():gmm-acc-stats-ali.cc:112) Done 299 files, 0 with errors.
LOG (gmm-acc-stats-ali[5.5.1074~1-71f3]:main():gmm-acc-stats-ali.cc:115) Overall avg like per frame (Gaussian only) = -36.1154 over 75050 frames.
LOG (gmm-acc-stats-ali[5.5.1074~1-71f3]:main():gmm-acc-stats-ali.cc:123) Written accs.
# Accounting: time=0 threads=1
# Ended (code 0) at Thu Aug  3 11:13:40 IST 2023, elapsed time 0 seconds
