# ali-to-post "ark:gunzip -c exp_FG/ldamllt/ali.3.gz|" ark:- | weight-silence-post 0.0 1:2:3:4:5 exp_FG/ldamllt/4.mdl ark:- ark:- | gmm-acc-mllt --rand-prune=4.0 exp_FG/ldamllt/4.mdl "ark,s,cs:apply-cmvn  --utt2spk=ark:data/train/split10/3/utt2spk scp:data/train/split10/3/cmvn.scp scp:data/train/split10/3/feats.scp ark:- | splice-feats  ark:- ark:- | transform-feats exp_FG/ldamllt/2.mat ark:- ark:- |" ark,s,o,cs:- exp_FG/ldamllt/4.3.macc 
# Started at Thu Aug  3 11:13:31 IST 2023
#
ali-to-post 'ark:gunzip -c exp_FG/ldamllt/ali.3.gz|' ark:- 
gmm-acc-mllt --rand-prune=4.0 exp_FG/ldamllt/4.mdl 'ark,s,cs:apply-cmvn  --utt2spk=ark:data/train/split10/3/utt2spk scp:data/train/split10/3/cmvn.scp scp:data/train/split10/3/feats.scp ark:- | splice-feats  ark:- ark:- | transform-feats exp_FG/ldamllt/2.mat ark:- ark:- |' ark,s,o,cs:- exp_FG/ldamllt/4.3.macc 
weight-silence-post 0.0 1:2:3:4:5 exp_FG/ldamllt/4.mdl ark:- ark:- 
apply-cmvn --utt2spk=ark:data/train/split10/3/utt2spk scp:data/train/split10/3/cmvn.scp scp:data/train/split10/3/feats.scp ark:- 
splice-feats ark:- ark:- 
transform-feats exp_FG/ldamllt/2.mat ark:- ark:- 
LOG (gmm-acc-mllt[5.5.1074~1-71f3]:main():gmm-acc-mllt.cc:108) Average like for this file is -50.7921 over 117 frames.
LOG (gmm-acc-mllt[5.5.1074~1-71f3]:main():gmm-acc-mllt.cc:108) Average like for this file is -54.5604 over 361 frames.
LOG (gmm-acc-mllt[5.5.1074~1-71f3]:main():gmm-acc-mllt.cc:108) Average like for this file is -54.6094 over 156 frames.
LOG (gmm-acc-mllt[5.5.1074~1-71f3]:main():gmm-acc-mllt.cc:108) Average like for this file is -54.7121 over 143 frames.
LOG (gmm-acc-mllt[5.5.1074~1-71f3]:main():gmm-acc-mllt.cc:108) Average like for this file is -50.9492 over 318 frames.
LOG (gmm-acc-mllt[5.5.1074~1-71f3]:main():gmm-acc-mllt.cc:108) Average like for this file is -54.4254 over 143 frames.
LOG (gmm-acc-mllt[5.5.1074~1-71f3]:main():gmm-acc-mllt.cc:108) Average like for this file is -54.9668 over 179 frames.
LOG (gmm-acc-mllt[5.5.1074~1-71f3]:main():gmm-acc-mllt.cc:108) Average like for this file is -50.2547 over 121 frames.
LOG (gmm-acc-mllt[5.5.1074~1-71f3]:main():gmm-acc-mllt.cc:108) Average like for this file is -58.0246 over 99 frames.
LOG (gmm-acc-mllt[5.5.1074~1-71f3]:main():gmm-acc-mllt.cc:108) Average like for this file is -51.6593 over 66 frames.
LOG (gmm-acc-mllt[5.5.1074~1-71f3]:main():gmm-acc-mllt.cc:114) Avg like per frame so far is -53.4588
LOG (gmm-acc-mllt[5.5.1074~1-71f3]:main():gmm-acc-mllt.cc:108) Average like for this file is -52.3898 over 67 frames.
LOG (gmm-acc-mllt[5.5.1074~1-71f3]:main():gmm-acc-mllt.cc:108) Average like for this file is -52.2853 over 92 frames.
LOG (gmm-acc-mllt[5.5.1074~1-71f3]:main():gmm-acc-mllt.cc:108) Average like for this file is -53.7725 over 66 frames.
LOG (gmm-acc-mllt[5.5.1074~1-71f3]:main():gmm-acc-mllt.cc:108) Average like for this file is -55.0406 over 74 frames.
LOG (gmm-acc-mllt[5.5.1074~1-71f3]:main():gmm-acc-mllt.cc:108) Average like for this file is -52.7102 over 64 frames.
LOG (gmm-acc-mllt[5.5.1074~1-71f3]:main():gmm-acc-mllt.cc:108) Average like for this file is -56.5583 over 94 frames.
LOG (gmm-acc-mllt[5.5.1074~1-71f3]:main():gmm-acc-mllt.cc:108) Average like for this file is -51.9302 over 73 frames.
LOG (gmm-acc-mllt[5.5.1074~1-71f3]:main():gmm-acc-mllt.cc:108) Average like for this file is -51.2502 over 68 frames.
LOG (gmm-acc-mllt[5.5.1074~1-71f3]:main():gmm-acc-mllt.cc:108) Average like for this file is -52.9709 over 80 frames.
LOG (gmm-acc-mllt[5.5.1074~1-71f3]:main():gmm-acc-mllt.cc:108) Average like for this file is -46.4829 over 69 frames.
LOG (gmm-acc-mllt[5.5.1074~1-71f3]:main():gmm-acc-mllt.cc:114) Avg like per frame so far is -53.2219
LOG (gmm-acc-mllt[5.5.1074~1-71f3]:main():gmm-acc-mllt.cc:108) Average like for this file is -47.6193 over 70 frames.
LOG (gmm-acc-mllt[5.5.1074~1-71f3]:main():gmm-acc-mllt.cc:108) Average like for this file is -44.6179 over 60 frames.
LOG (gmm-acc-mllt[5.5.1074~1-71f3]:main():gmm-acc-mllt.cc:108) Average like for this file is -51.4189 over 80 frames.
LOG (gmm-acc-mllt[5.5.1074~1-71f3]:main():gmm-acc-mllt.cc:108) Average like for this file is -52.5767 over 82 frames.
LOG (gmm-acc-mllt[5.5.1074~1-71f3]:main():gmm-acc-mllt.cc:108) Average like for this file is -52.0013 over 77 frames.
LOG (gmm-acc-mllt[5.5.1074~1-71f3]:main():gmm-acc-mllt.cc:108) Average like for this file is -46.1471 over 57 frames.
LOG (gmm-acc-mllt[5.5.1074~1-71f3]:main():gmm-acc-mllt.cc:108) Average like for this file is -51.098 over 58 frames.
LOG (gmm-acc-mllt[5.5.1074~1-71f3]:main():gmm-acc-mllt.cc:108) Average like for this file is -49.6967 over 70 frames.
LOG (gmm-acc-mllt[5.5.1074~1-71f3]:main():gmm-acc-mllt.cc:108) Average like for this file is -50.0622 over 68 frames.
LOG (gmm-acc-mllt[5.5.1074~1-71f3]:main():gmm-acc-mllt.cc:108) Average like for this file is -48.6826 over 63 frames.
LOG (gmm-acc-mllt[5.5.1074~1-71f3]:main():gmm-acc-mllt.cc:114) Avg like per frame so far is -52.4328
LOG (gmm-acc-mllt[5.5.1074~1-71f3]:main():gmm-acc-mllt.cc:108) Average like for this file is -50.1867 over 225 frames.
LOG (gmm-acc-mllt[5.5.1074~1-71f3]:main():gmm-acc-mllt.cc:108) Average like for this file is -47.264 over 88 frames.
LOG (gmm-acc-mllt[5.5.1074~1-71f3]:main():gmm-acc-mllt.cc:108) Average like for this file is -48.6136 over 69 frames.
LOG (gmm-acc-mllt[5.5.1074~1-71f3]:main():gmm-acc-mllt.cc:108) Average like for this file is -48.2862 over 91 frames.
LOG (gmm-acc-mllt[5.5.1074~1-71f3]:main():gmm-acc-mllt.cc:108) Average like for this file is -51.2517 over 54 frames.
LOG (gmm-acc-mllt[5.5.1074~1-71f3]:main():gmm-acc-mllt.cc:108) Average like for this file is -46.2103 over 72 frames.
LOG (gmm-acc-mllt[5.5.1074~1-71f3]:main():gmm-acc-mllt.cc:108) Average like for this file is -49.2088 over 77 frames.
LOG (gmm-acc-mllt[5.5.1074~1-71f3]:main():gmm-acc-mllt.cc:108) Average like for this file is -46.2337 over 59 frames.
LOG (gmm-acc-mllt[5.5.1074~1-71f3]:main():gmm-acc-mllt.cc:108) Average like for this file is -nan over 0 frames.
LOG (gmm-acc-mllt[5.5.1074~1-71f3]:main():gmm-acc-mllt.cc:108) Average like for this file is -48.9417 over 45 frames.
LOG (gmm-acc-mllt[5.5.1074~1-71f3]:main():gmm-acc-mllt.cc:114) Avg like per frame so far is -51.6962
LOG (gmm-acc-mllt[5.5.1074~1-71f3]:main():gmm-acc-mllt.cc:108) Average like for this file is -49.3769 over 75 frames.
LOG (gmm-acc-mllt[5.5.1074~1-71f3]:main():gmm-acc-mllt.cc:108) Average like for this file is -50.4721 over 92 frames.
LOG (gmm-acc-mllt[5.5.1074~1-71f3]:main():gmm-acc-mllt.cc:108) Average like for this file is -45.843 over 68 frames.
LOG (gmm-acc-mllt[5.5.1074~1-71f3]:main():gmm-acc-mllt.cc:108) Average like for this file is -51.3821 over 63 frames.
LOG (gmm-acc-mllt[5.5.1074~1-71f3]:main():gmm-acc-mllt.cc:108) Average like for this file is -51.5361 over 102 frames.
LOG (gmm-acc-mllt[5.5.1074~1-71f3]:main():gmm-acc-mllt.cc:108) Average like for this file is -50.8786 over 68 frames.
LOG (gmm-acc-mllt[5.5.1074~1-71f3]:main():gmm-acc-mllt.cc:108) Average like for this file is -52.0853 over 247 frames.
LOG (gmm-acc-mllt[5.5.1074~1-71f3]:main():gmm-acc-mllt.cc:108) Average like for this file is -52.1576 over 74 frames.
LOG (gmm-acc-mllt[5.5.1074~1-71f3]:main():gmm-acc-mllt.cc:108) Average like for this file is -54.2406 over 76 frames.
LOG (gmm-acc-mllt[5.5.1074~1-71f3]:main():gmm-acc-mllt.cc:108) Average like for this file is -49.219 over 65 frames.
LOG (gmm-acc-mllt[5.5.1074~1-71f3]:main():gmm-acc-mllt.cc:114) Avg like per frame so far is -51.5695
LOG (gmm-acc-mllt[5.5.1074~1-71f3]:main():gmm-acc-mllt.cc:108) Average like for this file is -49.2499 over 71 frames.
LOG (gmm-acc-mllt[5.5.1074~1-71f3]:main():gmm-acc-mllt.cc:108) Average like for this file is -48.7511 over 86 frames.
LOG (gmm-acc-mllt[5.5.1074~1-71f3]:main():gmm-acc-mllt.cc:108) Average like for this file is -49.4654 over 106 frames.
LOG (gmm-acc-mllt[5.5.1074~1-71f3]:main():gmm-acc-mllt.cc:108) Average like for this file is -49.889 over 105 frames.
LOG (gmm-acc-mllt[5.5.1074~1-71f3]:main():gmm-acc-mllt.cc:108) Average like for this file is -47.5953 over 53 frames.
LOG (gmm-acc-mllt[5.5.1074~1-71f3]:main():gmm-acc-mllt.cc:108) Average like for this file is -44.783 over 69 frames.
LOG (gmm-acc-mllt[5.5.1074~1-71f3]:main():gmm-acc-mllt.cc:108) Average like for this file is -53.3232 over 294 frames.
LOG (gmm-acc-mllt[5.5.1074~1-71f3]:main():gmm-acc-mllt.cc:108) Average like for this file is -46.8338 over 67 frames.
LOG (gmm-acc-mllt[5.5.1074~1-71f3]:main():gmm-acc-mllt.cc:108) Average like for this file is -51.0684 over 50 frames.
LOG (gmm-acc-mllt[5.5.1074~1-71f3]:main():gmm-acc-mllt.cc:108) Average like for this file is -47.4907 over 67 frames.
LOG (gmm-acc-mllt[5.5.1074~1-71f3]:main():gmm-acc-mllt.cc:114) Avg like per frame so far is -51.2968
LOG (gmm-acc-mllt[5.5.1074~1-71f3]:main():gmm-acc-mllt.cc:108) Average like for this file is -49.8092 over 72 frames.
LOG (gmm-acc-mllt[5.5.1074~1-71f3]:main():gmm-acc-mllt.cc:108) Average like for this file is -47.5577 over 64 frames.
LOG (gmm-acc-mllt[5.5.1074~1-71f3]:main():gmm-acc-mllt.cc:108) Average like for this file is -49.2977 over 69 frames.
LOG (gmm-acc-mllt[5.5.1074~1-71f3]:main():gmm-acc-mllt.cc:108) Average like for this file is -47.4291 over 55 frames.
LOG (gmm-acc-mllt[5.5.1074~1-71f3]:main():gmm-acc-mllt.cc:108) Average like for this file is -50.6494 over 72 frames.
LOG (gmm-acc-mllt[5.5.1074~1-71f3]:main():gmm-acc-mllt.cc:108) Average like for this file is -50.0708 over 46 frames.
LOG (gmm-acc-mllt[5.5.1074~1-71f3]:main():gmm-acc-mllt.cc:108) Average like for this file is -55.9605 over 308 frames.
LOG (gmm-acc-mllt[5.5.1074~1-71f3]:main():gmm-acc-mllt.cc:108) Average like for this file is -50.9104 over 81 frames.
LOG (gmm-acc-mllt[5.5.1074~1-71f3]:main():gmm-acc-mllt.cc:108) Average like for this file is -52.7322 over 84 frames.
LOG (gmm-acc-mllt[5.5.1074~1-71f3]:main():gmm-acc-mllt.cc:108) Average like for this file is -44.5023 over 90 frames.
LOG (gmm-acc-mllt[5.5.1074~1-71f3]:main():gmm-acc-mllt.cc:114) Avg like per frame so far is -51.3137
LOG (gmm-acc-mllt[5.5.1074~1-71f3]:main():gmm-acc-mllt.cc:108) Average like for this file is -50.3557 over 61 frames.
LOG (gmm-acc-mllt[5.5.1074~1-71f3]:main():gmm-acc-mllt.cc:108) Average like for this file is -52.4403 over 62 frames.
LOG (gmm-acc-mllt[5.5.1074~1-71f3]:main():gmm-acc-mllt.cc:108) Average like for this file is -47.7154 over 54 frames.
LOG (gmm-acc-mllt[5.5.1074~1-71f3]:main():gmm-acc-mllt.cc:108) Average like for this file is -53.907 over 225 frames.
LOG (gmm-acc-mllt[5.5.1074~1-71f3]:main():gmm-acc-mllt.cc:108) Average like for this file is -46.2623 over 65 frames.
LOG (gmm-acc-mllt[5.5.1074~1-71f3]:main():gmm-acc-mllt.cc:108) Average like for this file is -49.1126 over 74 frames.
LOG (gmm-acc-mllt[5.5.1074~1-71f3]:main():gmm-acc-mllt.cc:108) Average like for this file is -50.6846 over 65 frames.
LOG (gmm-acc-mllt[5.5.1074~1-71f3]:main():gmm-acc-mllt.cc:108) Average like for this file is -49.0903 over 37 frames.
LOG (gmm-acc-mllt[5.5.1074~1-71f3]:main():gmm-acc-mllt.cc:108) Average like for this file is -53.6757 over 61 frames.
LOG (gmm-acc-mllt[5.5.1074~1-71f3]:main():gmm-acc-mllt.cc:108) Average like for this file is -50.1885 over 56 frames.
LOG (gmm-acc-mllt[5.5.1074~1-71f3]:main():gmm-acc-mllt.cc:114) Avg like per frame so far is -51.296
LOG (gmm-acc-mllt[5.5.1074~1-71f3]:main():gmm-acc-mllt.cc:108) Average like for this file is -51.817 over 65 frames.
LOG (gmm-acc-mllt[5.5.1074~1-71f3]:main():gmm-acc-mllt.cc:108) Average like for this file is -49.9372 over 54 frames.
LOG (gmm-acc-mllt[5.5.1074~1-71f3]:main():gmm-acc-mllt.cc:108) Average like for this file is -51.5543 over 85 frames.
LOG (gmm-acc-mllt[5.5.1074~1-71f3]:main():gmm-acc-mllt.cc:108) Average like for this file is -51.7542 over 79 frames.
LOG (gmm-acc-mllt[5.5.1074~1-71f3]:main():gmm-acc-mllt.cc:108) Average like for this file is -48.8224 over 69 frames.
LOG (gmm-acc-mllt[5.5.1074~1-71f3]:main():gmm-acc-mllt.cc:108) Average like for this file is -46.8874 over 53 frames.
LOG (gmm-acc-mllt[5.5.1074~1-71f3]:main():gmm-acc-mllt.cc:108) Average like for this file is -46.5824 over 73 frames.
LOG (gmm-acc-mllt[5.5.1074~1-71f3]:main():gmm-acc-mllt.cc:108) Average like for this file is -50.572 over 79 frames.
LOG (gmm-acc-mllt[5.5.1074~1-71f3]:main():gmm-acc-mllt.cc:108) Average like for this file is -49.1576 over 67 frames.
LOG (gmm-acc-mllt[5.5.1074~1-71f3]:main():gmm-acc-mllt.cc:108) Average like for this file is -48.9524 over 79 frames.
LOG (gmm-acc-mllt[5.5.1074~1-71f3]:main():gmm-acc-mllt.cc:114) Avg like per frame so far is -51.1603
LOG (gmm-acc-mllt[5.5.1074~1-71f3]:main():gmm-acc-mllt.cc:108) Average like for this file is -52.4927 over 79 frames.
LOG (gmm-acc-mllt[5.5.1074~1-71f3]:main():gmm-acc-mllt.cc:108) Average like for this file is -55.1774 over 126 frames.
LOG (gmm-acc-mllt[5.5.1074~1-71f3]:main():gmm-acc-mllt.cc:108) Average like for this file is -54.7971 over 64 frames.
LOG (gmm-acc-mllt[5.5.1074~1-71f3]:main():gmm-acc-mllt.cc:108) Average like for this file is -49.6643 over 71 frames.
LOG (gmm-acc-mllt[5.5.1074~1-71f3]:main():gmm-acc-mllt.cc:108) Average like for this file is -48.5141 over 84 frames.
LOG (gmm-acc-mllt[5.5.1074~1-71f3]:main():gmm-acc-mllt.cc:108) Average like for this file is -52.878 over 76 frames.
LOG (gmm-acc-mllt[5.5.1074~1-71f3]:main():gmm-acc-mllt.cc:108) Average like for this file is -52.05 over 73 frames.
LOG (gmm-acc-mllt[5.5.1074~1-71f3]:main():gmm-acc-mllt.cc:108) Average like for this file is -54.0556 over 85 frames.
LOG (gmm-acc-mllt[5.5.1074~1-71f3]:main():gmm-acc-mllt.cc:108) Average like for this file is -51.006 over 77 frames.
LOG (gmm-acc-mllt[5.5.1074~1-71f3]:main():gmm-acc-mllt.cc:108) Average like for this file is -47.7584 over 70 frames.
LOG (gmm-acc-mllt[5.5.1074~1-71f3]:main():gmm-acc-mllt.cc:114) Avg like per frame so far is -51.2387
LOG (gmm-acc-mllt[5.5.1074~1-71f3]:main():gmm-acc-mllt.cc:108) Average like for this file is -48.8529 over 80 frames.
LOG (gmm-acc-mllt[5.5.1074~1-71f3]:main():gmm-acc-mllt.cc:108) Average like for this file is -52.4904 over 66 frames.
LOG (gmm-acc-mllt[5.5.1074~1-71f3]:main():gmm-acc-mllt.cc:108) Average like for this file is -53.075 over 88 frames.
LOG (gmm-acc-mllt[5.5.1074~1-71f3]:main():gmm-acc-mllt.cc:108) Average like for this file is -51.455 over 89 frames.
LOG (gmm-acc-mllt[5.5.1074~1-71f3]:main():gmm-acc-mllt.cc:108) Average like for this file is -53.9314 over 192 frames.
LOG (gmm-acc-mllt[5.5.1074~1-71f3]:main():gmm-acc-mllt.cc:108) Average like for this file is -48.8623 over 177 frames.
LOG (gmm-acc-mllt[5.5.1074~1-71f3]:main():gmm-acc-mllt.cc:108) Average like for this file is -53.5018 over 222 frames.
LOG (gmm-acc-mllt[5.5.1074~1-71f3]:main():gmm-acc-mllt.cc:108) Average like for this file is -50.4158 over 159 frames.
LOG (gmm-acc-mllt[5.5.1074~1-71f3]:main():gmm-acc-mllt.cc:108) Average like for this file is -50.9276 over 211 frames.
LOG (gmm-acc-mllt[5.5.1074~1-71f3]:main():gmm-acc-mllt.cc:108) Average like for this file is -53.9669 over 232 frames.
LOG (gmm-acc-mllt[5.5.1074~1-71f3]:main():gmm-acc-mllt.cc:114) Avg like per frame so far is -51.3438
LOG (gmm-acc-mllt[5.5.1074~1-71f3]:main():gmm-acc-mllt.cc:108) Average like for this file is -55.1805 over 214 frames.
LOG (gmm-acc-mllt[5.5.1074~1-71f3]:main():gmm-acc-mllt.cc:108) Average like for this file is -53.7827 over 223 frames.
LOG (gmm-acc-mllt[5.5.1074~1-71f3]:main():gmm-acc-mllt.cc:108) Average like for this file is -54.6754 over 238 frames.
LOG (gmm-acc-mllt[5.5.1074~1-71f3]:main():gmm-acc-mllt.cc:108) Average like for this file is -51.5627 over 167 frames.
LOG (gmm-acc-mllt[5.5.1074~1-71f3]:main():gmm-acc-mllt.cc:108) Average like for this file is -52.6131 over 233 frames.
LOG (gmm-acc-mllt[5.5.1074~1-71f3]:main():gmm-acc-mllt.cc:108) Average like for this file is -54.7667 over 175 frames.
LOG (gmm-acc-mllt[5.5.1074~1-71f3]:main():gmm-acc-mllt.cc:108) Average like for this file is -50.2357 over 219 frames.
LOG (gmm-acc-mllt[5.5.1074~1-71f3]:main():gmm-acc-mllt.cc:108) Average like for this file is -56.0969 over 188 frames.
LOG (gmm-acc-mllt[5.5.1074~1-71f3]:main():gmm-acc-mllt.cc:108) Average like for this file is -52.4297 over 149 frames.
LOG (gmm-acc-mllt[5.5.1074~1-71f3]:main():gmm-acc-mllt.cc:108) Average like for this file is -52.2426 over 242 frames.
LOG (gmm-acc-mllt[5.5.1074~1-71f3]:main():gmm-acc-mllt.cc:114) Avg like per frame so far is -51.6711
LOG (gmm-acc-mllt[5.5.1074~1-71f3]:main():gmm-acc-mllt.cc:108) Average like for this file is -56.4595 over 116 frames.
LOG (gmm-acc-mllt[5.5.1074~1-71f3]:main():gmm-acc-mllt.cc:108) Average like for this file is -53.2697 over 224 frames.
LOG (gmm-acc-mllt[5.5.1074~1-71f3]:main():gmm-acc-mllt.cc:108) Average like for this file is -49.6707 over 223 frames.
LOG (gmm-acc-mllt[5.5.1074~1-71f3]:main():gmm-acc-mllt.cc:108) Average like for this file is -52.6811 over 322 frames.
LOG (gmm-acc-mllt[5.5.1074~1-71f3]:main():gmm-acc-mllt.cc:108) Average like for this file is -51.0301 over 264 frames.
LOG (gmm-acc-mllt[5.5.1074~1-71f3]:main():gmm-acc-mllt.cc:108) Average like for this file is -56.0598 over 176 frames.
LOG (gmm-acc-mllt[5.5.1074~1-71f3]:main():gmm-acc-mllt.cc:108) Average like for this file is -50.6195 over 156 frames.
LOG (gmm-acc-mllt[5.5.1074~1-71f3]:main():gmm-acc-mllt.cc:108) Average like for this file is -50.8232 over 221 frames.
LOG (gmm-acc-mllt[5.5.1074~1-71f3]:main():gmm-acc-mllt.cc:108) Average like for this file is -53.9358 over 191 frames.
LOG (gmm-acc-mllt[5.5.1074~1-71f3]:main():gmm-acc-mllt.cc:108) Average like for this file is -51.8266 over 205 frames.
LOG (gmm-acc-mllt[5.5.1074~1-71f3]:main():gmm-acc-mllt.cc:114) Avg like per frame so far is -51.7738
LOG (gmm-acc-mllt[5.5.1074~1-71f3]:main():gmm-acc-mllt.cc:108) Average like for this file is -56.2834 over 222 frames.
LOG (gmm-acc-mllt[5.5.1074~1-71f3]:main():gmm-acc-mllt.cc:108) Average like for this file is -54.3132 over 269 frames.
LOG (gmm-acc-mllt[5.5.1074~1-71f3]:main():gmm-acc-mllt.cc:108) Average like for this file is -55.5187 over 202 frames.
LOG (gmm-acc-mllt[5.5.1074~1-71f3]:main():gmm-acc-mllt.cc:108) Average like for this file is -51.8005 over 162 frames.
LOG (gmm-acc-mllt[5.5.1074~1-71f3]:main():gmm-acc-mllt.cc:108) Average like for this file is -53.5132 over 188 frames.
LOG (gmm-acc-mllt[5.5.1074~1-71f3]:main():gmm-acc-mllt.cc:108) Average like for this file is -53.6363 over 266 frames.
LOG (gmm-acc-mllt[5.5.1074~1-71f3]:main():gmm-acc-mllt.cc:108) Average like for this file is -51.2633 over 248 frames.
LOG (gmm-acc-mllt[5.5.1074~1-71f3]:main():gmm-acc-mllt.cc:108) Average like for this file is -50.7875 over 265 frames.
LOG (gmm-acc-mllt[5.5.1074~1-71f3]:main():gmm-acc-mllt.cc:108) Average like for this file is -53.0554 over 236 frames.
LOG (gmm-acc-mllt[5.5.1074~1-71f3]:main():gmm-acc-mllt.cc:108) Average like for this file is -55.2063 over 170 frames.
LOG (gmm-acc-mllt[5.5.1074~1-71f3]:main():gmm-acc-mllt.cc:114) Avg like per frame so far is -51.9965
LOG (gmm-acc-mllt[5.5.1074~1-71f3]:main():gmm-acc-mllt.cc:108) Average like for this file is -53.528 over 194 frames.
LOG (gmm-acc-mllt[5.5.1074~1-71f3]:main():gmm-acc-mllt.cc:108) Average like for this file is -49.1977 over 211 frames.
LOG (gmm-acc-mllt[5.5.1074~1-71f3]:main():gmm-acc-mllt.cc:108) Average like for this file is -52.9043 over 210 frames.
LOG (gmm-acc-mllt[5.5.1074~1-71f3]:main():gmm-acc-mllt.cc:108) Average like for this file is -54.0649 over 161 frames.
LOG (gmm-acc-mllt[5.5.1074~1-71f3]:main():gmm-acc-mllt.cc:108) Average like for this file is -50.687 over 165 frames.
LOG (gmm-acc-mllt[5.5.1074~1-71f3]:main():gmm-acc-mllt.cc:108) Average like for this file is -53.6215 over 130 frames.
LOG (gmm-acc-mllt[5.5.1074~1-71f3]:main():gmm-acc-mllt.cc:108) Average like for this file is -53.0722 over 146 frames.
LOG (gmm-acc-mllt[5.5.1074~1-71f3]:main():gmm-acc-mllt.cc:108) Average like for this file is -51.3254 over 199 frames.
LOG (gmm-acc-mllt[5.5.1074~1-71f3]:main():gmm-acc-mllt.cc:108) Average like for this file is -57.6305 over 216 frames.
LOG (gmm-acc-mllt[5.5.1074~1-71f3]:main():gmm-acc-mllt.cc:108) Average like for this file is -52.9027 over 185 frames.
LOG (gmm-acc-mllt[5.5.1074~1-71f3]:main():gmm-acc-mllt.cc:114) Avg like per frame so far is -52.0837
LOG (gmm-acc-mllt[5.5.1074~1-71f3]:main():gmm-acc-mllt.cc:108) Average like for this file is -52.0143 over 209 frames.
LOG (gmm-acc-mllt[5.5.1074~1-71f3]:main():gmm-acc-mllt.cc:108) Average like for this file is -52.491 over 172 frames.
LOG (gmm-acc-mllt[5.5.1074~1-71f3]:main():gmm-acc-mllt.cc:108) Average like for this file is -49.9124 over 203 frames.
LOG (gmm-acc-mllt[5.5.1074~1-71f3]:main():gmm-acc-mllt.cc:108) Average like for this file is -51.0305 over 363 frames.
LOG (gmm-acc-mllt[5.5.1074~1-71f3]:main():gmm-acc-mllt.cc:108) Average like for this file is -52.0121 over 313 frames.
LOG (gmm-acc-mllt[5.5.1074~1-71f3]:main():gmm-acc-mllt.cc:108) Average like for this file is -52.0647 over 201 frames.
LOG (gmm-acc-mllt[5.5.1074~1-71f3]:main():gmm-acc-mllt.cc:108) Average like for this file is -55.7863 over 167 frames.
LOG (gmm-acc-mllt[5.5.1074~1-71f3]:main():gmm-acc-mllt.cc:108) Average like for this file is -52.3594 over 173 frames.
LOG (gmm-acc-mllt[5.5.1074~1-71f3]:main():gmm-acc-mllt.cc:108) Average like for this file is -52.6596 over 226 frames.
LOG (gmm-acc-mllt[5.5.1074~1-71f3]:main():gmm-acc-mllt.cc:108) Average like for this file is -55.227 over 296 frames.
LOG (gmm-acc-mllt[5.5.1074~1-71f3]:main():gmm-acc-mllt.cc:114) Avg like per frame so far is -52.128
LOG (gmm-acc-mllt[5.5.1074~1-71f3]:main():gmm-acc-mllt.cc:108) Average like for this file is -52.8337 over 218 frames.
LOG (gmm-acc-mllt[5.5.1074~1-71f3]:main():gmm-acc-mllt.cc:108) Average like for this file is -54.0305 over 196 frames.
LOG (gmm-acc-mllt[5.5.1074~1-71f3]:main():gmm-acc-mllt.cc:108) Average like for this file is -55.3385 over 269 frames.
LOG (gmm-acc-mllt[5.5.1074~1-71f3]:main():gmm-acc-mllt.cc:108) Average like for this file is -57.2771 over 194 frames.
LOG (gmm-acc-mllt[5.5.1074~1-71f3]:main():gmm-acc-mllt.cc:108) Average like for this file is -53.4552 over 425 frames.
LOG (gmm-acc-mllt[5.5.1074~1-71f3]:main():gmm-acc-mllt.cc:108) Average like for this file is -53.9618 over 267 frames.
LOG (gmm-acc-mllt[5.5.1074~1-71f3]:main():gmm-acc-mllt.cc:108) Average like for this file is -56.5711 over 229 frames.
LOG (gmm-acc-mllt[5.5.1074~1-71f3]:main():gmm-acc-mllt.cc:108) Average like for this file is -54.5222 over 364 frames.
LOG (gmm-acc-mllt[5.5.1074~1-71f3]:main():gmm-acc-mllt.cc:108) Average like for this file is -54.6311 over 269 frames.
LOG (gmm-acc-mllt[5.5.1074~1-71f3]:main():gmm-acc-mllt.cc:108) Average like for this file is -56.2393 over 231 frames.
LOG (gmm-acc-mllt[5.5.1074~1-71f3]:main():gmm-acc-mllt.cc:114) Avg like per frame so far is -52.4213
LOG (gmm-acc-mllt[5.5.1074~1-71f3]:main():gmm-acc-mllt.cc:108) Average like for this file is -54.4969 over 229 frames.
LOG (gmm-acc-mllt[5.5.1074~1-71f3]:main():gmm-acc-mllt.cc:108) Average like for this file is -54.1391 over 223 frames.
LOG (gmm-acc-mllt[5.5.1074~1-71f3]:main():gmm-acc-mllt.cc:108) Average like for this file is -52.923 over 251 frames.
LOG (gmm-acc-mllt[5.5.1074~1-71f3]:main():gmm-acc-mllt.cc:108) Average like for this file is -54.2941 over 189 frames.
LOG (gmm-acc-mllt[5.5.1074~1-71f3]:main():gmm-acc-mllt.cc:108) Average like for this file is -54.1981 over 216 frames.
LOG (gmm-acc-mllt[5.5.1074~1-71f3]:main():gmm-acc-mllt.cc:108) Average like for this file is -53.8228 over 132 frames.
LOG (gmm-acc-mllt[5.5.1074~1-71f3]:main():gmm-acc-mllt.cc:108) Average like for this file is -53.2097 over 290 frames.
LOG (gmm-acc-mllt[5.5.1074~1-71f3]:main():gmm-acc-mllt.cc:108) Average like for this file is -53.3001 over 280 frames.
LOG (gmm-acc-mllt[5.5.1074~1-71f3]:main():gmm-acc-mllt.cc:108) Average like for this file is -54.0998 over 282 frames.
LOG (gmm-acc-mllt[5.5.1074~1-71f3]:main():gmm-acc-mllt.cc:108) Average like for this file is -50.8736 over 353 frames.
LOG (gmm-acc-mllt[5.5.1074~1-71f3]:main():gmm-acc-mllt.cc:114) Avg like per frame so far is -52.5096
LOG (gmm-acc-mllt[5.5.1074~1-71f3]:main():gmm-acc-mllt.cc:108) Average like for this file is -53.5674 over 392 frames.
LOG (gmm-acc-mllt[5.5.1074~1-71f3]:main():gmm-acc-mllt.cc:108) Average like for this file is -53.5742 over 237 frames.
LOG (gmm-acc-mllt[5.5.1074~1-71f3]:main():gmm-acc-mllt.cc:108) Average like for this file is -53.9004 over 169 frames.
LOG (gmm-acc-mllt[5.5.1074~1-71f3]:main():gmm-acc-mllt.cc:108) Average like for this file is -53.9625 over 211 frames.
LOG (gmm-acc-mllt[5.5.1074~1-71f3]:main():gmm-acc-mllt.cc:108) Average like for this file is -55.8236 over 251 frames.
LOG (gmm-acc-mllt[5.5.1074~1-71f3]:main():gmm-acc-mllt.cc:108) Average like for this file is -56.2753 over 319 frames.
LOG (gmm-acc-mllt[5.5.1074~1-71f3]:main():gmm-acc-mllt.cc:108) Average like for this file is -53.3474 over 297 frames.
LOG (gmm-acc-mllt[5.5.1074~1-71f3]:main():gmm-acc-mllt.cc:108) Average like for this file is -50.5004 over 215 frames.
LOG (gmm-acc-mllt[5.5.1074~1-71f3]:main():gmm-acc-mllt.cc:108) Average like for this file is -58.2991 over 198 frames.
LOG (gmm-acc-mllt[5.5.1074~1-71f3]:main():gmm-acc-mllt.cc:108) Average like for this file is -54.3593 over 215 frames.
LOG (gmm-acc-mllt[5.5.1074~1-71f3]:main():gmm-acc-mllt.cc:114) Avg like per frame so far is -52.6701
LOG (gmm-acc-mllt[5.5.1074~1-71f3]:main():gmm-acc-mllt.cc:108) Average like for this file is -52.0844 over 206 frames.
LOG (gmm-acc-mllt[5.5.1074~1-71f3]:main():gmm-acc-mllt.cc:108) Average like for this file is -53.0076 over 277 frames.
LOG (gmm-acc-mllt[5.5.1074~1-71f3]:main():gmm-acc-mllt.cc:108) Average like for this file is -55.1861 over 270 frames.
LOG (gmm-acc-mllt[5.5.1074~1-71f3]:main():gmm-acc-mllt.cc:108) Average like for this file is -53.0952 over 212 frames.
LOG (gmm-acc-mllt[5.5.1074~1-71f3]:main():gmm-acc-mllt.cc:108) Average like for this file is -52.1074 over 267 frames.
LOG (gmm-acc-mllt[5.5.1074~1-71f3]:main():gmm-acc-mllt.cc:108) Average like for this file is -53.1629 over 314 frames.
LOG (gmm-acc-mllt[5.5.1074~1-71f3]:main():gmm-acc-mllt.cc:108) Average like for this file is -52.3831 over 226 frames.
LOG (gmm-acc-mllt[5.5.1074~1-71f3]:main():gmm-acc-mllt.cc:108) Average like for this file is -56.8516 over 260 frames.
LOG (gmm-acc-mllt[5.5.1074~1-71f3]:main():gmm-acc-mllt.cc:108) Average like for this file is -59.2965 over 248 frames.
LOG (gmm-acc-mllt[5.5.1074~1-71f3]:main():gmm-acc-mllt.cc:108) Average like for this file is -55.4306 over 327 frames.
LOG (gmm-acc-mllt[5.5.1074~1-71f3]:main():gmm-acc-mllt.cc:114) Avg like per frame so far is -52.8081
LOG (gmm-acc-mllt[5.5.1074~1-71f3]:main():gmm-acc-mllt.cc:108) Average like for this file is -54.859 over 192 frames.
LOG (gmm-acc-mllt[5.5.1074~1-71f3]:main():gmm-acc-mllt.cc:108) Average like for this file is -53.2393 over 260 frames.
LOG (gmm-acc-mllt[5.5.1074~1-71f3]:main():gmm-acc-mllt.cc:108) Average like for this file is -55.8146 over 208 frames.
LOG (gmm-acc-mllt[5.5.1074~1-71f3]:main():gmm-acc-mllt.cc:108) Average like for this file is -53.7974 over 184 frames.
LOG (gmm-acc-mllt[5.5.1074~1-71f3]:main():gmm-acc-mllt.cc:108) Average like for this file is -55.36 over 245 frames.
LOG (gmm-acc-mllt[5.5.1074~1-71f3]:main():gmm-acc-mllt.cc:108) Average like for this file is -53.8416 over 234 frames.
LOG (gmm-acc-mllt[5.5.1074~1-71f3]:main():gmm-acc-mllt.cc:108) Average like for this file is -55.6512 over 232 frames.
LOG (gmm-acc-mllt[5.5.1074~1-71f3]:main():gmm-acc-mllt.cc:108) Average like for this file is -56.914 over 228 frames.
LOG (gmm-acc-mllt[5.5.1074~1-71f3]:main():gmm-acc-mllt.cc:108) Average like for this file is -54.3988 over 208 frames.
LOG (gmm-acc-mllt[5.5.1074~1-71f3]:main():gmm-acc-mllt.cc:108) Average like for this file is -54.5413 over 273 frames.
LOG (gmm-acc-mllt[5.5.1074~1-71f3]:main():gmm-acc-mllt.cc:114) Avg like per frame so far is -52.9447
LOG (gmm-acc-mllt[5.5.1074~1-71f3]:main():gmm-acc-mllt.cc:108) Average like for this file is -52.0612 over 201 frames.
LOG (gmm-acc-mllt[5.5.1074~1-71f3]:main():gmm-acc-mllt.cc:108) Average like for this file is -55.6074 over 254 frames.
LOG (gmm-acc-mllt[5.5.1074~1-71f3]:main():gmm-acc-mllt.cc:108) Average like for this file is -51.542 over 205 frames.
LOG (gmm-acc-mllt[5.5.1074~1-71f3]:main():gmm-acc-mllt.cc:108) Average like for this file is -51.6222 over 275 frames.
LOG (gmm-acc-mllt[5.5.1074~1-71f3]:main():gmm-acc-mllt.cc:108) Average like for this file is -54.3056 over 203 frames.
LOG (gmm-acc-mllt[5.5.1074~1-71f3]:main():gmm-acc-mllt.cc:108) Average like for this file is -55.0129 over 197 frames.
LOG (gmm-acc-mllt[5.5.1074~1-71f3]:main():gmm-acc-mllt.cc:108) Average like for this file is -53.0332 over 204 frames.
LOG (gmm-acc-mllt[5.5.1074~1-71f3]:main():gmm-acc-mllt.cc:108) Average like for this file is -53.0504 over 204 frames.
LOG (gmm-acc-mllt[5.5.1074~1-71f3]:main():gmm-acc-mllt.cc:108) Average like for this file is -55.8118 over 246 frames.
LOG (gmm-acc-mllt[5.5.1074~1-71f3]:main():gmm-acc-mllt.cc:108) Average like for this file is -54.7958 over 197 frames.
LOG (gmm-acc-mllt[5.5.1074~1-71f3]:main():gmm-acc-mllt.cc:114) Avg like per frame so far is -52.9906
LOG (gmm-acc-mllt[5.5.1074~1-71f3]:main():gmm-acc-mllt.cc:108) Average like for this file is -54.608 over 179 frames.
LOG (gmm-acc-mllt[5.5.1074~1-71f3]:main():gmm-acc-mllt.cc:108) Average like for this file is -52.5009 over 153 frames.
LOG (gmm-acc-mllt[5.5.1074~1-71f3]:main():gmm-acc-mllt.cc:108) Average like for this file is -56.2847 over 199 frames.
LOG (gmm-acc-mllt[5.5.1074~1-71f3]:main():gmm-acc-mllt.cc:108) Average like for this file is -53.7833 over 240 frames.
LOG (gmm-acc-mllt[5.5.1074~1-71f3]:main():gmm-acc-mllt.cc:108) Average like for this file is -52.685 over 126 frames.
LOG (gmm-acc-mllt[5.5.1074~1-71f3]:main():gmm-acc-mllt.cc:108) Average like for this file is -53.4023 over 186 frames.
LOG (gmm-acc-mllt[5.5.1074~1-71f3]:main():gmm-acc-mllt.cc:108) Average like for this file is -52.9614 over 155 frames.
LOG (gmm-acc-mllt[5.5.1074~1-71f3]:main():gmm-acc-mllt.cc:108) Average like for this file is -53.2994 over 292 frames.
LOG (gmm-acc-mllt[5.5.1074~1-71f3]:main():gmm-acc-mllt.cc:108) Average like for this file is -53.2561 over 226 frames.
LOG (gmm-acc-mllt[5.5.1074~1-71f3]:main():gmm-acc-mllt.cc:108) Average like for this file is -57.0239 over 191 frames.
LOG (gmm-acc-mllt[5.5.1074~1-71f3]:main():gmm-acc-mllt.cc:114) Avg like per frame so far is -53.0441
LOG (gmm-acc-mllt[5.5.1074~1-71f3]:main():gmm-acc-mllt.cc:108) Average like for this file is -54.9906 over 265 frames.
LOG (gmm-acc-mllt[5.5.1074~1-71f3]:main():gmm-acc-mllt.cc:108) Average like for this file is -51.2472 over 120 frames.
LOG (gmm-acc-mllt[5.5.1074~1-71f3]:main():gmm-acc-mllt.cc:108) Average like for this file is -56.1297 over 157 frames.
LOG (gmm-acc-mllt[5.5.1074~1-71f3]:main():gmm-acc-mllt.cc:108) Average like for this file is -55.6731 over 131 frames.
LOG (gmm-acc-mllt[5.5.1074~1-71f3]:main():gmm-acc-mllt.cc:108) Average like for this file is -49.4759 over 145 frames.
LOG (gmm-acc-mllt[5.5.1074~1-71f3]:main():gmm-acc-mllt.cc:108) Average like for this file is -55.0007 over 120 frames.
LOG (gmm-acc-mllt[5.5.1074~1-71f3]:main():gmm-acc-mllt.cc:108) Average like for this file is -58.8656 over 154 frames.
LOG (gmm-acc-mllt[5.5.1074~1-71f3]:main():gmm-acc-mllt.cc:108) Average like for this file is -55.7587 over 196 frames.
LOG (gmm-acc-mllt[5.5.1074~1-71f3]:main():gmm-acc-mllt.cc:108) Average like for this file is -54.9149 over 238 frames.
LOG (gmm-acc-mllt[5.5.1074~1-71f3]:main():gmm-acc-mllt.cc:108) Average like for this file is -54.046 over 188 frames.
LOG (gmm-acc-mllt[5.5.1074~1-71f3]:main():gmm-acc-mllt.cc:114) Avg like per frame so far is -53.118
LOG (gmm-acc-mllt[5.5.1074~1-71f3]:main():gmm-acc-mllt.cc:108) Average like for this file is -50.4461 over 128 frames.
LOG (gmm-acc-mllt[5.5.1074~1-71f3]:main():gmm-acc-mllt.cc:108) Average like for this file is -48.9279 over 182 frames.
LOG (gmm-acc-mllt[5.5.1074~1-71f3]:main():gmm-acc-mllt.cc:108) Average like for this file is -51.7942 over 288 frames.
LOG (gmm-acc-mllt[5.5.1074~1-71f3]:main():gmm-acc-mllt.cc:108) Average like for this file is -53.0684 over 177 frames.
LOG (gmm-acc-mllt[5.5.1074~1-71f3]:main():gmm-acc-mllt.cc:108) Average like for this file is -51.2448 over 145 frames.
LOG (gmm-acc-mllt[5.5.1074~1-71f3]:main():gmm-acc-mllt.cc:108) Average like for this file is -52.9853 over 268 frames.
LOG (gmm-acc-mllt[5.5.1074~1-71f3]:main():gmm-acc-mllt.cc:108) Average like for this file is -55.7472 over 131 frames.
LOG (gmm-acc-mllt[5.5.1074~1-71f3]:main():gmm-acc-mllt.cc:108) Average like for this file is -55.4185 over 265 frames.
LOG (gmm-acc-mllt[5.5.1074~1-71f3]:main():gmm-acc-mllt.cc:108) Average like for this file is -50.2522 over 148 frames.
LOG (gmm-acc-mllt[5.5.1074~1-71f3]:main():gmm-acc-mllt.cc:108) Average like for this file is -52.7806 over 160 frames.
LOG (gmm-acc-mllt[5.5.1074~1-71f3]:main():gmm-acc-mllt.cc:114) Avg like per frame so far is -53.0859
LOG (gmm-acc-mllt[5.5.1074~1-71f3]:main():gmm-acc-mllt.cc:108) Average like for this file is -51.7482 over 162 frames.
LOG (gmm-acc-mllt[5.5.1074~1-71f3]:main():gmm-acc-mllt.cc:108) Average like for this file is -53.0693 over 157 frames.
LOG (gmm-acc-mllt[5.5.1074~1-71f3]:main():gmm-acc-mllt.cc:108) Average like for this file is -55.5554 over 159 frames.
LOG (gmm-acc-mllt[5.5.1074~1-71f3]:main():gmm-acc-mllt.cc:108) Average like for this file is -53.4209 over 153 frames.
LOG (gmm-acc-mllt[5.5.1074~1-71f3]:main():gmm-acc-mllt.cc:108) Average like for this file is -55.8086 over 150 frames.
LOG (gmm-acc-mllt[5.5.1074~1-71f3]:main():gmm-acc-mllt.cc:108) Average like for this file is -54.7411 over 158 frames.
LOG (gmm-acc-mllt[5.5.1074~1-71f3]:main():gmm-acc-mllt.cc:108) Average like for this file is -52.8915 over 315 frames.
LOG (gmm-acc-mllt[5.5.1074~1-71f3]:main():gmm-acc-mllt.cc:108) Average like for this file is -50.4548 over 234 frames.
LOG (gmm-acc-mllt[5.5.1074~1-71f3]:main():gmm-acc-mllt.cc:108) Average like for this file is -53.2493 over 119 frames.
LOG (gmm-acc-mllt[5.5.1074~1-71f3]:main():gmm-acc-mllt.cc:108) Average like for this file is -57.7906 over 242 frames.
LOG (gmm-acc-mllt[5.5.1074~1-71f3]:main():gmm-acc-mllt.cc:114) Avg like per frame so far is -53.1178
LOG (gmm-acc-mllt[5.5.1074~1-71f3]:main():gmm-acc-mllt.cc:108) Average like for this file is -53.2494 over 255 frames.
LOG (gmm-acc-mllt[5.5.1074~1-71f3]:main():gmm-acc-mllt.cc:108) Average like for this file is -50.8406 over 123 frames.
LOG (gmm-acc-mllt[5.5.1074~1-71f3]:main():gmm-acc-mllt.cc:108) Average like for this file is -52.4829 over 178 frames.
LOG (ali-to-post[5.5.1074~1-71f3]:main():ali-to-post.cc:73) Converted 289 alignments.
LOG (gmm-acc-mllt[5.5.1074~1-71f3]:main():gmm-acc-mllt.cc:108) Average like for this file is -53.0265 over 144 frames.
LOG (gmm-acc-mllt[5.5.1074~1-71f3]:main():gmm-acc-mllt.cc:108) Average like for this file is -53.2151 over 195 frames.
LOG (gmm-acc-mllt[5.5.1074~1-71f3]:main():gmm-acc-mllt.cc:108) Average like for this file is -52.2409 over 219 frames.
LOG (gmm-acc-mllt[5.5.1074~1-71f3]:main():gmm-acc-mllt.cc:108) Average like for this file is -54.0134 over 295 frames.
LOG (gmm-acc-mllt[5.5.1074~1-71f3]:main():gmm-acc-mllt.cc:108) Average like for this file is -53.3296 over 236 frames.
LOG (gmm-acc-mllt[5.5.1074~1-71f3]:main():gmm-acc-mllt.cc:108) Average like for this file is -54.6387 over 244 frames.
LOG (gmm-acc-mllt[5.5.1074~1-71f3]:main():gmm-acc-mllt.cc:108) Average like for this file is -55.4028 over 234 frames.
LOG (gmm-acc-mllt[5.5.1074~1-71f3]:main():gmm-acc-mllt.cc:114) Avg like per frame so far is -53.1327
LOG (gmm-acc-mllt[5.5.1074~1-71f3]:main():gmm-acc-mllt.cc:108) Average like for this file is -51.54 over 231 frames.
LOG (gmm-acc-mllt[5.5.1074~1-71f3]:main():gmm-acc-mllt.cc:108) Average like for this file is -53.9033 over 106 frames.
LOG (gmm-acc-mllt[5.5.1074~1-71f3]:main():gmm-acc-mllt.cc:108) Average like for this file is -54.7083 over 196 frames.
LOG (gmm-acc-mllt[5.5.1074~1-71f3]:main():gmm-acc-mllt.cc:108) Average like for this file is -54.3734 over 196 frames.
LOG (gmm-acc-mllt[5.5.1074~1-71f3]:main():gmm-acc-mllt.cc:108) Average like for this file is -54.2203 over 187 frames.
LOG (gmm-acc-mllt[5.5.1074~1-71f3]:main():gmm-acc-mllt.cc:108) Average like for this file is -54.8688 over 212 frames.
LOG (gmm-acc-mllt[5.5.1074~1-71f3]:main():gmm-acc-mllt.cc:108) Average like for this file is -55.0556 over 204 frames.
LOG (gmm-acc-mllt[5.5.1074~1-71f3]:main():gmm-acc-mllt.cc:108) Average like for this file is -53.1647 over 193 frames.
LOG (weight-silence-post[5.5.1074~1-71f3]:main():weight-silence-post.cc:95) Done 289 posteriors.
LOG (gmm-acc-mllt[5.5.1074~1-71f3]:main():gmm-acc-mllt.cc:108) Average like for this file is -55.6139 over 278 frames.
LOG (gmm-acc-mllt[5.5.1074~1-71f3]:main():gmm-acc-mllt.cc:108) Average like for this file is -52.4061 over 277 frames.
LOG (gmm-acc-mllt[5.5.1074~1-71f3]:main():gmm-acc-mllt.cc:114) Avg like per frame so far is -53.1691
LOG (gmm-acc-mllt[5.5.1074~1-71f3]:main():gmm-acc-mllt.cc:108) Average like for this file is -53.7378 over 263 frames.
LOG (gmm-acc-mllt[5.5.1074~1-71f3]:main():gmm-acc-mllt.cc:108) Average like for this file is -53.4649 over 285 frames.
LOG (apply-cmvn[5.5.1074~1-71f3]:main():apply-cmvn.cc:162) Applied cepstral mean normalization to 289 utterances, errors on 0
LOG (gmm-acc-mllt[5.5.1074~1-71f3]:main():gmm-acc-mllt.cc:108) Average like for this file is -55.0504 over 305 frames.
LOG (gmm-acc-mllt[5.5.1074~1-71f3]:main():gmm-acc-mllt.cc:108) Average like for this file is -53.6936 over 284 frames.
LOG (gmm-acc-mllt[5.5.1074~1-71f3]:main():gmm-acc-mllt.cc:108) Average like for this file is -54.01 over 243 frames.
LOG (gmm-acc-mllt[5.5.1074~1-71f3]:main():gmm-acc-mllt.cc:108) Average like for this file is -54.8404 over 207 frames.
LOG (gmm-acc-mllt[5.5.1074~1-71f3]:main():gmm-acc-mllt.cc:108) Average like for this file is -53.729 over 217 frames.
LOG (transform-feats[5.5.1074~1-71f3]:main():transform-feats.cc:158) Overall average [pseudo-]logdet is -92.9834 over 82613 frames.
LOG (transform-feats[5.5.1074~1-71f3]:main():transform-feats.cc:161) Applied transform to 289 utterances; 0 had errors.
LOG (gmm-acc-mllt[5.5.1074~1-71f3]:main():gmm-acc-mllt.cc:108) Average like for this file is -52.1544 over 140 frames.
LOG (gmm-acc-mllt[5.5.1074~1-71f3]:main():gmm-acc-mllt.cc:108) Average like for this file is -53.1709 over 153 frames.
LOG (gmm-acc-mllt[5.5.1074~1-71f3]:main():gmm-acc-mllt.cc:119) Done 289 files, 0 with no posteriors, 0 with other errors.
LOG (gmm-acc-mllt[5.5.1074~1-71f3]:main():gmm-acc-mllt.cc:123) Overall avg like per frame (Gaussian only) = -53.1992 over 49422 frames.
LOG (gmm-acc-mllt[5.5.1074~1-71f3]:main():gmm-acc-mllt.cc:127) Written accs.
# Accounting: time=0 threads=1
# Ended (code 0) at Thu Aug  3 11:13:31 IST 2023, elapsed time 0 seconds
