# ali-to-post "ark:gunzip -c exp_FG/ldamllt/ali.1.gz|" ark:- | weight-silence-post 0.0 1:2:3:4:5 exp_FG/ldamllt/6.mdl ark:- ark:- | gmm-acc-mllt --rand-prune=4.0 exp_FG/ldamllt/6.mdl "ark,s,cs:apply-cmvn  --utt2spk=ark:data/train/split10/1/utt2spk scp:data/train/split10/1/cmvn.scp scp:data/train/split10/1/feats.scp ark:- | splice-feats  ark:- ark:- | transform-feats exp_FG/ldamllt/4.mat ark:- ark:- |" ark,s,o,cs:- exp_FG/ldamllt/6.1.macc 
# Started at Thu Aug  3 11:13:32 IST 2023
#
weight-silence-post 0.0 1:2:3:4:5 exp_FG/ldamllt/6.mdl ark:- ark:- 
gmm-acc-mllt --rand-prune=4.0 exp_FG/ldamllt/6.mdl 'ark,s,cs:apply-cmvn  --utt2spk=ark:data/train/split10/1/utt2spk scp:data/train/split10/1/cmvn.scp scp:data/train/split10/1/feats.scp ark:- | splice-feats  ark:- ark:- | transform-feats exp_FG/ldamllt/4.mat ark:- ark:- |' ark,s,o,cs:- exp_FG/ldamllt/6.1.macc 
ali-to-post 'ark:gunzip -c exp_FG/ldamllt/ali.1.gz|' ark:- 
apply-cmvn --utt2spk=ark:data/train/split10/1/utt2spk scp:data/train/split10/1/cmvn.scp scp:data/train/split10/1/feats.scp ark:- 
splice-feats ark:- ark:- 
transform-feats exp_FG/ldamllt/4.mat ark:- ark:- 
LOG (gmm-acc-mllt[5.5.1074~1-71f3]:main():gmm-acc-mllt.cc:108) Average like for this file is -54.205 over 185 frames.
LOG (gmm-acc-mllt[5.5.1074~1-71f3]:main():gmm-acc-mllt.cc:108) Average like for this file is -51.4237 over 409 frames.
LOG (gmm-acc-mllt[5.5.1074~1-71f3]:main():gmm-acc-mllt.cc:108) Average like for this file is -50.9737 over 198 frames.
LOG (gmm-acc-mllt[5.5.1074~1-71f3]:main():gmm-acc-mllt.cc:108) Average like for this file is -47.265 over 207 frames.
LOG (gmm-acc-mllt[5.5.1074~1-71f3]:main():gmm-acc-mllt.cc:108) Average like for this file is -46.6674 over 374 frames.
LOG (gmm-acc-mllt[5.5.1074~1-71f3]:main():gmm-acc-mllt.cc:108) Average like for this file is -50.403 over 189 frames.
LOG (gmm-acc-mllt[5.5.1074~1-71f3]:main():gmm-acc-mllt.cc:108) Average like for this file is -54.9112 over 196 frames.
LOG (gmm-acc-mllt[5.5.1074~1-71f3]:main():gmm-acc-mllt.cc:108) Average like for this file is -53.676 over 136 frames.
LOG (gmm-acc-mllt[5.5.1074~1-71f3]:main():gmm-acc-mllt.cc:108) Average like for this file is -54.1443 over 104 frames.
LOG (gmm-acc-mllt[5.5.1074~1-71f3]:main():gmm-acc-mllt.cc:108) Average like for this file is -47.4756 over 89 frames.
LOG (gmm-acc-mllt[5.5.1074~1-71f3]:main():gmm-acc-mllt.cc:114) Avg like per frame so far is -50.7118
LOG (gmm-acc-mllt[5.5.1074~1-71f3]:main():gmm-acc-mllt.cc:108) Average like for this file is -45.0795 over 93 frames.
LOG (gmm-acc-mllt[5.5.1074~1-71f3]:main():gmm-acc-mllt.cc:108) Average like for this file is -50.3352 over 174 frames.
LOG (gmm-acc-mllt[5.5.1074~1-71f3]:main():gmm-acc-mllt.cc:108) Average like for this file is -46.329 over 153 frames.
LOG (gmm-acc-mllt[5.5.1074~1-71f3]:main():gmm-acc-mllt.cc:108) Average like for this file is -52.0643 over 92 frames.
LOG (gmm-acc-mllt[5.5.1074~1-71f3]:main():gmm-acc-mllt.cc:108) Average like for this file is -45.6815 over 94 frames.
LOG (gmm-acc-mllt[5.5.1074~1-71f3]:main():gmm-acc-mllt.cc:108) Average like for this file is -51.391 over 136 frames.
LOG (gmm-acc-mllt[5.5.1074~1-71f3]:main():gmm-acc-mllt.cc:108) Average like for this file is -46.3643 over 116 frames.
LOG (gmm-acc-mllt[5.5.1074~1-71f3]:main():gmm-acc-mllt.cc:108) Average like for this file is -43.7117 over 102 frames.
LOG (gmm-acc-mllt[5.5.1074~1-71f3]:main():gmm-acc-mllt.cc:108) Average like for this file is -47.1852 over 96 frames.
LOG (gmm-acc-mllt[5.5.1074~1-71f3]:main():gmm-acc-mllt.cc:108) Average like for this file is -46.445 over 88 frames.
LOG (gmm-acc-mllt[5.5.1074~1-71f3]:main():gmm-acc-mllt.cc:114) Avg like per frame so far is -49.6446
LOG (gmm-acc-mllt[5.5.1074~1-71f3]:main():gmm-acc-mllt.cc:108) Average like for this file is -49.7811 over 240 frames.
LOG (gmm-acc-mllt[5.5.1074~1-71f3]:main():gmm-acc-mllt.cc:108) Average like for this file is -50.8108 over 98 frames.
LOG (gmm-acc-mllt[5.5.1074~1-71f3]:main():gmm-acc-mllt.cc:108) Average like for this file is -45.7608 over 82 frames.
LOG (gmm-acc-mllt[5.5.1074~1-71f3]:main():gmm-acc-mllt.cc:108) Average like for this file is -44.2571 over 83 frames.
LOG (gmm-acc-mllt[5.5.1074~1-71f3]:main():gmm-acc-mllt.cc:108) Average like for this file is -41.0235 over 94 frames.
LOG (gmm-acc-mllt[5.5.1074~1-71f3]:main():gmm-acc-mllt.cc:108) Average like for this file is -46.8449 over 98 frames.
LOG (gmm-acc-mllt[5.5.1074~1-71f3]:main():gmm-acc-mllt.cc:108) Average like for this file is -44.5874 over 80 frames.
LOG (gmm-acc-mllt[5.5.1074~1-71f3]:main():gmm-acc-mllt.cc:108) Average like for this file is -45.4782 over 81 frames.
LOG (gmm-acc-mllt[5.5.1074~1-71f3]:main():gmm-acc-mllt.cc:108) Average like for this file is -46.2277 over 91 frames.
LOG (gmm-acc-mllt[5.5.1074~1-71f3]:main():gmm-acc-mllt.cc:108) Average like for this file is -46.5021 over 100 frames.
LOG (gmm-acc-mllt[5.5.1074~1-71f3]:main():gmm-acc-mllt.cc:114) Avg like per frame so far is -48.9268
LOG (gmm-acc-mllt[5.5.1074~1-71f3]:main():gmm-acc-mllt.cc:108) Average like for this file is -43.8554 over 90 frames.
LOG (gmm-acc-mllt[5.5.1074~1-71f3]:main():gmm-acc-mllt.cc:108) Average like for this file is -43.7812 over 108 frames.
LOG (gmm-acc-mllt[5.5.1074~1-71f3]:main():gmm-acc-mllt.cc:108) Average like for this file is -46.0623 over 112 frames.
LOG (gmm-acc-mllt[5.5.1074~1-71f3]:main():gmm-acc-mllt.cc:108) Average like for this file is -42.908 over 108 frames.
LOG (gmm-acc-mllt[5.5.1074~1-71f3]:main():gmm-acc-mllt.cc:108) Average like for this file is -43.3321 over 70 frames.
LOG (gmm-acc-mllt[5.5.1074~1-71f3]:main():gmm-acc-mllt.cc:108) Average like for this file is -45.6376 over 121 frames.
LOG (gmm-acc-mllt[5.5.1074~1-71f3]:main():gmm-acc-mllt.cc:108) Average like for this file is -48.1373 over 266 frames.
LOG (gmm-acc-mllt[5.5.1074~1-71f3]:main():gmm-acc-mllt.cc:108) Average like for this file is -42.2311 over 62 frames.
LOG (gmm-acc-mllt[5.5.1074~1-71f3]:main():gmm-acc-mllt.cc:108) Average like for this file is -47.1332 over 112 frames.
LOG (gmm-acc-mllt[5.5.1074~1-71f3]:main():gmm-acc-mllt.cc:108) Average like for this file is -47.4223 over 128 frames.
LOG (gmm-acc-mllt[5.5.1074~1-71f3]:main():gmm-acc-mllt.cc:114) Avg like per frame so far is -48.2318
LOG (gmm-acc-mllt[5.5.1074~1-71f3]:main():gmm-acc-mllt.cc:108) Average like for this file is -44.4817 over 98 frames.
LOG (gmm-acc-mllt[5.5.1074~1-71f3]:main():gmm-acc-mllt.cc:108) Average like for this file is -47.8737 over 92 frames.
LOG (gmm-acc-mllt[5.5.1074~1-71f3]:main():gmm-acc-mllt.cc:108) Average like for this file is -44.2249 over 86 frames.
LOG (gmm-acc-mllt[5.5.1074~1-71f3]:main():gmm-acc-mllt.cc:108) Average like for this file is -47.0279 over 123 frames.
LOG (gmm-acc-mllt[5.5.1074~1-71f3]:main():gmm-acc-mllt.cc:108) Average like for this file is -46.953 over 72 frames.
LOG (gmm-acc-mllt[5.5.1074~1-71f3]:main():gmm-acc-mllt.cc:108) Average like for this file is -52.948 over 281 frames.
LOG (gmm-acc-mllt[5.5.1074~1-71f3]:main():gmm-acc-mllt.cc:108) Average like for this file is -46.7099 over 85 frames.
LOG (gmm-acc-mllt[5.5.1074~1-71f3]:main():gmm-acc-mllt.cc:108) Average like for this file is -52.6135 over 87 frames.
LOG (gmm-acc-mllt[5.5.1074~1-71f3]:main():gmm-acc-mllt.cc:108) Average like for this file is -46.4924 over 108 frames.
LOG (gmm-acc-mllt[5.5.1074~1-71f3]:main():gmm-acc-mllt.cc:108) Average like for this file is -45.9799 over 81 frames.
LOG (gmm-acc-mllt[5.5.1074~1-71f3]:main():gmm-acc-mllt.cc:114) Avg like per frame so far is -48.2655
LOG (gmm-acc-mllt[5.5.1074~1-71f3]:main():gmm-acc-mllt.cc:108) Average like for this file is -48.0776 over 128 frames.
LOG (gmm-acc-mllt[5.5.1074~1-71f3]:main():gmm-acc-mllt.cc:108) Average like for this file is -47.9573 over 88 frames.
LOG (gmm-acc-mllt[5.5.1074~1-71f3]:main():gmm-acc-mllt.cc:108) Average like for this file is -48.8539 over 57 frames.
LOG (gmm-acc-mllt[5.5.1074~1-71f3]:main():gmm-acc-mllt.cc:108) Average like for this file is -41.1579 over 94 frames.
LOG (gmm-acc-mllt[5.5.1074~1-71f3]:main():gmm-acc-mllt.cc:108) Average like for this file is -51.0245 over 89 frames.
LOG (gmm-acc-mllt[5.5.1074~1-71f3]:main():gmm-acc-mllt.cc:108) Average like for this file is -51.201 over 85 frames.
LOG (gmm-acc-mllt[5.5.1074~1-71f3]:main():gmm-acc-mllt.cc:108) Average like for this file is -46.3831 over 74 frames.
LOG (gmm-acc-mllt[5.5.1074~1-71f3]:main():gmm-acc-mllt.cc:108) Average like for this file is -47.3435 over 85 frames.
LOG (gmm-acc-mllt[5.5.1074~1-71f3]:main():gmm-acc-mllt.cc:108) Average like for this file is -55.262 over 53 frames.
LOG (gmm-acc-mllt[5.5.1074~1-71f3]:main():gmm-acc-mllt.cc:108) Average like for this file is -52.9569 over 321 frames.
LOG (gmm-acc-mllt[5.5.1074~1-71f3]:main():gmm-acc-mllt.cc:114) Avg like per frame so far is -48.4577
LOG (gmm-acc-mllt[5.5.1074~1-71f3]:main():gmm-acc-mllt.cc:108) Average like for this file is -47.5421 over 103 frames.
LOG (gmm-acc-mllt[5.5.1074~1-71f3]:main():gmm-acc-mllt.cc:108) Average like for this file is -44.2097 over 98 frames.
LOG (gmm-acc-mllt[5.5.1074~1-71f3]:main():gmm-acc-mllt.cc:108) Average like for this file is -40.8451 over 100 frames.
LOG (gmm-acc-mllt[5.5.1074~1-71f3]:main():gmm-acc-mllt.cc:108) Average like for this file is -44.2662 over 95 frames.
LOG (gmm-acc-mllt[5.5.1074~1-71f3]:main():gmm-acc-mllt.cc:108) Average like for this file is -43.0785 over 114 frames.
LOG (gmm-acc-mllt[5.5.1074~1-71f3]:main():gmm-acc-mllt.cc:108) Average like for this file is -43.1576 over 102 frames.
LOG (gmm-acc-mllt[5.5.1074~1-71f3]:main():gmm-acc-mllt.cc:108) Average like for this file is -49.0415 over 65 frames.
LOG (gmm-acc-mllt[5.5.1074~1-71f3]:main():gmm-acc-mllt.cc:108) Average like for this file is -49.6742 over 249 frames.
LOG (gmm-acc-mllt[5.5.1074~1-71f3]:main():gmm-acc-mllt.cc:108) Average like for this file is -47.967 over 78 frames.
LOG (gmm-acc-mllt[5.5.1074~1-71f3]:main():gmm-acc-mllt.cc:108) Average like for this file is -47.8209 over 97 frames.
LOG (gmm-acc-mllt[5.5.1074~1-71f3]:main():gmm-acc-mllt.cc:114) Avg like per frame so far is -48.1622
LOG (gmm-acc-mllt[5.5.1074~1-71f3]:main():gmm-acc-mllt.cc:108) Average like for this file is -45.3677 over 85 frames.
LOG (gmm-acc-mllt[5.5.1074~1-71f3]:main():gmm-acc-mllt.cc:108) Average like for this file is -50.8159 over 84 frames.
LOG (gmm-acc-mllt[5.5.1074~1-71f3]:main():gmm-acc-mllt.cc:108) Average like for this file is -44.7102 over 64 frames.
LOG (gmm-acc-mllt[5.5.1074~1-71f3]:main():gmm-acc-mllt.cc:108) Average like for this file is -47.8994 over 77 frames.
LOG (gmm-acc-mllt[5.5.1074~1-71f3]:main():gmm-acc-mllt.cc:108) Average like for this file is -51.411 over 68 frames.
LOG (gmm-acc-mllt[5.5.1074~1-71f3]:main():gmm-acc-mllt.cc:108) Average like for this file is -49.2459 over 100 frames.
LOG (gmm-acc-mllt[5.5.1074~1-71f3]:main():gmm-acc-mllt.cc:108) Average like for this file is -50.2112 over 245 frames.
LOG (gmm-acc-mllt[5.5.1074~1-71f3]:main():gmm-acc-mllt.cc:108) Average like for this file is -48.4738 over 87 frames.
LOG (gmm-acc-mllt[5.5.1074~1-71f3]:main():gmm-acc-mllt.cc:108) Average like for this file is -51.7676 over 94 frames.
LOG (gmm-acc-mllt[5.5.1074~1-71f3]:main():gmm-acc-mllt.cc:108) Average like for this file is -44.2696 over 97 frames.
LOG (gmm-acc-mllt[5.5.1074~1-71f3]:main():gmm-acc-mllt.cc:114) Avg like per frame so far is -48.2201
LOG (gmm-acc-mllt[5.5.1074~1-71f3]:main():gmm-acc-mllt.cc:108) Average like for this file is -42.2942 over 56 frames.
LOG (gmm-acc-mllt[5.5.1074~1-71f3]:main():gmm-acc-mllt.cc:108) Average like for this file is -46.3247 over 84 frames.
LOG (gmm-acc-mllt[5.5.1074~1-71f3]:main():gmm-acc-mllt.cc:108) Average like for this file is -44.0983 over 100 frames.
LOG (gmm-acc-mllt[5.5.1074~1-71f3]:main():gmm-acc-mllt.cc:108) Average like for this file is -44.3796 over 87 frames.
LOG (gmm-acc-mllt[5.5.1074~1-71f3]:main():gmm-acc-mllt.cc:108) Average like for this file is -47.5756 over 94 frames.
LOG (gmm-acc-mllt[5.5.1074~1-71f3]:main():gmm-acc-mllt.cc:108) Average like for this file is -45.9786 over 105 frames.
LOG (gmm-acc-mllt[5.5.1074~1-71f3]:main():gmm-acc-mllt.cc:108) Average like for this file is -47.5735 over 114 frames.
LOG (gmm-acc-mllt[5.5.1074~1-71f3]:main():gmm-acc-mllt.cc:108) Average like for this file is -52.9934 over 156 frames.
LOG (gmm-acc-mllt[5.5.1074~1-71f3]:main():gmm-acc-mllt.cc:108) Average like for this file is -53.0242 over 228 frames.
LOG (gmm-acc-mllt[5.5.1074~1-71f3]:main():gmm-acc-mllt.cc:108) Average like for this file is -52.0941 over 97 frames.
LOG (gmm-acc-mllt[5.5.1074~1-71f3]:main():gmm-acc-mllt.cc:114) Avg like per frame so far is -48.2761
LOG (gmm-acc-mllt[5.5.1074~1-71f3]:main():gmm-acc-mllt.cc:108) Average like for this file is -47.6503 over 89 frames.
LOG (gmm-acc-mllt[5.5.1074~1-71f3]:main():gmm-acc-mllt.cc:108) Average like for this file is -49.936 over 108 frames.
LOG (gmm-acc-mllt[5.5.1074~1-71f3]:main():gmm-acc-mllt.cc:108) Average like for this file is -52.7373 over 99 frames.
LOG (gmm-acc-mllt[5.5.1074~1-71f3]:main():gmm-acc-mllt.cc:108) Average like for this file is -46.3513 over 129 frames.
LOG (gmm-acc-mllt[5.5.1074~1-71f3]:main():gmm-acc-mllt.cc:108) Average like for this file is -44.4106 over 92 frames.
LOG (gmm-acc-mllt[5.5.1074~1-71f3]:main():gmm-acc-mllt.cc:108) Average like for this file is -46.2264 over 100 frames.
LOG (gmm-acc-mllt[5.5.1074~1-71f3]:main():gmm-acc-mllt.cc:108) Average like for this file is -47.6303 over 88 frames.
LOG (gmm-acc-mllt[5.5.1074~1-71f3]:main():gmm-acc-mllt.cc:108) Average like for this file is -51.4019 over 173 frames.
LOG (gmm-acc-mllt[5.5.1074~1-71f3]:main():gmm-acc-mllt.cc:108) Average like for this file is -47.2279 over 148 frames.
LOG (gmm-acc-mllt[5.5.1074~1-71f3]:main():gmm-acc-mllt.cc:108) Average like for this file is -50.7897 over 136 frames.
LOG (gmm-acc-mllt[5.5.1074~1-71f3]:main():gmm-acc-mllt.cc:114) Avg like per frame so far is -48.3116
LOG (gmm-acc-mllt[5.5.1074~1-71f3]:main():gmm-acc-mllt.cc:108) Average like for this file is -49.4033 over 168 frames.
LOG (gmm-acc-mllt[5.5.1074~1-71f3]:main():gmm-acc-mllt.cc:108) Average like for this file is -47.9098 over 299 frames.
LOG (gmm-acc-mllt[5.5.1074~1-71f3]:main():gmm-acc-mllt.cc:108) Average like for this file is -50.2096 over 286 frames.
LOG (gmm-acc-mllt[5.5.1074~1-71f3]:main():gmm-acc-mllt.cc:108) Average like for this file is -49.0206 over 212 frames.
LOG (gmm-acc-mllt[5.5.1074~1-71f3]:main():gmm-acc-mllt.cc:108) Average like for this file is -50.0754 over 261 frames.
LOG (gmm-acc-mllt[5.5.1074~1-71f3]:main():gmm-acc-mllt.cc:108) Average like for this file is -48.2561 over 290 frames.
LOG (gmm-acc-mllt[5.5.1074~1-71f3]:main():gmm-acc-mllt.cc:108) Average like for this file is -48.6478 over 323 frames.
LOG (gmm-acc-mllt[5.5.1074~1-71f3]:main():gmm-acc-mllt.cc:108) Average like for this file is -54.4094 over 234 frames.
LOG (gmm-acc-mllt[5.5.1074~1-71f3]:main():gmm-acc-mllt.cc:108) Average like for this file is -50.5058 over 288 frames.
LOG (gmm-acc-mllt[5.5.1074~1-71f3]:main():gmm-acc-mllt.cc:108) Average like for this file is -49.1343 over 217 frames.
LOG (gmm-acc-mllt[5.5.1074~1-71f3]:main():gmm-acc-mllt.cc:114) Avg like per frame so far is -48.5545
LOG (gmm-acc-mllt[5.5.1074~1-71f3]:main():gmm-acc-mllt.cc:108) Average like for this file is -53.3897 over 323 frames.
LOG (gmm-acc-mllt[5.5.1074~1-71f3]:main():gmm-acc-mllt.cc:108) Average like for this file is -52.2989 over 280 frames.
LOG (gmm-acc-mllt[5.5.1074~1-71f3]:main():gmm-acc-mllt.cc:108) Average like for this file is -49.872 over 236 frames.
LOG (gmm-acc-mllt[5.5.1074~1-71f3]:main():gmm-acc-mllt.cc:108) Average like for this file is -50.2506 over 202 frames.
LOG (gmm-acc-mllt[5.5.1074~1-71f3]:main():gmm-acc-mllt.cc:108) Average like for this file is -48.7616 over 277 frames.
LOG (gmm-acc-mllt[5.5.1074~1-71f3]:main():gmm-acc-mllt.cc:108) Average like for this file is -50.9182 over 225 frames.
LOG (gmm-acc-mllt[5.5.1074~1-71f3]:main():gmm-acc-mllt.cc:108) Average like for this file is -49.4661 over 201 frames.
LOG (gmm-acc-mllt[5.5.1074~1-71f3]:main():gmm-acc-mllt.cc:108) Average like for this file is -52.0299 over 263 frames.
LOG (gmm-acc-mllt[5.5.1074~1-71f3]:main():gmm-acc-mllt.cc:108) Average like for this file is -49.8662 over 254 frames.
LOG (gmm-acc-mllt[5.5.1074~1-71f3]:main():gmm-acc-mllt.cc:108) Average like for this file is -50.7001 over 286 frames.
LOG (gmm-acc-mllt[5.5.1074~1-71f3]:main():gmm-acc-mllt.cc:114) Avg like per frame so far is -48.8983
LOG (gmm-acc-mllt[5.5.1074~1-71f3]:main():gmm-acc-mllt.cc:108) Average like for this file is -48.7423 over 290 frames.
LOG (gmm-acc-mllt[5.5.1074~1-71f3]:main():gmm-acc-mllt.cc:108) Average like for this file is -49.7683 over 379 frames.
LOG (gmm-acc-mllt[5.5.1074~1-71f3]:main():gmm-acc-mllt.cc:108) Average like for this file is -51.8582 over 308 frames.
LOG (gmm-acc-mllt[5.5.1074~1-71f3]:main():gmm-acc-mllt.cc:108) Average like for this file is -51.6544 over 142 frames.
LOG (gmm-acc-mllt[5.5.1074~1-71f3]:main():gmm-acc-mllt.cc:108) Average like for this file is -49.7191 over 233 frames.
LOG (gmm-acc-mllt[5.5.1074~1-71f3]:main():gmm-acc-mllt.cc:108) Average like for this file is -48.3475 over 195 frames.
LOG (gmm-acc-mllt[5.5.1074~1-71f3]:main():gmm-acc-mllt.cc:108) Average like for this file is -53.5201 over 219 frames.
LOG (gmm-acc-mllt[5.5.1074~1-71f3]:main():gmm-acc-mllt.cc:108) Average like for this file is -48.0164 over 255 frames.
LOG (gmm-acc-mllt[5.5.1074~1-71f3]:main():gmm-acc-mllt.cc:108) Average like for this file is -47.3187 over 194 frames.
LOG (gmm-acc-mllt[5.5.1074~1-71f3]:main():gmm-acc-mllt.cc:108) Average like for this file is -51.0037 over 171 frames.
LOG (gmm-acc-mllt[5.5.1074~1-71f3]:main():gmm-acc-mllt.cc:114) Avg like per frame so far is -49.0269
LOG (gmm-acc-mllt[5.5.1074~1-71f3]:main():gmm-acc-mllt.cc:108) Average like for this file is -50.1843 over 236 frames.
LOG (gmm-acc-mllt[5.5.1074~1-71f3]:main():gmm-acc-mllt.cc:108) Average like for this file is -47.3644 over 319 frames.
LOG (gmm-acc-mllt[5.5.1074~1-71f3]:main():gmm-acc-mllt.cc:108) Average like for this file is -48.8552 over 317 frames.
LOG (gmm-acc-mllt[5.5.1074~1-71f3]:main():gmm-acc-mllt.cc:108) Average like for this file is -50.6883 over 275 frames.
LOG (gmm-acc-mllt[5.5.1074~1-71f3]:main():gmm-acc-mllt.cc:108) Average like for this file is -49.2256 over 224 frames.
LOG (gmm-acc-mllt[5.5.1074~1-71f3]:main():gmm-acc-mllt.cc:108) Average like for this file is -47.3525 over 240 frames.
LOG (gmm-acc-mllt[5.5.1074~1-71f3]:main():gmm-acc-mllt.cc:108) Average like for this file is -47.5432 over 268 frames.
LOG (gmm-acc-mllt[5.5.1074~1-71f3]:main():gmm-acc-mllt.cc:108) Average like for this file is -49.6609 over 264 frames.
LOG (gmm-acc-mllt[5.5.1074~1-71f3]:main():gmm-acc-mllt.cc:108) Average like for this file is -49.9742 over 174 frames.
LOG (gmm-acc-mllt[5.5.1074~1-71f3]:main():gmm-acc-mllt.cc:108) Average like for this file is -49.4907 over 211 frames.
LOG (gmm-acc-mllt[5.5.1074~1-71f3]:main():gmm-acc-mllt.cc:114) Avg like per frame so far is -49.0187
LOG (gmm-acc-mllt[5.5.1074~1-71f3]:main():gmm-acc-mllt.cc:108) Average like for this file is -53.0245 over 233 frames.
LOG (gmm-acc-mllt[5.5.1074~1-71f3]:main():gmm-acc-mllt.cc:108) Average like for this file is -53.3657 over 208 frames.
LOG (gmm-acc-mllt[5.5.1074~1-71f3]:main():gmm-acc-mllt.cc:108) Average like for this file is -49.2213 over 238 frames.
LOG (gmm-acc-mllt[5.5.1074~1-71f3]:main():gmm-acc-mllt.cc:108) Average like for this file is -50.4927 over 197 frames.
LOG (gmm-acc-mllt[5.5.1074~1-71f3]:main():gmm-acc-mllt.cc:108) Average like for this file is -49.3823 over 221 frames.
LOG (gmm-acc-mllt[5.5.1074~1-71f3]:main():gmm-acc-mllt.cc:108) Average like for this file is -53.1624 over 242 frames.
LOG (gmm-acc-mllt[5.5.1074~1-71f3]:main():gmm-acc-mllt.cc:108) Average like for this file is -50.2397 over 402 frames.
LOG (gmm-acc-mllt[5.5.1074~1-71f3]:main():gmm-acc-mllt.cc:108) Average like for this file is -51.262 over 210 frames.
LOG (gmm-acc-mllt[5.5.1074~1-71f3]:main():gmm-acc-mllt.cc:108) Average like for this file is -53.274 over 205 frames.
LOG (gmm-acc-mllt[5.5.1074~1-71f3]:main():gmm-acc-mllt.cc:108) Average like for this file is -47.5014 over 236 frames.
LOG (gmm-acc-mllt[5.5.1074~1-71f3]:main():gmm-acc-mllt.cc:114) Avg like per frame so far is -49.2123
LOG (gmm-acc-mllt[5.5.1074~1-71f3]:main():gmm-acc-mllt.cc:108) Average like for this file is -51.8952 over 225 frames.
LOG (gmm-acc-mllt[5.5.1074~1-71f3]:main():gmm-acc-mllt.cc:108) Average like for this file is -50.9004 over 224 frames.
LOG (gmm-acc-mllt[5.5.1074~1-71f3]:main():gmm-acc-mllt.cc:108) Average like for this file is -48.4294 over 209 frames.
LOG (gmm-acc-mllt[5.5.1074~1-71f3]:main():gmm-acc-mllt.cc:108) Average like for this file is -53.4635 over 260 frames.
LOG (gmm-acc-mllt[5.5.1074~1-71f3]:main():gmm-acc-mllt.cc:108) Average like for this file is -49.1802 over 269 frames.
LOG (gmm-acc-mllt[5.5.1074~1-71f3]:main():gmm-acc-mllt.cc:108) Average like for this file is -54.0033 over 312 frames.
LOG (gmm-acc-mllt[5.5.1074~1-71f3]:main():gmm-acc-mllt.cc:108) Average like for this file is -46.5027 over 210 frames.
LOG (gmm-acc-mllt[5.5.1074~1-71f3]:main():gmm-acc-mllt.cc:108) Average like for this file is -56.6132 over 225 frames.
LOG (gmm-acc-mllt[5.5.1074~1-71f3]:main():gmm-acc-mllt.cc:108) Average like for this file is -51.5741 over 215 frames.
LOG (gmm-acc-mllt[5.5.1074~1-71f3]:main():gmm-acc-mllt.cc:108) Average like for this file is -48.6144 over 239 frames.
LOG (gmm-acc-mllt[5.5.1074~1-71f3]:main():gmm-acc-mllt.cc:114) Avg like per frame so far is -49.3938
LOG (gmm-acc-mllt[5.5.1074~1-71f3]:main():gmm-acc-mllt.cc:108) Average like for this file is -49.5521 over 260 frames.
LOG (gmm-acc-mllt[5.5.1074~1-71f3]:main():gmm-acc-mllt.cc:108) Average like for this file is -50.0072 over 459 frames.
LOG (gmm-acc-mllt[5.5.1074~1-71f3]:main():gmm-acc-mllt.cc:108) Average like for this file is -47.8835 over 289 frames.
LOG (gmm-acc-mllt[5.5.1074~1-71f3]:main():gmm-acc-mllt.cc:108) Average like for this file is -51.7196 over 292 frames.
LOG (gmm-acc-mllt[5.5.1074~1-71f3]:main():gmm-acc-mllt.cc:108) Average like for this file is -48.6919 over 393 frames.
LOG (gmm-acc-mllt[5.5.1074~1-71f3]:main():gmm-acc-mllt.cc:108) Average like for this file is -48.823 over 296 frames.
LOG (gmm-acc-mllt[5.5.1074~1-71f3]:main():gmm-acc-mllt.cc:108) Average like for this file is -49.8624 over 269 frames.
LOG (gmm-acc-mllt[5.5.1074~1-71f3]:main():gmm-acc-mllt.cc:108) Average like for this file is -50.38 over 296 frames.
LOG (gmm-acc-mllt[5.5.1074~1-71f3]:main():gmm-acc-mllt.cc:108) Average like for this file is -49.0038 over 335 frames.
LOG (gmm-acc-mllt[5.5.1074~1-71f3]:main():gmm-acc-mllt.cc:108) Average like for this file is -47.9549 over 251 frames.
LOG (gmm-acc-mllt[5.5.1074~1-71f3]:main():gmm-acc-mllt.cc:114) Avg like per frame so far is -49.3953
LOG (gmm-acc-mllt[5.5.1074~1-71f3]:main():gmm-acc-mllt.cc:108) Average like for this file is -48.2116 over 274 frames.
LOG (gmm-acc-mllt[5.5.1074~1-71f3]:main():gmm-acc-mllt.cc:108) Average like for this file is -49.7198 over 407 frames.
LOG (gmm-acc-mllt[5.5.1074~1-71f3]:main():gmm-acc-mllt.cc:108) Average like for this file is -51.8842 over 294 frames.
LOG (gmm-acc-mllt[5.5.1074~1-71f3]:main():gmm-acc-mllt.cc:108) Average like for this file is -50.3873 over 236 frames.
LOG (gmm-acc-mllt[5.5.1074~1-71f3]:main():gmm-acc-mllt.cc:108) Average like for this file is -50.3814 over 256 frames.
LOG (gmm-acc-mllt[5.5.1074~1-71f3]:main():gmm-acc-mllt.cc:108) Average like for this file is -51.6216 over 155 frames.
LOG (gmm-acc-mllt[5.5.1074~1-71f3]:main():gmm-acc-mllt.cc:108) Average like for this file is -51.7071 over 272 frames.
LOG (gmm-acc-mllt[5.5.1074~1-71f3]:main():gmm-acc-mllt.cc:108) Average like for this file is -52.3121 over 356 frames.
LOG (gmm-acc-mllt[5.5.1074~1-71f3]:main():gmm-acc-mllt.cc:108) Average like for this file is -51.6539 over 343 frames.
LOG (gmm-acc-mllt[5.5.1074~1-71f3]:main():gmm-acc-mllt.cc:108) Average like for this file is -50.538 over 437 frames.
LOG (gmm-acc-mllt[5.5.1074~1-71f3]:main():gmm-acc-mllt.cc:114) Avg like per frame so far is -49.5259
LOG (gmm-acc-mllt[5.5.1074~1-71f3]:main():gmm-acc-mllt.cc:108) Average like for this file is -50.5375 over 461 frames.
LOG (gmm-acc-mllt[5.5.1074~1-71f3]:main():gmm-acc-mllt.cc:108) Average like for this file is -47.4921 over 336 frames.
LOG (gmm-acc-mllt[5.5.1074~1-71f3]:main():gmm-acc-mllt.cc:108) Average like for this file is -48.8774 over 242 frames.
LOG (gmm-acc-mllt[5.5.1074~1-71f3]:main():gmm-acc-mllt.cc:108) Average like for this file is -56.4393 over 325 frames.
LOG (gmm-acc-mllt[5.5.1074~1-71f3]:main():gmm-acc-mllt.cc:108) Average like for this file is -52.9574 over 407 frames.
LOG (gmm-acc-mllt[5.5.1074~1-71f3]:main():gmm-acc-mllt.cc:108) Average like for this file is -49.4021 over 365 frames.
LOG (gmm-acc-mllt[5.5.1074~1-71f3]:main():gmm-acc-mllt.cc:108) Average like for this file is -47.1332 over 272 frames.
LOG (gmm-acc-mllt[5.5.1074~1-71f3]:main():gmm-acc-mllt.cc:108) Average like for this file is -52.5689 over 261 frames.
LOG (gmm-acc-mllt[5.5.1074~1-71f3]:main():gmm-acc-mllt.cc:108) Average like for this file is -50.8161 over 268 frames.
LOG (gmm-acc-mllt[5.5.1074~1-71f3]:main():gmm-acc-mllt.cc:108) Average like for this file is -49.9179 over 325 frames.
LOG (gmm-acc-mllt[5.5.1074~1-71f3]:main():gmm-acc-mllt.cc:114) Avg like per frame so far is -49.6318
LOG (gmm-acc-mllt[5.5.1074~1-71f3]:main():gmm-acc-mllt.cc:108) Average like for this file is -49.6831 over 251 frames.
LOG (gmm-acc-mllt[5.5.1074~1-71f3]:main():gmm-acc-mllt.cc:108) Average like for this file is -47.5165 over 273 frames.
LOG (gmm-acc-mllt[5.5.1074~1-71f3]:main():gmm-acc-mllt.cc:108) Average like for this file is -46.5861 over 284 frames.
LOG (gmm-acc-mllt[5.5.1074~1-71f3]:main():gmm-acc-mllt.cc:108) Average like for this file is -50.2147 over 261 frames.
LOG (gmm-acc-mllt[5.5.1074~1-71f3]:main():gmm-acc-mllt.cc:108) Average like for this file is -49.8168 over 348 frames.
LOG (gmm-acc-mllt[5.5.1074~1-71f3]:main():gmm-acc-mllt.cc:108) Average like for this file is -48.4271 over 262 frames.
LOG (gmm-acc-mllt[5.5.1074~1-71f3]:main():gmm-acc-mllt.cc:108) Average like for this file is -48.9687 over 348 frames.
LOG (gmm-acc-mllt[5.5.1074~1-71f3]:main():gmm-acc-mllt.cc:108) Average like for this file is -48.9423 over 393 frames.
LOG (gmm-acc-mllt[5.5.1074~1-71f3]:main():gmm-acc-mllt.cc:108) Average like for this file is -53.0085 over 379 frames.
LOG (gmm-acc-mllt[5.5.1074~1-71f3]:main():gmm-acc-mllt.cc:108) Average like for this file is -53.3647 over 228 frames.
LOG (gmm-acc-mllt[5.5.1074~1-71f3]:main():gmm-acc-mllt.cc:114) Avg like per frame so far is -49.6344
LOG (gmm-acc-mllt[5.5.1074~1-71f3]:main():gmm-acc-mllt.cc:108) Average like for this file is -51.3885 over 288 frames.
LOG (gmm-acc-mllt[5.5.1074~1-71f3]:main():gmm-acc-mllt.cc:108) Average like for this file is -51.0033 over 259 frames.
LOG (gmm-acc-mllt[5.5.1074~1-71f3]:main():gmm-acc-mllt.cc:108) Average like for this file is -48.1251 over 261 frames.
LOG (gmm-acc-mllt[5.5.1074~1-71f3]:main():gmm-acc-mllt.cc:108) Average like for this file is -49.7222 over 276 frames.
LOG (gmm-acc-mllt[5.5.1074~1-71f3]:main():gmm-acc-mllt.cc:108) Average like for this file is -52.5616 over 273 frames.
LOG (gmm-acc-mllt[5.5.1074~1-71f3]:main():gmm-acc-mllt.cc:108) Average like for this file is -51.5134 over 252 frames.
LOG (gmm-acc-mllt[5.5.1074~1-71f3]:main():gmm-acc-mllt.cc:108) Average like for this file is -51.0305 over 267 frames.
LOG (gmm-acc-mllt[5.5.1074~1-71f3]:main():gmm-acc-mllt.cc:108) Average like for this file is -52.5623 over 259 frames.
LOG (gmm-acc-mllt[5.5.1074~1-71f3]:main():gmm-acc-mllt.cc:108) Average like for this file is -50.7256 over 190 frames.
LOG (gmm-acc-mllt[5.5.1074~1-71f3]:main():gmm-acc-mllt.cc:108) Average like for this file is -53.0108 over 361 frames.
LOG (gmm-acc-mllt[5.5.1074~1-71f3]:main():gmm-acc-mllt.cc:114) Avg like per frame so far is -49.7372
LOG (gmm-acc-mllt[5.5.1074~1-71f3]:main():gmm-acc-mllt.cc:108) Average like for this file is -45.311 over 230 frames.
LOG (gmm-acc-mllt[5.5.1074~1-71f3]:main():gmm-acc-mllt.cc:108) Average like for this file is -49.4255 over 256 frames.
LOG (gmm-acc-mllt[5.5.1074~1-71f3]:main():gmm-acc-mllt.cc:108) Average like for this file is -50.6746 over 339 frames.
LOG (gmm-acc-mllt[5.5.1074~1-71f3]:main():gmm-acc-mllt.cc:108) Average like for this file is -46.8578 over 223 frames.
LOG (gmm-acc-mllt[5.5.1074~1-71f3]:main():gmm-acc-mllt.cc:108) Average like for this file is -49.8009 over 267 frames.
LOG (gmm-acc-mllt[5.5.1074~1-71f3]:main():gmm-acc-mllt.cc:108) Average like for this file is -53.4305 over 263 frames.
LOG (gmm-acc-mllt[5.5.1074~1-71f3]:main():gmm-acc-mllt.cc:108) Average like for this file is -55.0664 over 321 frames.
LOG (gmm-acc-mllt[5.5.1074~1-71f3]:main():gmm-acc-mllt.cc:108) Average like for this file is -50.7344 over 313 frames.
LOG (gmm-acc-mllt[5.5.1074~1-71f3]:main():gmm-acc-mllt.cc:108) Average like for this file is -47.771 over 268 frames.
LOG (gmm-acc-mllt[5.5.1074~1-71f3]:main():gmm-acc-mllt.cc:108) Average like for this file is -48.8704 over 267 frames.
LOG (gmm-acc-mllt[5.5.1074~1-71f3]:main():gmm-acc-mllt.cc:114) Avg like per frame so far is -49.7558
LOG (gmm-acc-mllt[5.5.1074~1-71f3]:main():gmm-acc-mllt.cc:108) Average like for this file is -47.9225 over 424 frames.
LOG (gmm-acc-mllt[5.5.1074~1-71f3]:main():gmm-acc-mllt.cc:108) Average like for this file is -48.9896 over 280 frames.
LOG (gmm-acc-mllt[5.5.1074~1-71f3]:main():gmm-acc-mllt.cc:108) Average like for this file is -48.0976 over 228 frames.
LOG (gmm-acc-mllt[5.5.1074~1-71f3]:main():gmm-acc-mllt.cc:108) Average like for this file is -49.7292 over 257 frames.
LOG (gmm-acc-mllt[5.5.1074~1-71f3]:main():gmm-acc-mllt.cc:108) Average like for this file is -51.4519 over 303 frames.
LOG (gmm-acc-mllt[5.5.1074~1-71f3]:main():gmm-acc-mllt.cc:108) Average like for this file is -48.4056 over 163 frames.
LOG (gmm-acc-mllt[5.5.1074~1-71f3]:main():gmm-acc-mllt.cc:108) Average like for this file is -50.2777 over 257 frames.
LOG (gmm-acc-mllt[5.5.1074~1-71f3]:main():gmm-acc-mllt.cc:108) Average like for this file is -48.6204 over 229 frames.
LOG (gmm-acc-mllt[5.5.1074~1-71f3]:main():gmm-acc-mllt.cc:108) Average like for this file is -49.6926 over 287 frames.
LOG (gmm-acc-mllt[5.5.1074~1-71f3]:main():gmm-acc-mllt.cc:108) Average like for this file is -53.0031 over 231 frames.
LOG (gmm-acc-mllt[5.5.1074~1-71f3]:main():gmm-acc-mllt.cc:114) Avg like per frame so far is -49.7458
LOG (gmm-acc-mllt[5.5.1074~1-71f3]:main():gmm-acc-mllt.cc:108) Average like for this file is -52.3592 over 361 frames.
LOG (gmm-acc-mllt[5.5.1074~1-71f3]:main():gmm-acc-mllt.cc:108) Average like for this file is -48.0709 over 154 frames.
LOG (gmm-acc-mllt[5.5.1074~1-71f3]:main():gmm-acc-mllt.cc:108) Average like for this file is -53.9552 over 178 frames.
LOG (gmm-acc-mllt[5.5.1074~1-71f3]:main():gmm-acc-mllt.cc:108) Average like for this file is -49.1329 over 190 frames.
LOG (gmm-acc-mllt[5.5.1074~1-71f3]:main():gmm-acc-mllt.cc:108) Average like for this file is -48.6428 over 175 frames.
LOG (gmm-acc-mllt[5.5.1074~1-71f3]:main():gmm-acc-mllt.cc:108) Average like for this file is -49.8822 over 131 frames.
LOG (gmm-acc-mllt[5.5.1074~1-71f3]:main():gmm-acc-mllt.cc:108) Average like for this file is -52.1832 over 353 frames.
LOG (gmm-acc-mllt[5.5.1074~1-71f3]:main():gmm-acc-mllt.cc:108) Average like for this file is -55.1474 over 161 frames.
LOG (gmm-acc-mllt[5.5.1074~1-71f3]:main():gmm-acc-mllt.cc:108) Average like for this file is -53.3305 over 227 frames.
LOG (gmm-acc-mllt[5.5.1074~1-71f3]:main():gmm-acc-mllt.cc:108) Average like for this file is -52.9193 over 291 frames.
LOG (gmm-acc-mllt[5.5.1074~1-71f3]:main():gmm-acc-mllt.cc:114) Avg like per frame so far is -49.8387
LOG (gmm-acc-mllt[5.5.1074~1-71f3]:main():gmm-acc-mllt.cc:108) Average like for this file is -49.5264 over 250 frames.
LOG (gmm-acc-mllt[5.5.1074~1-71f3]:main():gmm-acc-mllt.cc:108) Average like for this file is -45.6243 over 155 frames.
LOG (gmm-acc-mllt[5.5.1074~1-71f3]:main():gmm-acc-mllt.cc:108) Average like for this file is -49.5997 over 189 frames.
LOG (gmm-acc-mllt[5.5.1074~1-71f3]:main():gmm-acc-mllt.cc:108) Average like for this file is -50.0284 over 277 frames.
LOG (gmm-acc-mllt[5.5.1074~1-71f3]:main():gmm-acc-mllt.cc:108) Average like for this file is -53.1682 over 176 frames.
LOG (gmm-acc-mllt[5.5.1074~1-71f3]:main():gmm-acc-mllt.cc:108) Average like for this file is -49.6378 over 190 frames.
LOG (gmm-acc-mllt[5.5.1074~1-71f3]:main():gmm-acc-mllt.cc:108) Average like for this file is -51.7199 over 296 frames.
LOG (gmm-acc-mllt[5.5.1074~1-71f3]:main():gmm-acc-mllt.cc:108) Average like for this file is -54.1909 over 160 frames.
LOG (gmm-acc-mllt[5.5.1074~1-71f3]:main():gmm-acc-mllt.cc:108) Average like for this file is -52.3672 over 302 frames.
LOG (gmm-acc-mllt[5.5.1074~1-71f3]:main():gmm-acc-mllt.cc:108) Average like for this file is -47.6146 over 162 frames.
LOG (gmm-acc-mllt[5.5.1074~1-71f3]:main():gmm-acc-mllt.cc:114) Avg like per frame so far is -49.8673
LOG (gmm-acc-mllt[5.5.1074~1-71f3]:main():gmm-acc-mllt.cc:108) Average like for this file is -51.425 over 168 frames.
LOG (gmm-acc-mllt[5.5.1074~1-71f3]:main():gmm-acc-mllt.cc:108) Average like for this file is -50.7717 over 185 frames.
LOG (gmm-acc-mllt[5.5.1074~1-71f3]:main():gmm-acc-mllt.cc:108) Average like for this file is -53.3477 over 180 frames.
LOG (gmm-acc-mllt[5.5.1074~1-71f3]:main():gmm-acc-mllt.cc:108) Average like for this file is -50.5533 over 162 frames.
LOG (gmm-acc-mllt[5.5.1074~1-71f3]:main():gmm-acc-mllt.cc:108) Average like for this file is -54.1418 over 169 frames.
LOG (gmm-acc-mllt[5.5.1074~1-71f3]:main():gmm-acc-mllt.cc:108) Average like for this file is -53.7198 over 142 frames.
LOG (gmm-acc-mllt[5.5.1074~1-71f3]:main():gmm-acc-mllt.cc:108) Average like for this file is -48.0577 over 144 frames.
LOG (gmm-acc-mllt[5.5.1074~1-71f3]:main():gmm-acc-mllt.cc:108) Average like for this file is -49.4184 over 254 frames.
LOG (gmm-acc-mllt[5.5.1074~1-71f3]:main():gmm-acc-mllt.cc:108) Average like for this file is -50.8031 over 173 frames.
LOG (gmm-acc-mllt[5.5.1074~1-71f3]:main():gmm-acc-mllt.cc:108) Average like for this file is -48.4378 over 239 frames.
LOG (gmm-acc-mllt[5.5.1074~1-71f3]:main():gmm-acc-mllt.cc:114) Avg like per frame so far is -49.9024
LOG (gmm-acc-mllt[5.5.1074~1-71f3]:main():gmm-acc-mllt.cc:108) Average like for this file is -49.5756 over 251 frames.
LOG (gmm-acc-mllt[5.5.1074~1-71f3]:main():gmm-acc-mllt.cc:108) Average like for this file is -53.0029 over 389 frames.
LOG (gmm-acc-mllt[5.5.1074~1-71f3]:main():gmm-acc-mllt.cc:108) Average like for this file is -52.4761 over 312 frames.
LOG (gmm-acc-mllt[5.5.1074~1-71f3]:main():gmm-acc-mllt.cc:108) Average like for this file is -54.7236 over 320 frames.
LOG (ali-to-post[5.5.1074~1-71f3]:main():ali-to-post.cc:73) Converted 285 alignments.
LOG (gmm-acc-mllt[5.5.1074~1-71f3]:main():gmm-acc-mllt.cc:108) Average like for this file is -49.5538 over 263 frames.
LOG (gmm-acc-mllt[5.5.1074~1-71f3]:main():gmm-acc-mllt.cc:108) Average like for this file is -55.229 over 279 frames.
LOG (gmm-acc-mllt[5.5.1074~1-71f3]:main():gmm-acc-mllt.cc:108) Average like for this file is -49.1449 over 314 frames.
LOG (gmm-acc-mllt[5.5.1074~1-71f3]:main():gmm-acc-mllt.cc:108) Average like for this file is -48.9332 over 140 frames.
LOG (gmm-acc-mllt[5.5.1074~1-71f3]:main():gmm-acc-mllt.cc:108) Average like for this file is -53.3647 over 232 frames.
LOG (gmm-acc-mllt[5.5.1074~1-71f3]:main():gmm-acc-mllt.cc:108) Average like for this file is -51.2684 over 227 frames.
LOG (gmm-acc-mllt[5.5.1074~1-71f3]:main():gmm-acc-mllt.cc:114) Avg like per frame so far is -50.0019
LOG (gmm-acc-mllt[5.5.1074~1-71f3]:main():gmm-acc-mllt.cc:108) Average like for this file is -49.9044 over 213 frames.
LOG (gmm-acc-mllt[5.5.1074~1-71f3]:main():gmm-acc-mllt.cc:108) Average like for this file is -51.8792 over 221 frames.
LOG (gmm-acc-mllt[5.5.1074~1-71f3]:main():gmm-acc-mllt.cc:108) Average like for this file is -52.4434 over 249 frames.
LOG (gmm-acc-mllt[5.5.1074~1-71f3]:main():gmm-acc-mllt.cc:108) Average like for this file is -49.7577 over 282 frames.
LOG (gmm-acc-mllt[5.5.1074~1-71f3]:main():gmm-acc-mllt.cc:108) Average like for this file is -50.5642 over 253 frames.
LOG (weight-silence-post[5.5.1074~1-71f3]:main():weight-silence-post.cc:95) Done 285 posteriors.
LOG (gmm-acc-mllt[5.5.1074~1-71f3]:main():gmm-acc-mllt.cc:108) Average like for this file is -51.2976 over 305 frames.
LOG (gmm-acc-mllt[5.5.1074~1-71f3]:main():gmm-acc-mllt.cc:108) Average like for this file is -50.7333 over 335 frames.
LOG (gmm-acc-mllt[5.5.1074~1-71f3]:main():gmm-acc-mllt.cc:108) Average like for this file is -54.2015 over 334 frames.
LOG (gmm-acc-mllt[5.5.1074~1-71f3]:main():gmm-acc-mllt.cc:108) Average like for this file is -52.518 over 409 frames.
LOG (apply-cmvn[5.5.1074~1-71f3]:main():apply-cmvn.cc:162) Applied cepstral mean normalization to 285 utterances, errors on 0
LOG (gmm-acc-mllt[5.5.1074~1-71f3]:main():gmm-acc-mllt.cc:108) Average like for this file is -49.9586 over 383 frames.
LOG (gmm-acc-mllt[5.5.1074~1-71f3]:main():gmm-acc-mllt.cc:114) Avg like per frame so far is -50.0715
LOG (gmm-acc-mllt[5.5.1074~1-71f3]:main():gmm-acc-mllt.cc:108) Average like for this file is -55.2089 over 290 frames.
LOG (gmm-acc-mllt[5.5.1074~1-71f3]:main():gmm-acc-mllt.cc:108) Average like for this file is -52.1268 over 249 frames.
LOG (gmm-acc-mllt[5.5.1074~1-71f3]:main():gmm-acc-mllt.cc:108) Average like for this file is -49.0265 over 169 frames.
LOG (transform-feats[5.5.1074~1-71f3]:main():transform-feats.cc:158) Overall average [pseudo-]logdet is -91.9315 over 93797 frames.
LOG (transform-feats[5.5.1074~1-71f3]:main():transform-feats.cc:161) Applied transform to 285 utterances; 0 had errors.
LOG (gmm-acc-mllt[5.5.1074~1-71f3]:main():gmm-acc-mllt.cc:108) Average like for this file is -54.2929 over 299 frames.
LOG (gmm-acc-mllt[5.5.1074~1-71f3]:main():gmm-acc-mllt.cc:108) Average like for this file is -50.4552 over 190 frames.
LOG (gmm-acc-mllt[5.5.1074~1-71f3]:main():gmm-acc-mllt.cc:119) Done 285 files, 0 with no posteriors, 0 with other errors.
LOG (gmm-acc-mllt[5.5.1074~1-71f3]:main():gmm-acc-mllt.cc:123) Overall avg like per frame (Gaussian only) = -50.1238 over 60499 frames.
LOG (gmm-acc-mllt[5.5.1074~1-71f3]:main():gmm-acc-mllt.cc:127) Written accs.
# Accounting: time=0 threads=1
# Ended (code 0) at Thu Aug  3 11:13:32 IST 2023, elapsed time 0 seconds
