# ali-to-post "ark:gunzip -c exp_FG/ldamllt/ali.7.gz|" ark:- | weight-silence-post 0.0 1:2:3:4:5 exp_FG/ldamllt/12.mdl ark:- ark:- | gmm-acc-mllt --rand-prune=4.0 exp_FG/ldamllt/12.mdl "ark,s,cs:apply-cmvn  --utt2spk=ark:data/train/split10/7/utt2spk scp:data/train/split10/7/cmvn.scp scp:data/train/split10/7/feats.scp ark:- | splice-feats  ark:- ark:- | transform-feats exp_FG/ldamllt/6.mat ark:- ark:- |" ark,s,o,cs:- exp_FG/ldamllt/12.7.macc 
# Started at Thu Aug  3 11:13:34 IST 2023
#
ali-to-post 'ark:gunzip -c exp_FG/ldamllt/ali.7.gz|' ark:- 
gmm-acc-mllt --rand-prune=4.0 exp_FG/ldamllt/12.mdl 'ark,s,cs:apply-cmvn  --utt2spk=ark:data/train/split10/7/utt2spk scp:data/train/split10/7/cmvn.scp scp:data/train/split10/7/feats.scp ark:- | splice-feats  ark:- ark:- | transform-feats exp_FG/ldamllt/6.mat ark:- ark:- |' ark,s,o,cs:- exp_FG/ldamllt/12.7.macc 
weight-silence-post 0.0 1:2:3:4:5 exp_FG/ldamllt/12.mdl ark:- ark:- 
transform-feats exp_FG/ldamllt/6.mat ark:- ark:- 
apply-cmvn --utt2spk=ark:data/train/split10/7/utt2spk scp:data/train/split10/7/cmvn.scp scp:data/train/split10/7/feats.scp ark:- 
splice-feats ark:- ark:- 
LOG (gmm-acc-mllt[5.5.1074~1-71f3]:main():gmm-acc-mllt.cc:108) Average like for this file is -49.9114 over 168 frames.
LOG (gmm-acc-mllt[5.5.1074~1-71f3]:main():gmm-acc-mllt.cc:108) Average like for this file is -46.2937 over 117 frames.
LOG (gmm-acc-mllt[5.5.1074~1-71f3]:main():gmm-acc-mllt.cc:108) Average like for this file is -49.6315 over 297 frames.
LOG (gmm-acc-mllt[5.5.1074~1-71f3]:main():gmm-acc-mllt.cc:108) Average like for this file is -47.6198 over 167 frames.
LOG (gmm-acc-mllt[5.5.1074~1-71f3]:main():gmm-acc-mllt.cc:108) Average like for this file is -43.6609 over 146 frames.
LOG (gmm-acc-mllt[5.5.1074~1-71f3]:main():gmm-acc-mllt.cc:108) Average like for this file is -43.1865 over 295 frames.
LOG (gmm-acc-mllt[5.5.1074~1-71f3]:main():gmm-acc-mllt.cc:108) Average like for this file is -48.1418 over 147 frames.
LOG (gmm-acc-mllt[5.5.1074~1-71f3]:main():gmm-acc-mllt.cc:108) Average like for this file is -46.0572 over 186 frames.
LOG (gmm-acc-mllt[5.5.1074~1-71f3]:main():gmm-acc-mllt.cc:108) Average like for this file is -45.9031 over 135 frames.
LOG (gmm-acc-mllt[5.5.1074~1-71f3]:main():gmm-acc-mllt.cc:108) Average like for this file is -47.8653 over 89 frames.
LOG (gmm-acc-mllt[5.5.1074~1-71f3]:main():gmm-acc-mllt.cc:114) Avg like per frame so far is -46.7713
LOG (gmm-acc-mllt[5.5.1074~1-71f3]:main():gmm-acc-mllt.cc:108) Average like for this file is -64.6565 over 112 frames.
LOG (gmm-acc-mllt[5.5.1074~1-71f3]:main():gmm-acc-mllt.cc:108) Average like for this file is -45.2518 over 72 frames.
LOG (gmm-acc-mllt[5.5.1074~1-71f3]:main():gmm-acc-mllt.cc:108) Average like for this file is -44.2843 over 122 frames.
LOG (gmm-acc-mllt[5.5.1074~1-71f3]:main():gmm-acc-mllt.cc:108) Average like for this file is -47.6165 over 72 frames.
LOG (gmm-acc-mllt[5.5.1074~1-71f3]:main():gmm-acc-mllt.cc:108) Average like for this file is -49.7774 over 80 frames.
LOG (gmm-acc-mllt[5.5.1074~1-71f3]:main():gmm-acc-mllt.cc:108) Average like for this file is -48.3737 over 77 frames.
LOG (gmm-acc-mllt[5.5.1074~1-71f3]:main():gmm-acc-mllt.cc:108) Average like for this file is -41.8767 over 89 frames.
LOG (gmm-acc-mllt[5.5.1074~1-71f3]:main():gmm-acc-mllt.cc:108) Average like for this file is -45.2105 over 83 frames.
LOG (gmm-acc-mllt[5.5.1074~1-71f3]:main():gmm-acc-mllt.cc:108) Average like for this file is -40.988 over 68 frames.
LOG (gmm-acc-mllt[5.5.1074~1-71f3]:main():gmm-acc-mllt.cc:108) Average like for this file is -47.3842 over 184 frames.
LOG (gmm-acc-mllt[5.5.1074~1-71f3]:main():gmm-acc-mllt.cc:114) Avg like per frame so far is -47.2034
LOG (gmm-acc-mllt[5.5.1074~1-71f3]:main():gmm-acc-mllt.cc:108) Average like for this file is -40.8873 over 70 frames.
LOG (gmm-acc-mllt[5.5.1074~1-71f3]:main():gmm-acc-mllt.cc:108) Average like for this file is -45.3067 over 81 frames.
LOG (gmm-acc-mllt[5.5.1074~1-71f3]:main():gmm-acc-mllt.cc:108) Average like for this file is -47.5334 over 60 frames.
LOG (gmm-acc-mllt[5.5.1074~1-71f3]:main():gmm-acc-mllt.cc:108) Average like for this file is -41.185 over 83 frames.
LOG (gmm-acc-mllt[5.5.1074~1-71f3]:main():gmm-acc-mllt.cc:108) Average like for this file is -40.997 over 72 frames.
LOG (gmm-acc-mllt[5.5.1074~1-71f3]:main():gmm-acc-mllt.cc:108) Average like for this file is -42.5887 over 79 frames.
LOG (gmm-acc-mllt[5.5.1074~1-71f3]:main():gmm-acc-mllt.cc:108) Average like for this file is -45.48 over 80 frames.
LOG (gmm-acc-mllt[5.5.1074~1-71f3]:main():gmm-acc-mllt.cc:108) Average like for this file is -45.5811 over 78 frames.
LOG (gmm-acc-mllt[5.5.1074~1-71f3]:main():gmm-acc-mllt.cc:108) Average like for this file is -47.4943 over 91 frames.
LOG (gmm-acc-mllt[5.5.1074~1-71f3]:main():gmm-acc-mllt.cc:108) Average like for this file is -42.4577 over 69 frames.
LOG (gmm-acc-mllt[5.5.1074~1-71f3]:main():gmm-acc-mllt.cc:114) Avg like per frame so far is -46.4965
LOG (gmm-acc-mllt[5.5.1074~1-71f3]:main():gmm-acc-mllt.cc:108) Average like for this file is -42.4397 over 79 frames.
LOG (gmm-acc-mllt[5.5.1074~1-71f3]:main():gmm-acc-mllt.cc:108) Average like for this file is -47.2299 over 87 frames.
LOG (gmm-acc-mllt[5.5.1074~1-71f3]:main():gmm-acc-mllt.cc:108) Average like for this file is -40.1435 over 82 frames.
LOG (gmm-acc-mllt[5.5.1074~1-71f3]:main():gmm-acc-mllt.cc:108) Average like for this file is -45.7809 over 81 frames.
LOG (gmm-acc-mllt[5.5.1074~1-71f3]:main():gmm-acc-mllt.cc:108) Average like for this file is -45.4658 over 208 frames.
LOG (gmm-acc-mllt[5.5.1074~1-71f3]:main():gmm-acc-mllt.cc:108) Average like for this file is -42.6971 over 92 frames.
LOG (gmm-acc-mllt[5.5.1074~1-71f3]:main():gmm-acc-mllt.cc:108) Average like for this file is -47.5981 over 55 frames.
LOG (gmm-acc-mllt[5.5.1074~1-71f3]:main():gmm-acc-mllt.cc:108) Average like for this file is -43.2308 over 81 frames.
LOG (gmm-acc-mllt[5.5.1074~1-71f3]:main():gmm-acc-mllt.cc:108) Average like for this file is -43.6251 over 95 frames.
LOG (gmm-acc-mllt[5.5.1074~1-71f3]:main():gmm-acc-mllt.cc:108) Average like for this file is -40.7518 over 80 frames.
LOG (gmm-acc-mllt[5.5.1074~1-71f3]:main():gmm-acc-mllt.cc:114) Avg like per frame so far is -45.9667
LOG (gmm-acc-mllt[5.5.1074~1-71f3]:main():gmm-acc-mllt.cc:108) Average like for this file is -41.5698 over 72 frames.
LOG (gmm-acc-mllt[5.5.1074~1-71f3]:main():gmm-acc-mllt.cc:108) Average like for this file is -47.9588 over 97 frames.
LOG (gmm-acc-mllt[5.5.1074~1-71f3]:main():gmm-acc-mllt.cc:108) Average like for this file is -46.1758 over 76 frames.
LOG (gmm-acc-mllt[5.5.1074~1-71f3]:main():gmm-acc-mllt.cc:108) Average like for this file is -45.3806 over 226 frames.
LOG (gmm-acc-mllt[5.5.1074~1-71f3]:main():gmm-acc-mllt.cc:108) Average like for this file is -38.6375 over 72 frames.
LOG (gmm-acc-mllt[5.5.1074~1-71f3]:main():gmm-acc-mllt.cc:108) Average like for this file is -43.3537 over 74 frames.
LOG (gmm-acc-mllt[5.5.1074~1-71f3]:main():gmm-acc-mllt.cc:108) Average like for this file is -44.0136 over 76 frames.
LOG (gmm-acc-mllt[5.5.1074~1-71f3]:main():gmm-acc-mllt.cc:108) Average like for this file is -43.0444 over 91 frames.
LOG (gmm-acc-mllt[5.5.1074~1-71f3]:main():gmm-acc-mllt.cc:108) Average like for this file is -44.369 over 99 frames.
LOG (gmm-acc-mllt[5.5.1074~1-71f3]:main():gmm-acc-mllt.cc:108) Average like for this file is -48.0319 over 104 frames.
LOG (gmm-acc-mllt[5.5.1074~1-71f3]:main():gmm-acc-mllt.cc:114) Avg like per frame so far is -45.7223
LOG (gmm-acc-mllt[5.5.1074~1-71f3]:main():gmm-acc-mllt.cc:108) Average like for this file is -44.1889 over 60 frames.
LOG (gmm-acc-mllt[5.5.1074~1-71f3]:main():gmm-acc-mllt.cc:108) Average like for this file is -40.2001 over 74 frames.
LOG (gmm-acc-mllt[5.5.1074~1-71f3]:main():gmm-acc-mllt.cc:108) Average like for this file is -48.3182 over 237 frames.
LOG (gmm-acc-mllt[5.5.1074~1-71f3]:main():gmm-acc-mllt.cc:108) Average like for this file is -52.8955 over 56 frames.
LOG (gmm-acc-mllt[5.5.1074~1-71f3]:main():gmm-acc-mllt.cc:108) Average like for this file is -43.7961 over 76 frames.
LOG (gmm-acc-mllt[5.5.1074~1-71f3]:main():gmm-acc-mllt.cc:108) Average like for this file is -48.1416 over 71 frames.
LOG (gmm-acc-mllt[5.5.1074~1-71f3]:main():gmm-acc-mllt.cc:108) Average like for this file is -40.484 over 69 frames.
LOG (gmm-acc-mllt[5.5.1074~1-71f3]:main():gmm-acc-mllt.cc:108) Average like for this file is -44.4646 over 75 frames.
LOG (gmm-acc-mllt[5.5.1074~1-71f3]:main():gmm-acc-mllt.cc:108) Average like for this file is -42.5327 over 64 frames.
LOG (gmm-acc-mllt[5.5.1074~1-71f3]:main():gmm-acc-mllt.cc:108) Average like for this file is -40.9424 over 81 frames.
LOG (gmm-acc-mllt[5.5.1074~1-71f3]:main():gmm-acc-mllt.cc:114) Avg like per frame so far is -45.6416
LOG (gmm-acc-mllt[5.5.1074~1-71f3]:main():gmm-acc-mllt.cc:108) Average like for this file is -47.6184 over 80 frames.
LOG (gmm-acc-mllt[5.5.1074~1-71f3]:main():gmm-acc-mllt.cc:108) Average like for this file is -48.9156 over 65 frames.
LOG (gmm-acc-mllt[5.5.1074~1-71f3]:main():gmm-acc-mllt.cc:108) Average like for this file is -48.8445 over 230 frames.
LOG (gmm-acc-mllt[5.5.1074~1-71f3]:main():gmm-acc-mllt.cc:108) Average like for this file is -44.4858 over 88 frames.
LOG (gmm-acc-mllt[5.5.1074~1-71f3]:main():gmm-acc-mllt.cc:108) Average like for this file is -40.2223 over 88 frames.
LOG (gmm-acc-mllt[5.5.1074~1-71f3]:main():gmm-acc-mllt.cc:108) Average like for this file is -40.0331 over 91 frames.
LOG (gmm-acc-mllt[5.5.1074~1-71f3]:main():gmm-acc-mllt.cc:108) Average like for this file is -46.3633 over 75 frames.
LOG (gmm-acc-mllt[5.5.1074~1-71f3]:main():gmm-acc-mllt.cc:108) Average like for this file is -41.8344 over 71 frames.
LOG (gmm-acc-mllt[5.5.1074~1-71f3]:main():gmm-acc-mllt.cc:108) Average like for this file is -42.0041 over 71 frames.
LOG (gmm-acc-mllt[5.5.1074~1-71f3]:main():gmm-acc-mllt.cc:108) Average like for this file is -48.6803 over 55 frames.
LOG (gmm-acc-mllt[5.5.1074~1-71f3]:main():gmm-acc-mllt.cc:114) Avg like per frame so far is -45.6013
LOG (gmm-acc-mllt[5.5.1074~1-71f3]:main():gmm-acc-mllt.cc:108) Average like for this file is -40.504 over 68 frames.
LOG (gmm-acc-mllt[5.5.1074~1-71f3]:main():gmm-acc-mllt.cc:108) Average like for this file is -42.4588 over 75 frames.
LOG (gmm-acc-mllt[5.5.1074~1-71f3]:main():gmm-acc-mllt.cc:108) Average like for this file is -43.6512 over 71 frames.
LOG (gmm-acc-mllt[5.5.1074~1-71f3]:main():gmm-acc-mllt.cc:108) Average like for this file is -44.9391 over 78 frames.
LOG (gmm-acc-mllt[5.5.1074~1-71f3]:main():gmm-acc-mllt.cc:108) Average like for this file is -39.6558 over 64 frames.
LOG (gmm-acc-mllt[5.5.1074~1-71f3]:main():gmm-acc-mllt.cc:108) Average like for this file is -47.1266 over 60 frames.
LOG (gmm-acc-mllt[5.5.1074~1-71f3]:main():gmm-acc-mllt.cc:108) Average like for this file is -40.8447 over 94 frames.
LOG (gmm-acc-mllt[5.5.1074~1-71f3]:main():gmm-acc-mllt.cc:108) Average like for this file is -49.2759 over 198 frames.
LOG (gmm-acc-mllt[5.5.1074~1-71f3]:main():gmm-acc-mllt.cc:108) Average like for this file is -45.049 over 79 frames.
LOG (gmm-acc-mllt[5.5.1074~1-71f3]:main():gmm-acc-mllt.cc:108) Average like for this file is -39.6746 over 80 frames.
LOG (gmm-acc-mllt[5.5.1074~1-71f3]:main():gmm-acc-mllt.cc:114) Avg like per frame so far is -45.4398
LOG (gmm-acc-mllt[5.5.1074~1-71f3]:main():gmm-acc-mllt.cc:108) Average like for this file is -39.1809 over 83 frames.
LOG (gmm-acc-mllt[5.5.1074~1-71f3]:main():gmm-acc-mllt.cc:108) Average like for this file is -39.3892 over 76 frames.
LOG (gmm-acc-mllt[5.5.1074~1-71f3]:main():gmm-acc-mllt.cc:108) Average like for this file is -44.6212 over 82 frames.
LOG (gmm-acc-mllt[5.5.1074~1-71f3]:main():gmm-acc-mllt.cc:108) Average like for this file is -45.8713 over 86 frames.
LOG (gmm-acc-mllt[5.5.1074~1-71f3]:main():gmm-acc-mllt.cc:108) Average like for this file is -47.5654 over 87 frames.
LOG (gmm-acc-mllt[5.5.1074~1-71f3]:main():gmm-acc-mllt.cc:108) Average like for this file is -48.5769 over 179 frames.
LOG (gmm-acc-mllt[5.5.1074~1-71f3]:main():gmm-acc-mllt.cc:108) Average like for this file is -44.3551 over 81 frames.
LOG (gmm-acc-mllt[5.5.1074~1-71f3]:main():gmm-acc-mllt.cc:108) Average like for this file is -45.8211 over 80 frames.
LOG (gmm-acc-mllt[5.5.1074~1-71f3]:main():gmm-acc-mllt.cc:108) Average like for this file is -52.2128 over 89 frames.
LOG (gmm-acc-mllt[5.5.1074~1-71f3]:main():gmm-acc-mllt.cc:108) Average like for this file is -43.3966 over 83 frames.
LOG (gmm-acc-mllt[5.5.1074~1-71f3]:main():gmm-acc-mllt.cc:114) Avg like per frame so far is -45.4524
LOG (gmm-acc-mllt[5.5.1074~1-71f3]:main():gmm-acc-mllt.cc:108) Average like for this file is -48.4551 over 97 frames.
LOG (gmm-acc-mllt[5.5.1074~1-71f3]:main():gmm-acc-mllt.cc:108) Average like for this file is -43.7439 over 85 frames.
LOG (gmm-acc-mllt[5.5.1074~1-71f3]:main():gmm-acc-mllt.cc:108) Average like for this file is -46.0305 over 77 frames.
LOG (gmm-acc-mllt[5.5.1074~1-71f3]:main():gmm-acc-mllt.cc:108) Average like for this file is -47.5075 over 162 frames.
LOG (gmm-acc-mllt[5.5.1074~1-71f3]:main():gmm-acc-mllt.cc:108) Average like for this file is -44.3783 over 92 frames.
LOG (gmm-acc-mllt[5.5.1074~1-71f3]:main():gmm-acc-mllt.cc:108) Average like for this file is -44.7246 over 95 frames.
LOG (gmm-acc-mllt[5.5.1074~1-71f3]:main():gmm-acc-mllt.cc:108) Average like for this file is -48.5574 over 190 frames.
LOG (gmm-acc-mllt[5.5.1074~1-71f3]:main():gmm-acc-mllt.cc:108) Average like for this file is -45.5503 over 186 frames.
LOG (gmm-acc-mllt[5.5.1074~1-71f3]:main():gmm-acc-mllt.cc:108) Average like for this file is -48.1814 over 212 frames.
LOG (gmm-acc-mllt[5.5.1074~1-71f3]:main():gmm-acc-mllt.cc:108) Average like for this file is -45.2734 over 166 frames.
LOG (gmm-acc-mllt[5.5.1074~1-71f3]:main():gmm-acc-mllt.cc:114) Avg like per frame so far is -45.5988
LOG (gmm-acc-mllt[5.5.1074~1-71f3]:main():gmm-acc-mllt.cc:108) Average like for this file is -49.0312 over 211 frames.
LOG (gmm-acc-mllt[5.5.1074~1-71f3]:main():gmm-acc-mllt.cc:108) Average like for this file is -45.5317 over 216 frames.
LOG (gmm-acc-mllt[5.5.1074~1-71f3]:main():gmm-acc-mllt.cc:108) Average like for this file is -50.1162 over 248 frames.
LOG (gmm-acc-mllt[5.5.1074~1-71f3]:main():gmm-acc-mllt.cc:108) Average like for this file is -47.4871 over 218 frames.
LOG (gmm-acc-mllt[5.5.1074~1-71f3]:main():gmm-acc-mllt.cc:108) Average like for this file is -48.7087 over 218 frames.
LOG (gmm-acc-mllt[5.5.1074~1-71f3]:main():gmm-acc-mllt.cc:108) Average like for this file is -48.5275 over 246 frames.
LOG (gmm-acc-mllt[5.5.1074~1-71f3]:main():gmm-acc-mllt.cc:108) Average like for this file is -48.1784 over 169 frames.
LOG (gmm-acc-mllt[5.5.1074~1-71f3]:main():gmm-acc-mllt.cc:108) Average like for this file is -51.7189 over 263 frames.
LOG (gmm-acc-mllt[5.5.1074~1-71f3]:main():gmm-acc-mllt.cc:108) Average like for this file is -49.621 over 230 frames.
LOG (gmm-acc-mllt[5.5.1074~1-71f3]:main():gmm-acc-mllt.cc:108) Average like for this file is -48.6793 over 204 frames.
LOG (gmm-acc-mllt[5.5.1074~1-71f3]:main():gmm-acc-mllt.cc:114) Avg like per frame so far is -46.1756
LOG (gmm-acc-mllt[5.5.1074~1-71f3]:main():gmm-acc-mllt.cc:108) Average like for this file is -49.369 over 199 frames.
LOG (gmm-acc-mllt[5.5.1074~1-71f3]:main():gmm-acc-mllt.cc:108) Average like for this file is -49.0444 over 193 frames.
LOG (gmm-acc-mllt[5.5.1074~1-71f3]:main():gmm-acc-mllt.cc:108) Average like for this file is -47.9552 over 154 frames.
LOG (gmm-acc-mllt[5.5.1074~1-71f3]:main():gmm-acc-mllt.cc:108) Average like for this file is -46.397 over 145 frames.
LOG (gmm-acc-mllt[5.5.1074~1-71f3]:main():gmm-acc-mllt.cc:108) Average like for this file is -49.0469 over 221 frames.
LOG (gmm-acc-mllt[5.5.1074~1-71f3]:main():gmm-acc-mllt.cc:108) Average like for this file is -45.2431 over 208 frames.
LOG (gmm-acc-mllt[5.5.1074~1-71f3]:main():gmm-acc-mllt.cc:108) Average like for this file is -47.4279 over 256 frames.
LOG (gmm-acc-mllt[5.5.1074~1-71f3]:main():gmm-acc-mllt.cc:108) Average like for this file is -47.6259 over 127 frames.
LOG (gmm-acc-mllt[5.5.1074~1-71f3]:main():gmm-acc-mllt.cc:108) Average like for this file is -46.7202 over 190 frames.
LOG (gmm-acc-mllt[5.5.1074~1-71f3]:main():gmm-acc-mllt.cc:108) Average like for this file is -48.0437 over 190 frames.
LOG (gmm-acc-mllt[5.5.1074~1-71f3]:main():gmm-acc-mllt.cc:114) Avg like per frame so far is -46.3765
LOG (gmm-acc-mllt[5.5.1074~1-71f3]:main():gmm-acc-mllt.cc:108) Average like for this file is -48.7459 over 278 frames.
LOG (gmm-acc-mllt[5.5.1074~1-71f3]:main():gmm-acc-mllt.cc:108) Average like for this file is -45.0416 over 211 frames.
LOG (gmm-acc-mllt[5.5.1074~1-71f3]:main():gmm-acc-mllt.cc:108) Average like for this file is -47.1662 over 115 frames.
LOG (gmm-acc-mllt[5.5.1074~1-71f3]:main():gmm-acc-mllt.cc:108) Average like for this file is -46.6215 over 155 frames.
LOG (gmm-acc-mllt[5.5.1074~1-71f3]:main():gmm-acc-mllt.cc:108) Average like for this file is -48.2509 over 144 frames.
LOG (gmm-acc-mllt[5.5.1074~1-71f3]:main():gmm-acc-mllt.cc:108) Average like for this file is -46.5738 over 188 frames.
LOG (gmm-acc-mllt[5.5.1074~1-71f3]:main():gmm-acc-mllt.cc:108) Average like for this file is -47.369 over 206 frames.
LOG (gmm-acc-mllt[5.5.1074~1-71f3]:main():gmm-acc-mllt.cc:108) Average like for this file is -50.5558 over 207 frames.
LOG (gmm-acc-mllt[5.5.1074~1-71f3]:main():gmm-acc-mllt.cc:108) Average like for this file is -49.8118 over 248 frames.
LOG (gmm-acc-mllt[5.5.1074~1-71f3]:main():gmm-acc-mllt.cc:108) Average like for this file is -45.7887 over 148 frames.
LOG (gmm-acc-mllt[5.5.1074~1-71f3]:main():gmm-acc-mllt.cc:114) Avg like per frame so far is -46.5386
LOG (gmm-acc-mllt[5.5.1074~1-71f3]:main():gmm-acc-mllt.cc:108) Average like for this file is -51.7707 over 95 frames.
LOG (gmm-acc-mllt[5.5.1074~1-71f3]:main():gmm-acc-mllt.cc:108) Average like for this file is -47.4608 over 152 frames.
LOG (gmm-acc-mllt[5.5.1074~1-71f3]:main():gmm-acc-mllt.cc:108) Average like for this file is -47.3248 over 211 frames.
LOG (gmm-acc-mllt[5.5.1074~1-71f3]:main():gmm-acc-mllt.cc:108) Average like for this file is -45.7358 over 182 frames.
LOG (gmm-acc-mllt[5.5.1074~1-71f3]:main():gmm-acc-mllt.cc:108) Average like for this file is -52.2842 over 161 frames.
LOG (gmm-acc-mllt[5.5.1074~1-71f3]:main():gmm-acc-mllt.cc:108) Average like for this file is -46.7027 over 193 frames.
LOG (gmm-acc-mllt[5.5.1074~1-71f3]:main():gmm-acc-mllt.cc:108) Average like for this file is -49.2673 over 193 frames.
LOG (gmm-acc-mllt[5.5.1074~1-71f3]:main():gmm-acc-mllt.cc:108) Average like for this file is -44.3858 over 159 frames.
LOG (gmm-acc-mllt[5.5.1074~1-71f3]:main():gmm-acc-mllt.cc:108) Average like for this file is -44.6254 over 143 frames.
LOG (gmm-acc-mllt[5.5.1074~1-71f3]:main():gmm-acc-mllt.cc:108) Average like for this file is -46.1838 over 157 frames.
LOG (gmm-acc-mllt[5.5.1074~1-71f3]:main():gmm-acc-mllt.cc:114) Avg like per frame so far is -46.6202
LOG (gmm-acc-mllt[5.5.1074~1-71f3]:main():gmm-acc-mllt.cc:108) Average like for this file is -45.6324 over 145 frames.
LOG (gmm-acc-mllt[5.5.1074~1-71f3]:main():gmm-acc-mllt.cc:108) Average like for this file is -45.4864 over 195 frames.
LOG (gmm-acc-mllt[5.5.1074~1-71f3]:main():gmm-acc-mllt.cc:108) Average like for this file is -47.6107 over 189 frames.
LOG (gmm-acc-mllt[5.5.1074~1-71f3]:main():gmm-acc-mllt.cc:108) Average like for this file is -45.2078 over 188 frames.
LOG (gmm-acc-mllt[5.5.1074~1-71f3]:main():gmm-acc-mllt.cc:108) Average like for this file is -47.35 over 158 frames.
LOG (gmm-acc-mllt[5.5.1074~1-71f3]:main():gmm-acc-mllt.cc:108) Average like for this file is -47.3609 over 204 frames.
LOG (gmm-acc-mllt[5.5.1074~1-71f3]:main():gmm-acc-mllt.cc:108) Average like for this file is -50.4007 over 151 frames.
LOG (gmm-acc-mllt[5.5.1074~1-71f3]:main():gmm-acc-mllt.cc:108) Average like for this file is -48.5615 over 172 frames.
LOG (gmm-acc-mllt[5.5.1074~1-71f3]:main():gmm-acc-mllt.cc:108) Average like for this file is -48.7653 over 180 frames.
LOG (gmm-acc-mllt[5.5.1074~1-71f3]:main():gmm-acc-mllt.cc:108) Average like for this file is -48.9697 over 252 frames.
LOG (gmm-acc-mllt[5.5.1074~1-71f3]:main():gmm-acc-mllt.cc:114) Avg like per frame so far is -46.7064
LOG (gmm-acc-mllt[5.5.1074~1-71f3]:main():gmm-acc-mllt.cc:108) Average like for this file is -49.1776 over 148 frames.
LOG (gmm-acc-mllt[5.5.1074~1-71f3]:main():gmm-acc-mllt.cc:108) Average like for this file is -44.7024 over 168 frames.
LOG (gmm-acc-mllt[5.5.1074~1-71f3]:main():gmm-acc-mllt.cc:108) Average like for this file is -46.1709 over 170 frames.
LOG (gmm-acc-mllt[5.5.1074~1-71f3]:main():gmm-acc-mllt.cc:108) Average like for this file is -46.7257 over 246 frames.
LOG (gmm-acc-mllt[5.5.1074~1-71f3]:main():gmm-acc-mllt.cc:108) Average like for this file is -46.2555 over 170 frames.
LOG (gmm-acc-mllt[5.5.1074~1-71f3]:main():gmm-acc-mllt.cc:108) Average like for this file is -47.235 over 156 frames.
LOG (gmm-acc-mllt[5.5.1074~1-71f3]:main():gmm-acc-mllt.cc:108) Average like for this file is -49.1999 over 161 frames.
LOG (gmm-acc-mllt[5.5.1074~1-71f3]:main():gmm-acc-mllt.cc:108) Average like for this file is -46.7644 over 198 frames.
LOG (gmm-acc-mllt[5.5.1074~1-71f3]:main():gmm-acc-mllt.cc:108) Average like for this file is -47.889 over 199 frames.
LOG (gmm-acc-mllt[5.5.1074~1-71f3]:main():gmm-acc-mllt.cc:108) Average like for this file is -45.3724 over 174 frames.
LOG (gmm-acc-mllt[5.5.1074~1-71f3]:main():gmm-acc-mllt.cc:114) Avg like per frame so far is -46.7233
LOG (gmm-acc-mllt[5.5.1074~1-71f3]:main():gmm-acc-mllt.cc:108) Average like for this file is -47.7749 over 167 frames.
LOG (gmm-acc-mllt[5.5.1074~1-71f3]:main():gmm-acc-mllt.cc:108) Average like for this file is -48.9277 over 200 frames.
LOG (gmm-acc-mllt[5.5.1074~1-71f3]:main():gmm-acc-mllt.cc:108) Average like for this file is -48.3091 over 197 frames.
LOG (gmm-acc-mllt[5.5.1074~1-71f3]:main():gmm-acc-mllt.cc:108) Average like for this file is -45.5454 over 166 frames.
LOG (gmm-acc-mllt[5.5.1074~1-71f3]:main():gmm-acc-mllt.cc:108) Average like for this file is -48.5035 over 186 frames.
LOG (gmm-acc-mllt[5.5.1074~1-71f3]:main():gmm-acc-mllt.cc:108) Average like for this file is -47.7091 over 302 frames.
LOG (gmm-acc-mllt[5.5.1074~1-71f3]:main():gmm-acc-mllt.cc:108) Average like for this file is -47.1065 over 200 frames.
LOG (gmm-acc-mllt[5.5.1074~1-71f3]:main():gmm-acc-mllt.cc:108) Average like for this file is -50.5643 over 203 frames.
LOG (gmm-acc-mllt[5.5.1074~1-71f3]:main():gmm-acc-mllt.cc:108) Average like for this file is -50.2277 over 270 frames.
LOG (gmm-acc-mllt[5.5.1074~1-71f3]:main():gmm-acc-mllt.cc:108) Average like for this file is -45.0779 over 185 frames.
LOG (gmm-acc-mllt[5.5.1074~1-71f3]:main():gmm-acc-mllt.cc:114) Avg like per frame so far is -46.8441
LOG (gmm-acc-mllt[5.5.1074~1-71f3]:main():gmm-acc-mllt.cc:108) Average like for this file is -47.987 over 193 frames.
LOG (gmm-acc-mllt[5.5.1074~1-71f3]:main():gmm-acc-mllt.cc:108) Average like for this file is -50.0616 over 242 frames.
LOG (gmm-acc-mllt[5.5.1074~1-71f3]:main():gmm-acc-mllt.cc:108) Average like for this file is -49.7495 over 217 frames.
LOG (gmm-acc-mllt[5.5.1074~1-71f3]:main():gmm-acc-mllt.cc:108) Average like for this file is -48.9297 over 217 frames.
LOG (gmm-acc-mllt[5.5.1074~1-71f3]:main():gmm-acc-mllt.cc:108) Average like for this file is -48.9387 over 208 frames.
LOG (gmm-acc-mllt[5.5.1074~1-71f3]:main():gmm-acc-mllt.cc:108) Average like for this file is -47.9374 over 202 frames.
LOG (gmm-acc-mllt[5.5.1074~1-71f3]:main():gmm-acc-mllt.cc:108) Average like for this file is -51.321 over 200 frames.
LOG (gmm-acc-mllt[5.5.1074~1-71f3]:main():gmm-acc-mllt.cc:108) Average like for this file is -47.1206 over 161 frames.
LOG (gmm-acc-mllt[5.5.1074~1-71f3]:main():gmm-acc-mllt.cc:108) Average like for this file is -45.5264 over 187 frames.
LOG (gmm-acc-mllt[5.5.1074~1-71f3]:main():gmm-acc-mllt.cc:108) Average like for this file is -44.9435 over 130 frames.
LOG (gmm-acc-mllt[5.5.1074~1-71f3]:main():gmm-acc-mllt.cc:114) Avg like per frame so far is -46.9683
LOG (gmm-acc-mllt[5.5.1074~1-71f3]:main():gmm-acc-mllt.cc:108) Average like for this file is -50.424 over 178 frames.
LOG (gmm-acc-mllt[5.5.1074~1-71f3]:main():gmm-acc-mllt.cc:108) Average like for this file is -47.6811 over 234 frames.
LOG (gmm-acc-mllt[5.5.1074~1-71f3]:main():gmm-acc-mllt.cc:108) Average like for this file is -48.3234 over 211 frames.
LOG (gmm-acc-mllt[5.5.1074~1-71f3]:main():gmm-acc-mllt.cc:108) Average like for this file is -48.7071 over 251 frames.
LOG (gmm-acc-mllt[5.5.1074~1-71f3]:main():gmm-acc-mllt.cc:108) Average like for this file is -48.3512 over 290 frames.
LOG (gmm-acc-mllt[5.5.1074~1-71f3]:main():gmm-acc-mllt.cc:108) Average like for this file is -44.7015 over 225 frames.
LOG (gmm-acc-mllt[5.5.1074~1-71f3]:main():gmm-acc-mllt.cc:108) Average like for this file is -48.5631 over 196 frames.
LOG (gmm-acc-mllt[5.5.1074~1-71f3]:main():gmm-acc-mllt.cc:108) Average like for this file is -49.5718 over 203 frames.
LOG (gmm-acc-mllt[5.5.1074~1-71f3]:main():gmm-acc-mllt.cc:108) Average like for this file is -50.4528 over 216 frames.
LOG (gmm-acc-mllt[5.5.1074~1-71f3]:main():gmm-acc-mllt.cc:108) Average like for this file is -50.1882 over 214 frames.
LOG (gmm-acc-mllt[5.5.1074~1-71f3]:main():gmm-acc-mllt.cc:114) Avg like per frame so far is -47.1003
LOG (gmm-acc-mllt[5.5.1074~1-71f3]:main():gmm-acc-mllt.cc:108) Average like for this file is -49.2608 over 293 frames.
LOG (gmm-acc-mllt[5.5.1074~1-71f3]:main():gmm-acc-mllt.cc:108) Average like for this file is -45.1833 over 217 frames.
LOG (gmm-acc-mllt[5.5.1074~1-71f3]:main():gmm-acc-mllt.cc:108) Average like for this file is -48.4872 over 210 frames.
LOG (gmm-acc-mllt[5.5.1074~1-71f3]:main():gmm-acc-mllt.cc:108) Average like for this file is -49.504 over 232 frames.
LOG (gmm-acc-mllt[5.5.1074~1-71f3]:main():gmm-acc-mllt.cc:108) Average like for this file is -43.6538 over 198 frames.
LOG (gmm-acc-mllt[5.5.1074~1-71f3]:main():gmm-acc-mllt.cc:108) Average like for this file is -47.6963 over 226 frames.
LOG (gmm-acc-mllt[5.5.1074~1-71f3]:main():gmm-acc-mllt.cc:108) Average like for this file is -47.5327 over 232 frames.
LOG (gmm-acc-mllt[5.5.1074~1-71f3]:main():gmm-acc-mllt.cc:108) Average like for this file is -48.4568 over 217 frames.
LOG (gmm-acc-mllt[5.5.1074~1-71f3]:main():gmm-acc-mllt.cc:108) Average like for this file is -49.6612 over 201 frames.
LOG (gmm-acc-mllt[5.5.1074~1-71f3]:main():gmm-acc-mllt.cc:108) Average like for this file is -47.6529 over 225 frames.
LOG (gmm-acc-mllt[5.5.1074~1-71f3]:main():gmm-acc-mllt.cc:114) Avg like per frame so far is -47.1519
LOG (gmm-acc-mllt[5.5.1074~1-71f3]:main():gmm-acc-mllt.cc:108) Average like for this file is -50.5023 over 248 frames.
LOG (gmm-acc-mllt[5.5.1074~1-71f3]:main():gmm-acc-mllt.cc:108) Average like for this file is -48.3066 over 205 frames.
LOG (gmm-acc-mllt[5.5.1074~1-71f3]:main():gmm-acc-mllt.cc:108) Average like for this file is -49.5599 over 243 frames.
LOG (gmm-acc-mllt[5.5.1074~1-71f3]:main():gmm-acc-mllt.cc:108) Average like for this file is -51.0225 over 224 frames.
LOG (gmm-acc-mllt[5.5.1074~1-71f3]:main():gmm-acc-mllt.cc:108) Average like for this file is -51.3187 over 289 frames.
LOG (gmm-acc-mllt[5.5.1074~1-71f3]:main():gmm-acc-mllt.cc:108) Average like for this file is -49.6176 over 196 frames.
LOG (gmm-acc-mllt[5.5.1074~1-71f3]:main():gmm-acc-mllt.cc:108) Average like for this file is -48.0693 over 217 frames.
LOG (gmm-acc-mllt[5.5.1074~1-71f3]:main():gmm-acc-mllt.cc:108) Average like for this file is -49.4408 over 152 frames.
LOG (gmm-acc-mllt[5.5.1074~1-71f3]:main():gmm-acc-mllt.cc:108) Average like for this file is -51.9877 over 222 frames.
LOG (gmm-acc-mllt[5.5.1074~1-71f3]:main():gmm-acc-mllt.cc:108) Average like for this file is -49.8593 over 189 frames.
LOG (gmm-acc-mllt[5.5.1074~1-71f3]:main():gmm-acc-mllt.cc:114) Avg like per frame so far is -47.3482
LOG (gmm-acc-mllt[5.5.1074~1-71f3]:main():gmm-acc-mllt.cc:108) Average like for this file is -45.928 over 190 frames.
LOG (gmm-acc-mllt[5.5.1074~1-71f3]:main():gmm-acc-mllt.cc:108) Average like for this file is -48.2599 over 188 frames.
LOG (gmm-acc-mllt[5.5.1074~1-71f3]:main():gmm-acc-mllt.cc:108) Average like for this file is -43.2931 over 154 frames.
LOG (gmm-acc-mllt[5.5.1074~1-71f3]:main():gmm-acc-mllt.cc:108) Average like for this file is -49.0299 over 256 frames.
LOG (gmm-acc-mllt[5.5.1074~1-71f3]:main():gmm-acc-mllt.cc:108) Average like for this file is -46.831 over 154 frames.
LOG (gmm-acc-mllt[5.5.1074~1-71f3]:main():gmm-acc-mllt.cc:108) Average like for this file is -48.1333 over 178 frames.
LOG (gmm-acc-mllt[5.5.1074~1-71f3]:main():gmm-acc-mllt.cc:108) Average like for this file is -48.2077 over 133 frames.
LOG (gmm-acc-mllt[5.5.1074~1-71f3]:main():gmm-acc-mllt.cc:108) Average like for this file is -48.8338 over 178 frames.
LOG (gmm-acc-mllt[5.5.1074~1-71f3]:main():gmm-acc-mllt.cc:108) Average like for this file is -50.1123 over 213 frames.
LOG (gmm-acc-mllt[5.5.1074~1-71f3]:main():gmm-acc-mllt.cc:108) Average like for this file is -48.4804 over 217 frames.
LOG (gmm-acc-mllt[5.5.1074~1-71f3]:main():gmm-acc-mllt.cc:114) Avg like per frame so far is -47.3769
LOG (gmm-acc-mllt[5.5.1074~1-71f3]:main():gmm-acc-mllt.cc:108) Average like for this file is -47.2357 over 159 frames.
LOG (gmm-acc-mllt[5.5.1074~1-71f3]:main():gmm-acc-mllt.cc:108) Average like for this file is -53.3327 over 238 frames.
LOG (gmm-acc-mllt[5.5.1074~1-71f3]:main():gmm-acc-mllt.cc:108) Average like for this file is -51.7771 over 210 frames.
LOG (gmm-acc-mllt[5.5.1074~1-71f3]:main():gmm-acc-mllt.cc:108) Average like for this file is -46.5196 over 222 frames.
LOG (gmm-acc-mllt[5.5.1074~1-71f3]:main():gmm-acc-mllt.cc:108) Average like for this file is -46.1146 over 260 frames.
LOG (gmm-acc-mllt[5.5.1074~1-71f3]:main():gmm-acc-mllt.cc:108) Average like for this file is -46.5709 over 230 frames.
LOG (gmm-acc-mllt[5.5.1074~1-71f3]:main():gmm-acc-mllt.cc:108) Average like for this file is -49.0254 over 177 frames.
LOG (gmm-acc-mllt[5.5.1074~1-71f3]:main():gmm-acc-mllt.cc:108) Average like for this file is -48.0256 over 200 frames.
LOG (gmm-acc-mllt[5.5.1074~1-71f3]:main():gmm-acc-mllt.cc:108) Average like for this file is -47.3915 over 173 frames.
LOG (gmm-acc-mllt[5.5.1074~1-71f3]:main():gmm-acc-mllt.cc:108) Average like for this file is -48.5193 over 225 frames.
LOG (gmm-acc-mllt[5.5.1074~1-71f3]:main():gmm-acc-mllt.cc:114) Avg like per frame so far is -47.4403
LOG (gmm-acc-mllt[5.5.1074~1-71f3]:main():gmm-acc-mllt.cc:108) Average like for this file is -48.4276 over 203 frames.
LOG (gmm-acc-mllt[5.5.1074~1-71f3]:main():gmm-acc-mllt.cc:108) Average like for this file is -51.8544 over 144 frames.
LOG (gmm-acc-mllt[5.5.1074~1-71f3]:main():gmm-acc-mllt.cc:108) Average like for this file is -51.0799 over 212 frames.
LOG (gmm-acc-mllt[5.5.1074~1-71f3]:main():gmm-acc-mllt.cc:108) Average like for this file is -48.4536 over 154 frames.
LOG (gmm-acc-mllt[5.5.1074~1-71f3]:main():gmm-acc-mllt.cc:108) Average like for this file is -43.0219 over 130 frames.
LOG (gmm-acc-mllt[5.5.1074~1-71f3]:main():gmm-acc-mllt.cc:108) Average like for this file is -44.8054 over 114 frames.
LOG (gmm-acc-mllt[5.5.1074~1-71f3]:main():gmm-acc-mllt.cc:108) Average like for this file is -49.3017 over 242 frames.
LOG (gmm-acc-mllt[5.5.1074~1-71f3]:main():gmm-acc-mllt.cc:108) Average like for this file is -46.3873 over 193 frames.
LOG (gmm-acc-mllt[5.5.1074~1-71f3]:main():gmm-acc-mllt.cc:108) Average like for this file is -47.3765 over 216 frames.
LOG (gmm-acc-mllt[5.5.1074~1-71f3]:main():gmm-acc-mllt.cc:108) Average like for this file is -46.7582 over 174 frames.
LOG (gmm-acc-mllt[5.5.1074~1-71f3]:main():gmm-acc-mllt.cc:114) Avg like per frame so far is -47.4667
LOG (gmm-acc-mllt[5.5.1074~1-71f3]:main():gmm-acc-mllt.cc:108) Average like for this file is -46.0592 over 119 frames.
LOG (gmm-acc-mllt[5.5.1074~1-71f3]:main():gmm-acc-mllt.cc:108) Average like for this file is -42.9677 over 150 frames.
LOG (gmm-acc-mllt[5.5.1074~1-71f3]:main():gmm-acc-mllt.cc:108) Average like for this file is -49.3514 over 191 frames.
LOG (gmm-acc-mllt[5.5.1074~1-71f3]:main():gmm-acc-mllt.cc:108) Average like for this file is -50.541 over 147 frames.
LOG (gmm-acc-mllt[5.5.1074~1-71f3]:main():gmm-acc-mllt.cc:108) Average like for this file is -50.1826 over 148 frames.
LOG (gmm-acc-mllt[5.5.1074~1-71f3]:main():gmm-acc-mllt.cc:108) Average like for this file is -45.8093 over 141 frames.
LOG (gmm-acc-mllt[5.5.1074~1-71f3]:main():gmm-acc-mllt.cc:108) Average like for this file is -49.6896 over 120 frames.
LOG (gmm-acc-mllt[5.5.1074~1-71f3]:main():gmm-acc-mllt.cc:108) Average like for this file is -46.8186 over 133 frames.
LOG (gmm-acc-mllt[5.5.1074~1-71f3]:main():gmm-acc-mllt.cc:108) Average like for this file is -49.3759 over 136 frames.
LOG (gmm-acc-mllt[5.5.1074~1-71f3]:main():gmm-acc-mllt.cc:108) Average like for this file is -45.0778 over 147 frames.
LOG (gmm-acc-mllt[5.5.1074~1-71f3]:main():gmm-acc-mllt.cc:114) Avg like per frame so far is -47.4724
LOG (gmm-acc-mllt[5.5.1074~1-71f3]:main():gmm-acc-mllt.cc:108) Average like for this file is -47.0429 over 145 frames.
LOG (gmm-acc-mllt[5.5.1074~1-71f3]:main():gmm-acc-mllt.cc:108) Average like for this file is -51.3618 over 139 frames.
LOG (gmm-acc-mllt[5.5.1074~1-71f3]:main():gmm-acc-mllt.cc:108) Average like for this file is -45.9712 over 134 frames.
LOG (gmm-acc-mllt[5.5.1074~1-71f3]:main():gmm-acc-mllt.cc:108) Average like for this file is -50.9514 over 148 frames.
LOG (gmm-acc-mllt[5.5.1074~1-71f3]:main():gmm-acc-mllt.cc:108) Average like for this file is -49.4775 over 150 frames.
LOG (gmm-acc-mllt[5.5.1074~1-71f3]:main():gmm-acc-mllt.cc:108) Average like for this file is -45.9293 over 266 frames.
LOG (gmm-acc-mllt[5.5.1074~1-71f3]:main():gmm-acc-mllt.cc:108) Average like for this file is -46.3416 over 219 frames.
LOG (gmm-acc-mllt[5.5.1074~1-71f3]:main():gmm-acc-mllt.cc:108) Average like for this file is -46.9769 over 113 frames.
LOG (gmm-acc-mllt[5.5.1074~1-71f3]:main():gmm-acc-mllt.cc:108) Average like for this file is -48.8025 over 202 frames.
LOG (gmm-acc-mllt[5.5.1074~1-71f3]:main():gmm-acc-mllt.cc:108) Average like for this file is -47.1549 over 243 frames.
LOG (gmm-acc-mllt[5.5.1074~1-71f3]:main():gmm-acc-mllt.cc:114) Avg like per frame so far is -47.4863
LOG (gmm-acc-mllt[5.5.1074~1-71f3]:main():gmm-acc-mllt.cc:108) Average like for this file is -45.0393 over 119 frames.
LOG (gmm-acc-mllt[5.5.1074~1-71f3]:main():gmm-acc-mllt.cc:108) Average like for this file is -45.6844 over 183 frames.
LOG (gmm-acc-mllt[5.5.1074~1-71f3]:main():gmm-acc-mllt.cc:108) Average like for this file is -46.8403 over 129 frames.
LOG (ali-to-post[5.5.1074~1-71f3]:main():ali-to-post.cc:73) Converted 289 alignments.
LOG (gmm-acc-mllt[5.5.1074~1-71f3]:main():gmm-acc-mllt.cc:108) Average like for this file is -46.6378 over 189 frames.
LOG (gmm-acc-mllt[5.5.1074~1-71f3]:main():gmm-acc-mllt.cc:108) Average like for this file is -48.3333 over 178 frames.
LOG (gmm-acc-mllt[5.5.1074~1-71f3]:main():gmm-acc-mllt.cc:108) Average like for this file is -54.0136 over 228 frames.
LOG (gmm-acc-mllt[5.5.1074~1-71f3]:main():gmm-acc-mllt.cc:108) Average like for this file is -49.4603 over 235 frames.
LOG (gmm-acc-mllt[5.5.1074~1-71f3]:main():gmm-acc-mllt.cc:108) Average like for this file is -47.048 over 200 frames.
LOG (gmm-acc-mllt[5.5.1074~1-71f3]:main():gmm-acc-mllt.cc:108) Average like for this file is -49.6284 over 220 frames.
LOG (gmm-acc-mllt[5.5.1074~1-71f3]:main():gmm-acc-mllt.cc:108) Average like for this file is -45.4218 over 111 frames.
LOG (gmm-acc-mllt[5.5.1074~1-71f3]:main():gmm-acc-mllt.cc:114) Avg like per frame so far is -47.5186
LOG (gmm-acc-mllt[5.5.1074~1-71f3]:main():gmm-acc-mllt.cc:108) Average like for this file is -47.6645 over 192 frames.
LOG (gmm-acc-mllt[5.5.1074~1-71f3]:main():gmm-acc-mllt.cc:108) Average like for this file is -49.4927 over 210 frames.
LOG (gmm-acc-mllt[5.5.1074~1-71f3]:main():gmm-acc-mllt.cc:108) Average like for this file is -46.2741 over 184 frames.
LOG (gmm-acc-mllt[5.5.1074~1-71f3]:main():gmm-acc-mllt.cc:108) Average like for this file is -47.9797 over 200 frames.
LOG (gmm-acc-mllt[5.5.1074~1-71f3]:main():gmm-acc-mllt.cc:108) Average like for this file is -46.6585 over 230 frames.
LOG (gmm-acc-mllt[5.5.1074~1-71f3]:main():gmm-acc-mllt.cc:108) Average like for this file is -45.3185 over 235 frames.
LOG (gmm-acc-mllt[5.5.1074~1-71f3]:main():gmm-acc-mllt.cc:108) Average like for this file is -48.8324 over 212 frames.
LOG (weight-silence-post[5.5.1074~1-71f3]:main():weight-silence-post.cc:95) Done 289 posteriors.
LOG (gmm-acc-mllt[5.5.1074~1-71f3]:main():gmm-acc-mllt.cc:108) Average like for this file is -46.4873 over 241 frames.
LOG (gmm-acc-mllt[5.5.1074~1-71f3]:main():gmm-acc-mllt.cc:108) Average like for this file is -47.4904 over 279 frames.
LOG (gmm-acc-mllt[5.5.1074~1-71f3]:main():gmm-acc-mllt.cc:108) Average like for this file is -49.1311 over 225 frames.
LOG (gmm-acc-mllt[5.5.1074~1-71f3]:main():gmm-acc-mllt.cc:114) Avg like per frame so far is -47.5181
LOG (gmm-acc-mllt[5.5.1074~1-71f3]:main():gmm-acc-mllt.cc:108) Average like for this file is -48.108 over 281 frames.
LOG (apply-cmvn[5.5.1074~1-71f3]:main():apply-cmvn.cc:162) Applied cepstral mean normalization to 289 utterances, errors on 0
LOG (gmm-acc-mllt[5.5.1074~1-71f3]:main():gmm-acc-mllt.cc:108) Average like for this file is -49.7111 over 251 frames.
LOG (gmm-acc-mllt[5.5.1074~1-71f3]:main():gmm-acc-mllt.cc:108) Average like for this file is -51.6134 over 237 frames.
LOG (gmm-acc-mllt[5.5.1074~1-71f3]:main():gmm-acc-mllt.cc:108) Average like for this file is -51.0934 over 237 frames.
LOG (gmm-acc-mllt[5.5.1074~1-71f3]:main():gmm-acc-mllt.cc:108) Average like for this file is -48.4663 over 182 frames.
LOG (gmm-acc-mllt[5.5.1074~1-71f3]:main():gmm-acc-mllt.cc:108) Average like for this file is -47.2503 over 208 frames.
LOG (gmm-acc-mllt[5.5.1074~1-71f3]:main():gmm-acc-mllt.cc:108) Average like for this file is -46.6177 over 220 frames.
LOG (transform-feats[5.5.1074~1-71f3]:main():transform-feats.cc:158) Overall average [pseudo-]logdet is -91.2799 over 80668 frames.
LOG (transform-feats[5.5.1074~1-71f3]:main():transform-feats.cc:161) Applied transform to 289 utterances; 0 had errors.
LOG (gmm-acc-mllt[5.5.1074~1-71f3]:main():gmm-acc-mllt.cc:108) Average like for this file is -44.583 over 134 frames.
LOG (gmm-acc-mllt[5.5.1074~1-71f3]:main():gmm-acc-mllt.cc:108) Average like for this file is -50.7202 over 147 frames.
LOG (gmm-acc-mllt[5.5.1074~1-71f3]:main():gmm-acc-mllt.cc:119) Done 289 files, 0 with no posteriors, 0 with other errors.
LOG (gmm-acc-mllt[5.5.1074~1-71f3]:main():gmm-acc-mllt.cc:123) Overall avg like per frame (Gaussian only) = -47.5718 over 47116 frames.
LOG (gmm-acc-mllt[5.5.1074~1-71f3]:main():gmm-acc-mllt.cc:127) Written accs.
# Accounting: time=1 threads=1
# Ended (code 0) at Thu Aug  3 11:13:35 IST 2023, elapsed time 1 seconds
