# ali-to-post "ark:gunzip -c exp_FG/ldamllt/ali.10.gz|" ark:- | weight-silence-post 0.0 1:2:3:4:5 exp_FG/ldamllt/6.mdl ark:- ark:- | gmm-acc-mllt --rand-prune=4.0 exp_FG/ldamllt/6.mdl "ark,s,cs:apply-cmvn  --utt2spk=ark:data/train/split10/10/utt2spk scp:data/train/split10/10/cmvn.scp scp:data/train/split10/10/feats.scp ark:- | splice-feats  ark:- ark:- | transform-feats exp_FG/ldamllt/4.mat ark:- ark:- |" ark,s,o,cs:- exp_FG/ldamllt/6.10.macc 
# Started at Thu Aug  3 11:13:32 IST 2023
#
gmm-acc-mllt --rand-prune=4.0 exp_FG/ldamllt/6.mdl 'ark,s,cs:apply-cmvn  --utt2spk=ark:data/train/split10/10/utt2spk scp:data/train/split10/10/cmvn.scp scp:data/train/split10/10/feats.scp ark:- | splice-feats  ark:- ark:- | transform-feats exp_FG/ldamllt/4.mat ark:- ark:- |' ark,s,o,cs:- exp_FG/ldamllt/6.10.macc 
ali-to-post 'ark:gunzip -c exp_FG/ldamllt/ali.10.gz|' ark:- 
weight-silence-post 0.0 1:2:3:4:5 exp_FG/ldamllt/6.mdl ark:- ark:- 
apply-cmvn --utt2spk=ark:data/train/split10/10/utt2spk scp:data/train/split10/10/cmvn.scp scp:data/train/split10/10/feats.scp ark:- 
splice-feats ark:- ark:- 
transform-feats exp_FG/ldamllt/4.mat ark:- ark:- 
LOG (gmm-acc-mllt[5.5.1074~1-71f3]:main():gmm-acc-mllt.cc:108) Average like for this file is -48.9117 over 170 frames.
LOG (gmm-acc-mllt[5.5.1074~1-71f3]:main():gmm-acc-mllt.cc:108) Average like for this file is -49.0021 over 143 frames.
LOG (gmm-acc-mllt[5.5.1074~1-71f3]:main():gmm-acc-mllt.cc:108) Average like for this file is -68.9371 over 455 frames.
LOG (gmm-acc-mllt[5.5.1074~1-71f3]:main():gmm-acc-mllt.cc:108) Average like for this file is -48.0588 over 153 frames.
LOG (gmm-acc-mllt[5.5.1074~1-71f3]:main():gmm-acc-mllt.cc:108) Average like for this file is -45.8362 over 139 frames.
LOG (gmm-acc-mllt[5.5.1074~1-71f3]:main():gmm-acc-mllt.cc:108) Average like for this file is -45.1135 over 285 frames.
LOG (gmm-acc-mllt[5.5.1074~1-71f3]:main():gmm-acc-mllt.cc:108) Average like for this file is -47.4838 over 180 frames.
LOG (gmm-acc-mllt[5.5.1074~1-71f3]:main():gmm-acc-mllt.cc:108) Average like for this file is -47.3969 over 133 frames.
LOG (gmm-acc-mllt[5.5.1074~1-71f3]:main():gmm-acc-mllt.cc:108) Average like for this file is -48.46 over 80 frames.
LOG (gmm-acc-mllt[5.5.1074~1-71f3]:main():gmm-acc-mllt.cc:108) Average like for this file is -48.1098 over 59 frames.
LOG (gmm-acc-mllt[5.5.1074~1-71f3]:main():gmm-acc-mllt.cc:114) Avg like per frame so far is -52.7748
LOG (gmm-acc-mllt[5.5.1074~1-71f3]:main():gmm-acc-mllt.cc:108) Average like for this file is -48.0362 over 152 frames.
LOG (gmm-acc-mllt[5.5.1074~1-71f3]:main():gmm-acc-mllt.cc:108) Average like for this file is -47.1899 over 103 frames.
LOG (gmm-acc-mllt[5.5.1074~1-71f3]:main():gmm-acc-mllt.cc:108) Average like for this file is -54.4646 over 61 frames.
LOG (gmm-acc-mllt[5.5.1074~1-71f3]:main():gmm-acc-mllt.cc:108) Average like for this file is -52.9888 over 102 frames.
LOG (gmm-acc-mllt[5.5.1074~1-71f3]:main():gmm-acc-mllt.cc:108) Average like for this file is -44.4759 over 76 frames.
LOG (gmm-acc-mllt[5.5.1074~1-71f3]:main():gmm-acc-mllt.cc:108) Average like for this file is -46.1352 over 56 frames.
LOG (gmm-acc-mllt[5.5.1074~1-71f3]:main():gmm-acc-mllt.cc:108) Average like for this file is -46.7359 over 83 frames.
LOG (gmm-acc-mllt[5.5.1074~1-71f3]:main():gmm-acc-mllt.cc:108) Average like for this file is -46.1663 over 80 frames.
LOG (gmm-acc-mllt[5.5.1074~1-71f3]:main():gmm-acc-mllt.cc:108) Average like for this file is -49.1453 over 56 frames.
LOG (gmm-acc-mllt[5.5.1074~1-71f3]:main():gmm-acc-mllt.cc:108) Average like for this file is -44.0907 over 81 frames.
LOG (gmm-acc-mllt[5.5.1074~1-71f3]:main():gmm-acc-mllt.cc:114) Avg like per frame so far is -51.2222
LOG (gmm-acc-mllt[5.5.1074~1-71f3]:main():gmm-acc-mllt.cc:108) Average like for this file is -45.8591 over 60 frames.
LOG (gmm-acc-mllt[5.5.1074~1-71f3]:main():gmm-acc-mllt.cc:108) Average like for this file is -46.3903 over 81 frames.
LOG (gmm-acc-mllt[5.5.1074~1-71f3]:main():gmm-acc-mllt.cc:108) Average like for this file is -42.978 over 73 frames.
LOG (gmm-acc-mllt[5.5.1074~1-71f3]:main():gmm-acc-mllt.cc:108) Average like for this file is -46.0097 over 62 frames.
LOG (gmm-acc-mllt[5.5.1074~1-71f3]:main():gmm-acc-mllt.cc:108) Average like for this file is -44.6421 over 91 frames.
LOG (gmm-acc-mllt[5.5.1074~1-71f3]:main():gmm-acc-mllt.cc:108) Average like for this file is -42.3011 over 70 frames.
LOG (gmm-acc-mllt[5.5.1074~1-71f3]:main():gmm-acc-mllt.cc:108) Average like for this file is -44.9148 over 94 frames.
LOG (gmm-acc-mllt[5.5.1074~1-71f3]:main():gmm-acc-mllt.cc:108) Average like for this file is -45.7294 over 57 frames.
LOG (gmm-acc-mllt[5.5.1074~1-71f3]:main():gmm-acc-mllt.cc:108) Average like for this file is -51.4594 over 67 frames.
LOG (gmm-acc-mllt[5.5.1074~1-71f3]:main():gmm-acc-mllt.cc:108) Average like for this file is -48.4298 over 53 frames.
LOG (gmm-acc-mllt[5.5.1074~1-71f3]:main():gmm-acc-mllt.cc:114) Avg like per frame so far is -50.0599
LOG (gmm-acc-mllt[5.5.1074~1-71f3]:main():gmm-acc-mllt.cc:108) Average like for this file is -48.9104 over 76 frames.
LOG (gmm-acc-mllt[5.5.1074~1-71f3]:main():gmm-acc-mllt.cc:108) Average like for this file is -45.5146 over 40 frames.
LOG (gmm-acc-mllt[5.5.1074~1-71f3]:main():gmm-acc-mllt.cc:108) Average like for this file is -50.4994 over 58 frames.
LOG (gmm-acc-mllt[5.5.1074~1-71f3]:main():gmm-acc-mllt.cc:108) Average like for this file is -49.9367 over 89 frames.
LOG (gmm-acc-mllt[5.5.1074~1-71f3]:main():gmm-acc-mllt.cc:108) Average like for this file is -44.6852 over 61 frames.
LOG (gmm-acc-mllt[5.5.1074~1-71f3]:main():gmm-acc-mllt.cc:108) Average like for this file is -46.0199 over 55 frames.
LOG (gmm-acc-mllt[5.5.1074~1-71f3]:main():gmm-acc-mllt.cc:108) Average like for this file is -48.8969 over 68 frames.
LOG (gmm-acc-mllt[5.5.1074~1-71f3]:main():gmm-acc-mllt.cc:108) Average like for this file is -51.1682 over 63 frames.
LOG (gmm-acc-mllt[5.5.1074~1-71f3]:main():gmm-acc-mllt.cc:108) Average like for this file is -46.2674 over 277 frames.
LOG (gmm-acc-mllt[5.5.1074~1-71f3]:main():gmm-acc-mllt.cc:108) Average like for this file is -47.9006 over 62 frames.
LOG (gmm-acc-mllt[5.5.1074~1-71f3]:main():gmm-acc-mllt.cc:114) Avg like per frame so far is -49.5846
LOG (gmm-acc-mllt[5.5.1074~1-71f3]:main():gmm-acc-mllt.cc:108) Average like for this file is -48.6243 over 74 frames.
LOG (gmm-acc-mllt[5.5.1074~1-71f3]:main():gmm-acc-mllt.cc:108) Average like for this file is -51.3977 over 86 frames.
LOG (gmm-acc-mllt[5.5.1074~1-71f3]:main():gmm-acc-mllt.cc:108) Average like for this file is -48.1607 over 63 frames.
LOG (gmm-acc-mllt[5.5.1074~1-71f3]:main():gmm-acc-mllt.cc:108) Average like for this file is -48.7462 over 59 frames.
LOG (gmm-acc-mllt[5.5.1074~1-71f3]:main():gmm-acc-mllt.cc:108) Average like for this file is -48.1753 over 86 frames.
LOG (gmm-acc-mllt[5.5.1074~1-71f3]:main():gmm-acc-mllt.cc:108) Average like for this file is -53.1222 over 96 frames.
LOG (gmm-acc-mllt[5.5.1074~1-71f3]:main():gmm-acc-mllt.cc:108) Average like for this file is -47.8628 over 97 frames.
LOG (gmm-acc-mllt[5.5.1074~1-71f3]:main():gmm-acc-mllt.cc:108) Average like for this file is -49.5967 over 48 frames.
LOG (gmm-acc-mllt[5.5.1074~1-71f3]:main():gmm-acc-mllt.cc:108) Average like for this file is -48.8023 over 58 frames.
LOG (gmm-acc-mllt[5.5.1074~1-71f3]:main():gmm-acc-mllt.cc:108) Average like for this file is -48.4195 over 287 frames.
LOG (gmm-acc-mllt[5.5.1074~1-71f3]:main():gmm-acc-mllt.cc:114) Avg like per frame so far is -49.5105
LOG (gmm-acc-mllt[5.5.1074~1-71f3]:main():gmm-acc-mllt.cc:108) Average like for this file is -48.6872 over 68 frames.
LOG (gmm-acc-mllt[5.5.1074~1-71f3]:main():gmm-acc-mllt.cc:108) Average like for this file is -49.5338 over 50 frames.
LOG (gmm-acc-mllt[5.5.1074~1-71f3]:main():gmm-acc-mllt.cc:108) Average like for this file is -44.5822 over 65 frames.
LOG (gmm-acc-mllt[5.5.1074~1-71f3]:main():gmm-acc-mllt.cc:108) Average like for this file is -53.3433 over 69 frames.
LOG (gmm-acc-mllt[5.5.1074~1-71f3]:main():gmm-acc-mllt.cc:108) Average like for this file is -47.4523 over 62 frames.
LOG (gmm-acc-mllt[5.5.1074~1-71f3]:main():gmm-acc-mllt.cc:108) Average like for this file is -49.2531 over 47 frames.
LOG (gmm-acc-mllt[5.5.1074~1-71f3]:main():gmm-acc-mllt.cc:108) Average like for this file is -45.8394 over 67 frames.
LOG (gmm-acc-mllt[5.5.1074~1-71f3]:main():gmm-acc-mllt.cc:108) Average like for this file is -47.3628 over 63 frames.
LOG (gmm-acc-mllt[5.5.1074~1-71f3]:main():gmm-acc-mllt.cc:108) Average like for this file is -50.1112 over 43 frames.
LOG (gmm-acc-mllt[5.5.1074~1-71f3]:main():gmm-acc-mllt.cc:108) Average like for this file is -49.9066 over 277 frames.
LOG (gmm-acc-mllt[5.5.1074~1-71f3]:main():gmm-acc-mllt.cc:114) Avg like per frame so far is -49.4274
LOG (gmm-acc-mllt[5.5.1074~1-71f3]:main():gmm-acc-mllt.cc:108) Average like for this file is -51.5545 over 69 frames.
LOG (gmm-acc-mllt[5.5.1074~1-71f3]:main():gmm-acc-mllt.cc:108) Average like for this file is -49.8426 over 78 frames.
LOG (gmm-acc-mllt[5.5.1074~1-71f3]:main():gmm-acc-mllt.cc:108) Average like for this file is -48.4893 over 75 frames.
LOG (gmm-acc-mllt[5.5.1074~1-71f3]:main():gmm-acc-mllt.cc:108) Average like for this file is -50.2321 over 61 frames.
LOG (gmm-acc-mllt[5.5.1074~1-71f3]:main():gmm-acc-mllt.cc:108) Average like for this file is -48.4212 over 64 frames.
LOG (gmm-acc-mllt[5.5.1074~1-71f3]:main():gmm-acc-mllt.cc:108) Average like for this file is -49.3799 over 55 frames.
LOG (gmm-acc-mllt[5.5.1074~1-71f3]:main():gmm-acc-mllt.cc:108) Average like for this file is -48.4608 over 57 frames.
LOG (gmm-acc-mllt[5.5.1074~1-71f3]:main():gmm-acc-mllt.cc:108) Average like for this file is -49.1829 over 58 frames.
LOG (gmm-acc-mllt[5.5.1074~1-71f3]:main():gmm-acc-mllt.cc:108) Average like for this file is -49.0889 over 69 frames.
LOG (gmm-acc-mllt[5.5.1074~1-71f3]:main():gmm-acc-mllt.cc:108) Average like for this file is -51.9862 over 64 frames.
LOG (gmm-acc-mllt[5.5.1074~1-71f3]:main():gmm-acc-mllt.cc:114) Avg like per frame so far is -49.4519
LOG (gmm-acc-mllt[5.5.1074~1-71f3]:main():gmm-acc-mllt.cc:108) Average like for this file is -49.5728 over 37 frames.
LOG (gmm-acc-mllt[5.5.1074~1-71f3]:main():gmm-acc-mllt.cc:108) Average like for this file is -52.958 over 62 frames.
LOG (gmm-acc-mllt[5.5.1074~1-71f3]:main():gmm-acc-mllt.cc:108) Average like for this file is -47.6107 over 48 frames.
LOG (gmm-acc-mllt[5.5.1074~1-71f3]:main():gmm-acc-mllt.cc:108) Average like for this file is -51.222 over 48 frames.
LOG (gmm-acc-mllt[5.5.1074~1-71f3]:main():gmm-acc-mllt.cc:108) Average like for this file is -49.2629 over 81 frames.
LOG (gmm-acc-mllt[5.5.1074~1-71f3]:main():gmm-acc-mllt.cc:108) Average like for this file is -48.5286 over 223 frames.
LOG (gmm-acc-mllt[5.5.1074~1-71f3]:main():gmm-acc-mllt.cc:108) Average like for this file is -50.7431 over 76 frames.
LOG (gmm-acc-mllt[5.5.1074~1-71f3]:main():gmm-acc-mllt.cc:108) Average like for this file is -50.4235 over 70 frames.
LOG (gmm-acc-mllt[5.5.1074~1-71f3]:main():gmm-acc-mllt.cc:108) Average like for this file is -49.1749 over 67 frames.
LOG (gmm-acc-mllt[5.5.1074~1-71f3]:main():gmm-acc-mllt.cc:108) Average like for this file is -49.0791 over 47 frames.
LOG (gmm-acc-mllt[5.5.1074~1-71f3]:main():gmm-acc-mllt.cc:114) Avg like per frame so far is -49.4691
LOG (gmm-acc-mllt[5.5.1074~1-71f3]:main():gmm-acc-mllt.cc:108) Average like for this file is -45.5593 over 71 frames.
LOG (gmm-acc-mllt[5.5.1074~1-71f3]:main():gmm-acc-mllt.cc:108) Average like for this file is -49.8881 over 69 frames.
LOG (gmm-acc-mllt[5.5.1074~1-71f3]:main():gmm-acc-mllt.cc:108) Average like for this file is -45.9291 over 62 frames.
LOG (gmm-acc-mllt[5.5.1074~1-71f3]:main():gmm-acc-mllt.cc:108) Average like for this file is -50.1816 over 69 frames.
LOG (gmm-acc-mllt[5.5.1074~1-71f3]:main():gmm-acc-mllt.cc:108) Average like for this file is -46.7168 over 85 frames.
LOG (gmm-acc-mllt[5.5.1074~1-71f3]:main():gmm-acc-mllt.cc:108) Average like for this file is -53.4822 over 80 frames.
LOG (gmm-acc-mllt[5.5.1074~1-71f3]:main():gmm-acc-mllt.cc:108) Average like for this file is -49.1459 over 133 frames.
LOG (gmm-acc-mllt[5.5.1074~1-71f3]:main():gmm-acc-mllt.cc:108) Average like for this file is -52.424 over 64 frames.
LOG (gmm-acc-mllt[5.5.1074~1-71f3]:main():gmm-acc-mllt.cc:108) Average like for this file is -47.4625 over 85 frames.
LOG (gmm-acc-mllt[5.5.1074~1-71f3]:main():gmm-acc-mllt.cc:108) Average like for this file is -51.954 over 91 frames.
LOG (gmm-acc-mllt[5.5.1074~1-71f3]:main():gmm-acc-mllt.cc:114) Avg like per frame so far is -49.4532
LOG (gmm-acc-mllt[5.5.1074~1-71f3]:main():gmm-acc-mllt.cc:108) Average like for this file is -52.1096 over 77 frames.
LOG (gmm-acc-mllt[5.5.1074~1-71f3]:main():gmm-acc-mllt.cc:108) Average like for this file is -49.436 over 69 frames.
LOG (gmm-acc-mllt[5.5.1074~1-71f3]:main():gmm-acc-mllt.cc:108) Average like for this file is -44.0118 over 77 frames.
LOG (gmm-acc-mllt[5.5.1074~1-71f3]:main():gmm-acc-mllt.cc:108) Average like for this file is -46.8045 over 76 frames.
LOG (gmm-acc-mllt[5.5.1074~1-71f3]:main():gmm-acc-mllt.cc:108) Average like for this file is -47.881 over 150 frames.
LOG (gmm-acc-mllt[5.5.1074~1-71f3]:main():gmm-acc-mllt.cc:108) Average like for this file is -50.1834 over 95 frames.
LOG (gmm-acc-mllt[5.5.1074~1-71f3]:main():gmm-acc-mllt.cc:108) Average like for this file is -49.2114 over 82 frames.
LOG (gmm-acc-mllt[5.5.1074~1-71f3]:main():gmm-acc-mllt.cc:108) Average like for this file is -51.3613 over 116 frames.
LOG (gmm-acc-mllt[5.5.1074~1-71f3]:main():gmm-acc-mllt.cc:108) Average like for this file is -50.9615 over 222 frames.
LOG (gmm-acc-mllt[5.5.1074~1-71f3]:main():gmm-acc-mllt.cc:108) Average like for this file is -51.2169 over 134 frames.
LOG (gmm-acc-mllt[5.5.1074~1-71f3]:main():gmm-acc-mllt.cc:114) Avg like per frame so far is -49.4736
LOG (gmm-acc-mllt[5.5.1074~1-71f3]:main():gmm-acc-mllt.cc:108) Average like for this file is -46.3937 over 210 frames.
LOG (gmm-acc-mllt[5.5.1074~1-71f3]:main():gmm-acc-mllt.cc:108) Average like for this file is -50.6865 over 235 frames.
LOG (gmm-acc-mllt[5.5.1074~1-71f3]:main():gmm-acc-mllt.cc:108) Average like for this file is -48.4945 over 225 frames.
LOG (gmm-acc-mllt[5.5.1074~1-71f3]:main():gmm-acc-mllt.cc:108) Average like for this file is -52.9481 over 183 frames.
LOG (gmm-acc-mllt[5.5.1074~1-71f3]:main():gmm-acc-mllt.cc:108) Average like for this file is -52.888 over 215 frames.
LOG (gmm-acc-mllt[5.5.1074~1-71f3]:main():gmm-acc-mllt.cc:108) Average like for this file is -50.2721 over 173 frames.
LOG (gmm-acc-mllt[5.5.1074~1-71f3]:main():gmm-acc-mllt.cc:108) Average like for this file is -56.042 over 244 frames.
LOG (gmm-acc-mllt[5.5.1074~1-71f3]:main():gmm-acc-mllt.cc:108) Average like for this file is -55.0512 over 150 frames.
LOG (gmm-acc-mllt[5.5.1074~1-71f3]:main():gmm-acc-mllt.cc:108) Average like for this file is -49.1577 over 181 frames.
LOG (gmm-acc-mllt[5.5.1074~1-71f3]:main():gmm-acc-mllt.cc:108) Average like for this file is -51.8235 over 176 frames.
LOG (gmm-acc-mllt[5.5.1074~1-71f3]:main():gmm-acc-mllt.cc:114) Avg like per frame so far is -49.8036
LOG (gmm-acc-mllt[5.5.1074~1-71f3]:main():gmm-acc-mllt.cc:108) Average like for this file is -47.7389 over 152 frames.
LOG (gmm-acc-mllt[5.5.1074~1-71f3]:main():gmm-acc-mllt.cc:108) Average like for this file is -49.0458 over 258 frames.
LOG (gmm-acc-mllt[5.5.1074~1-71f3]:main():gmm-acc-mllt.cc:108) Average like for this file is -46.9745 over 220 frames.
LOG (gmm-acc-mllt[5.5.1074~1-71f3]:main():gmm-acc-mllt.cc:108) Average like for this file is -48.4691 over 278 frames.
LOG (gmm-acc-mllt[5.5.1074~1-71f3]:main():gmm-acc-mllt.cc:108) Average like for this file is -49.6317 over 127 frames.
LOG (gmm-acc-mllt[5.5.1074~1-71f3]:main():gmm-acc-mllt.cc:108) Average like for this file is -50.8409 over 174 frames.
LOG (gmm-acc-mllt[5.5.1074~1-71f3]:main():gmm-acc-mllt.cc:108) Average like for this file is -47.962 over 226 frames.
LOG (gmm-acc-mllt[5.5.1074~1-71f3]:main():gmm-acc-mllt.cc:108) Average like for this file is -47.6189 over 215 frames.
LOG (gmm-acc-mllt[5.5.1074~1-71f3]:main():gmm-acc-mllt.cc:108) Average like for this file is -48.458 over 248 frames.
LOG (gmm-acc-mllt[5.5.1074~1-71f3]:main():gmm-acc-mllt.cc:108) Average like for this file is -50.6706 over 114 frames.
LOG (gmm-acc-mllt[5.5.1074~1-71f3]:main():gmm-acc-mllt.cc:114) Avg like per frame so far is -49.6181
LOG (gmm-acc-mllt[5.5.1074~1-71f3]:main():gmm-acc-mllt.cc:108) Average like for this file is -47.7771 over 208 frames.
LOG (gmm-acc-mllt[5.5.1074~1-71f3]:main():gmm-acc-mllt.cc:108) Average like for this file is -53.8402 over 178 frames.
LOG (gmm-acc-mllt[5.5.1074~1-71f3]:main():gmm-acc-mllt.cc:108) Average like for this file is -50.6034 over 210 frames.
LOG (gmm-acc-mllt[5.5.1074~1-71f3]:main():gmm-acc-mllt.cc:108) Average like for this file is -50.8015 over 213 frames.
LOG (gmm-acc-mllt[5.5.1074~1-71f3]:main():gmm-acc-mllt.cc:108) Average like for this file is -49.1503 over 199 frames.
LOG (gmm-acc-mllt[5.5.1074~1-71f3]:main():gmm-acc-mllt.cc:108) Average like for this file is -52.6705 over 129 frames.
LOG (gmm-acc-mllt[5.5.1074~1-71f3]:main():gmm-acc-mllt.cc:108) Average like for this file is -49.0069 over 190 frames.
LOG (gmm-acc-mllt[5.5.1074~1-71f3]:main():gmm-acc-mllt.cc:108) Average like for this file is -49.2536 over 259 frames.
LOG (gmm-acc-mllt[5.5.1074~1-71f3]:main():gmm-acc-mllt.cc:108) Average like for this file is -47.1033 over 261 frames.
LOG (gmm-acc-mllt[5.5.1074~1-71f3]:main():gmm-acc-mllt.cc:108) Average like for this file is -51.3641 over 230 frames.
LOG (gmm-acc-mllt[5.5.1074~1-71f3]:main():gmm-acc-mllt.cc:114) Avg like per frame so far is -49.6613
LOG (gmm-acc-mllt[5.5.1074~1-71f3]:main():gmm-acc-mllt.cc:108) Average like for this file is -47.8017 over 189 frames.
LOG (gmm-acc-mllt[5.5.1074~1-71f3]:main():gmm-acc-mllt.cc:108) Average like for this file is -48.7713 over 209 frames.
LOG (gmm-acc-mllt[5.5.1074~1-71f3]:main():gmm-acc-mllt.cc:108) Average like for this file is -48.2089 over 163 frames.
LOG (gmm-acc-mllt[5.5.1074~1-71f3]:main():gmm-acc-mllt.cc:108) Average like for this file is -47.5231 over 149 frames.
LOG (gmm-acc-mllt[5.5.1074~1-71f3]:main():gmm-acc-mllt.cc:108) Average like for this file is -45.6889 over 141 frames.
LOG (gmm-acc-mllt[5.5.1074~1-71f3]:main():gmm-acc-mllt.cc:108) Average like for this file is -47.2896 over 168 frames.
LOG (gmm-acc-mllt[5.5.1074~1-71f3]:main():gmm-acc-mllt.cc:108) Average like for this file is -50.7438 over 151 frames.
LOG (gmm-acc-mllt[5.5.1074~1-71f3]:main():gmm-acc-mllt.cc:108) Average like for this file is -51.3417 over 189 frames.
LOG (gmm-acc-mllt[5.5.1074~1-71f3]:main():gmm-acc-mllt.cc:108) Average like for this file is -50.5813 over 207 frames.
LOG (gmm-acc-mllt[5.5.1074~1-71f3]:main():gmm-acc-mllt.cc:108) Average like for this file is -48.1639 over 228 frames.
LOG (gmm-acc-mllt[5.5.1074~1-71f3]:main():gmm-acc-mllt.cc:114) Avg like per frame so far is -49.561
LOG (gmm-acc-mllt[5.5.1074~1-71f3]:main():gmm-acc-mllt.cc:108) Average like for this file is -52.8533 over 175 frames.
LOG (gmm-acc-mllt[5.5.1074~1-71f3]:main():gmm-acc-mllt.cc:108) Average like for this file is -48.4861 over 221 frames.
LOG (gmm-acc-mllt[5.5.1074~1-71f3]:main():gmm-acc-mllt.cc:108) Average like for this file is -51.6095 over 168 frames.
LOG (gmm-acc-mllt[5.5.1074~1-71f3]:main():gmm-acc-mllt.cc:108) Average like for this file is -50.9164 over 203 frames.
LOG (gmm-acc-mllt[5.5.1074~1-71f3]:main():gmm-acc-mllt.cc:108) Average like for this file is -50.4829 over 202 frames.
LOG (gmm-acc-mllt[5.5.1074~1-71f3]:main():gmm-acc-mllt.cc:108) Average like for this file is -51.8523 over 162 frames.
LOG (gmm-acc-mllt[5.5.1074~1-71f3]:main():gmm-acc-mllt.cc:108) Average like for this file is -48.2702 over 180 frames.
LOG (gmm-acc-mllt[5.5.1074~1-71f3]:main():gmm-acc-mllt.cc:108) Average like for this file is -52.0249 over 172 frames.
LOG (gmm-acc-mllt[5.5.1074~1-71f3]:main():gmm-acc-mllt.cc:108) Average like for this file is -52.5704 over 149 frames.
LOG (gmm-acc-mllt[5.5.1074~1-71f3]:main():gmm-acc-mllt.cc:108) Average like for this file is -48.7189 over 227 frames.
LOG (gmm-acc-mllt[5.5.1074~1-71f3]:main():gmm-acc-mllt.cc:114) Avg like per frame so far is -49.6642
LOG (gmm-acc-mllt[5.5.1074~1-71f3]:main():gmm-acc-mllt.cc:108) Average like for this file is -49.2371 over 226 frames.
LOG (gmm-acc-mllt[5.5.1074~1-71f3]:main():gmm-acc-mllt.cc:108) Average like for this file is -51.7594 over 262 frames.
LOG (gmm-acc-mllt[5.5.1074~1-71f3]:main():gmm-acc-mllt.cc:108) Average like for this file is -51.1248 over 181 frames.
LOG (gmm-acc-mllt[5.5.1074~1-71f3]:main():gmm-acc-mllt.cc:108) Average like for this file is -47.1033 over 169 frames.
LOG (gmm-acc-mllt[5.5.1074~1-71f3]:main():gmm-acc-mllt.cc:108) Average like for this file is -50.7668 over 210 frames.
LOG (gmm-acc-mllt[5.5.1074~1-71f3]:main():gmm-acc-mllt.cc:108) Average like for this file is -48.253 over 173 frames.
LOG (gmm-acc-mllt[5.5.1074~1-71f3]:main():gmm-acc-mllt.cc:108) Average like for this file is -50.4454 over 186 frames.
LOG (gmm-acc-mllt[5.5.1074~1-71f3]:main():gmm-acc-mllt.cc:108) Average like for this file is -48.4411 over 385 frames.
LOG (gmm-acc-mllt[5.5.1074~1-71f3]:main():gmm-acc-mllt.cc:108) Average like for this file is -48.7396 over 223 frames.
LOG (gmm-acc-mllt[5.5.1074~1-71f3]:main():gmm-acc-mllt.cc:108) Average like for this file is -48.9073 over 230 frames.
LOG (gmm-acc-mllt[5.5.1074~1-71f3]:main():gmm-acc-mllt.cc:114) Avg like per frame so far is -49.6438
LOG (gmm-acc-mllt[5.5.1074~1-71f3]:main():gmm-acc-mllt.cc:108) Average like for this file is -50.6375 over 201 frames.
LOG (gmm-acc-mllt[5.5.1074~1-71f3]:main():gmm-acc-mllt.cc:108) Average like for this file is -47.0629 over 262 frames.
LOG (gmm-acc-mllt[5.5.1074~1-71f3]:main():gmm-acc-mllt.cc:108) Average like for this file is -46.5983 over 231 frames.
LOG (gmm-acc-mllt[5.5.1074~1-71f3]:main():gmm-acc-mllt.cc:108) Average like for this file is -50.0479 over 243 frames.
LOG (gmm-acc-mllt[5.5.1074~1-71f3]:main():gmm-acc-mllt.cc:108) Average like for this file is -52.1543 over 271 frames.
LOG (gmm-acc-mllt[5.5.1074~1-71f3]:main():gmm-acc-mllt.cc:108) Average like for this file is -50.1485 over 250 frames.
LOG (gmm-acc-mllt[5.5.1074~1-71f3]:main():gmm-acc-mllt.cc:108) Average like for this file is -53.266 over 224 frames.
LOG (gmm-acc-mllt[5.5.1074~1-71f3]:main():gmm-acc-mllt.cc:108) Average like for this file is -50.439 over 179 frames.
LOG (gmm-acc-mllt[5.5.1074~1-71f3]:main():gmm-acc-mllt.cc:108) Average like for this file is -50.7739 over 220 frames.
LOG (gmm-acc-mllt[5.5.1074~1-71f3]:main():gmm-acc-mllt.cc:108) Average like for this file is -51.1329 over 314 frames.
LOG (gmm-acc-mllt[5.5.1074~1-71f3]:main():gmm-acc-mllt.cc:114) Avg like per frame so far is -49.7028
LOG (gmm-acc-mllt[5.5.1074~1-71f3]:main():gmm-acc-mllt.cc:108) Average like for this file is -51.291 over 246 frames.
LOG (gmm-acc-mllt[5.5.1074~1-71f3]:main():gmm-acc-mllt.cc:108) Average like for this file is -51.9163 over 167 frames.
LOG (gmm-acc-mllt[5.5.1074~1-71f3]:main():gmm-acc-mllt.cc:108) Average like for this file is -51.5029 over 193 frames.
LOG (gmm-acc-mllt[5.5.1074~1-71f3]:main():gmm-acc-mllt.cc:108) Average like for this file is -48.6986 over 122 frames.
LOG (gmm-acc-mllt[5.5.1074~1-71f3]:main():gmm-acc-mllt.cc:108) Average like for this file is -49.1457 over 276 frames.
LOG (gmm-acc-mllt[5.5.1074~1-71f3]:main():gmm-acc-mllt.cc:108) Average like for this file is -50.0782 over 270 frames.
LOG (gmm-acc-mllt[5.5.1074~1-71f3]:main():gmm-acc-mllt.cc:108) Average like for this file is -49.71 over 340 frames.
LOG (gmm-acc-mllt[5.5.1074~1-71f3]:main():gmm-acc-mllt.cc:108) Average like for this file is -48.8385 over 390 frames.
LOG (gmm-acc-mllt[5.5.1074~1-71f3]:main():gmm-acc-mllt.cc:108) Average like for this file is -48.0149 over 250 frames.
LOG (gmm-acc-mllt[5.5.1074~1-71f3]:main():gmm-acc-mllt.cc:108) Average like for this file is -47.2719 over 232 frames.
LOG (gmm-acc-mllt[5.5.1074~1-71f3]:main():gmm-acc-mllt.cc:114) Avg like per frame so far is -49.6879
LOG (gmm-acc-mllt[5.5.1074~1-71f3]:main():gmm-acc-mllt.cc:108) Average like for this file is -50.1359 over 312 frames.
LOG (gmm-acc-mllt[5.5.1074~1-71f3]:main():gmm-acc-mllt.cc:108) Average like for this file is -50.3691 over 244 frames.
LOG (gmm-acc-mllt[5.5.1074~1-71f3]:main():gmm-acc-mllt.cc:108) Average like for this file is -50.1774 over 299 frames.
LOG (gmm-acc-mllt[5.5.1074~1-71f3]:main():gmm-acc-mllt.cc:108) Average like for this file is -47.1469 over 220 frames.
LOG (gmm-acc-mllt[5.5.1074~1-71f3]:main():gmm-acc-mllt.cc:108) Average like for this file is -49.3542 over 226 frames.
LOG (gmm-acc-mllt[5.5.1074~1-71f3]:main():gmm-acc-mllt.cc:108) Average like for this file is -49.2564 over 239 frames.
LOG (gmm-acc-mllt[5.5.1074~1-71f3]:main():gmm-acc-mllt.cc:108) Average like for this file is -50.2668 over 275 frames.
LOG (gmm-acc-mllt[5.5.1074~1-71f3]:main():gmm-acc-mllt.cc:108) Average like for this file is -47.5916 over 208 frames.
LOG (gmm-acc-mllt[5.5.1074~1-71f3]:main():gmm-acc-mllt.cc:108) Average like for this file is -47.6407 over 229 frames.
LOG (gmm-acc-mllt[5.5.1074~1-71f3]:main():gmm-acc-mllt.cc:108) Average like for this file is -49.4861 over 282 frames.
LOG (gmm-acc-mllt[5.5.1074~1-71f3]:main():gmm-acc-mllt.cc:114) Avg like per frame so far is -49.65
LOG (gmm-acc-mllt[5.5.1074~1-71f3]:main():gmm-acc-mllt.cc:108) Average like for this file is -49.5776 over 213 frames.
LOG (gmm-acc-mllt[5.5.1074~1-71f3]:main():gmm-acc-mllt.cc:108) Average like for this file is -48.7135 over 308 frames.
LOG (gmm-acc-mllt[5.5.1074~1-71f3]:main():gmm-acc-mllt.cc:108) Average like for this file is -47.5567 over 228 frames.
LOG (gmm-acc-mllt[5.5.1074~1-71f3]:main():gmm-acc-mllt.cc:108) Average like for this file is -47.5104 over 275 frames.
LOG (gmm-acc-mllt[5.5.1074~1-71f3]:main():gmm-acc-mllt.cc:108) Average like for this file is -47.3257 over 310 frames.
LOG (gmm-acc-mllt[5.5.1074~1-71f3]:main():gmm-acc-mllt.cc:108) Average like for this file is -47.0903 over 232 frames.
LOG (gmm-acc-mllt[5.5.1074~1-71f3]:main():gmm-acc-mllt.cc:108) Average like for this file is -48.5028 over 261 frames.
LOG (gmm-acc-mllt[5.5.1074~1-71f3]:main():gmm-acc-mllt.cc:108) Average like for this file is -51.2942 over 241 frames.
LOG (gmm-acc-mllt[5.5.1074~1-71f3]:main():gmm-acc-mllt.cc:108) Average like for this file is -50.2809 over 184 frames.
LOG (gmm-acc-mllt[5.5.1074~1-71f3]:main():gmm-acc-mllt.cc:108) Average like for this file is -53.3029 over 215 frames.
LOG (gmm-acc-mllt[5.5.1074~1-71f3]:main():gmm-acc-mllt.cc:114) Avg like per frame so far is -49.5959
LOG (gmm-acc-mllt[5.5.1074~1-71f3]:main():gmm-acc-mllt.cc:108) Average like for this file is -51.4815 over 157 frames.
LOG (gmm-acc-mllt[5.5.1074~1-71f3]:main():gmm-acc-mllt.cc:108) Average like for this file is -48.2519 over 245 frames.
LOG (gmm-acc-mllt[5.5.1074~1-71f3]:main():gmm-acc-mllt.cc:108) Average like for this file is -48.5406 over 258 frames.
LOG (gmm-acc-mllt[5.5.1074~1-71f3]:main():gmm-acc-mllt.cc:108) Average like for this file is -52.5146 over 240 frames.
LOG (gmm-acc-mllt[5.5.1074~1-71f3]:main():gmm-acc-mllt.cc:108) Average like for this file is -44.8147 over 195 frames.
LOG (gmm-acc-mllt[5.5.1074~1-71f3]:main():gmm-acc-mllt.cc:108) Average like for this file is -50.5496 over 199 frames.
LOG (gmm-acc-mllt[5.5.1074~1-71f3]:main():gmm-acc-mllt.cc:108) Average like for this file is -51.8018 over 226 frames.
LOG (gmm-acc-mllt[5.5.1074~1-71f3]:main():gmm-acc-mllt.cc:108) Average like for this file is -47.6995 over 218 frames.
LOG (gmm-acc-mllt[5.5.1074~1-71f3]:main():gmm-acc-mllt.cc:108) Average like for this file is -50.5316 over 139 frames.
LOG (gmm-acc-mllt[5.5.1074~1-71f3]:main():gmm-acc-mllt.cc:108) Average like for this file is -51.7257 over 276 frames.
LOG (gmm-acc-mllt[5.5.1074~1-71f3]:main():gmm-acc-mllt.cc:114) Avg like per frame so far is -49.6096
LOG (gmm-acc-mllt[5.5.1074~1-71f3]:main():gmm-acc-mllt.cc:108) Average like for this file is -48.7337 over 175 frames.
LOG (gmm-acc-mllt[5.5.1074~1-71f3]:main():gmm-acc-mllt.cc:108) Average like for this file is -48.1352 over 202 frames.
LOG (gmm-acc-mllt[5.5.1074~1-71f3]:main():gmm-acc-mllt.cc:108) Average like for this file is -49.7619 over 239 frames.
LOG (gmm-acc-mllt[5.5.1074~1-71f3]:main():gmm-acc-mllt.cc:108) Average like for this file is -49.794 over 192 frames.
LOG (gmm-acc-mllt[5.5.1074~1-71f3]:main():gmm-acc-mllt.cc:108) Average like for this file is -48.7356 over 205 frames.
LOG (gmm-acc-mllt[5.5.1074~1-71f3]:main():gmm-acc-mllt.cc:108) Average like for this file is -52.5213 over 203 frames.
LOG (gmm-acc-mllt[5.5.1074~1-71f3]:main():gmm-acc-mllt.cc:108) Average like for this file is -47.1197 over 151 frames.
LOG (gmm-acc-mllt[5.5.1074~1-71f3]:main():gmm-acc-mllt.cc:108) Average like for this file is -52.5443 over 265 frames.
LOG (gmm-acc-mllt[5.5.1074~1-71f3]:main():gmm-acc-mllt.cc:108) Average like for this file is -46.9359 over 212 frames.
LOG (gmm-acc-mllt[5.5.1074~1-71f3]:main():gmm-acc-mllt.cc:108) Average like for this file is -48.8421 over 197 frames.
LOG (gmm-acc-mllt[5.5.1074~1-71f3]:main():gmm-acc-mllt.cc:114) Avg like per frame so far is -49.6015
LOG (gmm-acc-mllt[5.5.1074~1-71f3]:main():gmm-acc-mllt.cc:108) Average like for this file is -45.5644 over 327 frames.
LOG (gmm-acc-mllt[5.5.1074~1-71f3]:main():gmm-acc-mllt.cc:108) Average like for this file is -49.0114 over 232 frames.
LOG (gmm-acc-mllt[5.5.1074~1-71f3]:main():gmm-acc-mllt.cc:108) Average like for this file is -49.9174 over 176 frames.
LOG (gmm-acc-mllt[5.5.1074~1-71f3]:main():gmm-acc-mllt.cc:108) Average like for this file is -49.8906 over 155 frames.
LOG (gmm-acc-mllt[5.5.1074~1-71f3]:main():gmm-acc-mllt.cc:108) Average like for this file is -49.2134 over 226 frames.
LOG (gmm-acc-mllt[5.5.1074~1-71f3]:main():gmm-acc-mllt.cc:108) Average like for this file is -49.3714 over 175 frames.
LOG (gmm-acc-mllt[5.5.1074~1-71f3]:main():gmm-acc-mllt.cc:108) Average like for this file is -45.922 over 162 frames.
LOG (gmm-acc-mllt[5.5.1074~1-71f3]:main():gmm-acc-mllt.cc:108) Average like for this file is -47.9548 over 295 frames.
LOG (gmm-acc-mllt[5.5.1074~1-71f3]:main():gmm-acc-mllt.cc:108) Average like for this file is -49.9353 over 202 frames.
LOG (gmm-acc-mllt[5.5.1074~1-71f3]:main():gmm-acc-mllt.cc:108) Average like for this file is -51.7512 over 244 frames.
LOG (gmm-acc-mllt[5.5.1074~1-71f3]:main():gmm-acc-mllt.cc:114) Avg like per frame so far is -49.5489
LOG (gmm-acc-mllt[5.5.1074~1-71f3]:main():gmm-acc-mllt.cc:108) Average like for this file is -46.6558 over 134 frames.
LOG (gmm-acc-mllt[5.5.1074~1-71f3]:main():gmm-acc-mllt.cc:108) Average like for this file is -49.7789 over 154 frames.
LOG (gmm-acc-mllt[5.5.1074~1-71f3]:main():gmm-acc-mllt.cc:108) Average like for this file is -50.6113 over 163 frames.
LOG (gmm-acc-mllt[5.5.1074~1-71f3]:main():gmm-acc-mllt.cc:108) Average like for this file is -44.6115 over 140 frames.
LOG (gmm-acc-mllt[5.5.1074~1-71f3]:main():gmm-acc-mllt.cc:108) Average like for this file is -53.3903 over 94 frames.
LOG (gmm-acc-mllt[5.5.1074~1-71f3]:main():gmm-acc-mllt.cc:108) Average like for this file is -50.8587 over 274 frames.
LOG (gmm-acc-mllt[5.5.1074~1-71f3]:main():gmm-acc-mllt.cc:108) Average like for this file is -52.1177 over 140 frames.
LOG (gmm-acc-mllt[5.5.1074~1-71f3]:main():gmm-acc-mllt.cc:108) Average like for this file is -51.439 over 194 frames.
LOG (gmm-acc-mllt[5.5.1074~1-71f3]:main():gmm-acc-mllt.cc:108) Average like for this file is -50.2999 over 243 frames.
LOG (gmm-acc-mllt[5.5.1074~1-71f3]:main():gmm-acc-mllt.cc:108) Average like for this file is -48.6404 over 195 frames.
LOG (gmm-acc-mllt[5.5.1074~1-71f3]:main():gmm-acc-mllt.cc:114) Avg like per frame so far is -49.5637
LOG (gmm-acc-mllt[5.5.1074~1-71f3]:main():gmm-acc-mllt.cc:108) Average like for this file is -47.5513 over 108 frames.
LOG (gmm-acc-mllt[5.5.1074~1-71f3]:main():gmm-acc-mllt.cc:108) Average like for this file is -47.1073 over 138 frames.
LOG (gmm-acc-mllt[5.5.1074~1-71f3]:main():gmm-acc-mllt.cc:108) Average like for this file is -48.8637 over 212 frames.
LOG (gmm-acc-mllt[5.5.1074~1-71f3]:main():gmm-acc-mllt.cc:108) Average like for this file is -52.2865 over 171 frames.
LOG (gmm-acc-mllt[5.5.1074~1-71f3]:main():gmm-acc-mllt.cc:108) Average like for this file is -48.976 over 145 frames.
LOG (gmm-acc-mllt[5.5.1074~1-71f3]:main():gmm-acc-mllt.cc:108) Average like for this file is -49.075 over 128 frames.
LOG (gmm-acc-mllt[5.5.1074~1-71f3]:main():gmm-acc-mllt.cc:108) Average like for this file is -49.0177 over 256 frames.
LOG (gmm-acc-mllt[5.5.1074~1-71f3]:main():gmm-acc-mllt.cc:108) Average like for this file is -48.7552 over 127 frames.
LOG (gmm-acc-mllt[5.5.1074~1-71f3]:main():gmm-acc-mllt.cc:108) Average like for this file is -52.5312 over 213 frames.
LOG (gmm-acc-mllt[5.5.1074~1-71f3]:main():gmm-acc-mllt.cc:108) Average like for this file is -48.1803 over 118 frames.
LOG (gmm-acc-mllt[5.5.1074~1-71f3]:main():gmm-acc-mllt.cc:114) Avg like per frame so far is -49.5598
LOG (gmm-acc-mllt[5.5.1074~1-71f3]:main():gmm-acc-mllt.cc:108) Average like for this file is -50.214 over 144 frames.
LOG (gmm-acc-mllt[5.5.1074~1-71f3]:main():gmm-acc-mllt.cc:108) Average like for this file is -49.4247 over 140 frames.
LOG (gmm-acc-mllt[5.5.1074~1-71f3]:main():gmm-acc-mllt.cc:108) Average like for this file is -48.0799 over 144 frames.
LOG (gmm-acc-mllt[5.5.1074~1-71f3]:main():gmm-acc-mllt.cc:108) Average like for this file is -52.7904 over 157 frames.
LOG (gmm-acc-mllt[5.5.1074~1-71f3]:main():gmm-acc-mllt.cc:108) Average like for this file is -46.6177 over 131 frames.
LOG (gmm-acc-mllt[5.5.1074~1-71f3]:main():gmm-acc-mllt.cc:108) Average like for this file is -50.7293 over 149 frames.
LOG (gmm-acc-mllt[5.5.1074~1-71f3]:main():gmm-acc-mllt.cc:108) Average like for this file is -48.4919 over 140 frames.
LOG (gmm-acc-mllt[5.5.1074~1-71f3]:main():gmm-acc-mllt.cc:108) Average like for this file is -48.6548 over 268 frames.
LOG (gmm-acc-mllt[5.5.1074~1-71f3]:main():gmm-acc-mllt.cc:108) Average like for this file is -48.3854 over 184 frames.
LOG (ali-to-post[5.5.1074~1-71f3]:main():ali-to-post.cc:73) Converted 289 alignments.
LOG (gmm-acc-mllt[5.5.1074~1-71f3]:main():gmm-acc-mllt.cc:108) Average like for this file is -50.6928 over 106 frames.
LOG (gmm-acc-mllt[5.5.1074~1-71f3]:main():gmm-acc-mllt.cc:114) Avg like per frame so far is -49.552
LOG (gmm-acc-mllt[5.5.1074~1-71f3]:main():gmm-acc-mllt.cc:108) Average like for this file is -50.6893 over 218 frames.
LOG (gmm-acc-mllt[5.5.1074~1-71f3]:main():gmm-acc-mllt.cc:108) Average like for this file is -47.8014 over 104 frames.
LOG (gmm-acc-mllt[5.5.1074~1-71f3]:main():gmm-acc-mllt.cc:108) Average like for this file is -49.6074 over 192 frames.
LOG (gmm-acc-mllt[5.5.1074~1-71f3]:main():gmm-acc-mllt.cc:108) Average like for this file is -47.8837 over 123 frames.
LOG (gmm-acc-mllt[5.5.1074~1-71f3]:main():gmm-acc-mllt.cc:108) Average like for this file is -49.5962 over 168 frames.
LOG (gmm-acc-mllt[5.5.1074~1-71f3]:main():gmm-acc-mllt.cc:108) Average like for this file is -53.4065 over 197 frames.
LOG (gmm-acc-mllt[5.5.1074~1-71f3]:main():gmm-acc-mllt.cc:108) Average like for this file is -49.8149 over 317 frames.
LOG (gmm-acc-mllt[5.5.1074~1-71f3]:main():gmm-acc-mllt.cc:108) Average like for this file is -49.6946 over 244 frames.
LOG (gmm-acc-mllt[5.5.1074~1-71f3]:main():gmm-acc-mllt.cc:108) Average like for this file is -51.6924 over 248 frames.
LOG (gmm-acc-mllt[5.5.1074~1-71f3]:main():gmm-acc-mllt.cc:108) Average like for this file is -49.9824 over 205 frames.
LOG (gmm-acc-mllt[5.5.1074~1-71f3]:main():gmm-acc-mllt.cc:114) Avg like per frame so far is -49.583
LOG (gmm-acc-mllt[5.5.1074~1-71f3]:main():gmm-acc-mllt.cc:108) Average like for this file is -49.849 over 218 frames.
LOG (gmm-acc-mllt[5.5.1074~1-71f3]:main():gmm-acc-mllt.cc:108) Average like for this file is -51.0621 over 217 frames.
LOG (gmm-acc-mllt[5.5.1074~1-71f3]:main():gmm-acc-mllt.cc:108) Average like for this file is -50.1515 over 226 frames.
LOG (gmm-acc-mllt[5.5.1074~1-71f3]:main():gmm-acc-mllt.cc:108) Average like for this file is -46.6368 over 124 frames.
LOG (gmm-acc-mllt[5.5.1074~1-71f3]:main():gmm-acc-mllt.cc:108) Average like for this file is -51.0576 over 179 frames.
LOG (gmm-acc-mllt[5.5.1074~1-71f3]:main():gmm-acc-mllt.cc:108) Average like for this file is -50.8345 over 168 frames.
LOG (gmm-acc-mllt[5.5.1074~1-71f3]:main():gmm-acc-mllt.cc:108) Average like for this file is -51.3656 over 176 frames.
LOG (weight-silence-post[5.5.1074~1-71f3]:main():weight-silence-post.cc:95) Done 289 posteriors.
LOG (gmm-acc-mllt[5.5.1074~1-71f3]:main():gmm-acc-mllt.cc:108) Average like for this file is -48.2169 over 254 frames.
LOG (gmm-acc-mllt[5.5.1074~1-71f3]:main():gmm-acc-mllt.cc:108) Average like for this file is -48.7401 over 264 frames.
LOG (gmm-acc-mllt[5.5.1074~1-71f3]:main():gmm-acc-mllt.cc:108) Average like for this file is -48.4794 over 263 frames.
LOG (gmm-acc-mllt[5.5.1074~1-71f3]:main():gmm-acc-mllt.cc:114) Avg like per frame so far is -49.5845
LOG (gmm-acc-mllt[5.5.1074~1-71f3]:main():gmm-acc-mllt.cc:108) Average like for this file is -50.014 over 261 frames.
LOG (apply-cmvn[5.5.1074~1-71f3]:main():apply-cmvn.cc:162) Applied cepstral mean normalization to 290 utterances, errors on 0
LOG (gmm-acc-mllt[5.5.1074~1-71f3]:main():gmm-acc-mllt.cc:108) Average like for this file is -51.2167 over 260 frames.
LOG (gmm-acc-mllt[5.5.1074~1-71f3]:main():gmm-acc-mllt.cc:108) Average like for this file is -49.2296 over 283 frames.
LOG (gmm-acc-mllt[5.5.1074~1-71f3]:main():gmm-acc-mllt.cc:108) Average like for this file is -50.5053 over 220 frames.
LOG (gmm-acc-mllt[5.5.1074~1-71f3]:main():gmm-acc-mllt.cc:108) Average like for this file is -50.6661 over 166 frames.
LOG (gmm-acc-mllt[5.5.1074~1-71f3]:main():gmm-acc-mllt.cc:108) Average like for this file is -49.0532 over 181 frames.
LOG (gmm-acc-mllt[5.5.1074~1-71f3]:main():gmm-acc-mllt.cc:108) Average like for this file is -48.4777 over 186 frames.
LOG (gmm-acc-mllt[5.5.1074~1-71f3]:main():gmm-acc-mllt.cc:108) Average like for this file is -48.2184 over 110 frames.
LOG (gmm-acc-mllt[5.5.1074~1-71f3]:main():gmm-acc-mllt.cc:108) Average like for this file is -62.1499 over 127 frames.
LOG (transform-feats[5.5.1074~1-71f3]:main():transform-feats.cc:158) Overall average [pseudo-]logdet is -91.9315 over 75817 frames.
LOG (transform-feats[5.5.1074~1-71f3]:main():transform-feats.cc:161) Applied transform to 290 utterances; 0 had errors.
LOG (gmm-acc-mllt[5.5.1074~1-71f3]:main():gmm-acc-mllt.cc:119) Done 289 files, 1 with no posteriors, 0 with other errors.
LOG (gmm-acc-mllt[5.5.1074~1-71f3]:main():gmm-acc-mllt.cc:123) Overall avg like per frame (Gaussian only) = -49.625 over 48343 frames.
LOG (gmm-acc-mllt[5.5.1074~1-71f3]:main():gmm-acc-mllt.cc:127) Written accs.
# Accounting: time=0 threads=1
# Ended (code 0) at Thu Aug  3 11:13:32 IST 2023, elapsed time 0 seconds
