# gmm-est --write-occs=exp_FG/ldamllt/14.occs --mix-up=8500 --power=0.25 exp_FG/ldamllt/13.mdl "gmm-sum-accs - exp_FG/ldamllt/13.*.acc |" exp_FG/ldamllt/14.mdl 
# Started at Thu Aug  3 11:13:35 IST 2023
#
gmm-est --write-occs=exp_FG/ldamllt/14.occs --mix-up=8500 --power=0.25 exp_FG/ldamllt/13.mdl 'gmm-sum-accs - exp_FG/ldamllt/13.*.acc |' exp_FG/ldamllt/14.mdl 
gmm-sum-accs - exp_FG/ldamllt/13.1.acc exp_FG/ldamllt/13.10.acc exp_FG/ldamllt/13.2.acc exp_FG/ldamllt/13.3.acc exp_FG/ldamllt/13.4.acc exp_FG/ldamllt/13.5.acc exp_FG/ldamllt/13.6.acc exp_FG/ldamllt/13.7.acc exp_FG/ldamllt/13.8.acc exp_FG/ldamllt/13.9.acc 
LOG (gmm-sum-accs[5.5.1074~1-71f3]:main():gmm-sum-accs.cc:63) Summed 10 stats, total count 834422, avg like/frame -38.548
LOG (gmm-sum-accs[5.5.1074~1-71f3]:main():gmm-sum-accs.cc:66) Total count of stats is 834422
LOG (gmm-sum-accs[5.5.1074~1-71f3]:main():gmm-sum-accs.cc:67) Written stats to -
LOG (gmm-est[5.5.1074~1-71f3]:MleUpdate():transition-model.cc:528) TransitionModel::Update, objf change is 0 per frame over 834422 frames. 
LOG (gmm-est[5.5.1074~1-71f3]:MleUpdate():transition-model.cc:531) 60 probabilities floored, 3705 out of 5757 transition-states skipped due to insuffient data (it is normal to have some skipped.)
LOG (gmm-est[5.5.1074~1-71f3]:main():gmm-est.cc:102) Transition model update: Overall 0 log-like improvement per frame over 834422 frames.
WARNING (gmm-est[5.5.1074~1-71f3]:MleDiagGmmUpdate():mle-diag-gmm.cc:359) Too little data - removing Gaussian (weight 0.147079, occupation count 9.560158, vector size 40)
WARNING (gmm-est[5.5.1074~1-71f3]:MleDiagGmmUpdate():mle-diag-gmm.cc:359) Too little data - removing Gaussian (weight 0.094058, occupation count 9.593941, vector size 40)
WARNING (gmm-est[5.5.1074~1-71f3]:MleDiagGmmUpdate():mle-diag-gmm.cc:359) Too little data - removing Gaussian (weight 0.103176, occupation count 9.389045, vector size 40)
WARNING (gmm-est[5.5.1074~1-71f3]:MleDiagGmmUpdate():mle-diag-gmm.cc:359) Too little data - removing Gaussian (weight 0.133333, occupation count 9.999998, vector size 40)
LOG (gmm-est[5.5.1074~1-71f3]:MleAmDiagGmmUpdate():mle-am-diag-gmm.cc:225) 0 variance elements floored in 0 Gaussians, out of 7996
LOG (gmm-est[5.5.1074~1-71f3]:MleAmDiagGmmUpdate():mle-am-diag-gmm.cc:229) Removed 4 Gaussians due to counts < --min-gaussian-occupancy=10 and --remove-low-count-gaussians=true
LOG (gmm-est[5.5.1074~1-71f3]:main():gmm-est.cc:113) GMM update: Overall 0.126119 objective function improvement per frame over 834422 frames
LOG (gmm-est[5.5.1074~1-71f3]:main():gmm-est.cc:116) GMM update: Overall avg like per frame = -38.548 over 834422 frames.
LOG (gmm-est[5.5.1074~1-71f3]:SplitByCount():am-diag-gmm.cc:116) Split 1568 states with target = 8500, power = 0.25, perturb_factor = 0.01 and min_count = 20, split #Gauss from 7996 to 8500
LOG (gmm-est[5.5.1074~1-71f3]:main():gmm-est.cc:146) Written model to exp_FG/ldamllt/14.mdl
# Accounting: time=0 threads=1
# Ended (code 0) at Thu Aug  3 11:13:35 IST 2023, elapsed time 0 seconds
