# gmm-est --write-occs=exp_FG/ldamllt/24.occs --mix-up=13500 --power=0.25 exp_FG/ldamllt/23.mdl "gmm-sum-accs - exp_FG/ldamllt/23.*.acc |" exp_FG/ldamllt/24.mdl 
# Started at Thu Aug  3 11:13:39 IST 2023
#
gmm-est --write-occs=exp_FG/ldamllt/24.occs --mix-up=13500 --power=0.25 exp_FG/ldamllt/23.mdl 'gmm-sum-accs - exp_FG/ldamllt/23.*.acc |' exp_FG/ldamllt/24.mdl 
gmm-sum-accs - exp_FG/ldamllt/23.1.acc exp_FG/ldamllt/23.10.acc exp_FG/ldamllt/23.2.acc exp_FG/ldamllt/23.3.acc exp_FG/ldamllt/23.4.acc exp_FG/ldamllt/23.5.acc exp_FG/ldamllt/23.6.acc exp_FG/ldamllt/23.7.acc exp_FG/ldamllt/23.8.acc exp_FG/ldamllt/23.9.acc 
LOG (gmm-sum-accs[5.5.1074~1-71f3]:main():gmm-sum-accs.cc:63) Summed 10 stats, total count 834422, avg like/frame -36.6792
LOG (gmm-sum-accs[5.5.1074~1-71f3]:main():gmm-sum-accs.cc:66) Total count of stats is 834422
LOG (gmm-sum-accs[5.5.1074~1-71f3]:main():gmm-sum-accs.cc:67) Written stats to -
LOG (gmm-est[5.5.1074~1-71f3]:MleUpdate():transition-model.cc:528) TransitionModel::Update, objf change is 0 per frame over 834422 frames. 
LOG (gmm-est[5.5.1074~1-71f3]:MleUpdate():transition-model.cc:531) 59 probabilities floored, 3705 out of 5757 transition-states skipped due to insuffient data (it is normal to have some skipped.)
LOG (gmm-est[5.5.1074~1-71f3]:main():gmm-est.cc:102) Transition model update: Overall 0 log-like improvement per frame over 834422 frames.
WARNING (gmm-est[5.5.1074~1-71f3]:MleDiagGmmUpdate():mle-diag-gmm.cc:359) Too little data - removing Gaussian (weight 0.042730, occupation count 9.614335, vector size 40)
WARNING (gmm-est[5.5.1074~1-71f3]:MleDiagGmmUpdate():mle-diag-gmm.cc:359) Too little data - removing Gaussian (weight 0.028842, occupation count 5.451119, vector size 40)
WARNING (gmm-est[5.5.1074~1-71f3]:MleDiagGmmUpdate():mle-diag-gmm.cc:359) Too little data - removing Gaussian (weight 0.038695, occupation count 8.164622, vector size 40)
WARNING (gmm-est[5.5.1074~1-71f3]:MleDiagGmmUpdate():mle-diag-gmm.cc:359) Too little data - removing Gaussian (weight 0.055348, occupation count 9.907204, vector size 40)
WARNING (gmm-est[5.5.1074~1-71f3]:MleDiagGmmUpdate():mle-diag-gmm.cc:359) Too little data - removing Gaussian (weight 0.041313, occupation count 9.006207, vector size 40)
WARNING (gmm-est[5.5.1074~1-71f3]:MleDiagGmmUpdate():mle-diag-gmm.cc:359) Too little data - removing Gaussian (weight 0.111111, occupation count 10.000000, vector size 40)
WARNING (gmm-est[5.5.1074~1-71f3]:MleDiagGmmUpdate():mle-diag-gmm.cc:359) Too little data - removing Gaussian (weight 0.074067, occupation count 9.999080, vector size 40)
WARNING (gmm-est[5.5.1074~1-71f3]:MleDiagGmmUpdate():mle-diag-gmm.cc:359) Too little data - removing Gaussian (weight 0.063115, occupation count 9.909056, vector size 40)
LOG (gmm-est[5.5.1074~1-71f3]:MleAmDiagGmmUpdate():mle-am-diag-gmm.cc:225) 0 variance elements floored in 0 Gaussians, out of 13008
LOG (gmm-est[5.5.1074~1-71f3]:MleAmDiagGmmUpdate():mle-am-diag-gmm.cc:229) Removed 8 Gaussians due to counts < --min-gaussian-occupancy=10 and --remove-low-count-gaussians=true
LOG (gmm-est[5.5.1074~1-71f3]:main():gmm-est.cc:113) GMM update: Overall 0.0843483 objective function improvement per frame over 834422 frames
LOG (gmm-est[5.5.1074~1-71f3]:main():gmm-est.cc:116) GMM update: Overall avg like per frame = -36.6792 over 834422 frames.
LOG (gmm-est[5.5.1074~1-71f3]:SplitByCount():am-diag-gmm.cc:116) Split 1568 states with target = 13500, power = 0.25, perturb_factor = 0.01 and min_count = 20, split #Gauss from 13008 to 13516
LOG (gmm-est[5.5.1074~1-71f3]:main():gmm-est.cc:146) Written model to exp_FG/ldamllt/24.mdl
# Accounting: time=0 threads=1
# Ended (code 0) at Thu Aug  3 11:13:39 IST 2023, elapsed time 0 seconds
