# gmm-est --write-occs=exp_FG/ldamllt/21.occs --mix-up=12000 --power=0.25 exp_FG/ldamllt/20.mdl "gmm-sum-accs - exp_FG/ldamllt/20.*.acc |" exp_FG/ldamllt/21.mdl 
# Started at Thu Aug  3 11:13:38 IST 2023
#
gmm-est --write-occs=exp_FG/ldamllt/21.occs --mix-up=12000 --power=0.25 exp_FG/ldamllt/20.mdl 'gmm-sum-accs - exp_FG/ldamllt/20.*.acc |' exp_FG/ldamllt/21.mdl 
gmm-sum-accs - exp_FG/ldamllt/20.1.acc exp_FG/ldamllt/20.10.acc exp_FG/ldamllt/20.2.acc exp_FG/ldamllt/20.3.acc exp_FG/ldamllt/20.4.acc exp_FG/ldamllt/20.5.acc exp_FG/ldamllt/20.6.acc exp_FG/ldamllt/20.7.acc exp_FG/ldamllt/20.8.acc exp_FG/ldamllt/20.9.acc 
LOG (gmm-sum-accs[5.5.1074~1-71f3]:main():gmm-sum-accs.cc:63) Summed 10 stats, total count 834422, avg like/frame -37.1928
LOG (gmm-sum-accs[5.5.1074~1-71f3]:main():gmm-sum-accs.cc:66) Total count of stats is 834422
LOG (gmm-sum-accs[5.5.1074~1-71f3]:main():gmm-sum-accs.cc:67) Written stats to -
LOG (gmm-est[5.5.1074~1-71f3]:MleUpdate():transition-model.cc:528) TransitionModel::Update, objf change is 0.00019786 per frame over 834422 frames. 
LOG (gmm-est[5.5.1074~1-71f3]:MleUpdate():transition-model.cc:531) 59 probabilities floored, 3705 out of 5757 transition-states skipped due to insuffient data (it is normal to have some skipped.)
LOG (gmm-est[5.5.1074~1-71f3]:main():gmm-est.cc:102) Transition model update: Overall 0.00019786 log-like improvement per frame over 834422 frames.
WARNING (gmm-est[5.5.1074~1-71f3]:MleDiagGmmUpdate():mle-diag-gmm.cc:359) Too little data - removing Gaussian (weight 0.045960, occupation count 9.881504, vector size 40)
WARNING (gmm-est[5.5.1074~1-71f3]:MleDiagGmmUpdate():mle-diag-gmm.cc:359) Too little data - removing Gaussian (weight 0.050910, occupation count 7.381992, vector size 40)
WARNING (gmm-est[5.5.1074~1-71f3]:MleDiagGmmUpdate():mle-diag-gmm.cc:359) Too little data - removing Gaussian (weight 0.102372, occupation count 9.930114, vector size 40)
WARNING (gmm-est[5.5.1074~1-71f3]:MleDiagGmmUpdate():mle-diag-gmm.cc:359) Too little data - removing Gaussian (weight 0.119048, occupation count 9.999997, vector size 40)
LOG (gmm-est[5.5.1074~1-71f3]:MleAmDiagGmmUpdate():mle-am-diag-gmm.cc:225) 0 variance elements floored in 0 Gaussians, out of 11496
LOG (gmm-est[5.5.1074~1-71f3]:MleAmDiagGmmUpdate():mle-am-diag-gmm.cc:229) Removed 4 Gaussians due to counts < --min-gaussian-occupancy=10 and --remove-low-count-gaussians=true
LOG (gmm-est[5.5.1074~1-71f3]:main():gmm-est.cc:113) GMM update: Overall 0.152184 objective function improvement per frame over 834422 frames
LOG (gmm-est[5.5.1074~1-71f3]:main():gmm-est.cc:116) GMM update: Overall avg like per frame = -37.1928 over 834422 frames.
LOG (gmm-est[5.5.1074~1-71f3]:SplitByCount():am-diag-gmm.cc:116) Split 1568 states with target = 12000, power = 0.25, perturb_factor = 0.01 and min_count = 20, split #Gauss from 11496 to 12018
LOG (gmm-est[5.5.1074~1-71f3]:main():gmm-est.cc:146) Written model to exp_FG/ldamllt/21.mdl
# Accounting: time=0 threads=1
# Ended (code 0) at Thu Aug  3 11:13:38 IST 2023, elapsed time 0 seconds
