# gmm-est --write-occs=exp_FG/ldamllt/25.occs --mix-up=14000 --power=0.25 exp_FG/ldamllt/24.mdl "gmm-sum-accs - exp_FG/ldamllt/24.*.acc |" exp_FG/ldamllt/25.mdl 
# Started at Thu Aug  3 11:13:39 IST 2023
#
gmm-est --write-occs=exp_FG/ldamllt/25.occs --mix-up=14000 --power=0.25 exp_FG/ldamllt/24.mdl 'gmm-sum-accs - exp_FG/ldamllt/24.*.acc |' exp_FG/ldamllt/25.mdl 
gmm-sum-accs - exp_FG/ldamllt/24.1.acc exp_FG/ldamllt/24.10.acc exp_FG/ldamllt/24.2.acc exp_FG/ldamllt/24.3.acc exp_FG/ldamllt/24.4.acc exp_FG/ldamllt/24.5.acc exp_FG/ldamllt/24.6.acc exp_FG/ldamllt/24.7.acc exp_FG/ldamllt/24.8.acc exp_FG/ldamllt/24.9.acc 
LOG (gmm-sum-accs[5.5.1074~1-71f3]:main():gmm-sum-accs.cc:63) Summed 10 stats, total count 834422, avg like/frame -36.5385
LOG (gmm-sum-accs[5.5.1074~1-71f3]:main():gmm-sum-accs.cc:66) Total count of stats is 834422
LOG (gmm-sum-accs[5.5.1074~1-71f3]:main():gmm-sum-accs.cc:67) Written stats to -
LOG (gmm-est[5.5.1074~1-71f3]:MleUpdate():transition-model.cc:528) TransitionModel::Update, objf change is 0 per frame over 834422 frames. 
LOG (gmm-est[5.5.1074~1-71f3]:MleUpdate():transition-model.cc:531) 59 probabilities floored, 3705 out of 5757 transition-states skipped due to insuffient data (it is normal to have some skipped.)
LOG (gmm-est[5.5.1074~1-71f3]:main():gmm-est.cc:102) Transition model update: Overall 0 log-like improvement per frame over 834422 frames.
WARNING (gmm-est[5.5.1074~1-71f3]:MleDiagGmmUpdate():mle-diag-gmm.cc:359) Too little data - removing Gaussian (weight 0.049469, occupation count 9.943248, vector size 40)
WARNING (gmm-est[5.5.1074~1-71f3]:MleDiagGmmUpdate():mle-diag-gmm.cc:359) Too little data - removing Gaussian (weight 0.058981, occupation count 9.495988, vector size 40)
WARNING (gmm-est[5.5.1074~1-71f3]:MleDiagGmmUpdate():mle-diag-gmm.cc:359) Too little data - removing Gaussian (weight 0.052386, occupation count 8.800775, vector size 40)
WARNING (gmm-est[5.5.1074~1-71f3]:MleDiagGmmUpdate():mle-diag-gmm.cc:359) Too little data - removing Gaussian (weight 0.071426, occupation count 9.785430, vector size 40)
WARNING (gmm-est[5.5.1074~1-71f3]:MleDiagGmmUpdate():mle-diag-gmm.cc:359) Too little data - removing Gaussian (weight 0.111076, occupation count 9.996880, vector size 40)
WARNING (gmm-est[5.5.1074~1-71f3]:MleDiagGmmUpdate():mle-diag-gmm.cc:359) Too little data - removing Gaussian (weight 0.069745, occupation count 9.973579, vector size 40)
WARNING (gmm-est[5.5.1074~1-71f3]:MleDiagGmmUpdate():mle-diag-gmm.cc:359) Too little data - removing Gaussian (weight 0.057033, occupation count 9.581503, vector size 40)
WARNING (gmm-est[5.5.1074~1-71f3]:MleDiagGmmUpdate():mle-diag-gmm.cc:359) Too little data - removing Gaussian (weight 0.076307, occupation count 9.996238, vector size 40)
WARNING (gmm-est[5.5.1074~1-71f3]:MleDiagGmmUpdate():mle-diag-gmm.cc:359) Too little data - removing Gaussian (weight 0.062668, occupation count 9.901474, vector size 40)
LOG (gmm-est[5.5.1074~1-71f3]:MleAmDiagGmmUpdate():mle-am-diag-gmm.cc:225) 0 variance elements floored in 0 Gaussians, out of 13507
LOG (gmm-est[5.5.1074~1-71f3]:MleAmDiagGmmUpdate():mle-am-diag-gmm.cc:229) Removed 9 Gaussians due to counts < --min-gaussian-occupancy=10 and --remove-low-count-gaussians=true
LOG (gmm-est[5.5.1074~1-71f3]:main():gmm-est.cc:113) GMM update: Overall 0.0792102 objective function improvement per frame over 834422 frames
LOG (gmm-est[5.5.1074~1-71f3]:main():gmm-est.cc:116) GMM update: Overall avg like per frame = -36.5385 over 834422 frames.
LOG (gmm-est[5.5.1074~1-71f3]:SplitByCount():am-diag-gmm.cc:116) Split 1568 states with target = 14000, power = 0.25, perturb_factor = 0.01 and min_count = 20, split #Gauss from 13507 to 14016
LOG (gmm-est[5.5.1074~1-71f3]:main():gmm-est.cc:146) Written model to exp_FG/ldamllt/25.mdl
# Accounting: time=1 threads=1
# Ended (code 0) at Thu Aug  3 11:13:40 IST 2023, elapsed time 1 seconds
